75.500000	0.000000	0.000000	
68.851408	0.000000	0.000000	
68.851408	0.000000	0.000000	
88.664172	11.835828	0.000000	
58.255745	17.319725	0.000000	
71.190072	17.451925	0.000000	
53.506295	26.759916	0.000000	
29.955275	33.172867	0.000000	
69.085659	18.914341	0.000000	
64.053900	36.446100	0.000000	
28.361849	48.699295	0.000000	
28.361849	48.699295	0.000000	
20.514566	37.553109	0.000000	
29.655301	46.619298	0.000000	
38.909622	56.412192	0.000000	
31.354750	58.801132	0.000000	
31.354750	58.801132	0.000000	
24.514579	75.985421	0.000000	
2.146761	78.255376	0.000000	
2.146761	78.255376	0.000000	
9.372737	89.240741	0.000000	
2.364583	93.653035	0.000000	
2.480515	90.421623	0.000000	
0.000000	98.862764	0.000000	
36.920955	0.000000	1.760391	
36.920955	0.000000	1.760391	
81.302426	2.591079	1.064414	
59.273075	4.661157	0.000000	
75.396436	0.000000	1.296634	
53.798673	18.404127	2.526878	
17.312612	14.629217	2.388364	
17.312612	14.629217	2.388364	
56.535443	30.303771	1.688764	
23.546933	15.270628	0.987476	
23.546933	15.270628	0.987476	
20.514566	37.553109	0.000000	
38.827053	46.993956	3.674865	
10.628672	9.071974	2.620594	
32.270478	55.451559	2.016765	
28.765627	55.645807	0.000000	
26.148119	74.351881	0.000000	
4.791609	41.881037	0.936623	
6.874991	77.133932	3.991077	
9.321273	84.827137	1.679392	
0.164273	83.406618	3.432088	
2.480515	90.421623	0.000000	
0.000000	94.406552	4.456212	
83.938505	0.000000	6.234366	
81.302426	2.591079	1.064414	
59.273075	4.661157	0.000000	
65.709200	4.536503	1.296026	
54.601955	3.118927	2.020055	
54.601955	3.118927	2.020055	
36.522472	25.869923	3.966836	
28.056969	33.213504	5.088757	
56.535443	30.303771	1.688764	
56.068227	36.739268	7.692505	
53.955792	41.175808	5.368401	
10.628672	9.071974	2.620594	
29.655301	46.619298	0.000000	
24.122629	41.994267	6.160601	
28.765627	55.645807	0.000000	
4.791609	41.881037	0.936623	
5.096637	72.332734	0.273816	
7.903485	45.722724	2.805108	
0.000000	78.823064	4.792665	
3.388909	80.513859	4.097232	
0.000000	79.682541	3.782336	
0.000000	87.000261	8.292404	
78.654016	0.000000	9.345984	
77.004972	2.569479	3.450131	
50.961722	0.000000	12.449280	
48.301989	7.473449	2.764326	
63.355856	12.865182	12.319609	
50.961722	0.000000	12.449280	
69.085659	18.914341	0.000000	
68.500755	5.303501	11.239193	
59.019014	23.825847	9.744060	
53.955792	41.175808	5.368401	
51.122321	34.630984	2.246695	
38.827053	46.993956	3.674865	
24.122629	41.994267	6.160601	
0.000000	59.427794	13.540791	
4.857229	51.996502	1.958330	
0.000000	59.427794	13.540791	
16.120193	71.704451	12.675356	
0.000000	31.630923	12.962012	
3.388909	80.513859	4.097232	
0.000000	48.317343	2.858647	
0.000000	79.682541	3.782336	
85.668291	0.000000	5.362539	
70.079483	1.351772	9.713068	
77.398156	3.025209	6.908235	
70.087435	11.965146	18.447419	
48.301989	7.473449	2.764326	
33.142963	13.361147	18.613240	
53.429033	7.273759	19.565886	
41.583057	19.701498	14.718717	
41.583057	19.701498	14.718717	
7.134997	16.055194	0.000000	
7.134997	16.055194	0.000000	
43.829020	51.665644	5.005336	
6.656023	67.669987	4.901891	
0.000000	69.251383	9.426721	
4.857229	51.996502	1.958330	
16.120193	71.704451	12.675356	
5.188318	80.456471	4.358887	
0.000000	31.630923	12.962012	
3.388909	80.513859	4.097232	
0.000000	48.317343	2.858647	
84.764646	0.000000	4.727200	
70.079483	1.351772	9.713068	
64.254798	6.497583	18.975619	
68.162442	12.361984	19.975574	
53.429033	7.273759	19.565886	
38.962553	10.760901	25.776546	
38.962553	10.760901	25.776546	
36.996210	23.696412	20.467947	
54.649869	20.846935	27.730010	
31.468120	35.172449	22.235718	
31.468120	35.172449	22.235718	
6.243950	62.919990	29.923990	
5.273601	7.584984	4.059831	
11.878677	68.870192	7.251131	
0.000000	51.281752	24.741452	
13.755109	68.610313	10.969550	
0.000000	37.667660	20.914913	
0.000000	37.667660	20.914913	
0.000000	87.865978	12.634022	
67.614081	0.000000	24.525343	
57.717674	4.105943	12.361306	
64.254798	6.497583	18.975619	
67.066821	0.000000	0.000000	
68.162442	12.361984	19.975574	
65.979856	7.999115	26.521029	
54.649869	20.846935	27.730010	
34.837908	15.363354	34.834696	
39.203452	19.425397	30.791500	
39.203452	19.425397	30.791500	
37.540254	29.961051	32.998695	
6.243950	62.919990	29.923990	
5.273601	7.584984	4.059831	
0.000000	54.481371	30.097396	
0.000000	51.281752	24.741452	
0.000000	64.163707	24.718651	
0.000000	57.861719	30.804967	
0.000000	85.885132	14.614868	
57.352274	0.000000	0.000000	
59.727400	0.000000	19.882888	
67.614081	0.000000	24.525343	
65.423138	0.000000	34.219724	
65.423138	0.000000	34.219724	
0.000000	0.000000	38.572107	
39.780620	0.000000	35.719380	
50.185757	0.242320	43.022138	
17.525696	4.967588	32.778336	
23.511268	42.967888	34.020845	
24.289057	38.213193	41.772528	
0.000000	68.295093	39.472328	
10.450426	8.205217	2.544222	
0.000000	63.314185	32.754401	
0.000000	54.481371	30.097396	
0.000000	57.470354	10.334840	
0.000000	57.861719	30.804967	
59.727400	0.000000	19.882888	
57.352274	0.000000	0.000000	
65.608827	0.000000	34.891173	
58.130464	0.000000	42.369536	
49.360114	10.191168	40.948718	
41.908916	13.261389	45.329694	
39.780620	0.000000	35.719380	
28.219035	25.322144	39.230441	
17.525696	4.967588	32.778336	
27.830573	30.778721	41.890707	
11.667056	18.361159	45.471785	
10.450426	8.205217	2.544222	
5.182507	63.893581	26.992498	
0.000000	62.194580	16.220537	
0.000000	57.470354	10.334840	
0.000000	58.540823	31.574608	
90.777626	0.000000	0.000000	
65.608827	0.000000	34.891173	
58.130464	0.000000	42.369536	
52.932669	0.000000	47.742448	
44.002439	11.154974	16.020745	
41.908916	13.261389	45.329694	
41.081436	22.155843	37.262721	
28.219035	25.322144	39.230441	
10.381923	5.313823	47.369411	
21.599778	24.165407	54.734815	
21.599778	24.165407	54.734815	
14.748852	42.101085	33.006942	
11.172801	46.154666	55.283788	
0.000000	58.362902	42.181353	
0.000000	58.540823	31.574608	
60.569163	0.000000	39.930837	
53.107878	0.000000	47.567239	
53.107878	0.000000	47.567239	
35.855538	10.872348	49.317355	
11.667056	18.361159	45.471785	
35.855538	10.872348	49.317355	
24.655009	20.796257	55.048734	
10.381923	5.313823	47.369411	
29.155026	0.794129	48.241489	
0.715050	62.800052	68.545023	
0.000000	64.248851	36.251149	
0.000000	64.248851	36.251149	
5.929970	59.756029	33.401931	
0.000000	58.362902	42.181353	
60.569163	0.000000	39.930837	
40.321140	0.000000	60.178860	
0.226063	0.458755	35.620222	
0.000000	0.000000	36.368979	
13.164862	12.070134	41.518300	
17.611133	22.980614	59.908253	
29.155026	0.794129	48.241489	
0.842254	23.977368	29.143759	
0.842254	23.977368	29.143759	
4.482829	61.772106	36.610619	
2.670297	36.795929	9.158805	
0.000000	22.054076	78.445924	
0.000000	77.564478	7.486555	
55.524252	0.000000	44.975748	
0.226063	0.458755	35.620222	
0.000000	0.000000	36.368979	
12.247155	11.228739	55.719753	
1.054998	2.880776	17.109255	
0.000000	2.042488	39.230342	
0.000000	2.042488	39.230342	
0.000000	26.176683	56.359851	
0.000000	26.176683	56.359851	
2.670297	36.795929	9.158805	
4.342438	9.980778	57.459660	
0.000000	0.000000	69.362032	
41.203257	0.000000	59.296743	
41.203257	0.000000	59.296743	
34.252809	6.771134	59.865599	
1.054998	2.880776	17.109255	
18.057074	7.824284	62.621061	
23.861415	11.191416	65.447168	
16.296346	0.443882	26.964818	
0.000000	34.546535	66.161065	
0.000000	51.320072	41.224071	
0.000000	0.000000	69.362032	
0.000000	13.734877	88.889624	
33.216878	0.000000	67.283122	
4.248931	0.382191	8.640780	
4.248931	0.382191	8.640780	
32.405846	0.000000	68.094154	
20.858291	0.000000	72.236551	
13.217343	13.217343	48.676568	
14.753468	0.000000	85.746532	
0.000000	12.058965	88.441035	
0.000000	49.066805	45.701057	
0.000000	51.320072	41.224071	
36.040801	0.000000	64.459199	
3.768765	0.974594	8.528543	
3.768765	0.974594	8.528543	
20.858291	0.000000	72.236551	
20.761093	0.000000	79.738907	
13.217343	13.217343	48.676568	
0.866381	1.778777	63.976690	
0.000000	40.241750	91.322104	
0.000000	49.066805	45.701057	
18.899599	0.000000	69.562419	
18.868634	1.991795	18.777991	
18.868634	1.991795	18.777991	
14.804638	0.000000	73.195362	
12.760977	0.000000	80.175392	
5.335186	0.000000	91.209918	
4.045653	0.843149	96.195533	
0.000000	40.241750	91.322104	
11.228320	0.000000	77.233698	
18.899599	0.000000	69.562419	
17.182621	1.048053	73.833099	
9.273521	0.000000	81.363903	
8.927174	0.544512	76.255575	
0.866381	1.778777	63.976690	
0.000000	0.000000	100.500000	
18.622374	0.000000	81.877626	
0.000000	0.000000	56.576361	
8.927174	0.544512	76.255575	
7.090072	0.432458	83.881781	
2.042084	0.265295	91.543583	
0.000000	0.000000	100.500000	
17.166162	0.000000	78.969499	
0.000000	0.000000	89.536217	
4.553152	0.277719	76.594191	
0.000000	0.000000	79.190730	
0.000000	0.000000	79.190730	
0.000000	0.000000	56.576361	
4.553152	0.277719	76.594191	
1.798756	0.109715	85.193642	
0.000000	0.000000	98.049872	
0.469831	0.000000	82.770624	
0.469831	0.000000	82.770624	
0.000000	0.000000	89.536217	
0.000000	0.000000	90.154309	
0.000000	0.000000	90.154309	
0.000000	0.000000	107.761929	
