79.145627	0.000000	0.000000	
75.819538	0.000000	0.000000	
76.676164	0.000000	0.000000	
81.726012	8.401484	0.000000	
73.989682	16.015715	0.000000	
75.377860	17.273507	0.000000	
75.492203	25.007797	0.000000	
65.546182	11.993669	0.000000	
10.506487	29.487259	0.000000	
10.506487	29.487259	0.000000	
53.880876	34.119124	0.000000	
40.388916	42.188044	0.000000	
47.503922	47.556449	0.000000	
36.203143	53.780960	0.000000	
17.438421	58.501790	0.000000	
28.994783	40.120691	0.000000	
17.438421	58.501790	0.000000	
21.290329	68.724922	0.000000	
0.000000	74.444222	0.000000	
3.571211	55.556667	0.000000	
5.362006	36.768975	0.000000	
3.571211	55.556667	0.000000	
2.517525	49.994742	0.000000	
0.000000	74.444222	0.000000	
75.819538	0.000000	0.000000	
76.676164	0.000000	0.000000	
80.773792	8.303595	1.013298	
80.773792	8.303595	1.013298	
73.989682	16.015715	0.000000	
75.377860	17.273507	0.000000	
33.236649	17.612305	0.000000	
33.450274	10.130238	0.415749	
32.370250	11.409693	0.489724	
53.880876	34.119124	0.000000	
40.388916	42.188044	0.000000	
48.484740	52.015260	0.000000	
36.203143	53.780960	0.000000	
42.300711	58.199289	0.000000	
28.994783	40.120691	0.000000	
29.640621	63.110765	0.000000	
21.290329	68.724922	0.000000	
1.508184	21.475841	1.751270	
1.508184	21.475841	1.751270	
4.704213	36.348588	1.078180	
2.593960	36.987308	0.000000	
2.313023	36.761780	0.506465	
0.000000	68.392868	0.139325	
72.096336	0.000000	6.963274	
72.096336	0.000000	6.963274	
71.784660	0.000000	7.360967	
71.784660	0.000000	7.360967	
21.869725	5.756841	3.323959	
21.014131	7.565334	3.554721	
53.329525	24.956717	0.746834	
32.370250	11.409693	0.489724	
61.569884	31.165231	0.000000	
42.082595	2.745137	9.622759	
22.822972	44.630674	8.556932	
11.206144	37.593971	3.927516	
21.760644	47.392689	0.000000	
21.760644	47.392689	0.000000	
28.263055	58.250678	0.000000	
0.455023	48.431258	1.613719	
0.455023	48.431258	1.613719	
0.455023	48.431258	1.613719	
5.362006	36.768975	0.000000	
2.313023	36.761780	0.506465	
2.593960	36.987308	0.000000	
0.000000	68.392868	0.139325	
73.060769	0.000000	7.491822	
44.386173	0.131540	6.328077	
44.386173	0.131540	6.328077	
27.300402	10.695542	0.000000	
27.393213	10.731902	0.000000	
0.418930	0.000000	0.081070	
33.236649	17.612305	0.000000	
42.834607	23.013101	9.879430	
46.143925	3.010066	10.321308	
42.082595	2.745137	9.622759	
30.467055	35.871365	10.462752	
11.206144	37.593971	3.927516	
7.330378	45.807907	10.036302	
7.330378	45.807907	10.036302	
7.330378	45.807907	10.036302	
0.455023	48.431258	1.613719	
0.455023	48.431258	1.613719	
0.000000	52.938554	8.278876	
3.581603	74.181966	1.518995	
1.560049	66.183342	0.000000	
0.000000	70.392595	0.000000	
67.463603	0.000000	14.339354	
67.463603	0.000000	14.339354	
65.988216	0.000000	15.814741	
41.233515	0.000000	1.160415	
0.418930	0.000000	0.081070	
44.696395	20.555061	9.062744	
42.834607	23.013101	9.879430	
49.635659	27.550106	9.803729	
0.071033	34.380201	15.637974	
22.974695	27.049995	7.783190	
22.974695	27.049995	7.783190	
7.330378	45.807907	10.036302	
9.436801	20.691495	10.017268	
7.330378	45.807907	10.036302	
13.370571	60.142651	6.209738	
14.698873	44.748468	16.610979	
0.000000	52.938554	8.278876	
0.000000	52.155425	6.245985	
0.000000	52.155425	6.245985	
0.000000	70.392595	0.000000	
65.988216	0.000000	15.814741	
40.922382	0.000000	0.000000	
45.187322	0.133914	2.765985	
40.922382	0.000000	0.000000	
41.233515	0.000000	1.160415	
22.809735	10.248571	6.061665	
22.809735	10.248571	6.061665	
49.123815	30.404094	20.972092	
47.262430	34.835931	16.813822	
22.197891	37.577202	18.017490	
10.721589	26.353027	21.051418	
9.436801	20.691495	10.017268	
10.265833	22.509261	10.897294	
6.726137	55.613137	16.377977	
14.972318	45.580929	15.542944	
0.133030	60.823451	19.146129	
0.000000	19.030037	5.822933	
0.293063	20.139209	4.416018	
0.000000	75.345010	10.900310	
67.463603	0.000000	14.339354	
45.187322	0.133914	2.765985	
51.560481	7.458769	3.980749	
55.845310	8.513968	10.451980	
60.783046	12.516959	27.199995	
54.291158	19.334711	26.874131	
42.485362	19.067107	27.255984	
35.990159	27.956283	26.014536	
2.731454	34.510796	24.090238	
14.751242	26.708594	16.776939	
14.751242	26.708594	16.776939	
23.445867	24.550555	24.745401	
10.265833	22.509261	10.897294	
13.808957	66.026123	6.224553	
7.506051	64.904532	0.000000	
0.293063	20.139209	4.416018	
0.000000	19.030037	5.822933	
0.000000	22.001964	10.459715	
67.463603	0.000000	14.339354	
57.041943	0.000000	9.941848	
59.316344	0.175786	7.491662	
36.978493	1.603283	24.322705	
35.019893	1.518364	23.034430	
35.019893	1.518364	23.034430	
32.002834	7.297161	29.918568	
29.922227	14.963182	19.881735	
32.002834	7.297161	29.918568	
10.721589	26.353027	21.051418	
0.000000	48.762035	18.126181	
0.332522	54.298125	33.970504	
4.801081	31.719101	13.979818	
4.732090	34.936591	27.832273	
7.506051	64.904532	0.000000	
0.000000	61.169976	12.654354	
0.000000	79.235320	13.871654	
25.900953	0.000000	13.927373	
25.900953	0.000000	13.927373	
57.041943	0.000000	9.941848	
60.387012	1.434778	38.678211	
36.978493	1.603283	24.322705	
46.394833	12.115076	19.964450	
39.570175	0.000000	32.655253	
17.893681	25.743102	23.551795	
17.893681	25.743102	23.551795	
0.000000	47.974457	40.870914	
23.445867	24.550555	24.745401	
4.732090	34.936591	27.832273	
1.531799	47.716958	27.248317	
0.000000	61.383644	28.514775	
1.253368	71.721579	5.211489	
0.000000	61.169976	12.654354	
59.209575	0.000000	41.290425	
57.848325	3.235025	39.416650	
42.878909	0.000000	23.489210	
46.394833	12.115076	19.964450	
41.187920	12.537463	38.040993	
39.766733	15.852579	39.824910	
39.766733	15.852579	39.824910	
0.843511	12.650323	49.658423	
7.373278	31.451122	42.674320	
0.000000	31.477011	41.401638	
0.000000	30.449693	9.472526	
0.332522	54.298125	33.970504	
1.531799	47.716958	27.248317	
1.531799	47.716958	27.248317	
0.000000	79.235320	13.871654	
56.541552	0.000000	43.958448	
48.400746	0.175864	21.099661	
42.878909	0.000000	23.489210	
35.738735	6.942369	41.548048	
36.481946	7.510930	40.003894	
31.575099	0.075718	43.157582	
26.477595	15.901621	46.129703	
20.054904	17.520866	55.081042	
7.373278	31.451122	42.674320	
0.000000	30.449693	9.472526	
0.000000	31.477011	41.401638	
8.081493	44.719209	3.024706	
1.531799	47.716958	27.248317	
0.000000	61.383644	28.514775	
52.265795	0.000000	48.234205	
25.599917	0.000000	45.687275	
10.708801	0.038566	17.709390	
18.053249	0.086792	20.665099	
31.575099	0.075718	43.157582	
6.468623	1.271956	5.259421	
7.565653	0.000000	31.760957	
0.000000	33.216694	29.591418	
0.105302	36.472471	42.374953	
0.000000	44.591052	55.908948	
4.136037	30.861968	58.517757	
0.000000	34.760652	41.836646	
0.000000	34.760652	41.836646	
46.395655	0.000000	54.104345	
20.282628	0.702144	29.732891	
10.708801	0.038566	17.709390	
13.073851	0.000000	40.615496	
6.468623	1.271956	5.259421	
0.000000	24.274564	64.323223	
20.054904	17.520866	55.081042	
0.000000	33.216694	29.591418	
0.000000	34.527300	42.411712	
2.559801	54.247266	72.529031	
0.770263	40.124392	60.087295	
0.000000	26.729155	64.640725	
43.033252	0.000000	57.466748	
26.889417	0.000000	44.111630	
26.889417	0.000000	44.111630	
13.073851	0.000000	40.615496	
3.641952	4.301239	27.631911	
0.000000	24.274564	64.323223	
7.565653	0.000000	31.760957	
0.000000	34.527300	42.411712	
0.105302	36.472471	42.374953	
0.770263	40.124392	60.087295	
0.000000	18.589566	72.866851	
36.780927	0.000000	63.719073	
31.278462	0.000000	53.227442	
3.641952	4.301239	27.631911	
0.872168	1.025103	7.537526	
0.872168	1.025103	7.537526	
4.604311	16.682878	70.001145	
4.604311	16.682878	70.001145	
0.000000	3.175599	52.066351	
0.000000	2.457577	52.580813	
0.000000	40.911526	59.588474	
31.278462	0.000000	53.227442	
10.095177	0.000000	17.179248	
6.618258	3.850451	27.591326	
6.618258	3.850451	27.591326	
4.604311	16.682878	70.001145	
4.604311	16.682878	70.001145	
0.000000	0.015994	55.022396	
0.000000	3.156232	51.931656	
0.000000	3.156232	51.931656	
10.095177	0.000000	17.179248	
24.825218	0.000000	67.050036	
0.723784	2.253122	23.076206	
0.723784	2.253122	23.076206	
4.099945	3.814479	37.439650	
2.712850	3.936271	45.986608	
0.000000	0.000000	55.038390	
0.000000	0.000000	55.038390	
24.825218	0.000000	67.050036	
0.474220	3.660236	51.948013	
0.613355	1.909359	23.530398	
2.712850	3.936271	45.986608	
3.577451	3.353596	47.023889	
0.000000	0.000000	55.038390	
0.000000	0.015994	55.022396	
21.452894	0.000000	79.047106	
0.602813	1.876541	30.027444	
0.141575	0.239446	12.394864	
2.393564	2.393564	34.294928	
0.464885	0.441771	29.683281	
0.000000	0.000000	55.038390	
9.061090	0.000000	91.438910	
0.602813	1.876541	30.027444	
0.471768	0.797906	11.506211	
0.471768	0.797906	11.506211	
0.000000	0.000000	55.038390	
8.264225	0.000000	92.235775	
0.141575	0.239446	12.394864	
0.041360	0.041360	0.933833	
0.000000	8.276640	92.223360	
7.471922	0.000000	93.028078	
0.041360	0.041360	0.933833	
0.000000	5.803230	94.696770	
0.000000	0.000000	68.836068	
0.000000	0.000000	96.039715	
0.000000	0.000000	68.836068	
