1.419187	0.000000	0.000000	
1.342026	0.038670	0.000000	
0.546048	0.051872	0.000000	
0.573922	0.064742	0.000000	
0.546048	0.051872	0.000000	
0.615566	0.167209	0.000000	
0.454686	0.179584	0.000000	
0.609585	0.268923	0.000000	
0.371925	0.252570	0.000000	
0.336130	0.307167	0.000000	
0.336130	0.307167	0.000000	
0.371103	0.315282	0.000000	
0.375236	0.343860	0.000000	
0.250076	0.346888	0.000000	
0.250076	0.346888	0.000000	
0.178015	0.435204	0.000000	
0.178015	0.435204	0.000000	
0.120630	0.449406	0.000000	
0.127163	0.498784	0.000000	
0.103779	0.577841	0.000000	
0.016829	0.685457	0.000000	
0.016829	0.685457	0.000000	
0.000000	0.776104	0.000000	
0.000000	0.850707	0.000000	
1.525800	0.000000	0.000000	
1.342026	0.038670	0.000000	
0.574743	0.061151	0.000000	
0.630799	0.097270	0.000000	
0.574743	0.061151	0.000000	
0.454686	0.179584	0.000000	
0.517557	0.180035	0.011024	
0.371925	0.252570	0.000000	
0.333575	0.273019	0.033490	
0.318377	0.276191	0.021004	
0.318377	0.276191	0.021004	
0.312534	0.298642	0.019291	
0.253696	0.322937	0.024064	
0.187039	0.326567	0.015509	
0.209067	0.373643	0.009923	
0.172417	0.391318	0.013064	
0.150057	0.405880	0.024679	
0.127162	0.441484	0.016442	
0.105260	0.468731	0.016597	
0.070615	0.632390	0.000000	
0.041544	0.659430	0.029876	
0.000000	0.673856	0.020468	
0.000000	0.673856	0.020468	
1.525800	0.000000	0.000000	
1.303758	0.000000	0.000000	
0.630799	0.097270	0.000000	
0.971073	0.155612	0.000000	
0.512548	0.147746	0.031596	
0.517557	0.180035	0.011024	
0.532599	0.183264	0.047464	
0.532599	0.183264	0.047464	
0.333575	0.273019	0.033490	
0.316856	0.269138	0.041538	
0.290611	0.273652	0.044505	
0.230640	0.305121	0.057230	
0.195802	0.324273	0.044777	
0.187039	0.326567	0.015509	
0.164670	0.365258	0.034518	
0.154136	0.340288	0.044403	
0.131445	0.415712	0.040553	
0.100743	0.424600	0.044511	
0.072150	0.480186	0.044472	
0.066802	0.621296	0.053558	
0.000000	0.586789	0.036297	
0.000000	0.702539	0.026035	
1.462769	0.000000	0.159500	
1.415344	0.019802	0.204704	
0.793040	0.109390	0.185760	
1.028869	0.183295	0.000000	
0.649885	0.198449	0.146572	
0.512548	0.147746	0.031596	
0.543876	0.165039	0.108367	
0.323158	0.261707	0.042913	
0.323158	0.261707	0.042913	
0.303882	0.266924	0.070320	
0.171774	0.301972	0.076921	
0.213705	0.298608	0.067107	
0.171774	0.301972	0.076921	
0.165686	0.335675	0.080136	
0.116108	0.349827	0.074176	
0.114562	0.354075	0.064161	
0.096878	0.350959	0.072702	
0.069994	0.420217	0.057076	
0.024918	0.481806	0.090620	
0.005308	0.511844	0.076564	
0.000000	0.586789	0.036297	
1.254817	0.000000	0.279053	
1.254817	0.000000	0.279053	
0.793040	0.109390	0.185760	
0.531191	0.176471	0.245243	
0.369332	0.183120	0.113821	
0.324469	0.221558	0.093744	
0.143891	0.247676	0.174781	
0.233519	0.226980	0.139080	
0.201640	0.260830	0.133276	
0.212072	0.280479	0.108205	
0.181754	0.297531	0.090926	
0.170626	0.296709	0.080889	
0.154071	0.280354	0.097824	
0.135128	0.310850	0.080896	
0.098880	0.335828	0.093195	
0.094815	0.354610	0.080107	
0.070754	0.412314	0.098241	
0.042720	0.418574	0.090013	
0.005308	0.511844	0.076564	
0.000000	0.517668	0.119871	
1.390129	0.000000	0.323960	
0.435661	0.057968	0.305780	
0.435661	0.057968	0.305780	
0.531191	0.176471	0.245243	
0.584486	0.157108	0.152200	
0.411606	0.178548	0.178874	
0.218153	0.246234	0.184141	
0.239915	0.247516	0.161854	
0.201457	0.246541	0.150358	
0.194020	0.265349	0.141469	
0.233515	0.285598	0.132915	
0.154071	0.280354	0.097824	
0.146068	0.288311	0.107260	
0.100588	0.338988	0.100603	
0.095240	0.339102	0.090054	
0.071769	0.361672	0.107024	
0.031394	0.397281	0.130126	
0.025363	0.455844	0.128346	
0.000000	0.438335	0.153390	
1.354646	0.000000	0.436987	
0.507381	0.000462	0.419996	
0.953962	0.101894	0.378598	
0.332127	0.195132	0.261523	
0.584486	0.157108	0.152200	
0.265373	0.151362	0.210107	
0.197865	0.189095	0.195078	
0.173414	0.200783	0.162923	
0.188898	0.224778	0.140543	
0.188898	0.224778	0.140543	
0.188298	0.254214	0.159655	
0.129909	0.297271	0.138330	
0.116690	0.286488	0.144557	
0.088402	0.286726	0.146992	
0.073212	0.338997	0.130416	
0.031394	0.397281	0.130126	
0.000000	0.400501	0.136572	
0.000000	0.438335	0.153390	
1.155660	0.000000	0.493140	
1.115514	0.071325	0.507798	
0.078412	0.128304	0.451895	
0.208864	0.173973	0.429470	
0.332127	0.195132	0.261523	
0.265373	0.151362	0.210107	
0.267040	0.186015	0.192427	
0.197865	0.189095	0.195078	
0.173414	0.200783	0.162923	
0.171647	0.220463	0.182034	
0.146859	0.272347	0.182452	
0.129909	0.297271	0.138330	
0.094921	0.306080	0.161621	
0.067707	0.316169	0.149515	
0.022837	0.372795	0.163317	
0.000000	0.383958	0.147129	
0.000000	0.400501	0.136572	
1.027139	0.000000	0.569026	
0.997403	0.001730	0.570067	
0.129741	0.112610	0.477428	
0.528139	0.029617	0.220902	
0.291431	0.058067	0.260336	
0.307837	0.169875	0.228718	
0.274241	0.144489	0.226414	
0.226381	0.195918	0.225066	
0.181245	0.209949	0.197675	
0.158337	0.185407	0.214449	
0.089531	0.252823	0.169362	
0.085654	0.292998	0.178850	
0.035649	0.303245	0.194532	
0.050472	0.316606	0.207298	
0.022837	0.372795	0.163317	
0.000000	0.378093	0.184819	
1.027139	0.000000	0.569026	
0.916686	0.032218	0.638311	
0.129741	0.112610	0.477428	
0.389562	0.127091	0.381100	
0.343335	0.079633	0.261022	
0.291431	0.058067	0.260336	
0.242360	0.171571	0.212804	
0.185695	0.197191	0.216394	
0.149839	0.210851	0.234158	
0.107952	0.219042	0.227968	
0.101237	0.246687	0.207935	
0.045391	0.274775	0.200274	
0.035649	0.303245	0.194532	
0.019185	0.331975	0.232366	
0.000000	0.378093	0.184819	
0.977209	0.000000	0.667162	
0.858823	0.059650	0.701555	
0.528139	0.029617	0.220902	
0.389562	0.127091	0.381100	
0.343335	0.079633	0.261022	
0.116642	0.147586	0.308487	
0.087910	0.176702	0.293665	
0.123604	0.193343	0.189817	
0.123604	0.193343	0.189817	
0.095577	0.203017	0.252435	
0.072688	0.249251	0.228804	
0.045391	0.274775	0.200274	
0.024211	0.306711	0.263415	
0.000000	0.388095	0.261918	
0.000000	0.000000	0.825514	
0.579531	0.047098	0.573903	
0.437019	0.032964	0.291344	
0.342222	0.080920	0.275587	
0.288855	0.137838	0.363631	
0.116642	0.147586	0.308487	
0.127780	0.160257	0.282641	
0.087910	0.176702	0.293665	
0.095577	0.203017	0.252435	
0.062872	0.237828	0.265930	
0.043990	0.256766	0.263033	
0.005228	0.306091	0.271560	
0.000000	0.326877	0.268855	
0.000000	0.000000	0.825514	
0.437019	0.032964	0.291344	
0.335907	0.076076	0.254270	
0.330694	0.103529	0.226088	
0.207969	0.140156	0.277395	
0.122297	0.146983	0.293595	
0.122297	0.146983	0.293595	
0.071886	0.170450	0.310285	
0.064225	0.197955	0.294784	
0.036635	0.248175	0.283910	
0.014513	0.273224	0.357217	
0.000000	0.344875	0.356608	
0.643168	0.000000	0.661990	
0.365153	0.051263	0.305899	
0.335907	0.076076	0.254270	
0.269102	0.113781	0.347881	
0.133390	0.115658	0.402325	
0.071072	0.145700	0.343007	
0.034678	0.157981	0.342529	
0.035696	0.183772	0.337813	
0.041541	0.201753	0.322449	
0.026593	0.258405	0.403601	
0.000000	0.345406	0.394479	
0.643168	0.000000	0.661990	
0.478906	0.036340	0.288849	
0.152631	0.085473	0.887372	
0.288855	0.137838	0.363631	
0.057613	0.079082	0.444612	
0.049725	0.144327	0.363284	
0.034678	0.157981	0.342529	
0.032055	0.125946	0.406979	
0.026593	0.258405	0.403601	
0.000000	0.297068	0.452593	
0.000000	0.000000	1.265727	
0.498006	0.025319	0.656253	
0.315249	0.101139	0.746061	
0.267211	0.160077	0.469906	
0.049725	0.144327	0.363284	
0.057613	0.079082	0.444612	
0.040791	0.130110	0.400308	
0.000000	0.224942	0.546173	
0.000000	0.345406	0.394479	
0.000000	0.000000	1.234890	
0.241002	0.029091	0.904284	
0.176965	0.105769	0.821080	
0.193401	0.118392	0.792698	
0.102727	0.153402	0.519515	
0.071956	0.209516	0.493551	
0.004069	0.222817	0.570945	
0.000000	0.328921	0.783127	
0.000000	0.000000	1.108254	
0.241002	0.029091	0.904284	
0.170070	0.085574	0.851522	
0.119708	0.114407	0.821065	
0.037823	0.161586	0.717522	
0.037823	0.161586	0.717522	
0.000000	0.308106	0.892072	
0.000000	0.000000	1.108254	
0.044329	0.049089	0.990839	
0.140403	0.092868	0.854547	
0.080543	0.095569	0.859224	
0.050985	0.117058	0.875227	
0.000000	0.251982	0.976244	
0.000000	0.000000	1.157190	
0.072838	0.040941	1.033324	
0.080543	0.095569	0.859224	
0.025031	0.142441	0.933990	
0.000000	0.113683	1.177045	
0.000000	0.000000	1.157190	
0.044329	0.049089	0.990839	
0.027883	0.068568	0.991220	
0.000000	0.113683	1.177045	
0.000000	0.000000	1.282066	
0.014965	0.023241	1.034838	
0.000000	0.078542	1.178514	
0.000000	0.000000	1.259631	
0.000000	0.000000	1.259631	
0.000000	0.000000	1.284610	
