40.820195	0.000000	0.000000	
23.132674	0.234168	0.000000	
23.132674	0.234168	0.000000	
20.414702	3.177416	0.000000	
16.511238	4.032308	0.000000	
12.282543	3.196791	0.000000	
11.827150	3.129360	0.000000	
10.208165	4.388760	0.000000	
10.208165	4.388760	0.000000	
8.552389	5.999947	0.000000	
9.090739	6.576581	0.000000	
8.198103	7.652012	0.000000	
7.167112	8.701140	0.000000	
7.159637	9.309740	0.000000	
5.172117	9.702886	0.000000	
4.358603	9.289472	0.000000	
5.172117	9.702886	0.000000	
3.291097	13.466821	0.000000	
3.291097	13.466821	0.000000	
3.417817	19.341144	0.000000	
3.417817	19.341144	0.000000	
2.853069	30.721100	0.000000	
0.000000	29.589360	0.000000	
0.000000	42.988661	0.000000	
26.677812	0.000000	0.147996	
11.165025	0.050561	0.071933	
11.165025	0.050561	0.071933	
12.487334	3.070658	0.472967	
12.487334	3.070658	0.472967	
10.395414	3.564124	0.000000	
9.877493	4.221157	0.247560	
9.877493	4.221157	0.247560	
6.562126	5.372821	0.385166	
7.368466	5.330624	0.000000	
7.368466	5.330624	0.000000	
6.555855	7.949682	0.685553	
6.842821	8.297659	0.179464	
6.174166	8.722724	0.333669	
4.884068	9.162507	0.138076	
4.358603	9.289472	0.000000	
3.647069	12.738539	0.375498	
3.647069	12.738539	0.375498	
2.442907	12.567633	0.655978	
1.720351	16.801930	0.552211	
1.841385	27.585931	0.575190	
1.265913	33.433425	1.411721	
0.000000	29.589360	0.000000	
24.905537	0.000000	2.748210	
25.868983	0.000000	0.978560	
24.499703	2.358755	1.224003	
13.838154	2.926362	1.384213	
8.693088	1.919187	1.447051	
9.031395	1.657455	1.060770	
9.736068	1.470319	0.879319	
9.470499	4.258258	0.241065	
6.160213	3.653942	0.449787	
6.562126	5.372821	0.385166	
5.330338	6.463610	0.826622	
5.330338	6.463610	0.826622	
5.931769	8.615467	0.942128	
5.931769	8.615467	0.942128	
4.884068	9.162507	0.138076	
4.060181	9.819545	0.178018	
3.217229	10.867886	1.204037	
2.442907	12.567633	0.655978	
1.765128	13.166112	1.139313	
0.267140	13.681740	2.470437	
1.575182	30.004277	1.613150	
0.000000	36.520110	2.843823	
7.416127	0.000000	3.481840	
13.720064	0.000000	2.922969	
10.331709	1.425246	2.818328	
9.736068	1.470319	0.879319	
8.693088	1.919187	1.447051	
7.783456	1.441426	1.646525	
8.581740	1.894604	1.428516	
6.160213	3.653942	0.449787	
6.881054	4.081511	0.934899	
6.924516	4.107290	0.629928	
6.739185	6.756360	1.850315	
5.167119	7.504868	2.086865	
5.555420	8.068848	1.993672	
5.167119	7.504868	2.086865	
2.453346	10.637016	2.263555	
2.998833	10.130139	1.856008	
2.380587	10.846463	1.882807	
2.094410	10.816127	2.053367	
0.275189	14.093957	2.379087	
0.267140	13.681740	2.470437	
0.000000	14.650716	3.800474	
13.720064	0.000000	2.922969	
12.868764	0.000000	3.361078	
10.331709	1.425246	2.818328	
8.100776	1.785127	1.603877	
7.783456	1.441426	1.646525	
7.908506	1.464584	1.672979	
7.894193	1.742813	1.822414	
6.768020	3.675907	1.371184	
5.530858	3.958615	1.064926	
5.403140	5.366109	2.479682	
5.403140	5.366109	2.479682	
4.051122	5.606016	2.538171	
4.912134	7.134522	2.768996	
3.970945	8.969136	2.274833	
2.998833	10.130139	1.856008	
2.365359	10.255528	2.672472	
2.132244	10.832499	2.061988	
0.780651	13.309468	0.656194	
0.275189	14.093957	2.379087	
0.000000	14.429271	3.743030	
12.774760	0.000000	3.728166	
12.774760	0.000000	3.728166	
10.722557	1.274854	3.236784	
9.124257	1.674498	1.719954	
8.100776	1.785127	1.603877	
7.286779	2.676520	1.884118	
7.286779	2.676520	1.884118	
5.863780	3.540289	2.006505	
5.863780	3.540289	2.006505	
4.866333	4.851164	2.554520	
4.208292	4.284869	2.499812	
4.051122	5.606016	2.538171	
4.045951	7.532106	3.127266	
2.536978	8.916867	3.506027	
2.137205	9.475485	3.177183	
2.137205	9.475485	3.177183	
0.923268	11.254555	3.273765	
0.267140	13.681740	2.470437	
0.000000	14.826017	3.845948	
13.262276	0.000000	3.870442	
11.881514	0.701838	3.842894	
9.868919	1.173361	4.236532	
9.100448	1.685321	0.822325	
9.100448	1.685321	0.822325	
7.894193	1.742813	1.822414	
6.376208	1.987594	3.506224	
5.187357	2.483281	3.536570	
4.005550	4.207925	3.170350	
4.208292	4.284869	2.499812	
3.894663	5.389505	2.710801	
3.980532	7.317215	3.770706	
3.097359	7.541345	4.008678	
2.536978	8.916867	3.506027	
2.044756	9.752506	3.910385	
0.975861	10.284643	3.971072	
0.000000	13.550932	3.721178	
0.000000	13.550932	3.721178	
11.200502	0.000000	5.248943	
10.884132	0.024475	5.112151	
8.979917	0.985523	4.630179	
8.482713	1.737224	4.264002	
6.415402	1.423251	4.125176	
5.006666	2.396780	3.498591	
5.006666	2.396780	3.498591	
5.187357	2.483281	3.536570	
4.005550	4.207925	3.170350	
2.856481	4.740183	3.788843	
2.582925	5.057845	4.047394	
2.773476	5.430980	3.497496	
2.741404	7.616746	4.652377	
1.811689	8.640888	4.370876	
0.924848	9.747016	4.534362	
0.590572	10.884934	4.679612	
0.000000	8.447975	6.325383	
10.371855	0.000000	5.386805	
9.571081	0.304046	5.641426	
8.283635	1.096049	5.197734	
6.415402	1.423251	4.125176	
5.388142	2.285199	3.453177	
4.903468	2.347378	3.426478	
4.629969	2.935212	2.182546	
3.717397	3.785041	4.369538	
3.717397	3.785041	4.369538	
2.975139	4.253817	4.223874	
2.773476	5.430980	3.497496	
2.222303	7.313363	5.281984	
1.554223	8.199629	5.282070	
1.032356	8.578625	5.204701	
0.000000	9.113965	6.054717	
0.000000	9.704231	6.446850	
8.675988	0.000000	5.822958	
8.675988	0.000000	5.822958	
8.061575	0.992146	5.840918	
6.428822	1.426228	4.133805	
4.193907	2.275048	4.210738	
4.293061	2.328836	4.310289	
4.163123	2.258349	4.583583	
3.453847	3.516696	4.611090	
2.975139	4.253817	4.223874	
2.899350	4.145454	4.110491	
2.462729	6.842472	6.048646	
1.535009	7.127246	6.116415	
0.995316	8.270829	5.542009	
0.139270	8.675661	5.856058	
0.000000	9.113965	6.054717	
8.595610	0.000000	6.630991	
8.099685	0.674046	6.553153	
7.341769	1.332866	6.480213	
6.443313	1.429443	4.143123	
4.193907	2.275048	4.210738	
4.007518	2.525569	4.071562	
3.333090	3.176380	5.470572	
3.333090	3.176380	5.470572	
2.899350	4.145454	4.110491	
2.463931	6.113396	6.415094	
1.952561	6.243616	6.468939	
1.289970	7.228672	6.422671	
0.629708	7.912050	6.440099	
0.000000	9.080427	6.535919	
7.804153	0.000000	7.356284	
7.212924	0.425632	7.052969	
6.860651	0.844347	7.114318	
5.709302	1.975516	7.284933	
4.293061	2.328836	4.310289	
3.560032	2.474408	5.914217	
2.983199	3.037483	5.809051	
2.871076	3.193587	5.835879	
2.639657	2.983863	6.323591	
1.809381	5.941547	7.156729	
1.320820	6.655543	6.988885	
0.629743	7.912485	6.440454	
0.000000	8.540204	7.815962	
6.844710	0.000000	7.775050	
6.623969	0.000000	8.071580	
5.173632	0.763066	8.233285	
5.375411	1.797962	7.877792	
2.861494	2.432089	6.795378	
2.782747	2.498767	6.669147	
2.640442	2.984750	6.325470	
2.070647	2.599396	7.352939	
1.718667	3.002452	7.433357	
1.258027	5.512354	7.927346	
0.000000	6.801849	8.253096	
0.000000	6.801849	8.253096	
5.627269	0.000000	8.422468	
5.627269	0.000000	8.422468	
5.173632	0.763066	8.233285	
4.451359	2.027056	8.447627	
2.730156	2.468442	6.673446	
2.730156	2.468442	6.673446	
2.138741	2.684878	7.594744	
1.718667	3.002452	7.433357	
1.169427	5.375265	8.742061	
0.683993	5.856151	8.628223	
0.000000	5.777106	9.333686	
5.608892	0.000000	8.492347	
5.057221	0.000000	9.425967	
4.765994	1.098646	9.564062	
3.199257	1.511853	9.656480	
2.290356	2.420548	9.656056	
2.138741	2.684878	7.594744	
1.578424	1.981481	8.563566	
1.310800	4.008392	9.025868	
0.479615	4.822007	9.013746	
0.000000	4.855054	9.796360	
5.057221	0.000000	9.425967	
4.437364	0.000000	9.568934	
3.284077	1.338631	10.013365	
3.199257	1.511853	9.656480	
2.290372	2.420565	9.656125	
1.840168	3.181005	9.847048	
0.832647	3.711357	9.217309	
0.103167	3.789482	9.795563	
0.000000	4.906163	9.899488	
4.379836	0.000000	9.690574	
3.370700	0.441610	10.207567	
3.157586	1.287072	10.112076	
2.440882	1.223371	10.529625	
1.163073	2.447021	10.292416	
1.276886	3.121616	10.245963	
0.000000	3.650370	10.075428	
0.000000	4.476241	9.974271	
2.853451	0.000000	10.359916	
2.853451	0.000000	10.359916	
2.440882	1.223371	10.529625	
1.879213	1.675861	11.129905	
1.214353	2.440394	10.502309	
0.411403	2.423031	10.811541	
0.000000	3.650370	10.075428	
2.297030	0.000000	11.033746	
0.062052	0.000000	3.036215	
0.062052	0.000000	3.036215	
0.876512	1.844118	11.256516	
0.392137	2.309561	11.124382	
0.000000	3.023104	11.427114	
2.366116	0.000000	11.738832	
0.147178	0.019508	8.155966	
0.072761	0.004522	3.781503	
0.326745	1.924426	11.391943	
0.000000	2.382676	12.166553	
1.736935	0.000000	12.256994	
0.072761	0.004522	3.781503	
0.087446	0.241131	12.046483	
0.000000	0.000000	12.356242	
0.660731	0.000000	13.291170	
0.087446	0.241131	12.046483	
0.000000	0.000000	12.356242	
0.408842	0.000000	13.359258	
0.000000	0.541873	13.471756	
0.000000	0.000000	13.735260	
