186.193854	0.000000	0.000000	
179.958411	0.000000	0.000000	
106.802904	10.889060	0.000000	
106.802904	10.889060	0.000000	
184.281799	5.731853	0.000000	
174.726139	5.434636	0.000000	
186.193854	0.000000	0.000000	
85.419406	66.533534	0.000000	
85.419406	66.533534	0.000000	
76.313821	72.758000	0.000000	
76.313821	72.758000	0.000000	
76.152560	115.026568	0.000000	
47.482517	173.588419	0.000000	
47.482517	173.588419	0.000000	
101.357947	215.875541	0.000000	
30.186216	120.162604	0.000000	
70.765657	167.808219	0.000000	
3.225054	219.494800	0.000000	
8.621389	243.803609	0.000000	
75.588598	147.046299	0.000000	
13.292487	249.988225	0.000000	
0.000000	205.830711	0.000000	
0.855049	101.246269	0.000000	
5.224257	271.514087	3.781453	
179.958411	0.000000	0.000000	
184.491157	0.000000	8.606838	
131.098409	0.000000	0.000000	
101.680643	0.000000	0.000000	
174.726139	5.434636	0.000000	
145.998687	0.610570	0.000000	
145.998687	0.610570	0.000000	
108.855816	84.998899	0.000000	
237.126112	0.000000	0.000000	
116.601091	68.456407	0.000000	
132.253337	146.252143	0.000000	
5.224257	271.514087	3.781453	
12.866890	217.739084	0.000000	
12.866890	217.739084	0.000000	
60.440590	128.728387	0.000000	
30.186216	120.162604	0.000000	
3.225054	219.494800	0.000000	
8.621389	243.803609	0.000000	
130.982313	220.564570	2.385534	
75.588598	147.046299	0.000000	
13.292487	249.988225	0.000000	
0.855049	101.246269	0.000000	
0.000000	205.830711	0.000000	
184.491157	0.000000	8.606838	
131.098409	0.000000	0.000000	
101.680643	0.000000	0.000000	
230.750239	0.000000	0.000000	
176.135373	0.083333	0.000000	
165.879621	3.703051	0.000000	
178.781211	3.991063	0.000000	
237.126112	0.000000	0.000000	
92.725223	113.052332	12.187262	
70.342767	61.076271	30.841727	
116.601091	68.456407	0.000000	
70.342767	61.076271	30.841727	
130.698660	49.218031	0.000000	
80.007967	91.516516	0.000000	
70.765657	167.808219	0.000000	
60.440590	128.728387	0.000000	
47.663733	236.245591	15.695520	
71.903927	276.282558	4.757746	
34.351566	187.599375	21.599513	
34.351566	187.599375	21.599513	
27.769135	151.651671	17.460625	
0.000000	0.000000	89.920527	
174.871303	0.000000	17.114533	
210.868379	0.000000	0.000000	
185.231016	0.000000	0.000000	
124.405345	0.000000	33.332930	
178.781211	3.991063	0.000000	
176.135373	0.083333	0.000000	
44.043643	0.000000	56.456357	
169.319616	0.000000	0.000000	
83.302808	101.564347	10.948835	
117.884397	165.481213	16.610902	
124.497549	174.764481	17.542751	
163.444416	164.739290	0.000000	
103.974391	39.154302	0.000000	
0.000000	216.743554	49.352047	
80.007967	91.516516	0.000000	
0.000000	116.587339	25.402209	
6.802583	204.189952	2.883078	
7.182194	215.584559	3.043966	
34.351566	187.599375	21.599513	
23.905626	70.054260	65.649629	
0.000000	0.000000	89.920527	
206.983041	0.000000	25.557985	
201.389325	0.000000	0.000000	
180.535858	0.000000	47.826795	
93.155406	0.000000	40.471220	
124.405345	0.000000	33.332930	
93.155406	0.000000	40.471220	
166.208119	0.000000	37.518025	
83.302808	101.564347	10.948835	
92.725223	113.052332	12.187262	
68.624298	150.850667	2.749525	
68.624298	150.850667	2.749525	
81.265632	109.966241	62.235558	
53.773677	176.913361	28.084165	
53.773677	176.913361	28.084165	
0.000000	73.438517	43.303764	
0.000000	116.587339	25.402209	
6.802583	204.189952	2.883078	
7.182194	215.584559	3.043966	
3.820897	0.354344	84.344697	
0.000000	0.000000	89.920527	
174.871303	0.000000	17.114533	
180.535858	0.000000	47.826795	
195.104398	0.000000	51.686231	
195.104398	0.000000	51.686231	
36.767965	0.000000	63.732035	
36.767965	0.000000	63.732035	
180.136899	0.000000	42.719789	
159.900449	120.191969	0.000000	
64.262144	97.066387	2.021081	
70.168356	105.987575	0.000000	
18.320888	155.334052	45.561902	
104.827528	141.849500	62.257485	
0.000000	68.245546	26.798781	
0.000000	17.642478	70.410641	
0.000000	17.642478	70.410641	
0.000000	137.002915	0.000000	
6.947652	218.224438	0.000000	
6.947652	218.224438	0.000000	
0.000000	0.000000	164.437823	
229.501767	0.000000	22.461179	
226.967503	0.000000	35.728572	
44.102991	24.291393	89.780960	
164.101804	28.969203	0.000000	
201.006989	0.000000	104.998278	
191.494344	0.000000	43.225865	
166.208119	0.000000	37.518025	
70.168356	105.987575	0.000000	
64.262144	97.066387	2.021081	
90.474002	122.426734	15.941272	
90.474002	122.426734	15.941272	
84.631919	87.934518	67.763693	
0.000000	68.245546	26.798781	
13.587424	172.028966	72.888171	
13.850703	159.449066	0.000000	
0.000000	137.002915	0.000000	
0.000000	0.000000	164.437823	
0.000000	0.000000	171.018581	
229.501767	0.000000	22.461179	
139.575408	14.825639	0.000000	
139.575408	14.825639	0.000000	
118.612977	12.599019	0.000000	
122.514308	0.000000	56.855628	
187.022634	0.000000	85.770250	
64.404980	13.681260	133.619012	
159.900449	120.191969	0.000000	
85.310848	80.043686	34.023378	
81.452598	47.545588	0.000000	
72.346682	116.197226	14.707593	
0.000000	69.915306	107.172492	
32.484123	146.458780	43.861109	
0.000000	69.915306	107.172492	
0.000000	234.551110	43.622671	
0.000000	166.031807	30.879201	
0.000000	0.000000	188.275173	
27.989378	0.000000	136.520055	
118.612977	12.599019	0.000000	
118.612977	12.599019	0.000000	
118.612977	12.599019	0.000000	
122.514308	0.000000	56.855628	
122.798334	0.000000	66.500759	
146.702039	0.000000	79.445678	
75.231633	31.410585	10.206339	
75.231633	31.410585	10.206339	
85.310848	80.043686	34.023378	
72.346682	116.197226	14.707593	
32.484123	146.458780	43.861109	
0.000000	0.000000	107.606313	
26.626853	149.521078	113.783096	
0.000000	166.031807	30.879201	
0.000000	0.000000	146.350874	
207.623727	0.000000	41.079906	
90.439205	5.164914	9.788769	
90.439205	5.164914	9.788769	
148.956142	0.000000	68.312617	
65.194357	0.000000	35.305643	
65.194357	0.000000	35.305643	
13.700391	86.482513	120.289799	
80.962271	54.289888	168.447665	
70.483425	54.451089	109.578306	
81.452598	47.545588	0.000000	
11.198388	0.000000	75.744968	
45.811383	22.580616	115.564897	
21.564376	16.878184	91.113883	
0.000000	0.000000	129.556443	
0.000000	0.000000	201.464793	
181.053570	0.000000	45.100909	
126.019396	3.893322	13.301577	
188.225069	0.000000	46.887347	
146.702039	0.000000	79.445678	
122.798334	0.000000	66.500759	
25.406199	56.567355	161.638477	
13.700391	86.482513	120.289799	
58.363026	45.087626	90.735112	
58.363026	45.087626	90.735112	
11.198388	0.000000	75.744968	
33.227197	133.246896	89.852342	
21.564376	16.878184	91.113883	
0.000000	0.000000	129.556443	
0.000000	81.207648	150.008037	
207.623727	0.000000	41.079906	
188.225069	0.000000	46.887347	
74.632094	0.000000	197.178439	
0.000000	0.000000	105.677421	
19.128240	1.266771	97.243946	
58.107391	81.009943	154.597492	
60.379904	18.898191	116.542658	
58.407065	62.873679	125.870907	
34.418678	82.916707	75.129711	
45.811383	22.580616	115.564897	
16.037836	0.000000	80.459570	
0.000000	0.000000	166.974722	
0.000000	0.000000	166.974722	
0.000000	0.000000	223.788109	
37.145713	0.000000	235.815323	
0.000000	0.000000	105.677421	
19.128240	1.266771	97.243946	
29.637409	6.295741	56.404183	
80.962271	54.289888	168.447665	
75.054849	33.777711	122.121820	
45.453531	76.397605	108.212681	
27.988262	47.042245	128.624691	
0.161562	13.381008	96.644200	
8.548737	67.965864	179.880869	
0.000000	0.000000	201.464793	
37.145713	0.000000	235.815323	
71.479206	17.964377	298.212729	
11.147798	1.145270	226.259864	
29.637409	6.295741	56.404183	
60.841942	0.000000	161.749340	
60.379904	18.898191	116.542658	
45.453531	76.397605	108.212681	
27.988262	47.042245	128.624691	
24.042788	62.814118	204.194958	
0.161562	13.381008	96.644200	
0.000000	70.766989	166.368607	
0.000000	0.000000	378.716816	
0.000000	0.000000	378.716816	
62.714869	1.722131	232.664119	
71.739131	0.000000	259.030084	
62.714869	1.722131	232.664119	
0.000000	0.000000	272.464938	
0.000000	0.000000	160.426719	
0.000000	0.000000	107.039596	
0.000000	0.000000	101.553009	
0.000000	0.000000	272.464938	
274.616045	27.030185	65.362652	
15.044746	24.162172	422.054301	
46.461249	0.000000	167.758671	
46.461249	0.000000	167.758671	
0.000000	19.690133	303.530129	
0.000000	0.000000	131.576633	
0.000000	0.000000	131.576633	
0.000000	0.000000	100.779886	
0.000000	0.000000	101.553009	
94.761013	22.930150	189.296467	
42.679259	3.530030	131.455896	
42.679259	3.530030	131.455896	
0.000000	0.000000	226.674645	
0.000000	0.000000	288.295692	
0.000000	0.000000	160.426719	
0.000000	0.000000	190.391585	
0.000000	0.000000	100.779886	
47.025059	25.056995	212.938807	
20.556195	0.000000	196.019646	
0.000000	0.000000	94.486633	
0.000000	7.770361	76.212285	
0.000000	7.770361	76.212285	
0.000000	0.000000	190.391585	
0.000000	0.000000	346.439481	
66.065124	0.000000	165.678611	
32.173358	0.000000	125.814150	
12.865889	0.000000	179.271239	
2.848088	0.000000	213.641115	
0.000000	21.092162	100.681411	
0.000000	0.000000	387.573437	
32.173358	0.000000	125.814150	
5.857572	0.000000	216.765616	
0.000000	0.000000	192.137128	
0.000000	20.881397	100.892176	
0.000000	20.881397	100.892176	
0.000000	0.000000	234.494459	
12.865889	0.000000	179.271239	
0.000000	21.092162	100.681411	
0.000000	21.539989	407.552305	
0.000000	0.000000	231.709926	
1.533605	3.893274	247.437460	
0.000000	0.000000	165.673668	
0.000000	0.000000	287.265847	
0.000000	0.000000	287.265847	
0.127215	0.127215	335.579474	
