169.236450	0.000000	0.000000	
169.236450	0.000000	0.000000	
106.802904	10.889060	0.000000	
106.802904	10.889060	0.000000	
118.612977	12.599019	0.000000	
118.612977	12.599019	0.000000	
116.645211	37.654893	0.000000	
44.878617	34.956143	0.000000	
85.419406	66.533534	0.000000	
76.313821	72.758000	0.000000	
76.313821	72.758000	0.000000	
100.754500	96.059872	0.000000	
47.482517	173.588419	0.000000	
117.154311	171.088163	0.000000	
86.828003	15.595440	0.000000	
59.286059	86.579341	0.000000	
39.306849	166.870665	0.000000	
10.906749	111.170067	0.000000	
0.000000	242.254707	0.000000	
4.182889	143.533916	0.000000	
6.479445	222.339152	0.000000	
4.182889	143.533916	0.000000	
0.855049	101.246269	0.000000	
0.053444	339.862028	2.989383	
150.321757	0.000000	4.628099	
135.988919	0.000000	0.000000	
117.900466	3.205920	6.342232	
101.680643	0.000000	0.000000	
117.900466	3.205920	6.342232	
145.998687	0.610570	0.000000	
145.998687	0.610570	0.000000	
44.878617	34.956143	0.000000	
135.668165	30.014149	2.780065	
116.601091	68.456407	0.000000	
56.936504	27.063185	0.034334	
56.936504	27.063185	0.034334	
120.136736	87.829188	14.860527	
69.915048	102.101553	2.741151	
59.286059	86.579341	0.000000	
37.957618	78.147843	0.000000	
39.306849	166.870665	0.000000	
10.906749	111.170067	0.000000	
0.000000	189.994487	6.061220	
0.000000	117.795368	2.431007	
0.000000	127.053242	1.736102	
0.855049	101.246269	0.000000	
0.000000	167.503491	6.912747	
96.129125	0.000000	13.021625	
131.098409	0.000000	0.000000	
101.680643	0.000000	0.000000	
135.988919	0.000000	0.000000	
166.247978	0.000000	19.640821	
165.879621	3.703051	0.000000	
145.998687	0.610570	0.000000	
135.668165	30.014149	2.780065	
111.352597	73.030819	0.000000	
135.392017	108.852114	3.877009	
49.131623	81.285159	8.784559	
138.185378	141.492573	20.537661	
36.636723	156.902523	20.953581	
79.371197	88.745272	0.000000	
37.957618	78.147843	0.000000	
58.947818	115.264954	0.000000	
4.560436	205.399785	0.000000	
32.331937	136.929864	26.977643	
0.000000	127.053242	1.736102	
0.000000	117.795368	2.431007	
0.000000	95.815811	3.056724	
0.000000	166.815000	5.321746	
170.247500	0.000000	18.816835	
96.129125	0.000000	13.021625	
166.247978	0.000000	19.640821	
155.953930	27.645163	22.632339	
161.460541	21.306452	22.206227	
155.953930	27.645163	22.632339	
161.460541	21.306452	22.206227	
108.049693	86.869505	0.000000	
48.869394	68.909355	18.668653	
77.931237	121.597279	24.315863	
77.931237	121.597279	24.315863	
85.755096	74.458281	37.599249	
103.974391	39.154302	0.000000	
79.371197	88.745272	0.000000	
58.947818	115.264954	0.000000	
0.000000	116.587339	25.402209	
39.041895	149.440851	30.041157	
31.953945	174.505588	19.712062	
0.000000	147.828319	4.716031	
0.000000	167.503491	6.912747	
0.000000	95.815811	3.056724	
154.244912	0.000000	29.218977	
154.244912	0.000000	29.218977	
180.535858	0.000000	47.826795	
124.405345	0.000000	33.332930	
124.405345	0.000000	33.332930	
93.155406	0.000000	40.471220	
111.352597	73.030819	0.000000	
48.869394	68.909355	18.668653	
135.392017	108.852114	3.877009	
125.462036	112.772545	37.761640	
97.860463	115.368925	28.400970	
35.278895	78.580374	60.612825	
53.773677	176.913361	28.084165	
0.000000	150.499546	32.791047	
0.000000	150.499546	32.791047	
0.000000	116.587339	25.402209	
32.331937	136.929864	26.977643	
0.000000	189.994487	6.061220	
0.000000	147.828319	4.716031	
0.000000	167.816507	4.619478	
174.871303	0.000000	17.114533	
97.149385	0.000000	3.947432	
72.373177	0.000000	8.380922	
141.506780	25.335001	0.312082	
154.574596	0.000000	60.367014	
163.260139	2.947980	37.518025	
38.090068	0.000000	56.441933	
84.507922	75.960616	25.435246	
84.507922	75.960616	25.435246	
70.168356	105.987575	0.000000	
85.135789	118.426641	36.149112	
9.179959	109.794115	56.870474	
0.000000	68.245546	26.798781	
0.000000	17.642478	70.410641	
0.000000	151.723149	33.057647	
0.000000	137.002915	0.000000	
0.000000	204.013027	29.719948	
0.000000	200.647645	6.401078	
0.000000	167.816507	4.619478	
204.794525	0.000000	40.091826	
72.373177	0.000000	8.380922	
97.149385	0.000000	3.947432	
130.397088	0.000000	60.398936	
130.397088	0.000000	60.398936	
38.090068	0.000000	56.441933	
106.537595	18.677758	61.223483	
97.363831	88.708249	2.331062	
97.363831	88.708249	2.331062	
80.685886	112.236682	75.469736	
85.135789	118.426641	36.149112	
63.729430	150.121721	44.002051	
0.000000	68.245546	26.798781	
19.507769	151.385194	61.900103	
0.000000	97.724461	0.000000	
0.000000	137.002915	0.000000	
0.000000	97.724461	0.000000	
0.000000	0.000000	88.097347	
99.763509	0.000000	7.922780	
178.285931	0.000000	34.902342	
81.711490	14.629410	0.180208	
118.612977	12.599019	0.000000	
122.514308	0.000000	56.855628	
106.537595	18.677758	61.223483	
53.519297	0.000000	35.098072	
79.124216	56.154619	0.000000	
79.124216	56.154619	0.000000	
79.815928	23.513687	0.000000	
72.346682	116.197226	14.707593	
9.179959	109.794115	56.870474	
32.484123	146.458780	43.861109	
18.930052	164.434305	9.584377	
0.000000	0.000000	91.413044	
0.000000	127.210471	47.073695	
0.000000	127.210471	47.073695	
177.813385	0.000000	0.000000	
99.763509	0.000000	7.922780	
118.612977	12.599019	0.000000	
118.612977	12.599019	0.000000	
122.514308	0.000000	56.855628	
53.519297	0.000000	35.098072	
53.519297	0.000000	35.098072	
75.231633	31.410585	10.206339	
75.231633	31.410585	10.206339	
0.000000	100.103235	74.213881	
72.346682	116.197226	14.707593	
11.546686	122.044340	48.974212	
32.484123	146.458780	43.861109	
19.507769	151.385194	61.900103	
0.000000	159.541779	71.404962	
0.000000	159.541779	71.404962	
0.000000	0.000000	111.170735	
59.102702	0.000000	6.051441	
59.102702	0.000000	6.051441	
102.487159	18.654178	107.582328	
65.194357	0.000000	35.305643	
52.869278	28.888202	0.000000	
102.487159	18.654178	107.582328	
7.388745	13.913837	99.977724	
38.228022	29.532580	88.690179	
0.000000	100.103235	74.213881	
11.198388	0.000000	75.744968	
0.000000	0.000000	117.546592	
21.564376	16.878184	91.113883	
0.000000	43.385084	79.706411	
0.000000	0.000000	92.060530	
106.580312	0.000000	10.912606	
106.580312	0.000000	10.912606	
143.649098	0.000000	112.737606	
52.869278	28.888202	0.000000	
97.312393	53.172279	120.848841	
97.312393	53.172279	120.848841	
100.158855	35.447867	133.025420	
38.228022	29.532580	88.690179	
7.388745	13.913837	99.977724	
11.198388	0.000000	75.744968	
13.028639	24.475626	101.631810	
21.564376	16.878184	91.113883	
0.000000	44.521141	126.399233	
0.000000	43.385084	79.706411	
0.000000	0.000000	85.997694	
0.000000	0.000000	85.997694	
0.000000	0.000000	123.628197	
43.033282	1.531555	52.877052	
31.806410	1.131990	39.082058	
43.033282	1.531555	52.877052	
60.379904	18.898191	116.542658	
58.407065	62.873679	125.870907	
34.418678	82.916707	75.129711	
32.719182	17.485380	118.991361	
0.254801	21.103294	77.307392	
0.000000	110.207104	57.859574	
0.000000	44.521141	126.399233	
0.000000	0.000000	108.909703	
91.598947	5.064537	122.309129	
0.000000	0.000000	105.677421	
31.806410	1.131990	39.082058	
29.282477	3.427589	38.811134	
56.637857	17.726974	109.319923	
56.637857	17.726974	109.319923	
45.453531	76.397605	108.212681	
13.028639	24.475626	101.631810	
0.161562	13.381008	96.644200	
0.000000	59.584889	73.525179	
0.000000	35.042478	169.313956	
46.889200	0.000000	153.154697	
91.598947	5.064537	122.309129	
38.910946	4.554625	45.353479	
29.282477	3.427589	38.811134	
38.910946	4.554625	45.353479	
24.350764	22.453528	154.495970	
0.000000	0.000000	148.017327	
27.988262	47.042245	128.624691	
0.000000	0.000000	148.017327	
0.254801	21.103294	77.307392	
0.000000	110.207104	57.859574	
92.857998	0.000000	121.900368	
53.592020	0.000000	100.909441	
80.550834	6.523143	79.927483	
24.740020	33.663108	166.144853	
24.350764	22.453528	154.495970	
0.000000	35.042478	169.313956	
0.000000	0.000000	160.426719	
0.000000	0.000000	107.039596	
0.000000	0.000000	101.553009	
0.000000	0.000000	159.263319	
53.592020	0.000000	100.909441	
78.192473	3.105257	112.347421	
46.461249	0.000000	167.758671	
0.000000	0.000000	157.518184	
0.000000	0.000000	157.518184	
0.000000	0.000000	131.576633	
0.000000	0.000000	131.576633	
0.000000	0.000000	100.779886	
0.000000	0.000000	101.553009	
67.748215	0.000000	170.197471	
42.679259	3.530030	131.455896	
42.679259	3.530030	131.455896	
0.000000	17.659829	173.208927	
0.000000	0.000000	134.158169	
0.000000	0.000000	160.426719	
0.000000	0.000000	134.158169	
0.000000	0.000000	100.779886	
55.930055	0.000000	140.261812	
52.676394	0.000000	143.725507	
0.000000	0.000000	94.486633	
0.000000	7.770361	76.212285	
0.000000	7.770361	76.212285	
0.000000	33.168204	80.498512	
0.000000	0.000000	179.894701	
52.676394	0.000000	143.725507	
32.173358	0.000000	125.814150	
21.348330	0.000000	151.394374	
0.000000	0.000000	140.674936	
0.000000	21.092162	100.681411	
0.000000	33.168204	80.498512	
20.810384	0.000000	76.821781	
20.810384	0.000000	76.821781	
13.864516	0.000000	169.452712	
0.000000	20.881397	100.892176	
0.000000	20.881397	100.892176	
0.000000	0.000000	227.522824	
12.865889	0.000000	179.271239	
0.000000	21.092162	100.681411	
0.000000	0.000000	140.674936	
13.864516	0.000000	169.452712	
0.000000	0.000000	220.980943	
0.000000	0.000000	165.673668	
0.000000	0.000000	106.390550	
0.000000	0.000000	106.390550	
0.000000	0.000000	177.082055	
