78.297836	0.000000	0.000000	
53.667236	4.622576	0.000000	
53.274022	5.015790	0.000000	
54.469983	10.140834	0.000000	
44.968933	22.149431	0.000000	
44.019303	24.518280	0.000000	
44.019303	24.518280	0.000000	
31.062083	49.918938	0.000000	
36.022727	89.480125	0.000000	
36.022727	89.480125	0.000000	
43.149827	107.183778	0.000000	
45.812069	113.796762	0.000000	
44.128291	24.578985	6.184636	
62.129694	0.000000	5.072129	
53.274022	5.015790	0.000000	
53.274022	5.015790	0.000000	
50.022092	18.547981	5.395792	
43.906951	24.796729	6.184312	
44.128291	24.578985	6.184636	
53.392630	25.245115	0.000000	
46.470295	74.681012	0.000000	
46.031658	114.342218	0.000000	
46.188975	4.715525	22.050362	
46.188975	4.715525	22.050362	
0.146065	0.000000	119.119971	
56.436790	0.000000	10.765033	
53.274022	5.015790	0.000000	
48.862403	12.079040	12.009009	
43.502703	18.430394	11.017443	
46.628208	4.605945	17.753325	
46.628208	4.605945	17.753325	
53.392630	25.245115	0.000000	
46.443589	115.365451	0.000000	
46.443589	115.365451	0.000000	
16.916056	0.322609	58.437078	
0.146065	0.000000	119.119971	
53.672525	0.000000	18.011121	
42.096278	4.158280	14.815636	
39.957917	3.947052	17.165225	
53.672525	0.000000	18.011121	
53.672525	0.000000	18.011121	
53.672525	0.000000	18.011121	
40.007372	0.000000	47.986111	
16.916056	0.322609	58.437078	
3.375351	0.000000	68.232868	
0.180285	0.000000	147.026980	
48.707148	0.000000	23.129869	
35.036492	3.460913	21.301891	
53.672525	0.000000	18.011121	
51.592131	0.000000	42.197968	
48.059764	0.000000	49.835912	
42.505733	0.000000	50.982725	
33.107330	0.000000	67.433879	
3.375351	0.000000	68.232868	
0.180285	0.000000	147.026980	
55.749631	0.000000	42.146044	
51.592131	0.000000	42.197968	
48.059764	0.000000	49.835912	
42.505733	0.000000	50.982725	
33.107330	0.000000	67.433879	
3.380461	0.000000	68.336153	
3.380461	0.000000	68.336153	
0.323070	0.000000	263.471551	
48.059764	0.000000	49.835912	
44.509531	0.000000	53.386144	
44.509531	0.000000	53.386144	
3.528769	0.000000	71.334217	
3.528769	0.000000	71.334217	
0.724979	0.000000	123.288797	
0.323070	0.000000	263.471551	
44.509531	0.000000	53.386144	
42.235619	0.000000	68.130965	
35.297364	0.000000	75.223412	
29.070305	0.000000	99.579410	
0.724979	0.000000	123.288797	
0.482521	0.000000	384.220470	
35.297364	0.000000	75.223412	
29.070305	0.000000	99.579410	
31.638114	28.217504	119.504940	
17.595127	0.000000	151.404963	
0.482521	0.000000	384.220470	
35.579730	0.000000	119.814951	
27.532504	0.000000	137.496368	
17.595127	0.000000	151.404963	
0.975059	0.000000	165.817010	
27.532504	0.000000	137.496368	
15.963189	0.000000	161.650496	
0.975059	0.000000	165.817010	
8.025824	0.000000	162.242368	
1.382750	0.000000	235.148293	
1.382750	0.000000	235.148293	
0.000000	0.000000	0.000000	
0.000000	0.000000	0.000000	
0.000000	0.000000	0.000000	
0.000000	0.000000	0.000000	
0.000000	0.000000	0.000000	
0.000000	0.000000	0.000000	
0.000000	0.000000	0.000000	
0.000000	0.000000	0.000000	
0.000000	0.000000	0.000000	
