40.820195	0.000000	0.000000	
23.132674	0.234168	0.000000	
12.562388	1.120696	0.000000	
12.562388	1.120696	0.000000	
10.517977	1.761885	0.000000	
12.282543	3.196791	0.000000	
8.820386	1.422509	0.000000	
8.820386	1.422509	0.000000	
5.219364	3.699192	0.000000	
5.218723	3.698738	0.000000	
5.218723	3.698738	0.000000	
4.273580	4.039922	0.000000	
4.736634	4.421684	0.000000	
5.613118	3.978263	0.000000	
4.421160	7.504964	0.000000	
3.471543	7.963793	0.000000	
4.123574	8.788555	0.000000	
2.912580	10.633155	0.000000	
2.912580	10.633155	0.000000	
3.564427	13.131812	0.000000	
2.552475	15.017014	0.000000	
1.300138	29.299219	0.000000	
0.000000	29.589360	0.000000	
0.000000	42.988661	0.000000	
25.931882	0.000000	1.069762	
11.165025	0.050561	0.071933	
8.035059	0.533267	0.172397	
8.035059	0.533267	0.172397	
6.892231	1.664588	0.352993	
6.892231	1.664588	0.352993	
7.794536	3.044616	0.447145	
5.054127	2.997865	0.153174	
5.451909	3.001737	0.159460	
5.219364	3.699192	0.000000	
4.515385	3.881939	0.171378	
4.273580	4.039922	0.000000	
3.769498	5.364977	0.000000	
3.759824	7.081917	0.429039	
4.078980	7.683072	0.000000	
3.897499	7.986076	0.255043	
2.101013	8.826930	0.110953	
2.552920	8.317224	0.147172	
2.442907	12.567633	0.655978	
2.021314	13.463806	0.586696	
0.000000	16.298528	0.083380	
0.000000	16.298528	0.083380	
0.000000	29.589360	0.000000	
8.355026	0.000000	1.190938	
6.597990	0.000000	0.551257	
5.362947	0.000000	0.448070	
7.922203	0.000000	0.988530	
5.362947	0.000000	0.448070	
6.274082	1.032144	0.000000	
6.274082	1.032144	0.000000	
4.289204	2.540520	0.801758	
5.054127	2.997865	0.153174	
4.523689	3.480133	0.461243	
4.206026	3.976062	0.000000	
3.276903	3.897829	0.842260	
3.276903	3.897829	0.842260	
3.649699	6.874488	0.578129	
3.571778	7.500921	0.716273	
2.552920	8.317224	0.147172	
2.101013	8.826930	0.110953	
2.101013	8.826930	0.110953	
2.079782	11.287517	1.350174	
1.220228	12.112186	1.346650	
0.000000	13.409481	1.216574	
0.000000	13.409481	1.216574	
6.597990	0.000000	0.551257	
5.362947	0.000000	0.448070	
5.362947	0.000000	0.448070	
2.958320	0.164025	0.696697	
2.958320	0.164025	0.696697	
4.207464	0.233284	0.811463	
4.019304	0.222852	0.946564	
3.379633	1.572614	0.874955	
3.521454	2.200247	0.000000	
4.809252	3.606258	1.138734	
3.685657	4.384036	0.947321	
3.685657	4.384036	0.947321	
0.483427	0.000000	1.592916	
0.492489	0.000000	1.622776	
2.352105	6.845186	1.821402	
2.352105	6.845186	1.821402	
2.380587	10.846463	1.882807	
1.977087	7.885527	2.053665	
0.217781	10.442074	1.499091	
0.180330	12.867683	1.834936	
0.000000	13.119444	1.844982	
6.698715	0.000000	1.606421	
5.392420	0.298985	1.269939	
5.105872	0.087218	1.158748	
2.958320	0.164025	0.696697	
3.850848	0.605345	0.994322	
3.740153	0.000000	0.269858	
3.379633	1.572614	0.874955	
3.521454	2.200247	0.000000	
4.075056	2.546145	0.000000	
5.021298	2.929780	1.419042	
4.051452	5.134784	1.123441	
3.878896	5.680239	1.618577	
0.483427	0.000000	1.592916	
2.907310	6.419761	1.847103	
1.883863	6.535480	1.926112	
1.883863	6.535480	1.926112	
1.155285	7.503113	2.208395	
0.000000	2.852041	2.488508	
0.217781	10.442074	1.499091	
0.000000	2.852041	2.488508	
8.835709	0.000000	1.285811	
3.904952	0.000000	1.244390	
4.426682	0.036439	0.995868	
4.207464	0.233284	0.811463	
3.700936	0.899262	1.103015	
4.407307	0.000000	1.117271	
4.121407	2.172300	1.681723	
4.146909	3.003762	1.369125	
4.146909	3.003762	1.369125	
4.332419	1.872455	2.531889	
4.096301	3.835150	2.227801	
3.350170	5.790083	1.909597	
2.157621	6.151598	2.472651	
1.856960	6.442149	2.082102	
1.856960	6.442149	2.082102	
1.325181	7.152406	2.522754	
0.900762	7.707229	3.030282	
0.000000	0.000000	3.398439	
0.000000	12.926374	1.920556	
5.852549	0.000000	0.276377	
4.883762	0.000000	1.556307	
3.904952	0.000000	1.244390	
3.962616	0.757446	1.582547	
5.671254	0.678705	2.591090	
4.121407	2.172300	1.681723	
5.599077	2.400556	2.903325	
4.354799	3.154344	2.698223	
4.354799	3.154344	2.698223	
3.994996	4.450075	2.664414	
3.519491	5.119654	3.000669	
2.775555	5.326276	2.872236	
2.157621	6.151598	2.472651	
1.832549	6.370932	2.546584	
1.325181	7.152406	2.522754	
0.900762	7.707229	3.030282	
0.356027	9.610405	2.951726	
0.000000	12.841636	2.005293	
8.835709	0.000000	1.285811	
5.739179	0.201159	1.528528	
6.436420	0.573425	1.803726	
6.035411	0.847731	1.771124	
6.039371	0.351913	2.519629	
5.006666	2.396780	3.498591	
5.006666	2.396780	3.498591	
4.706964	3.006545	3.654042	
4.005550	4.207925	3.170350	
3.755429	4.628695	3.228739	
2.802132	4.873028	3.382754	
2.525867	5.539564	2.859332	
1.832111	5.918351	3.305295	
1.268243	6.845093	2.912466	
0.191782	7.842942	2.884247	
0.313430	8.460556	4.160405	
0.000000	0.000000	4.687426	
10.371855	0.000000	5.386805	
5.739179	0.201159	1.528528	
6.035411	0.847731	1.771124	
5.186757	0.000000	3.641342	
5.156850	0.000000	3.620346	
4.903468	2.347378	3.426478	
4.202937	2.684601	4.033895	
3.519357	3.424533	3.988622	
3.487780	3.393807	3.952834	
2.975139	4.253817	4.223874	
2.340375	5.199034	3.575523	
1.841924	5.405189	3.889411	
1.563677	6.221912	3.244105	
0.999818	7.130315	4.496338	
0.191782	7.842942	2.884247	
0.000000	9.003726	4.584855	
8.675988	0.000000	5.822958	
7.031128	0.409702	3.006593	
2.699530	0.479906	1.572241	
5.186757	0.000000	3.641342	
4.517879	1.748254	4.609556	
4.296406	2.330651	4.247156	
1.551721	0.206060	3.601251	
3.487780	3.393807	3.952834	
3.098139	4.023006	4.402369	
2.618131	4.694841	4.097921	
1.841924	5.405189	3.889411	
1.139543	5.822802	4.341334	
1.139543	5.822802	4.341334	
0.165733	0.019016	5.363905	
0.000000	8.680635	5.213626	
8.595610	0.000000	6.630991	
0.165733	0.019016	5.363905	
2.699530	0.479906	1.572241	
1.988807	1.125285	4.118140	
4.457315	1.895658	4.673439	
1.578181	0.171574	3.584807	
1.551721	0.206060	3.601251	
1.806848	1.404517	4.888362	
1.806848	1.404517	4.888362	
2.340375	5.199034	3.575523	
1.503776	5.557078	4.821778	
0.630059	6.002980	5.979447	
0.630059	6.002980	5.979447	
0.000000	8.387743	5.037714	
7.279013	0.000000	6.967777	
7.212924	0.425632	7.052969	
0.463381	0.085073	3.349661	
0.513188	0.164325	2.804801	
0.482905	0.137725	1.271515	
0.513188	0.164325	2.804801	
0.025998	0.009195	3.942735	
2.667677	3.671694	5.934361	
1.693427	4.061845	5.325732	
1.637334	4.958995	6.134732	
1.265008	6.463902	3.808874	
0.000000	6.840253	5.989949	
0.000000	8.289245	7.258818	
6.844710	0.000000	7.775050	
0.463381	0.085073	3.349661	
0.768131	0.434615	2.946258	
0.482905	0.137725	1.271515	
0.636406	0.123456	1.556766	
0.768131	0.434615	2.946258	
2.640442	2.984750	6.325470	
1.985871	2.733281	6.482837	
0.154206	0.258347	1.486420	
0.173834	0.000000	3.843264	
0.173834	0.000000	3.843264	
0.000000	6.840253	5.989949	
0.000000	0.000000	8.017856	
0.342986	0.062970	2.479354	
0.174314	0.118709	1.789622	
0.342986	0.062970	2.479354	
0.418627	0.658521	2.638591	
0.312445	0.000000	2.978586	
0.494289	0.288939	3.481223	
0.154206	0.258347	1.486420	
0.494289	0.288939	3.481223	
0.000000	0.000000	4.660802	
0.000000	6.640241	8.325461	
0.000000	0.000000	8.017856	
0.200363	0.000000	1.223709	
0.203035	0.037276	1.467685	
0.174314	0.118709	1.789622	
0.240076	0.000402	2.292510	
0.312445	0.000000	2.978586	
0.027304	0.016738	2.934884	
0.040426	0.003989	2.973156	
0.000000	0.000000	3.649591	
0.000000	0.000000	4.660802	
0.516274	0.000000	3.153119	
0.200363	0.000000	1.223709	
0.187840	0.150342	1.621453	
0.539299	0.406756	1.889036	
0.291975	0.110288	2.263478	
0.448957	0.907165	1.844546	
0.168138	0.001406	1.789442	
0.168138	0.001406	1.789442	
0.000000	0.000000	2.578812	
0.000000	0.000000	2.369712	
0.165210	0.000277	2.316281	
0.118872	0.145329	2.012237	
0.539299	0.406756	1.889036	
0.291975	0.110288	2.263478	
0.027845	0.003739	2.437552	
0.027845	0.003739	2.437552	
0.000000	0.000000	2.578812	
0.036894	0.000000	2.458546	
0.126581	0.101312	2.012626	
0.310554	0.085043	2.259890	
0.310554	0.085043	2.259890	
0.033379	0.001744	2.340521	
0.027068	0.004463	2.433462	
0.000000	0.000000	2.539021	
0.385891	0.000000	2.204440	
0.385891	0.000000	2.204440	
0.323242	0.000517	2.236480	
0.109845	0.000000	2.339746	
0.021742	0.000000	2.411150	
0.000000	0.000000	2.515751	
0.398294	0.000000	2.275292	
0.323242	0.000517	2.236480	
0.086585	0.000000	2.329961	
0.109845	0.000000	2.339746	
0.000000	0.000000	2.326906	
0.203726	0.000000	2.148888	
0.203726	0.000000	2.148888	
0.042312	0.006976	2.173254	
0.000000	0.000000	2.378790	
0.210138	0.000000	2.216522	
0.042312	0.006976	2.173254	
0.000000	0.000000	2.326906	
0.054408	0.000000	2.398981	
0.000000	0.000000	2.518384	
0.000000	0.000000	2.518384	
