40.820195	0.000000	0.000000	
23.132674	0.234168	0.000000	
12.562388	1.120696	0.000000	
12.562388	1.120696	0.000000	
12.583599	3.367129	0.000000	
12.282543	3.196791	0.000000	
10.112570	3.467149	0.000000	
7.071127	4.194253	0.000000	
6.377107	3.782594	0.000000	
5.218723	3.698738	0.000000	
5.218723	3.698738	0.000000	
4.672184	4.954398	0.000000	
3.471543	7.963793	0.000000	
4.078980	7.683072	0.000000	
4.421160	7.504964	0.000000	
3.471543	7.963793	0.000000	
4.123574	8.788555	0.000000	
2.912580	10.633155	0.000000	
2.912580	10.633155	0.000000	
3.564427	13.131812	0.000000	
2.552475	15.017014	0.000000	
1.300138	29.299219	0.000000	
0.000000	29.589360	0.000000	
0.000000	42.988661	0.000000	
25.931882	0.000000	1.069762	
11.165025	0.050561	0.071933	
11.165025	0.050561	0.071933	
10.496422	1.758274	0.632225	
10.496422	1.758274	0.632225	
3.286958	2.632006	0.493618	
7.794536	3.044616	0.447145	
5.054127	2.997865	0.153174	
6.013744	3.567064	0.182257	
4.206026	3.976062	0.000000	
4.515385	3.881939	0.171378	
4.720241	4.762105	0.000000	
3.769498	5.364977	0.000000	
3.759824	7.081917	0.429039	
4.078980	7.683072	0.000000	
3.897499	7.986076	0.255043	
2.101013	8.826930	0.110953	
2.552920	8.317224	0.147172	
2.442907	12.567633	0.655978	
2.021314	13.463806	0.586696	
0.000000	16.298528	0.083380	
0.000000	16.298528	0.083380	
0.000000	29.589360	0.000000	
6.535406	0.000000	1.567258	
0.153052	0.256413	1.475292	
7.442136	0.000000	1.134524	
7.922203	0.000000	0.988530	
2.958320	0.164025	0.696697	
6.274082	1.032144	0.000000	
6.274082	1.032144	0.000000	
4.289204	2.540520	0.801758	
5.054127	2.997865	0.153174	
4.523689	3.480133	0.461243	
4.206026	3.976062	0.000000	
3.276903	3.897829	0.842260	
3.276903	3.897829	0.842260	
3.649699	6.874488	0.578129	
3.571778	7.500921	0.716273	
2.552920	8.317224	0.147172	
2.101013	8.826930	0.110953	
2.101013	8.826930	0.110953	
2.079782	11.287517	1.350174	
1.220228	12.112186	1.346650	
0.000000	13.409481	1.216574	
0.000000	13.409481	1.216574	
6.698715	0.000000	1.606421	
4.260735	0.000000	1.173698	
6.092517	0.468985	0.863874	
2.958320	0.164025	0.696697	
4.019304	0.222852	0.946564	
4.407384	0.036280	0.991527	
4.019304	0.222852	0.946564	
4.552237	2.696316	0.850926	
3.972705	2.441693	0.000000	
4.809252	3.606258	1.138734	
3.685657	4.384036	0.947321	
3.685657	4.384036	0.947321	
4.662680	5.909451	1.292931	
3.759824	7.081917	0.429039	
2.352105	6.845186	1.821402	
2.352105	6.845186	1.821402	
2.380587	10.846463	1.882807	
2.079782	11.287517	1.350174	
0.217781	10.442074	1.499091	
0.000000	13.119444	1.844982	
0.000000	13.119444	1.844982	
6.698715	0.000000	1.606421	
0.153052	0.256413	1.475292	
5.105872	0.087218	1.158748	
3.740153	0.000000	0.269858	
3.850848	0.605345	0.994322	
3.740153	0.000000	0.269858	
5.085895	2.219533	0.916301	
3.972705	2.441693	0.000000	
4.854553	3.270982	1.414262	
5.021298	2.929780	1.419042	
4.051452	5.134784	1.123441	
3.878896	5.680239	1.618577	
3.350170	5.790083	1.909597	
2.907310	6.419761	1.847103	
2.276592	7.445559	2.024416	
2.276592	7.445559	2.024416	
1.274864	7.224270	2.529166	
1.183395	11.943766	2.087820	
0.217781	10.442074	1.499091	
0.000000	12.926374	1.920556	
8.835709	0.000000	1.285811	
5.805818	0.144816	0.281009	
5.105872	0.087218	1.158748	
4.407384	0.036280	0.991527	
3.700936	0.899262	1.103015	
5.534194	1.473466	1.127284	
5.534194	1.473466	1.127284	
4.146909	3.003762	1.369125	
4.146909	3.003762	1.369125	
4.332419	1.872455	2.531889	
4.096301	3.835150	2.227801	
3.350170	5.790083	1.909597	
2.157621	6.151598	2.472651	
1.856960	6.442149	2.082102	
1.856960	6.442149	2.082102	
1.325181	7.152406	2.522754	
1.274864	7.224270	2.529166	
0.000000	0.000000	3.398439	
0.000000	12.926374	1.920556	
5.852549	0.000000	0.276377	
5.852549	0.000000	0.276377	
5.805818	0.144816	0.281009	
3.962616	0.757446	1.582547	
5.671254	0.678705	2.591090	
5.671254	0.678705	2.591090	
5.599077	2.400556	2.903325	
5.021298	2.929780	1.419042	
4.233479	3.966423	2.816911	
3.994996	4.450075	2.664414	
3.519491	5.119654	3.000669	
2.775555	5.326276	2.872236	
2.157621	6.151598	2.472651	
1.832549	6.370932	2.546584	
1.325181	7.152406	2.522754	
1.268243	6.845093	2.912466	
0.356027	9.610405	2.951726	
0.000000	12.841636	2.005293	
8.835709	0.000000	1.285811	
6.854081	0.000000	0.869007	
6.436420	0.573425	1.803726	
6.035411	0.847731	1.771124	
6.039371	0.351913	2.519629	
5.006666	2.396780	3.498591	
5.006666	2.396780	3.498591	
4.654518	2.524913	3.813301	
4.005550	4.207925	3.170350	
3.755429	4.628695	3.228739	
2.802132	4.873028	3.382754	
2.525867	5.539564	2.859332	
1.832111	5.918351	3.305295	
1.268243	6.845093	2.912466	
0.191782	7.842942	2.884247	
0.313430	8.460556	4.160405	
0.000000	0.000000	4.687426	
10.371855	0.000000	5.386805	
9.072937	0.355273	0.000000	
6.035411	0.847731	1.771124	
6.415402	1.423251	4.125176	
5.156850	0.000000	3.620346	
4.903468	2.347378	3.426478	
4.202937	2.684601	4.033895	
3.519357	3.424533	3.988622	
3.487780	3.393807	3.952834	
2.975139	4.253817	4.223874	
2.618131	4.694841	4.097921	
1.841924	5.405189	3.889411	
1.563677	6.221912	3.244105	
0.999818	7.130315	4.496338	
0.191782	7.842942	2.884247	
0.000000	9.553532	5.024724	
8.675988	0.000000	5.822958	
0.083965	0.006216	5.279922	
0.083965	0.006216	5.279922	
4.613809	1.704771	4.648138	
4.517879	1.748254	4.609556	
4.296406	2.330651	4.247156	
3.957834	2.630387	4.105923	
3.487780	3.393807	3.952834	
3.098139	4.023006	4.402369	
2.618131	4.694841	4.097921	
1.841924	5.405189	3.889411	
1.139543	5.822802	4.341334	
1.139543	5.822802	4.341334	
0.000000	8.387743	5.037714	
0.000000	9.368349	5.309600	
8.595610	0.000000	6.630991	
8.099685	0.674046	6.553153	
6.516728	1.271334	5.495661	
5.052471	1.370776	4.951580	
4.457315	1.895658	4.673439	
1.578181	0.171574	3.584807	
0.025998	0.009195	3.942735	
3.270831	3.643419	4.175773	
2.643455	4.278521	4.279241	
1.807990	5.475860	5.566695	
1.503776	5.557078	4.821778	
1.265008	6.463902	3.808874	
0.629708	7.912050	6.440099	
0.000000	8.387743	5.037714	
7.279013	0.000000	6.967777	
7.212924	0.425632	7.052969	
6.516728	1.271334	5.495661	
3.939326	1.645361	5.408130	
0.497795	0.208917	2.925682	
0.187418	0.066285	3.497550	
0.025998	0.009195	3.942735	
2.667677	3.671694	5.934361	
1.076014	2.793710	6.866089	
1.637334	4.958995	6.134732	
1.265008	6.463902	3.808874	
0.000000	6.840253	5.989949	
0.000000	8.289245	7.258818	
6.844710	0.000000	7.775050	
0.000000	0.000000	5.794066	
0.000000	0.000000	5.794066	
0.636406	0.123456	1.556766	
0.636406	0.123456	1.556766	
1.578181	0.171574	3.584807	
2.640442	2.984750	6.325470	
1.985871	2.733281	6.482837	
0.154206	0.258347	1.486420	
0.074057	0.017284	5.347859	
0.074057	0.017284	5.347859	
0.000000	6.840253	5.989949	
0.000000	0.000000	8.017856	
0.342986	0.062970	2.479354	
0.174314	0.118709	1.789622	
0.342986	0.062970	2.479354	
0.418627	0.658521	2.638591	
0.500782	0.187884	6.197502	
1.004900	2.609072	6.412304	
0.154206	0.258347	1.486420	
0.819540	0.160873	4.406272	
0.088299	0.010131	5.762922	
0.000000	6.640241	8.325461	
0.000000	0.000000	8.017856	
0.200363	0.000000	1.223709	
0.203035	0.037276	1.467685	
0.174314	0.118709	1.789622	
0.418627	0.658521	2.638591	
0.437416	0.216087	3.010356	
0.503003	0.294033	3.542594	
0.503003	0.294033	3.542594	
0.088299	0.010131	5.762922	
0.000000	0.000000	7.847460	
0.842619	0.000000	6.658811	
0.200363	0.000000	1.223709	
0.187840	0.150342	1.621453	
0.539299	0.406756	1.889036	
0.084549	0.000000	2.769657	
0.448957	0.907165	1.844546	
0.503003	0.294033	3.542594	
0.000000	0.000000	4.294854	
0.000000	0.000000	4.294854	
1.605059	0.000000	9.787451	
0.118872	0.145329	2.012237	
0.118872	0.145329	2.012237	
0.539299	0.406756	1.889036	
0.033379	0.001744	2.340521	
0.037303	0.006150	2.895700	
0.000000	0.000000	2.637455	
0.000000	0.000000	4.377785	
0.036894	0.000000	2.458546	
0.126581	0.101312	2.012626	
0.560243	0.050754	2.194825	
0.036620	0.000000	2.440291	
0.033379	0.001744	2.340521	
0.000000	0.000000	2.515751	
0.000000	0.000000	2.637455	
0.172421	0.000000	2.413339	
0.054311	0.000249	2.405696	
0.080292	0.007274	2.278773	
0.010755	0.000036	2.404226	
0.021742	0.000000	2.411150	
0.000000	0.000000	2.515751	
0.398294	0.000000	2.275292	
0.080292	0.007274	2.278773	
0.021612	0.000000	2.396747	
0.079286	0.000266	2.390275	
0.000000	0.000000	2.468985	
0.054408	0.000000	2.398981	
0.210138	0.000000	2.216522	
0.000000	0.000000	2.378790	
0.000000	0.000000	2.378790	
0.210138	0.000000	2.216522	
0.079286	0.000266	2.390275	
0.000000	0.000000	2.468985	
0.054408	0.000000	2.398981	
0.000000	0.000000	2.534313	
0.000000	0.000000	2.591763	
