75.597441	0.000000	0.000000	
67.820058	6.178200	0.000000	
67.110089	12.505955	0.000000	
56.862313	17.135946	0.000000	
49.336274	20.250552	0.000000	
50.593645	23.684684	0.000000	
72.877398	36.050480	0.000000	
72.877398	36.050480	0.000000	
75.521509	4.481207	0.000000	
75.521509	4.481207	0.000000	
75.597441	0.000000	0.000000	
75.597441	0.000000	0.000000	
15.868845	22.117085	33.941950	
67.543334	0.000000	6.359137	
63.494047	5.784114	4.720098	
60.357617	13.419092	6.789904	
51.879564	15.663769	6.359137	
47.464129	26.312580	6.789904	
60.357617	13.419092	6.789904	
52.942060	17.043836	11.338510	
49.593259	18.830829	12.914888	
49.593259	18.830829	12.914888	
58.282805	0.000000	27.903804	
14.696335	20.482907	44.371731	
1.052423	6.750000	165.345043	
65.275555	0.000000	8.626916	
59.514061	2.829925	13.585938	
54.957232	7.386754	13.585938	
49.336274	20.250552	0.000000	
58.782205	0.000000	21.190866	
67.308335	5.698456	7.246343	
67.308335	5.698456	7.246343	
66.711881	37.234923	36.022413	
37.580138	33.887384	46.947615	
35.540667	47.435745	72.617311	
1.052423	6.750000	165.345043	
59.623402	0.000000	18.827246	
49.364867	6.635089	20.187871	
49.364867	6.635089	20.187871	
66.711881	37.234923	36.022413	
80.610266	6.886830	0.000000	
62.030870	40.475495	50.316489	
43.554810	36.704932	61.159279	
43.554810	36.704932	61.159279	
26.481610	28.249550	82.546323	
2.011205	12.540011	166.695976	
55.161200	0.000000	24.320797	
48.673587	3.502171	24.012068	
80.610266	6.886830	0.000000	
44.021642	46.960573	61.404366	
44.021642	46.960573	61.404366	
57.026583	53.865598	74.578613	
31.604704	33.714667	77.593625	
24.603960	37.877407	103.414542	
2.516463	16.140009	187.165320	
89.034919	0.000000	7.713632	
91.793322	0.000000	0.000000	
47.141108	31.453295	83.543603	
31.604704	33.714667	77.593625	
43.372161	33.460531	80.565500	
24.603960	37.877407	103.414542	
24.603960	37.877407	103.414542	
2.516463	16.140009	187.165320	
91.793322	0.000000	0.000000	
64.002527	5.867140	105.617546	
43.372161	33.460531	80.565500	
40.853012	60.001344	105.754222	
19.530676	46.629291	127.071321	
19.530676	46.629291	127.071321	
2.516463	16.140009	187.165320	
91.935256	0.000000	0.000000	
76.664912	17.778862	112.448909	
59.786464	11.663370	136.477773	
19.359692	28.199705	148.629416	
19.359692	28.199705	148.629416	
2.516463	16.140009	187.165320	
91.935256	0.000000	0.000000	
59.786464	11.663370	136.477773	
20.837888	27.057591	149.679712	
15.152705	28.655363	162.945015	
2.885039	18.503970	214.578652	
91.935256	0.000000	0.000000	
7.776759	19.353375	194.480992	
15.152705	28.655363	162.945015	
2.885039	18.503970	214.578652	
99.428363	0.000000	0.000000	
7.776759	19.353375	194.480992	
2.913622	18.687294	247.456018	
99.428363	0.000000	0.000000	
2.913622	18.687294	247.456018	
12.488437	10.735208	266.045696	
0.000000	0.000000	0.000000	
0.000000	0.000000	0.000000	
0.000000	0.000000	0.000000	
0.000000	0.000000	0.000000	
0.000000	0.000000	0.000000	
0.000000	0.000000	0.000000	
0.000000	0.000000	0.000000	
0.000000	0.000000	0.000000	
0.000000	0.000000	0.000000	
