0.526646	0.000000	0.000000	
0.507015	0.015418	0.000000	
0.495086	0.045330	0.000000	
0.496226	0.067212	0.000000	
0.474392	0.081510	0.000000	
0.457055	0.113151	0.000000	
0.406503	0.152925	0.000000	
0.378393	0.167878	0.000000	
0.350131	0.174063	0.000000	
0.339966	0.205056	0.000000	
0.293553	0.255874	0.000000	
0.324361	0.235199	0.000000	
0.280535	0.304539	0.000000	
0.254062	0.327074	0.000000	
0.184672	0.359703	0.000000	
0.184672	0.359703	0.000000	
0.165703	0.399856	0.000000	
0.145676	0.420785	0.000000	
0.089732	0.458010	0.000000	
0.100889	0.520961	0.000000	
0.053898	0.564100	0.000000	
0.039776	0.566298	0.000000	
0.025618	0.567790	0.000000	
0.000000	0.629555	0.000000	
0.523991	0.000000	0.000000	
0.502300	0.022371	0.012140	
0.475346	0.029816	0.021302	
0.476055	0.059439	0.012433	
0.437495	0.093155	0.012783	
0.437495	0.093155	0.012783	
0.406503	0.152925	0.000000	
0.361740	0.152930	0.016439	
0.339966	0.205056	0.000000	
0.338183	0.231610	0.005029	
0.296528	0.248423	0.016146	
0.284823	0.272374	0.012578	
0.243021	0.298596	0.024814	
0.206504	0.325276	0.006718	
0.176554	0.348414	0.020038	
0.152147	0.389937	0.000311	
0.132993	0.399851	0.000000	
0.118088	0.413738	0.014870	
0.086293	0.485103	0.000000	
0.067673	0.503571	0.002718	
0.004767	0.545154	0.027589	
0.000000	0.548453	0.021359	
0.000000	0.577201	0.004513	
0.495661	0.000000	0.032816	
0.495661	0.000000	0.032816	
0.475346	0.029816	0.021302	
0.442550	0.061617	0.024428	
0.418063	0.087799	0.045566	
0.418063	0.087799	0.045566	
0.383484	0.152887	0.046735	
0.361740	0.152930	0.016439	
0.304642	0.177047	0.045636	
0.297225	0.212508	0.027231	
0.277937	0.245107	0.048320	
0.242434	0.267179	0.031755	
0.229400	0.286645	0.052740	
0.173313	0.333392	0.049890	
0.176554	0.348414	0.020038	
0.129294	0.367372	0.037967	
0.125944	0.405507	0.027137	
0.093119	0.426368	0.049125	
0.070566	0.467050	0.037379	
0.025865	0.484745	0.044714	
0.016595	0.514342	0.028223	
0.000000	0.548453	0.021359	
0.498183	0.000000	0.070642	
0.444345	0.022438	0.071920	
0.439391	0.037468	0.074061	
0.399391	0.074372	0.070075	
0.386350	0.087578	0.073116	
0.386350	0.087578	0.073116	
0.339547	0.147173	0.055795	
0.325842	0.166959	0.045235	
0.280918	0.198325	0.065186	
0.280918	0.198325	0.065186	
0.231496	0.247851	0.059959	
0.220216	0.264915	0.072633	
0.192533	0.286225	0.067766	
0.174160	0.318407	0.051918	
0.155068	0.363305	0.051039	
0.122576	0.377759	0.055451	
0.103600	0.420067	0.033403	
0.040018	0.443037	0.072519	
0.040018	0.443037	0.072519	
0.006333	0.458002	0.060314	
0.000000	0.535385	0.065766	
0.467105	0.000000	0.089391	
0.444345	0.022438	0.071920	
0.424417	0.047096	0.094048	
0.367779	0.073325	0.094074	
0.364338	0.081277	0.093873	
0.331713	0.122944	0.094683	
0.317561	0.114791	0.089259	
0.284248	0.158760	0.086525	
0.250386	0.190166	0.095918	
0.241932	0.208436	0.083747	
0.220795	0.228902	0.092077	
0.187749	0.271479	0.088268	
0.158058	0.278927	0.083734	
0.117280	0.305546	0.094992	
0.099865	0.336319	0.090760	
0.099865	0.336319	0.090760	
0.051707	0.406123	0.098865	
0.048899	0.410977	0.099519	
0.006333	0.458002	0.060314	
0.000000	0.453625	0.099677	
0.458933	0.000000	0.122108	
0.399061	0.012467	0.121616	
0.381442	0.037811	0.123359	
0.360140	0.066776	0.117233	
0.335020	0.092259	0.116621	
0.300931	0.105805	0.120399	
0.279843	0.131807	0.111763	
0.267156	0.149816	0.104750	
0.252445	0.185984	0.102386	
0.226844	0.210845	0.105520	
0.179043	0.231534	0.120932	
0.163663	0.263083	0.117115	
0.120745	0.275490	0.116607	
0.117280	0.305546	0.094992	
0.063975	0.343191	0.120589	
0.063975	0.343191	0.120589	
0.046775	0.403075	0.109238	
0.000000	0.422936	0.118518	
0.000000	0.422936	0.118518	
0.395175	0.000000	0.142442	
0.385867	0.010837	0.140243	
0.359555	0.027352	0.139245	
0.327168	0.048124	0.143592	
0.300724	0.091502	0.135390	
0.287763	0.120118	0.115485	
0.252618	0.128487	0.140292	
0.232590	0.164378	0.143847	
0.193792	0.201060	0.127467	
0.193792	0.201060	0.127467	
0.165724	0.211157	0.139583	
0.132734	0.247997	0.132599	
0.114401	0.276971	0.133990	
0.084288	0.306549	0.130892	
0.069153	0.335716	0.135285	
0.025388	0.352936	0.145329	
0.008368	0.393139	0.144175	
0.000000	0.406016	0.146599	
0.385489	0.000000	0.169820	
0.363359	0.013394	0.153610	
0.327180	0.038126	0.156286	
0.307834	0.056065	0.164310	
0.290735	0.085684	0.161021	
0.276985	0.123537	0.157377	
0.234918	0.128597	0.168041	
0.217538	0.168555	0.163133	
0.190255	0.182023	0.152511	
0.165724	0.211157	0.139583	
0.142116	0.228335	0.166904	
0.111309	0.254238	0.160009	
0.092671	0.262112	0.160219	
0.066060	0.303803	0.166658	
0.042690	0.346625	0.153315	
0.021460	0.347234	0.164499	
0.000000	0.382676	0.153759	
0.359163	0.000000	0.187515	
0.337156	0.007551	0.185901	
0.307769	0.043817	0.178162	
0.299716	0.063628	0.175712	
0.274753	0.089779	0.191012	
0.244836	0.118208	0.189783	
0.178987	0.130610	0.203009	
0.176686	0.164473	0.177655	
0.164448	0.182292	0.171287	
0.143985	0.221022	0.194797	
0.119657	0.239155	0.183851	
0.092671	0.262112	0.160219	
0.046288	0.283852	0.195938	
0.039218	0.305325	0.191475	
0.001345	0.341491	0.190629	
0.000000	0.367779	0.168345	
0.336330	0.000000	0.215984	
0.319008	0.019392	0.188335	
0.272609	0.039009	0.223820	
0.272750	0.061076	0.215745	
0.234132	0.085770	0.219485	
0.206183	0.120306	0.215700	
0.178987	0.130610	0.203009	
0.170431	0.159479	0.212033	
0.136985	0.174862	0.201921	
0.088351	0.221015	0.214920	
0.088351	0.221015	0.214920	
0.041107	0.265506	0.222788	
0.046288	0.283852	0.195938	
0.015866	0.312991	0.209277	
0.000000	0.345283	0.224002	
0.319400	0.000000	0.237327	
0.296799	0.015499	0.240868	
0.272609	0.039009	0.223820	
0.223695	0.069576	0.247382	
0.205608	0.093194	0.233049	
0.200502	0.114196	0.253870	
0.173226	0.137688	0.209610	
0.124557	0.154328	0.236709	
0.117131	0.190055	0.214588	
0.093634	0.208926	0.235615	
0.062702	0.234613	0.249098	
0.041513	0.275116	0.251940	
0.001752	0.290383	0.234614	
0.000000	0.317361	0.236735	
0.289029	0.000000	0.269654	
0.264580	0.014781	0.253736	
0.246197	0.027239	0.269443	
0.223695	0.069576	0.247382	
0.174539	0.094773	0.268136	
0.167028	0.118430	0.263308	
0.142767	0.136213	0.268449	
0.113975	0.168987	0.255889	
0.077744	0.157048	0.275032	
0.069113	0.211942	0.272930	
0.029036	0.236175	0.259616	
0.017082	0.256597	0.273582	
0.000000	0.310968	0.285726	
0.272088	0.000000	0.276249	
0.231861	0.021346	0.287625	
0.214713	0.034239	0.299388	
0.168070	0.074387	0.295316	
0.168070	0.074387	0.295316	
0.141925	0.119483	0.285008	
0.108820	0.140401	0.286453	
0.077744	0.157048	0.275032	
0.057163	0.192297	0.277247	
0.042858	0.232895	0.283005	
0.024424	0.244178	0.301258	
0.000000	0.310813	0.317996	
0.256785	0.000000	0.342852	
0.215611	0.014738	0.313789	
0.182560	0.039684	0.312112	
0.169138	0.056049	0.313909	
0.118092	0.098130	0.318579	
0.116950	0.117500	0.324257	
0.071414	0.144232	0.317790	
0.071414	0.144232	0.317790	
0.001130	0.187811	0.312715	
0.001130	0.187811	0.312715	
0.000000	0.264193	0.371523	
0.198421	0.000000	0.361291	
0.192689	0.003175	0.358932	
0.167807	0.049920	0.339299	
0.131750	0.046157	0.350839	
0.101465	0.094980	0.343730	
0.082175	0.109174	0.336244	
0.068103	0.140437	0.325760	
0.034112	0.173097	0.336934	
0.015457	0.174037	0.364221	
0.000000	0.200647	0.380674	
0.170859	0.000000	0.378392	
0.146967	0.019284	0.370457	
0.138624	0.043259	0.358947	
0.089036	0.066243	0.387501	
0.089444	0.081883	0.379884	
0.061390	0.114611	0.349217	
0.037963	0.146852	0.351001	
0.015457	0.174037	0.364221	
0.000000	0.213971	0.356015	
0.169401	0.000000	0.401426	
0.146967	0.019284	0.370457	
0.111060	0.033547	0.398034	
0.079316	0.072491	0.381691	
0.072913	0.090962	0.392780	
0.040997	0.126336	0.411474	
0.000000	0.139347	0.400040	
0.000000	0.179825	0.420455	
0.143247	0.000000	0.410527	
0.116513	0.022185	0.419338	
0.087803	0.044864	0.410554	
0.054865	0.048473	0.420167	
0.037992	0.087387	0.426510	
0.024404	0.123866	0.402772	
0.000000	0.139347	0.400040	
0.103291	0.000000	0.434825	
0.081643	0.024423	0.428280	
0.069398	0.042210	0.418154	
0.038553	0.067821	0.432689	
0.004819	0.085866	0.443744	
0.000000	0.118872	0.449776	
0.095836	0.000000	0.487408	
0.029233	0.008160	0.474884	
0.045474	0.029309	0.457053	
0.018809	0.065551	0.442605	
0.000000	0.071554	0.472851	
0.067324	0.000000	0.509399	
0.029233	0.008160	0.474884	
0.016425	0.024906	0.475025	
0.000000	0.071554	0.472851	
0.000000	0.000000	0.538371	
0.004756	0.017659	0.505417	
0.000000	0.000000	0.538371	
0.000000	0.000000	0.545993	
0.000000	0.000000	0.545993	
0.000000	0.000000	0.561271	
