0.501862	0.000000	0.000000	
0.479533	0.021447	0.000000	
0.457964	0.043552	0.000000	
0.439784	0.065570	0.000000	
0.415485	0.087684	0.000000	
0.395002	0.109441	0.000000	
0.373454	0.132161	0.000000	
0.351300	0.152609	0.000000	
0.328634	0.174291	0.000000	
0.309386	0.196779	0.000000	
0.284286	0.219953	0.000000	
0.263678	0.240149	0.000000	
0.240634	0.262738	0.000000	
0.220029	0.285017	0.000000	
0.197337	0.307365	0.000000	
0.174875	0.329400	0.000000	
0.153931	0.349363	0.000000	
0.131038	0.373094	0.000000	
0.109884	0.392633	0.000000	
0.086863	0.417824	0.000000	
0.064656	0.437472	0.000000	
0.042970	0.460861	0.000000	
0.021431	0.481132	0.000000	
0.000000	0.501895	0.000000	
0.480338	0.000000	0.021747	
0.460121	0.021545	0.019394	
0.442937	0.042154	0.018607	
0.417015	0.066182	0.019848	
0.398249	0.087654	0.021489	
0.374757	0.108534	0.020930	
0.352838	0.130467	0.020642	
0.331895	0.153730	0.019673	
0.309119	0.174205	0.020850	
0.287406	0.196368	0.021700	
0.268717	0.222652	0.016265	
0.240693	0.244375	0.020895	
0.220183	0.263702	0.021417	
0.200156	0.283062	0.021097	
0.175359	0.306927	0.020856	
0.153639	0.328635	0.020907	
0.130761	0.350298	0.020117	
0.107379	0.372871	0.020715	
0.087018	0.393798	0.021637	
0.063459	0.416655	0.021533	
0.043629	0.436969	0.021439	
0.020784	0.458675	0.021812	
0.000000	0.479503	0.021552	
0.458417	0.000000	0.043044	
0.438928	0.019924	0.042946	
0.418914	0.043940	0.040729	
0.398312	0.062201	0.043579	
0.375710	0.084694	0.041365	
0.352862	0.109447	0.043417	
0.332711	0.126375	0.043238	
0.310692	0.152388	0.042975	
0.287616	0.175979	0.039806	
0.267441	0.199528	0.040382	
0.241876	0.222239	0.040348	
0.218354	0.243908	0.043358	
0.199482	0.268191	0.041046	
0.177931	0.291221	0.044072	
0.153588	0.308098	0.042025	
0.130416	0.329750	0.042618	
0.106683	0.352360	0.042774	
0.088094	0.371458	0.042557	
0.064417	0.394545	0.042089	
0.043382	0.416057	0.042846	
0.020966	0.439287	0.042468	
0.000000	0.458138	0.043597	
0.436553	0.000000	0.065248	
0.415543	0.021031	0.064367	
0.397454	0.042375	0.064923	
0.378791	0.060929	0.067247	
0.353576	0.088168	0.062495	
0.330172	0.108781	0.066604	
0.311233	0.129784	0.065691	
0.291059	0.155487	0.054577	
0.266832	0.178330	0.066773	
0.241593	0.199068	0.064966	
0.223242	0.223447	0.057857	
0.201384	0.245956	0.064530	
0.177483	0.264814	0.064459	
0.151962	0.290234	0.064824	
0.129967	0.307907	0.064858	
0.107410	0.330305	0.064498	
0.087484	0.349719	0.064345	
0.062660	0.374738	0.064848	
0.043242	0.392728	0.065126	
0.021406	0.417577	0.065956	
0.000000	0.437050	0.065301	
0.416802	0.000000	0.086717	
0.397281	0.020619	0.083577	
0.374473	0.043695	0.083728	
0.352399	0.065892	0.086742	
0.332420	0.087505	0.085532	
0.310716	0.107318	0.085720	
0.289340	0.134092	0.088441	
0.269116	0.151485	0.087369	
0.242942	0.177266	0.085651	
0.219470	0.199395	0.084514	
0.197323	0.220447	0.087295	
0.177182	0.242222	0.086595	
0.154256	0.268227	0.086983	
0.131220	0.285137	0.086299	
0.110203	0.307585	0.085800	
0.088084	0.329879	0.086153	
0.064201	0.351409	0.086340	
0.043255	0.372548	0.087247	
0.021532	0.396656	0.085797	
0.000000	0.414913	0.085720	
0.393823	0.000000	0.109451	
0.370317	0.020973	0.109464	
0.349605	0.041978	0.111281	
0.333856	0.061386	0.107306	
0.312064	0.085630	0.110824	
0.288146	0.107616	0.109655	
0.264064	0.132762	0.110466	
0.243021	0.153367	0.109450	
0.217745	0.176705	0.110164	
0.193040	0.200696	0.110943	
0.176517	0.219511	0.110193	
0.153841	0.240346	0.108144	
0.133362	0.266726	0.107489	
0.105641	0.288598	0.110134	
0.087000	0.306748	0.109815	
0.064229	0.329069	0.109278	
0.043308	0.351130	0.108427	
0.021461	0.373035	0.108935	
0.000000	0.393663	0.108409	
0.371690	0.000000	0.130774	
0.353208	0.019890	0.129920	
0.329806	0.043581	0.132595	
0.313470	0.060601	0.133147	
0.288267	0.082155	0.132464	
0.266013	0.108634	0.130947	
0.243027	0.131906	0.131647	
0.216728	0.154317	0.131756	
0.194829	0.175159	0.131485	
0.173028	0.198038	0.131180	
0.150465	0.220107	0.131831	
0.131243	0.239586	0.132632	
0.109582	0.264534	0.132220	
0.087939	0.287408	0.131598	
0.064447	0.306658	0.130228	
0.042767	0.328941	0.133307	
0.021206	0.352414	0.132407	
0.000000	0.373317	0.129779	
0.349625	0.000000	0.153165	
0.333542	0.018483	0.151597	
0.313959	0.041265	0.151001	
0.285251	0.062093	0.156101	
0.266959	0.079631	0.155911	
0.237734	0.111442	0.153190	
0.214649	0.132650	0.153859	
0.196169	0.153048	0.153242	
0.173957	0.175714	0.153441	
0.152237	0.195893	0.155425	
0.130977	0.216481	0.154223	
0.108005	0.240197	0.154516	
0.083649	0.264306	0.153962	
0.062473	0.286195	0.153033	
0.038279	0.312273	0.153534	
0.020111	0.333090	0.152399	
0.000000	0.351921	0.150445	
0.328816	0.000000	0.175809	
0.307073	0.021078	0.176141	
0.281016	0.042937	0.178465	
0.265235	0.061598	0.177246	
0.241857	0.087280	0.176692	
0.222628	0.106197	0.176556	
0.195834	0.129743	0.177807	
0.176285	0.150492	0.175266	
0.154235	0.171237	0.177277	
0.131147	0.192734	0.177202	
0.100336	0.223385	0.176771	
0.088299	0.239415	0.175016	
0.063224	0.264709	0.176014	
0.043988	0.283667	0.176237	
0.021235	0.309643	0.176304	
0.000000	0.328530	0.175403	
0.307341	0.000000	0.197325	
0.286366	0.019663	0.198346	
0.261069	0.043840	0.198563	
0.241660	0.063892	0.199090	
0.220928	0.088081	0.197224	
0.197023	0.111031	0.197555	
0.175445	0.129636	0.199566	
0.153940	0.150838	0.198010	
0.130718	0.177934	0.199859	
0.109671	0.199578	0.200913	
0.086182	0.219361	0.197999	
0.064305	0.241793	0.198696	
0.041294	0.266294	0.199434	
0.020546	0.285546	0.196983	
0.000000	0.307228	0.196872	
0.286518	0.000000	0.220608	
0.263520	0.021687	0.219710	
0.243863	0.043650	0.218717	
0.221030	0.065690	0.217463	
0.199144	0.084962	0.218070	
0.175532	0.109588	0.220314	
0.154016	0.128455	0.220504	
0.129893	0.153490	0.221069	
0.109886	0.172631	0.222572	
0.083678	0.197936	0.223354	
0.060377	0.223136	0.222283	
0.042523	0.242449	0.220307	
0.021815	0.263715	0.220399	
0.000000	0.283906	0.218572	
0.264027	0.000000	0.242634	
0.243647	0.021735	0.242642	
0.219823	0.041634	0.244179	
0.198277	0.064786	0.241017	
0.176304	0.087186	0.240605	
0.155704	0.107518	0.242898	
0.133339	0.129648	0.243456	
0.109478	0.151477	0.241394	
0.087416	0.174894	0.242513	
0.066477	0.198747	0.239855	
0.042246	0.218269	0.242531	
0.021740	0.243090	0.243120	
0.000000	0.264047	0.241107	
0.241294	0.000000	0.264064	
0.222008	0.019262	0.268141	
0.196619	0.041061	0.268418	
0.176265	0.063664	0.267067	
0.154305	0.086731	0.263125	
0.132573	0.109018	0.265182	
0.108699	0.131226	0.263577	
0.086413	0.154770	0.263444	
0.064849	0.177203	0.261305	
0.042077	0.197825	0.265208	
0.017233	0.218983	0.266982	
0.000000	0.244151	0.264761	
0.221061	0.000000	0.286149	
0.193697	0.020337	0.286579	
0.175094	0.043226	0.287525	
0.151295	0.063138	0.287654	
0.130395	0.087018	0.286155	
0.108924	0.108397	0.286497	
0.086047	0.128060	0.288569	
0.066182	0.154874	0.285464	
0.041460	0.175540	0.286869	
0.021301	0.200330	0.283580	
0.000000	0.220293	0.287809	
0.197478	0.000000	0.307618	
0.174215	0.018292	0.308257	
0.150870	0.040791	0.312279	
0.131911	0.064203	0.307530	
0.111119	0.085761	0.309599	
0.088537	0.104661	0.309886	
0.063985	0.130504	0.309720	
0.044191	0.150184	0.308059	
0.018480	0.176056	0.312635	
0.000000	0.198057	0.307770	
0.175285	0.000000	0.328352	
0.150942	0.020301	0.330578	
0.131831	0.040436	0.328910	
0.108120	0.064411	0.331618	
0.082634	0.086804	0.332821	
0.061627	0.110648	0.331226	
0.042684	0.130627	0.329313	
0.014834	0.155036	0.333703	
0.000000	0.171660	0.329863	
0.152133	0.000000	0.350275	
0.128795	0.021331	0.352868	
0.107087	0.042330	0.352149	
0.088138	0.062181	0.350822	
0.063101	0.083881	0.355038	
0.035950	0.111738	0.355601	
0.017437	0.131553	0.353893	
0.000000	0.154266	0.351097	
0.129326	0.000000	0.371973	
0.107054	0.019305	0.375204	
0.088161	0.038200	0.377013	
0.066604	0.059673	0.375015	
0.041921	0.084875	0.375989	
0.020830	0.107795	0.375303	
0.000000	0.130739	0.374380	
0.108287	0.000000	0.393297	
0.085723	0.021739	0.393756	
0.066250	0.037636	0.398572	
0.042607	0.063364	0.397351	
0.021887	0.087739	0.396794	
0.000000	0.107247	0.397460	
0.086101	0.000000	0.416704	
0.065911	0.020391	0.417903	
0.043547	0.040732	0.421491	
0.021314	0.065953	0.420313	
0.000000	0.084796	0.418741	
0.066005	0.000000	0.438487	
0.041291	0.019935	0.440815	
0.015248	0.044702	0.446594	
0.000000	0.063426	0.445060	
0.043602	0.000000	0.457767	
0.021900	0.021900	0.458868	
0.000000	0.042707	0.460690	
0.020501	0.000000	0.481130	
0.000000	0.021514	0.483064	
0.000000	0.000000	0.501328	
