70.228449	0.000000	0.000000	
67.951801	2.998958	0.000000	
67.951801	2.998958	0.000000	
50.574961	7.744834	0.000000	
53.768814	7.475112	0.000000	
53.768814	7.475112	0.000000	
50.071103	16.275532	0.000000	
42.252802	23.477306	0.000000	
53.965935	15.042733	0.000000	
28.077606	32.382985	0.000000	
21.994152	40.626554	0.000000	
23.302578	32.149990	0.000000	
23.302578	32.149990	0.000000	
23.707107	35.120740	0.000000	
17.568564	27.981670	0.000000	
17.568564	27.981670	0.000000	
15.560120	34.109453	0.000000	
0.000000	47.439280	0.000000	
0.000000	46.822287	0.000000	
0.278987	45.580477	0.000000	
0.278987	45.580477	0.000000	
0.278987	45.580477	0.000000	
0.278987	45.580477	0.000000	
0.000000	46.855649	0.000000	
67.241369	0.000000	0.217148	
51.277284	2.888628	1.810768	
50.896509	2.867178	2.212994	
50.303683	8.016112	0.000000	
50.574961	7.744834	0.000000	
41.785216	10.444942	0.000000	
46.394390	14.902304	0.000000	
27.118794	20.725211	2.309348	
29.282682	18.484470	2.305638	
27.657191	20.615237	2.330027	
18.930055	21.432605	0.016498	
27.156064	21.960092	2.370753	
8.888842	28.825691	1.838788	
14.154007	20.968362	0.316426	
14.154007	20.968362	0.316426	
12.355812	34.750286	0.000000	
8.181950	36.140984	1.876709	
0.000000	47.439280	0.000000	
0.000000	45.979622	0.970518	
0.695929	45.014236	1.865273	
0.695929	45.014236	1.865273	
0.695929	45.014236	1.865273	
0.000000	45.979622	0.970518	
65.537194	0.000000	3.158070	
50.896509	2.867178	2.212994	
49.787114	2.804682	2.164757	
45.512524	7.277996	4.067307	
36.568701	9.140983	4.162475	
41.578413	10.393248	0.000000	
45.798755	17.244565	5.384045	
28.075057	17.722166	4.275568	
28.075057	17.722166	4.275568	
18.930055	21.432605	0.016498	
21.233601	24.040679	0.018506	
16.585673	19.128895	3.661053	
16.585673	19.128895	3.661053	
17.982350	32.729757	1.051361	
8.261259	34.224655	1.798926	
8.181950	36.140984	1.876709	
0.000000	41.158424	3.691867	
0.000000	41.158424	3.691867	
0.320332	41.759852	4.775465	
0.000000	42.989201	3.856086	
0.000000	35.274170	4.068782	
0.000000	37.706631	1.636247	
59.733072	0.000000	5.861465	
49.787114	2.804682	2.164757	
52.038834	2.931529	1.006317	
45.478126	7.272495	4.064233	
34.296019	8.572887	6.971135	
38.515719	10.235305	6.199183	
36.571370	9.718607	0.000000	
36.571370	9.718607	0.000000	
27.156064	21.960092	2.370753	
27.281128	23.335451	4.981601	
16.585673	19.128895	3.661053	
16.585673	19.128895	3.661053	
19.341866	22.307719	4.269444	
17.982350	32.729757	1.051361	
8.181950	36.140984	1.876709	
0.271655	39.397772	7.160048	
0.270291	39.199965	7.124099	
0.270291	39.199965	7.124099	
0.000000	32.838489	6.500692	
0.000000	37.706631	1.636247	
0.000000	35.274170	4.068782	
55.917137	0.000000	9.678857	
53.968076	3.040210	8.617109	
53.968076	3.040210	8.617109	
45.478126	7.272495	4.064233	
36.568701	9.140983	4.162475	
34.296019	8.572887	6.971135	
34.854145	9.262265	5.609845	
34.854145	9.262265	5.609845	
28.071991	22.486973	8.603766	
16.585673	19.128895	3.661053	
16.585673	19.128895	3.661053	
6.915207	35.413210	12.565521	
19.341866	22.307719	4.269444	
6.915207	35.413210	12.565521	
8.652175	36.721710	10.602692	
0.271655	39.397772	7.160048	
0.000000	30.856587	8.814454	
0.000000	31.463248	7.875576	
0.000000	32.841701	6.501328	
0.000000	32.841701	6.501328	
39.098634	0.000000	14.237833	
39.098634	0.000000	14.237833	
27.655103	4.289546	12.716268	
33.976331	3.298583	10.376101	
31.445210	8.356362	5.061170	
31.445210	8.356362	5.061170	
27.071086	7.193967	4.357146	
33.923530	9.014960	5.460061	
27.416112	23.450912	5.006249	
27.416112	23.450912	5.006249	
6.995913	35.946662	12.747839	
19.304957	42.821290	18.109740	
20.492791	44.129043	1.378395	
14.655899	41.885003	6.748320	
5.364304	29.554836	10.366019	
5.202522	28.663493	11.419143	
2.484910	42.251139	6.170581	
0.000000	30.856587	8.814454	
0.000000	32.841701	6.501328	
42.747834	0.000000	10.955995	
33.293480	0.000000	15.688424	
27.972193	2.376636	12.081017	
32.867831	7.864900	13.833623	
33.215460	8.826795	5.346096	
27.071086	7.193967	4.357146	
32.397835	8.609517	5.214497	
33.343943	1.301472	16.448408	
30.262396	0.425822	20.164367	
28.446918	0.783724	19.206635	
28.446918	0.783724	19.206635	
19.107296	39.855547	7.037386	
12.319187	35.206929	22.027033	
7.557694	41.639401	16.588567	
4.465991	24.605547	12.380566	
0.673269	48.987655	11.989547	
0.000000	48.075176	3.785820	
0.000000	50.587059	1.276319	
35.739318	0.000000	17.278479	
29.317512	0.000000	11.670478	
27.972193	2.376636	12.081017	
17.712773	3.333386	6.776439	
12.438385	1.429022	11.840155	
17.712773	3.333386	6.776439	
20.218294	1.195868	21.494381	
5.270680	0.200798	24.873664	
11.952886	4.282632	20.372073	
1.614271	14.684614	25.845737	
1.614271	14.684614	25.845737	
12.134447	34.678962	21.696712	
12.319187	35.206929	22.027033	
9.323093	17.678116	20.731726	
0.631993	45.984314	20.746992	
0.631993	45.984314	20.746992	
0.000000	48.075176	3.785820	
29.317512	0.000000	11.670478	
27.972193	2.376636	12.081017	
27.972193	2.376636	12.081017	
28.517297	4.943516	16.642884	
12.912970	1.483546	11.311046	
23.355466	2.425225	17.606794	
23.355466	2.425225	17.606794	
11.952886	4.282632	20.372073	
18.509636	12.847009	20.728483	
13.799292	9.692266	25.237967	
0.000000	35.803874	27.260761	
10.106283	19.163173	22.473303	
9.323093	17.678116	20.731726	
0.000000	35.803874	27.260761	
0.612200	44.544158	22.081409	
0.000000	48.221562	21.504568	
37.022533	0.000000	17.898860	
17.846724	1.559046	15.246714	
22.275368	2.383317	20.198123	
23.240384	1.127625	19.960028	
33.142683	6.604123	23.340878	
20.256452	6.673644	30.315580	
20.256452	6.673644	30.315580	
14.605025	10.258191	22.669230	
13.460301	9.454167	24.617977	
13.460301	9.454167	24.617977	
10.106283	19.163173	22.473303	
5.821719	20.348185	23.722743	
5.821719	20.348185	23.722743	
0.000000	40.630757	27.715667	
0.000000	45.707009	29.792991	
28.924482	0.000000	30.083728	
23.240384	1.127625	19.960028	
17.846724	1.559046	15.246714	
22.275368	2.383317	20.198123	
26.414839	1.689304	30.034385	
9.539907	3.079698	29.074073	
13.799292	9.692266	25.237967	
14.605025	10.258191	22.669230	
13.460301	9.454167	24.617977	
9.492732	27.425355	26.081913	
6.767233	23.652964	33.445548	
4.602933	25.444703	33.035934	
0.000000	43.147576	32.852193	
0.000000	40.864714	31.114041	
29.229294	0.000000	30.400757	
20.930790	0.318332	22.100752	
17.868690	1.911832	25.076286	
18.085771	1.156636	24.394105	
18.206204	2.091676	31.866951	
20.256452	6.673644	30.315580	
17.108077	2.717860	37.196204	
13.460301	9.454167	24.617977	
6.815219	23.604977	33.445548	
1.308546	11.419205	22.169426	
1.684583	14.700740	18.511855	
1.308546	11.419205	22.169426	
0.000000	42.392099	35.106908	
28.924482	0.000000	30.083728	
20.930790	0.318332	22.100752	
18.085771	1.156636	24.394105	
18.229255	2.094324	31.907298	
18.229255	2.094324	31.907298	
12.706852	8.924964	34.602803	
12.706852	8.924964	34.602803	
3.365184	21.354557	39.908706	
7.688636	18.970536	27.704958	
1.684583	14.700740	18.511855	
1.684583	14.700740	18.511855	
0.000000	39.238603	38.260404	
29.229294	0.000000	30.400757	
26.414839	1.689304	30.034385	
18.077735	2.597014	32.458623	
18.077735	2.597014	32.458623	
11.402287	11.656360	40.480625	
13.666881	9.599264	37.217116	
2.695256	17.103377	40.803234	
7.688636	18.970536	27.704958	
2.701929	20.639914	22.667159	
1.684583	14.700740	18.511855	
0.000000	31.365693	46.630466	
30.872574	0.000000	32.109897	
13.753441	2.184928	43.792063	
18.144168	2.882458	39.448863	
0.812891	0.526493	26.194098	
0.812891	0.526493	26.194098	
11.512307	9.099116	45.218279	
4.367437	11.453298	32.605135	
0.000000	20.615542	42.486809	
0.000000	16.711815	29.954491	
0.000000	25.386223	54.107291	
27.806528	0.000000	53.587890	
18.144168	2.882458	39.448863	
2.553031	1.695663	34.996919	
2.020045	1.308342	17.168043	
0.208868	0.097985	26.993602	
3.783946	12.036789	32.605135	
3.783946	12.036789	32.605135	
0.000000	16.711815	29.954491	
0.000000	23.601986	43.940566	
27.806528	0.000000	53.587890	
0.217479	0.126187	14.840927	
5.208307	3.289080	30.748226	
0.000000	0.000000	25.007437	
0.000000	0.000000	25.353428	
0.000000	0.000000	27.124807	
0.000000	0.000000	27.625630	
0.000000	23.601986	43.940566	
0.000000	0.000000	30.746820	
0.217479	0.126187	14.840927	
2.020045	1.308342	17.168043	
0.000000	0.000000	16.763526	
0.000000	0.000000	22.630318	
0.000000	0.000000	27.124807	
0.000000	0.000000	27.625630	
0.000000	0.000000	14.520734	
0.000000	0.000000	14.520734	
0.000000	0.000000	16.763526	
0.000000	0.000000	16.763526	
0.000000	0.000000	19.527827	
0.000000	0.000000	22.747709	
0.000000	0.000000	14.520734	
0.110126	0.052595	13.706860	
0.000000	0.000000	16.763526	
0.688290	0.188663	17.322823	
0.000000	0.000000	22.974121	
0.000000	0.000000	13.869582	
0.110126	0.052595	13.706860	
0.000000	0.000000	19.527827	
0.000000	0.000000	22.747709	
0.000000	0.000000	14.520734	
0.000000	0.000000	21.298097	
0.000000	0.000000	19.858532	
0.000000	0.000000	19.858532	
0.000000	0.000000	31.726771	
0.000000	0.000000	31.569586	
