287.945288	0.000000	0.000000	
287.945288	0.000000	0.000000	
0.000000	416.951041	0.000000	
57.071301	452.360465	0.000000	
0.000000	416.951041	0.000000	
239.898739	177.432958	11.905054	
239.898739	177.432958	11.905054	
218.369773	179.305874	0.000000	
170.925847	140.349133	33.598094	
170.925847	140.349133	33.598094	
104.543238	168.286569	76.763047	
104.543238	168.286569	76.763047	
50.497509	436.721447	2.423236	
223.200679	0.000000	123.695892	
56.133509	2.722438	230.995569	
154.470761	0.000000	162.439604	
14.512953	44.078580	394.539163	
9.361170	98.540454	141.056117	
7.185619	26.474637	194.540847	
0.000000	0.000000	275.943239	
293.927908	0.000000	95.739345	
258.358854	0.000000	0.000000	
258.358854	0.000000	0.000000	
225.438699	60.939587	27.869364	
22.223534	33.869858	420.624987	
268.808170	0.000000	0.000000	
0.000000	192.365751	143.901747	
4.612819	47.705909	144.790258	
58.719789	447.641705	0.434759	
168.532233	138.383710	33.127592	
218.369773	179.305874	0.000000	
212.601653	211.474386	29.826777	
296.239445	0.000000	226.534710	
277.434186	51.339262	33.434118	
136.963621	129.955140	283.666663	
5.598393	10.016387	260.622504	
223.200679	0.000000	123.695892	
361.651378	13.228462	150.668869	
154.470761	0.000000	162.439604	
100.321155	148.271606	167.938209	
17.666314	36.254009	118.592967	
9.361170	98.540454	141.056117	
249.601544	69.754653	118.553479	
253.978810	104.440937	0.000000	
74.291322	66.634177	54.572661	
225.578781	4.134458	54.094478	
14.512953	44.078580	394.539163	
210.868379	0.000000	0.000000	
514.977516	0.000000	0.000000	
268.808170	0.000000	0.000000	
0.000000	192.365751	143.901747	
202.122751	1.268102	174.861834	
0.000000	112.794595	172.217217	
13.325321	239.228055	112.143450	
99.517426	115.640976	134.032566	
302.749751	45.415127	70.265299	
296.239445	0.000000	226.534710	
103.352378	323.769420	49.667467	
64.220162	195.632112	159.450064	
260.725244	113.310524	59.964862	
70.220564	0.000000	341.275827	
19.589431	171.857399	330.856383	
12.959637	247.146838	27.163986	
59.745755	128.245683	75.391268	
52.591584	54.909483	395.074569	
282.617155	207.382349	77.123098	
253.978810	104.440937	0.000000	
40.559298	135.761199	431.458183	
92.531475	309.765132	18.438536	
185.231016	0.000000	0.000000	
210.868379	0.000000	0.000000	
185.231016	0.000000	0.000000	
444.805463	71.885920	7.318668	
1.808488	1.890994	320.362479	
321.261699	0.000000	0.000000	
0.000000	112.794595	172.217217	
302.567714	98.245289	11.812298	
262.921308	200.333706	0.000000	
4.710048	1.903103	138.390981	
0.000000	0.000000	395.114105	
5.598393	10.016387	260.622504	
142.137476	6.365525	289.586476	
11.748768	174.379802	240.359691	
28.783045	133.023754	400.295389	
0.000000	116.587339	25.402209	
6.190630	156.297202	266.444656	
8.790118	11.504551	253.355076	
39.037895	103.759168	350.500864	
20.634145	26.083291	436.909827	
6.084604	266.636079	236.739295	
36.065004	15.123561	148.997492	
280.164649	217.626631	20.317540	
51.039458	24.501250	352.202899	
102.060646	48.993729	130.697139	
321.261699	0.000000	0.000000	
292.332616	169.189752	107.596515	
13.196302	17.454139	458.543769	
262.921308	200.333706	0.000000	
302.749751	45.415127	70.265299	
104.057944	204.456461	99.317304	
4.710048	1.903103	138.390981	
48.231534	65.757929	93.675767	
48.231534	65.757929	93.675767	
120.676784	489.822826	15.903262	
4.723605	33.673007	62.608535	
0.000000	116.587339	25.402209	
0.244866	1.404879	299.291991	
130.342311	158.941565	176.181905	
52.591584	54.909483	395.074569	
99.627172	83.259779	514.544748	
48.432799	90.343949	221.545174	
211.403164	50.952045	125.982436	
102.060646	48.993729	130.697139	
25.359888	34.106576	335.275587	
247.510977	196.487220	65.753089	
240.447571	143.732012	87.036046	
26.383621	176.343645	238.742704	
241.606897	36.243161	123.424022	
201.063056	21.415257	93.738203	
30.556741	79.370390	182.505219	
113.635960	153.768809	96.592161	
34.324119	171.888832	114.217428	
156.949919	159.706475	118.857809	
2.119870	258.195892	241.145828	
40.748825	283.083572	11.191854	
305.502761	26.191709	18.563864	
2.151663	248.518841	33.828085	
61.011083	77.824923	315.670997	
217.915574	177.028435	19.805008	
105.832810	96.148808	93.538649	
91.504898	23.423083	236.336066	
299.695484	5.609390	168.162696	
45.827565	6.071792	217.480897	
54.666802	24.822427	391.162149	
379.025363	135.295254	2.310979	
175.561976	113.777881	190.970935	
55.549776	109.697446	218.930956	
27.948082	218.342652	236.914516	
90.474002	122.426734	15.941272	
90.474002	122.426734	15.941272	
15.646845	122.987795	287.657388	
11.611234	133.983822	239.798229	
230.070111	38.555975	239.627251	
85.965202	106.506156	309.661896	
253.009833	248.682197	39.741543	
49.500895	66.720006	264.251103	
0.000000	81.690660	257.626295	
0.000000	0.000000	293.255260	
76.985640	30.776862	349.655184	
256.796448	16.238690	320.415789	
61.981717	82.243774	110.128562	
122.514308	0.000000	56.855628	
145.124860	14.023555	174.154751	
333.529884	6.797314	65.426873	
42.961836	126.118460	165.236479	
95.826358	116.086003	193.528883	
2.618715	7.624837	403.625863	
0.000000	147.820584	182.566801	
11.611234	133.983822	239.798229	
203.873817	69.991899	232.111520	
0.000000	0.000000	107.606313	
17.644758	365.203328	0.000000	
15.109622	312.732217	162.736182	
15.109622	312.732217	162.736182	
3.280110	6.813511	470.326068	
0.000000	0.000000	293.255260	
39.576130	193.052582	68.152148	
379.025363	135.295254	2.310979	
122.514308	0.000000	56.855628	
141.636568	92.521201	48.021833	
71.390195	137.384566	239.143535	
0.000000	0.000000	204.243335	
0.000000	0.000000	204.243335	
6.909867	56.611978	131.788190	
6.909867	56.611978	131.788190	
117.408164	155.243880	323.684022	
0.000000	0.000000	107.606313	
18.292538	10.164524	443.518436	
17.644758	365.203328	0.000000	
0.000000	81.690660	257.626295	
24.186152	34.705209	262.769020	
266.104951	9.538672	111.347202	
273.708750	21.054674	27.132391	
2.735020	10.289500	300.483999	
148.782117	40.656797	174.433177	
312.725211	42.314595	179.969122	
140.499188	12.067692	153.074903	
245.608422	9.286487	111.532316	
245.608422	9.286487	111.532316	
25.970554	140.119838	221.674445	
39.693019	144.140369	173.114292	
130.974909	154.107814	106.599484	
14.984876	25.388382	299.857001	
6.220112	28.285334	469.987381	
16.663743	7.430873	280.332831	
151.458472	98.661359	52.598403	
105.131243	68.483402	36.509912	
105.131243	68.483402	36.509912	
119.809779	44.087770	281.693721	
0.000000	53.123086	330.147730	
25.406199	56.567355	161.638477	
44.144093	161.397789	245.088947	
55.450593	89.260579	58.098341	
84.417307	37.991195	107.362776	
156.451721	56.891313	220.108196	
0.000000	223.788818	8.770614	
157.211899	34.074648	171.438961	
0.000000	0.000000	354.187454	
0.000000	0.000000	354.187454	
72.873238	68.151977	168.993707	
60.293557	55.927163	361.634608	
3.714260	27.324218	336.642497	
3.714260	27.324218	336.642497	
164.587364	58.921096	283.267336	
82.424270	0.000000	393.792255	
44.698095	28.376806	335.031411	
84.417307	37.991195	107.362776	
34.418678	82.916707	75.129711	
63.245864	341.496140	13.831677	
0.000000	223.788818	8.770614	
54.409117	79.001121	400.061669	
18.426123	9.849688	459.609900	
8.284111	282.124753	251.729065	
12.366292	47.068898	212.767725	
250.540990	152.961394	87.243912	
102.796022	36.989270	160.093981	
102.796022	36.989270	160.093981	
0.750238	43.049834	258.526839	
66.289264	6.785638	335.031411	
37.523273	90.395868	81.906478	
37.523273	90.395868	81.906478	
16.977448	38.524174	121.045738	
8.548737	67.965864	179.880869	
18.426123	9.849688	459.609900	
0.025501	1.247810	468.056545	
0.025501	1.247810	468.056545	
186.164179	41.078511	58.562788	
327.052872	42.183763	47.387993	
82.424270	0.000000	393.792255	
66.289264	6.785638	335.031411	
44.698095	28.376806	335.031411	
34.418678	82.916707	75.129711	
6.863229	173.415570	193.858771	
23.033501	32.609174	121.353364	
16.977448	38.524174	121.045738	
87.702536	102.910516	248.232053	
156.754592	95.426082	137.898848	
186.164179	41.078511	58.562788	
162.322238	180.763656	160.722271	
66.974370	67.619081	345.050517	
49.566128	291.215433	193.916283	
0.000000	0.000000	399.688791	
22.554518	36.952617	134.977949	
18.401062	44.679304	263.512981	
0.025594	13.264704	485.391676	
53.783710	39.542834	301.231682	
102.782879	163.102811	139.624887	
229.339475	149.997347	178.958400	
278.343847	190.763720	30.509409	
85.935725	33.826628	307.020337	
19.379267	141.897487	405.137806	
11.797363	86.214737	287.801751	
28.809035	78.903941	145.825771	
165.288354	89.435923	125.724945	
225.644881	130.816693	198.879148	
200.472534	7.737575	262.075759	
200.472534	7.737575	262.075759	
56.167752	10.761751	348.959984	
6.225663	121.821657	221.259698	
0.000000	0.000000	399.688791	
0.000000	277.093006	0.000000	
18.401062	44.679304	263.512981	
170.061610	84.401309	23.926180	
159.464794	6.154812	208.466747	
51.492963	9.866061	319.916371	
51.492963	9.866061	319.916371	
2.738590	310.715898	86.248919	
11.797363	86.214737	287.801751	
53.209046	122.094006	419.745623	
224.345096	116.767482	153.812531	
95.982452	10.940089	404.282264	
5.171542	7.272283	211.844457	
20.986468	3.414836	296.529952	
0.000000	254.067647	16.737751	
34.545063	172.610365	314.680214	
224.345096	116.767482	153.812531	
174.325036	0.000000	255.605891	
9.382945	22.568054	345.646109	
0.000000	112.376812	0.000000	
0.000000	112.376812	0.000000	
1.679940	101.257131	188.323878	
190.131182	0.000000	278.781817	
0.000000	21.539989	407.552305	
0.000000	21.539989	407.552305	
174.325036	0.000000	255.605891	
179.894800	55.540678	10.090307	
0.025426	62.404058	420.382860	
186.646597	45.670281	369.128486	
16.619269	321.246995	155.706780	
200.769621	104.496882	137.649023	
