0.501862	0.000000	0.000000	
0.479533	0.021447	0.000000	
0.457964	0.043552	0.000000	
0.439784	0.065570	0.000000	
0.415485	0.087684	0.000000	
0.395002	0.109441	0.000000	
0.373454	0.132161	0.000000	
0.351300	0.152609	0.000000	
0.328439	0.174308	0.000000	
0.306450	0.198166	0.000000	
0.283010	0.219544	0.000000	
0.262542	0.240577	0.000000	
0.239764	0.262093	0.000000	
0.217849	0.283630	0.000000	
0.195792	0.307023	0.000000	
0.173904	0.327957	0.000000	
0.152698	0.350501	0.000000	
0.131628	0.369957	0.000000	
0.108769	0.394296	0.000000	
0.087348	0.417199	0.000000	
0.064656	0.437472	0.000000	
0.043113	0.460563	0.000000	
0.021431	0.481132	0.000000	
0.000000	0.501268	0.000000	
0.480338	0.000000	0.021747	
0.460121	0.021545	0.019394	
0.442937	0.042154	0.018607	
0.417015	0.066182	0.019848	
0.398249	0.087654	0.021489	
0.374757	0.108534	0.020930	
0.352838	0.130467	0.020642	
0.330460	0.152021	0.021483	
0.308265	0.174215	0.021642	
0.287406	0.196368	0.021700	
0.260203	0.222085	0.022061	
0.238579	0.242610	0.021929	
0.217979	0.262781	0.020772	
0.195145	0.286284	0.020549	
0.175130	0.306014	0.020756	
0.153016	0.328010	0.020532	
0.130761	0.350298	0.020117	
0.107379	0.372871	0.020715	
0.087018	0.393798	0.021637	
0.065441	0.415921	0.021769	
0.043629	0.436969	0.021439	
0.020784	0.458675	0.021812	
0.000000	0.479088	0.021669	
0.458417	0.000000	0.043044	
0.438928	0.019924	0.042946	
0.418909	0.039591	0.043550	
0.397678	0.062640	0.043253	
0.373785	0.086794	0.042028	
0.352842	0.108204	0.043686	
0.329163	0.130272	0.043737	
0.310448	0.152527	0.043730	
0.287272	0.175881	0.042577	
0.265498	0.197432	0.042361	
0.241550	0.220021	0.042878	
0.219016	0.240655	0.043077	
0.196041	0.263779	0.043378	
0.174308	0.284594	0.042302	
0.153081	0.306213	0.041835	
0.130798	0.328766	0.041585	
0.109177	0.350741	0.042263	
0.087436	0.371181	0.043249	
0.065169	0.393718	0.043424	
0.043382	0.416057	0.042846	
0.021619	0.436298	0.043082	
0.000000	0.457746	0.043623	
0.436553	0.000000	0.065248	
0.415543	0.021031	0.064367	
0.394045	0.043492	0.063097	
0.373565	0.062754	0.064315	
0.353576	0.088168	0.062495	
0.330415	0.108429	0.064840	
0.311233	0.129784	0.065691	
0.288789	0.154472	0.058447	
0.267178	0.176711	0.063738	
0.240736	0.197470	0.065543	
0.219682	0.218358	0.064237	
0.197767	0.241159	0.064828	
0.175187	0.263984	0.064537	
0.153703	0.283923	0.065689	
0.131852	0.306883	0.063456	
0.109147	0.330019	0.064451	
0.087484	0.349719	0.064345	
0.062660	0.374738	0.064848	
0.043242	0.392728	0.065126	
0.021406	0.417577	0.065956	
0.000000	0.435811	0.065431	
0.414374	0.000000	0.086964	
0.397281	0.020619	0.083577	
0.374473	0.043695	0.083728	
0.351654	0.064047	0.086090	
0.328176	0.086912	0.086824	
0.309948	0.110952	0.079968	
0.284411	0.133568	0.087229	
0.269116	0.151485	0.087369	
0.242942	0.177266	0.085651	
0.220114	0.196685	0.085522	
0.197323	0.220447	0.087295	
0.174649	0.241408	0.088033	
0.153294	0.261509	0.087444	
0.131220	0.285137	0.086299	
0.107684	0.307391	0.087528	
0.088084	0.329879	0.086153	
0.064201	0.351409	0.086340	
0.043255	0.372548	0.087247	
0.021532	0.396656	0.085797	
0.000000	0.414913	0.085720	
0.393390	0.000000	0.109166	
0.370317	0.020973	0.109464	
0.350438	0.043384	0.110621	
0.329036	0.066355	0.109840	
0.305075	0.088089	0.110247	
0.287226	0.108374	0.110246	
0.264064	0.132762	0.110466	
0.243021	0.153367	0.109450	
0.219986	0.175514	0.109138	
0.193040	0.200696	0.110943	
0.176194	0.220179	0.109218	
0.153412	0.241011	0.108704	
0.129006	0.263575	0.109323	
0.109362	0.286652	0.109355	
0.087000	0.306748	0.109815	
0.064229	0.329069	0.109278	
0.043308	0.351130	0.108427	
0.020571	0.370429	0.109490	
0.000000	0.392523	0.108834	
0.371690	0.000000	0.130774	
0.351699	0.019121	0.130216	
0.329806	0.043581	0.132595	
0.308090	0.063928	0.132744	
0.288267	0.082155	0.132464	
0.263756	0.109325	0.132159	
0.240940	0.131216	0.131847	
0.216728	0.154317	0.131756	
0.194829	0.175159	0.131485	
0.173028	0.198038	0.131180	
0.150465	0.220107	0.131831	
0.130307	0.240584	0.130793	
0.107960	0.263314	0.130726	
0.086080	0.285110	0.131077	
0.064447	0.306658	0.130228	
0.042105	0.328278	0.130737	
0.021707	0.348643	0.130990	
0.000000	0.370712	0.130498	
0.349625	0.000000	0.153165	
0.328920	0.021348	0.154060	
0.303524	0.043548	0.154709	
0.283945	0.062841	0.154797	
0.262115	0.087059	0.153548	
0.237183	0.110914	0.155624	
0.214649	0.132650	0.153859	
0.196169	0.153048	0.153242	
0.173957	0.175714	0.153441	
0.152242	0.196935	0.153856	
0.130769	0.219366	0.153695	
0.109240	0.241545	0.153222	
0.087292	0.264254	0.153188	
0.062473	0.286195	0.153033	
0.040565	0.308722	0.152211	
0.020058	0.328624	0.152306	
0.000000	0.349012	0.152505	
0.328564	0.000000	0.174191	
0.305226	0.021673	0.175557	
0.287935	0.041457	0.174591	
0.265235	0.061598	0.177246	
0.241857	0.087280	0.176692	
0.222247	0.103495	0.177860	
0.195834	0.129743	0.177807	
0.176285	0.150492	0.175266	
0.154235	0.171237	0.177277	
0.131147	0.192734	0.177202	
0.106408	0.221635	0.175528	
0.088299	0.239415	0.175016	
0.063224	0.264709	0.176014	
0.043638	0.283922	0.173910	
0.021812	0.305640	0.173771	
0.000000	0.327317	0.174299	
0.305585	0.000000	0.195660	
0.285752	0.020290	0.197732	
0.261224	0.043861	0.196160	
0.241660	0.063892	0.199090	
0.220928	0.088081	0.197224	
0.197023	0.111031	0.197555	
0.176784	0.130034	0.197721	
0.153940	0.150838	0.198010	
0.129538	0.174254	0.199047	
0.111099	0.199868	0.196860	
0.086182	0.219361	0.197999	
0.064305	0.241793	0.198696	
0.043743	0.262396	0.196964	
0.018862	0.285024	0.196686	
0.000000	0.305533	0.195988	
0.284078	0.000000	0.217844	
0.263520	0.021687	0.219710	
0.243863	0.043650	0.218717	
0.221030	0.065690	0.217463	
0.198828	0.088353	0.220046	
0.175532	0.109588	0.220314	
0.152571	0.129925	0.219116	
0.128759	0.154050	0.220269	
0.108111	0.175176	0.219740	
0.085520	0.199056	0.221847	
0.063909	0.222561	0.222663	
0.042523	0.242449	0.220307	
0.019628	0.263568	0.220024	
0.000000	0.283644	0.217576	
0.263078	0.000000	0.239409	
0.243647	0.021735	0.242642	
0.219823	0.041634	0.244179	
0.198277	0.064786	0.241017	
0.176304	0.087186	0.240605	
0.152037	0.109151	0.240286	
0.130083	0.131131	0.242275	
0.109478	0.151477	0.241394	
0.086188	0.176092	0.240277	
0.064558	0.197039	0.241629	
0.042246	0.218269	0.242531	
0.019809	0.240009	0.242013	
0.000000	0.261498	0.240371	
0.240244	0.000000	0.260876	
0.221359	0.021500	0.264795	
0.200664	0.040892	0.261220	
0.174090	0.065426	0.262270	
0.154305	0.086731	0.263125	
0.129202	0.110364	0.262155	
0.108699	0.131226	0.263577	
0.086413	0.154770	0.263444	
0.062612	0.176864	0.265040	
0.042820	0.197195	0.263775	
0.019272	0.218604	0.264640	
0.000000	0.240089	0.261313	
0.218918	0.000000	0.284223	
0.196910	0.021636	0.283511	
0.175094	0.043226	0.287525	
0.151295	0.063138	0.287654	
0.130395	0.087018	0.286155	
0.108924	0.108397	0.286497	
0.086336	0.130281	0.285846	
0.062530	0.153996	0.285592	
0.041460	0.175540	0.286869	
0.021154	0.197030	0.284273	
0.000000	0.218108	0.282624	
0.196864	0.000000	0.305167	
0.174215	0.018292	0.308257	
0.153734	0.040312	0.308796	
0.131911	0.064203	0.307530	
0.110471	0.085922	0.309996	
0.085835	0.109508	0.309355	
0.064544	0.130394	0.308665	
0.044191	0.150184	0.308059	
0.021277	0.170661	0.311065	
0.000000	0.196382	0.305804	
0.172828	0.000000	0.327741	
0.152860	0.020966	0.329985	
0.131831	0.040436	0.328910	
0.110215	0.065166	0.330499	
0.086878	0.086372	0.331336	
0.065292	0.109597	0.330232	
0.042684	0.130627	0.329313	
0.021239	0.151503	0.330201	
0.000000	0.174357	0.328959	
0.152764	0.000000	0.349061	
0.132258	0.021932	0.350978	
0.109156	0.042405	0.350890	
0.087655	0.061766	0.352548	
0.066007	0.084607	0.352089	
0.041324	0.110068	0.352381	
0.018412	0.132037	0.351478	
0.000000	0.151608	0.349861	
0.131053	0.000000	0.371554	
0.106293	0.021996	0.372488	
0.087954	0.040185	0.374959	
0.063809	0.064175	0.374534	
0.042720	0.085071	0.375334	
0.021396	0.108036	0.372777	
0.000000	0.130474	0.370625	
0.108287	0.000000	0.393297	
0.085723	0.021739	0.393756	
0.066250	0.037636	0.398572	
0.043181	0.065594	0.395162	
0.021887	0.087739	0.396794	
0.000000	0.109296	0.392549	
0.086101	0.000000	0.416704	
0.065911	0.020391	0.417903	
0.043547	0.040732	0.421491	
0.021314	0.065953	0.420313	
0.000000	0.087267	0.414422	
0.066005	0.000000	0.438487	
0.041291	0.019935	0.440815	
0.021321	0.035867	0.445158	
0.000000	0.065745	0.437339	
0.043602	0.000000	0.457767	
0.021900	0.021900	0.458868	
0.000000	0.043772	0.457071	
0.020501	0.000000	0.481130	
0.000000	0.020367	0.481220	
0.000000	0.000000	0.500857	
