79.145627	0.000000	0.000000	
75.587486	3.343680	0.000000	
76.676164	0.000000	0.000000	
77.139422	0.000000	0.000000	
73.989682	16.015715	0.000000	
75.377860	17.273507	0.000000	
69.060656	23.691470	0.000000	
65.546182	11.993669	0.000000	
10.506487	29.487259	0.000000	
10.506487	29.487259	0.000000	
53.880876	34.119124	0.000000	
40.388916	42.188044	0.000000	
47.503922	47.556449	0.000000	
32.032248	47.584958	0.000000	
32.239716	47.055125	0.000000	
28.994783	40.120691	0.000000	
15.522686	52.074950	0.000000	
3.758655	55.369224	0.000000	
3.758655	55.369224	0.000000	
3.758655	55.369224	0.000000	
5.362006	36.768975	0.000000	
3.571211	55.556667	0.000000	
2.517525	49.994742	0.000000	
0.000000	74.444222	0.000000	
59.498388	0.000000	0.658423	
59.498388	0.000000	0.658423	
72.503478	0.000000	0.204446	
72.503478	0.000000	0.204446	
73.989682	16.015715	0.000000	
75.377860	17.273507	0.000000	
33.236649	17.612305	0.000000	
33.450274	10.130238	0.415749	
32.370250	11.409693	0.489724	
53.880876	34.119124	0.000000	
40.388916	42.188044	0.000000	
48.484740	52.015260	0.000000	
36.203143	53.780960	0.000000	
32.032248	47.584958	0.000000	
28.994783	40.120691	0.000000	
3.758655	55.369224	0.000000	
15.522686	52.074950	0.000000	
1.508184	21.475841	1.751270	
1.508184	21.475841	1.751270	
4.704213	36.348588	1.078180	
2.593960	36.987308	0.000000	
2.313023	36.761780	0.506465	
0.000000	68.392868	0.139325	
72.096336	0.000000	6.963274	
45.554069	0.135001	5.962581	
45.998715	0.136318	5.299234	
45.998715	0.136318	5.299234	
21.869725	5.756841	3.323959	
21.014131	7.565334	3.554721	
44.449550	15.667341	6.094705	
32.370250	11.409693	0.489724	
44.449550	15.667341	6.094705	
53.553761	24.674628	5.649707	
22.822972	44.630674	8.556932	
11.206144	37.593971	3.927516	
21.760644	47.392689	0.000000	
21.760644	47.392689	0.000000	
17.323984	58.117883	0.000000	
0.455023	48.431258	1.613719	
0.455023	48.431258	1.613719	
0.455023	48.431258	1.613719	
5.362006	36.768975	0.000000	
2.313023	36.761780	0.506465	
0.000000	19.277287	0.817434	
0.000000	51.424313	0.000000	
72.096336	0.000000	6.963274	
44.386173	0.131540	6.328077	
41.937980	0.000000	2.011472	
41.599874	0.000000	1.781151	
41.937980	0.000000	2.011472	
0.418930	0.000000	0.081070	
33.236649	17.612305	0.000000	
31.808388	15.631466	3.470153	
20.906724	26.969910	0.000000	
42.082595	2.745137	9.622759	
30.467055	35.871365	10.462752	
11.206144	37.593971	3.927516	
7.330378	45.807907	10.036302	
7.330378	45.807907	10.036302	
7.330378	45.807907	10.036302	
0.455023	48.431258	1.613719	
0.455023	48.431258	1.613719	
0.000000	52.938554	8.278876	
0.024048	38.145228	0.245771	
0.000000	51.424313	0.000000	
0.000000	19.277287	0.817434	
67.463603	0.000000	14.339354	
43.451745	0.128770	7.646950	
41.599874	0.000000	1.781151	
41.233515	0.000000	1.160415	
0.418930	0.000000	0.081070	
42.863937	17.404282	6.228154	
42.863937	17.404282	6.228154	
20.906724	26.969910	0.000000	
31.808388	15.631466	3.470153	
22.974695	27.049995	7.783190	
22.974695	27.049995	7.783190	
7.330378	45.807907	10.036302	
9.436801	20.691495	10.017268	
7.330378	45.807907	10.036302	
0.458366	48.787021	1.256633	
0.458366	48.787021	1.256633	
0.000000	52.938554	8.278876	
0.000000	52.155425	6.245985	
0.000000	52.155425	6.245985	
0.000000	70.392595	0.000000	
50.006671	0.000000	0.000000	
40.922382	0.000000	0.000000	
42.232613	4.275266	7.561953	
37.491175	4.174011	7.732443	
37.948343	6.281296	12.587508	
22.809735	10.248571	6.061665	
22.809735	10.248571	6.061665	
49.123815	30.404094	20.972092	
47.262430	34.835931	16.813822	
22.197891	37.577202	18.017490	
10.721589	26.353027	21.051418	
9.436801	20.691495	10.017268	
10.265833	22.509261	10.897294	
17.299331	37.931183	18.363431	
14.972318	45.580929	15.542944	
8.650356	55.487324	18.540991	
0.000000	19.030037	5.822933	
0.293063	20.139209	4.416018	
0.000000	67.942384	1.520560	
25.413562	0.000000	14.939149	
25.413562	0.000000	14.939149	
37.491175	4.174011	7.732443	
26.088996	0.437917	15.084893	
25.929946	0.435247	15.441703	
52.447656	21.546415	14.915958	
42.485362	19.067107	27.255984	
35.990159	27.956283	26.014536	
2.731454	34.510796	24.090238	
14.751242	26.708594	16.776939	
14.751242	26.708594	16.776939	
17.299331	37.931183	18.363431	
10.265833	22.509261	10.897294	
16.950044	45.980343	20.351002	
4.645323	54.528854	0.000000	
0.293063	20.139209	4.416018	
0.000000	19.030037	5.822933	
0.000000	22.001964	10.459715	
25.900953	0.000000	13.927373	
25.900953	0.000000	13.927373	
25.900953	0.000000	13.927373	
25.929946	0.435247	15.441703	
35.019893	1.518364	23.034430	
35.019893	1.518364	23.034430	
32.002834	7.297161	29.918568	
29.922227	14.963182	19.881735	
32.002834	7.297161	29.918568	
10.721589	26.353027	21.051418	
23.445867	24.550555	24.745401	
17.050883	51.372509	32.076608	
4.801081	31.719101	13.979818	
6.197772	40.027749	20.728871	
4.645323	54.528854	0.000000	
0.000000	61.169976	12.654354	
0.000000	71.610098	9.689528	
25.900953	0.000000	13.927373	
25.900953	0.000000	13.927373	
27.223626	0.000000	14.638596	
52.246703	12.662028	23.091269	
36.978493	1.603283	24.322705	
34.968039	19.436135	35.830099	
39.570175	0.000000	32.655253	
17.893681	25.743102	23.551795	
17.893681	25.743102	23.551795	
20.307897	18.357371	34.976156	
14.604347	41.355431	33.033453	
4.732090	34.936591	27.832273	
6.197772	40.027749	20.728871	
6.197772	40.027749	20.728871	
3.383344	47.085380	21.607046	
0.000000	61.169976	12.654354	
25.172692	0.000000	15.913633	
27.223626	0.000000	14.638596	
16.302573	0.046445	27.474131	
16.302573	0.046445	27.474131	
41.187920	12.537463	38.040993	
39.766733	15.852579	39.824910	
34.968039	19.436135	35.830099	
19.838970	32.602570	35.990464	
19.110179	31.404904	37.916921	
0.091844	31.811138	30.232666	
0.000000	30.449693	9.472526	
0.000000	33.600235	8.196467	
0.000000	12.957042	5.183816	
3.383344	47.085380	21.607046	
0.000000	71.610098	9.689528	
56.541552	0.000000	43.958448	
19.208011	0.048947	34.711938	
20.059879	0.072243	31.824673	
8.677899	0.000000	29.462887	
36.173004	0.000000	39.971703	
31.575099	0.075718	43.157582	
26.477595	15.901621	46.129703	
0.000000	30.805912	36.631330	
0.084802	29.372116	34.125520	
0.000000	30.449693	9.472526	
0.091152	31.571712	28.547171	
0.000000	12.957042	5.183816	
0.643053	35.623917	32.175832	
0.000000	52.649362	37.825700	
27.007545	0.000000	30.265885	
14.032064	0.029434	26.246244	
10.708801	0.038566	17.709390	
18.053249	0.086792	20.665099	
7.596633	9.026025	38.471019	
6.468623	1.271956	5.259421	
7.565653	0.000000	31.760957	
0.084802	29.372116	34.125520	
0.084802	29.372116	34.125520	
0.087575	30.332834	35.347738	
0.090638	31.393746	34.163743	
0.091844	31.811138	30.232666	
0.000000	34.760652	41.836646	
27.007545	0.000000	30.265885	
21.317612	0.019141	23.329715	
10.708801	0.038566	17.709390	
8.430284	0.015153	26.311344	
6.468623	1.271956	5.259421	
7.596633	9.026025	38.471019	
6.852291	26.836683	54.816016	
0.084802	29.372116	34.125520	
0.088756	30.741783	33.808598	
0.088756	30.741783	33.808598	
0.090638	31.393746	34.163743	
0.000000	57.389008	57.837534	
18.582808	0.000000	26.702767	
21.317612	0.019141	23.329715	
8.430284	0.015153	26.311344	
4.937401	5.845263	35.223801	
3.641952	4.301239	27.631911	
6.437851	7.603268	48.844719	
7.565653	0.000000	31.760957	
0.000000	0.938113	54.537712	
0.087575	30.332834	35.347738	
0.089350	30.947342	30.387089	
0.000000	2.088137	57.319126	
27.028762	0.000000	24.504859	
9.152897	1.134668	17.506638	
3.641952	4.301239	27.631911	
0.872168	1.025103	7.537526	
0.872168	1.025103	7.537526	
12.887726	7.497978	53.728551	
0.687511	11.865571	43.083454	
0.687511	11.865571	43.083454	
0.026742	4.867811	49.001468	
0.000000	1.577415	53.485986	
10.095177	0.000000	17.179248	
9.152897	1.134668	17.506638	
5.488994	3.341910	26.363916	
5.488994	3.341910	26.363916	
5.488994	3.341910	26.363916	
5.608983	1.938769	45.612269	
0.000000	5.029564	50.668679	
0.000000	3.560518	49.833979	
0.000000	3.156232	51.931656	
10.095177	0.000000	17.179248	
0.684389	2.753573	52.532542	
1.818049	2.128182	19.509568	
1.818049	2.128182	19.509568	
0.660792	1.161835	37.065022	
0.720608	1.247714	22.974214	
0.720608	1.247714	22.974214	
0.000000	3.560518	49.833979	
24.825218	0.000000	67.050036	
0.684389	2.753573	52.532542	
1.431531	1.962121	14.040053	
1.431531	1.962121	14.040053	
0.452948	0.766075	11.556861	
0.660792	1.161835	37.065022	
0.000000	3.365971	51.760125	
0.000000	0.000000	47.726317	
0.257882	1.320115	31.498137	
0.452948	0.766075	11.556861	
0.452948	0.766075	11.556861	
0.452948	0.766075	11.556861	
0.000000	0.000000	55.038390	
0.000000	0.000000	42.601305	
0.257882	1.320115	31.498137	
0.471768	0.797906	11.506211	
0.471768	0.797906	11.506211	
0.000000	0.000000	55.038390	
0.000000	0.000000	47.726317	
0.141575	0.239446	12.394864	
0.041360	0.041360	0.933833	
0.000000	1.892046	58.313344	
0.000000	0.000000	42.601305	
0.041360	0.041360	0.933833	
0.000000	0.000000	57.567524	
0.000000	0.000000	59.316788	
0.000000	0.000000	57.567524	
0.000000	0.000000	59.316788	
