36.614163	0.000000	0.000000	
36.614163	0.000000	0.000000	
36.614163	0.000000	0.000000	
27.371832	4.081841	0.000000	
24.987743	1.450054	0.000000	
18.501018	7.120617	0.000000	
9.854277	7.844512	0.000000	
9.854277	7.844512	0.000000	
9.183658	8.584766	0.000000	
9.183658	8.584766	0.000000	
11.542369	9.155209	0.000000	
11.542369	9.155209	0.000000	
11.561120	10.251922	0.000000	
7.458586	11.677144	0.000000	
9.313132	13.425330	0.000000	
7.907959	15.366322	0.000000	
7.907959	15.366322	0.000000	
2.926830	20.712238	0.000000	
2.719982	26.553714	0.000000	
4.302236	22.492553	0.000000	
2.719982	26.553714	0.000000	
2.719982	26.553714	0.000000	
0.654256	77.110900	0.000000	
0.000000	87.312537	0.000000	
36.044517	0.000000	0.559352	
0.878216	1.298565	1.529181	
1.259105	2.045174	1.474793	
1.320465	2.277852	1.278691	
6.207353	4.429384	0.871446	
6.207353	4.429384	0.871446	
8.192773	6.703044	0.360085	
9.209296	4.669147	0.898056	
10.102260	6.607310	0.544000	
10.102260	6.607310	0.544000	
7.971401	6.460877	0.516166	
8.004874	8.391915	0.269157	
8.004874	8.391915	0.269157	
7.458586	11.677144	0.000000	
5.448314	11.849543	0.048833	
4.399465	14.793459	0.574657	
2.696182	15.518579	0.802827	
0.266434	5.527388	0.724160	
1.544536	16.843355	0.336509	
3.868643	24.661060	0.000000	
2.719982	26.553714	0.000000	
1.307925	58.594014	2.613066	
0.000000	57.787202	3.418922	
13.986202	0.000000	2.216742	
16.898124	0.817753	2.139137	
0.878216	1.298565	1.529181	
1.320465	2.277852	1.278691	
13.986202	0.000000	2.216742	
9.738538	3.701161	1.861440	
8.192773	6.703044	0.360085	
9.209296	4.669147	0.898056	
7.874061	5.554649	0.869777	
7.874061	5.554649	0.869777	
6.663862	6.078980	1.148882	
6.348303	7.773254	0.913750	
7.645531	8.948102	1.448796	
5.768246	10.243959	1.449281	
1.942280	11.379906	1.301645	
0.266434	5.527388	0.724160	
1.942280	11.379906	1.301645	
1.784154	11.561441	0.972192	
0.963508	16.855622	1.077201	
2.131690	14.693953	2.408738	
0.000000	41.494167	0.114797	
0.000000	57.787202	3.418922	
20.934179	0.000000	4.780859	
16.898124	0.817753	2.139137	
1.113252	1.571584	2.097861	
12.478868	1.647125	2.417421	
12.256442	1.603506	2.237029	
8.397542	2.643075	1.768183	
9.738538	3.701161	1.861440	
9.571254	5.153198	1.782448	
6.981554	4.438327	2.293311	
6.663862	6.078980	1.148882	
5.961850	4.683218	1.856824	
1.165194	6.142065	1.553308	
3.247450	8.220567	2.163986	
4.114593	7.821057	1.541226	
1.299617	3.659058	1.714289	
1.299617	3.659058	1.714289	
0.744658	3.407438	1.178719	
0.656838	4.130852	1.047152	
0.940437	4.279986	1.220942	
0.000000	41.494167	0.114797	
0.000000	49.213107	2.567742	
14.038050	0.000000	4.074441	
12.122594	0.119276	3.513140	
11.185732	1.137681	3.384721	
9.189175	1.353606	2.374496	
8.397542	2.643075	1.768183	
7.914955	2.883903	1.701938	
7.914955	2.883903	1.701938	
2.372832	3.119752	2.556813	
5.961850	4.683218	1.856824	
5.460353	2.311155	1.952744	
3.683712	4.960236	1.824295	
3.683712	4.960236	1.824295	
1.165194	6.142065	1.553308	
3.562644	7.940586	2.440485	
0.559393	7.359402	0.890264	
0.797502	2.490139	1.603252	
0.744658	3.407438	1.178719	
0.656838	4.130852	1.047152	
0.034694	15.737179	0.549460	
0.000000	48.317343	2.858647	
11.913715	0.000000	4.287490	
12.122594	0.119276	3.513140	
11.185732	1.137681	3.384721	
11.474249	1.173358	3.547604	
9.189175	1.353606	2.374496	
7.866017	2.122423	2.995949	
2.372832	3.119752	2.556813	
2.296519	3.960677	2.365144	
5.460353	2.311155	1.952744	
3.069202	3.053364	1.985389	
2.214074	3.681118	1.647752	
1.973210	4.195576	2.398456	
2.084132	3.042450	1.324549	
2.512899	2.682517	1.255716	
1.023109	3.019002	1.868340	
0.940437	4.279986	1.220942	
0.171786	4.389485	0.864304	
0.178793	5.063869	0.847355	
0.000000	27.197692	0.000000	
11.273655	0.000000	4.120077	
11.273655	0.000000	4.120077	
9.366576	0.706511	3.999177	
9.366576	0.706511	3.999177	
7.409030	1.634990	3.458021	
6.680442	2.064769	3.280664	
6.313869	3.579062	3.637591	
4.647984	2.362627	2.272379	
2.703514	3.813218	2.899008	
2.214074	3.681118	1.647752	
3.116884	3.943183	1.525672	
1.973210	4.195576	2.398456	
2.084132	3.042450	1.324549	
2.465809	7.403825	4.472330	
0.862192	6.039820	2.920053	
0.559393	7.359402	0.890264	
0.171786	4.389485	0.864304	
0.000000	23.314908	2.077897	
12.035528	0.000000	3.866511	
8.889891	0.176676	4.476155	
8.889891	0.176676	4.476155	
6.100782	1.627762	2.562104	
6.680442	2.064769	3.280664	
6.100782	1.627762	2.562104	
5.893664	3.195829	4.068923	
2.199118	3.691125	2.047036	
3.188083	3.414322	1.453315	
2.595136	3.125732	1.711841	
1.836538	4.094190	2.075121	
1.795349	3.450824	2.866375	
1.921216	3.433146	2.602021	
0.000000	14.884841	6.474923	
1.246315	6.213474	3.824869	
0.000000	18.787428	7.039857	
0.000000	18.787428	7.039857	
8.613922	0.000000	5.135579	
8.543709	0.138096	4.705011	
6.696818	0.998990	2.285054	
6.696818	0.998990	2.285054	
5.052439	1.721737	3.718894	
1.752488	1.011294	4.219131	
4.647984	2.362627	2.272379	
0.117225	2.796867	3.597139	
2.595136	3.125732	1.711841	
2.199118	3.691125	2.047036	
1.836538	4.094190	2.075121	
1.921216	3.433146	2.602021	
0.490016	12.214292	9.562870	
0.000000	12.584466	8.565319	
0.000000	19.594930	10.812439	
0.000000	19.594930	10.812439	
8.613922	0.000000	5.135579	
7.446497	0.607045	5.276190	
6.185653	0.933105	2.712152	
1.938998	1.195461	1.898301	
1.752488	1.011294	4.219131	
3.229213	1.832311	4.205639	
0.567202	1.671398	3.223446	
1.855471	1.158346	3.051656	
0.465235	1.535824	2.446242	
1.738759	0.966461	3.641842	
0.000000	2.258144	4.833518	
1.382013	3.408562	6.675174	
0.811564	5.291891	6.919729	
0.000000	12.584466	8.565319	
0.000000	12.584466	8.565319	
7.623190	0.000000	5.874455	
6.962489	0.509723	5.816707	
5.508247	0.000000	3.563452	
1.938998	1.195461	1.898301	
0.784688	1.330634	4.279250	
0.480648	1.427828	3.082293	
1.855471	1.158346	3.051656	
1.231366	1.135697	3.098647	
0.465235	1.535824	2.446242	
0.000000	2.158084	3.709350	
1.214473	1.936464	5.016563	
0.000000	12.933121	6.026535	
0.537163	7.542429	7.565134	
0.000000	12.584466	8.565319	
7.052710	0.000000	6.500467	
6.226998	0.526142	6.480374	
5.849288	1.185543	6.233952	
0.875160	0.877376	3.762824	
0.308615	1.057303	3.066504	
0.799950	1.488289	3.266575	
0.280167	1.559814	3.143963	
0.784915	1.609788	3.188761	
0.794360	1.203153	3.276702	
0.000000	1.984571	3.660438	
0.407345	5.739011	5.194150	
0.000000	6.636227	8.723814	
0.000000	6.123426	5.753221	
6.165201	0.000000	7.018681	
5.653260	0.546198	6.979309	
0.061615	0.966385	4.667680	
0.688229	0.916800	3.191774	
0.308615	1.057303	3.066504	
0.480648	1.427828	3.082293	
1.231366	1.135697	3.098647	
0.784915	1.609788	3.188761	
0.000000	1.984571	3.660438	
0.000000	2.158084	3.709350	
0.032699	6.011917	7.167629	
0.000000	6.123426	5.753221	
5.831950	0.000000	7.710935	
5.203677	0.382620	7.642063	
0.000000	0.716670	4.225128	
1.469657	0.884501	3.625753	
1.545226	1.111668	3.680026	
0.026696	1.202805	3.571224	
0.280167	1.559814	3.143963	
0.094727	1.524096	3.733785	
0.340930	1.550322	4.524126	
0.247298	2.057870	6.460819	
0.000000	5.176555	8.062360	
5.203252	0.000000	8.050823	
4.779957	0.498552	8.105614	
2.860468	0.299996	5.366742	
0.000000	0.716670	4.225128	
0.000000	1.253692	3.877016	
0.000000	1.253692	3.877016	
1.407046	1.429980	4.042658	
0.247298	2.057870	6.460819	
0.000000	0.000000	7.550838	
0.000000	6.636227	8.723814	
4.419308	0.000000	8.766080	
0.000000	0.000000	8.727206	
0.380652	0.714465	7.606551	
0.141479	0.410515	5.463913	
0.639870	1.519355	5.687628	
0.928585	1.152306	6.304540	
0.000000	0.000000	7.550838	
0.447647	4.445986	14.183665	
0.000000	10.500779	21.087705	
4.300533	0.000000	9.363488	
0.203736	0.259270	7.006024	
0.027158	0.143777	5.039978	
0.027158	0.143777	5.039978	
1.126799	1.150874	5.322870	
0.000000	0.397945	8.446860	
0.000000	0.397945	8.446860	
0.000000	10.500779	21.087705	
0.000000	0.000000	10.138792	
0.071063	0.249009	6.508544	
0.141479	0.410515	5.463913	
0.928585	1.152306	6.304540	
0.000000	0.000000	9.293915	
0.014907	0.368280	11.050840	
0.000000	0.000000	15.127684	
2.825266	0.000000	13.061589	
0.000000	0.000000	11.868947	
0.154944	0.713501	7.731658	
0.014907	0.368280	11.050840	
1.179756	0.666249	22.115440	
0.000000	5.799436	14.900516	
2.499444	0.000000	12.942486	
2.499444	0.000000	12.942486	
1.299858	0.734075	22.142383	
1.299858	0.734075	22.142383	
0.000000	0.000000	27.352749	
0.000000	0.000000	27.352749	
0.000000	0.000000	34.740804	
1.179756	0.666249	22.115440	
0.000000	7.431739	16.534343	
2.699827	0.000000	57.671962	
0.318396	0.672099	54.860809	
0.000000	0.000000	59.803417	
0.000000	0.000000	52.386581	
0.000000	0.000000	52.386581	
0.000000	0.000000	72.391814	
