18.788859	0.000000	0.000000	
18.788859	0.000000	0.000000	
11.296351	0.000000	0.000000	
11.296351	0.000000	0.000000	
0.690517	2.152711	0.000000	
3.059243	1.460427	0.000000	
2.131789	2.676150	0.000000	
2.131789	2.676150	0.000000	
0.000000	5.744345	0.000000	
0.000000	5.744345	0.000000	
0.000000	5.744345	0.000000	
0.000000	7.277009	0.000000	
0.000000	7.277009	0.000000	
0.000000	10.459851	0.000000	
1.713243	6.890723	0.000000	
1.196950	5.453027	0.000000	
0.189116	3.577791	0.000000	
0.459827	3.474675	0.000000	
0.094147	3.382557	0.000000	
0.357092	2.867810	0.000000	
0.094147	3.382557	0.000000	
0.459827	3.474675	0.000000	
0.000000	4.537391	0.000000	
0.000000	5.951280	0.000000	
25.805308	0.000000	0.000000	
11.296351	0.000000	0.000000	
11.296351	0.000000	0.000000	
0.598659	0.958257	0.571308	
3.059243	1.460427	0.000000	
0.000000	1.756815	0.289078	
0.000000	1.756815	0.289078	
0.317751	1.835354	0.320962	
0.317751	1.835354	0.320962	
0.173062	4.042539	0.428886	
0.173062	4.042539	0.428886	
1.614074	3.941776	0.480135	
0.406889	3.829746	0.337692	
0.406889	3.829746	0.337692	
0.449207	3.948679	0.098974	
1.757414	3.541447	0.203407	
0.223085	2.146674	0.051732	
0.371741	3.397249	0.000000	
0.239927	2.542396	0.133269	
0.284083	1.589999	0.137953	
0.239927	2.542396	0.133269	
0.013111	2.332288	0.145003	
0.000000	4.537391	0.000000	
11.160613	0.000000	0.928218	
8.588487	0.526307	0.647246	
3.382303	0.441600	0.584587	
3.382303	0.441600	0.584587	
0.362030	1.357078	0.754831	
0.000000	1.767353	0.666709	
0.362030	1.357078	0.754831	
0.000000	1.422820	0.832008	
0.000000	1.422820	0.832008	
4.012829	4.664057	1.172549	
1.982642	5.416473	1.010459	
0.186678	1.412116	0.950824	
0.413477	1.863263	0.617463	
0.535708	2.390095	0.338553	
0.254752	1.310406	0.431153	
0.223085	2.146674	0.051732	
0.112860	1.577301	0.203367	
0.204398	1.687794	0.195165	
0.284083	1.589999	0.137953	
0.130954	1.799297	0.196763	
0.096694	1.693579	0.169036	
0.000000	2.303747	0.207464	
10.561415	0.000000	1.527416	
2.815074	0.490864	0.829193	
2.634136	0.551906	0.785548	
4.467185	1.146759	0.761229	
6.535963	1.770966	0.693961	
2.511427	0.869562	1.340833	
2.511427	0.869562	1.340833	
4.752771	3.392104	1.422609	
6.665463	3.793455	1.238020	
4.752771	3.392104	1.422609	
2.191185	2.260464	0.000000	
0.701587	2.598209	0.530629	
0.227660	1.951421	0.503223	
0.254752	1.310406	0.431153	
0.224700	1.678105	0.408462	
0.116767	1.287380	0.248554	
0.116767	1.287380	0.248554	
0.087621	1.520295	0.238364	
0.155935	1.459840	0.207476	
0.000000	1.855824	0.309397	
0.000000	2.303747	0.207464	
9.134384	0.000000	2.545971	
2.815074	0.490864	0.829193	
1.378698	0.801757	1.747283	
0.342256	1.125227	1.559242	
5.861894	0.657994	1.515239	
1.378698	0.801757	1.747283	
0.739198	1.041952	1.370019	
0.816297	0.919080	1.152818	
0.816297	0.919080	1.152818	
2.191185	2.260464	0.000000	
0.162286	2.146239	1.034410	
0.483244	1.215847	0.217844	
0.483244	1.215847	0.217844	
0.153971	0.995587	0.296941	
0.190729	1.341720	0.397752	
0.032108	1.170682	0.290190	
0.075544	1.242145	0.300038	
0.074281	1.221388	0.295024	
0.077940	1.516569	0.344326	
0.000000	1.855824	0.309397	
12.681272	0.000000	2.996549	
0.078366	0.556484	2.136829	
0.784694	0.569965	2.326677	
5.861894	0.657994	1.515239	
0.172383	1.795683	2.233881	
2.802746	0.269907	1.349829	
2.532522	0.938516	0.947068	
0.856826	1.248739	0.857636	
0.896804	0.827959	0.746464	
1.453678	1.285023	0.454885	
1.453678	1.285023	0.454885	
0.153971	0.995587	0.296941	
0.104213	0.873115	0.235805	
0.219380	0.899354	0.183512	
0.052342	1.142004	0.309806	
0.039544	1.087046	0.300235	
0.075544	1.242145	0.300038	
0.039544	1.087046	0.300235	
0.000000	1.629480	0.565526	
9.325473	0.000000	3.525555	
3.353350	0.510171	2.874598	
0.255279	0.716925	2.736327	
1.959725	0.525627	1.836347	
0.654755	0.643041	1.285749	
1.002381	0.958334	1.119008	
1.923879	0.953708	0.862756	
0.896804	0.827959	0.746464	
0.786655	0.824721	0.780192	
0.856826	1.248739	0.857636	
1.006031	0.642794	0.885131	
0.219380	0.899354	0.183512	
0.104213	0.873115	0.235805	
0.000000	1.282157	0.363315	
0.108720	1.117431	0.455341	
0.019690	1.204385	0.422178	
0.026559	1.320334	0.341808	
0.000000	1.563295	0.435718	
0.000000	0.000000	4.290416	
3.160776	0.308371	3.114885	
4.727294	0.059297	2.430414	
1.301662	0.514064	1.365443	
2.111533	0.508321	1.346260	
1.576487	0.691050	0.996296	
1.045361	0.904263	0.905791	
1.045361	0.904263	0.905791	
0.786655	0.824721	0.780192	
0.875423	1.032538	0.692987	
0.611384	1.205017	0.916008	
0.334953	1.130011	0.316940	
0.057895	1.002138	0.339552	
0.052342	1.142004	0.309806	
0.036223	1.157471	0.585970	
0.019690	1.204385	0.422178	
0.000000	1.563295	0.435718	
0.000000	0.000000	4.290416	
4.098454	0.208000	2.439759	
2.063019	0.357994	1.405397	
1.921868	0.444263	1.280711	
1.562973	0.498865	1.219184	
1.562973	0.498865	1.219184	
0.567105	0.761546	1.048356	
1.006031	0.642794	0.885131	
0.891736	1.028636	0.796083	
0.705797	0.885740	0.915058	
0.420780	1.179200	0.354906	
0.420780	1.179200	0.354906	
0.057895	1.002138	0.339552	
0.067988	1.243390	0.461987	
0.022438	1.359987	0.466867	
0.000000	1.603094	0.686787	
0.000000	0.000000	4.290416	
2.387249	0.019063	1.143288	
2.063019	0.357994	1.405397	
1.652376	0.326691	1.368790	
1.160111	0.443047	1.336909	
1.160111	0.443047	1.336909	
0.826544	0.687165	1.290099	
0.567105	0.761546	1.048356	
0.781044	1.005336	1.085743	
0.100730	1.116274	0.702482	
0.258295	1.242072	0.750358	
0.228326	1.315758	0.713784	
0.173967	1.203584	0.441834	
0.102085	1.502813	0.862248	
0.000000	2.214907	0.995211	
3.254562	0.000000	1.524235	
1.831372	0.105459	1.513070	
1.432690	0.211932	1.353898	
1.652376	0.326691	1.368790	
1.206719	0.504669	1.340931	
0.826544	0.687165	1.290099	
0.911520	0.706824	1.164980	
0.701028	0.883466	1.384144	
0.686927	1.123313	0.880858	
0.100730	1.116274	0.702482	
0.258295	1.242072	0.750358	
0.173967	1.203584	0.441834	
0.104192	1.380901	0.677154	
0.000000	2.214907	0.995211	
3.254562	0.000000	1.524235	
1.599686	0.116411	1.999025	
1.432690	0.211932	1.353898	
0.354623	0.421789	1.750264	
0.868370	0.499775	1.568865	
0.837484	0.581085	1.402475	
0.769370	0.656646	1.429731	
0.509930	0.851003	1.347286	
0.509930	0.851003	1.347286	
0.368372	1.353555	1.222558	
0.280126	1.413548	1.441652	
0.045000	1.415617	0.465265	
0.000000	2.070490	2.684278	
2.516824	0.000000	2.299630	
1.831372	0.105459	1.513070	
1.608095	0.232186	1.949382	
0.654488	0.382326	1.636187	
0.868370	0.499775	1.568865	
0.708937	0.560140	1.452452	
0.552744	0.614419	1.426309	
0.117683	0.629694	1.463151	
0.117683	0.629694	1.463151	
0.280126	1.413548	1.441652	
0.054915	1.439824	0.683984	
0.000000	1.627693	2.604357	
2.516824	0.000000	2.299630	
0.447811	0.162268	2.146812	
1.153823	0.164627	1.438381	
0.852920	0.261626	1.583981	
0.467366	0.290559	1.551852	
0.543252	0.534855	1.520854	
0.467366	0.290559	1.551852	
0.201831	0.740970	1.599430	
0.232891	0.994555	1.467137	
0.000000	1.388663	1.397782	
0.000000	1.388663	1.397782	
0.000000	0.000000	4.150819	
0.447811	0.162268	2.146812	
0.579022	0.172383	2.077657	
0.304039	0.312463	1.898230	
0.450274	0.499156	1.839405	
0.387183	0.582629	1.536886	
0.180361	0.490605	1.518608	
0.187850	0.555649	1.836215	
0.124288	1.141437	2.087764	
0.000000	1.627693	2.604357	
0.000000	0.000000	4.405665	
0.002264	0.006230	2.343505	
0.105028	0.228191	1.895472	
0.404745	0.352703	1.804503	
0.218253	0.323521	1.492568	
0.242228	0.501074	1.706029	
0.180361	0.490605	1.518608	
0.099826	0.593089	2.173257	
0.000000	0.975988	2.751493	
0.000000	0.000000	3.047449	
0.002264	0.006230	2.343505	
0.090276	0.128370	2.199355	
0.182350	0.329601	1.653893	
0.116325	0.441342	2.033874	
0.187697	0.651734	1.840235	
0.121145	0.495300	2.260260	
0.000000	0.946910	3.163926	
0.000000	0.000000	3.047449	
0.090276	0.128370	2.199355	
0.105028	0.228191	1.895472	
0.218253	0.323521	1.492568	
0.242228	0.501074	1.706029	
0.142833	0.639881	2.207605	
0.000000	0.946910	3.163926	
0.000000	0.000000	3.886750	
0.114885	0.118950	2.374923	
0.114885	0.118950	2.374923	
0.215252	0.323088	2.367246	
0.127179	0.452314	2.280048	
0.000000	1.003510	3.272968	
0.000000	0.000000	3.886750	
0.044013	0.027072	2.534942	
0.099126	0.095151	2.969227	
0.146936	0.343692	2.379110	
0.000000	0.904409	3.730073	
0.000000	0.000000	4.000545	
0.013348	0.015423	3.382707	
0.129047	0.198154	2.831462	
0.000000	0.378596	4.109647	
0.000000	0.000000	4.437554	
0.129047	0.198154	2.831462	
0.000000	0.378596	4.109647	
0.000000	0.000000	5.118243	
0.000000	0.000000	4.559181	
0.000000	0.000000	4.559181	
