1.035926	0.000000	0.000000	
1.035926	0.000000	0.000000	
1.042331	0.018152	0.000000	
1.014417	0.135098	0.000000	
1.014417	0.135098	0.000000	
0.987715	0.271401	0.000000	
1.024359	0.290173	0.000000	
0.887268	0.414705	0.000000	
0.984347	0.465725	0.000000	
0.984347	0.465725	0.000000	
0.868997	0.700163	0.000000	
0.804595	0.788484	0.000000	
0.704113	0.805569	0.000000	
0.704113	0.805569	0.000000	
0.661512	1.029405	0.000000	
0.528232	1.063188	0.000000	
0.451438	1.120466	0.000000	
0.306417	1.193620	0.000000	
0.334168	1.160430	0.000000	
0.245490	1.291257	0.000000	
0.186877	1.355963	0.000000	
0.088828	1.437286	0.000000	
0.066470	1.550615	0.000000	
0.000000	1.819572	0.000000	
1.234127	0.000000	0.000000	
0.745377	0.007683	0.047928	
0.745377	0.007683	0.047928	
0.612056	0.110987	0.037593	
0.612056	0.110987	0.037593	
0.963948	0.169401	0.007284	
0.994100	0.085425	0.036739	
0.887268	0.414705	0.000000	
0.981508	0.110515	0.061749	
0.723645	0.319971	0.002417	
0.723645	0.319971	0.002417	
0.711288	0.233725	0.009891	
0.431810	0.663349	0.002080	
0.431810	0.663349	0.002080	
0.596083	0.995226	0.038662	
0.497295	1.054820	0.003309	
0.417814	1.068509	0.063755	
0.334168	1.160430	0.000000	
0.183890	1.271860	0.026769	
0.139984	1.342878	0.027267	
0.121077	1.450185	0.000000	
0.066470	1.550615	0.000000	
0.000000	1.819572	0.000000	
1.223191	0.000000	0.090128	
1.024671	0.012002	0.093975	
0.845629	0.041408	0.000000	
0.665664	0.130907	0.092366	
0.508910	0.150334	0.070602	
0.665664	0.130907	0.092366	
0.365374	0.245007	0.073910	
0.517469	0.361188	0.078113	
0.519143	0.320122	0.078633	
0.517469	0.361188	0.078113	
0.388992	0.428619	0.077111	
0.333936	0.347318	0.089875	
0.388992	0.428619	0.077111	
0.327768	0.443331	0.067032	
0.336869	0.423861	0.017939	
0.213529	0.641420	0.055483	
0.361323	1.064913	0.120668	
0.245490	1.291257	0.000000	
0.183890	1.271860	0.026769	
0.139984	1.342878	0.027267	
0.023876	1.463120	0.099246	
0.000000	1.530551	0.157702	
0.992498	0.000000	0.136197	
0.845629	0.041408	0.000000	
0.916977	0.083317	0.087714	
0.554675	0.103024	0.113209	
0.508910	0.150334	0.070602	
0.567411	0.110429	0.104621	
0.534047	0.206501	0.089909	
0.534047	0.206501	0.089909	
0.423705	0.218518	0.113094	
0.453267	0.281013	0.103421	
0.374617	0.279109	0.120693	
0.284408	0.369218	0.102399	
0.280517	0.376177	0.048119	
0.281047	0.461201	0.058608	
0.198119	0.611710	0.086032	
0.213529	0.641420	0.055483	
0.304282	1.166599	0.013400	
0.198133	1.178593	0.193397	
0.116941	1.278888	0.153271	
0.053365	1.339109	0.182754	
0.000000	1.530551	0.157702	
0.963949	0.000000	0.164502	
0.887422	0.034143	0.191251	
0.469097	0.089265	0.188070	
0.554675	0.103024	0.113209	
0.445777	0.118410	0.113721	
0.435601	0.118517	0.124849	
0.469451	0.162720	0.129544	
0.423705	0.218518	0.113094	
0.280997	0.253077	0.142768	
0.289898	0.276110	0.144132	
0.281673	0.333501	0.095965	
0.237415	0.385798	0.109801	
0.237415	0.385798	0.109801	
0.230193	0.379086	0.163534	
0.188888	0.616889	0.160629	
0.103137	0.986181	0.170706	
0.092026	1.140314	0.277776	
0.092026	1.140314	0.277776	
0.053365	1.339109	0.182754	
0.000000	1.397999	0.285762	
0.832714	0.000000	0.256883	
0.867207	0.043962	0.243204	
0.647437	0.064992	0.191286	
0.459901	0.093220	0.168338	
0.445777	0.118410	0.113721	
0.435601	0.118517	0.124849	
0.382403	0.174586	0.162677	
0.345866	0.208935	0.163981	
0.345037	0.251496	0.162673	
0.312096	0.310312	0.152153	
0.281673	0.333501	0.095965	
0.193903	0.385360	0.189227	
0.193903	0.385360	0.189227	
0.220317	0.552311	0.137979	
0.231147	0.332378	0.288163	
0.049469	0.970086	0.180989	
0.055936	1.128275	0.339349	
0.000000	1.222698	0.226955	
0.000000	1.397999	0.285762	
0.963949	0.000000	0.164502	
0.821702	0.044987	0.221646	
0.355369	0.065050	0.207433	
0.441953	0.094756	0.194088	
0.339737	0.125224	0.186901	
0.372156	0.151362	0.174799	
0.300957	0.201616	0.185104	
0.300957	0.201616	0.185104	
0.284628	0.265569	0.197150	
0.252473	0.256557	0.198075	
0.208640	0.347932	0.191254	
0.193903	0.385360	0.189227	
0.193903	0.385360	0.189227	
0.167674	0.389993	0.261366	
0.096835	0.786461	0.226224	
0.000000	0.927344	0.337970	
0.055936	1.128275	0.339349	
0.000000	1.269952	0.469720	
0.925676	0.000000	0.393216	
0.443461	0.038698	0.223156	
0.443461	0.038698	0.223156	
0.355369	0.065050	0.207433	
0.339737	0.125224	0.186901	
0.352548	0.135144	0.233911	
0.280815	0.122547	0.220756	
0.284136	0.216991	0.236634	
0.284136	0.216991	0.236634	
0.199135	0.311177	0.215121	
0.208640	0.347932	0.191254	
0.077857	0.400372	0.295403	
0.095286	0.426766	0.212106	
0.094861	0.597417	0.254684	
0.096835	0.786461	0.226224	
0.035442	0.889529	0.294188	
0.000000	1.222698	0.226955	
0.559215	0.000000	0.424815	
0.483655	0.034897	0.309973	
0.388298	0.058415	0.248097	
0.369209	0.093004	0.228010	
0.289274	0.074576	0.227662	
0.280815	0.122547	0.220756	
0.247980	0.142346	0.221208	
0.209342	0.222084	0.244287	
0.236501	0.165758	0.301442	
0.199135	0.311177	0.215121	
0.150075	0.372919	0.306169	
0.150075	0.372919	0.306169	
0.095286	0.426766	0.212106	
0.068844	0.258214	0.341897	
0.055176	0.390314	0.501135	
0.000000	1.139105	0.603200	
0.559215	0.000000	0.424815	
0.380920	0.000000	0.328686	
0.283550	0.029788	0.253042	
0.289274	0.074576	0.227662	
0.236909	0.095271	0.223207	
0.236909	0.095271	0.223207	
0.230015	0.123895	0.257422	
0.203015	0.166923	0.281700	
0.172271	0.152481	0.323656	
0.142416	0.188690	0.337440	
0.142416	0.188690	0.337440	
0.068844	0.258214	0.341897	
0.035345	0.241854	0.378123	
0.035442	0.889529	0.294188	
0.000000	0.000000	0.698155	
0.380920	0.000000	0.328686	
0.270544	0.000000	0.286204	
0.283550	0.029788	0.253042	
0.265644	0.063675	0.255457	
0.206717	0.100834	0.233367	
0.206717	0.100834	0.233367	
0.197218	0.108691	0.268405	
0.183990	0.114674	0.297400	
0.159779	0.118516	0.318550	
0.142812	0.113505	0.307189	
0.128300	0.135163	0.391264	
0.035345	0.241854	0.378123	
0.063021	0.116666	0.625679	
0.000000	0.000000	0.698155	
0.330535	0.000000	0.418737	
0.353173	0.017009	0.333640	
0.270544	0.000000	0.286204	
0.244066	0.084064	0.275572	
0.239954	0.081912	0.275917	
0.197218	0.108691	0.268405	
0.159779	0.118516	0.318550	
0.154007	0.161564	0.321229	
0.134292	0.214251	0.366334	
0.119792	0.151953	0.424398	
0.000000	0.444808	0.486903	
0.065305	0.103635	0.679510	
0.000000	0.000000	0.824919	
0.403993	0.000000	0.646817	
0.294131	0.032043	0.416822	
0.283768	0.058320	0.403209	
0.233574	0.086481	0.343201	
0.206958	0.105808	0.332826	
0.134899	0.103325	0.341487	
0.134899	0.103325	0.341487	
0.100602	0.185436	0.365737	
0.079938	0.273256	0.348814	
0.054853	0.152807	0.455446	
0.000000	0.444808	0.486903	
0.000000	0.000000	0.824919	
0.582265	0.000000	0.772114	
0.290776	0.039561	0.527723	
0.242821	0.056757	0.409434	
0.179012	0.084204	0.395225	
0.139854	0.101668	0.367088	
0.140648	0.109940	0.344814	
0.119554	0.174904	0.349217	
0.093986	0.099021	0.409181	
0.054853	0.152807	0.455446	
0.026352	0.162707	0.525969	
0.000000	0.000000	0.823903	
0.507528	0.000000	0.863010	
0.209073	0.038086	0.492156	
0.230970	0.057348	0.415982	
0.171075	0.076828	0.404672	
0.138972	0.107338	0.369067	
0.104710	0.124496	0.392618	
0.066418	0.121308	0.410271	
0.072079	0.186285	0.451255	
0.026352	0.162707	0.525969	
0.000000	0.000000	0.922507	
0.370823	0.000000	0.765893	
0.233463	0.013494	0.611973	
0.209073	0.038086	0.492156	
0.128115	0.085286	0.450212	
0.058847	0.107520	0.459006	
0.059286	0.123898	0.449759	
0.046186	0.095927	0.534315	
0.041238	0.145731	0.566127	
0.000000	0.751404	0.930953	
0.386652	0.000000	0.837760	
0.186110	0.037118	0.588526	
0.102866	0.065880	0.500486	
0.102866	0.065880	0.500486	
0.056842	0.104253	0.469060	
0.058847	0.107520	0.459006	
0.031701	0.119266	0.525600	
0.000000	0.629518	0.831998	
0.386652	0.000000	0.837760	
0.186110	0.037118	0.588526	
0.077493	0.059224	0.524425	
0.059535	0.091497	0.480177	
0.056842	0.104253	0.469060	
0.031701	0.119266	0.525600	
0.000000	0.498434	1.125319	
0.000000	0.000000	1.584709	
0.066129	0.036292	0.708469	
0.077493	0.059224	0.524425	
0.057237	0.087981	0.529191	
0.031057	0.119556	0.560001	
0.000000	0.000000	1.682160	
0.000000	0.000000	1.682160	
0.066129	0.036292	0.708469	
0.056296	0.052846	0.647874	
0.045576	0.132080	0.483038	
0.000000	0.000000	2.146347	
0.300313	0.000000	2.312684	
0.046047	0.063265	0.723953	
0.046047	0.063265	0.723953	
0.000000	0.000000	4.662142	
0.300313	0.000000	2.312684	
0.002447	0.000358	1.865467	
0.000000	0.000000	3.578140	
0.000000	0.000000	3.578140	
0.000000	0.000000	4.732739	
0.000000	0.000000	7.240994	
