2.287080	0.000000	0.000000	
1.724956	0.039949	0.000000	
1.724956	0.039949	0.000000	
1.484410	0.222347	0.000000	
1.357115	0.269280	0.000000	
1.142564	0.321296	0.000000	
1.241007	0.414969	0.000000	
0.886629	0.421941	0.000000	
0.856313	0.492122	0.000000	
0.648306	0.525366	0.000000	
0.497165	0.594526	0.000000	
0.513875	0.581796	0.000000	
0.497165	0.594526	0.000000	
0.000000	0.632120	0.000000	
0.000000	0.632120	0.000000	
0.384764	0.788835	0.000000	
0.344832	0.814385	0.000000	
0.317415	0.805201	0.000000	
0.124456	0.988394	0.000000	
0.124456	0.988394	0.000000	
0.104596	1.000065	0.000000	
0.046342	1.062890	0.000000	
0.046342	1.062890	0.000000	
0.000000	1.283919	0.000000	
1.866011	0.000000	0.053514	
1.779597	0.077950	0.084990	
1.641602	0.145314	0.014255	
1.403029	0.175561	0.021573	
1.357115	0.269280	0.000000	
1.073275	0.384533	0.009893	
1.073275	0.384533	0.009893	
0.886629	0.421941	0.000000	
0.243752	0.422940	0.058033	
0.324801	0.459678	0.015183	
0.291380	0.482488	0.023144	
0.068836	0.496130	0.029477	
0.113325	0.449082	0.046485	
0.068836	0.496130	0.029477	
0.182501	0.487786	0.046380	
0.085967	0.518425	0.036699	
0.254169	0.478945	0.000000	
0.204060	0.709684	0.032699	
0.105236	0.519096	0.014448	
0.105236	0.519096	0.014448	
0.089867	0.909961	0.046054	
0.025228	0.998932	0.039639	
0.000000	1.082682	0.003661	
1.694300	0.000000	0.032281	
1.689293	0.056745	0.162528	
1.584811	0.114866	0.108924	
1.403029	0.175561	0.021573	
0.960648	0.289581	0.113899	
0.960648	0.289581	0.113899	
0.143818	0.377870	0.110014	
0.324801	0.459678	0.015183	
0.657924	0.413532	0.077085	
0.595925	0.446543	0.093333	
0.069151	0.476445	0.070894	
0.102754	0.432802	0.069931	
0.113325	0.449082	0.046485	
0.113486	0.438873	0.050604	
0.113486	0.438873	0.050604	
0.141237	0.390101	0.058847	
0.085967	0.518425	0.036699	
0.121508	0.425957	0.061018	
0.078822	0.576677	0.061294	
0.093917	0.878097	0.092946	
0.033438	0.941714	0.071122	
0.000000	0.995909	0.097198	
1.474457	0.000000	0.236432	
1.415344	0.019802	0.204704	
1.442968	0.000000	0.205196	
1.458871	0.115040	0.150099	
1.363841	0.310675	0.259175	
1.050699	0.240537	0.155921	
0.507307	0.431393	0.205048	
0.595925	0.446543	0.093333	
0.657924	0.413532	0.077085	
0.067622	0.454417	0.157828	
0.106478	0.455749	0.075432	
0.181393	0.410861	0.103501	
0.172940	0.409690	0.087708	
0.118337	0.390650	0.060569	
0.141237	0.390101	0.058847	
0.132282	0.408441	0.082468	
0.114171	0.457634	0.068541	
0.065466	0.510890	0.087255	
0.078822	0.576677	0.061294	
0.045347	0.892028	0.121964	
0.000000	0.949363	0.141429	
1.376855	0.000000	0.301687	
1.376855	0.000000	0.301687	
1.315755	0.001629	0.309046	
1.355364	0.100707	0.320762	
1.050699	0.240537	0.155921	
0.849440	0.317238	0.081311	
0.653188	0.261000	0.179993	
0.644012	0.316386	0.171308	
0.556875	0.376001	0.220733	
0.188719	0.352561	0.178044	
0.151568	0.358189	0.155644	
0.155662	0.389277	0.136925	
0.134904	0.385067	0.135415	
0.096646	0.367846	0.112434	
0.096646	0.367846	0.112434	
0.119493	0.419575	0.038874	
0.065466	0.510890	0.087255	
0.045895	0.606388	0.127422	
0.020809	0.859705	0.177594	
0.000000	0.915089	0.152070	
1.390129	0.000000	0.323960	
1.289938	0.067870	0.378094	
1.239132	0.023982	0.393741	
1.113706	0.214447	0.386131	
1.006395	0.142346	0.374319	
0.737920	0.287755	0.168872	
0.634089	0.314350	0.272405	
0.551064	0.333330	0.207310	
0.478645	0.364585	0.245774	
0.188719	0.352561	0.178044	
0.108976	0.382698	0.217786	
0.134904	0.385067	0.135415	
0.054225	0.451229	0.125688	
0.113312	0.303899	0.154923	
0.119493	0.419575	0.038874	
0.072775	0.464915	0.131458	
0.033527	0.493321	0.182213	
0.045895	0.606388	0.127422	
0.000000	0.874360	0.236735	
1.354646	0.000000	0.436987	
1.116451	0.021608	0.458471	
0.936179	0.126656	0.433987	
1.006395	0.142346	0.374319	
0.934747	0.268985	0.418256	
0.737920	0.287755	0.168872	
0.634089	0.314350	0.272405	
0.460219	0.356037	0.319892	
0.404021	0.375005	0.317687	
0.149313	0.349045	0.232387	
0.108976	0.382698	0.217786	
0.149313	0.349045	0.232387	
0.057542	0.468832	0.175622	
0.121508	0.425957	0.061018	
0.033527	0.493321	0.182213	
0.048323	0.467787	0.102735	
0.021222	0.535822	0.250464	
0.000000	0.749730	0.285675	
1.155660	0.000000	0.493140	
1.116451	0.021608	0.458471	
0.936179	0.126656	0.433987	
0.956843	0.119506	0.498549	
0.805956	0.303743	0.268580	
0.441050	0.329691	0.398153	
0.519824	0.319223	0.318967	
0.444638	0.330463	0.324141	
0.341414	0.376362	0.364761	
0.160017	0.465246	0.294772	
0.160017	0.465246	0.294772	
0.005514	0.525993	0.280397	
0.005514	0.525993	0.280397	
0.052258	0.438049	0.237927	
0.048323	0.467787	0.102735	
0.000000	0.688430	0.188531	
0.000000	0.753791	0.145596	
1.027139	0.000000	0.569026	
1.027139	0.000000	0.569026	
0.983574	0.009427	0.597095	
0.956843	0.119506	0.498549	
0.827035	0.299107	0.587980	
0.634281	0.223897	0.475743	
0.449940	0.306523	0.369497	
0.404021	0.375005	0.317687	
0.241132	0.414432	0.377968	
0.299023	0.468789	0.348674	
0.150170	0.495806	0.245571	
0.052258	0.438049	0.237927	
0.137981	0.542954	0.071259	
0.066172	0.456270	0.250203	
0.043109	0.637596	0.374243	
0.000000	0.688430	0.188531	
1.027139	0.000000	0.569026	
0.964325	0.004753	0.622635	
0.836269	0.086391	0.661782	
0.836269	0.086391	0.661782	
0.634281	0.223897	0.475743	
0.449940	0.306523	0.369497	
0.419115	0.306317	0.438638	
0.277089	0.342898	0.433813	
0.270003	0.370070	0.438726	
0.217561	0.449505	0.422914	
0.161369	0.509674	0.425644	
0.093509	0.507995	0.451753	
0.077284	0.583144	0.408067	
0.041066	0.646958	0.432890	
0.000000	0.686160	0.431664	
0.977209	0.000000	0.667162	
0.858823	0.059650	0.701555	
0.722908	0.120381	0.711907	
0.711131	0.072378	0.694074	
0.567373	0.240555	0.581800	
0.377693	0.291871	0.447807	
0.377693	0.291871	0.447807	
0.252227	0.328722	0.515080	
0.233914	0.412110	0.496017	
0.173102	0.438734	0.459406	
0.138550	0.498026	0.455153	
0.087003	0.511282	0.451994	
0.014830	0.572590	0.477509	
0.000000	0.608724	0.463701	
0.944067	0.000000	0.830643	
0.788733	0.026056	0.775137	
0.722908	0.120381	0.711907	
0.622971	0.221290	0.807250	
0.293240	0.195225	0.673549	
0.320781	0.222309	0.650245	
0.252227	0.328722	0.515080	
0.110232	0.186864	0.375010	
0.110232	0.186864	0.375010	
0.123364	0.447556	0.482479	
0.092668	0.493126	0.506832	
0.044007	0.522383	0.537488	
0.000000	0.576353	0.514648	
0.888004	0.000000	0.866368	
0.711131	0.072378	0.694074	
0.665829	0.110876	0.798197	
0.220391	0.183301	0.777219	
0.293240	0.195225	0.673549	
0.232724	0.255929	0.685407	
0.109882	0.320242	0.672477	
0.175953	0.358772	0.557042	
0.095600	0.404455	0.612013	
0.055077	0.449128	0.589646	
0.017535	0.464443	0.596501	
0.000000	0.524487	0.561989	
0.775183	0.000000	1.002896	
0.686813	0.008178	1.004803	
0.219835	0.120875	0.878818	
0.382553	0.176257	0.758164	
0.220391	0.183301	0.777219	
0.285553	0.279503	0.703795	
0.110489	0.309568	0.672862	
0.098888	0.356946	0.655719	
0.072297	0.382511	0.642060	
0.022711	0.427080	0.634920	
0.000000	0.524487	0.561989	
0.708400	0.000000	1.116718	
0.554425	0.032929	1.109175	
0.461359	0.091474	1.077362	
0.219835	0.120875	0.878818	
0.005970	0.200329	0.954098	
0.166609	0.285388	0.821691	
0.120232	0.318018	0.743028	
0.099557	0.363988	0.653400	
0.022711	0.427080	0.634920	
0.000000	0.420128	0.721487	
0.000000	0.000000	1.283130	
0.530132	0.075089	1.121644	
0.069757	0.125549	1.123036	
0.248204	0.209622	0.806473	
0.102305	0.234359	0.866905	
0.102305	0.234359	0.866905	
0.074658	0.313406	0.809255	
0.018547	0.335356	0.763270	
0.000000	0.420128	0.721487	
0.000000	0.000000	1.283130	
0.007185	0.035396	1.276369	
0.019137	0.138869	1.144327	
0.148504	0.160370	1.004432	
0.071500	0.199130	0.971238	
0.037017	0.256746	0.931286	
0.052930	0.327403	0.852784	
0.000000	0.371702	0.830754	
0.000000	0.000000	1.379397	
0.306140	0.070081	1.342882	
0.034993	0.082983	1.230580	
0.019137	0.138869	1.144327	
0.071500	0.199130	0.971238	
0.046565	0.284662	0.836123	
0.000000	0.333342	0.946150	
0.000000	0.000000	1.379397	
0.003604	0.013484	1.261633	
0.017773	0.048491	1.205364	
0.017773	0.048491	1.205364	
0.000000	0.258091	1.148772	
0.000000	0.274783	0.991964	
0.000000	0.000000	1.398826	
0.003604	0.013484	1.261633	
0.021635	0.114634	1.159176	
0.021635	0.114634	1.159176	
0.000000	0.258091	1.148772	
0.000000	0.000000	1.398826	
0.024921	0.058891	1.345745	
0.041791	0.089820	1.253263	
0.000000	0.190878	1.377902	
0.000000	0.000000	1.956829	
0.024921	0.058891	1.345745	
0.000000	0.064953	1.682529	
0.000000	0.000000	1.956829	
0.000000	0.064953	1.682529	
0.000000	0.000000	1.992022	
