36.614163	0.000000	0.000000	
32.043160	0.000000	0.000000	
20.347512	1.511818	0.000000	
18.177086	0.000000	0.000000	
18.177086	0.000000	0.000000	
19.977854	5.375883	0.000000	
16.187616	4.021631	0.000000	
3.920886	6.038846	0.000000	
3.920886	6.038846	0.000000	
11.259341	7.304134	0.000000	
10.995215	8.414963	0.000000	
11.259341	7.304134	0.000000	
9.790960	11.341192	0.000000	
7.458586	11.677144	0.000000	
9.313132	13.425330	0.000000	
7.907959	15.366322	0.000000	
4.897389	18.007484	0.000000	
1.007068	11.745846	0.000000	
1.007068	11.745846	0.000000	
1.068067	11.381101	0.000000	
1.344708	9.112069	0.000000	
1.068067	11.381101	0.000000	
0.000000	14.243805	0.000000	
0.000000	17.172263	0.000000	
8.898882	0.000000	1.213298	
4.981059	0.161317	0.591888	
4.981059	0.161317	0.591888	
15.783165	1.172688	0.492877	
13.274517	3.182330	0.141314	
13.274517	3.182330	0.141314	
8.530555	3.809743	0.713323	
8.530555	3.809743	0.713323	
10.310478	4.602382	0.730513	
8.459204	5.404143	0.555129	
7.971401	6.460877	0.516166	
6.789907	6.724966	0.652018	
6.457868	7.809284	0.456678	
7.776872	6.484104	0.636651	
0.817210	2.629554	0.794943	
0.019013	6.187215	0.555803	
0.000000	6.046638	0.000000	
0.000000	6.046638	0.000000	
0.321149	2.941768	0.343687	
0.619536	5.773345	0.280616	
0.658278	5.113878	0.383106	
0.538285	7.422498	0.433323	
0.000000	14.028345	0.575187	
8.898882	0.000000	1.213298	
16.898124	0.817753	2.139137	
0.878216	1.298565	1.529181	
1.320465	2.277852	1.278691	
6.250186	3.004230	1.256958	
6.250186	3.004230	1.256958	
8.870378	3.499564	1.138753	
8.360851	4.467529	0.659597	
4.599617	4.669596	1.188551	
4.599617	4.669596	1.188551	
1.982642	5.416473	1.010459	
4.923080	4.912209	0.832864	
1.982642	5.416473	1.010459	
1.166174	2.594715	1.348762	
0.000000	3.821741	0.589190	
0.000000	3.821741	0.589190	
0.081116	4.383405	0.492546	
0.000000	2.379509	0.417654	
0.294311	1.719296	0.373262	
0.321149	2.941768	0.343687	
0.370433	2.934723	0.542586	
0.000000	9.109526	0.000000	
21.371633	0.000000	3.159319	
5.672435	0.198153	2.292953	
0.823682	1.307418	1.773061	
0.823682	1.307418	1.773061	
12.256442	1.603506	2.237029	
8.397542	2.643075	1.768183	
8.398482	3.477054	1.335570	
4.752771	3.392104	1.422609	
6.665463	3.793455	1.238020	
4.752771	3.392104	1.422609	
2.513990	4.793141	1.383332	
2.513990	4.793141	1.383332	
1.166174	2.594715	1.348762	
1.186193	3.165293	1.442134	
0.491202	2.820982	0.579003	
0.075465	1.803832	0.458082	
0.101782	1.779243	0.182003	
0.059828	1.514138	0.327986	
0.186099	1.451474	0.466026	
0.186099	1.451474	0.466026	
0.000000	9.109526	0.000000	
12.681272	0.000000	2.996549	
12.785676	0.000000	2.625283	
0.753993	0.754413	2.495019	
9.189175	1.353606	2.374496	
1.824546	2.174983	2.339531	
3.650583	2.483688	1.913176	
4.218757	2.965938	1.930772	
5.509061	3.335827	1.719706	
4.720713	3.114258	1.633495	
2.103376	3.963918	1.801616	
3.351599	2.473390	1.684575	
1.742015	4.575869	1.195101	
0.912780	3.328784	1.504372	
0.454155	2.383381	0.984745	
0.263878	1.592384	0.475503	
0.032108	1.170682	0.290190	
0.108057	1.605485	0.389530	
0.101782	1.779243	0.182003	
0.000000	3.084817	0.352387	
0.000000	3.084817	0.352387	
12.681272	0.000000	2.996549	
10.385933	0.111117	3.408297	
0.753993	0.754413	2.495019	
0.818755	1.452777	2.920119	
7.365180	1.179577	0.932702	
5.725327	0.222075	2.298460	
3.650583	2.483688	1.913176	
4.345607	2.708359	1.817220	
3.642776	2.382251	2.004603	
3.351599	2.473390	1.684575	
2.214074	3.681118	1.647752	
0.146039	2.377973	1.203713	
0.845886	2.626806	0.000000	
0.513146	2.029481	0.375962	
0.108720	1.117431	0.455341	
0.032108	1.170682	0.290190	
0.108057	1.605485	0.389530	
0.024681	2.364657	0.792419	
0.000000	4.720164	0.539197	
11.273655	0.000000	4.120077	
11.273655	0.000000	4.120077	
7.365180	1.179577	0.932702	
5.725327	0.222075	2.298460	
4.071064	1.044911	1.590835	
4.005045	1.712974	2.188477	
4.230040	2.185580	2.114076	
3.642776	2.382251	2.004603	
1.051242	1.140251	1.669969	
0.377139	1.997621	1.759611	
0.146039	2.377973	1.203713	
0.513146	2.029481	0.375962	
0.767647	2.137558	0.981067	
0.251804	1.624576	0.571457	
0.108720	1.117431	0.455341	
0.107576	1.729434	0.442107	
0.078079	2.015689	0.346516	
0.000000	2.715504	0.310199	
11.810610	0.000000	4.028152	
8.889891	0.176676	4.476155	
0.000000	0.986973	1.954382	
0.000000	0.652010	1.693651	
1.733934	0.980390	1.496850	
1.733934	0.980390	1.496850	
1.509857	0.820727	1.606229	
1.256606	1.391246	1.292718	
1.369794	1.363596	0.758037	
1.369794	1.363596	0.758037	
1.128215	1.415108	0.843006	
0.767647	2.137558	0.981067	
0.128838	1.908122	0.824521	
0.380151	1.618203	0.807151	
0.231910	1.659350	0.703044	
0.000000	1.932228	0.679621	
0.000000	4.720164	0.539197	
8.613922	0.000000	5.135579	
8.543709	0.138096	4.705011	
0.048686	0.749353	2.575783	
0.000000	0.652010	1.693651	
1.509857	0.820727	1.606229	
1.507699	0.857838	1.542577	
1.745922	0.750563	1.545881	
0.697954	1.231194	1.492106	
1.224717	1.024515	1.125334	
0.743852	1.488852	1.227915	
0.959126	1.337208	1.141920	
0.744980	2.006892	1.386783	
0.514928	2.144814	1.321509	
0.095758	1.823188	0.924891	
0.128838	1.908122	0.824521	
0.000000	2.715504	0.310199	
0.000000	0.000000	5.172679	
0.000000	0.000000	5.172679	
1.553893	0.600512	3.054158	
2.439822	0.451476	1.559583	
1.592133	0.519998	1.195087	
1.507699	0.857838	1.542577	
1.176091	0.930153	1.359068	
0.932882	0.938943	1.133251	
0.697954	1.231194	1.492106	
0.538692	1.353516	1.004595	
0.368372	1.353555	1.222558	
0.143769	1.740246	0.499684	
0.156142	1.335136	0.304500	
0.146743	2.108088	1.073780	
0.000000	3.509798	1.129884	
7.623190	0.000000	5.874455	
0.060720	0.258002	3.960087	
1.553893	0.600512	3.054158	
0.563545	0.521448	1.975398	
0.971685	0.670903	1.645213	
1.078402	0.792318	1.458137	
1.078402	0.792318	1.458137	
0.895457	0.641251	1.543287	
0.519781	1.303643	1.552831	
0.538692	1.353516	1.004595	
0.519781	1.303643	1.552831	
0.156142	1.335136	0.304500	
0.143769	1.740246	0.499684	
0.000000	1.932611	3.352541	
0.000000	0.000000	6.441850	
0.060720	0.258002	3.960087	
0.052627	0.541949	2.801488	
1.603195	0.341379	1.489194	
1.183378	0.481637	1.408634	
0.971685	0.670903	1.645213	
0.821752	0.688970	1.245243	
0.419472	0.823679	1.530384	
0.419472	0.823679	1.530384	
0.368372	1.353555	1.222558	
0.334980	2.134321	1.870374	
0.052598	2.304456	0.843386	
0.000000	3.189588	3.269895	
0.000000	0.000000	6.186037	
0.000000	0.162158	4.117164	
0.052627	0.541949	2.801488	
0.686346	0.492489	2.195257	
1.183378	0.481637	1.408634	
0.708937	0.560140	1.452452	
0.708937	0.560140	1.452452	
0.427597	1.080804	1.833828	
0.427597	1.080804	1.833828	
0.035902	0.885392	2.374764	
0.071969	1.009157	2.755484	
0.000000	3.189588	3.269895	
0.000000	0.000000	4.935301	
0.000000	0.162158	4.117164	
1.603195	0.341379	1.489194	
0.763207	0.495147	2.049695	
0.763207	0.495147	2.049695	
0.775561	0.603929	1.927590	
0.617859	0.759009	1.662717	
0.455047	0.609424	2.008789	
0.096386	0.495200	2.528034	
0.035902	0.885392	2.374764	
0.000000	1.841623	2.820195	
0.000000	0.000000	5.302439	
1.603711	0.105356	2.848485	
0.052809	0.166266	3.095756	
1.196810	0.562880	2.017901	
0.686346	0.492489	2.195257	
0.605999	0.847833	2.408822	
0.307195	0.642819	2.339402	
0.121145	0.495300	2.260260	
0.094482	0.608360	2.221091	
0.000000	1.841623	2.820195	
0.000000	0.000000	4.892075	
0.895603	0.226543	3.366477	
0.125431	0.426756	3.361370	
0.342145	0.565378	3.280274	
0.033389	0.687757	2.640827	
0.033389	0.687757	2.640827	
0.307195	0.642819	2.339402	
0.094482	0.608360	2.221091	
0.000000	0.942150	3.404234	
0.000000	0.000000	4.892075	
0.895603	0.226543	3.366477	
0.125431	0.426756	3.361370	
0.342145	0.565378	3.280274	
0.093604	0.660132	2.895550	
0.092113	0.541000	2.668951	
0.121145	0.495300	2.260260	
0.000000	1.219590	3.494399	
0.000000	0.000000	5.325777	
0.000000	0.021099	5.034488	
0.025175	0.080204	3.504558	
0.150045	0.542033	2.818632	
0.150045	0.542033	2.818632	
0.092113	0.541000	2.668951	
0.000000	1.219590	3.494399	
0.000000	0.000000	6.199768	
0.027933	0.056098	4.438399	
0.080955	0.214099	3.603210	
0.152690	0.378653	2.784949	
0.136219	0.617888	3.147910	
0.000000	1.003510	3.272968	
0.000000	0.000000	6.692676	
0.009147	0.033983	4.075350	
0.152690	0.378653	2.784949	
0.123364	0.411811	3.415954	
0.000000	1.003510	3.272968	
0.000000	0.000000	7.633920	
0.030919	0.129683	4.108822	
0.030032	0.087065	3.791910	
0.000000	0.000000	9.961957	
0.000000	0.000000	10.252787	
0.027933	0.056098	4.438399	
0.000000	0.000000	8.776862	
0.000000	0.000000	16.968831	
0.000000	0.000000	8.776862	
0.000000	0.000000	12.514779	
