75.500000	0.000000	0.000000	
72.751672	2.748328	0.000000	
72.751672	2.748328	0.000000	
88.664172	11.835828	0.000000	
58.255745	17.319725	0.000000	
71.190072	17.451925	0.000000	
53.506295	26.759916	0.000000	
29.955275	33.172867	0.000000	
85.337559	37.232637	0.000000	
64.053900	36.446100	0.000000	
28.361849	48.699295	0.000000	
28.361849	48.699295	0.000000	
38.701128	56.620686	0.000000	
29.655301	46.619298	0.000000	
38.909622	56.412192	0.000000	
31.354750	58.801132	0.000000	
31.354750	58.801132	0.000000	
24.514579	75.985421	0.000000	
10.323367	79.959511	0.000000	
2.364583	93.653035	0.000000	
9.372737	89.240741	0.000000	
2.364583	93.653035	0.000000	
2.480515	90.421623	0.000000	
0.000000	98.862764	0.000000	
36.920955	0.000000	1.760391	
36.920955	0.000000	1.760391	
82.255782	3.872863	0.000000	
59.273075	4.661157	0.000000	
75.396436	0.000000	1.296634	
53.798673	18.404127	2.526878	
53.798673	18.404127	2.526878	
36.522472	25.869923	3.966836	
54.892999	40.635856	1.988240	
23.546933	15.270628	0.987476	
23.546933	15.270628	0.987476	
44.209533	48.938672	3.648683	
44.209533	48.938672	3.648683	
10.628672	9.071974	2.620594	
32.270478	55.451559	2.016765	
28.765627	55.645807	0.000000	
24.514579	75.985421	0.000000	
6.874991	77.133932	3.991077	
6.874991	77.133932	3.991077	
9.321273	84.827137	1.679392	
0.164273	83.406618	3.432088	
2.480515	90.421623	0.000000	
0.000000	94.406552	4.456212	
83.938505	0.000000	6.234366	
82.255782	3.872863	0.000000	
59.273075	4.661157	0.000000	
65.709200	4.536503	1.296026	
54.601955	3.118927	2.020055	
54.601955	3.118927	2.020055	
36.522472	25.869923	3.966836	
28.056969	33.213504	5.088757	
54.892999	40.635856	1.988240	
56.068227	36.739268	7.692505	
50.954687	29.418612	9.855241	
10.628672	9.071974	2.620594	
29.655301	46.619298	0.000000	
24.122629	41.994267	6.160601	
28.765627	55.645807	0.000000	
7.903485	45.722724	2.805108	
5.096637	72.332734	0.273816	
7.903485	45.722724	2.805108	
0.000000	78.823064	4.792665	
0.000000	87.000261	8.292404	
0.000000	79.682541	3.782336	
0.000000	87.000261	8.292404	
78.654016	0.000000	9.345984	
77.004972	2.569479	3.450131	
77.004972	2.569479	3.450131	
48.301989	7.473449	2.764326	
63.355856	12.865182	12.319609	
75.318221	0.000000	0.000000	
71.196009	3.557750	0.000000	
71.464256	1.219099	15.392114	
52.485867	31.992544	16.021589	
56.068227	36.739268	7.692505	
51.122321	34.630984	2.246695	
39.396980	50.878434	5.726510	
24.122629	41.994267	6.160601	
35.499863	44.027977	2.171501	
32.270478	55.451559	2.016765	
12.122616	76.999348	8.846621	
5.096637	72.332734	0.273816	
0.000000	31.630923	12.962012	
3.388909	80.513859	4.097232	
0.000000	48.317343	2.858647	
0.000000	79.682541	3.782336	
85.668291	0.000000	5.362539	
85.668291	0.000000	5.362539	
80.083233	8.441998	7.680808	
70.087435	11.965146	18.447419	
48.301989	7.473449	2.764326	
33.142963	13.361147	18.613240	
70.825986	0.000000	22.447531	
68.009981	35.138685	0.919795	
52.669739	27.392316	20.437946	
52.669739	27.392316	20.437946	
33.953763	53.154348	13.391890	
6.656023	67.669987	4.901891	
6.656023	67.669987	4.901891	
0.000000	69.251383	9.426721	
12.122616	76.999348	8.846621	
5.188318	80.456471	4.358887	
5.188318	80.456471	4.358887	
0.000000	31.630923	12.962012	
3.205152	87.725585	9.569263	
0.000000	48.317343	2.858647	
84.764646	0.000000	4.727200	
84.520237	0.000000	3.479763	
67.066821	0.000000	0.000000	
70.087435	11.965146	18.447419	
75.318221	0.000000	0.000000	
65.979856	7.999115	26.521029	
63.738779	0.704463	25.559504	
60.611085	15.927941	23.960974	
57.673041	43.383299	26.030478	
31.468120	35.172449	22.235718	
31.468120	35.172449	22.235718	
6.243950	62.919990	29.923990	
5.273601	7.584984	4.059831	
11.878677	68.870192	7.251131	
0.000000	51.281752	24.741452	
13.755109	68.610313	10.969550	
0.000000	83.255726	15.024025	
3.388909	80.513859	4.097232	
0.000000	93.616287	5.246477	
76.181809	0.000000	4.691434	
57.717674	4.105943	12.361306	
79.516464	9.903602	11.079935	
67.066821	0.000000	0.000000	
50.422214	13.961802	36.115984	
65.979856	7.999115	26.521029	
65.845358	0.000000	28.497086	
54.328592	0.000000	36.280470	
54.328592	0.000000	36.280470	
23.511268	42.967888	34.020845	
37.540254	29.961051	32.998695	
6.243950	62.919990	29.923990	
5.273601	7.584984	4.059831	
13.755109	68.610313	10.969550	
0.000000	51.281752	24.741452	
0.000000	64.163707	24.718651	
0.000000	83.255726	15.024025	
0.000000	89.178484	16.092824	
57.352274	0.000000	0.000000	
59.727400	0.000000	19.882888	
78.295475	2.689253	0.000000	
65.423138	0.000000	34.219724	
65.423138	0.000000	34.219724	
0.000000	0.000000	38.572107	
39.780620	0.000000	35.719380	
57.673041	43.383299	26.030478	
17.525696	4.967588	32.778336	
23.511268	42.967888	34.020845	
24.289057	38.213193	41.772528	
0.000000	68.295093	39.472328	
10.450426	8.205217	2.544222	
0.000000	63.314185	32.754401	
0.000000	65.223052	23.379994	
0.000000	57.470354	10.334840	
0.000000	63.314185	32.754401	
59.727400	0.000000	19.882888	
57.352274	0.000000	0.000000	
84.520237	0.000000	3.479763	
64.230932	0.000000	36.269068	
49.360114	10.191168	40.948718	
11.667056	18.361159	45.471785	
39.780620	0.000000	35.719380	
28.219035	25.322144	39.230441	
17.525696	4.967588	32.778336	
27.830573	30.778721	41.890707	
11.667056	18.361159	45.471785	
10.450426	8.205217	2.544222	
0.000000	68.295093	39.472328	
0.623136	67.761325	0.955601	
0.000000	57.470354	10.334840	
0.000000	62.908486	5.206358	
99.207172	0.000000	1.292828	
78.295475	2.689253	0.000000	
60.508050	0.000000	39.991950	
52.932669	0.000000	47.742448	
44.002439	11.154974	16.020745	
39.845575	7.341313	53.313112	
41.081436	22.155843	37.262721	
28.219035	25.322144	39.230441	
10.381923	5.313823	47.369411	
21.599778	24.165407	54.734815	
21.599778	24.165407	54.734815	
14.748852	42.101085	33.006942	
11.172801	46.154666	55.283788	
1.943218	94.277330	9.064764	
0.000000	65.223052	23.379994	
40.321140	0.000000	60.178860	
40.321140	0.000000	60.178860	
49.228136	0.000000	51.725622	
49.228136	0.000000	51.725622	
44.002439	11.154974	16.020745	
43.821523	0.000000	56.678477	
24.655009	20.796257	55.048734	
10.381923	5.313823	47.369411	
29.155026	0.794129	48.241489	
0.715050	62.800052	68.545023	
0.000000	64.248851	36.251149	
0.000000	64.248851	36.251149	
5.929970	59.756029	33.401931	
0.000000	99.796294	0.000000	
50.308529	0.000000	61.663728	
40.321140	0.000000	60.178860	
0.226063	0.458755	35.620222	
0.000000	0.000000	36.368979	
13.164862	12.070134	41.518300	
41.456572	0.000000	37.137954	
29.155026	0.794129	48.241489	
0.842254	23.977368	29.143759	
0.842254	23.977368	29.143759	
4.482829	61.772106	36.610619	
5.929970	59.756029	33.401931	
0.000000	91.041855	91.155447	
0.000000	83.621894	25.960899	
55.524252	0.000000	44.975748	
0.226063	0.458755	35.620222	
0.000000	0.000000	36.368979	
12.247155	11.228739	55.719753	
1.054998	2.880776	17.109255	
0.000000	2.042488	39.230342	
0.000000	2.042488	39.230342	
0.000000	26.176683	56.359851	
0.000000	26.176683	56.359851	
4.342438	9.980778	57.459660	
4.342438	9.980778	57.459660	
0.000000	0.000000	69.362032	
55.524252	0.000000	44.975748	
45.071168	0.000000	55.428832	
34.252809	6.771134	59.865599	
1.054998	2.880776	17.109255	
28.461073	9.279538	62.759389	
23.861415	11.191416	65.447168	
16.296346	0.443882	26.964818	
0.000000	34.546535	66.161065	
0.000000	51.320072	41.224071	
0.000000	0.000000	69.362032	
0.000000	13.734877	88.889624	
45.071168	0.000000	55.428832	
4.248931	0.382191	8.640780	
4.248931	0.382191	8.640780	
32.405846	0.000000	68.094154	
20.858291	0.000000	72.236551	
13.217343	13.217343	48.676568	
14.753468	0.000000	85.746532	
0.000000	12.058965	88.441035	
0.000000	49.066805	45.701057	
0.000000	51.320072	41.224071	
36.040801	0.000000	64.459199	
3.768765	0.974594	8.528543	
3.768765	0.974594	8.528543	
20.858291	0.000000	72.236551	
20.377887	0.000000	80.122113	
13.217343	13.217343	48.676568	
12.523831	0.000000	93.742212	
0.000000	40.241750	91.322104	
0.000000	49.066805	45.701057	
28.816955	0.000000	71.683045	
18.868634	1.991795	18.777991	
18.868634	1.991795	18.777991	
14.804638	0.000000	73.195362	
12.760977	0.000000	80.175392	
6.062636	0.000000	95.427621	
6.062636	0.000000	95.427621	
0.000000	40.241750	91.322104	
11.228320	0.000000	77.233698	
11.228320	0.000000	77.233698	
18.622374	0.000000	81.877626	
9.273521	0.000000	81.363903	
8.927174	0.544512	76.255575	
5.665539	0.000000	94.834461	
0.000000	0.000000	100.500000	
18.622374	0.000000	81.877626	
0.000000	0.000000	56.576361	
8.927174	0.544512	76.255575	
7.090072	0.432458	83.881781	
1.035163	0.000000	93.787786	
0.000000	0.000000	100.732565	
17.166162	0.000000	78.969499	
1.035163	0.000000	93.787786	
4.553152	0.277719	76.594191	
1.811846	0.096626	85.193642	
0.000000	0.000000	103.108716	
0.000000	0.000000	56.576361	
4.553152	0.277719	76.594191	
1.798756	0.109715	85.193642	
0.000000	0.000000	98.049872	
0.469831	0.000000	82.770624	
0.469831	0.000000	82.770624	
0.000000	0.000000	98.049872	
0.000000	0.000000	97.668807	
0.000000	0.000000	97.668807	
0.000000	0.000000	112.321669	
