7.999506	0.000000	0.000000	
4.071005	0.064567	0.000000	
4.071005	0.064567	0.000000	
1.199161	1.099300	0.000000	
1.199161	1.099300	0.000000	
2.091588	1.137522	0.000000	
2.091588	1.137522	0.000000	
1.115848	0.967341	0.000000	
1.116250	0.858795	0.000000	
1.161824	0.759209	0.000000	
1.116250	0.858795	0.000000	
1.079912	1.000853	0.000000	
0.967795	1.062638	0.000000	
0.845007	1.062757	0.000000	
0.706636	1.162762	0.000000	
0.628948	1.236869	0.000000	
0.540499	1.259577	0.000000	
0.400206	1.283523	0.000000	
0.337393	1.368094	0.000000	
0.337393	1.368094	0.000000	
0.296038	2.737867	0.000000	
0.166882	2.868621	0.000000	
0.143786	3.430571	0.000000	
0.000000	3.701024	0.000000	
6.341254	0.000000	0.000000	
7.387511	0.039212	0.000000	
1.377417	0.475473	0.037309	
1.377417	0.475473	0.037309	
1.780289	0.957981	0.078906	
1.780289	0.957981	0.078906	
1.565834	0.561633	0.031429	
1.252236	0.590183	0.039845	
1.243706	0.670040	0.041184	
1.070206	0.740283	0.038577	
0.989319	0.893775	0.000000	
0.989319	0.893775	0.000000	
0.743014	1.061438	0.056597	
0.743014	1.061438	0.056597	
0.595511	1.106103	0.083855	
0.540499	1.259577	0.000000	
0.480954	1.297187	0.000000	
0.379604	1.299749	0.000000	
0.322206	1.485546	0.074672	
0.134632	1.613311	0.054387	
0.000000	2.243487	0.090349	
0.000000	2.349281	0.067804	
0.000000	2.243487	0.090349	
8.346613	0.000000	0.329680	
7.739845	0.340119	0.413767	
7.299651	0.765961	0.506421	
5.189373	0.888331	0.272205	
4.735915	1.133624	0.019640	
1.241881	1.062845	0.070674	
1.565834	0.561633	0.031429	
1.252236	0.590183	0.039845	
0.945882	0.732018	0.118218	
0.945882	0.732018	0.118218	
0.890786	0.854460	0.172421	
0.830056	0.900450	0.093242	
0.713731	1.057795	0.122081	
0.676497	1.132853	0.117177	
0.439985	1.148595	0.157241	
0.441587	1.059807	0.148611	
0.400206	1.283523	0.000000	
0.224648	1.365401	0.120512	
0.176603	1.477126	0.142312	
0.134632	1.613311	0.054387	
0.091086	1.716394	0.148200	
0.000000	2.077112	0.199695	
7.269441	0.000000	1.135254	
5.745906	0.086598	1.052428	
5.745906	0.086598	1.052428	
1.818386	0.440244	0.751571	
1.818386	0.440244	0.751571	
2.483154	0.507133	0.276075	
1.736681	0.766679	0.431607	
1.069899	0.463394	0.223724	
1.069899	0.463394	0.223724	
0.887202	0.781928	0.240706	
0.890786	0.854460	0.172421	
0.700042	0.891726	0.239609	
0.608667	0.974447	0.216367	
0.595511	1.106103	0.083855	
0.441587	1.059807	0.148611	
0.418469	1.216116	0.215600	
0.223692	1.233417	0.240949	
0.202947	1.301172	0.226152	
0.176603	1.477126	0.142312	
0.091086	1.716394	0.148200	
0.000000	2.037205	0.298072	
6.064156	0.000000	1.278655	
5.518484	0.207115	1.091777	
1.673069	0.407003	1.118034	
2.684897	0.746489	1.012656	
2.483154	0.507133	0.276075	
1.134824	0.514108	0.162179	
1.084803	0.479503	0.208289	
0.952628	0.487666	0.284386	
0.952628	0.487666	0.284386	
0.804632	0.669297	0.296237	
0.746434	0.625155	0.332716	
0.599317	0.892947	0.333521	
0.565004	1.008862	0.336088	
0.511884	1.017959	0.325954	
0.322137	1.187917	0.206897	
0.244077	1.174082	0.323250	
0.223692	1.233417	0.240949	
0.176603	1.477126	0.142312	
0.091086	1.716394	0.148200	
0.000000	1.876470	0.356366	
6.015082	0.000000	1.599105	
4.947906	0.223494	1.397276	
1.673069	0.407003	1.118034	
2.684897	0.746489	1.012656	
1.355763	0.770558	0.661709	
1.118636	0.444184	0.279597	
0.757405	0.436701	0.394750	
0.767633	0.368613	0.372830	
0.767633	0.368613	0.372830	
0.746434	0.625155	0.332716	
0.614197	0.839738	0.414708	
0.554378	0.894243	0.400510	
0.472356	0.942266	0.389609	
0.415385	0.977290	0.371821	
0.279566	1.086898	0.424666	
0.244077	1.174082	0.323250	
0.161565	1.232809	0.440131	
0.066620	1.686922	0.485904	
0.000000	1.805824	0.479127	
6.015082	0.000000	1.599105	
4.947906	0.223494	1.397276	
4.301785	0.470414	1.766802	
2.981753	0.735049	1.331828	
1.089929	0.351560	0.567164	
1.061013	0.436984	0.336093	
0.757405	0.436701	0.394750	
0.808892	0.534496	0.356073	
0.416687	0.513851	0.461821	
0.416687	0.513851	0.461821	
0.577220	0.833595	0.460328	
0.457119	0.844635	0.480408	
0.416069	1.010314	0.386063	
0.305030	1.138617	0.435803	
0.249488	1.228739	0.379377	
0.161565	1.232809	0.440131	
0.065323	1.654086	0.523033	
0.000000	1.800890	0.524849	
5.402560	0.000000	2.513509	
1.974947	0.181141	1.252692	
2.268859	0.219078	1.282012	
2.268859	0.219078	1.282012	
1.755849	0.371865	1.143507	
1.089929	0.351560	0.567164	
0.870276	0.612409	0.319991	
0.757259	0.656808	0.353315	
0.631110	0.667665	0.587266	
0.564717	0.771692	0.536034	
0.513137	0.795461	0.561622	
0.411328	0.863930	0.490225	
0.345603	0.986171	0.531563	
0.238344	1.166554	0.527784	
0.099882	1.283572	0.564513	
0.065323	1.654086	0.523033	
0.000000	1.774166	0.590898	
5.402560	0.000000	2.513509	
1.974947	0.181141	1.252692	
2.268859	0.219078	1.282012	
1.755849	0.371865	1.143507	
1.805713	0.601495	1.189960	
1.613261	0.553240	1.245594	
0.870276	0.612409	0.319991	
0.757259	0.656808	0.353315	
0.631110	0.667665	0.587266	
0.535729	0.836698	0.499678	
0.375289	0.876895	0.645894	
0.345603	0.986171	0.531563	
0.292200	1.105481	0.440986	
0.198808	1.283967	0.647963	
0.044903	1.525359	0.747617	
0.000000	1.707565	0.941932	
2.451233	0.000000	1.551249	
2.221834	0.000000	1.645768	
2.205558	0.191713	1.564630	
2.028448	0.290707	1.457706	
1.805713	0.601495	1.189960	
0.785688	0.781824	0.628443	
0.815055	0.665344	0.636012	
0.691683	0.725153	0.570084	
0.575836	0.781666	0.527391	
0.397300	0.913204	0.602494	
0.375289	0.876895	0.645894	
0.292200	1.105481	0.440986	
0.216675	1.318307	0.370000	
0.113787	1.490318	0.928674	
0.000000	1.598289	0.712511	
2.451233	0.000000	1.551249	
2.221834	0.000000	1.645768	
2.028448	0.290707	1.457706	
2.102231	0.333914	1.786433	
1.481603	0.568900	1.550532	
0.795602	0.666788	0.629376	
0.795602	0.666788	0.629376	
0.575836	0.781666	0.527391	
0.520054	0.821948	0.580179	
0.397300	0.913204	0.602494	
0.278921	1.213155	1.028163	
0.165118	1.336289	0.893471	
0.000000	1.476352	0.812541	
0.000000	1.476352	0.812541	
2.854159	0.000000	3.243449	
2.527093	0.000000	2.467439	
2.102231	0.333914	1.786433	
2.102231	0.333914	1.786433	
1.350067	0.662337	1.405790	
0.736500	0.687534	0.678480	
0.741951	0.464179	0.590438	
0.590039	0.794384	0.611273	
0.590039	0.794384	0.611273	
0.234903	1.259859	0.293431	
0.024689	1.486687	1.051897	
0.071556	1.398838	0.820652	
0.000000	1.597903	0.766657	
2.958418	0.000000	3.988741	
2.238998	0.231903	2.158665	
2.102231	0.333914	1.786433	
1.971638	0.795737	2.319121	
0.642006	0.768892	2.063253	
0.659882	0.685367	0.562962	
0.659882	0.685367	0.562962	
0.618742	1.057408	0.365413	
0.234903	1.259859	0.293431	
0.024689	1.486687	1.051897	
0.071556	1.398838	0.820652	
0.000000	1.615210	0.780645	
2.652648	0.000000	3.471639	
2.652648	0.000000	3.471639	
2.656880	0.657072	3.303460	
1.722934	0.647760	2.803214	
0.726958	0.525870	2.080510	
0.741951	0.464179	0.590438	
0.625441	0.771211	2.023689	
0.469092	0.834777	1.889628	
0.171860	1.601444	1.434326	
0.171860	1.601444	1.434326	
0.000000	1.597903	0.766657	
2.958418	0.000000	3.988741	
2.921068	0.361491	3.859963	
1.877121	0.651915	3.703838	
1.453539	0.786947	3.164058	
0.556538	1.124796	2.113133	
0.602362	0.510582	2.696734	
0.602362	0.510582	2.696734	
0.182109	1.416362	3.130993	
0.000000	1.718330	0.767844	
0.000000	1.718330	0.767844	
0.000000	0.000000	5.549104	
0.099509	0.201299	5.557777	
0.494495	0.548538	3.706535	
1.261828	0.931271	3.598089	
0.556538	1.124796	2.113133	
0.711775	1.159852	2.751220	
0.449655	1.343787	3.755681	
0.182109	1.416362	3.130993	
0.000000	0.830163	3.590549	
0.000000	0.000000	6.615944	
0.099509	0.201299	5.557777	
0.494495	0.548538	3.706535	
0.243829	0.686550	4.723678	
0.346108	0.562305	3.696670	
0.346108	0.562305	3.696670	
0.106126	1.443221	4.293878	
0.000000	0.830163	3.590549	
0.000000	0.000000	6.615944	
0.012041	0.038526	6.792329	
0.023955	0.468779	5.236485	
0.268175	0.658258	4.703640	
0.268175	0.658258	4.703640	
0.110112	0.495468	4.782628	
0.000000	1.631713	3.780503	
0.000000	0.000000	6.775863	
0.000000	0.322404	6.313095	
0.046321	0.548052	4.913835	
0.243829	0.686550	4.723678	
0.231443	0.705423	4.756609	
0.000000	0.887828	4.898903	
0.000000	0.000000	6.775863	
0.005319	0.170447	4.941730	
0.137134	0.280628	4.068152	
0.137134	0.280628	4.068152	
0.000000	0.887828	4.898903	
0.000000	0.000000	6.122800	
0.008762	0.159070	4.718670	
0.005319	0.170447	4.941730	
0.000000	0.887828	4.898903	
0.000000	0.000000	6.587466	
0.008762	0.159070	4.718670	
0.000000	0.595542	4.708200	
0.000000	0.000000	6.587466	
0.000000	0.192674	6.227256	
0.000000	0.000000	7.240994	
