2.192151	0.000000	0.000000	
1.724956	0.039949	0.000000	
1.195845	0.108857	0.000000	
1.195845	0.108857	0.000000	
1.357115	0.269280	0.000000	
1.142564	0.321296	0.000000	
0.844794	0.375977	0.000000	
0.886629	0.421941	0.000000	
0.844794	0.375977	0.000000	
0.704936	0.512169	0.000000	
0.263476	0.539156	0.000000	
0.263476	0.539156	0.000000	
0.497165	0.594526	0.000000	
0.358419	0.491876	0.000000	
0.143091	0.477319	0.000000	
0.143091	0.477319	0.000000	
0.190227	0.493718	0.000000	
0.074455	0.527166	0.000000	
0.074455	0.527166	0.000000	
0.103779	0.577841	0.000000	
0.029594	0.758259	0.000000	
0.046342	1.062890	0.000000	
0.046342	1.062890	0.000000	
0.000000	1.283919	0.000000	
1.866011	0.000000	0.053514	
1.725952	0.073152	0.000000	
1.641602	0.145314	0.014255	
1.403029	0.175561	0.021573	
1.074151	0.293223	0.059572	
1.074151	0.293223	0.059572	
1.073275	0.384533	0.009893	
0.686461	0.377213	0.036704	
0.686461	0.377213	0.036704	
0.119493	0.419575	0.038874	
0.291380	0.482488	0.023144	
0.068836	0.496130	0.029477	
0.091807	0.505993	0.044556	
0.144462	0.434074	0.034779	
0.140560	0.398884	0.022524	
0.150452	0.400586	0.031416	
0.190227	0.493718	0.000000	
0.127162	0.441484	0.016442	
0.105236	0.519096	0.014448	
0.094437	0.630939	0.033836	
0.029594	0.758259	0.000000	
0.025228	0.998932	0.039639	
0.000000	1.082682	0.003661	
1.694300	0.000000	0.032281	
1.689293	0.056745	0.162528	
1.584811	0.114866	0.108924	
1.403029	0.175561	0.021573	
0.923574	0.221059	0.057702	
0.960648	0.289581	0.113899	
0.747261	0.339922	0.070741	
0.781612	0.381386	0.081866	
0.657924	0.413532	0.077085	
0.595925	0.446543	0.093333	
0.223746	0.448701	0.081271	
0.102754	0.432802	0.069931	
0.091304	0.418073	0.065962	
0.133171	0.402600	0.031673	
0.140560	0.398884	0.022524	
0.150452	0.400586	0.031416	
0.131445	0.415712	0.040553	
0.121668	0.487489	0.044128	
0.088629	0.550323	0.000000	
0.066802	0.621296	0.053558	
0.009248	0.906368	0.000000	
0.000000	0.995909	0.097198	
1.474457	0.000000	0.236432	
1.415344	0.019802	0.204704	
1.442968	0.000000	0.205196	
1.433525	0.000000	0.248175	
1.318042	0.310303	0.000000	
0.923574	0.221059	0.057702	
0.747261	0.339922	0.070741	
0.781612	0.381386	0.081866	
0.657924	0.413532	0.077085	
0.193533	0.396884	0.131776	
0.150582	0.446520	0.089278	
0.133171	0.402600	0.031673	
0.167172	0.354563	0.093871	
0.145994	0.384705	0.059346	
0.141237	0.390101	0.058847	
0.132282	0.408441	0.082468	
0.112411	0.430080	0.049220	
0.056908	0.502969	0.069228	
0.066802	0.621296	0.053558	
0.045347	0.892028	0.121964	
0.000000	0.949363	0.141429	
1.254817	0.000000	0.279053	
1.254817	0.000000	0.279053	
1.315755	0.001629	0.309046	
1.355364	0.100707	0.320762	
1.050699	0.240537	0.155921	
0.675943	0.311372	0.160122	
0.653188	0.261000	0.179993	
0.587421	0.315814	0.191469	
0.193533	0.396884	0.131776	
0.164781	0.323459	0.139459	
0.143117	0.304883	0.135741	
0.146596	0.325769	0.112833	
0.146596	0.325769	0.112833	
0.167172	0.354563	0.093871	
0.096646	0.367846	0.112434	
0.112411	0.430080	0.049220	
0.080825	0.466162	0.091930	
0.056908	0.502969	0.069228	
0.040466	0.492614	0.156434	
0.000000	0.915089	0.152070	
1.390129	0.000000	0.323960	
1.289938	0.067870	0.378094	
1.239132	0.023982	0.393741	
1.113706	0.214447	0.386131	
0.933205	0.249053	0.155863	
0.737920	0.287755	0.168872	
0.617478	0.298757	0.171316	
0.551064	0.333330	0.207310	
0.187109	0.353019	0.189804	
0.188719	0.352561	0.178044	
0.185193	0.301096	0.154479	
0.143117	0.304883	0.135741	
0.135568	0.367675	0.152975	
0.135568	0.367675	0.152975	
0.119493	0.419575	0.038874	
0.072775	0.464915	0.131458	
0.036865	0.476657	0.097111	
0.020633	0.532533	0.066313	
0.000000	0.874360	0.236735	
1.354646	0.000000	0.436987	
1.116451	0.021608	0.458471	
0.936179	0.126656	0.433987	
1.006395	0.142346	0.374319	
0.820629	0.256797	0.160625	
0.737920	0.287755	0.168872	
0.587421	0.315814	0.191469	
0.512013	0.368636	0.268494	
0.187109	0.353019	0.189804	
0.171647	0.220463	0.182034	
0.154775	0.250786	0.164908	
0.171647	0.220463	0.182034	
0.150435	0.387347	0.196963	
0.121508	0.425957	0.061018	
0.065995	0.464395	0.126820	
0.048323	0.467787	0.102735	
0.029320	0.542374	0.087695	
0.000000	0.749730	0.285675	
1.155660	0.000000	0.493140	
1.115514	0.071325	0.507798	
0.936179	0.126656	0.433987	
0.956843	0.119506	0.498549	
0.820629	0.256797	0.160625	
0.675943	0.311372	0.160122	
0.519824	0.319223	0.318967	
0.444638	0.330463	0.324141	
0.362477	0.382314	0.296744	
0.171647	0.220463	0.182034	
0.171647	0.220463	0.182034	
0.095938	0.316289	0.198566	
0.124281	0.314830	0.181840	
0.067200	0.387240	0.168308	
0.065995	0.464395	0.126820	
0.029320	0.542374	0.087695	
0.000000	0.753791	0.145596	
1.027139	0.000000	0.569026	
0.997403	0.001730	0.570067	
0.983574	0.009427	0.597095	
0.606181	0.221297	0.554140	
0.606181	0.221297	0.554140	
0.312907	0.289143	0.468463	
0.449940	0.306523	0.369497	
0.404021	0.375005	0.317687	
0.362477	0.382314	0.296744	
0.153012	0.284654	0.219983	
0.153012	0.284654	0.219983	
0.124281	0.314830	0.181840	
0.078898	0.320753	0.229442	
0.067200	0.387240	0.168308	
0.000000	0.563606	0.176903	
0.000000	0.688430	0.188531	
1.027139	0.000000	0.569026	
0.916686	0.032218	0.638311	
0.836269	0.086391	0.661782	
0.796567	0.213018	0.384039	
0.634281	0.223897	0.475743	
0.516988	0.274018	0.483213	
0.312907	0.289143	0.468463	
0.277089	0.342898	0.433813	
0.270003	0.370070	0.438726	
0.114936	0.425939	0.148864	
0.150435	0.387347	0.196963	
0.078898	0.320753	0.229442	
0.003703	0.452253	0.284894	
0.003703	0.452253	0.284894	
0.000000	0.635176	0.205358	
0.977209	0.000000	0.667162	
0.858823	0.059650	0.701555	
0.722908	0.120381	0.711907	
0.297009	0.204520	0.663699	
0.567373	0.240555	0.581800	
0.340249	0.234836	0.565099	
0.288670	0.293095	0.486925	
0.288670	0.293095	0.486925	
0.127305	0.223905	0.411216	
0.068049	0.329426	0.309163	
0.044634	0.477089	0.456254	
0.086753	0.430916	0.056622	
0.037894	0.512532	0.125307	
0.000000	0.608724	0.463701	
0.944067	0.000000	0.830643	
0.788733	0.026056	0.775137	
0.722908	0.120381	0.711907	
0.487497	0.126626	0.705913	
0.340249	0.234836	0.565099	
0.277146	0.174017	0.270991	
0.242386	0.145660	0.242277	
0.110232	0.186864	0.375010	
0.096009	0.209807	0.285967	
0.068049	0.329426	0.309163	
0.077525	0.308985	0.371262	
0.045760	0.504085	0.477879	
0.000000	0.576353	0.514648	
0.888004	0.000000	0.866368	
0.711131	0.072378	0.694074	
0.226810	0.104948	0.869736	
0.487497	0.126626	0.705913	
0.297009	0.204520	0.663699	
0.277146	0.174017	0.270991	
0.127305	0.223905	0.411216	
0.096009	0.209807	0.285967	
0.102689	0.142001	0.461208	
0.077525	0.308985	0.371262	
0.040296	0.466693	0.593213	
0.000000	0.524487	0.561989	
0.775183	0.000000	1.002896	
0.686813	0.008178	1.004803	
0.226810	0.104948	0.869736	
0.382553	0.176257	0.758164	
0.358484	0.190934	0.714712	
0.242386	0.145660	0.242277	
0.110489	0.309568	0.672862	
0.098888	0.356946	0.655719	
0.072297	0.382511	0.642060	
0.022711	0.427080	0.634920	
0.000000	0.524487	0.561989	
0.708400	0.000000	1.116718	
0.554425	0.032929	1.109175	
0.461359	0.091474	1.077362	
0.236226	0.160726	0.791703	
0.236226	0.160726	0.791703	
0.166609	0.285388	0.821691	
0.120232	0.318018	0.743028	
0.099557	0.363988	0.653400	
0.042024	0.328670	0.680769	
0.000000	0.419053	0.702539	
0.000000	0.000000	1.283130	
0.530132	0.075089	1.121644	
0.265691	0.056407	1.095101	
0.322924	0.163793	0.796891	
0.102305	0.234359	0.866905	
0.086629	0.223713	0.775292	
0.086629	0.223713	0.775292	
0.042024	0.328670	0.680769	
0.000000	0.420128	0.721487	
0.000000	0.000000	1.283130	
0.007185	0.035396	1.276369	
0.265691	0.056407	1.095101	
0.064968	0.158066	0.914295	
0.091945	0.149704	0.886679	
0.091945	0.149704	0.886679	
0.025790	0.319197	0.789685	
0.000000	0.371702	0.830754	
0.000000	0.000000	1.379397	
0.306140	0.070081	1.342882	
0.022670	0.076674	1.080129	
0.149864	0.151515	1.077997	
0.015666	0.211860	0.967368	
0.004811	0.255624	0.938364	
0.000000	0.276528	0.939861	
0.000000	0.000000	1.282066	
0.003604	0.013484	1.261633	
0.013275	0.095436	1.153615	
0.022670	0.076674	1.080129	
0.008371	0.199458	1.046235	
0.000000	0.274783	0.991964	
0.000000	0.000000	1.207868	
0.000000	0.000000	1.207868	
0.028088	0.078862	1.112420	
0.028088	0.078862	1.112420	
0.000000	0.258091	1.148772	
0.000000	0.000000	1.398826	
0.011910	0.032346	1.272082	
0.041791	0.089820	1.253263	
0.000000	0.190878	1.377902	
0.000000	0.000000	1.282066	
0.011910	0.032346	1.272082	
0.000000	0.000000	1.524634	
0.000000	0.000000	1.558690	
0.000000	0.000000	1.630776	
0.000000	0.000000	1.630776	
