1.170198	0.000000	0.000000	
1.134431	0.073196	0.000000	
0.852845	0.192782	0.000000	
0.802391	0.255458	0.000000	
0.659528	0.380232	0.000000	
0.627773	0.449384	0.000000	
0.518441	0.596917	0.000000	
0.451098	0.722714	0.000000	
0.331527	0.899399	0.000000	
0.097291	1.324876	0.000000	
0.208702	1.023650	0.000000	
0.000000	2.189709	0.000000	
1.120534	0.000000	0.106469	
1.003658	0.062853	0.082605	
0.843994	0.183187	0.018183	
0.736785	0.321507	0.000000	
0.601619	0.391682	0.104207	
0.570950	0.408708	0.084311	
0.403524	0.649497	0.068563	
0.287028	0.795125	0.000000	
0.203622	0.975199	0.117233	
0.163607	1.107604	0.002672	
0.000000	2.034268	0.132359	
1.064034	0.000000	0.192998	
0.803480	0.107286	0.207802	
0.746513	0.161102	0.159957	
0.639155	0.269917	0.168444	
0.522040	0.450267	0.164888	
0.453885	0.566043	0.180251	
0.329954	0.746604	0.032398	
0.222532	0.853609	0.045476	
0.148905	1.306682	0.245678	
0.000000	1.449367	0.284444	
0.999925	0.000000	0.129105	
0.791038	0.105625	0.205208	
0.641648	0.170368	0.320888	
0.634171	0.353723	0.129861	
0.469834	0.493523	0.224528	
0.360373	0.580042	0.179936	
0.208379	0.799320	0.184564	
0.163607	1.107604	0.002672	
0.000000	1.208819	0.439396	
0.999925	0.000000	0.129105	
0.716122	0.115939	0.322615	
0.576990	0.184090	0.466968	
0.533435	0.213848	0.458502	
0.432509	0.539385	0.240801	
0.207078	0.794330	0.183412	
0.162772	0.943598	0.202636	
0.000000	1.110018	0.572490	
0.949844	0.000000	0.283114	
0.660071	0.045143	0.675477	
0.465965	0.186800	0.589940	
0.389366	0.114908	0.694108	
0.265083	0.654099	0.823119	
0.134593	0.865333	0.859572	
0.000000	0.887248	0.837073	
0.834700	0.000000	0.963612	
0.416194	0.122825	0.754112	
0.409907	0.120970	0.742720	
0.261667	0.371859	0.976430	
0.157156	0.432087	1.036481	
0.000000	0.792298	1.008347	
0.648825	0.000000	0.761060	
0.366472	0.108151	0.889360	
0.298164	0.099923	1.090544	
0.006707	0.491849	1.190276	
0.000000	0.502161	1.198885	
0.505004	0.000000	1.389384	
0.257915	0.076115	1.155445	
0.104543	0.287430	1.237292	
0.000000	0.419971	1.240270	
0.336670	0.000000	1.703188	
0.172337	0.054254	1.288531	
0.000000	0.358987	1.314005	
0.165575	0.000000	1.840837	
0.000000	0.000000	1.845471	
0.000000	0.000000	2.883810	
0.384904	0.397989	0.349087	
0.422936	0.437314	0.271764	
0.385016	0.398105	0.349188	
0.420547	0.382866	0.341046	
0.323165	0.490496	0.287142	
0.382276	0.398398	0.348097	
0.374572	0.387306	0.339716	
0.415782	0.420577	0.380126	
0.453300	0.412684	0.482235	
0.424726	0.440898	0.273461	
0.406112	0.447532	0.257705	
0.431261	0.392620	0.458789	
0.401386	0.411776	0.362583	
