1.830564	0.000000	0.000000	
1.726636	0.000000	0.000000	
1.688246	0.003425	0.000000	
1.243844	0.000000	0.000000	
1.657550	0.000000	0.000000	
1.416973	0.000000	0.000000	
1.463119	0.000000	0.000000	
1.394890	0.000000	0.000000	
2.051715	0.000000	0.000000	
1.688352	0.000004	0.000000	
1.566519	0.000000	0.000000	
0.000000	1.324581	0.000000	
0.000000	1.324581	0.000000	
0.000000	1.296675	0.000000	
1.253934	0.000000	0.000000	
0.000000	1.639852	0.000000	
0.000000	1.691138	0.000000	
0.000000	1.691138	0.000000	
0.000000	1.680207	0.000000	
1.859665	0.000000	0.000000	
1.442994	0.000000	0.000000	
1.930671	0.000000	0.000000	
1.532405	0.000000	0.000000	
1.525531	0.000000	0.000000	
1.825009	0.000032	0.000000	
1.465239	0.000000	0.000000	
1.842918	0.000000	0.000000	
1.595638	0.000000	0.000261	
1.921909	0.000000	0.000000	
1.360348	0.000000	0.000000	
1.580541	0.000000	0.000017	
0.000000	1.352020	0.000000	
0.000000	1.807017	0.000000	
0.000000	1.552131	0.000000	
0.000000	1.675319	0.000000	
0.000000	1.428889	0.000000	
0.000000	1.680207	0.000000	
1.723013	0.000000	0.000000	
1.398669	0.000000	0.000000	
1.566504	0.000036	0.096864	
1.358403	0.000000	0.000000	
1.862191	0.000000	0.000000	
1.633896	0.000000	0.000000	
1.756098	0.000000	0.000000	
1.640653	0.000000	0.000000	
1.566233	0.000000	0.000000	
0.000000	1.431679	0.000000	
1.826164	0.002878	0.000000	
0.000000	1.316961	0.000002	
0.000000	1.222199	0.000000	
0.000000	1.296675	0.000000	
0.000000	1.908496	0.000000	
0.000000	1.675319	0.000000	
0.000000	1.428889	0.000000	
1.243844	0.000000	0.000000	
1.412174	0.000000	0.000000	
1.998179	0.000000	0.000000	
1.795010	0.119855	0.000000	
1.459051	0.000000	0.000000	
1.587280	0.000000	0.000000	
2.005901	0.000000	0.000000	
1.342182	0.000059	0.000000	
1.526991	0.000000	0.000000	
0.000000	1.431679	0.000000	
0.000000	1.644452	0.000000	
0.010406	1.493097	0.000000	
0.000000	1.222199	0.000000	
0.000000	1.998027	0.000000	
0.000000	1.552131	0.000000	
0.000000	1.908496	0.000000	
1.701746	0.000000	0.000000	
1.628152	0.000000	0.000000	
1.822578	0.000000	0.000000	
1.390003	0.000000	0.000000	
1.363171	0.000000	0.000000	
1.689743	0.000000	0.000000	
1.363256	0.018697	0.000000	
1.923813	0.000000	0.188704	
1.523842	0.000000	0.000000	
0.000000	1.599146	0.000000	
0.000000	1.316961	0.000002	
1.158790	0.000000	0.000000	
0.010406	1.493097	0.000000	
0.000000	2.132025	0.000000	
0.000000	1.998027	0.000000	
1.953587	0.000000	0.000000	
1.474259	0.000000	0.047099	
1.376017	0.000000	0.000000	
1.481252	0.000000	0.000000	
1.570550	0.000000	0.000000	
1.736644	0.000000	0.000000	
1.683193	0.000000	0.000000	
1.725282	0.000000	0.000000	
1.594458	0.000000	0.001349	
0.000000	1.561919	0.000000	
0.000000	1.823832	0.000000	
0.000000	1.823832	0.000000	
0.000000	1.799882	0.000001	
0.000000	2.163654	0.000000	
1.614022	0.000000	0.000000	
1.739524	0.000000	0.000000	
1.590045	0.000000	0.000000	
1.922136	0.000000	0.000000	
1.230836	0.000000	0.000000	
2.176749	0.000000	0.000001	
1.692627	0.000000	0.000000	
1.703516	0.000000	0.000000	
1.637333	0.000000	0.000000	
0.000000	1.709378	0.000000	
0.000000	1.911236	0.000000	
0.000000	1.863865	0.000000	
0.000000	2.161522	0.000000	
1.228969	0.000000	0.000000	
1.706336	0.000000	0.000000	
1.312247	0.000000	0.441045	
1.581165	0.000000	0.000000	
1.526314	0.000000	0.000000	
1.814041	0.000000	0.000000	
1.747041	0.000000	0.000001	
1.280462	0.000000	0.000000	
0.000000	1.561919	0.000000	
0.000000	1.911236	0.000000	
0.000000	2.146524	0.000000	
0.000000	1.965867	0.000000	
1.550801	0.000000	0.000000	
1.800781	0.000052	0.000004	
1.523521	0.006321	0.000000	
1.608556	0.000000	0.000000	
0.939503	0.000000	1.283350	
0.939503	0.000000	1.283350	
1.587948	0.000000	0.000162	
0.000000	0.000000	1.632653	
0.000000	0.000000	1.985242	
0.000000	2.163654	0.000000	
0.000000	2.161522	0.000000	
1.521522	0.000000	0.000000	
0.000000	0.000000	1.261346	
1.587433	0.000000	0.000000	
1.337081	0.000000	0.000000	
0.000000	0.000000	1.632370	
0.000000	0.000000	1.611259	
0.000000	0.000000	1.611259	
0.000000	0.000000	1.793511	
0.000000	0.000000	1.801431	
0.000000	0.000000	2.066175	
0.612546	0.000000	1.288159	
1.363044	0.000000	0.000000	
0.000000	0.000000	1.586335	
1.495327	0.000000	0.000000	
0.000000	0.000000	1.750935	
0.000000	0.000000	1.750935	
1.235501	0.000000	0.000000	
0.000000	0.000000	1.816224	
0.000000	0.000000	1.801431	
0.000000	0.000000	1.780480	
1.523153	0.000000	0.000000	
0.000000	0.000000	1.287972	
0.000000	0.000000	1.287972	
0.000000	0.000000	1.499674	
0.000000	0.000000	1.312247	
0.000000	0.000000	1.312247	
0.000000	0.000000	1.763468	
1.605002	0.000000	0.000000	
0.000000	0.000000	1.549527	
0.000000	0.000000	1.549527	
0.000000	0.000000	1.726280	
0.000000	0.000000	1.726280	
0.000000	0.000000	1.812235	
0.000000	0.000000	1.219768	
0.000000	0.000000	1.588159	
0.000000	0.000000	1.684714	
0.000000	0.000000	1.588159	
0.000000	0.000000	1.601705	
0.000000	0.000000	1.219768	
0.000000	0.000000	1.633510	
0.000000	0.000000	1.684714	
0.000000	0.000000	1.601705	
0.000000	0.000000	1.578734	
0.000000	0.000000	1.551716	
0.000000	0.000000	1.578734	
0.000000	0.000000	1.632494	
0.000000	0.000000	1.513673	
0.000000	0.000000	1.673494	
0.000000	0.000000	1.633510	
0.000000	0.000000	1.513673	
0.000000	0.000000	1.632494	
0.000000	0.000000	1.507015	
0.000000	0.000000	1.281382	
0.000000	0.000000	1.281382	
0.000000	0.000000	1.507015	
0.000000	0.000000	0.000000	
0.000000	0.000000	0.000000	
0.000000	0.000000	0.000000	
0.000000	0.000000	0.000000	
0.000000	0.000000	0.000000	
0.000000	0.000000	0.000000	
0.000000	0.000000	0.000000	
0.000000	0.000000	0.000000	
0.000000	0.000000	0.000000	
0.000000	0.000000	0.000000	
