1.830564	0.000000	0.000000	
1.726636	0.000000	0.000000	
1.688246	0.003425	0.000000	
1.001867	0.000000	0.000000	
1.657550	0.000000	0.000000	
1.416973	0.000000	0.000000	
1.463119	0.000000	0.000000	
1.394890	0.000000	0.000000	
0.784308	0.632545	0.000000	
0.719886	0.711170	0.000000	
0.630008	0.783887	0.000000	
0.540837	0.846512	0.000000	
0.448882	0.897070	0.000000	
0.359195	0.935631	0.000000	
0.274941	0.962927	0.000000	
0.189384	0.983250	0.000000	
0.122029	0.994226	0.000000	
0.019915	1.001215	0.000000	
0.000000	1.002119	0.000000	
1.859665	0.000000	0.000000	
1.442994	0.000000	0.000000	
1.001867	0.000000	0.000000	
1.532405	0.000000	0.000000	
1.525531	0.000000	0.000000	
1.825009	0.000032	0.000000	
0.900909	0.450156	0.000000	
0.828624	0.569871	0.000000	
1.595638	0.000000	0.000261	
0.664478	0.757090	0.000000	
1.360348	0.000000	0.000000	
0.479828	0.880963	0.000000	
0.384421	0.925652	0.000000	
0.290137	0.958914	0.000000	
0.210009	0.978858	0.000000	
0.131187	0.993126	0.000000	
0.019915	1.001215	0.000000	
0.000000	1.002119	0.000000	
1.723013	0.000000	0.000000	
1.398669	0.000000	0.000000	
1.566504	0.000036	0.096864	
1.358403	0.000000	0.000000	
1.862191	0.000000	0.000000	
1.633896	0.000000	0.000000	
1.756098	0.000000	0.000000	
1.640653	0.000000	0.000000	
1.566233	0.000000	0.000000	
0.618344	0.795263	0.000000	
0.516138	0.861825	0.000000	
0.413166	0.913321	0.000000	
0.314495	0.950859	0.000000	
0.221852	0.975937	0.000000	
0.130031	0.992862	0.000000	
0.065568	1.000538	0.000000	
0.000000	1.002313	0.000000	
0.998299	0.000000	0.089851	
1.412174	0.000000	0.000000	
0.981849	0.000000	0.202189	
1.795010	0.119855	0.000000	
1.459051	0.000000	0.000000	
1.587280	0.000000	0.000000	
0.843387	0.556516	0.000000	
1.342182	0.000059	0.000000	
1.526991	0.000000	0.000000	
0.557139	0.839337	0.000000	
0.448882	0.897070	0.000000	
0.342487	0.942273	0.000000	
0.242591	0.971876	0.000000	
0.147731	0.990446	0.000000	
0.067628	0.999961	0.000000	
0.000000	1.002303	0.000000	
1.701746	0.000000	0.000000	
1.628152	0.000000	0.000000	
1.822578	0.000000	0.000000	
1.390003	0.000000	0.000000	
1.363171	0.000000	0.000000	
1.689743	0.000000	0.000000	
1.363256	0.018697	0.000000	
0.704646	0.719777	0.000000	
0.597718	0.809361	0.000000	
0.486192	0.877556	0.000000	
0.369748	0.932006	0.000000	
0.260254	0.966366	0.000000	
0.162402	0.988831	0.000000	
0.072030	0.999873	0.000000	
0.000000	1.002303	0.000000	
0.998299	0.000000	0.089851	
1.474259	0.000000	0.047099	
1.376017	0.000000	0.000000	
1.481252	0.000000	0.000000	
1.570550	0.000000	0.000000	
1.736644	0.000000	0.000000	
0.758214	0.666813	0.000000	
0.654531	0.764455	0.000000	
0.530855	0.852331	0.000000	
0.405589	0.917409	0.000000	
0.283751	0.961661	0.000000	
0.178999	0.986964	0.000000	
0.082800	0.999221	0.000000	
0.000000	1.002063	0.000000	
1.614022	0.000000	0.000000	
1.739524	0.000000	0.000000	
1.590045	0.000000	0.000000	
0.849184	0.000000	0.583067	
1.230836	0.000000	0.000000	
0.770101	0.000000	0.667895	
0.711821	0.711793	0.000000	
0.587388	0.816476	0.000000	
0.447373	0.898769	0.000000	
0.314259	0.951753	0.000000	
0.193215	0.983280	0.000000	
0.087440	0.998823	0.000000	
0.000000	1.002063	0.000000	
1.228969	0.000000	0.000000	
1.706336	0.000000	0.000000	
1.312247	0.000000	0.441045	
1.581165	0.000000	0.000000	
1.526314	0.000000	0.000000	
0.670424	0.000000	0.756770	
0.583756	0.000000	0.821094	
1.280462	0.000000	0.000000	
0.345093	0.941814	0.000000	
0.216166	0.981210	0.000000	
0.098456	0.999021	0.000000	
0.000000	1.002780	0.000000	
1.550801	0.000000	0.000000	
0.761948	0.000000	0.679660	
1.523521	0.006321	0.000000	
0.661464	0.000000	0.766444	
0.606315	0.000000	0.806244	
0.531978	0.000000	0.854541	
0.447755	0.000000	0.900332	
0.348480	0.000000	0.940311	
0.235188	0.974442	0.000000	
0.105000	0.996870	0.000000	
0.000000	1.002972	0.000000	
1.521522	0.000000	0.000000	
0.661464	0.000000	0.766444	
0.617820	0.000000	0.796661	
1.337081	0.000000	0.000000	
0.488074	0.000000	0.879441	
0.405619	0.000000	0.918854	
0.316253	0.000000	0.953184	
0.210818	0.000000	0.980177	
0.103652	0.000000	0.997237	
0.000000	0.000000	1.001723	
0.629696	0.000000	0.788831	
1.363044	0.000000	0.000000	
0.513107	0.000000	0.863479	
0.448666	0.000000	0.897576	
0.366965	0.000000	0.933261	
0.286351	0.000000	0.962119	
0.189998	0.000000	0.984233	
0.086967	0.000000	0.997240	
0.000000	0.000000	1.001439	
0.534675	0.000000	0.850658	
0.479204	0.000000	0.881955	
0.415661	0.000000	0.914332	
0.341588	0.000000	0.943365	
0.261514	0.000000	0.967603	
0.175442	0.000000	0.985433	
0.090338	0.000000	0.996800	
0.000000	0.000000	1.001229	
0.448666	0.000000	0.897576	
0.385538	0.000000	0.926295	
0.313670	0.000000	0.952156	
0.241091	0.000000	0.972683	
0.162567	0.000000	0.988745	
0.064734	0.000000	0.998747	
0.000000	0.000000	1.001229	
0.356117	0.000000	0.936675	
0.288959	0.000000	0.959975	
0.223703	0.000000	0.976896	
0.151131	0.000000	0.989617	
0.075528	0.000000	0.998016	
0.000000	0.000000	1.001048	
0.263421	0.000000	0.966868	
0.208836	0.000000	0.980732	
0.140890	0.000000	0.991420	
0.069567	0.000000	0.998128	
0.000000	0.000000	1.000968	
0.193184	0.000000	0.983153	
0.119829	0.000000	0.993902	
0.064734	0.000000	0.998747	
0.000000	0.000000	1.000968	
0.119829	0.000000	0.993902	
0.053411	0.000000	0.999143	
0.000000	0.000000	1.000726	
0.053411	0.000000	0.999143	
0.000000	0.000000	1.000726	
0.000000	0.000000	1.001062	
0.000000	0.000000	0.000000	
0.000000	0.000000	0.000000	
0.000000	0.000000	0.000000	
0.000000	0.000000	0.000000	
0.000000	0.000000	0.000000	
0.000000	0.000000	0.000000	
0.000000	0.000000	0.000000	
0.000000	0.000000	0.000000	
0.000000	0.000000	0.000000	
0.000000	0.000000	0.000000	
