49.906391	0.000000	0.000000	
49.906391	0.000000	0.000000	
59.879815	0.000000	0.000000	
60.354194	0.000000	0.000000	
49.906391	0.000000	0.000000	
60.354194	0.000000	0.000000	
67.825363	6.506518	0.000000	
46.730842	11.925911	0.000000	
46.730842	11.925911	0.000000	
51.170456	22.163195	0.000000	
41.084510	10.484942	0.000000	
22.037731	34.161666	0.000000	
22.037731	34.161666	0.000000	
5.347910	44.024211	0.000000	
7.105138	46.656466	0.000000	
7.185678	47.185343	0.000000	
0.000000	47.469958	0.000000	
0.000000	47.469958	0.000000	
0.000000	47.325783	0.000000	
0.000000	46.694754	0.000000	
0.000000	45.784710	0.000000	
0.000000	45.363279	0.000000	
0.000000	46.611549	0.000000	
0.000000	46.026847	0.000000	
49.906391	0.000000	0.000000	
52.244464	0.000000	0.796720	
49.677817	0.000000	0.254050	
49.677817	0.000000	0.254050	
49.906391	0.000000	0.000000	
38.630720	4.143852	1.252891	
36.442703	5.889536	1.239935	
46.757829	3.620565	1.475612	
46.757829	3.620565	1.475612	
41.084510	10.484942	0.000000	
44.312030	17.331296	0.000000	
46.229726	17.036053	0.073291	
7.105138	46.656466	0.000000	
5.347910	44.024211	0.000000	
15.079776	42.075735	0.823867	
15.079776	42.075735	0.823867	
6.836000	44.889148	0.000000	
0.000000	46.378689	0.000000	
0.000000	47.325783	0.000000	
0.000000	45.784710	0.000000	
0.000000	45.339518	0.000000	
0.000000	45.339518	0.000000	
0.000000	46.026847	0.000000	
49.906391	0.000000	0.000000	
49.906391	0.000000	0.000000	
52.244464	0.000000	0.796720	
57.665002	0.000000	0.735751	
56.678207	0.000000	0.179184	
58.518391	0.000000	0.892396	
42.086713	4.514571	0.470077	
55.043987	0.000000	2.219499	
64.473978	0.195043	1.027906	
48.939257	0.000000	2.182146	
48.939257	0.000000	2.182146	
44.177551	17.278698	0.000000	
6.764687	44.420869	0.000000	
6.764687	44.420869	0.000000	
15.137397	42.236510	0.827015	
15.137397	42.236510	0.827015	
6.375203	41.863289	0.000000	
0.000000	47.839081	0.000000	
0.000000	45.818508	0.000000	
0.000000	45.363279	0.000000	
0.000000	43.289356	0.000000	
0.000000	45.439743	0.000000	
49.906391	0.000000	0.000000	
52.244464	0.000000	0.796720	
57.665002	0.000000	0.735751	
56.678207	0.000000	0.179184	
56.678207	0.000000	0.179184	
50.404054	0.000000	1.392823	
58.518391	0.000000	0.892396	
55.943453	0.000000	1.320034	
26.717487	0.000000	11.115863	
48.939257	0.000000	2.182146	
33.949109	25.867040	0.000000	
18.451175	37.797849	0.434796	
11.590364	39.595193	0.000000	
18.451175	37.797849	0.434796	
18.451175	37.797849	0.434796	
0.000000	42.545439	7.089267	
8.559709	44.904164	0.000000	
6.358693	41.754873	0.000000	
0.000000	46.597061	0.000000	
0.000000	43.289356	0.000000	
0.000000	45.439743	0.000000	
52.244464	0.000000	0.796720	
57.042552	0.000000	0.869890	
50.335692	0.000000	2.029650	
56.678207	0.000000	0.179184	
45.778791	0.100030	0.197155	
50.404054	0.000000	1.392823	
27.042234	2.793430	9.288505	
39.072626	0.176087	1.750056	
39.072626	0.176087	1.750056	
26.717487	0.000000	11.115863	
11.590364	39.595193	0.000000	
17.686013	14.502170	11.541286	
17.649263	11.589964	10.483919	
17.649263	11.589964	10.483919	
0.000000	42.545439	7.089267	
6.799836	44.651678	0.000000	
0.000000	46.378689	0.000000	
0.000000	46.322319	0.000000	
0.000000	46.084800	0.000000	
0.000000	43.607832	0.000000	
50.477831	0.000000	2.035382	
50.157745	0.000000	0.000000	
50.157745	0.000000	0.000000	
27.042234	2.793430	9.288505	
27.042234	2.793430	9.288505	
37.476616	0.000000	1.235260	
27.042234	2.793430	9.288505	
44.181908	2.328825	14.141764	
40.893205	16.685862	0.000000	
38.532007	0.173650	1.725841	
11.616732	20.571450	11.541286	
11.421256	20.225292	11.347080	
11.421256	20.225292	11.347080	
11.488087	20.343638	11.413476	
0.000000	43.422745	0.000000	
0.000000	43.422745	0.000000	
0.000000	46.133926	0.000000	
0.000000	24.721657	14.336991	
0.000000	43.607832	0.000000	
50.477831	0.000000	2.035382	
50.335692	0.000000	2.029650	
56.632662	0.000000	1.321641	
50.157745	0.000000	0.000000	
22.703533	6.584593	19.688919	
37.476616	0.000000	1.235260	
22.703533	6.584593	19.688919	
21.377857	5.880454	21.671749	
20.642885	6.615426	21.671749	
10.829805	19.177923	13.721741	
11.421256	20.225292	11.347080	
11.421256	20.225292	11.347080	
11.421256	20.225292	11.347080	
0.000000	24.724779	14.338801	
0.000000	24.721657	14.336991	
0.000000	24.721657	14.336991	
0.000000	24.346969	14.119695	
0.000000	24.346969	14.119695	
50.157745	0.000000	0.000000	
61.208796	0.000000	0.000000	
44.590893	0.832713	13.811219	
35.735882	0.000000	1.177884	
35.735882	0.000000	1.177884	
21.377857	5.880454	21.671749	
21.179499	6.072503	21.666732	
10.789220	19.052192	13.645689	
10.789220	19.052192	13.645689	
10.829805	19.177923	13.721741	
12.311525	21.049446	11.961797	
0.000000	24.724779	14.338801	
11.874418	21.027772	11.797298	
0.000000	24.724779	14.338801	
0.000000	24.736419	14.345552	
0.000000	24.736419	14.345552	
0.000000	44.455971	0.000000	
50.157745	0.000000	0.000000	
61.208796	0.000000	0.000000	
48.267869	0.000000	0.782577	
48.267869	0.000000	0.782577	
17.498980	4.813483	26.797553	
21.179499	6.072503	21.666732	
21.095520	6.048425	21.580821	
10.231847	18.119031	15.378591	
10.231847	18.119031	15.378591	
11.478039	20.325845	11.403493	
11.616732	20.571450	11.541286	
11.828825	20.947035	11.752002	
0.000000	24.724779	14.338801	
0.000000	35.201175	20.414445	
0.000000	43.422745	0.000000	
0.000000	44.455971	0.000000	
66.728680	0.000000	3.104390	
51.143795	0.000000	1.253973	
43.775262	0.000000	1.442869	
43.775262	0.000000	1.442869	
17.498980	4.813483	26.797553	
17.498980	4.813483	26.797553	
30.147401	8.467431	33.056399	
20.773745	6.510741	21.692559	
20.642885	6.615426	21.671749	
12.311525	21.049446	11.961797	
3.449701	4.487755	32.042302	
5.957791	21.458906	15.304341	
5.957791	21.458906	15.304341	
0.000000	24.724779	14.338801	
0.000000	44.922968	0.000000	
63.015096	0.000000	0.000000	
51.143795	0.000000	1.253973	
58.128592	0.000000	0.000000	
27.862993	7.744892	36.081221	
31.853647	8.579109	32.146105	
30.170803	8.474004	33.044299	
27.862993	7.744892	36.081221	
0.243582	0.243582	47.783463	
0.248419	0.177008	51.428847	
3.449701	4.487755	32.042302	
0.481439	0.343043	41.354303	
0.168671	0.192273	35.403142	
0.000000	24.724779	14.338801	
0.000000	45.365683	3.369724	
1.679808	0.000000	54.888936	
23.136644	0.000000	23.196087	
2.553320	0.093094	35.094826	
23.136644	0.000000	23.196087	
0.367145	0.046380	53.792519	
0.243582	0.243582	47.783463	
1.474980	1.879699	45.275454	
0.248419	0.177008	51.428847	
3.496932	4.549199	31.933626	
0.481439	0.343043	41.354303	
0.131999	0.150469	24.976620	
0.131999	0.150469	24.976620	
0.000000	0.000000	43.609602	
13.096628	0.000000	44.858221	
1.713988	0.055682	36.086955	
2.553320	0.093094	35.094826	
2.483215	0.051523	52.337741	
0.245396	0.245396	48.139341	
0.317308	0.040084	46.490703	
0.631091	0.513429	42.297825	
0.481439	0.343043	41.354303	
0.709630	0.029911	35.341630	
0.131999	0.150469	24.976620	
1.093938	0.206099	33.271474	
0.000000	0.000000	43.609602	
13.096628	0.000000	44.858221	
1.713988	0.055682	36.086955	
0.000000	0.000000	49.586464	
0.380316	0.009828	42.105183	
0.380316	0.009828	42.105183	
0.631091	0.513429	42.297825	
0.911388	0.845081	37.726136	
0.709630	0.029911	35.341630	
1.178042	0.221944	33.969156	
1.093938	0.206099	33.271474	
0.000000	0.000000	60.708687	
1.151683	0.000000	53.826034	
1.692578	0.041691	35.809498	
0.363936	0.301081	39.587480	
1.228246	0.231402	35.416783	
1.876381	0.198078	33.005895	
1.876381	0.198078	33.005895	
0.299835	0.213643	41.126149	
1.151476	0.216939	33.203096	
0.567446	0.029718	35.505109	
0.000000	0.000000	52.628223	
1.151683	0.000000	53.826034	
1.692578	0.041691	35.809498	
0.259981	0.006613	28.771462	
1.458343	0.150624	33.222238	
1.269101	0.053794	33.661394	
1.228246	0.231402	35.416783	
1.151476	0.216939	33.203096	
0.188353	0.135802	40.648889	
0.000000	0.000000	52.628223	
0.927432	0.000000	54.413441	
0.259981	0.006613	28.771462	
0.266566	0.006781	29.500215	
0.399394	0.015313	34.342690	
0.262707	0.025027	23.827779	
1.169198	0.220278	33.714122	
0.188353	0.135802	40.648889	
0.000000	0.000000	52.628223	
0.927432	0.000000	54.413441	
0.303861	0.011651	26.128142	
0.266566	0.006781	29.500215	
0.262707	0.025027	23.827779	
1.472720	0.152109	33.549763	
1.228246	0.231402	35.416783	
0.000000	0.000000	52.628223	
0.000000	0.000000	57.405692	
0.303861	0.011651	26.128142	
0.303861	0.011651	26.128142	
1.458343	0.150624	33.222238	
0.012399	0.012399	48.720393	
0.000000	0.000000	52.628223	
0.000000	0.000000	57.405692	
0.303861	0.011651	26.128142	
0.553193	0.014656	29.178410	
1.228246	0.231402	35.416783	
0.000000	0.000000	52.628223	
0.371817	0.000000	61.101274	
0.553193	0.014656	29.178410	
0.019254	0.017943	48.707994	
0.000000	0.000000	70.796693	
0.000000	0.000000	52.628223	
0.019254	0.017943	48.707994	
0.000000	0.000000	52.628223	
0.376974	0.000000	59.433437	
0.000000	0.000000	70.173295	
0.000000	0.000000	70.796693	
