0.000000	8.679460	3.943726	
0.000000	8.679460	3.943726	
0.000000	15.183388	4.911895	
0.000000	15.183388	4.911895	
0.000000	12.647377	2.719000	
0.000000	14.729226	3.166567	
0.000000	11.249097	3.253452	
0.000000	9.665491	3.983469	
0.000000	9.665491	3.983469	
0.000000	17.179091	3.928453	
0.000000	20.550976	0.093402	
0.000000	20.944412	4.789493	
0.000000	16.976470	4.166047	
0.000000	16.609591	4.076015	
0.000000	16.432401	4.032532	
0.000000	16.432401	4.032532	
0.000000	15.418364	2.644942	
0.000000	15.418364	2.644942	
0.000000	19.097573	4.686569	
0.000000	12.271459	2.674148	
0.000000	14.222107	3.057544	
0.000000	19.097573	4.686569	
0.000000	14.222107	3.057544	
0.000000	7.928148	3.423329	
0.000000	95.352737	4.617896	
0.000000	40.941795	11.040335	
0.000000	10.736068	2.371774	
0.000000	13.257474	2.496547	
0.000000	14.729226	3.166567	
0.000000	11.249097	3.253452	
0.000000	12.471350	2.607223	
0.000000	12.606033	3.093537	
0.000000	12.606033	3.093537	
0.000000	13.831102	3.162847	
0.000000	13.831102	3.162847	
0.000000	20.944412	4.789493	
0.000000	16.432401	4.032532	
0.000000	16.432401	4.032532	
0.000000	19.242167	1.963410	
0.000000	19.719599	2.237502	
0.001122	7.962563	4.949703	
0.001122	7.962563	4.949703	
0.000000	13.943135	4.246357	
0.000000	12.288166	2.730812	
0.000000	13.943135	4.246357	
0.000000	12.288166	2.730812	
0.000000	10.845509	3.130695	
0.000000	95.352737	4.617896	
0.000000	40.941795	11.040335	
0.000000	10.736068	2.371774	
0.000000	15.538269	2.525037	
0.000000	14.729226	3.166567	
0.000000	11.543447	3.118028	
0.000000	11.225784	3.276765	
0.000000	13.846818	3.096596	
0.000000	17.179091	3.928453	
0.000000	16.588719	4.070893	
0.000000	16.976470	4.166047	
0.000000	16.508391	4.140354	
0.000000	7.928148	3.423329	
0.000000	16.936193	4.201807	
0.000000	18.714423	1.909561	
0.000000	15.394011	4.980033	
0.000000	13.623618	3.048272	
0.000000	19.242167	1.963410	
0.000000	13.469652	4.568528	
0.000000	13.469652	4.568528	
0.001142	8.098454	5.034176	
0.001283	9.103544	5.600787	
0.000000	20.059437	4.796926	
0.000000	19.268654	4.885236	
0.000000	11.153905	3.595687	
0.000000	16.000545	3.439882	
0.000000	11.410259	3.082052	
0.000000	11.543447	3.118028	
0.000000	11.410259	3.082052	
0.000000	16.585141	4.070015	
0.000000	16.585141	4.070015	
0.000000	16.588719	4.070893	
0.000000	16.480016	4.184863	
0.000000	16.508391	4.140354	
0.000000	7.927647	3.423113	
0.000000	15.560159	5.033782	
0.000000	17.007072	1.460139	
0.000000	13.623618	3.048272	
0.000000	19.242167	1.963410	
0.001142	8.098454	5.034176	
0.000000	18.105195	1.847397	
0.000000	10.845509	3.130695	
0.001283	9.103544	5.600787	
0.000000	20.059437	4.796926	
0.000000	8.082751	3.432662	
0.000000	16.106565	4.350582	
0.000000	16.000545	3.439882	
0.000000	12.918651	2.457618	
0.000000	11.249097	3.253452	
0.000000	15.418364	2.644942	
0.000000	13.846818	3.096596	
0.000000	7.895610	3.453682	
0.000000	16.792934	3.941916	
0.000000	16.480016	4.184863	
0.000000	7.927647	3.423113	
0.000000	15.560159	5.033782	
0.000000	17.007072	1.460139	
0.000000	15.788582	4.808384	
0.000000	15.801664	2.777544	
0.000000	15.801664	2.777544	
0.000000	11.397061	4.558910	
0.000000	6.520596	4.901324	
0.000000	11.798683	3.405841	
0.000000	8.082751	3.432662	
0.000000	14.176795	3.214077	
0.000000	16.106565	4.350582	
0.000000	12.789372	2.745163	
0.000000	11.496310	3.165165	
0.000000	15.460088	3.323692	
0.000000	15.644376	3.363311	
0.000000	12.672127	2.173839	
0.000000	15.417931	2.644867	
0.000000	16.792934	3.941916	
0.000000	17.440746	1.056336	
0.000000	16.508391	4.140354	
0.000000	17.454971	1.057197	
0.000000	12.373877	4.778139	
0.000000	15.788582	4.808384	
0.000000	9.650413	4.166993	
0.000000	15.981761	2.809201	
0.000000	15.981761	2.809201	
0.000000	6.520596	4.901324	
0.000000	14.176795	3.214077	
0.000000	11.249097	3.253452	
0.000000	16.262381	4.199701	
0.000000	11.310697	3.252097	
0.000000	15.460088	3.323692	
0.000000	16.223674	4.189705	
0.000000	17.093268	3.674801	
0.000000	15.417931	2.644867	
0.000000	16.521573	3.494365	
0.000000	16.831878	1.019458	
0.000000	17.440746	1.056336	
0.000000	17.454971	1.057197	
0.000000	7.927647	3.423113	
0.000000	17.105094	1.468555	
0.000000	7.928148	3.423329	
0.000000	7.890272	3.406975	
0.000000	7.890272	3.406975	
0.000000	17.306206	4.555102	
0.000000	10.544554	2.548442	
0.000000	14.654118	2.843390	
0.000000	16.262381	4.199701	
0.000000	11.317047	3.253923	
0.000000	15.460088	3.323692	
0.000000	18.087144	3.888470	
0.000000	17.873984	4.386298	
0.000000	16.521573	3.494365	
0.000000	16.831878	1.019458	
0.000000	15.734151	1.076724	
0.000000	15.879751	1.086687	
0.000000	7.928148	3.423329	
0.000000	17.105094	1.468555	
0.000000	17.281167	1.483671	
0.000000	7.916492	3.418296	
0.000000	6.613938	4.521787	
0.000000	5.995650	5.205525	
0.000000	15.446001	2.840719	
0.000000	15.574172	2.990243	
0.000000	17.877365	2.699163	
0.000000	14.302298	3.074784	
0.000000	16.524636	3.495013	
0.000000	15.897558	2.400040	
0.000000	18.127068	3.897053	
0.000000	18.315292	3.696661	
0.000000	15.734151	1.076724	
0.000000	15.879751	1.086687	
0.000000	15.003809	1.026745	
0.000000	8.938818	3.859731	
0.000000	17.281167	1.483671	
0.000000	19.096895	1.639560	
0.000000	6.613938	4.521787	
0.000000	7.916492	3.418296	
0.000000	10.960171	3.088013	
0.000000	14.192381	2.965514	
0.000000	15.574172	2.990243	
0.000000	14.302298	3.074784	
0.000000	16.935619	3.640909	
0.000000	16.934688	3.631734	
0.000000	16.878507	3.693163	
0.000000	16.930688	3.639849	
0.000000	20.123657	0.023337	
0.000000	8.283691	3.463005	
0.000000	8.938818	3.859731	
0.000000	7.927647	3.423113	
0.000000	20.250761	3.455264	
0.000000	7.927647	3.423113	
0.000000	16.489205	1.802009	
0.000000	10.960171	3.088013	
0.000000	15.015795	2.697725	
0.000000	15.299193	3.563299	
0.000000	17.824022	2.691109	
0.000000	16.935619	3.640909	
0.000000	16.995175	3.571246	
0.000000	16.995175	3.571246	
0.000000	20.123657	0.023337	
0.000000	16.637897	3.100797	
0.000000	9.891139	4.270938	
0.000000	7.950313	3.432900	
0.000000	20.250761	3.455264	
0.000000	7.927647	3.423113	
0.000000	8.022971	3.354011	
0.000000	13.708265	2.947076	
0.000000	13.965600	3.817017	
0.000000	18.158877	3.428559	
0.000000	16.930688	3.639849	
0.000000	16.934688	3.631734	
0.000000	16.935619	3.640909	
0.000000	16.930688	3.639849	
0.000000	16.999513	3.572158	
0.000000	16.637897	3.100797	
0.000000	17.490456	2.984290	
0.000000	7.950313	3.432900	
0.000000	8.022971	3.354011	
0.000000	17.047564	1.463615	
0.000000	17.824022	2.691109	
0.000000	12.994049	2.666265	
0.000000	12.994049	2.666265	
0.000000	18.850790	4.052643	
0.000000	13.978307	1.843107	
0.000000	16.930688	3.639849	
0.000000	18.142986	3.812439	
0.000000	16.999513	3.572158	
0.000000	8.664759	3.741394	
0.000000	18.716620	1.613950	
0.000000	23.632470	2.037848	
0.000000	7.927647	3.423113	
0.000000	17.824022	2.691109	
0.000000	16.911821	3.672571	
0.000000	16.942091	3.642301	
0.000000	16.878507	3.693163	
0.000000	13.418594	1.797725	
0.000000	13.418594	1.797725	
0.000000	18.142986	3.812439	
0.000000	18.716620	1.613950	
0.000000	18.716620	1.613950	
0.000000	23.632470	2.037848	
0.000000	7.927647	3.423113	
0.000000	12.854911	1.694982	
0.000000	14.209337	4.074137	
0.000000	16.942091	3.642301	
0.000000	17.487182	4.274490	
0.000000	13.978307	1.843107	
0.000000	14.980318	1.975227	
0.000000	18.744337	2.471531	
0.000000	18.716620	1.613950	
0.000000	7.927647	3.423113	
0.000000	18.716620	1.613950	
0.000000	12.854911	1.694982	
0.000000	13.418594	1.797725	
0.000000	15.736975	3.383218	
0.000000	17.487182	4.274490	
0.000000	16.427595	1.416565	
0.000000	17.920419	3.765671	
0.000000	8.664759	3.741394	
0.000000	17.147433	3.290090	
0.000000	17.147433	3.290090	
0.000000	13.980515	1.843398	
0.000000	13.418594	1.797725	
0.000000	15.505605	2.247400	
0.000000	17.833300	4.185301	
0.000000	14.980318	1.975227	
0.000000	17.920419	3.765671	
0.000000	19.601418	2.039679	
0.000000	17.885333	3.515735	
0.000000	13.980515	1.843398	
0.000000	16.995153	4.154221	
0.000202	13.313924	3.060194	
0.000000	20.139069	1.736609	
0.000000	17.833300	4.185301	
0.000000	18.508758	2.409202	
0.000000	18.744337	2.471531	
0.000000	18.429079	1.612693	
0.000000	17.046675	4.083425	
0.000211	13.911415	3.858067	
0.000000	14.980318	1.975227	
0.000000	7.326372	3.842256	
0.000000	8.875444	3.832366	
0.000202	13.313924	3.060194	
0.002753	13.444370	3.090763	
0.000000	20.092460	4.319584	
0.000000	17.974149	3.448712	
0.000000	17.974149	3.448712	
0.000000	29.215104	6.139056	
0.001965	19.191871	4.126393	
0.002753	13.444370	3.090763	
0.000000	20.531018	1.894565	
0.000000	157.570293	2.035004	
0.000000	7.221605	4.434260	
0.000000	20.531018	1.894565	
0.000000	157.570293	2.035004	
0.000000	7.221605	4.434260	
0.000000	21.334124	3.982305	
