0.000000	182.668934	0.000000	
0.000000	97.442139	0.384065	
0.000000	156.619952	2.095206	
0.000000	88.388155	0.000000	
0.000000	156.174781	5.434606	
0.000000	88.930313	0.000000	
12.216507	2.185827	8.279631	
9.596622	3.785098	9.598177	
13.522880	2.953879	7.886820	
13.522880	2.953879	7.886820	
13.691174	2.449681	9.377452	
9.917440	1.821705	7.341566	
9.917440	1.821705	7.341566	
14.532531	2.600220	8.385556	
11.101121	5.618217	8.183213	
15.018075	2.511098	8.579583	
11.710497	5.208862	8.844742	
16.084833	1.685453	8.697595	
11.238218	4.131568	8.394676	
11.238218	4.131568	8.394676	
18.688320	0.000000	8.416359	
18.688320	0.000000	8.416359	
11.377011	0.000000	11.895722	
179.089649	0.000000	50.014182	
0.000000	88.388155	0.000000	
0.000000	192.811275	2.212209	
0.000000	90.215519	0.998008	
0.000000	70.417236	0.778989	
9.840020	3.881099	9.258778	
0.000000	88.930313	0.000000	
0.000000	125.833676	0.000000	
15.095453	2.700940	8.984944	
12.216507	2.185827	8.279631	
14.693147	2.628958	8.745488	
8.984967	2.494667	7.179270	
131.198923	123.444189	0.000000	
8.832175	1.608363	5.702417	
8.832175	1.608363	5.702417	
9.533579	5.991186	7.598534	
14.028192	2.789207	8.231209	
11.261921	5.009334	7.701678	
46.117780	0.000000	5.239088	
11.271869	4.143939	8.348655	
11.271869	4.143939	8.348655	
9.919788	7.263996	8.982973	
9.919788	7.263996	8.982973	
350.167079	0.000000	16.842161	
0.000000	88.388155	0.000000	
0.000000	79.965827	1.633074	
0.000000	90.215519	0.998008	
0.000000	70.417236	0.778989	
9.840020	3.881099	9.258778	
9.840020	3.881099	9.258778	
15.095453	2.700940	8.984944	
0.000000	122.512833	0.000000	
14.532531	2.600220	8.385556	
8.984967	2.494667	7.179270	
9.312285	1.720814	6.900010	
10.305008	1.892896	7.628470	
11.177252	4.971673	7.904027	
9.533579	5.991186	7.598534	
11.177252	4.971673	7.904027	
45.557007	0.000000	6.449253	
8.924838	1.625237	5.762244	
36.538338	0.000000	4.988921	
67.298105	11.433263	3.786782	
110.828435	7.218690	5.677772	
56.747907	0.000000	3.368179	
508.811103	0.000000	0.000000	
0.000000	71.196226	0.000000	
0.000000	79.965827	1.633074	
0.000000	90.215519	0.998008	
6.656137	194.023107	8.248168	
8.634936	2.397481	6.899584	
8.634936	2.397481	6.899584	
14.693147	2.628958	8.745488	
14.693147	2.628958	8.745488	
14.532531	2.600220	8.385556	
9.312285	1.720814	6.900010	
9.952078	1.822588	7.363781	
67.699775	36.459544	7.934232	
9.952078	1.822588	7.363781	
14.560890	2.455243	8.895331	
46.253808	0.000000	6.547895	
14.822180	2.236756	8.349428	
44.029420	1.464250	6.440286	
32.072687	3.823226	4.901204	
9.812820	1.786941	6.335562	
91.173331	0.000000	5.577412	
508.811103	0.000000	0.000000	
0.000000	137.920346	0.000000	
2.245240	70.885203	0.809004	
0.000000	106.388052	1.176916	
0.000000	157.447273	2.106273	
8.634936	2.397481	6.899584	
8.634936	2.397481	6.899584	
95.475523	238.535344	0.000000	
0.000000	155.755294	0.000000	
8.984967	2.494667	7.179270	
9.839120	1.791730	8.993018	
10.793928	1.965604	7.864337	
67.699775	36.459544	7.934232	
112.653187	80.337585	0.000000	
9.558156	1.755709	7.075599	
14.822180	2.236756	8.349428	
44.029420	1.464250	6.440286	
106.211411	38.791157	0.000000	
106.211411	38.791157	0.000000	
9.812820	1.786941	6.335562	
350.167079	0.000000	16.842161	
0.000000	107.564968	0.000000	
0.000000	90.215519	0.998008	
0.000000	90.215519	0.998008	
0.000000	90.215519	0.998008	
0.000000	233.618634	0.000000	
43.517319	108.723348	0.000000	
8.984967	2.494667	7.179270	
16.796184	1.515976	9.427463	
81.943461	0.000000	3.941276	
9.839120	1.791730	8.993018	
12.252101	4.634703	8.923937	
42.313933	0.000000	5.990149	
112.653187	80.337585	0.000000	
10.759488	4.406462	9.506021	
48.371403	28.399365	0.000000	
75.892703	0.000000	7.796457	
87.240821	51.220014	0.000000	
145.260348	0.000000	2.395454	
307.369395	0.000000	14.783699	
0.000000	107.564968	0.000000	
0.000000	93.985378	1.039712	
0.000000	173.207542	1.916105	
0.000000	90.215519	0.998008	
33.550845	0.076691	11.811380	
43.517319	108.723348	0.000000	
10.793928	1.965604	7.864337	
0.000000	155.755294	0.000000	
64.398606	0.000000	9.116553	
10.793928	1.965604	7.864337	
10.722408	3.529677	6.975626	
9.558156	1.755709	7.075599	
30.527706	57.963378	6.068338	
30.527706	57.963378	6.068338	
110.828435	7.218690	5.677772	
22.212187	0.648334	5.791592	
102.587423	0.000000	6.088909	
50.331851	1.673845	7.362158	
0.000000	107.564968	0.000000	
0.000000	93.985378	1.039712	
2.245240	70.885203	0.809004	
0.000000	155.755294	0.000000	
0.000000	155.755294	0.000000	
8.984967	2.494667	7.179270	
17.594377	0.513549	8.669733	
69.869045	0.000000	3.360526	
112.322612	19.082468	6.320256	
19.053852	0.000000	8.719612	
9.558156	1.755709	7.075599	
71.667221	37.211184	5.236779	
42.431033	0.011968	6.008420	
67.066142	0.000000	4.612095	
87.240821	51.220014	0.000000	
163.581347	92.537192	3.303888	
53.460483	1.777892	7.819790	
0.000000	107.564968	0.000000	
0.000000	183.878571	0.000000	
0.000000	153.699162	2.056132	
18.585543	16.347335	11.087108	
18.585543	16.347335	11.087108	
0.000000	218.879070	0.000000	
10.793928	1.965604	7.864337	
8.420996	2.338081	7.899828	
112.322612	19.082468	6.320256	
69.869045	0.000000	3.360526	
64.398606	0.000000	9.116553	
142.574845	0.000000	2.351168	
99.405257	72.235470	0.000000	
74.670105	38.770346	0.000000	
135.304646	117.320505	3.258824	
54.780331	3.568057	2.806412	
0.000000	289.700012	0.000000	
3.650078	115.237788	1.315195	
0.000000	190.321422	0.000000	
109.961748	274.727621	10.432029	
17.469871	0.509915	9.976068	
17.469871	0.509915	9.976068	
17.594377	0.513549	8.669733	
77.362357	0.000000	3.720936	
77.362357	0.000000	3.720936	
19.053852	0.000000	8.719612	
71.667221	37.211184	5.236779	
135.351774	70.189078	2.651444	
135.351774	70.189078	2.651444	
176.838261	128.504220	3.938869	
54.780331	3.568057	2.806412	
0.000000	233.052146	0.000000	
0.000000	90.215519	0.998008	
3.928028	149.190920	5.047603	
18.349216	15.862197	12.048303	
14.875061	5.626912	11.719010	
19.053852	0.000000	8.719612	
19.053852	0.000000	8.719612	
77.362357	0.000000	3.720936	
77.362357	0.000000	3.720936	
95.924718	49.806205	3.422343	
140.806775	0.000000	0.000000	
342.031724	121.855711	0.000000	
176.838261	128.504220	3.938869	
261.757144	0.000000	0.000000	
0.000000	105.904599	0.000000	
0.000000	157.080008	2.101360	
0.000000	192.857967	0.000000	
212.234205	175.947314	0.000000	
212.234205	175.947314	0.000000	
78.494219	53.208839	3.106908	
173.163605	0.000000	8.328736	
178.048587	12.304545	0.000000	
86.380102	0.000000	4.154667	
140.806775	0.000000	0.000000	
67.662255	0.000000	4.015982	
67.662255	0.000000	4.015982	
67.662255	0.000000	4.015982	
0.000000	105.904599	0.000000	
0.000000	157.080008	2.101360	
0.000000	153.882642	2.058587	
17.819984	0.159801	9.976068	
18.797850	0.168570	10.532092	
178.048587	12.304545	0.000000	
173.163605	0.000000	8.328736	
86.380102	0.000000	4.154667	
179.639958	36.077600	0.000000	
142.574845	0.000000	2.351168	
58.080050	0.000000	2.793505	
261.757144	0.000000	0.000000	
0.484942	178.210093	0.000000	
0.000000	196.599479	0.000000	
4.257338	81.544870	0.000000	
17.819984	0.159801	9.976068	
18.797850	0.168570	10.532092	
79.526445	53.908554	0.799639	
67.298105	11.433263	3.786782	
69.310781	82.712551	0.000000	
69.310781	82.712551	0.000000	
136.753506	115.871645	3.258824	
67.662255	0.000000	4.015982	
0.000000	89.062621	0.000000	
6.060650	169.330169	0.796896	
6.060650	169.330169	0.796896	
4.257338	81.544870	0.000000	
19.053852	0.000000	8.719612	
154.258635	132.377802	2.268478	
254.488886	97.025524	0.000000	
173.465425	148.860203	0.000000	
69.133403	104.861842	0.000000	
67.662255	0.000000	4.015982	
0.000000	89.062621	0.000000	
2.666714	185.392068	0.000000	
38.945381	74.536227	0.680064	
59.621866	76.458564	0.000000	
18.483599	0.000000	8.458647	
138.376814	93.801426	0.000000	
67.662255	0.000000	4.015982	
69.133403	104.861842	0.000000	
26.512566	0.773855	6.912870	
1.449325	100.758206	0.158127	
2.853201	198.356759	0.000000	
0.000000	178.923795	9.374207	
146.677952	0.000000	5.312370	
22.212187	0.648334	5.791592	
254.488886	97.025524	0.000000	
160.950212	0.000000	3.697537	
26.512566	0.773855	6.912870	
1.449325	100.758206	0.158127	
0.000000	90.215519	0.998008	
146.677952	0.000000	5.312370	
154.258635	132.377802	2.268478	
138.376814	93.801426	0.000000	
44.280647	1.292473	11.545708	
159.731200	0.000000	0.000000	
0.000000	89.062621	0.000000	
4.136364	115.567027	0.543878	
154.258635	132.377802	2.268478	
114.078504	31.088065	0.000000	
251.637136	78.303118	0.753769	
174.173712	65.200149	5.621453	
0.000000	89.062621	0.000000	
31.635307	42.955944	0.825164	
239.502859	74.527237	0.717421	
114.078504	31.088065	0.000000	
149.754950	12.045247	5.860066	
0.000000	129.558431	0.000000	
51.885213	129.629635	0.000000	
54.695607	54.695607	3.836915	
149.754950	12.045247	5.860066	
0.000000	108.441340	0.000000	
0.000000	108.441340	0.000000	
201.512469	14.069772	0.000000	
0.000000	219.673551	0.000000	
216.506034	0.000000	0.000000	
0.000000	179.696306	0.000000	
