16.753056	0.000000	0.000000	
17.082212	0.000000	0.000000	
7.698059	0.261261	0.000000	
2.055421	1.696388	0.000000	
2.055421	1.696388	0.000000	
7.579134	0.416854	0.000000	
5.947267	2.028420	0.000000	
5.947267	2.028420	0.000000	
9.860726	0.003709	0.000000	
3.925033	2.740097	0.000000	
0.112720	3.339492	0.000000	
0.112720	3.339492	0.000000	
3.925033	2.740097	0.000000	
0.000000	4.780903	0.000000	
0.324057	4.532793	0.000000	
0.610710	2.806631	0.000000	
0.610710	2.806631	0.000000	
0.324057	4.532793	0.000000	
2.030317	9.330699	0.000000	
1.316005	11.015255	0.000000	
1.316005	11.015255	0.000000	
0.000000	12.324805	0.000000	
0.000000	12.298648	0.000000	
0.000000	12.298648	0.000000	
7.965644	0.000000	0.041269	
7.633234	0.089464	0.031975	
7.633234	0.089464	0.031975	
7.530583	0.199015	0.046645	
7.395211	0.497887	0.016307	
7.685882	0.090081	0.002904	
7.769282	0.000000	0.032168	
7.382055	0.583249	0.023694	
0.978370	1.475020	0.111231	
2.271115	1.508126	0.110490	
2.131116	1.415160	0.110226	
2.131116	1.415160	0.110226	
2.131116	1.415160	0.110226	
2.131116	1.415160	0.110226	
2.131116	1.415160	0.110226	
0.443485	2.941229	0.029091	
0.946780	2.482122	0.009901	
0.946780	2.482122	0.009901	
0.841791	2.572558	0.009859	
0.109697	3.249926	0.038344	
0.109697	3.249926	0.038344	
0.000000	3.165909	0.171406	
0.000000	3.165909	0.171406	
7.965644	0.000000	0.041269	
7.709799	0.000000	0.039944	
7.685882	0.090081	0.002904	
7.672901	0.089929	0.016037	
7.727688	0.000000	0.031996	
7.530583	0.199015	0.046645	
7.769282	0.000000	0.032168	
0.978370	1.475020	0.111231	
2.734100	0.945826	0.254037	
2.734100	0.945826	0.254037	
1.911591	1.152465	0.133960	
2.131116	1.415160	0.110226	
2.131116	1.415160	0.110226	
0.551977	1.795337	0.023620	
0.332029	2.815174	0.136754	
0.555121	2.845430	0.000000	
0.417313	2.967401	0.029091	
0.448080	2.971705	0.000000	
0.113391	3.364870	0.206538	
0.123859	3.675502	0.225605	
0.115141	3.363120	0.206538	
0.000000	3.417969	0.263085	
2.741389	0.000000	0.760493	
7.688752	0.090115	0.000000	
7.709799	0.000000	0.039944	
7.695786	0.090197	0.008001	
7.802267	0.091445	0.008112	
1.463217	1.189823	0.665092	
9.860726	0.003709	0.000000	
2.130679	1.421103	0.110397	
1.735339	1.146362	0.211308	
1.883196	1.096088	0.181794	
1.542552	1.061445	0.302047	
1.973925	1.358276	0.145683	
2.012452	1.384787	0.182971	
2.012452	1.384787	0.182971	
0.972217	2.437257	0.000000	
0.635967	2.732763	0.043618	
0.518902	2.581635	0.243693	
0.352214	2.804606	0.183845	
0.123859	3.675502	0.225605	
0.115141	3.363120	0.206538	
0.000000	6.453569	0.226384	
2.741389	0.000000	0.760493	
2.741389	0.000000	0.760493	
7.802267	0.091445	0.008112	
7.695786	0.090197	0.008001	
8.125227	0.045793	0.046573	
8.125227	0.045793	0.046573	
3.022280	0.000000	1.080862	
0.711105	1.221853	0.313165	
0.711105	1.221853	0.313165	
1.869352	1.088031	0.170916	
2.236173	0.755543	0.112173	
1.543886	1.062363	0.113945	
1.543886	1.062363	0.113945	
0.972217	2.437257	0.000000	
0.635967	2.732763	0.043618	
0.613988	2.713642	0.100317	
0.147229	3.130241	0.030869	
0.354228	2.820642	0.184896	
0.123859	3.675502	0.225605	
0.000000	6.618891	0.232184	
2.631242	0.000000	0.961395	
2.493737	0.000000	1.292875	
7.802267	0.091445	0.008112	
8.250267	0.046497	0.047290	
8.178827	0.095858	0.008504	
5.066130	0.000000	0.272171	
3.022280	0.000000	1.080862	
4.514697	0.000000	1.070782	
1.542552	1.061445	0.302047	
2.236173	0.755543	0.112173	
1.539974	1.059671	0.113656	
0.716390	2.092854	0.122069	
0.640897	1.872309	0.405135	
0.872733	2.073805	0.113709	
0.613988	2.713642	0.100317	
0.849224	2.017941	0.177446	
0.144179	3.065396	0.103993	
0.144179	3.065396	0.103993	
0.000000	6.545051	0.000349	
2.493737	0.000000	1.292875	
4.381207	0.000000	1.205885	
1.309450	0.270291	0.886306	
2.326280	0.014743	1.143646	
8.178827	0.095858	0.008504	
4.907823	0.000000	0.263666	
4.907823	0.000000	0.263666	
1.803863	0.778994	0.000000	
1.803863	0.778994	0.000000	
1.713903	1.247374	0.110640	
1.539974	1.059671	0.113656	
0.785218	1.604599	0.715365	
0.640897	1.872309	0.405135	
0.616120	2.723063	0.102094	
0.849224	2.017941	0.177446	
0.606865	2.682158	0.138082	
0.000000	2.900154	0.944371	
0.000000	2.628652	0.855962	
2.384781	0.000000	1.249191	
1.390772	0.081903	0.826237	
2.835261	0.081097	0.802699	
1.448100	0.000000	0.610123	
2.062948	0.000000	0.480912	
3.016995	0.000000	0.836949	
3.469211	0.000000	0.186378	
3.469211	0.000000	0.186378	
1.373193	0.999407	0.088646	
1.085728	1.364528	0.000000	
0.699816	2.044435	0.119245	
0.567532	1.779883	0.757745	
0.800875	1.978736	0.165121	
0.144179	3.065396	0.103993	
0.776277	1.844604	0.519441	
0.001574	2.316424	0.754805	
0.000000	2.628652	0.855962	
2.384781	0.000000	1.249191	
1.390772	0.081903	0.826237	
1.448100	0.000000	0.610123	
1.761835	0.300285	1.073769	
2.062948	0.000000	0.480912	
4.514697	0.000000	1.070782	
1.598252	0.891190	0.282462	
1.504617	0.838978	0.203505	
1.504617	0.838978	0.203505	
1.591538	0.101251	2.091548	
0.741577	2.166436	0.126361	
0.567532	1.779883	0.757745	
0.705287	1.759030	0.146391	
0.705287	1.759030	0.146391	
0.001574	2.316424	0.754805	
0.000000	2.628652	0.855962	
2.186977	0.000000	1.446995	
4.234144	0.000000	1.160800	
4.234144	0.000000	1.160800	
1.825380	0.311116	1.034466	
1.477802	0.000000	0.622637	
0.830010	0.704251	0.969232	
2.008417	0.354153	0.428830	
1.542029	0.859840	0.370035	
1.274390	0.615905	0.706781	
0.507872	1.793989	0.811907	
0.682121	2.077829	0.163953	
0.507872	1.793989	0.811907	
0.194484	2.274253	0.567698	
0.223470	2.613201	0.652306	
0.000000	2.628652	0.855962	
3.801407	0.000000	1.054554	
3.149068	0.000000	0.866750	
2.409856	0.125620	1.239319	
4.043314	0.000000	1.498228	
1.477802	0.000000	0.622637	
1.374290	0.000000	0.692977	
1.154582	0.000000	1.326667	
1.611479	0.267384	0.855355	
1.611479	0.267384	0.855355	
0.420837	1.590691	1.029475	
0.527644	1.570515	0.921174	
0.412041	1.557445	1.065891	
0.223470	2.613201	0.652306	
0.000000	2.508604	0.816871	
2.346781	0.000000	1.774351	
2.977640	0.075637	0.847014	
2.977640	0.075637	0.847014	
2.616117	0.000000	0.725741	
1.292330	0.108150	0.590059	
1.006589	0.825781	1.378086	
0.847261	0.603957	1.172296	
0.765952	0.698987	1.161866	
0.420837	1.590691	1.029475	
0.593264	1.566847	0.948373	
0.593264	1.566847	0.948373	
0.000000	2.713069	0.883451	
0.000000	2.683158	0.873711	
3.550571	0.000000	1.315644	
2.575060	0.000000	0.714351	
2.331016	0.000000	1.311333	
2.009917	0.242009	0.910617	
1.246437	0.494554	0.704009	
0.847261	0.603957	1.172296	
1.154582	0.000000	1.326667	
0.999597	0.687846	1.063596	
0.153002	0.984928	1.943578	
0.286126	1.362744	1.311435	
0.286126	1.362744	1.311435	
0.000000	1.189589	2.814495	
4.298284	0.000000	1.192393	
2.575060	0.000000	0.714351	
1.354483	0.146277	2.137644	
2.009917	0.242009	0.910617	
1.153113	0.520023	1.532857	
0.723199	0.773230	1.549434	
0.921184	0.852898	1.625340	
0.153002	0.984928	1.943578	
0.096992	1.242448	1.856713	
0.096992	1.242448	1.856713	
0.000000	1.673782	2.107949	
0.000000	0.000000	7.386861	
2.268652	0.000000	2.574388	
1.153113	0.520023	1.532857	
0.868860	0.377385	2.702084	
0.907810	0.776339	1.542947	
1.725022	0.095328	2.482078	
0.757021	0.227013	2.878981	
0.283557	1.118593	2.291765	
0.096992	1.242448	1.856713	
0.000000	1.513586	2.446309	
1.770528	0.000000	2.009134	
2.268652	0.000000	2.574388	
0.969198	0.338176	2.584324	
0.868860	0.377385	2.702084	
1.106827	0.386198	2.472037	
0.757021	0.227013	2.878981	
0.283557	1.118593	2.291765	
0.104651	0.955920	2.086005	
0.000000	1.320674	2.598221	
1.770528	0.000000	2.009134	
2.268652	0.000000	2.574388	
2.416483	0.000000	2.427248	
0.735266	0.256552	2.901756	
1.725022	0.095328	2.482078	
0.555707	1.157371	1.569451	
0.292612	1.154315	2.364950	
0.000000	1.320674	2.598221	
2.268652	0.000000	2.574388	
2.268652	0.000000	2.574388	
1.865621	0.103097	3.466851	
0.735266	0.256552	2.901756	
0.337190	0.688543	2.593149	
0.292612	1.154315	2.364950	
0.000000	1.611107	2.478624	
0.000000	0.000000	7.241875	
0.680237	0.126238	6.125197	
0.828796	0.289187	3.940915	
1.051320	0.263274	5.836781	
0.210962	0.167834	6.752233	
0.000000	1.957523	2.120410	
0.000000	0.000000	7.241875	
1.093890	0.203003	5.758192	
0.828796	0.289187	3.940915	
0.000000	0.000000	7.384832	
0.000000	0.000000	7.512889	
0.000000	0.000000	7.211760	
0.000000	0.000000	7.241875	
0.210962	0.167834	6.752233	
0.000000	0.000000	7.512889	
0.000000	0.000000	7.241875	
0.210057	0.167114	6.723268	
0.000000	0.000000	7.384832	
0.000000	0.000000	7.413315	
0.000000	0.000000	7.559846	
0.000000	0.000000	7.520670	
