251.666868	0.000000	0.000000	
305.527185	0.000000	0.000000	
327.984763	0.000000	0.000000	
180.697877	37.478437	0.000000	
347.495261	35.940864	0.000000	
347.495261	35.940864	0.000000	
249.557619	40.801314	0.000000	
92.184960	70.171620	0.000000	
92.184960	70.171620	0.000000	
123.003865	93.631113	0.000000	
262.846462	40.205994	0.000000	
114.051449	92.853907	0.000000	
114.051449	92.853907	0.000000	
123.003865	93.631113	0.000000	
124.524939	96.436021	0.000000	
54.469045	66.845947	0.000000	
54.469045	66.845947	0.000000	
32.759567	196.632161	0.000000	
21.251936	160.054167	0.000000	
21.251936	160.054167	0.000000	
32.759567	196.632161	0.000000	
18.932898	142.588852	0.000000	
0.000000	323.411487	0.000000	
0.000000	323.411487	0.000000	
251.666868	0.000000	0.000000	
563.031479	0.000000	0.000000	
405.042281	0.000000	0.000000	
405.042281	0.000000	0.000000	
227.914848	24.555146	2.913625	
227.914848	24.555146	2.913625	
249.557619	40.801314	0.000000	
304.717259	49.819615	0.000000	
183.734626	27.024873	2.432266	
183.734626	27.024873	2.432266	
201.115610	75.962086	0.000000	
262.846462	40.205994	0.000000	
108.358087	88.218710	0.000000	
108.358087	88.218710	0.000000	
72.193609	53.049921	0.000000	
120.436942	46.911491	0.000000	
63.361157	162.600229	0.000000	
0.000000	248.919975	0.453506	
0.000000	248.919975	0.453506	
16.534505	253.313969	0.000000	
17.040353	128.335578	0.000000	
17.040353	128.335578	0.000000	
0.000000	348.048077	0.000000	
140.031648	0.000000	45.115549	
150.850913	3.555024	19.380902	
346.134310	9.867295	11.916392	
150.850913	3.555024	19.380902	
100.602840	6.474204	0.000000	
246.885363	19.746565	6.225972	
150.635208	55.233674	0.000000	
225.478949	34.490117	6.070391	
177.581020	33.162828	6.172807	
106.966404	16.361988	3.612359	
106.966404	16.361988	3.612359	
80.246416	79.759586	0.000000	
80.246416	79.759586	0.000000	
126.996202	118.127971	0.000000	
72.193609	53.049921	0.000000	
115.090961	80.215913	0.000000	
115.090961	80.215913	0.000000	
52.264497	149.924542	6.006343	
21.456530	161.595016	0.000000	
21.456530	161.595016	0.000000	
0.000000	226.649120	0.000000	
0.000000	183.660030	73.420807	
140.031648	0.000000	45.115549	
198.942944	0.000000	24.681532	
198.942944	0.000000	24.681532	
295.906003	12.205351	0.000000	
100.602840	6.474204	0.000000	
368.456403	0.000000	0.000000	
255.149220	25.448707	6.552084	
150.635208	55.233674	0.000000	
150.635208	55.233674	0.000000	
170.345420	15.967001	6.316607	
170.345420	15.967001	6.316607	
204.036434	31.210189	6.879631	
126.996202	118.127971	0.000000	
122.335440	117.269874	0.000000	
39.763241	238.670185	0.449968	
52.264497	149.924542	6.006343	
37.714539	108.186921	4.334232	
0.000000	194.531888	0.000000	
21.456530	161.595016	0.000000	
0.000000	130.395415	0.000000	
0.000000	130.395415	0.000000	
156.563120	0.000000	87.352393	
368.175468	1.179373	47.216824	
318.239659	0.000000	0.000000	
295.906003	12.205351	0.000000	
201.454189	0.000000	0.000000	
368.456403	0.000000	0.000000	
76.469491	14.280493	2.658119	
241.421934	0.000000	21.292280	
241.421934	0.000000	21.292280	
148.434747	13.913246	16.236201	
218.320834	20.463884	6.994140	
216.760268	20.317607	6.944146	
122.335440	117.269874	0.000000	
138.471917	45.415945	6.274942	
145.728380	75.570478	0.000000	
37.714539	108.186921	4.334232	
0.000000	99.917405	0.000000	
0.000000	99.917405	0.000000	
0.000000	269.892783	0.491716	
0.000000	269.892783	0.491716	
156.563120	0.000000	87.352393	
336.830941	9.602083	0.000000	
318.239659	0.000000	0.000000	
195.054785	4.479966	0.000000	
201.454189	0.000000	0.000000	
172.076218	0.000000	0.000000	
76.469491	14.280493	2.658119	
308.478017	0.000000	0.000000	
364.824857	0.000000	0.000000	
148.434747	13.913246	16.236201	
171.482170	65.620573	0.000000	
216.760268	20.317607	6.944146	
138.471917	45.415945	6.274942	
82.514424	63.066989	56.285086	
145.728380	75.570478	0.000000	
73.209407	214.197313	0.000000	
37.539560	109.833873	0.000000	
21.456530	161.595016	0.000000	
0.000000	85.815907	85.815907	
174.839924	0.000000	149.249485	
336.830941	9.602083	0.000000	
466.176666	6.556806	0.000000	
195.054785	4.479966	0.000000	
273.188719	0.000000	0.000000	
172.076218	0.000000	0.000000	
308.478017	0.000000	0.000000	
293.028364	9.146549	8.850875	
176.091293	39.167563	36.419455	
79.091079	11.666966	9.076588	
79.091079	11.666966	9.076588	
132.645863	61.850222	0.029266	
132.645863	61.850222	0.029266	
22.613871	79.102276	68.844971	
19.704315	126.939574	0.000000	
19.704315	126.939574	0.000000	
26.976568	121.056911	0.000000	
0.000000	85.815907	85.815907	
480.107306	0.000000	0.000000	
181.844342	2.557653	0.000000	
181.844342	2.557653	0.000000	
229.413108	0.000000	0.000000	
273.188719	0.000000	0.000000	
288.726794	0.000000	0.000000	
293.028364	9.146549	8.850875	
230.951350	21.647781	25.262094	
147.823443	32.880013	30.573057	
147.823443	32.880013	30.573057	
50.776312	42.076283	55.344293	
22.613871	79.102276	68.844971	
29.847920	121.965510	59.926841	
27.666559	168.080317	77.269131	
39.763241	238.670185	0.449968	
18.354443	56.563608	76.825937	
0.000000	132.910574	171.653366	
480.107306	0.000000	0.000000	
280.160354	0.000000	29.981457	
330.209739	0.635139	0.000000	
229.413108	0.000000	0.000000	
288.726794	0.000000	0.000000	
367.003764	5.161932	0.000000	
220.375175	38.895750	7.306241	
137.023885	0.000000	44.735443	
137.023885	0.000000	44.735443	
53.644665	44.453171	50.099051	
53.644665	44.453171	50.099051	
65.782661	58.647123	74.094434	
29.847920	121.965510	59.926841	
17.745043	195.205727	62.820975	
18.354443	56.563608	76.825937	
0.000000	132.910574	171.653366	
280.160354	0.000000	29.981457	
113.028481	0.000000	0.000000	
284.006881	0.000000	0.000000	
162.803750	0.000000	39.020826	
203.633592	0.000000	49.221315	
178.060148	31.427238	0.000000	
155.834102	0.000000	81.284170	
106.424148	0.000000	55.511588	
38.668770	32.513637	20.434421	
129.701584	0.000000	72.365342	
35.168644	72.094662	107.263305	
35.168644	72.094662	107.263305	
25.935617	105.978935	52.071956	
0.000000	250.738982	0.000000	
0.000000	270.763355	86.019262	
237.428219	0.000000	0.000000	
113.028481	0.000000	0.000000	
162.803750	0.000000	39.020826	
162.803750	0.000000	39.020826	
223.793821	0.000000	29.383658	
177.919004	0.000000	48.269931	
111.386797	23.753734	87.605363	
38.668770	32.513637	20.434421	
106.424148	0.000000	55.511588	
111.386797	23.753734	87.605363	
22.179143	90.629112	115.681066	
25.935617	105.978935	52.071956	
0.000000	250.738982	0.000000	
0.000000	266.810037	53.349310	
237.428219	0.000000	0.000000	
162.803750	0.000000	39.020826	
162.803750	0.000000	39.020826	
165.000994	0.000000	36.405639	
223.793821	0.000000	29.383658	
175.324430	45.479471	115.172876	
0.000000	0.000000	162.018950	
128.982694	0.000000	71.964247	
0.000000	0.000000	84.902575	
1.100218	121.910206	123.010423	
1.100218	121.910206	123.010423	
32.379293	132.309285	111.466869	
0.000000	266.810037	53.349310	
165.690119	0.000000	53.382223	
157.651511	0.000000	42.468568	
165.000994	0.000000	36.405639	
164.235951	0.000000	44.557680	
164.235951	0.000000	44.557680	
3.981658	0.141302	102.371526	
128.982694	0.000000	71.964247	
0.000000	0.000000	84.902575	
38.162275	78.231517	116.393792	
38.162275	78.231517	116.393792	
0.251135	1.026196	99.135555	
0.000000	0.000000	252.555101	
157.651511	0.000000	42.468568	
146.184092	0.000000	84.212456	
162.130286	0.000000	43.675072	
50.628523	0.000000	127.387521	
13.121954	6.781185	142.115811	
3.981658	0.141302	102.371526	
0.000000	0.000000	143.061175	
0.000000	0.000000	150.739948	
38.162275	78.231517	116.393792	
0.251135	1.026196	99.135555	
0.000000	0.000000	252.555101	
138.958052	0.000000	33.305486	
66.161257	0.000000	57.153328	
50.669222	0.000000	72.645363	
38.434236	0.000000	69.847783	
47.942191	0.000000	133.706997	
0.000000	0.000000	150.739948	
45.566868	0.000000	45.157484	
49.601098	101.680759	151.281856	
0.000000	0.000000	243.914009	
0.000000	0.000000	298.920270	
50.669222	0.000000	72.645363	
66.161257	0.000000	57.153328	
32.357257	0.000000	81.414795	
38.434236	0.000000	69.847783	
13.121954	6.781185	142.115811	
45.566868	0.000000	45.157484	
0.000000	0.000000	193.472821	
0.000000	0.000000	243.914009	
0.000000	0.000000	298.920270	
138.958052	0.000000	33.305486	
94.448119	0.000000	106.265325	
83.445611	0.000000	65.829338	
1.414406	0.828045	147.542832	
50.203431	0.000000	49.752391	
50.203431	0.000000	49.752391	
0.000000	0.000000	258.007406	
0.000000	0.000000	283.535233	
94.448119	0.000000	106.265325	
81.924629	0.000000	131.744331	
83.445611	0.000000	65.829338	
1.414406	0.828045	147.542832	
1.475518	0.863823	153.917780	
10.593662	1.192381	92.055888	
0.000000	0.000000	258.007406	
81.924629	0.000000	131.744331	
78.347439	1.577618	115.414910	
9.241495	0.556289	94.044148	
7.299307	0.113598	71.152870	
10.593662	1.192381	92.055888	
0.000000	0.000000	394.258691	
24.111119	0.000000	135.727423	
1.021765	1.220685	147.542832	
9.241495	0.556289	94.044148	
7.299307	0.113598	71.152870	
0.000000	0.000000	273.734028	
24.111119	0.000000	135.727423	
5.780565	0.000000	144.133023	
11.555118	2.248050	151.628526	
0.000000	0.000000	255.566761	
13.413198	0.000000	128.746750	
5.780565	0.000000	144.133023	
0.000000	0.000000	255.566761	
0.000000	0.000000	125.778197	
0.000000	0.000000	280.429155	
0.000000	0.000000	125.778197	
