40.758828	0.000000	0.000000	
40.758828	0.000000	0.000000	
35.145352	0.000000	0.000000	
35.145352	0.000000	0.000000	
9.663351	4.889880	0.000000	
7.205607	5.776656	0.000000	
11.929910	6.624377	0.000000	
13.152568	4.621583	0.000000	
13.152568	4.621583	0.000000	
11.929910	6.624377	0.000000	
12.059958	6.494329	0.000000	
12.134388	6.140282	0.000000	
12.134388	6.140282	0.000000	
11.929910	6.624377	0.000000	
9.849849	11.297260	0.000000	
3.558714	12.083027	0.000000	
3.558714	12.083027	0.000000	
9.272278	8.243244	0.000000	
0.000000	34.454613	0.000000	
0.365977	32.585483	0.000000	
1.211231	31.740229	0.000000	
0.000000	33.456395	0.000000	
0.096264	33.710438	0.000000	
0.000000	34.454613	0.000000	
35.864970	0.000000	0.418764	
33.805578	0.000000	0.394718	
37.403753	0.000000	0.000000	
22.681211	3.119439	0.451774	
7.082111	5.677650	0.000000	
23.025090	2.334158	0.000000	
13.256956	4.554881	0.000000	
8.121194	5.882961	0.042896	
8.366020	5.400037	0.026510	
7.986016	5.958642	0.004117	
7.511762	5.829408	0.024344	
7.511762	5.829408	0.024344	
7.430441	5.766300	0.024080	
7.430441	5.766300	0.024080	
3.665413	11.976328	0.000000	
3.130113	12.502608	0.028131	
2.914214	12.704442	0.042196	
0.165390	21.423282	0.271971	
0.083380	21.684035	0.274223	
0.083380	21.684035	0.274223	
0.000000	35.173541	0.000000	
0.165390	21.423282	0.271971	
0.000000	35.173541	0.000000	
33.805578	0.000000	0.394718	
25.833623	0.008625	0.742251	
25.833623	0.008625	0.742251	
25.833623	0.008625	0.742251	
25.833623	0.008625	0.742251	
13.256956	4.554881	0.000000	
7.588497	5.879476	0.056375	
8.121194	5.882961	0.042896	
6.917328	5.715594	0.025898	
7.034018	5.920759	0.011256	
7.034018	5.920759	0.011256	
7.410351	5.650761	0.069304	
7.410351	5.650761	0.069304	
5.910633	6.746680	0.177226	
3.665413	11.976328	0.000000	
6.503880	8.481634	0.169207	
0.178365	18.595581	0.556821	
0.178365	18.595581	0.556821	
1.977395	9.232258	0.586852	
0.105297	16.776727	0.654524	
0.056485	14.689746	0.571718	
0.000000	21.454188	0.547451	
35.864970	0.000000	0.418764	
25.833623	0.008625	0.742251	
24.540214	1.302034	0.742251	
25.023567	0.008354	0.718976	
11.929910	6.624377	0.000000	
13.055894	4.485800	0.000000	
7.588497	5.879476	0.056375	
7.036302	5.644971	0.041267	
7.036302	5.644971	0.041267	
7.150842	5.813342	0.101673	
5.111530	5.507929	0.401764	
5.910633	6.746680	0.177226	
5.363756	4.768488	0.383331	
5.363756	4.768488	0.383331	
3.482349	13.909544	0.031296	
3.482349	13.909544	0.031296	
0.201283	17.314646	0.679101	
0.165711	21.464877	0.411340	
0.062993	16.382196	0.419635	
0.056485	14.689746	0.571718	
0.000000	21.454188	0.547451	
15.122699	0.000000	2.704619	
24.540214	1.302034	0.742251	
15.122699	0.000000	2.704619	
25.023567	0.008354	0.718976	
8.053389	4.655440	0.050655	
13.055894	4.485800	0.000000	
6.974010	5.762428	0.007557	
7.218854	5.791426	0.003858	
7.199918	5.776234	0.021810	
5.584965	4.974250	0.356853	
5.111530	5.507929	0.401764	
5.393197	4.794662	0.385435	
5.393197	4.794662	0.385435	
6.163587	5.479554	0.289662	
6.163587	5.479554	0.289662	
0.201283	17.314646	0.679101	
0.201283	17.314646	0.679101	
0.181545	15.616680	0.612505	
0.181545	15.616680	0.612505	
0.000000	16.459765	1.752936	
33.506040	0.000000	1.183877	
25.327687	0.008456	2.752888	
25.327687	0.008456	2.752888	
8.053389	4.655440	0.050655	
7.202403	5.445688	0.050413	
6.974010	5.762428	0.007557	
7.218854	5.791426	0.003858	
7.183448	5.763021	0.000000	
7.183448	5.763021	0.000000	
5.584965	4.974250	0.356853	
5.597870	4.985744	0.373174	
5.393197	4.794662	0.385435	
5.622381	4.998411	0.401814	
5.780955	5.478956	0.000000	
1.933701	12.281371	1.746234	
0.333321	12.193116	1.739123	
0.802422	13.421800	1.100846	
0.333321	12.193116	1.739123	
0.000000	16.055270	2.086966	
34.449546	0.000000	1.076098	
23.470495	1.177194	1.921420	
21.544208	1.080579	3.825679	
15.414213	3.864329	2.593011	
13.055894	4.485800	0.000000	
6.847945	5.493859	1.000720	
6.847945	5.493859	1.000720	
7.104264	5.699495	0.005063	
7.104264	5.699495	0.005063	
7.287299	5.855197	0.047867	
5.597870	4.985744	0.373174	
5.622381	4.998411	0.401814	
5.780955	5.478956	0.000000	
0.409195	12.158251	1.801082	
0.333321	12.193116	1.739123	
0.333321	12.193116	1.739123	
0.333321	12.193116	1.739123	
0.000000	16.459765	1.752936	
33.931732	0.000000	0.990837	
21.581128	1.082431	3.932631	
10.489512	2.879030	3.069225	
6.544546	3.604109	0.546306	
13.055894	4.485800	0.000000	
7.002611	6.063265	0.703342	
7.234293	4.418641	1.759207	
5.777707	5.136499	0.270776	
5.777707	5.136499	0.270776	
5.793838	5.491167	0.000000	
5.016561	5.553933	0.386294	
5.793838	5.491167	0.000000	
0.409195	12.158251	1.801082	
0.330746	12.098921	1.725687	
1.009896	10.907190	2.207757	
0.492060	11.417075	2.259936	
0.000000	16.459765	1.752936	
33.931732	0.000000	0.990837	
21.855174	1.096176	3.880899	
9.424448	2.708162	3.500251	
6.544546	3.604109	0.546306	
9.687013	3.319815	2.890753	
7.949797	7.243995	1.031300	
7.234293	4.418641	1.759207	
5.510442	5.005386	0.134721	
5.929649	5.271579	0.310600	
5.016561	5.553933	0.386294	
5.528494	4.925329	0.324748	
0.539137	10.721728	3.271048	
0.330746	12.098921	1.725687	
1.480873	10.071810	2.952538	
0.488701	11.755106	2.090869	
0.000000	15.826157	2.057184	
39.899881	0.000000	0.000000	
23.088898	0.564862	4.104453	
9.424448	2.708162	3.500251	
9.498049	2.816032	3.933737	
9.687013	3.319815	2.890753	
9.696810	3.323172	2.893676	
7.303392	5.868127	0.047973	
5.510442	5.005386	0.134721	
5.929649	5.271579	0.310600	
5.528494	4.925329	0.324748	
0.567739	11.857967	2.160373	
1.048186	11.320735	2.291463	
1.480873	10.071810	2.952538	
0.797099	10.833273	2.822980	
0.000000	12.690646	3.559680	
38.050381	0.000000	0.000000	
23.088898	0.564862	4.104453	
9.395018	2.763651	4.467437	
9.721838	2.882382	4.026422	
9.696810	3.323172	2.893676	
1.665193	4.058023	5.538351	
6.123021	4.905760	2.932134	
1.641985	4.001464	5.461160	
5.501652	4.901415	0.393577	
5.565595	5.055484	0.000000	
0.797099	10.833273	2.822980	
0.797099	10.833273	2.822980	
0.282964	11.607809	2.314530	
0.000000	11.127902	3.857718	
33.030677	0.000000	0.535533	
22.796305	1.421635	5.353857	
6.998416	2.263491	6.489576	
8.907871	3.052797	4.349639	
7.751059	3.108130	4.300600	
1.665193	4.058023	5.538351	
6.280937	2.600171	4.132768	
0.969114	3.197821	7.907628	
1.054052	2.706136	7.013680	
0.797099	10.833273	2.822980	
0.719240	9.775102	3.978925	
0.345595	9.650678	4.534047	
0.000000	11.127902	3.857718	
32.690874	0.000000	0.530024	
0.888316	0.125535	13.668742	
7.285824	2.356447	6.090213	
7.960114	3.191960	4.416592	
7.751059	3.108130	4.300600	
6.280937	2.600171	4.132768	
0.728508	2.577518	7.485573	
1.371284	2.777061	6.625083	
1.371284	2.777061	6.625083	
0.719240	9.775102	3.978925	
0.348193	9.723223	4.568129	
0.000000	10.905668	5.344658	
0.000000	0.000000	16.958603	
0.000000	0.000000	21.301350	
8.433243	1.379734	7.841599	
7.279188	2.354301	4.555492	
7.098366	2.295818	4.371525	
0.903660	2.298655	7.667121	
0.728508	2.577518	7.485573	
1.004937	2.580040	6.909719	
1.054052	2.706136	7.013680	
0.208641	10.913194	3.604822	
0.000000	12.556007	4.769585	
0.000000	0.000000	21.055574	
8.319672	1.361153	9.905000	
6.808865	2.202185	4.747727	
6.808865	2.202185	4.747727	
0.903660	2.298655	7.667121	
1.032951	3.025898	6.482153	
1.019782	2.987321	6.433821	
1.091929	2.890283	6.567107	
0.992138	2.547180	7.171360	
0.000000	19.220622	2.898889	
0.000000	0.000000	21.334376	
8.319672	1.361153	9.905000	
1.003629	2.104594	8.052420	
0.874867	2.562810	6.978011	
1.032951	3.025898	6.482153	
1.032951	3.025898	6.482153	
1.019782	2.987321	6.433821	
0.876643	2.358113	7.328812	
0.000000	0.000000	18.163813	
0.000000	0.000000	20.972268	
1.687050	0.060674	12.865430	
1.023150	2.145530	7.723257	
0.897395	1.881823	7.200071	
1.094316	2.896602	6.546146	
1.094316	2.896602	6.546146	
0.860860	2.292707	7.256006	
0.000000	0.000000	17.896252	
0.000000	0.000000	19.150874	
1.693528	0.000000	12.466473	
0.897395	1.881823	7.200071	
0.909051	2.662949	6.899996	
1.029489	2.602576	7.143483	
0.860860	2.292707	7.256006	
0.000000	0.000000	16.273740	
1.693528	0.000000	12.466473	
1.693528	0.000000	12.466473	
0.979465	2.053924	7.858548	
0.967869	2.358962	7.301202	
0.667359	2.547064	7.511785	
0.000000	0.000000	16.273740	
1.693528	0.000000	12.466473	
1.693528	0.000000	12.466473	
0.979465	2.053924	7.858548	
0.979465	2.053924	7.858548	
0.000000	0.000000	16.168426	
1.693528	0.000000	12.466473	
1.207939	0.019614	12.729140	
0.000000	0.000000	13.150593	
0.000000	0.000000	13.150593	
1.693528	0.000000	12.466473	
1.131809	0.110983	12.887155	
0.000000	0.000000	15.779202	
0.000000	0.000000	15.779202	
0.000000	0.000000	15.779202	
0.000000	0.000000	15.957420	
