66.951255	0.000000	0.000000	
66.951255	0.000000	0.000000	
71.241351	0.000000	0.000000	
71.241351	0.000000	0.000000	
74.985780	0.000000	0.000000	
41.868020	11.691421	0.000000	
43.035917	8.389035	0.000000	
51.170456	22.163195	0.000000	
51.170456	22.163195	0.000000	
43.660249	27.738264	0.000000	
25.761112	45.374674	0.000000	
25.929210	45.670755	0.000000	
1.161848	54.454474	0.000000	
0.000000	50.625129	0.000000	
0.000000	50.625129	0.000000	
17.658043	52.176727	0.000000	
12.089717	44.824176	0.000000	
6.994856	46.175986	0.000000	
12.864672	47.697422	0.000000	
0.000000	49.496043	0.000000	
0.000000	49.496043	0.000000	
0.000000	49.496043	0.000000	
0.000000	49.496043	0.000000	
0.000000	49.496043	0.000000	
58.518391	0.000000	0.892396	
58.518391	0.000000	0.892396	
58.257071	0.000000	0.283625	
58.257071	0.000000	0.283625	
74.985780	0.000000	0.000000	
38.630720	4.143852	1.252891	
43.035917	8.389035	0.000000	
50.034947	5.367165	1.622759	
60.948406	7.148182	0.981577	
44.312030	17.331296	0.000000	
44.312030	17.331296	0.000000	
13.072027	43.126530	1.035958	
21.654053	45.078978	0.961922	
21.831287	45.447941	0.969795	
6.764687	44.420869	0.000000	
6.764687	44.420869	0.000000	
1.624693	50.223425	0.000000	
1.624693	50.223425	0.000000	
0.000000	49.496043	0.000000	
0.000000	49.496043	0.000000	
0.000000	49.496043	0.000000	
0.000000	49.496043	0.000000	
0.000000	49.496043	0.000000	
79.447643	0.000000	0.000000	
58.518391	0.000000	0.892396	
58.518391	0.000000	0.892396	
79.447643	0.000000	0.000000	
50.972682	0.000000	3.146439	
44.620932	4.786412	1.447169	
38.630720	4.143852	1.252891	
44.620932	4.786412	1.447169	
15.102577	21.169325	5.706037	
15.102577	21.169325	5.706037	
21.654053	45.078978	0.961922	
21.654053	45.078978	0.961922	
21.654053	45.078978	0.961922	
7.833683	51.170083	2.323647	
7.459024	49.240158	0.000000	
6.755088	44.593179	0.000000	
6.755088	44.593179	0.000000	
0.000000	50.705747	0.000000	
0.000000	49.496043	0.000000	
0.000000	49.496043	0.000000	
0.000000	49.262061	0.000000	
0.000000	48.858866	0.000000	
62.659038	0.000000	0.955540	
84.465919	0.000000	0.000000	
83.762996	0.000000	0.000000	
52.571364	3.925844	1.654835	
36.366037	8.467343	1.313195	
38.630720	4.143852	1.252891	
38.630720	4.143852	1.252891	
50.034947	5.367165	1.622759	
55.043987	0.000000	2.219499	
52.482908	12.363987	1.030734	
43.921701	15.619290	0.000000	
28.089603	34.115331	8.478689	
25.060252	35.127027	9.468233	
14.134125	52.404082	0.000000	
2.494389	77.107926	0.000000	
0.849568	53.374227	0.000000	
1.593144	49.248149	0.000000	
0.849568	53.374227	0.000000	
0.000000	49.496043	0.000000	
0.000000	48.347488	0.000000	
0.000000	48.347488	0.000000	
62.659038	0.000000	0.955540	
84.465919	0.000000	0.000000	
82.513917	0.000000	0.000000	
31.530267	7.341399	1.138573	
50.680115	0.000000	2.043538	
38.630720	4.143852	1.252891	
50.034947	5.367165	1.622759	
43.247410	18.395915	0.000000	
44.312030	17.331296	0.000000	
43.247410	18.395915	0.000000	
43.247410	18.395915	0.000000	
6.764687	44.420869	0.000000	
6.764687	44.420869	0.000000	
11.421256	20.225292	11.347080	
6.764687	44.420869	0.000000	
1.593144	49.248149	0.000000	
0.000000	49.044030	0.000000	
0.000000	49.044030	0.000000	
0.000000	49.496043	0.000000	
0.000000	47.575561	0.000000	
86.278648	0.000000	0.000000	
62.352664	0.123389	0.000000	
62.866346	1.577529	0.000000	
62.866346	1.577529	0.000000	
50.680115	0.000000	2.043538	
55.448494	4.140698	1.745401	
44.590893	0.832713	13.811219	
43.247410	18.395915	0.000000	
44.590893	0.832713	13.811219	
25.038152	6.887300	25.382363	
11.616732	20.571450	11.541286	
11.616732	20.571450	11.541286	
11.421256	20.225292	11.347080	
11.421256	20.225292	11.347080	
6.981162	45.842368	0.000000	
0.000000	55.658906	0.000000	
0.000000	49.496043	0.000000	
0.000000	49.496043	0.000000	
0.000000	47.575561	0.000000	
82.513917	0.000000	0.000000	
62.352664	0.123389	0.000000	
62.866346	1.577529	0.000000	
31.530267	7.341399	1.138573	
50.680115	0.000000	2.043538	
51.679202	5.351550	2.204073	
41.263145	4.208752	13.825902	
25.038152	6.887300	25.382363	
45.729250	12.769649	3.144426	
35.125531	37.317487	5.540164	
30.977303	43.420974	0.000000	
11.421256	20.225292	11.347080	
11.421256	20.225292	11.347080	
0.399722	60.217167	0.000000	
0.000000	50.841293	0.000000	
0.000000	50.841293	0.000000	
0.000000	50.904163	0.000000	
0.000000	49.496043	0.000000	
75.215420	0.000000	3.499216	
75.215420	0.000000	3.499216	
75.215420	0.000000	3.499216	
36.136892	0.000000	0.776874	
50.680115	0.000000	2.043538	
21.377857	5.880454	21.671749	
30.599861	8.417171	31.020531	
44.510762	16.095122	3.201673	
8.186438	1.441346	40.632347	
26.919982	37.733816	0.000000	
11.478039	20.325845	11.403493	
11.421256	20.225292	11.347080	
0.000000	50.841293	0.000000	
0.348514	52.502882	0.000000	
0.000000	50.927004	0.000000	
0.000000	49.496043	0.000000	
0.000000	50.927004	0.000000	
75.215420	0.000000	3.499216	
66.728680	0.000000	3.104390	
70.364111	0.002030	0.077966	
21.377857	5.880454	21.671749	
21.377857	5.880454	21.671749	
21.377857	5.880454	21.671749	
7.929200	1.347824	44.602981	
10.351614	0.604141	46.738568	
26.919982	37.733816	0.000000	
11.478039	20.325845	11.403493	
26.207220	36.734735	0.000000	
0.000000	58.401868	0.000000	
0.399722	60.217167	0.000000	
0.000000	45.421021	5.419763	
0.000000	49.496043	0.000000	
0.000000	50.841293	0.000000	
66.728680	0.000000	3.104390	
59.410787	0.000000	0.000000	
50.157745	0.000000	0.000000	
31.405586	0.649957	28.882636	
8.343979	1.020783	45.024811	
7.929200	1.347824	44.602981	
8.149713	1.567423	46.718990	
6.795670	1.679071	47.740871	
1.996036	0.073647	51.389422	
0.716078	0.716078	47.197978	
0.367070	27.556918	3.265217	
0.716078	0.716078	47.197978	
0.487949	36.631598	2.759307	
0.000000	50.932549	0.000000	
0.000000	50.932549	0.000000	
63.015096	0.000000	0.000000	
59.410787	0.000000	0.000000	
31.405586	0.649957	28.882636	
22.425882	6.168737	22.734181	
22.425882	6.168737	22.734181	
8.741242	0.673102	45.263196	
8.149713	1.567423	46.718990	
8.690499	1.234815	47.719890	
11.302909	1.382771	39.266338	
0.367070	27.556918	3.265217	
0.245396	0.245396	48.139341	
0.487949	36.631598	2.759307	
0.485945	36.481181	2.747977	
0.000000	50.421725	0.000000	
1.679808	0.000000	54.888936	
9.454865	0.011311	47.672929	
7.320715	0.896131	47.100293	
8.326000	1.391136	46.718990	
8.149713	1.567423	46.718990	
7.472784	0.914203	47.246521	
11.302909	1.382771	39.266338	
11.302909	1.382771	39.266338	
11.302909	1.382771	39.266338	
0.245396	0.245396	48.139341	
0.245396	0.245396	48.139341	
0.485945	36.481181	2.747977	
0.000000	45.421021	5.419763	
0.000000	0.000000	68.252999	
1.727023	0.137837	38.505967	
7.320715	0.896131	47.100293	
7.320715	0.896131	47.100293	
8.149713	1.567423	46.718990	
11.302909	1.382771	39.266338	
1.133536	0.563733	64.406285	
0.794223	0.565912	47.986360	
0.716078	0.716078	47.197978	
0.245396	0.245396	48.139341	
0.194854	0.138840	41.845091	
0.000000	44.101738	42.993815	
1.366165	0.000000	67.881045	
1.727023	0.137837	38.505967	
1.366165	0.000000	67.881045	
7.320715	0.896131	47.100293	
0.929197	0.000000	66.403508	
0.929197	0.000000	66.403508	
1.525578	3.042987	48.515187	
0.794223	0.565912	47.986360	
0.716078	0.716078	47.197978	
0.194854	0.138840	41.845091	
0.000000	0.000000	71.784763	
1.289524	0.000000	67.957686	
1.727023	0.137837	38.505967	
1.220489	0.000000	64.319526	
1.606084	0.128185	35.809498	
1.777323	0.000000	58.075338	
2.233212	0.132408	48.845748	
0.427246	0.427246	49.275688	
0.427246	0.427246	49.275688	
0.716078	0.716078	47.197978	
0.000000	0.000000	71.784763	
1.220489	0.000000	64.319526	
1.727023	0.137837	38.505967	
1.606084	0.128185	35.809498	
1.539646	0.000000	53.818533	
2.318793	0.244476	47.691590	
0.427246	0.427246	49.275688	
1.169198	0.220278	33.714122	
0.794223	0.565912	47.986360	
0.000000	0.000000	52.628223	
0.927432	0.000000	54.413441	
1.663746	0.070522	35.809498	
2.149851	0.171584	47.933424	
2.318793	0.244476	47.691590	
2.318793	0.244476	47.691590	
1.169198	0.220278	33.714122	
0.415442	0.415442	47.914306	
0.000000	0.000000	52.628223	
0.927432	0.000000	54.413441	
1.663746	0.070522	35.809498	
2.149851	0.171584	47.933424	
2.233212	0.132408	48.845748	
0.389614	0.000000	61.426217	
0.415442	0.415442	47.914306	
0.000000	0.000000	63.962929	
0.398898	0.000000	62.889921	
2.149851	0.171584	47.933424	
0.365052	0.000000	57.553827	
0.389614	0.000000	61.426217	
0.365052	0.000000	57.553827	
0.000000	0.000000	71.784763	
0.398898	0.000000	62.889921	
0.389614	0.000000	61.426217	
0.365052	0.000000	57.553827	
0.365052	0.000000	57.553827	
0.000000	0.000000	71.784763	
0.398898	0.000000	62.889921	
0.389614	0.000000	61.426217	
0.389614	0.000000	61.426217	
0.000000	0.000000	72.404312	
0.398898	0.000000	62.889921	
0.402282	0.000000	63.423406	
0.000000	0.000000	72.404312	
1.041990	0.000000	68.205219	
0.000000	0.000000	72.404312	
0.000000	0.000000	72.404312	
