0.000000	128.638064	1.351015	
1.203811	9.190266	4.727285	
1.731428	13.218262	4.828915	
0.000000	21.921905	5.013022	
1.553267	11.858123	4.332028	
0.000000	14.729226	3.166567	
0.720571	11.722701	3.410701	
0.000000	14.729226	3.166567	
0.000000	17.179091	3.928453	
0.000000	17.179091	3.928453	
6.532414	2.265705	5.502272	
6.704992	1.655818	4.754454	
7.277505	1.884949	6.073624	
6.732045	1.662499	4.773637	
6.732045	1.662499	4.773637	
7.006084	1.815318	5.394630	
7.006084	1.815318	5.394630	
6.793284	1.236852	4.792216	
7.109629	1.294449	4.779058	
5.741741	2.389971	4.279815	
5.741741	2.389971	4.279815	
6.473712	3.059704	4.063004	
8.454729	1.539351	5.728509	
74.911361	0.000000	42.599053	
0.000000	176.875635	0.000000	
0.000000	70.417236	0.778989	
1.731428	13.218262	4.828915	
0.000000	21.921905	5.013022	
1.553267	11.858123	4.332028	
1.323731	10.105773	3.691856	
0.000000	17.179091	3.928453	
0.000000	17.179091	3.928453	
0.000000	17.179091	3.928453	
0.000000	13.831102	3.162847	
0.000000	13.831102	3.162847	
6.532414	2.265705	5.502272	
6.532414	2.265705	5.502272	
6.946372	1.799846	5.469813	
5.732106	2.794227	4.734370	
6.793284	1.236852	4.792216	
6.228153	2.740164	4.979788	
5.804153	3.356046	5.728714	
6.228153	2.740164	4.979788	
4.353088	3.016779	4.041517	
5.929690	2.220209	4.102585	
8.454729	1.539351	5.728509	
74.911361	0.000000	42.599053	
0.000000	176.875635	0.000000	
1.337633	10.211909	3.571819	
1.424767	9.671526	3.183471	
0.000000	70.417236	0.778989	
0.000000	17.082300	4.025244	
0.000000	17.179091	3.928453	
0.000000	17.179091	3.928453	
0.705448	11.476666	3.934958	
0.000000	17.179091	3.928453	
6.785473	2.353475	5.715424	
6.785473	2.353475	5.715424	
6.732522	2.335110	5.670823	
6.964362	2.099373	5.668386	
7.529614	1.275761	5.149356	
8.880262	1.617120	5.513837	
7.023743	1.278811	4.721326	
7.023743	1.278811	4.721326	
7.023743	1.278811	4.721326	
6.900836	1.621438	4.846271	
5.838091	2.631163	3.942274	
7.117595	1.295899	4.769641	
7.211574	1.313010	4.847585	
0.000000	248.998337	0.000000	
1.337633	10.211909	3.571819	
0.000000	20.894531	4.778086	
0.164932	14.368977	3.283768	
0.000000	16.935619	3.640909	
0.000000	14.132632	3.873754	
0.000000	15.418364	2.644942	
0.000000	16.585141	4.070015	
0.000000	16.585141	4.070015	
5.780637	3.342449	5.705503	
5.780637	3.342449	5.705503	
6.704992	1.655818	4.754454	
7.805327	2.602933	5.684787	
6.254823	2.751898	5.001113	
7.023743	1.278811	4.721326	
7.023743	1.278811	4.721326	
7.023743	1.278811	4.721326	
7.023743	1.278811	4.721326	
4.353088	3.016779	4.041517	
5.729222	2.384760	4.297546	
4.938539	2.113725	3.785018	
0.000000	105.116937	0.000000	
0.000000	20.894531	4.778086	
0.192213	16.745743	3.838471	
0.164932	14.368977	3.283768	
1.323731	10.105773	3.691856	
0.000000	15.644376	3.363311	
0.000000	15.418364	2.644942	
0.705448	11.476666	3.934958	
7.019746	2.059658	6.375030	
7.035400	2.120787	5.726205	
6.921452	2.400639	5.829960	
8.378051	1.525390	5.676555	
6.254823	2.751898	5.001113	
7.093393	0.752254	4.164594	
6.178140	2.718160	4.939800	
5.897353	2.594624	4.715294	
5.897353	2.594624	4.715294	
4.683460	2.708575	4.053674	
4.683460	2.708575	4.053674	
4.938539	2.113725	3.785018	
0.000000	105.116937	0.000000	
0.164251	14.309692	3.343733	
0.000000	15.341033	3.153607	
0.192213	16.745743	3.838471	
0.000000	16.935619	3.640909	
0.000000	15.460088	3.323692	
0.000000	15.644376	3.363311	
9.795237	2.719637	6.144030	
6.460702	2.983376	5.906250	
7.154596	2.481502	5.350584	
9.726062	2.006355	5.759892	
5.629672	2.732393	4.827274	
7.401133	2.567011	5.370872	
6.186142	2.721681	4.946198	
5.724068	2.449936	4.490415	
6.332870	2.786236	4.678308	
5.429875	2.260158	4.179430	
4.683460	2.708575	4.053674	
5.007267	2.143141	3.861869	
0.000000	248.998337	0.000000	
0.164251	14.309692	3.343733	
0.192213	16.745743	3.838471	
0.192213	16.745743	3.838471	
0.000000	16.935619	3.640909	
1.203811	9.190266	4.727285	
6.734344	2.656159	6.336552	
6.981482	2.421459	5.880523	
7.154596	2.481502	5.350584	
7.052944	2.614854	5.699700	
9.726062	2.006355	5.759892	
8.971569	1.633747	5.537640	
6.429451	2.828728	4.749656	
6.178140	2.718160	4.939800	
5.815029	2.558404	4.833837	
5.429875	2.260158	4.179430	
5.386568	2.305484	4.309100	
5.676659	2.362881	4.369382	
0.164932	14.368977	3.283768	
0.000000	23.342309	4.798404	
2.245240	70.885203	0.809004	
0.000000	16.935619	3.640909	
6.629328	2.685559	6.660757	
8.984967	2.494667	7.179270	
3.365393	4.592633	4.683512	
6.249816	2.907093	6.815207	
5.629672	2.732393	4.827274	
9.235792	3.713397	5.590445	
5.629672	2.732393	4.827274	
5.422627	2.257142	4.173851	
5.677851	2.363377	4.370300	
5.677851	2.363377	4.370300	
6.079756	2.674875	4.313850	
4.340822	3.008278	4.012105	
4.973466	2.099306	3.799400	
0.000000	102.737698	0.000000	
0.000000	23.342309	4.798404	
0.884806	13.957035	4.492158	
0.000000	16.935619	3.640909	
9.562094	2.654905	5.715002	
9.006705	2.663296	6.194595	
3.365393	4.592633	4.683512	
7.052944	2.614854	5.699700	
5.629672	2.732393	4.827274	
7.052944	2.614854	5.699700	
5.629672	2.732393	4.827274	
5.422627	2.257142	4.173851	
5.576180	2.321057	4.292042	
5.576180	2.321057	4.292042	
5.677851	2.363377	4.370300	
4.973466	2.099306	3.799400	
0.000000	102.737698	0.000000	
0.000000	26.809729	6.075608	
0.000000	102.737698	0.000000	
0.000000	15.702843	5.151312	
0.000000	16.935619	3.640909	
9.165956	2.761003	6.148356	
9.165956	2.761003	6.148356	
6.617898	2.648374	4.820255	
6.589276	2.636920	4.799408	
5.629672	2.732393	4.827274	
5.422627	2.257142	4.173851	
6.404116	3.026810	3.758413	
6.429451	2.828728	4.749656	
6.663706	3.392771	3.376867	
5.556608	2.312911	4.276978	
0.000000	91.213527	0.000000	
0.000000	26.809729	6.075608	
0.000000	15.702843	5.151312	
9.165956	2.761003	6.148356	
0.000000	16.935619	3.640909	
9.165956	2.761003	6.148356	
9.165956	2.761003	6.148356	
6.589276	2.636920	4.799408	
7.052944	2.614854	5.699700	
5.392072	2.244423	4.150333	
7.443883	2.978920	5.421875	
6.626311	3.330041	3.343246	
6.663706	3.392771	3.376867	
6.753592	3.650804	2.897066	
0.000000	91.213527	0.000000	
0.000000	90.215519	0.998008	
0.000000	28.054606	2.385130	
0.889797	14.035763	4.517497	
9.006705	2.663296	6.194595	
6.617898	2.648374	4.820255	
9.211800	2.774812	6.088703	
7.443883	2.978920	5.421875	
7.052944	2.614854	5.699700	
7.443883	2.978920	5.421875	
5.392072	2.244423	4.150333	
7.212350	2.668868	3.318017	
6.406406	3.226908	3.413708	
0.000000	88.166388	0.000000	
0.000000	180.982014	1.452715	
0.000000	180.982014	1.452715	
0.000000	18.850790	4.052643	
9.006705	2.663296	6.194595	
6.887489	2.716562	6.480651	
7.443883	2.978920	5.421875	
7.430030	2.973376	5.411785	
5.876149	12.674483	1.529705	
4.744593	2.940406	4.176694	
4.744593	2.940406	4.176694	
6.406406	3.226908	3.413708	
0.000000	89.073379	0.000000	
0.000000	86.948027	0.961861	
0.000000	18.850790	4.052643	
9.006705	2.663296	6.194595	
9.106747	2.743168	6.225400	
6.589276	2.636920	4.799408	
6.589276	2.636920	4.799408	
6.772117	2.979489	5.002795	
6.179615	2.718809	4.565094	
5.564291	2.316108	4.282891	
5.399971	2.247711	4.156412	
0.000000	185.847314	0.000000	
0.000000	99.577403	0.799293	
0.000000	89.084668	0.000000	
0.000000	89.223858	0.000000	
0.000000	89.223858	0.000000	
8.328495	3.174042	6.025081	
6.278516	2.432298	4.012907	
6.172718	2.715775	4.559998	
6.929330	2.955864	4.547895	
5.336531	2.483819	4.250256	
0.000000	104.062101	0.000000	
0.000000	99.577403	0.799293	
0.000000	91.213527	0.000000	
0.000000	91.213527	0.000000	
0.000000	124.581209	0.000000	
0.000000	124.581209	0.000000	
6.723703	2.958188	4.988696	
6.374540	2.489695	3.820846	
5.981800	2.551674	3.916761	
0.000000	88.700806	0.000000	
0.000000	140.301525	0.000000	
0.000000	89.073379	0.000000	
0.000000	92.977663	0.000000	
0.000000	91.213527	0.000000	
6.723703	2.958188	4.988696	
6.374540	2.489695	3.820846	
5.981800	2.551674	3.916761	
0.000000	88.700806	0.000000	
0.000000	140.301525	0.000000	
0.000000	89.073379	0.000000	
0.000000	88.087036	0.000000	
0.000000	88.087036	0.000000	
6.651633	4.639217	3.791358	
5.336531	2.483819	4.250256	
0.000000	92.977663	0.000000	
0.000000	89.819822	0.000000	
0.000000	92.977663	0.000000	
0.000000	88.806073	0.000000	
0.000000	88.806073	0.000000	
5.246767	3.151659	4.242306	
0.000000	92.977663	0.000000	
0.000000	184.966811	0.017435	
0.000000	90.215519	0.998008	
0.000000	88.030191	0.016597	
5.246767	3.151659	4.242306	
0.000000	89.819822	0.000000	
0.000000	86.057846	1.435963	
0.000000	88.030191	0.016597	
4.879952	2.931318	3.945715	
0.000000	88.678246	0.000000	
0.000000	184.966811	0.017435	
4.879952	2.931318	3.945715	
0.000000	135.743126	0.000000	
4.470424	2.685321	3.526629	
0.000000	135.743126	0.000000	
