18.016489	0.000000	0.000000	
16.856173	0.016894	0.000000	
16.856173	0.016894	0.000000	
11.762774	0.630304	0.000000	
11.762774	0.630304	0.000000	
4.864141	3.042152	0.000000	
4.864141	3.042152	0.000000	
4.678791	3.227502	0.000000	
4.864141	3.042152	0.000000	
4.992769	3.162640	0.000000	
4.992769	3.162640	0.000000	
4.680896	3.167825	0.000000	
4.653055	3.148983	0.000000	
3.737292	4.695164	0.000000	
2.686991	5.357599	0.000000	
1.997071	6.362031	0.000000	
2.402876	5.959084	0.000000	
2.548929	7.581460	0.000000	
0.000000	12.297320	0.000000	
0.000000	16.355064	0.000000	
0.000000	16.344504	0.000000	
0.000000	14.658815	0.000000	
0.000000	14.658815	0.000000	
0.000000	16.337792	0.000000	
17.392239	0.000000	0.000146	
15.157635	0.072957	0.020166	
8.498970	0.834880	0.067787	
9.325473	0.000000	0.065279	
7.481600	0.300520	0.032221	
6.124881	1.530498	0.133028	
5.824156	2.035285	0.000000	
5.233996	2.309918	0.233615	
4.772702	2.824112	0.000000	
4.643530	3.142538	0.000000	
4.643530	3.142538	0.000000	
4.653055	3.148983	0.000000	
3.710356	4.661325	0.046429	
2.691741	4.920618	0.235735	
2.904174	5.137583	0.000000	
2.124768	6.161719	0.062717	
1.997071	6.362031	0.000000	
1.700547	6.410357	0.197814	
1.700547	6.410357	0.197814	
0.000000	12.818884	0.055117	
0.000000	12.818884	0.055117	
0.000000	13.374638	0.008368	
0.000000	13.374638	0.008368	
16.824665	0.000000	0.150444	
11.181587	0.535712	0.286546	
9.325473	0.000000	0.065279	
8.498970	0.834880	0.067787	
7.481600	0.300520	0.032221	
6.200051	1.549282	0.032086	
5.791124	2.023742	0.032357	
5.233996	2.309918	0.233615	
4.772702	2.824112	0.000000	
4.527529	2.857854	0.460981	
4.134281	3.275409	0.468335	
0.000000	3.057519	0.455567	
0.000000	3.057519	0.455567	
0.441295	2.539476	0.502996	
0.441295	2.539476	0.502996	
2.402876	5.959084	0.000000	
2.000092	6.371654	0.100858	
1.621861	6.113742	0.573797	
0.000000	12.326049	0.000000	
0.000000	12.857701	0.008045	
0.000000	18.119910	0.000000	
0.000000	18.119910	0.000000	
16.824665	0.000000	0.150444	
13.274795	0.070608	0.060418	
8.425570	0.854631	0.045601	
8.502624	0.737429	0.029577	
6.599674	1.253067	0.065808	
7.047114	0.711911	0.032126	
5.791124	2.023742	0.032357	
0.317871	2.623528	0.635314	
0.471702	2.516742	0.566694	
0.464912	2.480516	0.558537	
0.464912	2.480516	0.558537	
0.007920	2.826852	0.537553	
0.133295	2.651404	0.587683	
1.791368	1.008827	0.995419	
1.611197	7.761339	0.000000	
0.000000	12.378393	0.000000	
0.000000	12.326049	0.000000	
0.000000	12.409422	0.000000	
0.000000	12.829889	0.055164	
0.000000	12.899262	0.055463	
0.000000	12.899262	0.055463	
15.307563	0.000000	0.114287	
1.847203	0.502625	1.093641	
1.797058	0.558015	1.088396	
1.847203	0.502625	1.093641	
1.791368	1.008827	0.995419	
7.298299	0.568864	0.012836	
7.301565	0.569119	0.012842	
6.485742	1.321751	0.075343	
7.466591	0.288202	0.105522	
0.453317	1.950030	0.703787	
0.453317	1.950030	0.703787	
0.941253	1.266561	1.539667	
2.259528	6.166088	0.000000	
1.724946	5.959744	0.230111	
1.394607	6.257596	0.383471	
0.000000	5.637117	0.705021	
0.000000	5.801809	0.878528	
0.000000	5.801809	0.878528	
0.069866	4.806137	1.500379	
0.000000	13.492331	0.366233	
14.100145	0.000000	0.164541	
4.935104	0.537605	1.287173	
4.968718	0.503992	1.287173	
3.182489	0.865957	1.150509	
3.182489	0.865957	1.150509	
3.108023	0.845695	1.123589	
1.036630	0.923715	1.473821	
1.036630	0.923715	1.473821	
1.102707	0.849731	1.467876	
0.881727	1.077530	1.500347	
0.686211	1.397188	1.336679	
0.941253	1.266561	1.539667	
0.350841	0.932669	2.017093	
0.171431	0.871856	2.106467	
0.000000	5.637117	0.705021	
0.069866	4.806137	1.500379	
0.000000	12.409422	0.000000	
0.000000	13.024351	0.008149	
0.000000	1.867670	2.202975	
12.978839	0.000000	0.000000	
12.546120	0.000000	0.175408	
4.968718	0.503992	1.287173	
0.951696	0.848032	1.603273	
0.950554	0.847014	1.601349	
3.108023	0.845695	1.123589	
1.036630	0.923715	1.473821	
1.222452	0.884593	1.251437	
1.222452	0.884593	1.251437	
0.501784	0.953073	1.921804	
0.686211	1.397188	1.336679	
0.501784	0.953073	1.921804	
0.350841	0.932669	2.017093	
0.069866	4.806137	1.500379	
0.069866	4.806137	1.500379	
0.097870	5.366468	0.976072	
0.069219	4.761631	1.486485	
0.000000	1.867670	2.202975	
12.978839	0.000000	0.000000	
11.549644	0.069956	0.568710	
1.192945	0.914954	1.269805	
1.442400	0.560919	1.313236	
1.454743	0.890854	1.084017	
0.804792	1.211051	0.707537	
1.222452	0.884593	1.251437	
1.222452	0.884593	1.251437	
1.663128	0.804837	0.987392	
0.317826	1.306602	1.502283	
0.401873	1.252239	1.529735	
0.637400	1.297804	1.525435	
0.366626	1.450264	1.561403	
0.104876	4.774700	1.501478	
0.104876	4.774700	1.501478	
0.097870	5.366468	0.976072	
0.000000	5.083409	2.133701	
6.416046	0.000000	3.754244	
10.133644	0.061379	0.288565	
1.384524	0.897601	1.180553	
1.442400	0.560919	1.313236	
1.384524	0.897601	1.180553	
1.488090	0.838033	1.075017	
1.488090	0.838033	1.075017	
1.636790	0.792091	0.971756	
1.636790	0.792091	0.971756	
0.317826	1.306602	1.502283	
0.637400	1.297804	1.525435	
0.366626	1.450264	1.561403	
0.397763	1.057405	1.922215	
0.352043	1.392580	1.633669	
0.104876	4.774700	1.501478	
0.000000	1.830951	2.159665	
6.416046	0.000000	3.754244	
10.133644	0.061379	0.288565	
1.200621	0.920841	1.277976	
0.804792	1.211051	0.707537	
1.744930	0.880011	0.809096	
1.744930	0.880011	0.809096	
0.624868	1.083498	1.640066	
1.390648	1.013077	1.017972	
1.390648	1.013077	1.017972	
0.586720	1.208996	1.723915	
0.084973	0.926385	1.806913	
0.240751	1.503872	1.633669	
0.240751	1.503872	1.633669	
0.352043	1.392580	1.633669	
0.000000	1.830951	2.159665	
7.661479	0.000000	3.296323	
10.133644	0.061379	0.288565	
0.770702	0.998252	1.575858	
0.563797	1.163864	1.575738	
1.494727	0.841771	1.079812	
1.210892	1.066580	1.178146	
0.624868	1.083498	1.640066	
0.439497	1.432522	1.297790	
0.439497	1.432522	1.297790	
0.534084	1.219753	1.683711	
0.574469	1.169672	1.633217	
0.251922	0.937552	2.018079	
0.000000	1.697230	2.316564	
0.000000	1.847328	3.182825	
6.416046	0.000000	3.754244	
10.133644	0.061379	0.288565	
2.838482	0.497530	1.188591	
0.616790	0.928146	1.365434	
1.284147	1.057416	1.161691	
0.620100	1.075229	1.627550	
0.624868	1.083498	1.640066	
0.400027	1.235831	1.512854	
0.603893	1.314019	1.465179	
0.574469	1.169672	1.633217	
0.120585	1.066967	2.014818	
0.123821	1.095605	1.988572	
0.000000	1.712836	2.337865	
6.416046	0.000000	3.754244	
0.006039	0.005598	8.361366	
2.838482	0.497530	1.188591	
0.609273	0.866828	1.769173	
1.284147	1.057416	1.161691	
0.429040	1.250410	1.863937	
0.624868	1.083498	1.640066	
0.400027	1.235831	1.512854	
0.603893	1.314019	1.465179	
0.119262	1.065456	1.968468	
0.000000	1.675281	2.286605	
0.000000	1.712836	2.337865	
6.416046	0.000000	3.754244	
0.006039	0.005598	8.361366	
0.609273	0.866828	1.769173	
0.000017	1.209869	1.967103	
0.408494	1.261988	1.544874	
0.408494	1.261988	1.544874	
0.472864	1.378133	1.585348	
0.100272	0.895803	1.779606	
0.120585	1.066967	2.014818	
0.093158	0.824289	2.415813	
0.000000	1.675281	2.286605	
6.811772	0.000000	4.146029	
2.727647	0.452825	1.367549	
0.605570	0.861560	1.758420	
0.609273	0.866828	1.769173	
0.534066	1.172069	1.509220	
0.028982	2.418153	3.667497	
0.504020	1.887879	3.857704	
0.001563	0.008415	4.175233	
0.093158	0.824289	2.415813	
0.000000	7.662241	2.116210	
6.360720	0.000000	3.721871	
2.966563	0.363696	1.431955	
0.605570	0.861560	1.758420	
0.534066	1.172069	1.509220	
2.830350	0.469875	1.419041	
0.000000	0.000000	8.851773	
0.000000	0.000000	7.396327	
0.026700	3.506305	3.556805	
0.000000	4.890757	1.452963	
0.000000	0.000000	9.080396	
0.006039	0.005598	8.361366	
0.000000	0.000000	7.909482	
0.719317	0.860798	3.123459	
0.713737	0.854120	3.099229	
0.713737	0.854120	3.099229	
0.000000	0.000000	7.396327	
0.000000	4.890757	1.452963	
0.000000	0.000000	9.080396	
0.000000	0.000000	7.909482	
0.006039	0.005598	8.361366	
0.019863	0.011725	8.232827	
0.012780	0.010184	8.238221	
0.019863	0.011725	8.232827	
0.000000	0.000000	10.325207	
0.000000	0.000000	8.940371	
0.018737	0.010080	8.264522	
0.012075	0.009622	7.783634	
0.012780	0.010184	8.238221	
0.003876	0.001919	8.333623	
0.000000	0.000000	8.944619	
0.000000	0.000000	8.866910	
0.012075	0.009622	7.783634	
0.012075	0.009622	7.783634	
0.012769	0.007551	7.289751	
0.000000	0.000000	8.940371	
0.000000	0.000000	8.523219	
0.012075	0.009622	7.783634	
0.012769	0.007551	7.289751	
0.000000	0.000000	8.523219	
0.000000	0.000000	8.576782	
0.001954	0.000793	7.902569	
0.000000	0.000000	8.576782	
0.000000	0.000000	8.846459	
0.000000	0.000000	8.940371	
0.000000	0.000000	8.846459	
