1.386530	0.000000	0.000000	
1.386530	0.000000	0.000000	
1.322200	0.058327	0.000000	
1.317390	0.058115	0.000000	
1.317390	0.058115	0.000000	
1.269372	0.126344	0.000000	
0.653867	0.466903	0.000000	
0.653867	0.466903	0.000000	
0.508316	0.698717	0.000000	
0.583028	0.801415	0.000000	
0.320523	0.926426	0.000000	
0.320523	0.926426	0.000000	
0.000000	1.697892	0.000000	
0.000000	1.697892	0.000000	
0.341031	1.504484	0.000000	
0.317432	1.477370	0.000000	
0.233941	1.594109	0.000000	
0.317432	1.477370	0.000000	
0.333607	1.612346	0.000000	
0.128268	1.692296	0.000000	
0.000000	1.903826	0.000000	
0.000000	1.903826	0.000000	
0.000000	1.917950	0.000000	
0.000000	1.917950	0.000000	
1.478341	0.000000	0.000000	
1.248677	0.069708	0.000000	
1.248677	0.069708	0.000000	
0.503022	0.179672	0.019164	
0.503022	0.179672	0.019164	
0.414754	0.296161	0.019956	
0.414754	0.296161	0.019956	
0.508316	0.698717	0.000000	
0.508316	0.698717	0.000000	
0.415429	0.785489	0.000000	
0.415429	0.785489	0.000000	
0.325187	0.939908	0.006995	
0.400074	0.926934	0.000000	
0.000000	1.736620	0.000000	
0.566829	0.779148	0.033410	
0.566829	0.779148	0.033410	
0.000000	1.790068	0.018471	
0.000000	1.658447	0.017112	
0.000000	1.658345	0.017111	
0.051170	1.629611	0.031469	
0.000000	2.078461	0.002130	
0.000000	2.078461	0.002130	
0.000000	1.515815	0.077167	
1.478341	0.000000	0.000000	
1.382065	0.035875	0.000000	
1.323272	0.064603	0.000000	
0.434204	0.217690	0.185838	
0.434204	0.217690	0.185838	
0.781764	0.170549	0.263926	
1.384939	0.013117	0.000000	
1.384939	0.013117	0.000000	
0.257542	0.905035	0.000000	
0.405036	0.765838	0.092534	
0.519484	0.725855	0.117258	
0.381818	0.884637	0.007002	
0.400074	0.926934	0.000000	
0.384331	0.966183	0.092078	
0.374224	0.919246	0.088189	
0.195543	1.382815	0.114914	
0.317432	1.477370	0.000000	
0.076362	1.510932	0.116047	
0.042543	1.586508	0.020857	
0.000000	1.658243	0.017110	
0.024880	1.484658	0.076848	
0.000000	1.796039	0.018532	
1.540640	0.000000	0.000000	
1.859293	0.000000	0.000000	
1.274174	0.000000	0.317080	
0.771094	0.168221	0.276924	
1.445445	0.000000	0.000000	
1.445445	0.000000	0.000000	
0.237758	0.042174	0.837880	
0.401632	0.759403	0.000000	
0.257542	0.905035	0.000000	
0.325187	0.939908	0.006995	
0.442235	0.708356	0.041228	
0.367406	0.923634	0.088023	
0.363995	0.899809	0.161021	
0.227977	1.166688	0.101964	
0.070022	1.488173	0.117311	
0.166516	1.411884	0.114917	
0.042144	1.555633	0.116813	
0.000000	1.645567	0.083773	
0.000000	1.542049	0.076438	
0.000000	1.658243	0.017110	
0.000000	1.613347	0.082132	
1.859293	0.000000	0.000000	
1.274174	0.000000	0.317080	
0.781329	0.031778	0.679150	
0.781329	0.031778	0.679150	
1.047944	0.274236	0.000000	
0.658425	0.143641	0.445499	
0.427331	0.556163	0.564565	
0.500937	0.302020	0.639425	
0.401632	0.759403	0.000000	
0.519484	0.725855	0.117258	
0.442235	0.708356	0.041228	
0.402814	0.989473	0.094926	
0.402814	0.989473	0.094926	
0.108993	1.181215	0.375400	
0.138209	1.209642	0.349429	
0.042144	1.555633	0.116813	
0.156978	1.406692	0.000557	
0.000000	1.613347	0.082132	
0.000000	1.658243	0.017110	
0.000000	1.509538	0.076848	
1.024770	0.000000	0.486133	
0.485403	0.000000	0.565851	
0.485403	0.000000	0.565851	
0.350142	0.000000	0.780652	
0.350142	0.000000	0.780652	
0.738707	0.000000	0.411948	
0.858943	0.000000	0.546150	
0.858943	0.000000	0.546150	
0.463535	0.686713	0.396048	
0.428693	0.789157	0.092055	
0.428693	0.789157	0.092055	
0.381273	0.701863	0.239444	
0.343183	0.287678	0.598462	
0.015312	1.753163	0.000000	
0.138209	1.209642	0.349429	
0.150199	1.513080	0.000000	
0.014954	1.712146	0.038288	
0.026866	1.603162	0.127386	
0.000000	1.509538	0.076848	
1.024770	0.000000	0.486133	
0.497823	0.000000	0.580329	
0.765016	0.049829	0.760116	
0.664275	0.144917	0.449457	
0.562492	0.000000	0.646361	
0.738707	0.000000	0.411948	
0.404635	0.134449	0.624454	
0.266397	0.114934	0.705596	
0.266397	0.114934	0.705596	
0.000000	1.311797	0.528526	
0.302979	0.557737	0.486185	
0.086068	0.666816	0.884793	
0.343183	0.287678	0.598462	
0.122878	1.075458	0.476495	
0.133108	1.164996	0.336533	
0.133108	1.164996	0.336533	
0.026866	1.603162	0.127386	
0.000000	2.025464	0.000000	
0.466233	0.000000	0.543503	
1.067051	0.000000	0.510346	
0.113337	0.039324	1.284527	
0.306907	0.180791	0.560414	
0.277641	0.139196	0.478989	
0.307417	0.148877	0.524328	
0.287185	0.143982	0.426979	
0.284058	0.137564	0.484488	
0.284058	0.137564	0.484488	
0.000000	1.311797	0.528526	
0.272827	0.408063	0.513359	
0.087675	0.767358	0.867207	
0.086068	0.666816	0.884793	
0.119145	0.780016	0.784051	
0.118174	0.683558	0.958937	
0.000000	1.455876	0.325617	
0.000000	1.697390	0.086411	
0.466233	0.000000	0.543503	
1.067051	0.000000	0.510346	
0.297417	0.135089	0.649407	
0.296918	0.159442	0.524405	
0.277641	0.139196	0.478989	
0.321235	0.142792	0.533214	
0.287185	0.143982	0.426979	
0.215954	0.076496	0.491871	
0.215954	0.076496	0.491871	
0.272827	0.408063	0.513359	
0.140238	0.791760	0.812685	
0.087675	0.767358	0.867207	
0.133323	0.808969	0.821661	
0.074102	0.696763	0.922017	
0.000000	1.455876	0.325617	
0.000000	1.233947	0.640213	
1.280751	0.000000	0.607566	
0.191142	0.039771	0.924340	
0.297417	0.135089	0.649407	
0.404635	0.134449	0.624454	
0.268596	0.110030	0.592256	
0.268596	0.110030	0.592256	
0.237776	0.116010	0.705321	
0.188751	0.108595	0.771854	
0.187066	0.099467	0.743783	
0.187066	0.099467	0.743783	
0.151903	0.080770	0.796480	
0.133323	0.808969	0.821661	
0.035810	0.018307	1.003672	
0.072831	0.684810	0.906201	
0.000000	0.877318	1.025749	
0.000000	0.000000	1.564579	
0.191142	0.039771	0.924340	
0.741026	0.039901	0.464247	
0.253539	0.122784	0.565048	
0.280629	0.135904	0.478639	
0.237776	0.116010	0.705321	
0.188751	0.108595	0.771854	
0.250644	0.117339	0.733625	
0.250644	0.117339	0.733625	
0.151903	0.080770	0.796480	
0.133323	0.808969	0.821661	
0.133323	0.808969	0.821661	
0.072831	0.684810	0.906201	
0.000000	0.500275	1.317609	
0.000000	0.000000	1.564579	
0.741026	0.039901	0.464247	
0.148951	0.105461	0.625482	
0.253539	0.122784	0.565048	
0.214487	0.087865	0.668338	
0.275457	0.133399	0.543094	
0.177750	0.079120	0.705279	
0.169677	0.097621	0.693855	
0.169677	0.097621	0.693855	
0.113337	0.039324	1.284527	
0.059081	0.517093	1.199748	
0.024034	0.671802	1.176644	
0.000000	0.763537	1.291127	
0.900517	0.000000	0.418973	
0.295752	0.009816	1.040448	
0.148951	0.105461	0.625482	
0.184803	0.082260	0.674409	
0.214487	0.087865	0.668338	
0.283307	0.076911	0.795110	
0.177750	0.079120	0.705279	
0.137997	0.302897	1.011220	
0.151748	0.045205	1.013461	
0.048015	0.086686	1.211313	
0.000000	0.595547	1.216898	
0.000000	0.417755	1.422669	
0.589318	0.000000	0.702624	
0.067389	0.007642	1.154929	
0.315157	0.208765	0.489047	
0.184803	0.082260	0.674409	
0.167693	0.056760	0.950647	
0.067389	0.007642	1.154929	
0.141532	0.055105	1.011832	
0.141532	0.055105	1.011832	
0.151748	0.045205	1.013461	
0.000000	0.595547	1.216898	
0.000000	0.512285	1.349239	
0.810378	0.000000	0.676871	
0.284622	0.009447	1.001292	
0.119751	0.068318	0.995816	
0.141322	0.047834	0.973342	
0.167693	0.056760	0.950647	
0.105779	0.034127	1.087013	
0.176913	0.085617	0.940638	
0.090249	0.056924	1.143471	
0.000000	0.578548	1.182163	
0.000000	0.543039	1.430238	
0.589318	0.000000	0.702624	
0.284622	0.009447	1.001292	
0.119751	0.068318	0.995816	
0.141322	0.047834	0.973342	
0.109682	0.024448	1.042141	
0.105579	0.034063	1.074969	
0.134583	0.000000	1.045655	
0.077666	0.120239	1.018355	
0.000000	0.269722	1.839687	
0.589318	0.000000	0.702624	
0.072428	0.028237	1.083620	
0.143906	0.043014	1.028219	
0.159823	0.052137	0.951733	
0.053685	0.109083	1.138066	
0.134583	0.000000	1.045655	
0.077666	0.120239	1.018355	
0.000000	0.269722	1.839687	
0.042699	0.000000	3.591414	
0.123811	0.015456	1.030543	
0.072428	0.028237	1.083620	
0.159823	0.052137	0.951733	
0.041500	0.077447	1.346922	
0.033142	0.006390	1.528974	
0.000000	0.269722	1.839687	
0.042699	0.000000	3.591414	
0.125537	0.025072	1.114470	
0.035565	0.066370	1.154277	
0.037384	0.069765	1.182676	
0.033142	0.006390	1.528974	
0.000000	0.269722	1.839687	
0.266210	0.000000	1.391380	
0.037384	0.069765	1.182676	
0.035565	0.066370	1.154277	
0.033255	0.006412	1.534201	
0.000000	0.000000	3.568070	
0.000000	0.000000	3.556154	
0.009955	0.017181	1.222430	
0.037396	0.002888	1.558045	
0.000000	0.000000	3.564672	
0.000000	0.000000	3.553569	
0.009955	0.017181	1.222430	
0.000000	0.000000	3.553569	
0.000000	0.000000	3.556154	
0.000000	0.000000	3.556934	
0.000000	0.000000	3.556357	
