66.951255	0.000000	0.000000	
66.951255	0.000000	0.000000	
71.241351	0.000000	0.000000	
71.241351	0.000000	0.000000	
83.765597	0.000000	0.000000	
41.868020	11.691421	0.000000	
43.035917	8.389035	0.000000	
55.187298	21.268989	0.000000	
55.187298	21.268989	0.000000	
43.660249	27.738264	0.000000	
25.761112	45.374674	0.000000	
1.161848	54.454474	0.000000	
1.161848	54.454474	0.000000	
0.000000	50.625129	0.000000	
0.000000	50.625129	0.000000	
0.000000	69.793237	0.000000	
12.089717	44.824176	0.000000	
6.994856	46.175986	0.000000	
7.185149	49.728744	0.000000	
7.185149	49.728744	0.000000	
0.000000	56.566465	0.000000	
0.000000	49.496043	0.000000	
0.000000	49.496043	0.000000	
0.000000	49.496043	0.000000	
58.518391	0.000000	0.892396	
58.518391	0.000000	0.892396	
79.218786	0.000000	0.000000	
83.762996	0.000000	0.000000	
55.043987	0.000000	2.219499	
38.630720	4.143852	1.252891	
43.035917	8.389035	0.000000	
55.043987	0.000000	2.219499	
51.819257	9.677121	1.801264	
51.819257	9.677121	1.801264	
51.819257	9.677121	1.801264	
13.072027	43.126530	1.035958	
21.654053	45.078978	0.961922	
10.298685	56.725511	0.400210	
9.116437	50.213646	0.354268	
9.116437	50.213646	0.354268	
12.089717	44.824176	0.000000	
6.994856	46.175986	0.000000	
10.931316	52.133294	0.000000	
0.000000	50.147537	0.000000	
0.000000	49.496043	0.000000	
0.000000	49.496043	0.000000	
0.000000	56.566465	0.000000	
81.425259	0.000000	0.000000	
82.978380	0.000000	0.000000	
82.978380	0.000000	0.000000	
52.955431	0.000000	3.268830	
52.955431	0.000000	3.268830	
55.579349	4.405100	1.620287	
38.630720	4.143852	1.252891	
71.515000	5.385005	0.297966	
55.043987	0.000000	2.219499	
59.923792	6.205305	2.555697	
59.923792	6.205305	2.555697	
21.654053	45.078978	0.961922	
32.783322	39.702894	5.543468	
7.833683	51.170083	2.323647	
14.134125	52.404082	0.000000	
9.373787	51.631139	0.000000	
6.839719	45.151864	0.000000	
6.839719	45.151864	0.000000	
0.000000	50.147537	0.000000	
0.000000	49.496043	0.000000	
0.000000	49.496043	0.000000	
0.000000	49.496043	0.000000	
81.425259	0.000000	0.000000	
84.465919	0.000000	0.000000	
83.762996	0.000000	0.000000	
52.571364	3.925844	1.654835	
36.366037	8.467343	1.313195	
38.630720	4.143852	1.252891	
38.630720	4.143852	1.252891	
44.312030	17.331296	0.000000	
55.043987	0.000000	2.219499	
52.482908	12.363987	1.030734	
27.808026	36.410173	10.102349	
28.089603	34.115331	8.478689	
25.060252	35.127027	9.468233	
14.134125	52.404082	0.000000	
8.693895	47.886274	3.996949	
6.764687	44.420869	0.000000	
9.216378	43.954464	0.000000	
5.884094	47.286747	0.000000	
0.000000	49.496043	0.000000	
0.000000	48.347488	0.000000	
0.000000	48.347488	0.000000	
83.311814	0.000000	0.000000	
84.465919	0.000000	0.000000	
87.806526	0.000000	0.000000	
52.571364	3.925844	1.654835	
50.680115	0.000000	2.043538	
38.630720	4.143852	1.252891	
44.312030	17.331296	0.000000	
43.247410	18.395915	0.000000	
44.312030	17.331296	0.000000	
26.607897	37.296365	10.052962	
26.607897	37.296365	10.052962	
26.607897	37.296365	10.052962	
30.591808	29.532520	9.458330	
30.591808	29.532520	9.458330	
6.764687	44.420869	0.000000	
10.269358	40.322036	0.000000	
8.792050	22.854498	11.347080	
5.481185	44.048819	0.000000	
0.000000	49.496043	0.000000	
0.000000	49.496043	0.000000	
86.278648	0.000000	0.000000	
62.352664	0.123389	0.000000	
62.866346	1.577529	0.000000	
62.866346	1.577529	0.000000	
50.680115	0.000000	2.043538	
55.579349	4.405100	1.620287	
44.590893	0.832713	13.811219	
43.247410	18.395915	0.000000	
44.590893	0.832713	13.811219	
25.038152	6.887300	25.382363	
28.938699	38.654688	10.633309	
26.607897	37.296365	10.052962	
11.421256	20.225292	11.347080	
11.421256	20.225292	11.347080	
11.421256	20.225292	11.347080	
0.000000	59.902200	0.000000	
0.000000	52.056701	0.000000	
0.000000	50.147537	0.000000	
0.000000	49.496043	0.000000	
75.215420	0.000000	3.499216	
62.352664	0.123389	0.000000	
62.866346	1.577529	0.000000	
52.571364	3.925844	1.654835	
52.571364	3.925844	1.654835	
51.679202	5.351550	2.204073	
41.263145	4.208752	13.825902	
25.038152	6.887300	25.382363	
45.729250	12.769649	3.144426	
35.125531	37.317487	5.540164	
30.977303	43.420974	0.000000	
11.421256	20.225292	11.347080	
11.421256	20.225292	11.347080	
10.269358	40.322036	0.000000	
0.000000	50.841293	0.000000	
0.000000	50.841293	0.000000	
0.000000	52.056701	0.000000	
0.000000	52.236762	1.916724	
75.215420	0.000000	3.499216	
79.369314	0.000000	3.692465	
75.215420	0.000000	3.499216	
36.136892	0.000000	0.776874	
51.679202	5.351550	2.204073	
21.377857	5.880454	21.671749	
51.679202	5.351550	2.204073	
8.186438	1.441346	40.632347	
8.186438	1.441346	40.632347	
10.824495	14.458752	43.554575	
11.478039	20.325845	11.403493	
26.919982	37.733816	0.000000	
0.000000	50.841293	0.000000	
0.000000	58.401868	0.000000	
0.000000	59.902200	0.000000	
0.000000	50.841293	0.000000	
0.000000	51.733456	0.000000	
75.215420	0.000000	3.499216	
75.215420	0.000000	3.499216	
70.364111	0.002030	0.077966	
21.377857	5.880454	21.671749	
21.377857	5.880454	21.671749	
21.377857	5.880454	21.671749	
55.013623	5.696840	2.793331	
10.351614	0.604141	46.738568	
8.349471	0.487292	55.019850	
11.478039	20.325845	11.403493	
26.919982	37.733816	0.000000	
0.000000	58.401868	0.000000	
9.740921	40.850474	0.000000	
1.069774	50.139072	0.000000	
0.000000	50.841293	0.000000	
0.000000	50.841293	0.000000	
71.700806	0.000000	0.000000	
59.410787	0.000000	0.000000	
50.157745	0.000000	0.000000	
7.460815	0.912739	47.170848	
8.343979	1.020783	45.024811	
7.460815	0.912739	47.170848	
7.472784	0.914203	47.246521	
8.588636	1.858781	50.949819	
1.937904	0.148482	51.804181	
5.042874	0.000000	52.630067	
5.041852	0.000000	52.619404	
11.221932	39.369462	0.000000	
0.487949	36.631598	2.759307	
1.069774	50.139072	0.000000	
0.000000	51.733456	0.000000	
63.015096	0.000000	0.000000	
59.410787	0.000000	0.000000	
7.460815	0.912739	47.170848	
8.326000	1.391136	46.718990	
8.343979	1.020783	45.024811	
11.640007	0.853578	45.200737	
3.592263	0.600207	51.132922	
1.937904	0.148482	51.804181	
8.960392	1.487025	50.949819	
5.042874	0.000000	52.630067	
5.041852	0.000000	52.619404	
0.487949	36.631598	2.759307	
0.485945	36.481181	2.747977	
0.000000	50.421725	0.000000	
63.015096	0.000000	0.000000	
7.320715	0.896131	47.100293	
7.460815	0.912739	47.170848	
8.326000	1.391136	46.718990	
7.460815	0.912739	47.170848	
7.472784	0.914203	47.246521	
1.140427	0.567160	64.797789	
11.640007	0.853578	45.200737	
1.937904	0.148482	51.804181	
8.232430	0.187658	52.425529	
0.245396	0.245396	48.139341	
0.485945	36.481181	2.747977	
0.000000	0.000000	54.303862	
0.000000	0.000000	68.252999	
7.320715	0.896131	47.100293	
7.460815	0.912739	47.170848	
7.460815	0.912739	47.170848	
0.000000	0.000000	73.312234	
11.302909	1.382771	39.266338	
1.140427	0.567160	64.797789	
1.937904	0.148482	51.804181	
0.915510	0.455304	52.018249	
0.245396	0.245396	48.139341	
0.716078	0.716078	47.197978	
0.000000	44.101738	42.993815	
0.000000	0.000000	73.312234	
7.460815	0.912739	47.170848	
9.297811	0.721879	56.444053	
9.297811	0.721879	56.444053	
7.857291	1.604398	60.856631	
11.302909	1.382771	39.266338	
1.426155	0.000000	59.398970	
1.426155	0.000000	59.398970	
1.314501	0.554786	45.356224	
1.314501	0.554786	45.356224	
0.000000	0.000000	71.784763	
1.289524	0.000000	67.957686	
0.551412	0.000000	57.245012	
1.289524	0.000000	67.957686	
1.606084	0.128185	35.809498	
1.777323	0.000000	58.075338	
1.150107	0.000000	58.702555	
0.427246	0.427246	49.275688	
0.427246	0.427246	49.275688	
1.314501	0.554786	45.356224	
0.000000	0.000000	71.784763	
1.289524	0.000000	67.957686	
0.551412	0.000000	57.245012	
1.606084	0.128185	35.809498	
1.539646	0.000000	53.818533	
1.777323	0.000000	58.075338	
0.427246	0.427246	49.275688	
1.169198	0.220278	33.714122	
0.427246	0.427246	49.275688	
0.000000	0.000000	52.628223	
0.927432	0.000000	54.413441	
2.149851	0.171584	47.933424	
1.777323	0.000000	58.075338	
0.589759	0.000000	61.226072	
0.389614	0.000000	61.426217	
1.169198	0.220278	33.714122	
1.118773	0.472179	47.167834	
0.000000	0.000000	52.628223	
0.927432	0.000000	54.413441	
2.149851	0.171584	47.933424	
1.777323	0.000000	58.075338	
2.337132	0.226137	47.691590	
0.389614	0.000000	61.426217	
0.389614	0.000000	61.426217	
0.000000	0.000000	63.962929	
1.777323	0.000000	58.075338	
2.149851	0.171584	47.933424	
2.337132	0.226137	47.691590	
0.389614	0.000000	61.426217	
0.594615	0.014320	63.216753	
0.000000	0.000000	72.404312	
1.777323	0.000000	58.075338	
2.149851	0.171584	47.933424	
0.402282	0.000000	63.423406	
0.389614	0.000000	61.426217	
0.000000	0.000000	72.404312	
1.735754	0.000000	60.673502	
2.529774	0.033495	47.691590	
2.529774	0.033495	47.691590	
0.000000	0.000000	72.404312	
1.735754	0.000000	60.673502	
0.402282	0.000000	63.423406	
0.000000	0.000000	72.404312	
1.041990	0.000000	68.205219	
0.000000	0.000000	72.404312	
0.000000	0.000000	72.404312	
