2.464737	0.000000	0.000000	
2.379633	0.000385	0.000000	
2.226107	0.002905	0.000000	
2.303408	0.003006	0.000000	
2.633913	0.000000	0.000000	
2.940567	0.003838	0.000000	
2.533709	0.146885	0.000000	
2.533709	0.146885	0.000000	
1.316289	0.975294	0.000000	
0.931225	0.993847	0.000000	
1.242557	0.618081	0.000000	
0.931225	0.993847	0.000000	
0.780999	1.126017	0.000000	
0.000000	2.098350	0.000000	
0.000000	2.138224	0.000000	
0.000000	2.138224	0.000000	
0.386035	1.726825	0.000000	
0.292314	1.815044	0.000000	
0.237102	1.854634	0.000000	
0.251945	1.836734	0.000000	
0.236756	1.851924	0.000000	
0.000000	2.104808	0.000000	
0.000000	2.171293	0.000000	
0.000000	2.171293	0.000000	
2.586923	0.000000	0.000000	
1.614899	0.041919	0.045897	
1.614899	0.041919	0.045897	
1.614899	0.041919	0.045897	
2.226107	0.002905	0.000000	
1.430756	0.000000	0.241996	
1.430756	0.000000	0.241996	
1.326037	0.406370	0.237372	
1.039510	0.961772	0.015065	
1.242557	0.618081	0.000000	
1.193111	0.622207	0.006807	
1.032711	0.955481	0.014967	
0.732850	1.056598	0.003349	
0.864105	1.082408	0.029529	
0.752682	1.175860	0.014518	
0.687368	1.041706	0.145530	
0.068343	1.935800	0.003650	
0.132720	1.782858	0.035985	
0.068343	1.935800	0.003650	
0.158009	1.701212	0.019024	
0.050948	2.011485	0.003756	
0.069814	1.977467	0.003728	
0.000000	2.104808	0.000000	
2.198925	0.000000	0.000000	
1.391886	0.036130	0.039559	
1.688852	0.036375	0.047792	
2.303408	0.003006	0.000000	
2.665170	0.021738	0.000000	
3.393406	0.000000	0.000000	
1.389028	0.468824	0.278118	
1.297784	0.514136	0.271242	
1.310352	0.617155	0.000000	
1.187299	0.590594	0.082746	
0.839086	0.895513	0.067723	
0.778099	0.916803	0.138034	
0.927814	0.867221	0.000000	
0.639141	0.946229	0.250500	
0.548238	1.273917	0.153365	
0.363156	1.520772	0.032105	
0.386035	1.726825	0.000000	
0.161202	1.735592	0.044369	
0.207736	1.596873	0.050600	
0.158009	1.701212	0.019024	
0.070625	1.891688	0.036863	
0.000000	2.072954	0.003775	
1.846601	0.000000	0.181045	
1.391886	0.036130	0.039559	
1.615677	0.016617	0.234237	
1.577331	0.021705	0.396252	
1.685581	0.021112	0.328435	
1.685581	0.021112	0.328435	
1.750544	0.245883	0.144023	
1.005060	0.779177	0.083041	
1.310352	0.617155	0.000000	
1.187299	0.590594	0.082746	
0.839086	0.895513	0.067723	
0.639141	0.946229	0.250500	
0.788999	1.051651	0.000000	
0.739126	1.120146	0.031685	
0.639226	1.292276	0.151059	
0.000000	2.138347	0.000000	
0.157587	1.676283	0.034450	
0.207736	1.596873	0.050600	
0.039554	1.949559	0.110727	
0.070625	1.891688	0.036863	
0.000000	2.072954	0.003775	
2.198925	0.000000	0.000000	
1.615677	0.016617	0.234237	
1.523090	0.020959	0.451239	
1.632500	0.011155	0.287553	
1.632500	0.011155	0.287553	
1.323836	0.405696	0.368607	
1.717928	0.241301	0.016375	
1.365852	0.436120	0.246904	
0.829314	0.412522	0.678984	
1.005060	0.779177	0.083041	
0.926194	0.865707	0.030208	
0.775773	1.004502	0.144987	
0.701468	1.063076	0.000000	
0.639226	1.292276	0.151059	
0.587213	0.996001	0.525684	
0.129676	1.855134	0.003615	
0.259912	1.716596	0.037130	
0.071350	1.911087	0.037241	
0.000000	2.015368	0.042042	
0.000000	2.083547	0.003794	
1.788896	0.000000	0.360876	
1.143701	0.010613	0.445427	
1.235895	0.022873	0.357951	
0.925934	0.062056	0.609205	
0.925934	0.062056	0.609205	
1.038492	0.011195	0.422771	
0.829314	0.412522	0.678984	
0.959508	0.000000	0.682541	
1.140606	0.440931	0.390535	
1.184194	0.623591	0.147227	
0.927814	0.867221	0.000000	
0.739984	0.827907	0.665608	
0.634338	1.135145	0.000000	
0.622364	0.957778	0.670808	
0.074977	0.789164	1.163330	
0.069819	1.870088	0.036442	
0.068688	1.701282	0.104348	
0.068688	1.701282	0.104348	
0.000000	2.083547	0.003794	
1.841809	0.000000	0.322964	
1.110100	0.010301	0.545072	
1.235895	0.022873	0.357951	
1.213018	0.000000	0.615939	
0.955382	0.081913	0.491397	
0.955382	0.081913	0.491397	
1.055000	0.000000	0.828206	
0.594890	0.427349	0.974442	
1.055000	0.000000	0.828206	
0.747157	0.885606	0.754913	
0.739984	0.827907	0.665608	
0.739984	0.827907	0.665608	
0.634338	1.135145	0.000000	
0.587213	0.996001	0.525684	
0.076045	0.800407	1.179903	
0.074977	0.789164	1.163330	
0.037451	1.939864	0.037145	
0.000000	2.015368	0.042042	
1.129032	0.000000	0.722997	
1.110100	0.010301	0.545072	
1.213018	0.000000	0.615939	
0.979792	0.056930	0.467455	
0.979371	0.057405	0.537480	
0.979371	0.057405	0.537480	
0.844522	0.134634	0.692155	
0.960807	0.089190	0.557412	
0.815391	0.081557	0.722433	
0.742011	0.830174	0.667430	
0.730178	0.865480	0.737758	
0.237673	1.552673	0.000000	
0.000000	0.809250	1.243806	
0.000000	0.809977	1.244924	
0.076045	0.800407	1.179903	
0.076045	0.800407	1.179903	
0.000000	2.275901	0.151836	
1.129032	0.000000	0.722997	
1.141199	0.010590	0.376728	
0.979792	0.056930	0.467455	
1.060828	0.018843	0.424727	
1.088724	0.000000	0.854681	
0.809529	0.080971	0.717239	
0.809529	0.080971	0.717239	
0.794099	0.079428	0.703568	
0.794099	0.079428	0.703568	
0.050624	0.544791	1.667426	
0.050624	0.544791	1.667426	
0.000000	0.809250	1.243806	
0.000000	0.809977	1.244924	
0.017032	0.982314	1.280845	
0.000000	0.958322	1.472929	
0.000000	2.240200	0.164751	
2.001229	0.000000	0.246374	
1.182556	0.000000	0.669782	
0.873938	0.077963	0.646819	
0.873938	0.077963	0.646819	
0.833929	0.093311	0.668174	
0.840491	0.166795	0.795592	
0.799462	0.157070	0.551601	
0.840024	0.195571	0.624225	
0.903744	0.175534	0.688941	
0.000000	1.050507	1.473976	
0.000000	0.647770	1.814045	
0.000000	0.850307	1.324091	
0.035297	0.778343	1.250554	
0.000000	0.838925	1.289416	
0.000000	1.440487	1.381460	
1.139106	0.000000	0.494939	
1.139106	0.000000	0.494939	
1.019571	0.030149	0.751480	
0.926816	0.147753	0.759601	
0.833929	0.093311	0.668174	
0.840024	0.195571	0.624225	
0.799462	0.157070	0.551601	
0.873817	0.169721	0.666127	
0.809213	0.266386	0.686592	
0.000000	0.996955	1.532307	
0.000000	0.850307	1.324091	
0.000000	0.774579	1.434085	
0.000000	0.838925	1.289416	
0.000000	1.365805	0.813155	
1.102429	0.000000	0.443615	
1.163195	0.000000	0.505406	
0.788143	0.122811	0.631566	
0.717866	0.147676	0.631934	
0.805036	0.163790	0.558690	
0.793911	0.161083	0.890634	
0.873817	0.169721	0.666127	
0.000000	0.660213	1.832903	
0.000000	0.660213	1.832903	
0.383445	0.376025	1.485428	
0.041496	0.776051	1.472957	
0.000000	1.214489	1.015592	
0.000000	1.214489	1.015592	
1.102429	0.000000	0.443615	
0.324858	0.071538	1.203170	
0.788143	0.122811	0.631566	
1.005015	0.067498	0.687672	
0.805036	0.163790	0.558690	
0.903744	0.175534	0.688941	
0.000000	0.660213	1.832903	
0.000000	0.000000	3.775639	
0.124809	0.505204	1.749059	
0.172745	0.702241	1.576442	
0.071484	0.650194	1.518675	
0.000000	1.214489	1.015592	
1.154813	0.000000	0.686032	
0.324858	0.071538	1.203170	
0.717866	0.147676	0.631934	
0.888690	0.134555	1.186391	
1.003441	0.199132	0.435297	
0.812387	0.515048	2.430167	
0.000000	0.660213	1.832903	
0.124809	0.505204	1.749059	
0.088846	0.728701	1.472957	
0.071484	0.650194	1.518675	
0.000000	0.827796	1.353833	
1.184941	0.000000	0.537720	
1.014097	0.000000	0.805231	
1.023069	0.000000	0.691528	
0.888690	0.134555	1.186391	
0.746163	0.000000	1.888501	
0.088433	0.026456	3.785195	
0.299246	0.383634	2.657225	
0.084692	0.694624	1.404075	
0.084692	0.694624	1.404075	
0.000000	0.952295	1.285783	
1.030247	0.000000	0.696380	
1.014097	0.000000	0.805231	
0.088433	0.026456	3.785195	
0.086893	0.020768	3.795451	
0.095524	0.011858	3.785610	
0.095524	0.011858	3.785610	
0.000000	0.864970	1.329448	
0.000000	0.827796	1.353833	
0.000000	0.827796	1.353833	
1.030247	0.000000	0.696380	
0.089416	0.021371	3.905636	
0.086893	0.020768	3.795451	
0.000000	0.000000	3.734250	
0.000000	0.000000	3.722031	
0.299246	0.383634	2.657225	
0.042840	0.779961	1.337380	
0.000000	0.822000	1.564218	
0.000000	0.000000	4.080607	
0.288673	0.006397	3.840590	
0.086185	0.009771	3.659510	
0.016513	0.001592	3.704506	
0.274075	0.000000	3.567319	
0.098272	0.013856	3.694261	
0.000000	0.822000	1.564218	
0.000000	0.000000	4.080607	
0.086185	0.009771	3.659510	
0.274075	0.000000	3.567319	
0.088229	0.014985	3.638682	
0.016513	0.001592	3.704506	
0.000000	0.829257	1.356223	
0.000000	0.000000	3.723689	
0.036819	0.006253	3.665718	
0.085174	0.009656	3.616588	
0.080653	0.029748	3.637336	
0.000000	0.000000	3.723183	
0.000000	0.000000	3.723689	
0.085174	0.009656	3.616588	
0.037281	0.006332	3.665178	
0.000000	0.000000	7.273372	
0.000000	0.000000	7.276236	
0.037281	0.006332	3.665178	
0.000000	0.000000	7.273372	
0.000000	0.000000	7.276236	
0.000000	0.000000	7.402938	
0.000000	0.000000	7.481229	
