66.951255	0.000000	0.000000	
66.951255	0.000000	0.000000	
89.734338	0.000000	0.000000	
90.324781	0.000000	0.000000	
41.868020	11.691421	0.000000	
41.868020	11.691421	0.000000	
55.187298	21.268989	0.000000	
55.187298	21.268989	0.000000	
43.660249	27.738264	0.000000	
43.660249	27.738264	0.000000	
25.761112	45.374674	0.000000	
52.498736	45.565374	0.000000	
0.000000	64.000141	0.000000	
0.000000	50.625129	0.000000	
0.000000	50.625129	0.000000	
0.000000	69.793237	0.000000	
0.000000	69.793237	0.000000	
7.556219	49.357674	0.000000	
7.185149	49.728744	0.000000	
7.185149	49.728744	0.000000	
9.268626	61.186102	0.000000	
0.000000	50.147537	0.000000	
0.000000	49.496043	0.000000	
0.000000	49.496043	0.000000	
98.288203	0.000000	0.000000	
93.345392	0.000000	0.000000	
92.801322	0.000000	0.000000	
92.801322	0.000000	0.000000	
55.043987	0.000000	2.219499	
38.630720	4.143852	1.252891	
38.630720	4.143852	1.252891	
55.043987	0.000000	2.219499	
51.819257	9.677121	1.801264	
51.819257	9.677121	1.801264	
51.819257	9.677121	1.801264	
13.072027	43.126530	1.035958	
0.000000	64.000141	0.000000	
32.513470	45.574224	0.000000	
24.967395	53.635009	0.000000	
0.000000	68.096037	0.818106	
7.556219	49.357674	0.000000	
7.185149	49.728744	0.000000	
7.185149	49.728744	0.000000	
5.996193	50.917699	0.000000	
0.000000	49.496043	0.000000	
0.000000	49.496043	0.000000	
0.000000	76.568053	0.000000	
98.923239	0.000000	0.000000	
90.324781	0.000000	0.000000	
100.361643	0.000000	0.000000	
101.308814	0.000000	0.000000	
55.558350	5.753249	2.369515	
94.792565	0.000000	0.000000	
38.630720	4.143852	1.252891	
71.515000	5.385005	0.297966	
93.345392	0.000000	0.000000	
88.552174	0.000000	0.000000	
29.618896	41.516890	0.000000	
27.457989	50.571695	0.000000	
35.146476	37.339740	5.543468	
40.301845	25.604600	5.498900	
24.967395	53.635009	0.000000	
9.373787	51.631139	0.000000	
6.839719	45.151864	0.000000	
6.839719	45.151864	0.000000	
5.996193	50.917699	0.000000	
0.000000	76.177379	0.000000	
0.000000	50.147537	0.000000	
0.000000	50.147537	0.000000	
93.306645	0.000000	0.000000	
90.324781	0.000000	0.000000	
101.308814	0.000000	0.000000	
52.571364	3.925844	1.654835	
66.480764	8.264687	0.916832	
38.630720	4.143852	1.252891	
38.630720	4.143852	1.252891	
61.197388	11.428465	1.754134	
59.186002	6.021672	4.246149	
29.618896	41.516890	0.000000	
40.301845	25.604600	5.498900	
35.146476	37.339740	5.543468	
25.060252	35.127027	9.468233	
25.060252	35.127027	9.468233	
9.373787	51.631139	0.000000	
7.059270	46.111572	0.000000	
9.216378	43.954464	0.000000	
6.994856	46.175986	0.000000	
0.000000	50.147537	0.000000	
0.000000	49.496043	0.000000	
0.000000	49.496043	0.000000	
93.306645	0.000000	0.000000	
90.324781	0.000000	0.000000	
101.308814	0.000000	0.000000	
52.571364	3.925844	1.654835	
50.680115	0.000000	2.043538	
38.630720	4.143852	1.252891	
44.571329	16.596182	1.591335	
59.660347	6.399665	3.014876	
59.660347	6.399665	3.014876	
65.892894	7.251683	2.645182	
28.481547	50.166347	0.000000	
31.256684	43.812583	0.000000	
10.245041	58.951736	0.000000	
30.255512	42.409238	11.431100	
11.831789	39.034806	0.641130	
11.421256	20.225292	11.347080	
8.792050	22.854498	11.347080	
5.884094	47.286747	0.000000	
0.000000	50.147537	0.000000	
0.000000	49.496043	0.000000	
92.336160	0.000000	0.000000	
87.328498	0.000000	0.000000	
58.125674	2.992225	0.000000	
58.125674	2.992225	0.000000	
50.680115	0.000000	2.043538	
65.892894	7.251683	2.645182	
45.729250	12.769649	3.144426	
65.892894	7.251683	2.645182	
55.061839	3.984508	2.004710	
55.061839	3.984508	2.004710	
31.256684	43.812583	0.000000	
31.256684	43.812583	0.000000	
30.255512	42.409238	11.431100	
4.600300	62.065039	0.000000	
11.421256	20.225292	11.347080	
8.792050	22.854498	11.347080	
5.884094	47.286747	0.000000	
0.000000	50.147537	0.000000	
0.000000	49.496043	0.000000	
75.215420	0.000000	3.499216	
61.376012	3.159548	0.000000	
61.376012	3.159548	0.000000	
55.579349	4.405100	1.620287	
55.579349	4.405100	1.620287	
51.679202	5.351550	2.204073	
45.729250	12.769649	3.144426	
45.729250	12.769649	3.144426	
45.729250	12.769649	3.144426	
30.977303	43.420974	0.000000	
30.977303	43.420974	0.000000	
15.080856	49.959171	3.147406	
4.600300	62.065039	0.000000	
12.964783	22.958642	12.880582	
11.421256	20.225292	11.347080	
1.063232	49.832459	0.000000	
0.000000	54.153486	0.000000	
0.000000	62.790767	0.000000	
75.215420	0.000000	3.499216	
68.229929	3.512377	0.692287	
75.215420	0.000000	3.499216	
36.136892	0.000000	0.776874	
51.679202	5.351550	2.204073	
10.207243	0.748512	46.738568	
51.679202	5.351550	2.204073	
51.679202	5.351550	2.204073	
10.351614	0.604141	46.738568	
1.727354	0.000000	60.379885	
1.407039	0.112299	63.583413	
11.114595	68.491473	1.544563	
0.928867	68.358937	0.000000	
12.964783	22.958642	12.880582	
0.000000	50.841293	0.000000	
0.000000	50.841293	0.000000	
0.000000	62.790767	0.000000	
75.215420	0.000000	3.499216	
75.215420	0.000000	3.499216	
71.653925	0.000000	0.000000	
36.136892	0.000000	0.776874	
51.679202	5.351550	2.204073	
10.207243	0.748512	46.738568	
10.351614	0.604141	46.738568	
10.351614	0.604141	46.738568	
8.349471	0.487292	55.019850	
2.376528	0.182089	63.529503	
2.376528	0.182089	63.529503	
2.316609	0.276854	64.394693	
11.980919	39.526806	0.000000	
1.069774	50.139072	0.000000	
0.000000	50.841293	0.000000	
0.000000	50.841293	0.000000	
71.700806	0.000000	0.000000	
59.410787	0.000000	0.000000	
63.015096	0.000000	0.000000	
9.731163	0.713600	47.249559	
8.343979	1.020783	45.024811	
10.351614	0.604141	46.738568	
2.736712	0.000000	67.951510	
8.588636	1.858781	50.949819	
1.937904	0.148482	51.804181	
8.349471	0.487292	55.019850	
5.041852	0.000000	52.619404	
11.221932	39.369462	0.000000	
11.221932	39.369462	0.000000	
1.069774	50.139072	0.000000	
0.000000	65.181590	0.000000	
63.015096	0.000000	0.000000	
59.410787	0.000000	0.000000	
9.863997	0.723341	47.894532	
9.731163	0.713600	47.249559	
8.343979	1.020783	45.024811	
0.930444	0.054136	70.989655	
2.736712	0.000000	67.951510	
1.937904	0.148482	51.804181	
8.960392	1.487025	50.949819	
8.349471	0.487292	55.019850	
5.041852	0.000000	52.619404	
0.000000	0.000000	73.512585	
0.000000	50.421725	0.000000	
0.000000	50.421725	0.000000	
0.000000	0.000000	82.717516	
9.863997	0.723341	47.894532	
1.720944	0.137352	77.768672	
53.153180	0.902480	4.936352	
5.337676	0.000000	76.791662	
0.930444	0.054136	70.989655	
1.140427	0.567160	64.797789	
7.026712	0.360675	79.563232	
5.041852	0.000000	52.619404	
8.232430	0.187658	52.425529	
9.153581	0.112574	51.579034	
1.892768	2.027110	53.322509	
0.000000	0.000000	75.040556	
0.000000	0.000000	82.717516	
58.891854	1.427059	0.000000	
53.153180	0.902480	4.936352	
7.468663	0.216198	75.900326	
5.337676	0.000000	76.791662	
7.971281	1.627673	61.739513	
1.140427	0.567160	64.797789	
5.041852	0.000000	52.619404	
0.915510	0.455304	52.018249	
0.000000	0.000000	75.040556	
1.892768	2.027110	53.322509	
0.000000	44.101738	42.993815	
0.000000	0.000000	82.717516	
5.368447	0.000000	77.234351	
5.337676	0.000000	76.791662	
7.468663	0.216198	75.900326	
7.971281	1.627673	61.739513	
2.164415	0.000000	75.657398	
1.339415	0.666122	76.104098	
9.153581	0.112574	51.579034	
1.642341	0.000000	57.408239	
1.642341	0.000000	57.408239	
0.000000	0.000000	71.784763	
1.583426	0.000000	80.545913	
6.428884	0.040052	74.505881	
7.468663	0.216198	75.900326	
1.606084	0.128185	35.809498	
1.744068	0.000000	60.964124	
0.000000	0.000000	69.894377	
1.426155	0.000000	59.398970	
1.314501	0.554786	45.356224	
1.314501	0.554786	45.356224	
0.000000	0.000000	71.784763	
0.827082	0.000000	81.736290	
8.269844	0.239390	71.822534	
1.606084	0.128185	35.809498	
1.539646	0.000000	53.818533	
1.744068	0.000000	60.964124	
1.426155	0.000000	59.398970	
1.642340	0.000000	57.408224	
1.118773	0.472179	47.167834	
0.000000	0.000000	63.275251	
0.927432	0.000000	54.413441	
2.149851	0.171584	47.933424	
5.523406	0.159888	65.457263	
0.589759	0.000000	61.226072	
0.589759	0.000000	61.226072	
0.589759	0.000000	61.226072	
1.118773	0.472179	47.167834	
0.000000	0.000000	63.275251	
0.927432	0.000000	54.413441	
2.149851	0.171584	47.933424	
8.121477	0.086149	69.276792	
0.589759	0.000000	61.226072	
0.589759	0.000000	61.226072	
0.583781	0.005979	61.226080	
0.000000	0.000000	69.894377	
1.289524	0.000000	67.957686	
2.149851	0.171584	47.933424	
0.636638	0.000000	68.389796	
0.594615	0.014320	63.216753	
0.594615	0.014320	63.216753	
0.000000	0.000000	72.404312	
1.735754	0.000000	60.673502	
2.149851	0.171584	47.933424	
1.740156	0.020704	61.551093	
0.594615	0.014320	63.216753	
0.000000	0.000000	72.404312	
1.735754	0.000000	60.673502	
1.041990	0.000000	68.205219	
0.335805	0.000000	70.059248	
0.000000	0.000000	76.441247	
1.894293	0.000000	66.215267	
1.041990	0.000000	68.205219	
0.000000	0.000000	104.251840	
1.041990	0.000000	68.205219	
0.000000	0.000000	72.404312	
0.000000	0.000000	72.404312	
