49.906391	0.000000	0.000000	
49.906391	0.000000	0.000000	
49.906391	0.000000	0.000000	
53.996843	0.000000	0.000000	
49.906391	0.000000	0.000000	
60.354194	0.000000	0.000000	
67.825363	6.506518	0.000000	
44.366912	3.121141	0.000000	
44.366912	3.121141	0.000000	
51.170456	22.163195	0.000000	
41.084510	10.484942	0.000000	
22.037731	34.161666	0.000000	
22.037731	34.161666	0.000000	
14.404392	39.676825	0.000000	
23.887077	29.475449	0.000000	
23.887077	29.475449	0.000000	
0.000000	39.016880	0.000000	
0.000000	38.591383	0.000000	
0.000000	42.521648	0.000000	
0.000000	42.521648	0.000000	
0.000000	45.329734	0.000000	
0.000000	43.289356	0.000000	
0.000000	43.289356	0.000000	
0.000000	43.289356	0.000000	
49.906391	0.000000	0.000000	
49.906391	0.000000	0.000000	
49.677817	0.000000	0.254050	
49.677817	0.000000	0.254050	
47.603104	0.000000	0.243440	
47.603104	0.000000	0.243440	
36.442703	5.889536	1.239935	
49.402952	0.222642	1.162774	
49.402952	0.222642	1.162774	
41.084510	10.484942	0.000000	
39.072626	0.176087	1.750056	
32.040121	23.132782	1.203223	
17.366227	35.575296	0.169210	
18.451175	37.797849	0.434796	
5.097239	41.960675	0.154363	
0.000000	39.016880	0.000000	
0.000000	38.591383	0.000000	
0.000000	46.378689	0.000000	
0.000000	45.579919	0.000000	
0.000000	45.329734	0.000000	
0.000000	42.828355	0.000000	
0.000000	42.828355	0.000000	
0.000000	43.289356	0.000000	
49.906391	0.000000	0.000000	
49.906391	0.000000	0.000000	
49.906391	0.000000	0.000000	
50.157745	0.000000	0.000000	
47.829104	0.000000	0.017440	
56.721764	0.000000	0.179321	
34.478152	5.500789	3.968766	
34.478152	5.500789	3.968766	
41.084510	10.484942	0.000000	
39.072626	0.176087	1.750056	
38.072842	4.964109	1.918969	
38.112549	4.924402	1.918969	
38.112549	4.924402	1.918969	
6.764687	44.420869	0.000000	
18.230018	38.597830	0.819144	
5.097239	41.960675	0.154363	
6.375203	41.863289	0.000000	
0.000000	45.818508	0.000000	
0.000000	45.818508	0.000000	
0.000000	42.521648	0.000000	
0.000000	42.521648	0.000000	
0.000000	43.009329	0.000000	
49.906391	0.000000	0.000000	
50.157745	0.000000	0.000000	
49.906391	0.000000	0.000000	
47.829104	0.000000	0.017440	
47.829104	0.000000	0.017440	
34.478152	5.500789	3.968766	
34.478152	5.500789	3.968766	
44.263313	3.427408	3.789474	
38.968311	3.394554	0.923859	
38.072842	4.964109	1.918969	
39.072626	0.176087	1.750056	
46.944177	0.000000	2.093188	
11.590364	39.595193	0.000000	
18.451175	37.797849	0.434796	
17.446110	35.738940	1.697464	
0.000000	55.077039	0.000000	
0.000000	42.464947	0.000000	
0.000000	42.464947	0.000000	
0.000000	42.521648	0.000000	
0.000000	42.521648	0.000000	
0.000000	42.120692	0.000000	
52.244464	0.000000	0.796720	
53.996843	0.000000	0.000000	
47.829104	0.000000	0.017440	
47.829104	0.000000	0.017440	
45.778791	0.100030	0.197155	
27.042234	2.793430	9.288505	
39.818140	3.468583	0.000000	
39.072626	0.176087	1.750056	
39.072626	0.176087	1.750056	
8.063231	10.479799	4.727895	
39.818140	3.468583	0.000000	
26.384447	6.521745	5.958094	
26.384447	6.521745	5.958094	
7.300560	48.514298	3.280022	
0.000000	43.422745	0.000000	
1.635806	42.054876	0.000000	
2.129728	40.532383	0.000000	
0.000000	42.994959	0.000000	
0.000000	42.613377	0.000000	
0.000000	42.613377	0.000000	
52.244464	0.000000	0.796720	
50.157745	0.000000	0.000000	
47.431656	0.000000	1.912553	
27.042234	2.793430	9.288505	
27.042234	2.793430	9.288505	
27.042234	2.793430	9.288505	
37.476616	0.000000	1.235260	
38.968311	3.394554	0.923859	
8.063231	10.479799	4.727895	
8.063231	10.479799	4.727895	
28.736830	7.103211	3.953301	
5.188175	18.247982	14.676041	
0.000000	58.532574	0.000000	
5.188175	18.247982	14.676041	
1.635806	42.054876	0.000000	
0.000000	42.120728	0.000000	
2.129728	40.532383	0.000000	
0.000000	42.120728	0.000000	
0.000000	42.120692	0.000000	
50.477831	0.000000	2.035382	
47.431656	0.000000	1.912553	
27.042234	2.793430	9.288505	
25.183824	2.885319	15.380948	
38.467788	0.000000	1.267930	
37.476616	0.000000	1.235260	
27.042234	2.793430	9.288505	
14.499069	9.563257	1.588999	
14.499069	9.563257	1.588999	
14.977778	9.879003	0.546646	
14.977778	9.879003	0.546646	
0.000000	43.422745	0.000000	
0.000000	43.422745	0.000000	
0.000000	24.724779	14.338801	
0.000000	39.820286	3.568858	
0.000000	39.820286	3.568858	
0.000000	43.749892	0.000000	
0.000000	23.978755	14.091922	
50.157745	0.000000	0.000000	
61.208796	0.000000	0.000000	
25.183824	2.885319	15.380948	
35.735882	0.000000	1.177884	
35.735882	0.000000	1.177884	
38.467788	0.000000	1.267930	
21.179499	6.072503	21.666732	
4.383643	0.941656	28.954390	
13.701016	4.390765	14.383890	
4.383643	0.941656	28.954390	
0.000000	43.422745	0.000000	
0.000000	22.350714	10.339657	
0.000000	43.422745	0.000000	
0.000000	20.550450	11.999898	
0.000000	24.620822	14.278513	
0.000000	24.524233	14.222497	
0.000000	24.620822	14.278513	
50.157745	0.000000	0.000000	
61.208796	0.000000	0.000000	
48.267869	0.000000	0.782577	
48.082249	0.000000	1.584831	
23.332967	6.689937	18.895829	
21.179499	6.072503	21.666732	
28.669242	8.219933	32.228707	
13.701016	4.390765	14.383890	
10.188818	18.042833	15.313917	
0.000000	42.129655	1.132737	
0.000000	42.029843	1.130054	
0.000000	22.350714	10.339657	
0.000000	21.986526	10.708669	
0.000000	21.986526	10.708669	
0.000000	42.029843	1.130054	
0.000000	44.455971	0.000000	
66.400817	0.000000	0.000000	
51.143795	0.000000	1.253973	
43.775262	0.000000	1.442869	
43.775262	0.000000	1.442869	
17.498980	4.813483	26.797553	
17.498980	4.813483	26.797553	
19.942782	6.391064	22.052313	
20.773745	6.510741	21.692559	
5.305276	18.659853	16.235210	
6.069366	21.347330	15.304341	
5.957791	21.458906	15.304341	
5.957791	21.458906	15.304341	
5.957791	21.458906	15.304341	
0.000000	19.810717	11.567950	
0.000000	44.922968	0.000000	
63.015096	0.000000	0.000000	
51.143795	0.000000	1.253973	
28.360054	0.000000	35.714157	
1.033237	0.041273	40.523296	
0.000000	0.000000	40.720658	
0.000000	0.000000	40.720658	
19.942782	6.391064	22.052313	
5.305276	18.659853	16.235210	
0.711135	0.028406	35.341630	
6.069366	21.347330	15.304341	
7.443696	26.181161	18.769814	
3.493270	4.544434	32.446990	
0.000000	19.810717	11.567950	
0.000000	27.262032	12.404845	
28.360054	0.000000	35.714157	
23.136644	0.000000	23.196087	
2.553320	0.093094	35.094826	
23.136644	0.000000	23.196087	
1.675664	0.054437	35.280082	
1.675664	0.054437	35.280082	
1.503321	0.047210	31.618288	
1.176618	0.223368	33.969156	
3.496932	4.549199	31.933626	
1.176618	0.223368	33.969156	
0.131999	0.150469	24.976620	
0.131999	0.150469	24.976620	
0.000000	27.262032	12.404845	
13.096628	0.000000	44.858221	
1.713988	0.055682	36.086955	
2.553320	0.093094	35.094826	
0.000000	0.000000	39.155401	
1.713988	0.055682	36.086955	
0.809716	0.035026	40.369020	
1.503321	0.047210	31.618288	
1.176618	0.223368	33.969156	
0.709630	0.029911	35.341630	
0.131999	0.150469	24.976620	
1.093938	0.206099	33.271474	
0.000000	0.000000	43.609602	
13.096628	0.000000	44.858221	
0.264990	0.006741	29.325804	
0.819864	0.032750	40.745192	
0.000000	0.000000	39.155401	
0.817419	0.032652	40.623682	
0.809716	0.035026	40.369020	
1.176618	0.223368	33.969156	
1.176618	0.223368	33.969156	
1.176618	0.223368	33.969156	
1.093938	0.206099	33.271474	
0.000000	41.776067	0.000000	
0.000000	0.000000	43.037459	
0.264990	0.006741	29.325804	
0.264990	0.006741	29.325804	
1.228246	0.231402	35.416783	
2.223266	0.241191	32.845599	
0.303861	0.011651	26.128142	
1.550541	0.279469	31.192224	
1.151476	0.216939	33.203096	
1.080034	0.203479	31.143048	
0.000000	0.000000	52.628223	
0.000000	0.000000	43.037459	
0.264990	0.006741	29.325804	
0.259981	0.006613	28.771462	
2.223266	0.241191	32.845599	
0.276863	0.001626	26.103163	
1.550541	0.279469	31.192224	
0.498918	0.017297	25.490668	
1.080034	0.203479	31.143048	
0.000000	0.000000	51.938013	
0.927432	0.000000	54.413441	
0.259981	0.006613	28.771462	
0.276863	0.001626	26.103163	
0.276863	0.001626	26.103163	
0.175132	0.023332	23.562999	
0.498918	0.017297	25.490668	
1.458343	0.150624	33.222238	
0.000000	0.000000	51.938013	
0.927432	0.000000	54.413441	
0.303861	0.011651	26.128142	
0.947632	0.279771	23.783386	
0.175132	0.023332	23.562999	
0.762331	0.116367	25.598039	
1.458343	0.150624	33.222238	
0.000000	0.000000	52.628223	
0.000000	0.000000	52.628223	
0.156426	0.042038	23.562999	
0.947632	0.279771	23.783386	
0.573555	0.054882	25.664133	
0.017817	0.001697	24.095998	
0.000000	0.000000	52.628223	
0.000000	0.000000	52.628223	
0.156426	0.042038	23.562999	
0.573555	0.054882	25.664133	
0.017817	0.001697	24.095998	
0.000000	0.000000	52.628223	
0.000000	0.000000	52.628223	
0.370098	0.014190	25.908282	
0.333612	0.025728	30.930851	
0.000000	0.000000	52.628223	
0.031268	0.000000	38.609545	
0.031268	0.000000	38.609545	
0.000000	0.000000	52.628223	
0.000000	0.000000	52.628223	
0.000000	0.000000	52.628223	
0.000000	0.000000	52.628223	
