16.753056	0.000000	0.000000	
12.173757	0.023103	0.000000	
8.141186	0.000000	0.000000	
7.966937	0.000000	0.000000	
7.577915	0.304389	0.000000	
7.904254	0.000000	0.000000	
12.275335	0.724036	0.000000	
5.434001	2.502628	0.000000	
5.423129	2.497621	0.000000	
5.423129	2.497621	0.000000	
0.112720	3.339492	0.000000	
0.112720	3.339492	0.000000	
4.179487	3.734392	0.000000	
4.483761	3.463624	0.000000	
3.977695	3.938354	0.000000	
4.474881	4.045690	0.000000	
1.517591	6.421202	0.000000	
2.195054	6.146912	0.000000	
2.195054	6.146912	0.000000	
2.195054	6.146912	0.000000	
0.000000	12.298648	0.000000	
0.000000	12.324805	0.000000	
0.000000	12.298648	0.000000	
0.000000	12.298648	0.000000	
16.302544	0.000000	0.000000	
7.633234	0.089464	0.031975	
7.633234	0.089464	0.031975	
7.629145	0.225239	0.016227	
7.481600	0.300520	0.032221	
7.767344	0.091036	0.032537	
6.652176	0.738821	0.360826	
6.056679	1.551552	0.019658	
6.659472	0.739631	0.361222	
3.521808	2.720534	0.175449	
3.521808	2.720534	0.175449	
1.338723	1.479908	0.504386	
3.521808	2.720534	0.175449	
2.131116	1.415160	0.110226	
2.131116	1.415160	0.110226	
0.443485	2.941229	0.029091	
0.635893	3.163685	0.298636	
0.635893	3.163685	0.298636	
0.000000	7.034276	0.246755	
0.000000	7.034276	0.246755	
0.270218	7.238708	0.263405	
0.226054	6.602747	0.405493	
0.000000	12.335454	0.000000	
2.145933	0.000000	1.405483	
7.235090	0.213605	0.412388	
7.235090	0.213605	0.412388	
7.629145	0.225239	0.016227	
7.466963	0.358150	0.000000	
13.182810	0.000000	0.000000	
6.659472	0.739631	0.361222	
1.851453	1.142061	0.535680	
1.617996	1.113358	0.785665	
2.232309	1.646793	0.694154	
1.338723	1.479908	0.504386	
1.745202	1.530890	0.302965	
0.618123	3.053554	0.291684	
0.618123	3.053554	0.291684	
0.443485	2.941229	0.029091	
0.000000	4.084113	0.000000	
0.273557	3.234029	0.532045	
1.050905	5.228449	0.493540	
0.000000	6.004267	0.533377	
0.224955	6.555766	0.487217	
0.115141	3.363120	0.206538	
0.000000	11.752879	0.583932	
2.068870	0.000000	1.355010	
7.324457	0.085845	0.344372	
7.324457	0.085845	0.344372	
7.619910	0.224967	0.016207	
2.189758	0.000000	1.434186	
7.256339	0.583658	0.000000	
1.529727	0.561080	1.113721	
1.627522	1.119913	0.491645	
1.627522	1.119913	0.491645	
1.338723	1.479908	0.504386	
1.317326	1.456254	0.555860	
1.745202	1.530890	0.302965	
1.335663	1.476525	0.503233	
0.000000	3.117541	0.135465	
0.105182	3.116170	0.070213	
0.105182	3.116170	0.070213	
0.518902	2.581635	0.243693	
0.115141	3.363120	0.206538	
0.224955	6.555766	0.487217	
0.115141	3.363120	0.206538	
0.000000	6.453569	0.226384	
2.068870	0.000000	1.355010	
7.407161	0.000000	0.344226	
2.189758	0.000000	1.434186	
2.189758	0.000000	1.434186	
1.774180	0.422226	1.022236	
2.445855	0.233039	1.353353	
1.642425	0.602416	0.959688	
1.673637	1.151645	0.413799	
1.813268	1.247727	0.133826	
0.946372	1.035568	0.788750	
2.474118	0.434251	0.657312	
0.516895	2.553482	0.186681	
0.516895	2.553482	0.186681	
0.000000	3.117541	0.135465	
0.358457	2.854315	0.087828	
0.518902	2.581635	0.243693	
0.358457	2.854315	0.087828	
0.364608	2.903295	0.089336	
0.364608	2.903295	0.089336	
0.000000	6.060050	0.452215	
2.189758	0.000000	1.434186	
2.189758	0.000000	1.434186	
1.758957	0.361727	0.986995	
2.400181	0.228687	1.328080	
2.445855	0.233039	1.353353	
2.749143	0.000000	0.855732	
1.980798	0.447898	1.038288	
1.813268	1.247727	0.133826	
2.358548	0.533315	0.932106	
0.946372	1.035568	0.788750	
1.317326	1.456254	0.555860	
0.705877	1.442465	0.888679	
0.339377	2.805200	0.191192	
0.000000	3.117541	0.135465	
0.008380	2.620272	0.855962	
0.008380	2.620272	0.855962	
0.008082	2.526939	0.825473	
0.008082	2.526939	0.825473	
0.000000	6.545051	0.000349	
7.407161	0.000000	0.344226	
1.517611	0.308897	1.024753	
1.517611	0.308897	1.024753	
2.400181	0.228687	1.328080	
3.144481	0.004650	0.866768	
2.749143	0.000000	0.855732	
1.931546	0.436762	1.012472	
2.868870	0.149183	1.058583	
1.591232	0.972782	0.549497	
1.794726	0.609666	0.853037	
1.794726	0.609666	0.853037	
0.705877	1.442465	0.888679	
0.484976	1.860877	0.757241	
0.606146	2.338567	0.950553	
0.008110	2.535972	0.828424	
0.008110	2.535972	0.828424	
0.008286	2.590753	0.846319	
0.000000	5.732545	0.685916	
2.384781	0.000000	1.249191	
3.943312	0.194471	0.706137	
1.349701	0.230041	0.886306	
3.149068	0.000000	0.866750	
1.823856	0.358779	1.183466	
1.980798	0.447898	1.038288	
1.169658	0.573573	1.101244	
1.757924	0.544414	0.984269	
1.661290	0.514487	0.930163	
0.460442	1.444193	0.842839	
0.705877	1.442465	0.888679	
0.484976	1.860877	0.757241	
0.489852	1.851555	0.755806	
0.001739	2.559349	0.833962	
0.001727	2.542355	0.828424	
0.001727	2.542355	0.828424	
0.000000	5.988852	0.446902	
2.384781	0.000000	1.249191	
1.349701	0.230041	0.886306	
2.259821	0.312671	1.299599	
2.215005	0.274837	1.257845	
3.149068	0.000000	0.866750	
2.420149	0.057208	1.552434	
1.169658	0.573573	1.101244	
1.661290	0.514487	0.930163	
0.869238	1.070795	1.172413	
0.810075	1.331364	1.221094	
0.162827	1.425588	1.125064	
0.489852	1.851555	0.755806	
0.484976	1.860877	0.757241	
0.000000	1.668784	2.268472	
0.000000	1.668784	2.268472	
0.000000	2.628652	0.855962	
0.000000	0.000000	6.897598	
3.992958	0.000000	0.664337	
2.293310	0.317305	0.897432	
1.974956	0.273257	1.504132	
1.972628	0.329051	1.405395	
0.830010	0.704251	0.969232	
2.267282	0.248675	1.493849	
2.267282	0.248675	1.493849	
0.566069	1.328447	1.162658	
0.810075	1.331364	1.221094	
0.452892	1.334713	1.432262	
0.484976	1.860877	0.757241	
0.347609	1.375040	1.614391	
0.000000	2.444888	0.943920	
0.000000	2.628652	0.855962	
4.369979	0.000000	0.727065	
3.992958	0.000000	0.664337	
1.974956	0.273257	1.504132	
5.050832	0.000000	0.369926	
2.420149	0.057208	1.552434	
2.515200	0.000000	1.522320	
2.515200	0.000000	1.522320	
0.711864	1.304147	0.815220	
0.566069	1.328447	1.162658	
0.162827	1.425588	1.125064	
0.184723	1.617290	0.810858	
0.374568	1.287592	1.449400	
0.194764	1.342736	1.675563	
0.000000	2.628652	0.855962	
0.000000	0.000000	6.897598	
4.333971	0.000000	1.193540	
1.817544	0.251477	1.384247	
5.050832	0.000000	0.369926	
1.292330	0.108150	0.590059	
0.000000	1.355969	1.105032	
2.473852	0.207027	1.129524	
0.434167	1.279528	1.506172	
0.426012	1.249573	1.543461	
0.374568	1.287592	1.449400	
0.433577	1.277789	1.492351	
0.130437	1.154144	1.923417	
0.000000	1.049920	2.916386	
4.333971	0.000000	1.193540	
4.871353	0.000000	0.481677	
1.817544	0.251477	1.384247	
0.000000	0.000000	7.684621	
1.292330	0.108150	0.590059	
0.668188	1.015666	1.489509	
0.008516	1.515445	0.967298	
0.426012	1.249573	1.543461	
0.433577	1.277789	1.492351	
0.374568	1.287592	1.449400	
0.130437	1.154144	1.923417	
0.000000	1.049920	2.916386	
0.000000	0.000000	7.684621	
0.006149	0.002645	7.791265	
1.354483	0.146277	2.137644	
0.969198	0.338176	2.584324	
0.829011	0.907493	1.536083	
0.008516	1.515445	0.967298	
0.511611	1.183301	1.552808	
0.432822	1.275565	1.489754	
0.432822	1.275565	1.489754	
0.126981	1.159886	1.926838	
0.000000	1.659980	2.265720	
0.000000	0.000000	9.052157	
0.009848	0.010815	7.412622	
0.003908	0.001500	7.498132	
1.443231	0.572637	0.815162	
0.829011	0.907493	1.536083	
0.190921	0.932301	1.969988	
0.295955	1.167500	2.391964	
0.426012	1.249573	1.543461	
0.126981	1.159886	1.926838	
0.000000	1.513586	2.446309	
0.000000	0.000000	9.052157	
0.003908	0.001500	7.498132	
0.969198	0.338176	2.584324	
0.434698	0.181862	6.640927	
0.683205	0.817583	3.064170	
0.433875	0.885975	2.369339	
0.263801	0.902903	2.874872	
0.194764	1.342736	1.675563	
0.000000	1.344610	2.645311	
0.000000	0.000000	9.080396	
0.011983	0.008337	7.289570	
0.000000	0.000000	9.839242	
0.725436	0.638074	2.720635	
0.604037	0.722843	2.622883	
0.433875	0.885975	2.369339	
0.000000	1.336420	2.685064	
0.000000	1.733870	2.356947	
0.000000	0.000000	9.016099	
0.003422	0.002349	7.090100	
0.434698	0.181862	6.640927	
0.015650	0.014597	7.223939	
0.015650	0.014597	7.223939	
0.067533	1.262632	2.672495	
0.000000	0.000000	8.640456	
0.000000	0.000000	7.636382	
0.006220	0.003510	6.990582	
0.404923	0.299361	6.489666	
0.598784	0.442684	6.152764	
0.017183	0.012534	7.097422	
0.000000	0.000000	8.529219	
0.000000	0.000000	7.485921	
0.006220	0.003510	6.990582	
0.404923	0.299361	6.489666	
0.016518	0.013141	7.083328	
0.000000	0.000000	8.529219	
0.000000	0.000000	7.485921	
0.006175	0.003488	6.942757	
0.003065	0.001878	7.107659	
0.000000	0.000000	7.640062	
0.000000	0.000000	7.622274	
0.006175	0.003488	6.942757	
0.000000	0.000000	7.640062	
0.000000	0.000000	7.520670	
0.000000	0.000000	7.622274	
0.000000	0.000000	7.520670	
