44.201547	0.000000	0.000000	
44.201547	0.000000	0.000000	
49.906391	0.000000	0.000000	
53.996843	0.000000	0.000000	
49.906391	0.000000	0.000000	
56.850580	0.000000	0.000000	
42.861746	12.100577	0.000000	
44.366912	3.121141	0.000000	
44.366912	3.121141	0.000000	
42.861746	12.100577	0.000000	
41.084510	10.484942	0.000000	
47.239507	11.444196	0.000000	
22.037731	34.161666	0.000000	
14.404392	39.676825	0.000000	
23.887077	29.475449	0.000000	
23.887077	29.475449	0.000000	
0.000000	39.016880	0.000000	
0.000000	38.591383	0.000000	
0.000000	42.521648	0.000000	
0.000000	42.521648	0.000000	
0.000000	40.632975	0.000000	
0.000000	40.632975	0.000000	
0.000000	42.613180	0.000000	
0.000000	42.909670	0.000000	
49.906391	0.000000	0.000000	
49.906391	0.000000	0.000000	
49.677817	0.000000	0.254050	
49.677817	0.000000	0.254050	
47.603104	0.000000	0.243440	
47.603104	0.000000	0.243440	
36.442703	5.889536	1.239935	
49.402952	0.222642	1.162774	
49.402952	0.222642	1.162774	
41.084510	10.484942	0.000000	
37.896201	11.611379	1.912154	
32.040121	23.132782	1.203223	
17.366227	35.575296	0.169210	
12.636165	45.606219	0.000000	
5.097239	41.960675	0.154363	
0.000000	39.016880	0.000000	
0.000000	38.591383	0.000000	
0.000000	45.539074	0.000000	
0.000000	42.829410	0.000000	
0.000000	42.829410	0.000000	
0.000000	42.158235	0.000000	
0.000000	42.158235	0.000000	
0.000000	43.289356	0.000000	
49.906391	0.000000	0.000000	
49.906391	0.000000	0.000000	
49.906391	0.000000	0.000000	
50.157745	0.000000	0.000000	
47.829104	0.000000	0.017440	
34.388641	5.486508	4.072558	
37.896201	11.611379	1.912154	
34.478152	5.500789	3.968766	
40.075975	5.178090	2.511570	
8.063231	10.479799	4.727895	
37.983986	4.907791	2.380464	
36.383246	4.743812	1.833809	
36.383246	4.743812	1.833809	
0.000000	37.528036	3.246459	
5.431583	44.713006	0.164488	
5.097239	41.960675	0.154363	
0.000000	45.125742	0.000000	
0.000000	42.829410	0.000000	
0.000000	42.395483	0.000000	
0.000000	42.395483	0.000000	
0.000000	40.624000	0.000000	
0.000000	40.624000	0.000000	
49.906391	0.000000	0.000000	
50.157745	0.000000	0.000000	
49.906391	0.000000	0.000000	
34.388641	5.486508	4.072558	
34.388641	5.486508	4.072558	
34.478152	5.500789	3.968766	
34.478152	5.500789	3.968766	
9.694765	10.976784	5.432690	
9.694765	10.976784	5.432690	
38.072842	4.964109	1.918969	
36.625955	6.265822	2.380464	
38.072842	4.964109	1.918969	
25.230155	6.188219	7.329331	
18.451175	37.797849	0.434796	
0.000000	45.125742	0.000000	
0.000000	43.616182	0.000000	
0.000000	42.464947	0.000000	
0.000000	39.449114	3.412647	
0.000000	42.521648	0.000000	
0.000000	42.422085	0.000000	
0.000000	42.002824	0.000000	
55.765808	0.000000	0.000000	
53.996843	0.000000	0.000000	
47.829104	0.000000	0.017440	
34.388641	5.486508	4.072558	
36.614075	0.000000	2.922405	
33.601211	3.470964	6.966974	
9.386479	10.657306	5.032687	
9.362037	10.619712	5.094724	
9.362037	10.619712	5.094724	
14.878749	9.813685	1.561371	
14.878749	9.813685	1.561371	
8.063231	10.479799	4.727895	
26.755549	6.613475	5.441808	
0.000000	43.442150	0.000000	
0.000000	43.422745	0.000000	
0.000000	39.449114	3.412647	
0.000000	39.520918	3.418858	
0.000000	42.274418	3.788808	
0.000000	37.903417	5.140756	
0.000000	42.002824	0.000000	
55.765808	0.000000	0.000000	
50.157745	0.000000	0.000000	
54.045437	0.000000	0.000000	
27.042234	2.793430	9.288505	
33.601211	3.470964	6.966974	
9.362037	10.619712	5.094724	
9.386479	10.657306	5.032687	
13.550798	12.255080	0.593150	
8.063231	10.479799	4.727895	
8.063231	10.479799	4.727895	
26.755549	6.613475	5.441808	
8.063231	10.479799	4.727895	
2.938699	38.624587	1.699106	
0.000000	40.855876	0.000000	
0.000000	39.377436	3.406446	
0.757525	39.707894	0.000000	
0.000000	39.520918	3.418858	
0.000000	39.419339	3.410071	
0.000000	37.903417	5.140756	
50.477831	0.000000	2.035382	
47.431656	0.000000	1.912553	
27.042234	2.793430	9.288505	
27.042234	2.793430	9.288505	
27.042234	2.793430	9.288505	
27.042234	2.793430	9.288505	
27.042234	2.793430	9.288505	
14.499069	9.563257	1.588999	
14.499069	9.563257	1.588999	
14.977778	9.879003	0.546646	
14.977778	9.879003	0.546646	
2.938699	38.624587	1.699106	
0.000000	40.855876	0.000000	
0.280170	24.269649	14.237335	
0.000000	39.377436	3.406446	
0.000000	39.820286	3.568858	
0.000000	40.769617	1.690327	
0.000000	40.769617	1.690327	
50.157745	0.000000	0.000000	
47.431656	0.000000	1.912553	
27.042234	2.793430	9.288505	
35.735882	0.000000	1.177884	
27.042234	2.793430	9.288505	
35.840928	0.000000	1.181347	
43.722199	3.808668	1.036564	
13.550798	12.255080	0.593150	
8.489972	15.260368	0.305123	
11.450185	19.932566	5.379772	
0.000000	42.129655	1.132737	
0.000000	22.350714	10.339657	
6.283519	22.632123	13.805395	
0.000000	20.550450	11.999898	
0.000000	24.620822	14.278513	
0.000000	24.524233	14.222497	
0.000000	34.968695	8.093213	
50.157745	0.000000	0.000000	
47.431656	0.000000	1.912553	
48.267869	0.000000	0.782577	
48.082249	0.000000	1.584831	
23.332967	6.689937	18.895829	
23.332967	6.689937	18.895829	
23.332967	6.689937	18.895829	
14.168483	12.171018	0.059527	
14.168483	12.171018	0.059527	
11.450185	19.932566	5.379772	
6.283519	22.632123	13.805395	
0.000000	22.350714	10.339657	
0.000000	21.986526	10.708669	
0.000000	21.986526	10.708669	
0.000000	27.900241	14.412717	
0.000000	34.968695	8.093213	
66.400817	0.000000	0.000000	
48.249881	0.000000	1.590356	
43.775262	0.000000	1.442869	
43.775262	0.000000	1.442869	
23.332967	6.689937	18.895829	
23.332967	6.689937	18.895829	
19.942782	6.391064	22.052313	
21.028050	6.590443	21.358551	
5.305276	18.659853	16.235210	
0.388504	21.995561	10.306307	
5.957791	21.458906	15.304341	
5.960934	21.470228	15.312416	
0.000000	22.930736	11.168552	
0.000000	19.810717	11.567950	
0.000000	27.900241	14.412717	
63.015096	0.000000	0.000000	
48.249881	0.000000	1.590356	
17.498980	4.813483	26.797553	
17.498980	4.813483	26.797553	
0.000000	0.000000	40.720658	
1.675664	0.054437	35.280082	
19.942782	6.391064	22.052313	
1.552253	0.000000	31.653417	
1.552253	0.000000	31.653417	
0.388504	21.995561	10.306307	
5.695203	20.031314	17.428464	
0.474866	26.885050	13.974238	
0.000000	19.810717	11.567950	
0.000000	22.930736	11.168552	
33.030677	0.000000	0.535533	
23.136644	0.000000	23.196087	
2.553320	0.093094	35.094826	
23.136644	0.000000	23.196087	
1.675664	0.054437	35.280082	
1.675664	0.054437	35.280082	
1.503321	0.047210	31.618288	
0.176667	0.201387	33.428650	
3.496932	4.549199	31.933626	
0.474866	26.885050	13.974238	
0.131999	0.150469	24.976620	
0.131999	0.150469	24.976620	
0.000000	27.262032	12.404845	
33.030677	0.000000	0.535533	
1.713988	0.055682	36.086955	
2.553320	0.093094	35.094826	
0.000000	0.000000	39.155401	
1.713988	0.055682	36.086955	
1.675664	0.054437	35.280082	
1.503321	0.047210	31.618288	
0.176667	0.201387	33.428650	
0.709630	0.029911	35.341630	
0.131999	0.150469	24.976620	
1.093938	0.206099	33.271474	
0.000000	0.000000	43.609602	
13.096628	0.000000	44.858221	
0.264990	0.006741	29.325804	
0.000000	0.000000	40.720658	
0.000000	0.000000	39.155401	
0.385920	0.014797	35.238087	
0.385920	0.014797	35.238087	
1.176618	0.223368	33.969156	
0.176667	0.201387	33.428650	
1.151476	0.216939	33.203096	
1.093938	0.206099	33.271474	
0.000000	41.776067	0.000000	
0.000000	0.000000	43.037459	
0.264990	0.006741	29.325804	
0.264990	0.006741	29.325804	
0.000000	0.000000	33.443506	
2.223266	0.241191	32.845599	
3.011056	0.262607	22.959198	
2.760188	0.225530	20.939751	
3.011056	0.262607	22.959198	
1.080034	0.203479	31.143048	
0.000000	0.000000	52.551268	
0.000000	0.000000	37.044686	
0.264990	0.006741	29.325804	
0.272847	0.005962	26.133129	
0.000000	0.000000	33.443506	
0.276863	0.001626	26.103163	
2.760188	0.225530	20.939751	
0.498918	0.017297	25.490668	
1.080034	0.203479	31.143048	
0.000000	0.000000	51.938013	
0.000000	0.000000	37.044686	
0.272847	0.005962	26.133129	
0.079873	0.010572	23.696204	
0.000000	0.000000	25.075419	
2.661118	0.284390	20.657745	
0.498918	0.017297	25.490668	
1.151476	0.216939	33.203096	
0.000000	0.000000	51.938013	
0.927432	0.000000	54.413441	
0.303861	0.011651	26.128142	
0.079873	0.010572	23.696204	
0.175132	0.023332	23.562999	
2.661118	0.284390	20.657745	
0.016820	0.001602	22.748150	
0.000000	0.000000	52.551268	
0.000000	0.000000	52.628223	
0.156426	0.042038	23.562999	
0.175132	0.023332	23.562999	
0.000000	0.000000	25.075419	
0.016820	0.001602	22.748150	
0.000000	0.000000	52.628223	
0.000000	0.000000	52.628223	
0.156426	0.042038	23.562999	
0.175132	0.023332	23.562999	
0.017817	0.001697	24.095998	
0.000000	0.000000	52.628223	
0.000000	0.000000	52.628223	
0.062528	0.008330	23.690605	
0.603512	0.077839	27.825039	
0.000000	0.000000	52.628223	
0.031268	0.000000	38.609545	
0.062528	0.008330	23.690605	
0.000000	0.000000	52.628223	
0.000000	0.000000	52.628223	
0.000000	0.000000	52.628223	
0.000000	0.000000	52.628223	
