40.758828	0.000000	0.000000	
40.758828	0.000000	0.000000	
49.906391	0.000000	0.000000	
48.262183	0.000000	0.000000	
48.262183	0.000000	0.000000	
48.262183	0.000000	0.000000	
39.300277	1.529968	0.000000	
39.300277	1.529968	0.000000	
44.366912	3.121141	0.000000	
6.726689	26.963242	0.000000	
6.726689	26.963242	0.000000	
11.622553	8.424676	0.000000	
0.000000	35.613380	0.000000	
0.000000	38.591383	0.000000	
0.000000	38.591383	0.000000	
0.000000	37.884284	0.000000	
0.000000	37.884284	0.000000	
0.000000	38.153326	0.000000	
5.572862	35.055548	0.000000	
5.572862	35.055548	0.000000	
0.000000	34.713845	0.000000	
0.000000	38.583967	0.000000	
0.000000	35.361267	0.000000	
0.000000	35.361267	0.000000	
43.707961	0.000000	0.024476	
43.707961	0.000000	0.024476	
45.146125	0.000000	0.025282	
45.146125	0.000000	0.025282	
43.262030	3.043414	0.000000	
33.603570	0.078849	1.110200	
33.603570	0.078849	1.110200	
32.553631	0.076385	1.235071	
10.788516	13.360121	1.399422	
24.567873	1.947073	1.173935	
24.567873	1.947073	1.173935	
11.622553	8.424676	0.000000	
21.023993	27.650605	0.000000	
21.023993	27.650605	0.000000	
0.000000	38.591383	0.000000	
0.000000	38.389445	0.000000	
0.000000	37.903297	0.000000	
0.000000	38.286135	0.000000	
4.831533	30.392290	0.000000	
4.831533	30.392290	0.000000	
0.000000	36.961820	0.000000	
0.000000	36.961820	0.000000	
0.000000	38.583967	0.000000	
47.399748	0.000000	0.017283	
40.828132	0.027270	1.346628	
36.189395	0.024172	1.193629	
36.189395	0.024172	1.193629	
43.262030	3.043414	0.000000	
29.660764	0.069597	2.466956	
11.941300	10.799481	1.621584	
29.660764	0.069597	2.466956	
24.567873	1.947073	1.173935	
11.739952	8.215889	0.103794	
8.461596	10.897302	1.929929	
5.677120	13.819902	1.784728	
8.461596	10.897302	1.929929	
8.461596	10.897302	1.929929	
8.461596	10.897302	1.929929	
0.000000	37.903297	0.000000	
5.831404	12.400673	1.817594	
5.831404	12.400673	1.817594	
4.826235	30.358965	0.000000	
0.000000	34.810605	0.000000	
0.000000	36.517339	0.000000	
0.000000	36.517339	0.000000	
47.745278	0.000000	0.004042	
40.828132	0.027270	1.346628	
48.581205	0.000000	0.000000	
43.932690	3.090594	0.000000	
31.527890	0.073978	2.622249	
29.660764	0.069597	2.466956	
29.660764	0.069597	2.466956	
17.968115	9.821774	1.446124	
17.454904	10.492320	0.000000	
11.739952	8.215889	0.103794	
8.461596	10.897302	1.929929	
8.461596	10.897302	1.929929	
8.461596	10.897302	1.929929	
6.321078	12.503247	2.032433	
4.404656	14.378898	2.185848	
2.482953	16.158164	2.328286	
5.179881	16.909600	2.570559	
1.023979	36.124131	0.000000	
0.000000	38.326341	0.000000	
0.000000	36.494415	0.000000	
0.000000	36.494415	0.000000	
47.745278	0.000000	0.004042	
45.146125	0.000000	0.025282	
45.146125	0.000000	0.025282	
45.146125	0.000000	0.025282	
36.122464	5.763129	2.101245	
31.527890	0.073978	2.622249	
24.567873	1.947073	1.173935	
17.454904	10.492320	0.000000	
16.094869	10.615811	0.000000	
8.483350	10.925318	1.934891	
8.483350	10.925318	1.934891	
8.452752	10.885913	1.927912	
6.321078	12.503247	2.032433	
8.756220	10.523530	2.243590	
2.482953	16.158164	2.328286	
3.248987	20.779723	4.379101	
5.179881	16.909600	2.570559	
3.248987	20.779723	4.379101	
0.000000	36.487687	0.000000	
0.000000	35.340710	0.000000	
45.146125	0.000000	0.025282	
40.782666	0.000000	0.000000	
40.782666	0.000000	0.000000	
47.991904	0.000000	0.000000	
15.168340	9.143598	6.389421	
9.953607	10.059160	5.063706	
11.941011	10.799219	1.621545	
14.348818	9.464155	1.239175	
9.824475	8.224474	0.093876	
8.756220	10.523530	2.243590	
6.811203	12.775181	1.792908	
8.452752	10.885913	1.927912	
8.751521	10.517882	2.242386	
9.956232	8.459396	4.500065	
8.417151	10.114483	4.724989	
0.000000	36.830801	2.122162	
0.000000	34.883369	0.929442	
0.000000	36.487687	0.000000	
0.000000	35.340710	0.000000	
45.146125	0.000000	0.025282	
44.345660	0.000000	0.718986	
44.345660	0.000000	0.718986	
47.991904	0.000000	0.000000	
37.653608	0.000000	0.000000	
14.996960	9.891655	1.295149	
14.996960	9.891655	1.295149	
9.824475	8.224474	0.093876	
5.677120	13.819902	1.784728	
8.225104	10.967638	2.094338	
8.225104	10.967638	2.094338	
8.751521	10.517882	2.242386	
3.481849	21.737773	6.430218	
3.749102	23.406275	6.923776	
3.749102	23.406275	6.923776	
0.000000	38.078473	4.705410	
0.000000	40.537195	0.000000	
0.000000	37.219150	0.000000	
40.457332	0.000000	0.325334	
50.291471	0.000000	0.000000	
24.998223	3.413119	8.845082	
24.998223	3.413119	8.845082	
25.897313	3.535875	9.163205	
9.675445	10.368340	5.032687	
15.746320	8.184002	1.455053	
8.879824	8.682216	0.464576	
8.879824	8.682216	0.464576	
8.282466	9.954156	3.240567	
8.282466	9.954156	3.240567	
8.102392	6.884265	5.155658	
0.000000	40.242824	0.000000	
0.000000	25.555966	8.773080	
0.000000	21.968278	9.549618	
0.000000	21.968278	9.549618	
0.000000	22.841768	10.017783	
40.457332	0.000000	0.325334	
43.751374	0.000000	0.000000	
24.998223	3.413119	8.845082	
24.998223	3.413119	8.845082	
24.236561	3.309126	8.575584	
15.746320	8.184002	1.455053	
15.696862	8.116111	1.239175	
13.032969	10.910437	0.000000	
7.481960	13.296378	5.114588	
8.282466	9.954156	3.240567	
0.000000	22.805790	9.913685	
8.102392	6.884265	5.155658	
0.000000	18.152090	9.692529	
0.000000	18.152090	9.692529	
0.000000	21.545692	10.493958	
0.000000	21.814137	10.624706	
50.291471	0.000000	0.000000	
37.653608	0.000000	0.000000	
19.674889	0.000000	10.631816	
12.057573	4.206603	4.083686	
15.300448	7.952265	0.773760	
15.300448	7.952265	0.773760	
14.452374	12.098679	0.000000	
14.452374	12.098679	0.000000	
11.213810	14.899099	0.263720	
0.388504	21.995561	10.306307	
0.410578	0.289384	16.983808	
0.000000	22.805790	9.913685	
0.000000	22.918192	9.962546	
0.000000	22.918192	9.962546	
0.000000	20.220177	11.807044	
50.291471	0.000000	0.000000	
6.936030	0.986443	18.674704	
12.057573	4.206603	4.083686	
27.625317	3.771808	2.075548	
15.300448	7.952265	0.773760	
15.300448	7.952265	0.773760	
15.746320	8.184002	1.455053	
0.660593	0.096150	23.276311	
0.660593	0.096150	23.276311	
0.410578	0.289384	16.983808	
0.000000	18.595304	9.929189	
0.000000	22.918192	9.962546	
0.000000	24.932293	8.307264	
0.000000	24.932293	8.307264	
33.030677	0.000000	0.535533	
6.936030	0.986443	18.674704	
10.062219	0.892064	14.236272	
8.821298	0.662123	22.224197	
6.295429	0.912237	18.054742	
15.300448	7.952265	0.773760	
6.624330	0.000000	21.222014	
6.624330	0.000000	21.222014	
0.704861	0.102593	24.836096	
0.000000	25.011694	10.456236	
0.000000	25.011694	10.456236	
0.000000	41.081066	0.685451	
0.000000	19.973120	11.662781	
0.000000	0.000000	22.457040	
2.938727	0.256581	18.259146	
10.062219	0.892064	14.236272	
3.069704	0.192290	18.640217	
15.300448	7.952265	0.773760	
6.797733	1.008460	18.400610	
2.752433	0.000000	22.508457	
0.000000	0.000000	22.995921	
0.000000	0.000000	22.701059	
0.533014	21.720585	11.695569	
0.423505	0.298496	17.518572	
0.000000	19.973120	11.662781	
0.000000	0.000000	22.457040	
2.938727	0.256581	18.259146	
3.069704	0.192290	18.640217	
0.000000	0.000000	22.352714	
6.797733	1.008460	18.400610	
6.784484	0.964890	18.266679	
6.862287	0.714911	17.860828	
6.784484	0.964890	18.266679	
0.016904	0.001770	23.058515	
0.423505	0.298496	17.518572	
0.000000	25.098542	12.224394	
0.000000	0.000000	22.457040	
0.000000	0.000000	22.232354	
0.000000	0.000000	22.273211	
0.000000	0.000000	22.071941	
0.000000	0.000000	22.995921	
6.862287	0.714911	17.860828	
0.000000	0.000000	22.995921	
0.459366	0.323770	18.890816	
0.459366	0.323770	18.890816	
0.000000	25.098542	12.224394	
0.000000	0.000000	22.232354	
0.000000	0.000000	22.232354	
0.000000	0.000000	22.232354	
0.000000	0.000000	22.071941	
0.016823	0.001525	22.895734	
0.000000	0.000000	22.701059	
0.016904	0.001770	23.058515	
0.016904	0.001770	23.058515	
0.000000	0.000000	43.012504	
0.000000	0.000000	22.232354	
0.000000	0.000000	22.071941	
0.000000	0.000000	22.071941	
0.016823	0.001525	22.895734	
0.000000	0.000000	22.033067	
0.016904	0.001770	23.058515	
0.016904	0.001770	23.058515	
0.000000	0.000000	43.012504	
0.000000	0.000000	22.071941	
0.000000	0.000000	22.965485	
0.000000	0.000000	22.071941	
0.000000	0.000000	22.033067	
0.000000	0.000000	22.701059	
0.016820	0.001602	22.748150	
0.000000	0.000000	24.277187	
0.000000	0.000000	24.986381	
0.073650	0.009748	21.849938	
0.082565	0.010928	22.130064	
0.073650	0.009748	21.849938	
0.000000	0.000000	19.085625	
0.000000	0.000000	22.622236	
0.000000	0.000000	25.535436	
0.073650	0.009748	21.849938	
0.082565	0.010928	22.130064	
0.073650	0.009748	21.849938	
0.000000	0.000000	19.085625	
0.000000	0.000000	33.763610	
0.016796	0.001759	22.911125	
0.000000	0.000000	22.098682	
0.000000	0.000000	22.622236	
0.031268	0.000000	38.609545	
0.016816	0.001761	22.939034	
0.000000	0.000000	22.701059	
0.000000	0.000000	52.628223	
0.000000	0.000000	26.034954	
0.000000	0.000000	52.628223	
