66.951255	0.000000	0.000000	
66.951255	0.000000	0.000000	
89.734338	0.000000	0.000000	
90.324781	0.000000	0.000000	
90.324781	0.000000	0.000000	
93.345392	0.000000	0.000000	
55.187298	21.268989	0.000000	
55.187298	21.268989	0.000000	
93.345392	0.000000	0.000000	
30.100809	42.192390	0.000000	
25.761112	45.374674	0.000000	
52.498736	45.565374	0.000000	
49.717270	45.339895	0.000000	
0.000000	50.625129	0.000000	
0.000000	50.625129	0.000000	
9.839886	69.654576	0.000000	
3.878373	77.221811	0.000000	
7.556219	49.357674	0.000000	
7.185149	49.728744	0.000000	
7.185149	49.728744	0.000000	
9.268626	61.186102	0.000000	
0.000000	50.147537	0.000000	
0.000000	49.496043	0.000000	
0.000000	49.496043	0.000000	
98.288203	0.000000	0.000000	
93.345392	0.000000	0.000000	
54.406331	4.062873	1.712596	
54.406331	4.062873	1.712596	
54.406331	4.062873	1.712596	
38.630720	4.143852	1.252891	
38.630720	4.143852	1.252891	
51.819257	9.677121	1.801264	
51.819257	9.677121	1.801264	
51.819257	9.677121	1.801264	
51.819257	9.677121	1.801264	
13.072027	43.126530	1.035958	
32.513470	45.574224	0.000000	
32.513470	45.574224	0.000000	
0.000000	68.096037	0.818106	
0.000000	68.096037	0.818106	
7.556219	49.357674	0.000000	
7.185149	49.728744	0.000000	
7.185149	49.728744	0.000000	
5.659419	53.182037	0.000000	
0.000000	49.496043	0.000000	
0.000000	49.496043	0.000000	
0.000000	76.568053	0.000000	
98.923239	0.000000	0.000000	
90.324781	0.000000	0.000000	
54.406331	4.062873	1.712596	
55.558350	5.753249	2.369515	
55.558350	5.753249	2.369515	
69.409780	4.955269	2.178195	
38.630720	4.143852	1.252891	
71.515000	5.385005	0.297966	
93.345392	0.000000	0.000000	
88.552174	0.000000	0.000000	
29.618896	41.516890	0.000000	
27.457989	50.571695	0.000000	
35.146476	37.339740	5.543468	
34.160131	53.597450	0.000000	
0.218645	71.731708	0.000000	
9.373787	51.631139	0.000000	
6.839719	45.151864	0.000000	
6.839719	45.151864	0.000000	
5.659419	53.182037	0.000000	
0.000000	76.177379	0.000000	
0.000000	50.147537	0.000000	
0.000000	50.147537	0.000000	
93.306645	0.000000	0.000000	
90.324781	0.000000	0.000000	
77.191107	2.798435	2.342939	
52.571364	3.925844	1.654835	
66.480764	8.264687	0.916832	
69.409780	4.955269	2.178195	
38.630720	4.143852	1.252891	
61.197388	11.428465	1.754134	
59.186002	6.021672	4.246149	
29.618896	41.516890	0.000000	
25.761112	45.374674	0.000000	
35.146476	37.339740	5.543468	
24.827470	53.334422	0.000000	
24.827470	53.334422	0.000000	
9.373787	51.631139	0.000000	
7.059270	46.111572	0.000000	
9.216378	43.954464	0.000000	
6.994856	46.175986	0.000000	
0.000000	50.147537	0.000000	
0.000000	49.496043	0.000000	
0.000000	49.496043	0.000000	
93.306645	0.000000	0.000000	
90.324781	0.000000	0.000000	
68.229929	3.512377	0.692287	
52.571364	3.925844	1.654835	
50.680115	0.000000	2.043538	
71.515000	5.385005	0.297966	
44.571329	16.596182	1.591335	
59.660347	6.399665	3.014876	
59.660347	6.399665	3.014876	
65.405569	20.483462	2.663143	
28.481547	50.166347	0.000000	
31.256684	43.812583	0.000000	
10.245041	58.951736	0.000000	
10.245041	58.951736	0.000000	
7.059270	46.111572	0.000000	
11.421256	20.225292	11.347080	
8.792050	22.854498	11.347080	
6.994856	46.175986	0.000000	
0.000000	76.385805	0.000000	
0.000000	49.496043	0.000000	
92.336160	0.000000	0.000000	
87.328498	0.000000	0.000000	
58.125674	2.992225	0.000000	
58.125674	2.992225	0.000000	
50.680115	0.000000	2.043538	
102.766819	0.000000	0.000000	
45.729250	12.769649	3.144426	
65.892894	7.251683	2.645182	
65.892894	7.251683	2.645182	
30.496674	42.747274	8.175116	
31.256684	43.812583	0.000000	
31.256684	43.812583	0.000000	
30.496674	42.747274	8.175116	
0.920887	67.771701	0.000000	
11.421256	20.225292	11.347080	
8.792050	22.854498	11.347080	
6.994856	46.175986	0.000000	
0.000000	50.841293	0.000000	
0.000000	49.496043	0.000000	
75.215420	0.000000	3.499216	
61.376012	3.159548	0.000000	
61.376012	3.159548	0.000000	
63.349733	4.730735	1.994116	
51.679202	5.351550	2.204073	
51.679202	5.351550	2.204073	
45.729250	12.769649	3.144426	
45.729250	12.769649	3.144426	
45.729250	12.769649	3.144426	
30.977303	43.420974	0.000000	
30.977303	43.420974	0.000000	
15.080856	49.959171	3.147406	
0.920887	67.771701	0.000000	
0.000000	89.787315	0.000000	
11.421256	20.225292	11.347080	
1.063232	49.832459	0.000000	
0.000000	54.153486	0.000000	
0.000000	63.009483	0.000000	
92.336160	0.000000	0.000000	
68.229929	3.512377	0.692287	
100.914477	0.000000	0.000000	
36.136892	0.000000	0.776874	
51.679202	5.351550	2.204073	
1.727354	0.000000	60.379885	
51.679202	5.351550	2.204073	
51.679202	5.351550	2.204073	
10.351614	0.604141	46.738568	
1.727354	0.000000	60.379885	
1.407039	0.112299	63.583413	
11.114595	68.491473	1.544563	
0.928867	68.358937	0.000000	
11.980919	39.526806	0.000000	
0.000000	50.841293	0.000000	
0.000000	50.841293	0.000000	
0.000000	63.009483	0.000000	
92.336160	0.000000	0.000000	
89.923795	0.000000	11.791991	
71.653925	0.000000	0.000000	
36.136892	0.000000	0.776874	
51.679202	5.351550	2.204073	
51.679202	5.351550	2.204073	
10.351614	0.604141	46.738568	
10.351614	0.604141	46.738568	
8.349471	0.487292	55.019850	
2.376528	0.182089	63.529503	
2.376528	0.182089	63.529503	
8.573656	0.000000	64.269898	
11.980919	39.526806	0.000000	
1.069774	50.139072	0.000000	
0.000000	50.841293	0.000000	
0.000000	50.841293	0.000000	
71.700806	0.000000	0.000000	
59.410787	0.000000	0.000000	
63.015096	0.000000	0.000000	
47.214945	9.927221	48.166510	
8.343979	1.020783	45.024811	
10.351614	0.604141	46.738568	
2.736712	0.000000	67.951510	
2.376528	0.182089	63.529503	
2.376528	0.182089	63.529503	
8.349471	0.487292	55.019850	
5.041852	0.000000	52.619404	
11.221932	39.369462	0.000000	
11.221932	39.369462	0.000000	
1.069774	50.139072	0.000000	
0.000000	65.181590	0.000000	
63.015096	0.000000	0.000000	
59.410787	0.000000	0.000000	
47.214945	9.927221	48.166510	
59.228040	12.453045	36.310736	
8.343979	1.020783	45.024811	
6.674452	0.000000	76.872906	
2.736712	0.000000	67.951510	
8.960392	1.487025	50.949819	
8.960392	1.487025	50.949819	
8.349471	0.487292	55.019850	
5.041852	0.000000	52.619404	
0.000000	0.000000	73.512585	
0.000000	44.101738	42.993815	
0.000000	64.787453	0.000000	
6.674452	0.000000	76.872906	
58.891854	1.427059	0.000000	
1.720944	0.137352	77.768672	
1.011601	0.124988	81.949731	
5.337676	0.000000	76.791662	
1.011601	0.124988	81.949731	
7.387387	0.000000	79.563232	
7.026712	0.360675	79.563232	
1.381177	0.170650	79.563944	
8.232430	0.187658	52.425529	
0.000000	0.000000	75.040556	
1.892768	2.027110	53.322509	
0.000000	0.000000	75.040556	
0.000000	0.000000	82.717516	
58.891854	1.427059	0.000000	
1.333857	0.689313	76.773213	
5.337676	0.000000	76.791662	
5.337676	0.000000	76.791662	
7.971281	1.627673	61.739513	
2.164415	0.000000	75.657398	
7.026712	0.360675	79.563232	
0.915510	0.455304	52.018249	
0.000000	0.000000	75.040556	
1.892768	2.027110	53.322509	
0.000000	44.101738	42.993815	
0.000000	0.000000	82.717516	
5.368447	0.000000	77.234351	
5.337676	0.000000	76.791662	
5.337676	0.000000	76.791662	
7.971281	1.627673	61.739513	
2.164415	0.000000	75.657398	
1.339415	0.666122	76.104098	
0.915510	0.455304	52.018249	
1.642341	0.000000	57.408239	
1.642341	0.000000	57.408239	
0.000000	0.000000	75.040556	
1.583426	0.000000	80.545913	
6.428884	0.040052	74.505881	
7.468663	0.216198	75.900326	
1.539646	0.000000	53.818533	
1.744068	0.000000	60.964124	
0.000000	0.000000	69.894377	
2.032663	0.010542	60.664988	
1.314501	0.554786	45.356224	
1.314501	0.554786	45.356224	
0.000000	0.000000	75.040556	
0.616506	0.000000	81.946865	
6.428884	0.040052	74.505881	
5.523406	0.159888	65.457263	
1.539646	0.000000	53.818533	
1.744068	0.000000	60.964124	
2.032663	0.010542	60.664988	
1.642340	0.000000	57.408224	
0.582675	0.000000	60.490577	
0.000000	0.000000	63.275251	
0.927432	0.000000	54.413441	
2.149851	0.171584	47.933424	
5.523406	0.159888	65.457263	
0.352295	0.000000	62.922955	
1.642340	0.000000	57.408224	
0.589759	0.000000	61.226072	
0.583781	0.005979	61.226080	
0.000000	0.000000	63.275251	
0.927432	0.000000	54.413441	
2.149851	0.171584	47.933424	
5.368447	0.000000	77.234351	
3.558740	3.140217	53.670015	
1.642340	0.000000	57.408224	
0.583781	0.005979	61.226080	
0.000000	0.000000	69.894377	
0.000000	0.000000	92.428815	
7.583846	0.000000	54.825410	
0.636638	0.000000	68.389796	
0.594615	0.014320	63.216753	
1.642340	0.000000	57.408224	
0.000000	0.000000	72.404312	
1.735754	0.000000	60.673502	
3.885399	0.191755	68.327158	
1.740156	0.020704	61.551093	
1.642340	0.000000	57.408224	
0.000000	0.000000	72.404312	
1.735754	0.000000	60.673502	
3.885399	0.191755	68.327158	
1.740156	0.020704	61.551093	
0.000000	0.000000	76.441247	
7.583846	0.000000	54.825410	
2.282904	0.000000	79.799210	
0.000000	0.000000	104.251840	
2.282904	0.000000	79.799210	
0.000000	0.000000	72.404312	
0.000000	0.000000	72.404312	
