1.630126	0.000000	0.000000	
1.391593	0.040573	0.000000	
1.417837	0.036804	0.000000	
1.496387	0.016851	0.000000	
1.417837	0.036804	0.000000	
1.417837	0.036804	0.000000	
1.224442	0.589829	0.000000	
1.224442	0.589829	0.000000	
1.163268	0.578640	0.000000	
1.162589	0.578302	0.000000	
0.578449	1.298017	0.000000	
0.712799	0.987997	0.000000	
0.058046	1.848572	0.000000	
0.315712	1.483489	0.000000	
0.554607	1.244517	0.000000	
0.315712	1.483489	0.000000	
0.373891	1.549470	0.000000	
0.208478	1.678783	0.000000	
0.208478	1.678783	0.000000	
0.058046	1.848572	0.000000	
0.063500	1.880979	0.000000	
0.063500	1.880979	0.000000	
0.000000	2.151687	0.000000	
0.000000	2.151687	0.000000	
1.630126	0.000000	0.000000	
1.402031	0.036393	0.009298	
1.328485	0.046613	0.000000	
1.328485	0.046613	0.000000	
1.360692	0.055907	0.039243	
1.390358	0.240854	0.000000	
1.224442	0.589829	0.000000	
1.163268	0.578640	0.000000	
0.892134	0.742297	0.031362	
0.695169	0.878588	0.094268	
0.736409	0.979286	0.000000	
0.712799	0.987997	0.000000	
0.688749	0.954663	0.000000	
0.620911	1.124560	0.000000	
0.554607	1.244517	0.000000	
0.290698	1.515117	0.033923	
0.170859	1.448708	0.071979	
0.161542	1.626591	0.050284	
0.051170	1.629611	0.031469	
0.051170	1.629611	0.031469	
0.053750	1.711767	0.041462	
0.000000	1.991775	0.000000	
0.000000	2.056605	0.040766	
1.616376	0.000000	0.000000	
1.391886	0.036130	0.039559	
1.314472	0.097626	0.165802	
1.360692	0.055907	0.039243	
1.302746	0.033816	0.109398	
1.390358	0.240854	0.000000	
0.701010	0.473346	0.291968	
0.701010	0.473346	0.291968	
0.669683	0.833573	0.178008	
0.669683	0.833573	0.178008	
0.693893	0.961793	0.000000	
0.620911	1.124560	0.000000	
0.533633	1.202639	0.077166	
0.290698	1.515117	0.033923	
0.374224	0.919246	0.088189	
0.374224	0.919246	0.088189	
0.127512	1.654914	0.025829	
0.127512	1.654914	0.025829	
0.154351	1.554191	0.090011	
0.040929	1.697819	0.079173	
0.000000	1.909214	0.073470	
0.000000	1.979996	0.076194	
1.574574	0.000000	0.043619	
1.371679	0.039992	0.060453	
1.314472	0.097626	0.165802	
1.385536	0.000000	0.000000	
1.385536	0.000000	0.000000	
0.972538	0.056638	0.488224	
0.972538	0.056638	0.488224	
0.732231	0.809129	0.122341	
0.732231	0.809129	0.122341	
0.804394	0.763523	0.185665	
0.621676	1.125946	0.000000	
0.621676	1.125946	0.000000	
0.578449	1.298017	0.000000	
0.528008	1.297002	0.000000	
0.150397	1.692691	0.001121	
0.178306	1.574683	0.096280	
0.191675	1.483737	0.113788	
0.093859	1.682014	0.118199	
0.097356	1.706619	0.026141	
0.040929	1.697819	0.079173	
0.000000	1.979996	0.076194	
1.376392	0.000000	0.000000	
1.005763	0.074698	0.421673	
0.646967	0.174186	0.622422	
1.047368	0.079510	0.353674	
1.047368	0.079510	0.353674	
0.303418	0.313453	0.691132	
0.957083	0.072656	0.488491	
0.812693	0.755224	0.185665	
0.491738	0.766707	0.572018	
0.491738	0.766707	0.572018	
0.743765	0.993557	0.000000	
0.285536	0.962429	0.531599	
0.289146	1.619346	0.035852	
0.135488	1.702401	0.000000	
0.178306	1.574683	0.096280	
0.239366	1.575497	0.034093	
0.093859	1.682014	0.118199	
0.040929	1.697819	0.079173	
0.000000	1.909214	0.073470	
0.000000	1.979996	0.076194	
1.376392	0.000000	0.000000	
0.965366	0.073388	0.405396	
0.714489	0.108333	0.623687	
0.637813	0.123149	0.699744	
0.637813	0.123149	0.699744	
0.289662	0.348929	0.665976	
0.308273	0.012132	1.090964	
0.308273	0.012132	1.090964	
0.028997	0.447902	1.289116	
0.804394	0.763523	0.185665	
0.116069	0.452471	1.187524	
0.285536	0.962429	0.531599	
0.284457	1.593083	0.035271	
0.284457	1.593083	0.035271	
0.241502	1.624563	0.023124	
0.000000	1.220366	0.658682	
0.000000	1.219504	0.658218	
0.000000	1.219504	0.658218	
0.000000	1.979996	0.076194	
1.140548	0.000000	0.488935	
0.683015	0.001036	0.869473	
0.714489	0.108333	0.623687	
0.702558	0.111040	0.801645	
0.375743	0.181966	0.778335	
0.287541	0.346373	0.661097	
0.291930	0.351661	0.671189	
0.310789	0.423314	0.551507	
0.310789	0.423314	0.551507	
0.168576	0.905759	0.732229	
0.168576	0.905759	0.732229	
0.219243	0.738980	0.819559	
0.137355	1.707871	0.000000	
0.091805	1.210990	0.252525	
0.054388	1.732094	0.041955	
0.072096	1.658963	0.062143	
0.000000	1.220366	0.658682	
0.000000	2.015368	0.042042	
0.868269	0.000000	0.559783	
0.822103	0.030892	0.555288	
0.386891	0.008463	1.085494	
0.702558	0.111040	0.801645	
0.424889	0.205766	0.724687	
0.307417	0.148877	0.524328	
0.370462	0.414804	0.820205	
0.392791	0.321154	0.864699	
0.250226	0.549080	0.773067	
0.392791	0.321154	0.864699	
0.211143	0.711679	0.789282	
0.105862	0.819498	0.791452	
0.155028	0.762534	0.781040	
0.118572	0.988966	0.590852	
0.130463	1.169088	0.252997	
0.012606	1.292025	0.676886	
0.000000	1.233947	0.640213	
0.868269	0.000000	0.559783	
0.411781	0.007946	0.885574	
0.777449	0.059020	0.874417	
0.289258	0.153894	1.060976	
0.307417	0.148877	0.524328	
0.438005	0.262857	0.848854	
0.384606	0.242407	0.720502	
0.363874	0.268251	0.714822	
0.316484	0.479640	0.709540	
0.085322	0.623776	1.089873	
0.116032	0.783261	0.889309	
0.155028	0.762534	0.781040	
0.085280	0.849061	0.713659	
0.086905	0.865239	0.727258	
0.048124	0.660133	1.475975	
0.000000	1.233947	0.640213	
1.264925	0.000000	0.404038	
0.411781	0.007946	0.885574	
0.327907	0.084533	1.251868	
0.445757	0.063254	1.087121	
0.466289	0.225816	0.795299	
0.309847	0.338986	0.677701	
0.361785	0.266711	0.656460	
0.363874	0.268251	0.714822	
0.135402	0.297201	1.071956	
0.077692	0.524451	1.162759	
0.077692	0.524451	1.162759	
0.116032	0.783261	0.889309	
0.086905	0.865239	0.727258	
0.054237	0.743990	1.145577	
0.000000	1.870130	0.191904	
0.408201	0.000000	1.120764	
0.439878	0.009798	0.955473	
0.439878	0.009798	0.955473	
0.327907	0.084533	1.251868	
0.466289	0.225816	0.795299	
0.466289	0.225816	0.795299	
0.361785	0.266711	0.656460	
0.135402	0.297201	1.071956	
0.165275	0.551001	1.282512	
0.116069	0.452471	1.187524	
0.091528	0.601931	1.065836	
0.078920	0.511836	1.169617	
0.000000	0.705297	1.386115	
0.000000	0.707300	1.390050	
0.898767	0.000000	0.522667	
0.312789	0.012309	1.106948	
0.165496	0.023484	1.303025	
0.445757	0.063254	1.087121	
0.314712	0.081132	1.278661	
0.280156	0.114444	1.191522	
0.318606	0.149979	1.526298	
0.135402	0.297201	1.071956	
0.072184	0.450289	1.255933	
0.080453	0.501868	1.182315	
0.078920	0.511836	1.169617	
0.000000	0.806962	1.240289	
0.000000	0.401209	1.780444	
0.898767	0.000000	0.522667	
0.149006	0.021144	1.321856	
0.149006	0.021144	1.321856	
0.266587	0.108901	0.942117	
0.257566	0.132941	1.156768	
0.139220	0.070183	0.963628	
0.108786	0.373297	1.495894	
0.135402	0.297201	1.071956	
0.031774	0.428187	1.267726	
0.079724	0.497325	1.171611	
0.031774	0.428187	1.267726	
0.000000	0.705297	1.386115	
1.013454	0.000000	0.407811	
0.321848	0.012666	1.139006	
0.304102	0.070820	1.204259	
0.266587	0.108901	0.942117	
0.139220	0.070183	0.963628	
0.000000	0.000000	3.909951	
0.108786	0.373297	1.495894	
0.031774	0.428187	1.267726	
0.035497	0.528773	1.201410	
0.016406	0.458580	1.251003	
0.000000	0.614980	1.605632	
0.000000	0.000000	3.909951	
0.080525	0.001449	1.572516	
0.084700	0.001524	1.654055	
0.072346	0.003806	1.460853	
0.080525	0.001449	1.572516	
0.108930	0.373791	1.497877	
0.091346	0.313452	1.567793	
0.091346	0.313452	1.567793	
0.016406	0.458580	1.251003	
0.000000	0.614956	1.549134	
0.850888	0.000000	0.791605	
0.321848	0.012666	1.139006	
0.080525	0.001449	1.572516	
0.072346	0.003806	1.460853	
0.048176	0.006741	3.578394	
0.072598	0.289212	1.672013	
0.058908	0.265507	1.625095	
0.031162	0.419950	1.332166	
0.000000	0.311498	1.900270	
0.174383	0.000000	3.483037	
0.072346	0.003806	1.460853	
0.078089	0.004109	1.576808	
0.052357	0.009780	3.098341	
0.000000	0.000000	3.765450	
0.058908	0.265507	1.625095	
0.027761	0.345939	1.790013	
0.000000	0.311498	1.900270	
0.000000	0.000000	4.080607	
0.072346	0.003806	1.460853	
0.000000	0.000000	3.726994	
0.115401	0.016148	3.501762	
0.072598	0.289212	1.672013	
0.023036	0.437604	1.895977	
0.000000	0.312374	1.905610	
0.000000	0.000000	3.779257	
0.070578	0.003713	1.425156	
0.057891	0.003046	2.928474	
0.000000	0.000000	3.726994	
0.006660	0.000350	3.066161	
0.000000	0.312374	1.905610	
0.000000	0.000000	3.723689	
0.070578	0.003713	1.425156	
0.071478	0.005588	1.478362	
0.006265	0.000928	2.999166	
0.000000	0.000000	3.717252	
0.000000	0.000000	3.556357	
0.071478	0.005588	1.478362	
0.006265	0.000928	2.999166	
0.000000	0.000000	3.748408	
0.000000	0.000000	3.556357	
0.057891	0.003046	2.928474	
0.000000	0.000000	3.629262	
0.000000	0.000000	3.556357	
0.000000	0.000000	3.629262	
0.000000	0.000000	3.556357	
