40.758828	0.000000	0.000000	
40.758828	0.000000	0.000000	
42.883137	0.000000	0.000000	
42.883137	0.000000	0.000000	
44.846078	0.266845	0.000000	
11.775877	8.535814	0.000000	
11.775877	8.535814	0.000000	
11.631445	8.431121	0.000000	
11.631445	8.431121	0.000000	
11.622553	8.424676	0.000000	
11.622110	8.424355	0.000000	
11.622110	8.424355	0.000000	
11.622553	8.424676	0.000000	
11.622553	8.424676	0.000000	
13.854182	10.042285	0.000000	
13.624003	9.875439	0.000000	
13.624003	9.875439	0.000000	
10.095138	7.064810	0.000000	
0.497948	33.127281	0.000000	
0.497948	33.127281	0.000000	
0.506387	33.688747	0.000000	
0.246124	32.994276	0.000000	
0.506387	33.688747	0.000000	
0.000000	35.342122	0.000000	
40.459447	0.000000	0.325351	
40.459447	0.000000	0.325351	
39.071262	1.521053	0.000000	
21.593249	4.269111	0.169545	
21.593249	4.269111	0.169545	
13.538121	5.258596	0.000000	
13.538121	5.258596	0.000000	
8.775624	6.743164	0.074692	
8.717213	6.569651	0.073576	
8.717213	6.569651	0.073576	
8.716308	6.568969	0.073568	
8.716308	6.568969	0.073568	
8.835153	6.673047	0.074641	
8.894372	6.703165	0.102252	
6.692222	8.015056	0.091785	
6.692222	8.015056	0.091785	
8.894372	6.703165	0.102252	
0.037781	37.080016	0.000000	
0.641115	33.993295	0.000000	
0.507731	33.778139	0.000000	
0.246124	32.994276	0.000000	
0.246086	32.989156	0.000000	
0.000000	33.971654	0.393375	
43.383769	0.000000	0.000000	
40.457332	0.000000	0.325334	
40.457332	0.000000	0.325334	
33.818893	3.386426	0.626870	
9.996204	7.533551	0.114919	
9.996204	7.533551	0.114919	
10.336778	8.019982	0.132847	
8.775624	6.743164	0.074692	
8.786732	6.593258	0.074024	
8.716308	6.568969	0.073568	
8.957737	6.692339	0.050775	
8.964329	6.555620	0.061169	
8.835153	6.673047	0.074641	
9.284697	6.497645	0.123451	
11.024671	8.308646	0.045569	
3.131032	14.618477	1.136506	
1.531727	19.008014	1.285799	
0.037781	37.080016	0.000000	
0.507731	33.778139	0.000000	
0.246086	32.989156	0.000000	
0.000000	35.844799	0.000000	
0.000000	33.971654	0.393375	
40.767033	0.000000	0.327825	
36.189395	0.024172	1.193629	
34.209213	2.004354	1.193629	
33.818893	3.386426	0.626870	
44.846078	0.266845	0.000000	
12.510607	9.613115	0.000000	
9.136224	6.855505	0.076968	
8.785802	6.592560	0.074016	
8.785802	6.592560	0.074016	
8.716308	6.568969	0.073568	
8.957737	6.692339	0.050775	
8.964329	6.555620	0.061169	
9.779622	7.363779	0.082511	
9.306211	6.512701	0.086881	
5.438914	10.758306	1.296741	
3.102375	14.484681	1.133472	
1.628131	20.204342	1.366725	
0.148739	19.266380	0.495420	
1.548585	19.217222	1.110532	
0.242560	32.516455	0.000000	
0.000000	34.365307	0.600376	
40.457332	0.000000	0.325334	
32.617712	1.058553	2.158982	
32.617712	1.058553	2.158982	
36.326641	0.380086	1.209884	
11.783294	9.359123	0.065154	
11.971942	8.151107	0.003788	
9.012376	6.792098	0.103609	
9.788860	6.330271	0.097839	
9.045807	6.817292	0.076349	
7.297001	5.854121	0.063297	
7.297001	5.854121	0.063297	
5.496949	11.627582	0.299593	
5.496949	11.627582	0.299593	
6.497182	12.851586	1.549053	
3.131032	14.618477	1.136506	
2.055386	19.315814	0.000000	
1.434755	19.174911	1.470733	
0.148739	19.266380	0.495420	
0.242560	32.516455	0.000000	
0.000000	34.751398	0.300932	
40.457332	0.000000	0.325334	
29.796924	0.225719	2.918082	
29.796924	0.225719	2.918082	
33.059682	2.978462	1.015174	
11.783294	9.359123	0.065154	
13.916235	7.226181	0.065154	
9.012376	6.792098	0.103609	
8.300485	7.886006	0.612380	
8.785802	6.592560	0.074016	
9.947481	6.432848	0.000000	
9.947481	6.432848	0.000000	
9.306211	6.512701	0.086881	
7.188118	6.390383	0.513713	
5.496949	11.627582	0.299593	
2.055386	19.315814	0.000000	
1.283840	12.765419	2.015884	
1.283840	12.765419	2.015884	
0.000000	36.985748	0.000000	
0.000000	34.680591	0.401584	
40.457332	0.000000	0.325334	
31.323710	0.237284	3.067603	
30.806351	0.233365	3.016937	
21.702012	1.591602	4.041960	
7.185844	8.593674	0.103445	
7.185844	8.593674	0.103445	
13.916235	7.226181	0.065154	
8.785802	6.592560	0.074016	
9.012376	6.792098	0.103609	
7.188118	6.390383	0.513713	
7.188118	6.390383	0.513713	
7.188118	6.390383	0.513713	
5.496949	11.627582	0.299593	
2.198571	14.307511	4.446104	
1.628131	20.204342	1.366725	
1.679152	14.897251	2.050670	
1.434755	19.174911	1.470733	
0.000000	35.483763	0.000000	
36.250416	0.000000	0.302839	
34.534924	0.130312	0.584072	
28.502850	1.777510	2.792811	
27.625317	3.771808	2.075548	
8.894372	6.703165	0.102252	
8.894372	6.703165	0.102252	
8.894372	6.703165	0.102252	
9.012376	6.792098	0.103609	
9.012376	6.792098	0.103609	
0.000000	16.006943	2.726591	
0.000000	16.006943	2.726591	
5.622381	4.998411	0.401814	
2.274349	14.800647	2.952601	
1.664571	18.768386	3.143657	
1.542452	17.391467	4.803999	
1.290261	12.829258	2.025965	
0.000000	36.990141	0.000000	
36.250416	0.000000	0.302839	
31.323710	0.237284	3.067603	
27.943994	3.695900	1.400840	
13.001687	3.262489	4.083686	
13.001687	3.262489	4.083686	
9.012376	6.792098	0.103609	
8.894372	6.703165	0.102252	
8.567706	7.152398	0.103056	
9.012376	6.792098	0.103609	
0.000000	16.006943	2.726591	
0.000000	16.175767	2.755348	
5.622381	4.998411	0.401814	
0.000000	12.577836	4.777877	
1.664571	18.768386	3.143657	
1.290261	12.829258	2.025965	
0.000000	37.168842	0.000000	
39.899881	0.000000	0.000000	
28.502850	1.777510	2.792811	
10.820090	3.708129	5.515150	
8.914152	2.944336	4.780730	
9.395018	2.763651	4.467437	
9.012376	6.792098	0.103609	
8.886724	5.607523	2.214807	
8.567706	7.152398	0.103056	
11.181648	6.810778	0.000000	
5.628911	15.682615	0.000000	
3.461224	13.772509	6.486055	
2.543853	16.554477	2.117294	
0.000000	13.612324	5.170843	
0.000000	12.577836	4.777877	
0.000000	12.577836	4.777877	
38.050381	0.000000	0.000000	
38.050381	0.000000	0.000000	
10.820090	3.708129	5.515150	
10.820090	3.708129	5.515150	
8.806348	3.018004	4.766967	
8.054947	6.674419	2.250734	
8.886724	5.607523	2.214807	
8.567706	7.152398	0.103056	
8.567706	7.152398	0.103056	
5.628911	15.682615	0.000000	
0.000000	13.771112	7.421606	
0.000000	13.612324	5.170843	
0.000000	12.577836	4.777877	
0.000000	12.577836	4.777877	
33.030677	0.000000	0.535533	
6.180101	0.655637	16.349519	
10.746771	3.650082	5.465281	
10.820090	3.708129	5.515150	
7.673989	3.465676	5.352562	
7.673989	3.465676	5.352562	
5.862938	9.824163	5.817135	
1.684794	3.541236	11.185276	
1.684794	3.541236	11.185276	
2.656125	17.285105	2.210740	
0.910211	2.336656	7.356253	
0.910211	2.336656	7.356253	
0.000000	12.556007	4.769585	
0.000000	0.000000	21.003992	
6.446165	0.258027	16.034890	
10.746771	3.650082	5.465281	
8.204903	2.811884	5.293520	
10.746771	3.650082	5.465281	
11.182649	6.497071	2.789200	
5.862938	9.824163	5.817135	
6.609516	9.845159	5.980667	
0.035516	0.006110	18.005439	
0.912157	2.341652	7.371981	
0.912157	2.341652	7.371981	
0.000000	12.556007	4.769585	
0.000000	0.000000	21.743123	
6.180101	0.655637	16.349519	
0.000000	0.000000	21.291870	
8.204903	2.811884	5.293520	
10.484921	4.346017	4.892204	
10.484921	4.346017	4.892204	
0.000000	0.000000	21.122184	
0.032384	0.004461	17.772393	
1.512506	2.571785	9.274292	
0.000000	13.612324	5.170843	
0.000000	13.612324	5.170843	
0.000000	0.000000	21.447241	
6.863840	0.274745	17.073861	
10.746771	3.650082	5.465281	
0.000000	0.000000	21.291870	
0.000000	0.000000	22.126554	
0.000000	0.000000	22.126554	
1.304671	2.742262	9.189461	
1.512506	2.571785	9.274292	
0.882162	2.372959	7.374951	
0.000000	0.000000	21.439564	
0.000000	0.000000	21.378809	
0.000000	0.000000	21.044984	
6.427618	0.257284	15.988756	
0.015232	0.003322	19.499075	
0.002132	0.000378	18.366752	
1.304671	2.742262	9.189461	
1.432308	2.651944	9.274205	
0.882162	2.372959	7.374951	
0.000000	0.000000	18.163813	
0.000000	0.000000	21.044984	
0.030138	0.004542	18.206785	
6.446165	0.258027	16.034890	
0.002132	0.000378	18.366752	
0.709940	0.113968	14.967772	
1.432308	2.651944	9.274205	
1.642930	2.460825	9.328931	
0.000000	0.000000	18.163813	
0.000000	0.000000	19.422353	
0.030138	0.004542	18.206785	
1.766235	0.220957	17.378187	
1.188573	0.101514	16.876368	
0.709940	0.113968	14.967772	
0.332717	0.053411	14.796215	
0.000000	0.000000	18.278818	
0.000000	0.000000	18.540917	
0.955686	0.081624	13.569650	
1.687073	0.189619	16.631479	
1.291264	0.110285	12.988740	
0.332717	0.053411	14.796215	
0.000000	0.000000	16.290087	
0.000000	0.000000	18.540917	
0.955686	0.081624	13.569650	
1.105082	0.030528	14.855573	
0.320872	0.051510	14.269437	
0.000000	0.000000	16.290087	
0.000000	0.000000	19.945438	
0.001219	0.000272	17.906498	
0.320872	0.051510	14.269437	
0.000000	0.000000	19.012898	
0.000000	0.000000	18.702714	
1.105082	0.030528	14.855573	
0.000000	0.000000	15.779202	
0.000000	0.000000	18.702714	
0.000000	0.000000	18.528996	
0.000000	0.000000	18.528996	
