40.758828	0.000000	0.000000	
40.758828	0.000000	0.000000	
49.906391	0.000000	0.000000	
48.262183	0.000000	0.000000	
48.262183	0.000000	0.000000	
48.262183	0.000000	0.000000	
41.421903	2.913964	0.000000	
44.366912	3.121141	0.000000	
44.366912	3.121141	0.000000	
42.861746	12.100577	0.000000	
41.084510	10.484942	0.000000	
0.000000	35.613380	0.000000	
0.000000	35.613380	0.000000	
0.000000	38.716640	0.000000	
0.000000	38.591383	0.000000	
0.000000	37.884284	0.000000	
0.000000	37.884284	0.000000	
0.000000	38.153326	0.000000	
0.000000	38.389445	0.000000	
0.000000	38.637282	0.000000	
0.000000	34.713845	0.000000	
0.000000	39.235399	0.000000	
0.000000	38.461666	0.000000	
0.000000	38.461666	0.000000	
43.707961	0.000000	0.024476	
43.707961	0.000000	0.024476	
45.146125	0.000000	0.025282	
45.146125	0.000000	0.025282	
48.262183	0.000000	0.000000	
33.603570	0.078849	1.110200	
33.603570	0.078849	1.110200	
32.553631	0.076385	1.235071	
10.788516	13.360121	1.399422	
26.908946	9.875354	0.424771	
50.761120	1.724813	0.009567	
7.157240	9.217481	1.632430	
7.157240	9.217481	1.632430	
0.000000	38.716640	0.000000	
0.000000	38.591383	0.000000	
0.000000	38.389445	0.000000	
0.000000	38.153326	0.000000	
0.000000	38.286135	0.000000	
0.000000	38.466503	0.000000	
0.000000	34.713845	0.000000	
0.000000	37.918051	0.000000	
0.000000	37.918051	0.000000	
0.000000	39.172647	0.000000	
47.399748	0.000000	0.017283	
47.399748	0.000000	0.017283	
36.189395	0.024172	1.193629	
36.189395	0.024172	1.193629	
43.315239	3.105314	0.752626	
11.941300	10.799481	1.621584	
11.941300	10.799481	1.621584	
38.669910	3.451981	1.648740	
26.908946	9.875354	0.424771	
11.739952	8.215889	0.103794	
17.977270	8.963473	1.401937	
8.756220	10.523530	2.243590	
8.461596	10.897302	1.929929	
8.461596	10.897302	1.929929	
4.404656	14.378898	2.185848	
0.000000	38.273726	0.000000	
4.405124	14.380426	2.186080	
4.405124	14.380426	2.186080	
0.000000	38.838584	0.000000	
0.000000	38.777867	0.000000	
0.000000	38.338700	0.000000	
0.000000	38.338700	0.000000	
49.357769	0.000000	0.000000	
48.581205	0.000000	0.000000	
48.581205	0.000000	0.000000	
45.146125	0.000000	0.025282	
36.122464	5.763129	2.101245	
29.660764	0.069597	2.466956	
29.660764	0.069597	2.466956	
17.968115	9.821774	1.446124	
17.977270	8.963473	1.401937	
11.739952	8.215889	0.103794	
8.756220	10.523530	2.243590	
8.756220	10.523530	2.243590	
8.461596	10.897302	1.929929	
8.461596	10.897302	1.929929	
4.404656	14.378898	2.185848	
8.899138	29.051028	4.416272	
0.000000	38.980713	0.000000	
1.023979	36.124131	0.000000	
0.000000	38.411798	0.000000	
0.000000	37.155967	0.000000	
0.000000	37.155967	0.000000	
47.829104	0.000000	0.017440	
45.146125	0.000000	0.025282	
45.146125	0.000000	0.025282	
45.146125	0.000000	0.025282	
36.122464	5.763129	2.101245	
9.694765	10.976784	5.432690	
11.941011	10.799219	1.621545	
13.559372	12.262833	0.576823	
16.094869	10.615811	0.000000	
8.825528	10.606827	2.261349	
8.276509	11.150292	2.260703	
8.756220	10.523530	2.243590	
8.756220	10.523530	2.243590	
8.756220	10.523530	2.243590	
8.107989	10.346829	4.705404	
0.757525	39.707894	0.000000	
1.023979	36.124131	0.000000	
0.000000	37.219150	0.000000	
0.000000	36.487687	0.000000	
0.000000	35.340710	0.000000	
45.146125	0.000000	0.025282	
40.782666	0.000000	0.000000	
40.782666	0.000000	0.000000	
50.291471	0.000000	0.000000	
50.291471	0.000000	0.000000	
9.953607	10.059160	5.063706	
11.941011	10.799219	1.621545	
14.348818	9.464155	1.239175	
9.824475	8.224474	0.093876	
8.373981	10.784467	2.229474	
8.756220	10.523530	2.243590	
8.756220	10.523530	2.243590	
8.756220	10.523530	2.243590	
9.956232	8.459396	4.500065	
8.417151	10.114483	4.724989	
0.757525	39.707894	0.000000	
0.000000	40.242824	0.000000	
0.000000	36.487687	0.000000	
0.000000	35.340710	0.000000	
45.146125	0.000000	0.025282	
44.345660	0.000000	0.718986	
44.345660	0.000000	0.718986	
50.291471	0.000000	0.000000	
37.653608	0.000000	0.000000	
9.953607	10.059160	5.063706	
15.555389	8.084768	2.848800	
9.824475	8.224474	0.093876	
16.094869	10.615811	0.000000	
11.648256	11.172271	2.655632	
11.648256	11.172271	2.655632	
12.325501	18.327554	5.363427	
0.000000	15.871312	9.511900	
0.000000	20.304973	9.889658	
0.751571	39.395775	0.000000	
0.000000	38.078473	4.705410	
0.695484	36.455832	0.000000	
0.000000	37.219150	0.000000	
43.626674	0.000000	1.437971	
50.291471	0.000000	0.000000	
27.042234	2.793430	9.288505	
24.998223	3.413119	8.845082	
37.653608	0.000000	0.000000	
9.675445	10.368340	5.032687	
15.746320	8.184002	1.455053	
8.879824	8.682216	0.464576	
8.879824	8.682216	0.464576	
8.282466	9.954156	3.240567	
0.000000	15.869705	9.510937	
0.000000	22.032301	10.199055	
0.000000	15.868135	9.509996	
0.000000	22.193632	10.809541	
0.751571	39.395775	0.000000	
0.695484	36.455832	0.000000	
0.000000	34.968695	8.093213	
43.626674	0.000000	1.437971	
43.751374	0.000000	0.000000	
24.998223	3.413119	8.845082	
26.277694	3.587811	9.297795	
24.236561	3.309126	8.575584	
15.746320	8.184002	1.455053	
15.696862	8.116111	1.239175	
13.032969	10.910437	0.000000	
7.481960	13.296378	5.114588	
8.282466	9.954156	3.240567	
0.000000	22.805790	9.913685	
0.000000	15.868135	9.509996	
0.000000	18.152090	9.692529	
0.000000	18.152090	9.692529	
0.000000	21.545692	10.493958	
0.000000	21.814137	10.624706	
50.291471	0.000000	0.000000	
37.653608	0.000000	0.000000	
19.674889	0.000000	10.631816	
19.674889	0.000000	10.631816	
15.300448	7.952265	0.773760	
22.420896	9.004345	0.224409	
14.452374	12.098679	0.000000	
14.452374	12.098679	0.000000	
6.503152	17.997660	10.064540	
0.388504	21.995561	10.306307	
0.000000	18.595304	9.929189	
0.000000	22.805790	9.913685	
0.000000	22.918192	9.962546	
0.000000	22.918192	9.962546	
0.000000	20.220177	11.807044	
50.291471	0.000000	0.000000	
43.751374	0.000000	0.000000	
27.625317	3.771808	2.075548	
27.625317	3.771808	2.075548	
15.300448	7.952265	0.773760	
15.746320	8.184002	1.455053	
15.746320	8.184002	1.455053	
6.503152	17.997660	10.064540	
11.550906	22.421211	10.074900	
0.388494	21.995033	10.306060	
0.000000	18.595304	9.929189	
0.000000	22.918192	9.962546	
0.000000	19.810717	11.567950	
0.000000	22.918192	9.962546	
33.030677	0.000000	0.535533	
7.871212	0.590810	19.830570	
7.672058	0.703336	19.627557	
8.821298	0.662123	22.224197	
0.000000	0.000000	22.995921	
0.000000	0.000000	22.995921	
0.309593	0.035223	23.894287	
1.341792	0.000000	26.500617	
0.434243	0.187573	26.569476	
0.017494	0.020947	27.329710	
0.000000	25.504064	13.871815	
0.000000	41.081066	0.685451	
0.000000	20.220177	11.807044	
25.341010	0.000000	25.406116	
7.871212	0.590810	19.830570	
7.672058	0.703336	19.627557	
15.201473	8.051240	0.773760	
15.201473	8.051240	0.773760	
2.752433	0.000000	22.508457	
2.752433	0.000000	22.508457	
1.341792	0.000000	26.500617	
0.000000	0.000000	22.701059	
0.533014	21.720585	11.695569	
0.423505	0.298496	17.518572	
0.000000	24.060711	11.718913	
29.651949	0.000000	29.728131	
0.000000	0.000000	22.457040	
0.000000	0.000000	22.352714	
0.000000	0.000000	22.352714	
2.858974	0.352912	20.162332	
6.784484	0.964890	18.266679	
2.858974	0.352912	20.162332	
0.000000	0.000000	22.701059	
0.533014	21.720585	11.695569	
0.423505	0.298496	17.518572	
0.000000	25.098542	12.224394	
0.000000	0.000000	22.457040	
0.000000	0.000000	22.232354	
0.000000	0.000000	22.273211	
0.000000	0.000000	22.965485	
0.000000	0.000000	22.995921	
6.784484	0.964890	18.266679	
0.044409	0.005456	23.418466	
0.009665	0.001642	25.273025	
0.009021	0.001532	23.590104	
0.000000	25.098542	12.224394	
0.000000	0.000000	22.273211	
0.000000	0.000000	22.232354	
0.000000	0.000000	22.232354	
0.000000	0.000000	22.995921	
0.000000	0.000000	22.995921	
0.000000	0.000000	22.701059	
0.044409	0.005456	23.418466	
0.009021	0.001532	23.590104	
0.000000	0.000000	43.012504	
0.000000	0.000000	22.318591	
0.000000	0.000000	22.071941	
0.000000	0.000000	22.232354	
0.000000	0.000000	22.995921	
0.000000	0.000000	22.033067	
0.016904	0.001770	23.058515	
0.009478	0.001076	23.590104	
0.000000	0.000000	43.012504	
0.000000	0.000000	22.071941	
0.000000	0.000000	22.965485	
0.000000	0.000000	22.965485	
0.000000	0.000000	22.033067	
0.000000	0.000000	22.701059	
0.016820	0.001602	22.748150	
0.000000	0.000000	52.551268	
0.000000	0.000000	33.763610	
0.073650	0.009748	21.849938	
0.082565	0.010928	22.130064	
0.082433	0.010911	22.094570	
0.000000	0.000000	22.622236	
0.000000	0.000000	22.622236	
0.000000	0.000000	33.763610	
0.073650	0.009748	21.849938	
0.082565	0.010928	22.130064	
0.082433	0.010911	22.094570	
0.000000	0.000000	22.622236	
0.000000	0.000000	33.763610	
0.016796	0.001759	22.911125	
0.017044	0.001624	23.050427	
0.000000	0.000000	22.622236	
0.031268	0.000000	38.609545	
0.016904	0.001770	23.058515	
0.000000	0.000000	26.034954	
0.000000	0.000000	52.628223	
0.000000	0.000000	26.034954	
0.000000	0.000000	52.628223	
