0.286866	0.173524	0.052106	
0.457259	0.051925	0.000397	
0.322687	0.000390	0.189357	
0.000000	0.000000	0.509852	
0.173565	0.131365	0.203513	
0.022293	0.154110	0.335918	
0.129907	0.344415	0.035512	
0.239548	0.271152	0.000816	
0.001862	0.092957	0.425476	
0.315778	0.123654	0.070874	
0.222796	0.041452	0.248542	
0.142402	0.109342	0.256395	
0.092639	0.187321	0.229377	
0.130689	0.377092	0.001874	
0.007023	0.298953	0.209115	
0.194046	0.068537	0.247049	
0.373948	0.071205	0.065770	
0.244016	0.007670	0.256335	
0.000428	0.152013	0.358745	
0.004860	0.388109	0.120325	
0.341667	0.101892	0.066816	
0.342994	0.024594	0.144018	
0.432661	0.075058	0.000886	
0.119814	0.317657	0.071814	
0.297250	0.033882	0.177558	
0.421673	0.004106	0.092872	
0.006271	0.338039	0.165686	
0.465918	0.003605	0.043998	
0.392531	0.114098	0.001394	
0.128254	0.053961	0.327803	
0.002207	0.463635	0.042984	
0.229629	0.145821	0.133169	
0.262563	0.102815	0.145370	
0.101817	0.078289	0.332065	
0.410480	0.082995	0.016521	
0.290784	0.222693	0.000437	
0.193570	0.292224	0.027177	
0.178621	0.326626	0.004140	
0.271474	0.081737	0.156811	
0.065890	0.277456	0.168888	
0.337787	0.152787	0.019668	
0.096663	0.236059	0.178411	
0.257377	0.223803	0.028971	
0.457724	0.024682	0.027231	
0.001463	0.205501	0.302814	
0.315814	0.191035	0.004938	
0.366745	0.030881	0.110343	
0.331425	0.065773	0.112195	
0.474684	0.034410	0.001758	
0.005341	0.427797	0.076900	
0.334099	0.084682	0.091634	
0.122922	0.005091	0.380973	
0.298743	0.180688	0.038641	
0.409762	0.033940	0.066155	
0.242732	0.197374	0.070765	
0.082981	0.309605	0.120208	
0.389565	0.034404	0.089964	
0.487227	0.000588	0.021400	
0.355755	0.015905	0.135899	
0.177113	0.263833	0.070266	
0.073617	0.111722	0.341713	
0.202250	0.128137	0.178230	
0.000000	0.521681	0.000002	
0.189573	0.227641	0.093798	
0.356666	0.116956	0.036058	
0.417581	0.057045	0.033454	
0.868067	0.000000	0.000001	
0.238263	0.068597	0.202066	
0.003992	0.260043	0.244883	
0.178863	0.266440	0.065829	
0.184923	0.161891	0.165124	
0.307623	0.182685	0.019657	
0.287815	0.220419	0.004693	
0.437303	0.001089	0.070707	
0.437303	0.001089	0.070707	
0.458299	0.049917	0.005744	
0.131352	0.055265	0.323379	
0.152799	0.308967	0.047426	
0.287815	0.220419	0.004693	
0.453208	0.039242	0.016383	
0.243219	0.020649	0.248184	
0.368581	0.095567	0.047517	
0.150640	0.111896	0.247005	
0.212039	0.000001	0.296486	
0.453208	0.039242	0.016383	
0.138636	0.366657	0.003446	
0.198657	0.198360	0.110330	
0.367410	0.008400	0.133296	
0.150640	0.111896	0.247005	
0.367410	0.008400	0.133296	
0.367410	0.008400	0.133296	
0.000000	0.000000	0.000000	
0.000000	0.000000	0.000000	
0.000000	0.000000	0.000000	
0.000000	0.000000	0.000000	
0.000000	0.000000	0.000000	
0.000000	0.000000	0.000000	
0.000000	0.000000	0.000000	
0.000000	0.000000	0.000000	
0.000000	0.000000	0.000000	
