3.616687	0.948080	7.237993	
8.525401	0.078826	0.301191	
9.683919	0.746436	0.275120	
0.001043	11.883878	3.020195	
22.254821	1.719847	0.020130	
0.009817	31.888481	3.145461	
8.223871	0.030152	3.102948	
12.086825	0.249225	0.887268	
0.000009	0.000000	11.930008	
1.085682	0.002765	7.112905	
1.910815	12.139905	0.000124	
32.615071	0.001959	0.000023	
0.405533	7.596477	7.661855	
0.769582	3.833094	4.079725	
0.903546	9.859923	0.000787	
3.862616	1.084302	4.384854	
19.029710	6.168014	0.022765	
7.602105	0.027873	3.282076	
5.089750	1.032231	4.539610	
8.307846	0.002522	13.106683	
10.305047	0.003191	1.476854	
15.402022	5.097835	0.008836	
0.257989	7.083720	2.947146	
0.001385	40.487271	0.000628	
0.159140	7.936447	1.137834	
6.741334	1.957021	0.435906	
3.553335	1.664167	6.586136	
11.262501	0.111992	2.890485	
0.718149	8.065722	0.221486	
0.011517	13.137654	0.448330	
0.598234	6.749486	3.050408	
10.668824	0.039116	1.382811	
6.977697	2.262273	0.466613	
3.855572	1.068086	4.364238	
0.805950	8.794913	0.327659	
0.229219	7.123123	3.052327	
0.001401	40.959679	0.000635	
17.545499	0.005326	3.800482	
0.011024	12.574291	0.326869	
15.388757	5.077945	0.008821	
32.935980	0.001978	0.000024	
2.690105	17.090937	0.008526	
1.306753	0.004234	8.567185	
0.000016	0.000000	12.245501	
10.964253	0.845124	0.311494	
3.992282	1.014734	7.939232	
0.000264	33.247948	3.278574	
12.160882	0.024487	1.496371	
0.002972	33.877737	8.877854	
30.755289	2.302806	0.027757	
1.804001	33.792683	0.000211	
0.073829	10.160970	1.236696	
7.139333	0.554562	3.044138	
9.013245	0.083336	0.318426	
5.159760	1.046429	4.602053	
0.095031	13.078942	0.665277	
0.193542	9.652122	1.410581	
5.206940	1.599004	6.813296	
7.765993	0.028749	3.286645	
0.810904	8.848975	0.329674	
10.868797	0.042979	0.376033	
0.229580	7.134324	3.057127	
2.794782	17.755972	0.000180	
32.900730	0.002737	0.000024	
0.000017	0.000000	13.014304	
1.310805	0.004608	8.596107	
12.776870	0.984840	0.366578	
3.088427	34.378272	0.000134	
12.129388	0.044314	1.572098	
15.190448	0.004611	1.166036	
0.002135	62.430464	0.000968	
7.383111	2.393715	0.489952	
0.000473	59.531642	5.870405	
8.084371	1.762085	0.386807	
0.206606	10.303616	1.505792	
0.003499	8.907655	0.000053	
0.014446	16.477663	0.428337	
10.256640	0.452156	0.282464	
110.992970	0.003462	0.000079	
0.186649	9.308330	3.696801	
0.000000	0.000017	13.639722	
8.128184	0.012703	3.501846	
0.001507	132.352693	0.001146	
8.570912	0.035729	3.628981	
8.570912	0.035729	3.628981	
0.000084	24.090816	3.068059	
0.000084	24.090816	3.068059	
0.000084	24.090816	3.068059	
11.990712	0.534611	0.020261	
11.043735	0.486854	0.305842	
11.043735	0.486854	0.305842	
0.000000	0.000000	0.000000	
0.000000	0.000000	0.000000	
0.000000	0.000000	0.000000	
0.000000	0.000000	0.000000	
0.000000	0.000000	0.000000	
0.000000	0.000000	0.000000	
0.000000	0.000000	0.000000	
0.000000	0.000000	0.000000	
0.000000	0.000000	0.000000	
