13.050110	1.314981	47.612763	
1.176028	22.550892	36.924404	
2.812815	60.558013	11.673260	
20.058357	34.141401	0.038048	
0.231823	68.325423	11.525141	
5.535165	0.295453	46.663579	
1.047847	43.966893	16.992348	
1.748264	43.781532	17.186773	
4.375644	0.017473	88.191293	
13.627187	0.217304	97.708277	
18.338717	41.497225	5.328309	
0.646262	4.704289	46.899082	
0.012083	32.022790	60.756166	
43.259315	14.044426	12.275843	
0.148668	33.819500	54.219213	
14.701312	0.032529	50.708328	
84.128244	0.186147	0.112149	
77.882701	18.544400	1.698797	
0.061570	15.080924	54.593867	
0.037724	132.296306	0.150048	
3.725313	64.727043	0.108205	
24.175755	1.263017	11.545118	
32.707440	0.303991	51.373184	
10.121961	13.199429	15.727284	
11.828555	75.283172	0.165462	
0.262613	16.875705	53.034459	
12.702964	17.346464	16.252762	
18.317948	2.253430	80.202618	
0.012728	3.751217	81.256441	
82.538854	0.329599	14.736645	
48.683551	5.089166	0.771482	
33.654105	3.560738	16.875348	
4.800773	7.404227	138.603949	
0.006044	0.000745	259.922952	
0.208730	61.519323	34.006775	
40.530976	9.650700	10.750125	
27.833049	40.334664	34.995692	
0.257252	16.531234	52.991305	
66.650186	8.199147	0.057743	
0.006091	0.000750	261.938545	
0.096842	239.140625	0.164447	
16.918054	124.051730	0.119265	
91.644235	0.202777	0.122169	
30.531992	50.415712	1.968936	
6.382502	0.560159	58.761533	
0.231860	68.336532	11.527015	
0.752626	7.881315	72.492170	
32.073392	67.066202	0.729064	
21.549716	0.614092	74.155036	
2.418145	61.305563	0.084761	
1.311816	25.154691	41.203625	
0.195528	44.479552	72.440603	
30.625621	39.936998	47.585429	
0.006408	28.865889	51.049489	
1.130819	9.482909	179.407870	
0.234679	50.200656	19.038537	
59.269522	0.006570	97.916863	
32.164335	1.826628	14.621394	
11.291627	2.430992	172.542308	
0.056768	26.031951	86.234395	
41.702168	0.092273	23.879609	
68.039309	0.007542	106.148576	
0.278911	17.923067	56.325955	
1.464809	43.614150	18.256683	
88.234837	10.854439	0.076443	
0.967135	7.535301	71.388033	
51.736188	12.148721	13.685689	
33.590922	57.175227	0.075565	
0.015256	68.726731	111.640205	
0.008600	0.001059	369.838860	
22.185036	0.049088	79.329163	
190.541491	0.021121	0.477245	
3.952927	75.799232	3.879470	
0.120785	298.265147	0.205104	
7.059208	0.488645	63.883783	
0.014359	0.023084	175.007570	
4.638963	86.576441	0.009674	
36.043469	2.047755	17.287300	
0.022298	59.095538	0.436581	
99.012351	0.219081	0.362143	
8.488003	0.451308	69.877465	
81.757830	6.267088	0.321245	
34.663689	59.001188	0.059945	
1.026337	10.150390	81.295475	
61.703515	14.489255	16.530060	
65.899720	0.007305	96.813990	
0.088363	20.854318	65.009669	
43.294390	62.740689	0.906598	
126.279499	0.279413	0.168340	
0.098145	37.308815	106.387604	
99.659217	12.259838	0.009416	
0.000000	0.000000	0.000000	
0.000000	0.000000	0.000000	
0.000000	0.000000	0.000000	
0.000000	0.000000	0.000000	
0.000000	0.000000	0.000000	
0.000000	0.000000	0.000000	
0.000000	0.000000	0.000000	
0.000000	0.000000	0.000000	
0.000000	0.000000	0.000000	
