0.246450	7.658563	3.384416	
5.089750	1.032231	4.539610	
0.000017	0.000000	13.014304	
10.668824	0.039116	1.382811	
0.810904	8.848975	0.329674	
11.243811	0.001366	5.288364	
0.837235	38.681117	0.047994	
0.987445	9.400094	1.094586	
3.088427	34.378272	0.000134	
0.211714	14.477667	1.547892	
0.560445	21.085971	0.753005	
0.791149	20.429520	0.070644	
0.014176	26.002583	3.359775	
10.868797	0.042979	0.376033	
0.397622	14.959984	1.117756	
0.389358	14.649067	1.584672	
0.917120	14.589946	1.112796	
0.947622	27.778400	0.196031	
0.022335	22.010065	0.970242	
0.002803	246.228064	0.002132	
0.042616	19.294212	1.219720	
5.415671	0.624311	9.613303	
0.449082	14.345416	3.099979	
0.373564	14.054834	3.319847	
1.306753	0.004234	8.567185	
7.765993	0.028749	3.286645	
32.935980	0.001978	0.000024	
0.002564	225.242244	0.816495	
2.794782	17.755972	0.000180	
6.977697	2.262273	0.466613	
7.602105	0.027873	3.282076	
0.782973	16.968978	1.119750	
110.992970	0.003462	0.000079	
10.256640	0.452156	0.282464	
0.022391	22.835317	8.311055	
15.190448	0.004611	1.166036	
0.225986	27.055587	1.071725	
1.121214	12.235227	0.595195	
0.186649	9.308330	3.696801	
0.000000	0.000017	13.639722	
1.708124	62.316091	0.000575	
6.248605	1.764400	5.863060	
0.986337	29.750543	0.102323	
12.129388	0.044314	1.572098	
0.898017	14.286046	1.583554	
5.992995	0.294165	9.493587	
0.183251	17.802932	1.680190	
0.006579	68.754324	0.001066	
3.090447	37.389409	0.001072	
3.653292	29.197999	0.000295	
4.315704	27.418785	0.000278	
0.013458	33.232319	0.000515	
9.833804	2.143395	0.470510	
42.993327	0.011334	0.000031	
0.000001	0.000019	15.058464	
6.978831	1.415347	6.498548	
0.169441	10.131353	4.010539	
15.289874	0.009876	5.823387	
0.026796	27.327796	1.204615	
0.188164	26.876310	2.647834	
8.307846	0.002522	13.106683	
14.631354	0.012670	1.731580	
5.925592	65.959655	0.000257	
14.109241	1.032579	0.934978	
0.017164	42.383728	0.000657	
6.322350	70.827614	0.000132	
11.637106	2.536446	0.556792	
13.639819	0.024591	5.877819	
0.000021	0.000000	16.373396	
32.524150	0.014148	0.000023	
0.167627	11.353074	4.518985	
13.501814	0.176529	1.442938	
0.241902	26.383175	2.805614	
19.318744	0.851651	0.566781	
18.791608	0.005704	2.554386	
0.366636	11.350512	4.322861	
0.009817	31.888481	3.145461	
24.085263	0.014840	0.000086	
29.715833	0.004472	11.576600	
0.000036	0.000000	28.149297	
0.019919	79.889815	0.000030	
25.292271	0.100015	0.997507	
0.021855	53.968898	0.000320	
0.012190	39.594974	3.905625	
25.504493	0.015714	0.000091	
0.226586	7.367332	5.879007	
0.000000	0.000053	40.958010	
0.023065	92.509027	0.000034	
12.308800	2.153823	0.046035	
0.001862	39.832279	4.797357	
0.278491	13.888609	5.515857	
0.000000	0.000000	0.000000	
0.000000	0.000000	0.000000	
0.000000	0.000000	0.000000	
0.000000	0.000000	0.000000	
0.000000	0.000000	0.000000	
0.000000	0.000000	0.000000	
0.000000	0.000000	0.000000	
0.000000	0.000000	0.000000	
0.000000	0.000000	0.000000	
