0.125551	0.041198	0.333330	
0.042388	0.000794	0.456890	
0.208082	0.291917	0.000060	
0.041248	0.125496	0.333358	
0.205482	0.205787	0.088808	
0.125010	0.124818	0.250249	
0.043017	0.334476	0.122587	
0.334727	0.123456	0.041893	
0.376092	0.123411	0.000576	
0.289592	0.125645	0.084908	
0.165912	0.125687	0.208459	
0.329043	0.081106	0.089926	
0.373861	0.084321	0.041893	
0.330920	0.166241	0.002914	
0.166546	0.166883	0.166652	
0.125074	0.374247	0.000738	
0.041133	0.041700	0.417229	
0.077275	0.329283	0.093517	
0.291545	0.083339	0.125196	
0.375180	0.000081	0.124832	
0.252065	0.164885	0.083130	
0.291891	0.041542	0.166647	
0.166506	0.333447	0.000126	
0.158831	0.218281	0.122968	
0.083013	0.375147	0.041891	
0.122772	0.252866	0.124447	
0.084215	0.291257	0.124632	
0.042445	0.375925	0.081715	
0.330770	0.002229	0.167088	
0.001244	0.000325	0.498506	
0.125458	0.209551	0.165051	
0.000074	0.125260	0.374741	
0.209290	0.000045	0.290756	
0.016506	0.166968	0.316608	
0.208397	0.166692	0.125020	
0.292143	0.166171	0.041759	
0.001143	0.333313	0.165668	
0.250533	0.126217	0.123306	
0.124036	0.085294	0.290749	
0.083469	0.249959	0.166649	
0.082910	0.122892	0.294275	
0.288959	0.004130	0.206998	
0.000656	0.376678	0.122740	
0.082194	0.415902	0.001979	
0.249999	0.005053	0.245020	
0.250768	0.207581	0.041730	
0.003653	0.413278	0.083127	
0.418560	0.039687	0.041837	
0.002032	0.208241	0.289778	
0.000020	0.500060	0.000004	
0.041119	0.254855	0.204107	
0.172931	0.237659	0.089487	
0.041664	0.291876	0.167623	
0.082846	0.208656	0.208619	
0.086768	0.038565	0.374739	
0.044983	0.454890	0.000208	
0.045595	0.067849	0.386635	
0.000718	0.042265	0.457091	
0.000027	0.291565	0.208487	
0.213062	0.243422	0.043595	
0.166896	0.040945	0.292239	
0.126973	0.000041	0.373066	
0.124029	0.291535	0.084517	
0.263934	0.072224	0.163918	
0.120912	0.169626	0.209521	
0.498147	0.001356	0.000576	
0.206560	0.039174	0.254316	
0.168714	0.080790	0.250575	
0.166933	0.291341	0.041812	
0.036101	0.213152	0.250822	
0.457933	0.000251	0.041893	
0.124162	0.334095	0.041820	
0.000532	0.083477	0.416074	
0.455837	0.043222	0.000999	
0.292952	0.205498	0.001628	
0.045534	0.165521	0.289024	
0.063154	0.002963	0.433960	
0.000335	0.250175	0.249547	
0.083612	0.080652	0.335816	
0.004436	0.455279	0.040366	
0.378905	0.034491	0.086683	
0.250415	0.249600	0.000054	
0.333246	0.042014	0.124832	
0.255576	0.036374	0.208130	
0.208493	0.124840	0.166724	
0.416135	0.083820	0.000126	
0.041805	0.416383	0.041894	
0.413366	0.000089	0.086628	
0.212880	0.077658	0.209521	
0.081025	0.166883	0.252176	
0.213056	0.243414	0.043608	
0.000000	0.000000	0.000000	
0.000000	0.000000	0.000000	
0.000000	0.000000	0.000000	
0.000000	0.000000	0.000000	
0.000000	0.000000	0.000000	
0.000000	0.000000	0.000000	
0.000000	0.000000	0.000000	
0.000000	0.000000	0.000000	
0.000000	0.000000	0.000000	
