1.000885	0.001000	0.001818	
0.999890	0.060693	0.001819	
0.994113	0.126802	0.001787	
0.981239	0.198362	0.000186	
0.962401	0.273861	0.000511	
0.936381	0.356183	0.009716	
0.894638	0.450703	0.000235	
0.844008	0.537298	0.004496	
0.782769	0.623437	0.000996	
0.709078	0.711580	0.001928	
0.625262	0.782409	0.003566	
0.533500	0.848106	0.006920	
0.451103	0.896531	0.000821	
0.356052	0.935468	0.004420	
0.276099	0.961526	0.004049	
0.191559	0.983532	0.001938	
0.125653	0.996739	0.003577	
0.060132	0.999299	0.000281	
0.000002	1.000916	0.000413	
1.000014	0.004082	0.054528	
0.997287	0.062414	0.062282	
0.990150	0.131029	0.065909	
0.975798	0.209698	0.070924	
0.952826	0.298130	0.076548	
0.920493	0.385076	0.077296	
0.877424	0.478774	0.079862	
0.812043	0.579693	0.080770	
0.747110	0.660685	0.079324	
0.662907	0.748521	0.084959	
0.572471	0.818235	0.075765	
0.477337	0.875563	0.080510	
0.385162	0.920308	0.076282	
0.300511	0.950299	0.085173	
0.207237	0.977844	0.069162	
0.138133	0.988608	0.065872	
0.061359	0.997089	0.059640	
0.001050	0.998983	0.056086	
0.995753	0.005365	0.119405	
0.991333	0.063092	0.134516	
0.981640	0.140634	0.135677	
0.966541	0.218521	0.146143	
0.939387	0.306189	0.165787	
0.899130	0.410667	0.163049	
0.846164	0.505869	0.177386	
0.778429	0.601052	0.185261	
0.700443	0.698759	0.173139	
0.603903	0.779696	0.169836	
0.512061	0.841783	0.176044	
0.407513	0.900185	0.165804	
0.320393	0.935195	0.153418	
0.230486	0.962651	0.153620	
0.139880	0.980386	0.144324	
0.062237	0.989769	0.134362	
0.000017	0.993054	0.124521	
0.980694	0.004003	0.202997	
0.974847	0.069898	0.216644	
0.964389	0.147915	0.223944	
0.946064	0.230235	0.233534	
0.911776	0.329335	0.249417	
0.864750	0.430334	0.262144	
0.799938	0.536774	0.269955	
0.728464	0.631726	0.270370	
0.632332	0.728094	0.270438	
0.525747	0.806904	0.272732	
0.432519	0.865744	0.258141	
0.331026	0.910788	0.258489	
0.235995	0.944012	0.233387	
0.147987	0.966118	0.219976	
0.069512	0.976271	0.209893	
0.001075	0.994312	0.196505	
0.966471	0.001482	0.273332	
0.952825	0.071920	0.300141	
0.939627	0.152295	0.312355	
0.907961	0.249401	0.342199	
0.874440	0.348998	0.342170	
0.814027	0.459766	0.358612	
0.746204	0.555680	0.370590	
0.662256	0.648235	0.379413	
0.551147	0.748731	0.372223	
0.455476	0.820039	0.351690	
0.349017	0.871751	0.347937	
0.248255	0.913881	0.324252	
0.153416	0.938866	0.316605	
0.078322	0.953881	0.292428	
0.000696	0.964845	0.276047	
0.934236	0.002451	0.358361	
0.922747	0.079631	0.384279	
0.899822	0.161566	0.412165	
0.864951	0.259939	0.431215	
0.815303	0.364716	0.451950	
0.750411	0.474353	0.465119	
0.664270	0.572768	0.482731	
0.578855	0.661747	0.478510	
0.465010	0.753248	0.467012	
0.362409	0.816608	0.451346	
0.254184	0.857843	0.447146	
0.163757	0.898732	0.409890	
0.081704	0.925447	0.374632	
0.001475	0.934981	0.357554	
0.895372	0.001715	0.446916	
0.877520	0.075728	0.477423	
0.843557	0.168935	0.512798	
0.806521	0.261700	0.531878	
0.738459	0.371290	0.563387	
0.665946	0.484224	0.570937	
0.580189	0.578123	0.579882	
0.469817	0.670836	0.575461	
0.373779	0.744050	0.558934	
0.272988	0.805946	0.540764	
0.178495	0.843112	0.509366	
0.071199	0.877048	0.481471	
0.000941	0.895231	0.449167	
0.843505	0.002845	0.538404	
0.816267	0.081324	0.572900	
0.775741	0.175064	0.607170	
0.728015	0.271311	0.631905	
0.645250	0.385234	0.662492	
0.575899	0.484714	0.663580	
0.479429	0.572909	0.669841	
0.356499	0.656421	0.666411	
0.273722	0.723251	0.637531	
0.174260	0.781999	0.605815	
0.081745	0.819778	0.575517	
0.000018	0.842022	0.542164	
0.781377	0.002881	0.625006	
0.748188	0.097685	0.659246	
0.699007	0.180988	0.694506	
0.633606	0.271824	0.725548	
0.551170	0.372824	0.746690	
0.472639	0.469648	0.750027	
0.374189	0.548635	0.748578	
0.275816	0.638834	0.719367	
0.173531	0.696515	0.700282	
0.078786	0.748167	0.661002	
0.002436	0.780477	0.625857	
0.706741	0.005073	0.709815	
0.661196	0.086327	0.746294	
0.605031	0.164817	0.779670	
0.532484	0.270246	0.806200	
0.447525	0.368804	0.815664	
0.365194	0.451483	0.814313	
0.258434	0.545675	0.798245	
0.176314	0.605239	0.780469	
0.079852	0.657633	0.751861	
0.002344	0.709377	0.706098	
0.627891	0.000405	0.781006	
0.574781	0.083406	0.816918	
0.511386	0.169562	0.846280	
0.428717	0.255957	0.868157	
0.350552	0.346546	0.870594	
0.261528	0.426636	0.866414	
0.171426	0.506103	0.846197	
0.083794	0.568986	0.819772	
0.001096	0.621952	0.785395	
0.534843	0.002598	0.847255	
0.482184	0.080581	0.874560	
0.411677	0.154032	0.899621	
0.326400	0.246111	0.915317	
0.253575	0.331949	0.909432	
0.161874	0.409135	0.901066	
0.085295	0.484039	0.871370	
0.001521	0.539140	0.843012	
0.448871	0.001440	0.893723	
0.379467	0.076162	0.923755	
0.314157	0.159209	0.938591	
0.240415	0.234579	0.943062	
0.158234	0.314841	0.939048	
0.076168	0.380769	0.922860	
0.000469	0.445791	0.895791	
0.359763	0.001866	0.934222	
0.289781	0.078195	0.956347	
0.226752	0.149786	0.962863	
0.143588	0.224520	0.965181	
0.069284	0.293048	0.958373	
0.000971	0.361097	0.933061	
0.277882	0.000264	0.961944	
0.214037	0.066684	0.977586	
0.142843	0.137502	0.981191	
0.070386	0.212480	0.976063	
0.000356	0.274675	0.964816	
0.193892	0.003923	0.983349	
0.126277	0.063736	0.992549	
0.068003	0.135841	0.988613	
0.000014	0.193074	0.981732	
0.124290	0.000384	0.994335	
0.065814	0.063065	0.997485	
0.000009	0.127037	0.993771	
0.062748	0.000188	0.998754	
0.001464	0.057549	0.998991	
0.000505	0.000798	1.000777	
0.000000	0.000000	0.000000	
0.000000	0.000000	0.000000	
0.000000	0.000000	0.000000	
0.000000	0.000000	0.000000	
0.000000	0.000000	0.000000	
0.000000	0.000000	0.000000	
0.000000	0.000000	0.000000	
0.000000	0.000000	0.000000	
0.000000	0.000000	0.000000	
0.000000	0.000000	0.000000	
