6.650338	0.016993	
23.817087	0.135066	
20.232485	0.167328	
8.102462	0.124118	
9.225848	0.186160	
9.892236	0.208184	
8.154608	0.214298	
22.928818	0.680176	
133.640466	4.367865	
9.752870	0.352973	
8.013367	0.330042	
17.130423	0.705541	
14.887760	0.712580	
44.857399	2.283804	
9.394163	0.512424	
16.221209	0.945790	
216.868209	12.883067	
6.277580	0.420433	
17.607883	1.227632	
10.211178	0.758045	
8.571680	0.667689	
19.216949	1.520527	
7.545628	0.637175	
11.059821	0.970825	
208.588727	19.195910	
11.293531	1.072222	
41.582877	4.092637	
13.303045	1.382297	
5.386865	0.604454	
102.342061	11.524359	
13.491076	1.585904	
22.510601	2.707213	
16.249667	2.041351	
13.957576	1.828415	
16.399163	2.295201	
8.746423	1.243521	
21.433770	3.130609	
9.755586	1.497446	
20.270436	3.125692	
14.474255	2.360923	
15.669461	2.623159	
21.200221	3.717900	
28.648332	5.125760	
6.773950	1.253735	
6.163428	1.166590	
9.055502	1.752947	
201.690873	39.629126	
12.240625	2.536677	
23.443975	4.998101	
79.755763	17.003402	
10.839325	2.395510	
16.222627	3.679679	
12.234462	2.860968	
20.836840	4.948825	
16.305628	3.960983	
18.541217	4.576926	
92.069618	23.180235	
13.984345	3.600787	
18.764999	4.895614	
11.715302	3.121510	
66.752796	18.196315	
8.774516	2.446247	
21.740487	6.153783	
15.826391	4.595300	
19.940478	5.845601	
9.833182	2.981835	
13.312485	4.051046	
8.761240	2.747494	
11.827416	3.799250	
14.615267	4.732234	
24.069706	7.949684	
10.507131	3.560630	
14.143936	4.869462	
28.886712	10.058478	
7.065314	2.498668	
10.488501	3.806361	
8.424804	3.074227	
13.282635	4.938152	
13.522689	5.098054	
20.158763	7.721376	
15.743423	6.128145	
24.900885	9.922860	
17.688156	7.191478	
14.094944	5.778509	
14.168198	5.956719	
6.323547	2.692703	
14.674524	6.322739	
7.959738	3.492086	
37.133047	16.428646	
9.819269	4.430620	
15.018464	6.938336	
11.861732	5.525521	
27.778695	13.094638	
11.633729	5.593309	
10.853325	5.313598	
15.353946	7.645014	
14.670994	7.382035	
14.515947	7.407620	
12.641263	6.535756	
16.927525	8.901949	
21.033402	11.245884	
21.871397	11.808749	
10.367726	5.721371	
10.513985	5.875648	
10.524232	5.991062	
14.458361	8.322614	
11.823375	6.875767	
10.413965	6.185925	
8.229441	4.935915	
15.690220	9.575468	
10.025162	6.147860	
8.908082	5.596959	
7.144502	4.521557	
9.261826	6.004391	
10.158712	6.644860	
14.863997	9.834058	
9.949141	6.728312	
239.949579	162.059984	
19.736520	13.623907	
11.566660	8.089335	
11.363931	8.019646	
14.012129	10.133580	
12.482046	9.121536	
160.916679	118.813713	
7.465339	5.563017	
15.007736	11.415488	
10.361079	7.998927	
7.716211	6.023221	
16.827484	13.371111	
11.503642	9.186394	
7.394209	5.993304	
8.577009	7.079567	
11.782392	9.894202	
13.118117	11.067113	
8.451957	7.273031	
8.658722	7.534361	
14.286295	12.565990	
15.560050	13.877966	
50.007993	45.126815	
8.068720	7.358662	
7.459102	6.968089	
15.185904	14.364629	
7.098895	6.769835	
25.785802	24.945201	
5.716301	5.581157	
10.995438	11.001392	
9.320573	9.435710	
12.863636	13.184071	
7.722809	7.970145	
10.542142	11.007369	
11.455336	12.136960	
8.161287	8.811117	
9.541570	10.374699	
10.712794	11.817623	
11.307046	12.717076	
11.044264	12.509103	
9.891022	11.386096	
19.234211	22.435730	
16.810486	19.906681	
12.205153	14.730346	
6.873690	8.360953	
110.007779	135.657766	
8.541825	10.699428	
13.900957	17.545008	
10.070328	12.893092	
9.742961	12.627306	
7.236260	9.484005	
9.675282	12.883477	
14.053870	19.138136	
9.225443	12.704274	
21.972735	30.655000	
8.355850	11.727560	
6.757657	9.635531	
9.646122	14.053034	
7.925247	11.626203	
4.671896	7.009957	
7.387699	11.200390	
8.448505	12.999462	
5.642034	8.794158	
5.843672	9.254554	
5.451388	8.713127	
9.193646	14.903642	
12.443780	20.427561	
6.931188	11.565382	
6.633251	11.270718	
10.429255	18.033498	
38.792552	67.450898	
6.325039	11.203488	
4.388973	7.884677	
13.597090	24.634736	
3.867262	7.185811	
5.198306	9.796378	
8.822935	16.770423	
5.783274	11.115347	
8.991353	17.522379	
6.778025	13.431958	
10.267332	20.714235	
7.799978	16.052441	
5.953803	12.379084	
5.529394	11.741224	
8.101743	17.423001	
6.657255	14.411319	
11.693429	25.819908	
4.596821	10.388025	
5.285726	12.139183	
4.501624	10.530477	
4.202177	9.918061	
5.626131	13.462173	
2.028215	4.922362	
5.227756	12.898059	
5.344440	13.351299	
4.475391	11.507500	
6.860371	17.816468	
3.525143	9.337915	
4.361733	11.752689	
7.449183	20.557874	
4.910559	13.778884	
9.266256	26.358455	
4.878924	14.044091	
6.195259	18.157788	
5.729928	17.211105	
6.445785	19.620927	
5.087976	15.674042	
5.220168	16.415886	
5.061249	16.385283	
3.227471	10.500338	
3.417593	11.347707	
4.824106	16.456662	
3.953055	13.632281	
3.462249	12.295663	
3.793843	13.642888	
3.796249	13.918018	
4.242699	15.975646	
4.323477	16.656718	
3.081425	12.000384	
2.535864	10.174179	
3.122280	12.691990	
3.658123	15.292781	
4.222900	18.013743	
3.264744	14.281618	
3.132112	14.004611	
1.623164	7.411933	
3.568677	16.645832	
3.122460	14.916946	
1.844930	8.998880	
3.140028	15.694033	
3.197442	16.446798	
2.174634	11.263132	
3.353766	18.016821	
2.890695	15.787833	
2.370283	13.344972	
1.931215	11.229025	
1.265201	7.531765	
1.943559	11.735128	
3.658170	23.001190	
2.707397	17.348748	
1.640271	11.020334	
4.611386	31.351975	
1.882517	13.372632	
1.937228	14.076906	
2.974602	22.614278	
2.228837	17.364126	
1.446076	11.465178	
1.543094	12.701740	
3.471820	30.030015	
0.995428	8.791708	
1.392800	12.931901	
1.807531	17.512699	
1.293235	13.127718	
1.574425	16.171854	
1.666027	18.245244	
1.083875	12.161905	
1.062795	12.445687	
1.005094	12.441473	
0.772437	10.301267	
0.686379	9.515351	
1.184882	17.459870	
1.381150	21.435506	
0.726478	12.017807	
0.805104	14.584067	
0.611937	11.084935	
0.539263	10.572079	
1.816645	41.154093	
1.117351	26.093802	
0.648042	16.644127	
0.648085	18.864609	
0.516743	16.649809	
0.660579	24.313177	
0.270195	10.385475	
0.262607	12.915114	
0.186293	10.951622	
0.242470	15.727355	
0.145203	12.451855	
0.107671	12.378772	
0.090175	23.470031	
0.007483	11.536950	
0.127612	14.671374	
0.090175	23.470031	
0.011178	19.120513	
943.312431	411.204260	
