2.322335	0.001367	
2.096687	0.009553	
2.465581	0.015057	
2.173179	0.020357	
2.281365	0.034060	
2.122400	0.037389	
2.655614	0.054761	
2.122149	0.049632	
2.495205	0.069904	
2.468172	0.077365	
2.519012	0.086450	
2.226773	0.086201	
2.608294	0.107828	
2.204873	0.105088	
2.435723	0.118706	
2.343236	0.127176	
2.271414	0.129894	
3.093401	0.192379	
2.449775	0.156465	
2.087140	0.142715	
2.939394	0.211341	
2.530629	0.190388	
2.084282	0.169491	
2.901817	0.244035	
2.360249	0.209693	
3.179980	0.295687	
2.337198	0.220386	
2.074681	0.210569	
2.471511	0.256509	
2.190631	0.237406	
2.342625	0.262037	
2.756806	0.322636	
1.695790	0.205900	
2.672462	0.336218	
2.437040	0.316091	
2.376907	0.319903	
2.896215	0.397735	
2.260569	0.322939	
2.080829	0.304905	
2.413659	0.360564	
2.613794	0.401867	
3.252866	0.519456	
2.339673	0.381446	
2.548470	0.424170	
2.456779	0.424120	
3.494938	0.624756	
2.360526	0.427309	
2.855289	0.530549	
2.440790	0.469121	
2.428769	0.473293	
2.672957	0.534051	
2.414984	0.499298	
2.293394	0.482595	
2.426355	0.524213	
3.299833	0.720986	
2.438135	0.554312	
2.494914	0.580823	
2.776633	0.648644	
2.259856	0.549732	
3.155112	0.779315	
2.375171	0.597029	
2.565971	0.653063	
2.225504	0.583967	
2.356817	0.634729	
2.171241	0.594160	
2.461594	0.685315	
1.816440	0.518510	
2.277184	0.653752	
2.339755	0.690776	
2.376852	0.721094	
2.127185	0.656709	
2.681897	0.839134	
2.578688	0.813449	
2.302770	0.751565	
2.328230	0.761531	
2.410220	0.808204	
2.353201	0.803291	
2.626105	0.917084	
2.438757	0.855321	
2.604214	0.944134	
2.682095	0.973623	
2.621083	0.974821	
2.166204	0.815751	
2.097877	0.809627	
2.355892	0.915942	
2.367176	0.936506	
2.349148	0.952413	
2.233533	0.915279	
1.999117	0.841290	
2.157373	0.919947	
2.660332	1.146324	
2.207564	0.973202	
2.583935	1.145832	
2.477874	1.113998	
3.102764	1.429549	
1.956956	0.913313	
1.958738	0.926242	
2.460418	1.174002	
2.315245	1.133798	
2.025866	1.004925	
2.109034	1.066809	
2.355008	1.207638	
3.133690	1.612448	
2.690943	1.417151	
1.959149	1.043515	
3.053131	1.663874	
3.962969	2.162915	
3.039292	1.706991	
2.006369	1.137713	
2.255388	1.300807	
2.372367	1.387215	
2.413097	1.430637	
1.873670	1.121300	
2.419285	1.473309	
2.332106	1.443467	
2.307942	1.451880	
1.769225	1.122806	
1.764304	1.143302	
20.643279	13.400096	
2.325673	1.537968	
1.938167	1.304303	
1.483292	1.006548	
1.622221	1.123633	
2.518942	1.768430	
2.190637	1.559510	
2.069074	1.484025	
2.397844	1.742740	
2.061795	1.518475	
2.766055	2.058941	
1.442477	1.096811	
1.741876	1.343085	
1.837763	1.433284	
1.774219	1.402197	
1.944483	1.549817	
3.024459	2.443583	
1.924576	1.595348	
2.844933	2.380894	
1.973503	1.670589	
1.934684	1.659945	
2.296688	1.992212	
1.881497	1.664025	
1.574065	1.403504	
2.008475	1.816719	
1.835183	1.684430	
2.045399	1.899733	
1.686137	1.588936	
1.620097	1.540415	
1.766832	1.705474	
1.868450	1.821036	
2.308729	2.296271	
1.359069	1.369264	
2.377180	2.424645	
1.765892	1.825699	
1.484399	1.557784	
1.444285	1.527616	
1.527008	1.653927	
1.700091	1.866252	
1.492614	1.646205	
2.564507	2.888260	
1.560506	1.765655	
1.695530	1.948440	
1.369253	1.591936	
1.894411	2.244044	
1.623056	1.948972	
2.254534	2.730528	
1.515770	1.863825	
1.315864	1.650746	
1.424908	1.811781	
1.324440	1.697333	
1.079225	1.413704	
1.350656	1.781262	
1.473891	1.983224	
1.603551	2.182991	
1.315022	1.809918	
1.424163	1.974578	
1.660799	2.343458	
1.534014	2.192408	
1.401786	2.036480	
1.700373	2.517094	
1.349265	2.016099	
1.810249	2.723159	
1.223477	1.882741	
1.752507	2.739606	
1.592130	2.507938	
1.430858	2.292422	
1.309885	2.115291	
1.249007	2.045661	
1.326550	2.221531	
0.915428	1.556406	
1.265079	2.168326	
1.377657	2.400831	
1.276154	2.252125	
1.206284	2.163351	
1.710657	3.131187	
1.380910	2.558789	
1.140361	2.150684	
1.262213	2.408508	
1.065668	2.056358	
1.257275	2.463270	
0.972226	1.943688	
1.107660	2.225360	
1.222101	2.506475	
1.137539	2.374435	
0.984894	2.086161	
1.102012	2.362105	
1.097549	2.378854	
0.882016	1.944837	
1.314104	2.964838	
1.011608	2.324785	
1.302642	3.013427	
0.829109	1.958250	
1.364059	3.250417	
1.211281	2.952791	
0.939009	2.314145	
1.141884	2.881365	
1.115970	2.875943	
0.813187	2.112882	
1.246590	3.294979	
0.802663	2.160494	
0.975350	2.676054	
1.451041	4.043776	
1.491489	4.258281	
1.061929	3.042845	
0.851138	2.485999	
1.110567	3.322869	
1.056551	3.226365	
1.046762	3.254073	
0.608866	1.909656	
0.725657	2.331557	
0.702808	2.312268	
0.779470	2.590604	
0.755944	2.569094	
0.694438	2.409175	
0.677148	2.372699	
0.769819	2.756652	
0.881291	3.230857	
0.635350	2.375322	
0.669473	2.576781	
0.671639	2.610337	
0.573346	2.303765	
0.594560	2.410681	
0.665485	2.771799	
0.513171	2.167631	
0.633848	2.765188	
0.542055	2.418496	
0.485149	2.223889	
0.578429	2.675785	
0.476711	2.264317	
0.592200	2.900821	
0.425641	2.110076	
0.598872	3.048835	
0.416310	2.171899	
0.501661	2.665262	
0.473368	2.592168	
0.301874	1.687384	
0.251493	1.471535	
0.382972	2.302231	
0.444806	2.708260	
0.583357	3.672778	
0.537920	3.440069	
0.318774	2.144333	
0.387763	2.661297	
0.328696	2.299492	
0.347201	2.518219	
0.316004	2.357082	
0.390135	3.028239	
0.282686	2.294092	
0.286959	2.377841	
0.311499	2.740168	
0.292937	2.657887	
0.261021	2.397402	
0.256722	2.531301	
0.341389	3.407767	
0.212289	2.220177	
0.308316	3.420185	
0.248432	2.801706	
0.195873	2.337756	
0.138175	1.776655	
0.207012	2.804138	
0.208845	2.949451	
0.196755	2.822846	
0.181037	2.836171	
0.141514	2.364388	
0.138640	2.451629	
0.188082	3.552502	
0.153915	3.185758	
0.120933	2.670235	
0.096161	2.276159	
0.095492	2.527738	
0.102061	3.095382	
0.068325	2.134919	
0.041027	1.492021	
0.040426	1.680992	
0.051709	2.508547	
0.086635	4.905847	
0.029710	2.211272	
0.028630	2.626162	
0.015899	2.240533	
0.009380	2.836298	
0.000115	2.323500	
