1.002091	0.000000	0.000000	
1.000651	0.011318	0.000000	
0.999767	0.037276	0.000000	
0.999242	0.067260	0.000000	
0.997659	0.081346	0.000000	
0.993373	0.121885	0.000000	
0.992693	0.139701	0.000000	
0.987049	0.188412	0.000000	
0.979093	0.221477	0.000000	
0.972155	0.257336	0.000000	
0.959792	0.291407	0.000000	
0.953120	0.310675	0.000000	
0.939155	0.349955	0.000000	
0.926729	0.393983	0.000000	
0.904043	0.437896	0.000000	
0.888469	0.475255	0.000000	
0.865928	0.510941	0.000000	
0.840730	0.552360	0.000000	
0.818688	0.580793	0.000000	
0.788989	0.623597	0.000000	
0.760597	0.661889	0.000000	
0.730896	0.688341	0.000000	
0.696434	0.723906	0.000000	
0.655800	0.767567	0.000000	
0.626516	0.783699	0.000000	
0.580184	0.817095	0.000000	
0.553879	0.836346	0.000000	
0.500648	0.876288	0.000000	
0.472916	0.889659	0.000000	
0.429988	0.914262	0.000000	
0.397441	0.927419	0.000000	
0.361010	0.936456	0.000000	
0.318870	0.949607	0.000000	
0.283234	0.964960	0.000000	
0.251291	0.969751	0.000000	
0.211067	0.979239	0.000000	
0.184896	0.984971	0.000000	
0.160366	0.989508	0.000000	
0.123323	0.995203	0.000000	
0.098059	0.996461	0.000000	
0.034137	1.000089	0.000000	
0.034135	1.000052	0.000000	
0.011835	1.000551	0.000000	
0.000000	1.001692	0.000000	
1.001019	0.000000	0.016172	
1.000286	0.017712	0.009680	
0.999680	0.033195	0.019581	
0.998307	0.068558	0.001600	
0.995422	0.101607	0.000000	
0.993373	0.121885	0.000000	
0.991195	0.142361	0.000804	
0.984049	0.196745	0.016059	
0.978204	0.226710	0.000000	
0.969391	0.259614	0.000000	
0.957603	0.299074	0.000000	
0.949091	0.327299	0.002918	
0.931553	0.373026	0.000000	
0.917616	0.410359	0.000000	
0.900178	0.447016	0.002172	
0.882269	0.490995	0.000000	
0.856723	0.525793	0.000000	
0.836363	0.564409	0.017982	
0.800250	0.605805	0.000000	
0.775901	0.640951	0.008967	
0.745351	0.675004	0.001860	
0.708866	0.711036	0.001857	
0.676720	0.742374	0.000000	
0.646874	0.769491	0.000000	
0.603486	0.803113	0.023903	
0.563904	0.829589	0.000000	
0.521382	0.858472	0.029453	
0.488997	0.880938	0.021505	
0.450738	0.899972	0.006931	
0.413758	0.918601	0.000000	
0.361010	0.936456	0.000000	
0.318870	0.949607	0.000000	
0.297680	0.958558	0.000000	
0.251291	0.969751	0.000000	
0.227577	0.977354	0.000000	
0.196199	0.983994	0.000000	
0.160366	0.989508	0.000000	
0.132670	0.992886	0.002801	
0.098059	0.996461	0.000000	
0.076329	0.997813	0.017004	
0.042403	0.999979	0.018510	
0.017586	1.000133	0.013370	
0.000000	1.001407	0.012820	
0.999622	0.000000	0.045084	
0.999622	0.000000	0.045084	
0.999154	0.048416	0.014990	
0.998307	0.068558	0.001600	
0.995422	0.101607	0.000000	
0.992971	0.135900	0.000000	
0.988299	0.160712	0.040675	
0.983798	0.200503	0.000000	
0.976337	0.231116	0.000000	
0.964978	0.272241	0.056269	
0.955752	0.305064	0.000000	
0.941762	0.343941	0.000000	
0.928114	0.382235	0.000000	
0.909283	0.414302	0.065341	
0.893541	0.456587	0.001084	
0.874958	0.497200	0.052424	
0.851720	0.534314	0.000000	
0.818688	0.580793	0.000000	
0.791745	0.614267	0.043636	
0.763499	0.650055	0.039949	
0.726176	0.692787	0.021841	
0.694191	0.729152	0.029123	
0.648035	0.766195	0.039487	
0.619652	0.791918	0.058224	
0.580184	0.817095	0.000000	
0.541327	0.845554	0.019599	
0.500112	0.874190	0.036596	
0.462651	0.894070	0.042992	
0.421705	0.912765	0.006734	
0.379509	0.929923	0.045743	
0.341371	0.944836	0.020522	
0.299886	0.958356	0.045734	
0.268541	0.965822	0.000000	
0.231704	0.973658	0.010962	
0.197983	0.981514	0.032811	
0.167404	0.989196	0.000000	
0.132670	0.992886	0.002801	
0.095762	0.994938	0.051338	
0.078230	0.996736	0.038320	
0.049258	0.998643	0.041052	
0.017686	0.999217	0.047526	
0.000000	0.999846	0.047701	
0.998277	0.000000	0.067509	
0.998243	0.000000	0.072540	
0.998153	0.048224	0.076537	
0.997372	0.079626	0.050401	
0.995081	0.078386	0.081833	
0.990974	0.129691	0.078160	
0.988299	0.160712	0.040675	
0.982387	0.205595	0.007587	
0.974425	0.243846	0.078075	
0.964978	0.272241	0.056269	
0.953120	0.310675	0.000000	
0.939155	0.349955	0.000000	
0.922343	0.392968	0.000000	
0.908004	0.434311	0.047726	
0.883082	0.475277	0.042532	
0.860538	0.513905	0.035857	
0.837915	0.558884	0.102037	
0.808062	0.598257	0.021283	
0.774948	0.636295	0.077604	
0.745351	0.675004	0.001860	
0.708866	0.711036	0.001857	
0.672588	0.743606	0.018604	
0.637916	0.780430	0.079427	
0.595918	0.804292	0.069098	
0.552791	0.835264	0.029371	
0.511644	0.861302	0.023553	
0.478147	0.883880	0.011125	
0.430550	0.901730	0.100098	
0.393990	0.924170	0.084662	
0.357580	0.937787	0.029027	
0.307793	0.952337	0.074561	
0.268541	0.965822	0.000000	
0.240560	0.972942	0.000000	
0.204308	0.979152	0.078470	
0.171382	0.986194	0.036693	
0.135780	0.991121	0.063847	
0.110233	0.994620	0.026189	
0.077747	0.994934	0.071812	
0.045168	0.997535	0.065037	
0.000000	0.999196	0.065638	
0.000000	0.999423	0.067330	
0.996369	0.000000	0.101263	
0.995447	0.000000	0.104149	
0.994637	0.027100	0.104911	
0.994637	0.027100	0.104911	
0.992949	0.099526	0.107465	
0.991481	0.083628	0.114649	
0.986576	0.153790	0.110744	
0.982387	0.205595	0.007587	
0.973322	0.245123	0.081264	
0.958623	0.284716	0.112597	
0.949091	0.327299	0.002918	
0.931917	0.366613	0.079984	
0.916080	0.403669	0.123082	
0.894169	0.447285	0.086605	
0.876600	0.488974	0.043018	
0.849927	0.520054	0.114647	
0.824438	0.561612	0.137040	
0.790380	0.612739	0.060457	
0.761897	0.648693	0.090952	
0.726176	0.692787	0.021841	
0.690361	0.726832	0.084974	
0.645838	0.755907	0.119270	
0.613134	0.783228	0.133844	
0.563904	0.829589	0.000000	
0.533957	0.851005	0.014727	
0.490258	0.868709	0.139697	
0.438498	0.896962	0.114053	
0.404678	0.915636	0.103302	
0.346825	0.935608	0.108056	
0.307718	0.948483	0.127891	
0.285674	0.963006	0.118437	
0.247126	0.971779	0.048549	
0.206321	0.976406	0.107572	
0.178818	0.983505	0.092214	
0.119245	0.988043	0.110163	
0.111226	0.990729	0.097050	
0.065389	0.994391	0.087277	
0.042311	0.996241	0.092192	
0.012442	0.997115	0.097426	
0.000000	0.997339	0.091695	
0.992571	0.000000	0.127139	
0.992158	0.000000	0.131957	
0.992158	0.000000	0.131957	
0.990909	0.083736	0.124714	
0.986546	0.107908	0.136027	
0.984282	0.121853	0.148025	
0.981453	0.178321	0.121333	
0.975808	0.196165	0.132628	
0.965395	0.242439	0.136755	
0.957262	0.276898	0.164350	
0.944089	0.334878	0.112272	
0.925348	0.376701	0.153596	
0.900636	0.416671	0.168079	
0.885626	0.456901	0.161388	
0.863291	0.500694	0.142755	
0.839524	0.546460	0.119399	
0.811350	0.588710	0.173898	
0.774948	0.636295	0.077604	
0.747628	0.673651	0.000000	
0.711847	0.709690	0.060490	
0.668723	0.742576	0.110660	
0.627830	0.773256	0.174609	
0.583318	0.806072	0.146236	
0.548582	0.840085	0.177189	
0.490258	0.868709	0.139697	
0.461212	0.891386	0.127068	
0.419254	0.911189	0.149350	
0.353622	0.926392	0.167646	
0.336875	0.942918	0.083130	
0.292092	0.961638	0.014882	
0.241965	0.965139	0.156012	
0.219238	0.970605	0.150736	
0.178818	0.983505	0.092214	
0.112940	0.987584	0.135521	
0.107357	0.984786	0.142332	
0.042353	0.990970	0.141204	
0.029017	0.993184	0.129198	
0.000000	0.993837	0.125469	
0.000000	0.993837	0.125469	
0.990390	0.000000	0.152553	
0.989464	0.013403	0.156532	
0.988426	0.036931	0.169439	
0.986751	0.083384	0.153471	
0.984481	0.100071	0.157169	
0.982324	0.144782	0.154823	
0.972735	0.164086	0.182272	
0.964834	0.212703	0.188116	
0.960009	0.263544	0.154057	
0.941615	0.299467	0.182628	
0.935043	0.320107	0.185340	
0.917432	0.360074	0.194360	
0.892480	0.414248	0.209653	
0.880417	0.457234	0.191084	
0.847768	0.515099	0.195802	
0.819901	0.557793	0.214336	
0.795720	0.604057	0.123221	
0.756681	0.645077	0.210888	
0.722334	0.680859	0.192966	
0.673640	0.727528	0.210107	
0.634430	0.756729	0.193285	
0.596621	0.791990	0.208757	
0.557865	0.819614	0.215665	
0.485305	0.858353	0.212225	
0.458240	0.875767	0.213182	
0.426272	0.891082	0.183839	
0.387856	0.918300	0.212804	
0.341003	0.937476	0.181333	
0.274731	0.949863	0.174351	
0.243623	0.961515	0.175769	
0.222365	0.963829	0.176006	
0.182251	0.974835	0.150135	
0.148243	0.980198	0.168900	
0.091647	0.982877	0.174834	
0.028864	0.987962	0.172555	
0.046686	0.989971	0.149204	
0.000000	0.990058	0.158848	
0.000000	0.990058	0.158848	
0.983332	0.000000	0.189336	
0.983332	0.000000	0.189336	
0.982332	0.000000	0.201735	
0.978274	0.083971	0.193732	
0.974176	0.121463	0.208508	
0.973184	0.127332	0.205689	
0.968981	0.152715	0.210464	
0.962343	0.210914	0.229872	
0.947040	0.238004	0.226892	
0.933340	0.301946	0.219842	
0.910295	0.353310	0.240131	
0.903678	0.389525	0.207670	
0.884092	0.428840	0.211634	
0.853239	0.477250	0.232090	
0.840482	0.503425	0.247154	
0.795030	0.579492	0.202545	
0.773615	0.605815	0.250017	
0.724016	0.654378	0.223265	
0.705621	0.692948	0.228826	
0.652625	0.731981	0.241860	
0.613379	0.757114	0.261412	
0.560065	0.799921	0.259998	
0.528454	0.826062	0.244188	
0.485305	0.858353	0.212225	
0.424474	0.875239	0.252570	
0.370285	0.902541	0.254229	
0.344464	0.914825	0.235836	
0.268041	0.941144	0.231568	
0.268041	0.941144	0.231568	
0.227448	0.956583	0.224438	
0.144501	0.970452	0.218066	
0.144501	0.970452	0.218066	
0.096457	0.975802	0.202438	
0.084827	0.976456	0.206169	
0.008812	0.983634	0.198392	
0.000000	0.983963	0.196027	
0.000000	0.987946	0.175455	
0.979809	0.000000	0.217223	
0.976539	0.000000	0.229837	
0.973616	0.055306	0.232122	
0.972290	0.064091	0.236904	
0.966149	0.125160	0.243664	
0.966149	0.125160	0.243664	
0.959629	0.185064	0.244607	
0.945484	0.236559	0.264601	
0.941743	0.246785	0.268100	
0.927192	0.315247	0.248982	
0.901610	0.358157	0.277336	
0.875807	0.394312	0.295890	
0.859704	0.434220	0.292671	
0.840171	0.487565	0.291835	
0.805694	0.538528	0.293405	
0.784811	0.592297	0.277974	
0.740689	0.630292	0.303631	
0.697499	0.662715	0.309855	
0.648059	0.707104	0.316524	
0.604420	0.741800	0.301092	
0.561866	0.789636	0.290309	
0.538726	0.805221	0.301300	
0.472701	0.839835	0.288569	
0.444744	0.852220	0.285430	
0.388620	0.883901	0.286393	
0.348226	0.905008	0.272256	
0.318726	0.919405	0.281668	
0.245782	0.939957	0.267318	
0.229226	0.943004	0.262458	
0.174914	0.957414	0.263816	
0.146128	0.961239	0.250282	
0.071643	0.967664	0.246700	
0.059185	0.971943	0.229468	
0.054531	0.972462	0.235987	
0.004479	0.976577	0.229757	
0.000000	0.980936	0.215420	
0.970852	0.000000	0.247735	
0.969777	0.002025	0.257421	
0.965837	0.000000	0.268749	
0.962917	0.019270	0.274222	
0.960530	0.023756	0.286201	
0.955266	0.156146	0.279901	
0.948385	0.190109	0.285643	
0.942657	0.217596	0.285644	
0.924159	0.281159	0.302938	
0.908764	0.314844	0.298265	
0.873785	0.367470	0.329984	
0.862123	0.398543	0.322198	
0.833446	0.460428	0.344390	
0.815334	0.476270	0.348207	
0.784489	0.548439	0.346429	
0.759196	0.593231	0.349011	
0.704234	0.632710	0.344692	
0.656418	0.674510	0.349797	
0.639481	0.721420	0.345529	
0.580913	0.737358	0.356499	
0.546882	0.782701	0.336362	
0.502862	0.813445	0.322530	
0.458473	0.834819	0.340242	
0.411808	0.858002	0.321531	
0.345470	0.886410	0.326017	
0.322597	0.900726	0.322744	
0.270544	0.914963	0.307514	
0.240366	0.929561	0.309396	
0.171218	0.945510	0.287337	
0.126603	0.950633	0.295017	
0.075740	0.956753	0.286995	
0.074734	0.959222	0.275472	
0.033468	0.963964	0.267270	
0.010099	0.967984	0.258247	
0.000000	0.973033	0.247015	
0.964177	0.000000	0.287405	
0.959009	0.002728	0.299763	
0.955341	0.003989	0.307996	
0.953353	0.055010	0.309367	
0.943708	0.080784	0.325780	
0.935888	0.136969	0.336105	
0.935299	0.196155	0.336758	
0.921582	0.221081	0.351355	
0.905904	0.242746	0.359659	
0.883339	0.317275	0.370250	
0.866271	0.356940	0.356694	
0.834725	0.420255	0.375965	
0.822599	0.423415	0.392185	
0.796357	0.515796	0.341326	
0.765480	0.554239	0.375581	
0.726854	0.609433	0.403905	
0.682869	0.638248	0.393233	
0.643298	0.668949	0.396183	
0.597932	0.715353	0.394857	
0.556534	0.738373	0.396036	
0.510063	0.785780	0.362284	
0.457592	0.809086	0.389652	
0.406336	0.838909	0.381273	
0.371556	0.868515	0.363071	
0.328690	0.884341	0.339975	
0.276031	0.903825	0.357985	
0.216221	0.916827	0.343723	
0.177338	0.930896	0.337144	
0.164414	0.937706	0.316777	
0.108451	0.943181	0.319190	
0.065685	0.948673	0.315068	
0.036485	0.953291	0.303809	
0.000000	0.959093	0.299806	
0.000000	0.959413	0.288751	
0.954082	0.000000	0.317975	
0.947213	0.000000	0.330521	
0.941237	0.022663	0.344874	
0.937091	0.014734	0.355148	
0.937091	0.014734	0.355148	
0.929798	0.169352	0.361115	
0.919137	0.126684	0.381672	
0.903294	0.187584	0.396770	
0.887118	0.287820	0.403465	
0.875283	0.325622	0.404348	
0.858736	0.389624	0.390106	
0.822599	0.423415	0.392185	
0.795449	0.448522	0.426338	
0.767277	0.504038	0.443387	
0.729367	0.556788	0.437564	
0.667790	0.608771	0.442336	
0.643639	0.640422	0.433225	
0.599551	0.686850	0.437900	
0.556534	0.738373	0.396036	
0.480592	0.769903	0.444135	
0.474945	0.779296	0.428826	
0.422925	0.814897	0.419801	
0.382585	0.834450	0.417627	
0.320124	0.862977	0.406310	
0.284416	0.879661	0.401467	
0.248150	0.896850	0.384050	
0.194841	0.914587	0.366278	
0.168371	0.924027	0.368380	
0.115227	0.928395	0.363500	
0.057765	0.934296	0.354721	
0.000000	0.941884	0.343253	
0.000000	0.947288	0.333983	
0.000000	0.953924	0.327571	
0.940558	0.000000	0.365151	
0.936151	0.001289	0.367752	
0.929583	0.000000	0.382076	
0.925712	0.015463	0.395844	
0.919137	0.126684	0.381672	
0.911707	0.113619	0.420567	
0.901407	0.185477	0.427469	
0.877995	0.254976	0.437792	
0.864926	0.280021	0.445839	
0.846264	0.346274	0.453749	
0.818095	0.376740	0.465633	
0.791817	0.433716	0.450648	
0.753875	0.475032	0.478164	
0.736107	0.493494	0.480842	
0.691910	0.565886	0.469700	
0.638225	0.612266	0.476723	
0.605714	0.649162	0.488818	
0.572085	0.696178	0.473740	
0.510157	0.729518	0.496102	
0.477897	0.757683	0.483829	
0.432607	0.799098	0.443137	
0.374115	0.822150	0.452815	
0.314962	0.841062	0.452602	
0.286669	0.851054	0.449824	
0.253542	0.877875	0.431438	
0.194070	0.896129	0.415385	
0.072531	0.912001	0.415166	
0.114966	0.916171	0.393968	
0.050130	0.921109	0.394926	
0.020644	0.926360	0.378296	
0.009171	0.935190	0.366767	
0.000000	0.936409	0.359937	
0.926658	0.000000	0.401466	
0.919351	0.000000	0.411193	
0.917064	0.000000	0.416412	
0.901459	0.080302	0.431555	
0.901459	0.080302	0.431555	
0.874328	0.165709	0.461234	
0.874328	0.165709	0.461234	
0.856372	0.219328	0.479590	
0.832048	0.299064	0.493077	
0.816876	0.332275	0.503117	
0.779301	0.390352	0.505957	
0.763517	0.405549	0.522142	
0.733754	0.479540	0.519607	
0.685465	0.530213	0.525473	
0.658928	0.565500	0.513018	
0.613417	0.597245	0.526192	
0.579485	0.647073	0.517605	
0.506394	0.698490	0.513577	
0.482185	0.729975	0.517823	
0.439403	0.756307	0.514965	
0.377651	0.793962	0.509868	
0.328473	0.818374	0.502644	
0.285284	0.844217	0.484999	
0.258715	0.850036	0.474430	
0.206824	0.867083	0.472459	
0.128164	0.890165	0.456172	
0.065449	0.896824	0.448624	
0.034396	0.903616	0.435338	
0.000000	0.910222	0.423423	
0.000000	0.918397	0.403289	
0.000000	0.927023	0.396671	
0.909939	0.000000	0.426867	
0.905234	0.000000	0.445150	
0.896007	0.008400	0.455246	
0.887929	0.068899	0.470334	
0.879416	0.105235	0.478692	
0.863286	0.112878	0.500541	
0.848286	0.196953	0.513636	
0.811875	0.257207	0.533245	
0.811875	0.257207	0.533245	
0.795142	0.303921	0.540785	
0.740824	0.396656	0.554707	
0.724893	0.446375	0.552452	
0.674521	0.488865	0.575138	
0.662517	0.537590	0.574765	
0.604442	0.568425	0.570730	
0.578059	0.594054	0.571101	
0.532649	0.649870	0.551523	
0.485384	0.690847	0.554343	
0.442545	0.730187	0.540880	
0.392676	0.750252	0.552113	
0.341955	0.772243	0.547959	
0.302455	0.812666	0.514615	
0.226746	0.822754	0.528056	
0.210620	0.846426	0.499896	
0.178143	0.857256	0.500540	
0.047475	0.875972	0.486838	
0.053600	0.881147	0.475597	
0.000000	0.891577	0.462579	
0.000000	0.902003	0.451160	
0.000000	0.909404	0.434743	
0.902822	0.000000	0.455547	
0.884120	0.010851	0.481418	
0.870982	0.049912	0.503020	
0.862118	0.033757	0.512463	
0.850730	0.000000	0.530519	
0.833168	0.141955	0.540380	
0.826707	0.187961	0.557443	
0.796578	0.264264	0.559252	
0.779788	0.258097	0.578587	
0.762496	0.358215	0.588869	
0.713912	0.410042	0.594056	
0.698814	0.454967	0.577546	
0.653340	0.462801	0.621673	
0.615295	0.529299	0.611610	
0.572311	0.564994	0.604806	
0.524672	0.592248	0.621130	
0.483635	0.652250	0.610602	
0.444854	0.684566	0.601448	
0.355563	0.730055	0.602173	
0.346090	0.756047	0.577742	
0.299872	0.776572	0.582237	
0.267076	0.801929	0.553625	
0.193299	0.819386	0.555686	
0.139992	0.830801	0.542771	
0.137791	0.851881	0.510012	
0.057932	0.859813	0.515219	
0.061224	0.869281	0.498175	
0.000000	0.877187	0.484484	
0.000000	0.895993	0.461363	
0.873558	0.000000	0.506874	
0.855136	0.000000	0.528832	
0.843848	0.034815	0.541377	
0.837871	0.103243	0.551269	
0.823858	0.043330	0.570419	
0.803330	0.141441	0.590156	
0.794428	0.195264	0.604166	
0.770604	0.215115	0.614168	
0.747198	0.291013	0.606195	
0.714726	0.335278	0.631227	
0.675847	0.387103	0.640507	
0.657089	0.442937	0.628739	
0.621642	0.495553	0.651043	
0.557236	0.517011	0.666583	
0.535144	0.575630	0.640947	
0.483686	0.615627	0.640774	
0.429285	0.646488	0.647883	
0.382720	0.684082	0.638479	
0.350369	0.723681	0.625492	
0.274701	0.747016	0.619565	
0.214896	0.783884	0.609492	
0.219676	0.785135	0.589132	
0.134689	0.805429	0.583392	
0.000000	0.825485	0.574398	
0.104147	0.827479	0.558912	
0.000000	0.847463	0.543414	
0.000000	0.862136	0.525187	
0.000000	0.864702	0.511404	
0.844685	0.000000	0.544834	
0.833604	0.000000	0.570448	
0.823858	0.043330	0.570419	
0.802908	0.060593	0.599644	
0.793776	0.106212	0.604077	
0.773679	0.156905	0.628873	
0.762532	0.104870	0.647305	
0.734081	0.220059	0.654804	
0.701673	0.312036	0.652683	
0.678551	0.351601	0.659176	
0.623651	0.393347	0.683496	
0.608175	0.416907	0.698739	
0.553319	0.492530	0.694143	
0.529459	0.524366	0.694353	
0.477603	0.569925	0.692543	
0.443833	0.593216	0.695266	
0.388518	0.643746	0.675632	
0.346323	0.676044	0.656462	
0.290195	0.703491	0.666237	
0.203003	0.733818	0.658988	
0.164862	0.756482	0.647453	
0.065475	0.779220	0.630207	
0.085505	0.794120	0.604179	
0.074334	0.806676	0.598147	
0.000000	0.824345	0.577428	
0.000000	0.829503	0.562360	
0.000000	0.846726	0.545478	
0.816187	0.000000	0.587588	
0.806891	0.002764	0.605770	
0.789693	0.036895	0.618377	
0.772648	0.079970	0.635913	
0.761207	0.015689	0.653263	
0.746352	0.046248	0.668025	
0.715704	0.228965	0.668496	
0.701865	0.248958	0.676806	
0.664575	0.307435	0.706064	
0.629143	0.330275	0.724865	
0.591112	0.350606	0.731130	
0.562980	0.427017	0.723953	
0.510730	0.483598	0.734306	
0.488824	0.513563	0.728331	
0.440283	0.548698	0.722435	
0.401622	0.607685	0.715470	
0.339388	0.637166	0.713986	
0.266084	0.667038	0.700076	
0.259879	0.696376	0.683933	
0.205820	0.712455	0.687763	
0.074980	0.740170	0.672969	
0.095865	0.760117	0.651327	
0.025476	0.776663	0.634850	
0.014825	0.793960	0.616523	
0.020093	0.804060	0.604258	
0.000000	0.815902	0.588181	
0.792628	0.000000	0.630748	
0.772147	0.020661	0.636747	
0.760442	0.029168	0.651718	
0.747861	0.043617	0.674923	
0.729308	0.102689	0.688391	
0.697847	0.166579	0.703347	
0.683301	0.144416	0.728445	
0.657263	0.243660	0.714831	
0.621624	0.258638	0.748791	
0.589114	0.352032	0.747371	
0.555487	0.359220	0.769488	
0.513061	0.437647	0.753505	
0.476231	0.474518	0.758456	
0.423241	0.509432	0.766301	
0.350402	0.560866	0.764872	
0.334072	0.591967	0.759934	
0.293800	0.606166	0.748149	
0.270065	0.641536	0.739356	
0.155995	0.681065	0.719533	
0.119335	0.705247	0.706499	
0.105844	0.726854	0.685017	
0.074980	0.740170	0.672969	
0.054809	0.755860	0.660172	
0.025476	0.776663	0.634850	
0.000000	0.788949	0.621704	
0.757453	0.000000	0.661626	
0.752237	0.000000	0.677985	
0.733183	0.040960	0.685565	
0.710524	0.000000	0.710576	
0.683575	0.075758	0.734116	
0.671830	0.138630	0.744026	
0.640760	0.225165	0.760903	
0.621624	0.258638	0.748791	
0.585583	0.268443	0.784322	
0.555487	0.359220	0.769488	
0.513434	0.380430	0.792853	
0.476462	0.404524	0.796110	
0.368004	0.482747	0.804607	
0.398600	0.495551	0.785388	
0.346145	0.553469	0.775775	
0.300393	0.574698	0.773226	
0.256330	0.602043	0.772150	
0.223962	0.637900	0.753248	
0.118432	0.667145	0.739563	
0.126088	0.684014	0.724530	
0.062571	0.711160	0.708988	
0.054086	0.723741	0.692127	
0.000000	0.740716	0.677499	
0.000000	0.752425	0.662391	
0.723594	0.000000	0.699768	
0.712637	0.000000	0.709398	
0.690619	0.000000	0.731774	
0.677070	0.051891	0.740925	
0.653005	0.093252	0.760246	
0.632088	0.061365	0.777755	
0.575542	0.216467	0.800719	
0.570527	0.251748	0.792487	
0.516386	0.302633	0.805232	
0.486460	0.350626	0.822448	
0.467911	0.361180	0.824214	
0.431047	0.415809	0.817334	
0.387640	0.458764	0.819186	
0.335830	0.498814	0.806927	
0.306913	0.533001	0.799103	
0.261479	0.566976	0.795546	
0.206330	0.603075	0.786379	
0.130178	0.630544	0.778928	
0.020674	0.651724	0.760407	
0.071929	0.669665	0.742218	
0.039696	0.695661	0.729059	
0.000000	0.711781	0.709138	
0.000000	0.736548	0.698768	
0.698226	0.000000	0.723504	
0.681438	0.000000	0.748578	
0.659957	0.037376	0.767293	
0.635477	0.000000	0.777921	
0.614540	0.000000	0.798882	
0.577562	0.156713	0.805139	
0.556353	0.158427	0.819703	
0.524465	0.264764	0.825623	
0.486848	0.296647	0.828619	
0.458600	0.332032	0.846863	
0.402816	0.368775	0.845412	
0.354795	0.409702	0.848059	
0.331542	0.460773	0.846367	
0.277443	0.475911	0.843169	
0.238791	0.522046	0.836183	
0.204793	0.547847	0.814190	
0.145184	0.592915	0.804095	
0.120355	0.607432	0.791828	
0.015551	0.634057	0.776884	
0.000000	0.655829	0.760161	
0.004096	0.676127	0.744622	
0.000000	0.697291	0.724426	
0.666742	0.000000	0.760172	
0.635477	0.000000	0.777921	
0.624161	0.005706	0.796484	
0.599417	0.000000	0.811038	
0.575225	0.142904	0.817318	
0.524116	0.179814	0.836918	
0.515623	0.202941	0.839505	
0.480313	0.261883	0.855382	
0.427974	0.288089	0.865614	
0.403628	0.338006	0.864978	
0.378195	0.367658	0.876292	
0.332407	0.402745	0.863067	
0.282025	0.433921	0.859971	
0.248943	0.483576	0.848005	
0.198828	0.517081	0.848762	
0.167938	0.544866	0.837568	
0.073452	0.561061	0.825267	
0.015069	0.596715	0.805549	
0.029744	0.620617	0.788720	
0.031394	0.639625	0.773702	
0.000000	0.661030	0.759640	
0.626926	0.000000	0.787861	
0.599770	0.000000	0.816393	
0.577567	0.062070	0.820084	
0.561305	0.080549	0.837852	
0.525698	0.124560	0.851428	
0.503747	0.176320	0.856492	
0.446735	0.213414	0.876209	
0.442150	0.254316	0.875461	
0.403862	0.259852	0.884747	
0.366278	0.325770	0.887406	
0.332101	0.346620	0.889270	
0.291753	0.408605	0.881366	
0.256591	0.424395	0.882711	
0.172304	0.471971	0.876067	
0.148803	0.507534	0.872211	
0.117139	0.529319	0.847894	
0.076391	0.556787	0.837134	
0.014591	0.577784	0.819461	
0.000000	0.601789	0.805404	
0.000000	0.624108	0.792078	
0.599770	0.000000	0.816393	
0.566842	0.000000	0.836011	
0.537999	0.000000	0.847495	
0.517763	0.042620	0.857374	
0.481922	0.136999	0.869168	
0.453597	0.133702	0.888329	
0.423616	0.206872	0.884801	
0.389621	0.240012	0.899389	
0.333763	0.269328	0.915291	
0.298864	0.327759	0.905326	
0.280731	0.357102	0.903182	
0.244920	0.397441	0.907628	
0.191220	0.417685	0.896284	
0.176341	0.456140	0.885581	
0.057357	0.488830	0.873254	
0.043619	0.516219	0.861008	
0.045664	0.540418	0.851578	
0.000000	0.564464	0.834297	
0.000000	0.584440	0.817542	
0.548373	0.000000	0.846411	
0.519784	0.000000	0.857764	
0.500848	0.050061	0.870730	
0.475634	0.000000	0.886419	
0.445715	0.111301	0.894132	
0.416034	0.147002	0.904823	
0.375566	0.211928	0.908263	
0.354607	0.227938	0.921845	
0.321378	0.230337	0.925721	
0.275324	0.310962	0.931353	
0.248404	0.324768	0.923996	
0.209444	0.365402	0.912232	
0.106141	0.410046	0.909457	
0.118562	0.449258	0.892110	
0.059134	0.470372	0.886601	
0.012275	0.504948	0.875634	
0.033042	0.527713	0.864738	
0.000000	0.546164	0.845873	
0.511367	0.000000	0.869004	
0.481785	0.015101	0.881231	
0.462264	0.000000	0.892311	
0.431693	0.095127	0.902490	
0.403157	0.070593	0.915330	
0.372147	0.129302	0.926194	
0.335646	0.187526	0.926223	
0.256950	0.234311	0.941583	
0.256950	0.234311	0.941583	
0.233537	0.289109	0.936729	
0.186684	0.344913	0.935346	
0.164076	0.379230	0.931002	
0.001582	0.407521	0.918934	
0.021083	0.433380	0.907750	
0.000451	0.465011	0.897503	
0.000000	0.490981	0.882072	
0.000000	0.507557	0.870806	
0.476927	0.000000	0.888860	
0.450106	0.000000	0.899476	
0.420350	0.061004	0.911242	
0.383688	0.065793	0.924363	
0.357121	0.122851	0.932128	
0.335123	0.131266	0.938802	
0.291596	0.196725	0.946682	
0.260131	0.225386	0.941867	
0.233734	0.266159	0.942145	
0.190512	0.303064	0.942375	
0.149641	0.329706	0.943648	
0.000000	0.364037	0.938869	
0.000000	0.396527	0.924812	
0.000000	0.423953	0.912714	
0.024076	0.443206	0.901366	
0.000000	0.472048	0.890864	
0.434104	0.000000	0.910533	
0.406611	0.004504	0.920033	
0.375281	0.043953	0.930917	
0.349230	0.040279	0.941214	
0.327008	0.066899	0.948371	
0.281651	0.154725	0.956493	
0.262449	0.191992	0.951941	
0.210524	0.191184	0.963908	
0.190682	0.265129	0.953867	
0.161258	0.296353	0.954757	
0.104103	0.318582	0.948838	
0.000000	0.355257	0.940610	
0.049571	0.385120	0.932421	
0.000000	0.403576	0.923683	
0.000000	0.423953	0.912714	
0.396055	0.000000	0.929384	
0.373033	0.003781	0.931333	
0.342900	0.038035	0.945097	
0.307701	0.069184	0.952343	
0.287645	0.107593	0.957822	
0.239428	0.146160	0.967774	
0.210524	0.191184	0.963908	
0.165619	0.183589	0.972899	
0.143554	0.244691	0.961582	
0.000000	0.277397	0.963526	
0.000000	0.301674	0.955283	
0.015612	0.334256	0.945202	
0.000000	0.370809	0.937325	
0.000000	0.392679	0.926244	
0.364736	0.000000	0.939941	
0.327870	0.014699	0.948747	
0.307837	0.006838	0.957390	
0.273776	0.077754	0.963022	
0.241232	0.100561	0.972174	
0.202488	0.151548	0.972154	
0.165619	0.183589	0.972899	
0.120265	0.217853	0.974044	
0.021569	0.248274	0.969872	
0.036335	0.273581	0.964306	
0.000000	0.295347	0.956597	
0.007719	0.330728	0.946569	
0.000000	0.364037	0.938869	
0.321836	0.000000	0.950738	
0.285558	0.000000	0.963112	
0.268902	0.000000	0.971708	
0.232824	0.087967	0.973733	
0.213202	0.057741	0.981463	
0.181837	0.137138	0.979657	
0.150282	0.181969	0.977431	
0.091914	0.194454	0.978751	
0.013084	0.241666	0.972552	
0.007509	0.269295	0.965256	
0.000000	0.295347	0.956597	
0.000000	0.326274	0.948330	
0.285558	0.000000	0.963112	
0.244245	0.011050	0.974976	
0.219558	0.042284	0.980206	
0.182518	0.060153	0.982640	
0.158749	0.117389	0.983036	
0.130974	0.134395	0.984775	
0.118246	0.169162	0.982095	
0.011217	0.200967	0.980346	
0.038340	0.218996	0.977239	
0.000000	0.259733	0.969472	
0.000000	0.281794	0.961782	
0.252632	0.000000	0.977794	
0.221887	0.009862	0.982293	
0.192198	0.051672	0.983986	
0.172033	0.077845	0.986621	
0.141863	0.096781	0.987866	
0.103616	0.132389	0.989199	
0.070247	0.169555	0.985313	
0.011217	0.200967	0.980346	
0.000000	0.229689	0.978245	
0.000000	0.255672	0.972500	
0.213097	0.000000	0.982709	
0.195916	0.006213	0.985432	
0.168246	0.031908	0.989131	
0.137865	0.072846	0.991166	
0.087917	0.110193	0.992228	
0.057367	0.120326	0.992414	
0.030711	0.167475	0.986012	
0.000000	0.190737	0.984669	
0.000000	0.215716	0.978904	
0.172504	0.000000	0.987340	
0.157620	0.000000	0.990037	
0.127567	0.054910	0.992608	
0.100845	0.069713	0.995132	
0.050060	0.099406	0.994923	
0.042141	0.132942	0.993277	
0.025066	0.155727	0.989271	
0.000000	0.190737	0.984669	
0.157620	0.000000	0.990037	
0.121574	0.012981	0.995653	
0.095302	0.029734	0.996783	
0.079652	0.070005	0.996668	
0.026959	0.096882	0.996235	
0.000000	0.124494	0.994629	
0.000000	0.154871	0.990944	
0.116501	0.000000	0.995812	
0.101857	0.000000	0.999044	
0.048363	0.049401	0.998678	
0.037224	0.075977	0.997593	
0.014764	0.095028	0.996529	
0.000000	0.117295	0.994937	
0.089718	0.000000	0.999618	
0.072828	0.019145	1.000163	
0.048363	0.049401	0.998678	
0.020092	0.061104	0.999116	
0.000000	0.089658	0.998030	
0.000000	0.000000	1.001984	
0.003133	0.014296	1.001264	
0.007586	0.046477	1.000668	
0.000000	0.060571	1.000586	
0.000000	0.000000	1.001984	
0.002434	0.005269	1.001762	
0.000000	0.015976	1.002430	
0.000000	0.000000	1.002112	
0.000000	0.000000	1.002112	
0.000000	0.000000	1.002576	
0.000000	0.000000	0.000000	
0.000000	0.000000	0.000000	
0.000000	0.000000	0.000000	
0.000000	0.000000	0.000000	
0.000000	0.000000	0.000000	
0.000000	0.000000	0.000000	
0.000000	0.000000	0.000000	
0.000000	0.000000	0.000000	
0.000000	0.000000	0.000000	
0.000000	0.000000	0.000000	
