1.008296	0.000000	0.000000	
1.008296	0.000000	0.000000	
1.010409	0.000000	0.000000	
1.010409	0.000000	0.000000	
1.011409	0.000000	0.000000	
1.011409	0.000000	0.000000	
1.006534	0.163053	0.000000	
0.995885	0.180905	0.000000	
0.995885	0.180905	0.000000	
1.005144	0.228030	0.000000	
0.981012	0.286993	0.000000	
0.962220	0.328325	0.000000	
0.956735	0.346464	0.000000	
0.939250	0.378389	0.000000	
0.924320	0.404465	0.000000	
0.909980	0.477931	0.000000	
0.901904	0.537318	0.000000	
0.862445	0.552348	0.000000	
0.836640	0.606548	0.000000	
0.775595	0.643779	0.000000	
0.764989	0.660751	0.000000	
0.752853	0.694076	0.000000	
0.697267	0.753433	0.000000	
0.688164	0.797443	0.000000	
0.631194	0.800760	0.000000	
0.598272	0.842473	0.000000	
0.565803	0.855384	0.000000	
0.505579	0.881211	0.000000	
0.479493	0.925395	0.000000	
0.437591	0.935788	0.000000	
0.400245	0.948416	0.000000	
0.369872	0.958214	0.000000	
0.313546	0.967758	0.000000	
0.270778	0.991535	0.000000	
0.261608	0.993914	0.000000	
0.000000	1.013024	0.000000	
0.000000	1.013024	0.000000	
0.000000	1.015524	0.000000	
0.000000	1.015524	0.000000	
0.066056	1.004173	0.000000	
0.065545	1.019009	0.000000	
0.029783	1.016259	0.000000	
0.000000	1.033165	0.000000	
0.000000	1.033165	0.000000	
1.007716	0.000000	0.018513	
1.007957	0.000000	0.012044	
1.007957	0.000000	0.012044	
1.006407	0.014526	0.015526	
1.005932	0.051547	0.023153	
1.006407	0.014526	0.015526	
0.999603	0.165760	0.008987	
1.001642	0.116969	0.012588	
0.998922	0.223690	0.000000	
0.988144	0.218523	0.000000	
0.969908	0.298083	0.019578	
0.956929	0.318482	0.018366	
0.939250	0.378389	0.000000	
0.923773	0.412799	0.012022	
0.900178	0.447016	0.002172	
0.888648	0.471044	0.005948	
0.885938	0.538404	0.022001	
0.863274	0.589278	0.020628	
0.836640	0.606548	0.000000	
0.775595	0.643779	0.000000	
0.756117	0.689748	0.000000	
0.738567	0.702228	0.020789	
0.697267	0.753433	0.000000	
0.650602	0.800182	0.010039	
0.621196	0.812554	0.000000	
0.574198	0.833166	0.024297	
0.532600	0.876646	0.000000	
0.485029	0.885544	0.015154	
0.445876	0.916890	0.013953	
0.414080	0.930894	0.017918	
0.348063	0.951544	0.025813	
0.330764	0.965545	0.017230	
0.291368	0.970421	0.023095	
0.270778	0.991535	0.000000	
0.000000	1.009837	0.018570	
0.000000	1.012575	0.018802	
0.017026	1.011368	0.010527	
0.017026	1.011368	0.010527	
0.000000	1.015765	0.010203	
0.066056	1.004173	0.000000	
0.029783	1.016259	0.000000	
0.013124	1.012848	0.010832	
0.000000	1.033212	0.000000	
1.004987	0.000000	0.034979	
1.002908	0.003870	0.038342	
1.001971	0.022197	0.048011	
1.001971	0.022197	0.048011	
1.004152	0.013316	0.032422	
1.004152	0.013316	0.032422	
0.999603	0.165760	0.008987	
0.996855	0.203114	0.053034	
0.980471	0.240376	0.052576	
0.980471	0.240376	0.052576	
0.964026	0.302432	0.052620	
0.956735	0.346464	0.000000	
0.931741	0.380090	0.019412	
0.923773	0.412799	0.012022	
0.900178	0.447016	0.002172	
0.882709	0.511262	0.056578	
0.870921	0.542672	0.000000	
0.860767	0.571405	0.013201	
0.818997	0.621037	0.058072	
0.763899	0.685482	0.022013	
0.738567	0.702228	0.020789	
0.699179	0.738275	0.014472	
0.653585	0.786165	0.034854	
0.623064	0.801554	0.050692	
0.583665	0.822066	0.000000	
0.547247	0.861283	0.026887	
0.505579	0.881211	0.000000	
0.434860	0.915344	0.037369	
0.419933	0.913733	0.043974	
0.381177	0.946802	0.038471	
0.345196	0.965356	0.034624	
0.291368	0.970421	0.023095	
0.227086	0.987461	0.017702	
0.204963	1.001308	0.021885	
0.136577	1.007939	0.052846	
0.052049	1.001027	0.055617	
0.136577	1.007939	0.052846	
0.032811	1.014486	0.039879	
0.000000	1.015765	0.010203	
0.000000	1.020553	0.027441	
0.013124	1.012848	0.010832	
0.000000	1.033212	0.000000	
1.002026	0.000000	0.070800	
1.000673	0.000000	0.075151	
0.999132	0.022134	0.068014	
1.000900	0.007223	0.078485	
1.002342	0.012117	0.049282	
1.001718	0.000000	0.069142	
1.004706	0.063665	0.066354	
0.985274	0.191531	0.073237	
0.974425	0.243846	0.078075	
0.968401	0.262222	0.060768	
0.956929	0.318482	0.018366	
0.946504	0.340313	0.070740	
0.934020	0.399966	0.075635	
0.908004	0.434311	0.047726	
0.888648	0.471044	0.005948	
0.871831	0.524068	0.083955	
0.860767	0.571405	0.013201	
0.821278	0.619847	0.009374	
0.798571	0.642447	0.000000	
0.762031	0.673313	0.102428	
0.694234	0.732853	0.095117	
0.690042	0.741831	0.069160	
0.637916	0.780430	0.079427	
0.601417	0.811628	0.000000	
0.554140	0.843826	0.000000	
0.516301	0.864393	0.000000	
0.450568	0.897415	0.091295	
0.419933	0.913733	0.043974	
0.386616	0.930884	0.037092	
0.357172	0.948678	0.004533	
0.317615	0.961351	0.059813	
0.282652	0.975449	0.048326	
0.234692	0.997077	0.047016	
0.086525	1.002058	0.019241	
0.095906	1.008200	0.023581	
0.019580	1.005730	0.046926	
0.071744	1.015197	0.035696	
0.000000	1.012814	0.020349	
0.025499	1.017568	0.011323	
0.015256	1.021782	0.000862	
0.000000	1.030395	0.021789	
0.998403	0.000000	0.098894	
0.998403	0.000000	0.098894	
0.995275	0.029732	0.107423	
0.995275	0.029732	0.107423	
0.995275	0.029732	0.107423	
1.001718	0.000000	0.069142	
0.993973	0.162407	0.111080	
0.985274	0.191531	0.073237	
0.973322	0.245123	0.081264	
0.962132	0.272076	0.097157	
0.959749	0.314680	0.116602	
0.945334	0.342962	0.076525	
0.919993	0.412159	0.132058	
0.905026	0.453578	0.044848	
0.895056	0.491923	0.113643	
0.870921	0.542672	0.000000	
0.842293	0.586058	0.084162	
0.816111	0.615139	0.007371	
0.776791	0.658824	0.000000	
0.741248	0.692638	0.144396	
0.690042	0.741831	0.069160	
0.656617	0.760338	0.129803	
0.603659	0.800658	0.131898	
0.580831	0.832228	0.038649	
0.516301	0.864393	0.000000	
0.485029	0.885544	0.015154	
0.450568	0.897415	0.091295	
0.410970	0.918003	0.055588	
0.371611	0.951668	0.050403	
0.315259	0.961344	0.029812	
0.292258	0.970778	0.055339	
0.237759	0.979052	0.021795	
0.065297	1.003688	0.102142	
0.086525	1.002058	0.019241	
0.019580	1.005730	0.046926	
0.052049	1.001027	0.055617	
0.000000	1.010205	0.084630	
0.008187	1.010551	0.095307	
0.000000	1.012814	0.020349	
0.000000	1.035652	0.026676	
0.998016	0.000000	0.103918	
0.993117	0.023225	0.129269	
0.993117	0.023225	0.129269	
0.995275	0.029732	0.107423	
0.997911	0.019930	0.146422	
0.997849	0.016048	0.133467	
0.993292	0.121361	0.152251	
0.988297	0.193049	0.084746	
0.971485	0.243160	0.133400	
0.965865	0.293046	0.159979	
0.949349	0.338375	0.138864	
0.941964	0.360403	0.144911	
0.919078	0.396960	0.155299	
0.907934	0.461247	0.148158	
0.876622	0.514209	0.141946	
0.856986	0.556037	0.129968	
0.831806	0.570164	0.023836	
0.798571	0.642447	0.000000	
0.762031	0.673313	0.102428	
0.721005	0.723057	0.122670	
0.669995	0.743585	0.169846	
0.635045	0.782206	0.056386	
0.591427	0.813318	0.002523	
0.554140	0.843826	0.000000	
0.506042	0.875265	0.142097	
0.439660	0.912546	0.088557	
0.410970	0.918003	0.055588	
0.386616	0.930884	0.037092	
0.324919	0.960886	0.141438	
0.303215	0.970551	0.062626	
0.237759	0.979052	0.021795	
0.213776	0.984812	0.073292	
0.014527	1.000954	0.150745	
0.014527	1.000954	0.150745	
0.025741	1.002903	0.136100	
0.025741	1.002903	0.136100	
0.017314	1.003820	0.130530	
0.017314	1.003820	0.130530	
0.000000	1.034232	0.020343	
1.003128	0.000000	0.085473	
0.993407	0.008404	0.151054	
0.993407	0.008404	0.151054	
0.994800	0.029148	0.171765	
0.995768	0.050936	0.175692	
0.993292	0.121361	0.152251	
0.982278	0.182409	0.187974	
0.982278	0.182409	0.187974	
0.975460	0.230388	0.131732	
0.954024	0.301799	0.182239	
0.944818	0.297320	0.208981	
0.918822	0.376354	0.195042	
0.901908	0.402964	0.214223	
0.904272	0.470721	0.000000	
0.859574	0.518770	0.208117	
0.839812	0.532147	0.198608	
0.805665	0.625799	0.192747	
0.785225	0.649303	0.058637	
0.718066	0.693254	0.204987	
0.675639	0.739416	0.211004	
0.655075	0.762825	0.117459	
0.603659	0.800658	0.131898	
0.555880	0.821300	0.207297	
0.496110	0.868043	0.177049	
0.468323	0.885973	0.149440	
0.439660	0.912546	0.088557	
0.389318	0.949932	0.000000	
0.333203	0.959562	0.140341	
0.284390	0.963419	0.203316	
0.269537	0.981817	0.134562	
0.213776	0.984812	0.073292	
0.175012	0.999481	0.171056	
0.027597	0.995525	0.155371	
0.001943	0.995198	0.173655	
0.027597	0.995525	0.155371	
0.008361	0.997581	0.154049	
0.017314	1.003820	0.130530	
0.000000	1.036050	0.000000	
0.998016	0.000000	0.103918	
0.990194	0.000610	0.191920	
0.991988	0.017321	0.185575	
0.991895	0.000000	0.210846	
0.984200	0.019657	0.215926	
0.987674	0.000000	0.213792	
0.980362	0.017171	0.227574	
0.975209	0.172644	0.229676	
0.981483	0.257983	0.169655	
0.944818	0.297320	0.208981	
0.935270	0.350040	0.175567	
0.918822	0.376354	0.195042	
0.901908	0.402964	0.214223	
0.881419	0.495061	0.195240	
0.873575	0.525578	0.231458	
0.831806	0.570164	0.023836	
0.792028	0.612264	0.279854	
0.746235	0.668656	0.233715	
0.704945	0.721519	0.252040	
0.658160	0.727726	0.254099	
0.601384	0.791150	0.164150	
0.583808	0.813360	0.091670	
0.550254	0.827621	0.235275	
0.496110	0.868043	0.177049	
0.398892	0.891681	0.262891	
0.386590	0.928045	0.145923	
0.298463	0.932727	0.254204	
0.284390	0.963419	0.203316	
0.204984	0.967638	0.201457	
0.188960	0.977392	0.226424	
0.181546	0.993122	0.203598	
0.045443	0.984311	0.219673	
0.008921	0.990770	0.208338	
0.020010	0.990659	0.187983	
0.002617	0.994666	0.189637	
0.008499	0.997258	0.185092	
0.000000	0.997611	0.195105	
0.998816	0.000000	0.220935	
0.990692	0.005217	0.214402	
0.984200	0.019657	0.215926	
0.977315	0.005203	0.238467	
0.980991	0.017182	0.233773	
0.977252	0.000000	0.256719	
0.980991	0.017182	0.233773	
0.965868	0.235859	0.246467	
0.956407	0.251702	0.241199	
0.933177	0.304416	0.258265	
0.916252	0.333180	0.287952	
0.916252	0.333180	0.287952	
0.865043	0.443559	0.301511	
0.859574	0.518770	0.208117	
0.813589	0.544731	0.291572	
0.806866	0.600611	0.259722	
0.743083	0.635476	0.285692	
0.697499	0.662715	0.309855	
0.679814	0.721913	0.265668	
0.636504	0.754406	0.279110	
0.601384	0.791150	0.164150	
0.550254	0.827621	0.235275	
0.445586	0.861370	0.281712	
0.445586	0.861370	0.281712	
0.398892	0.891681	0.262891	
0.320514	0.919785	0.274590	
0.320514	0.919785	0.274590	
0.240799	0.953142	0.259303	
0.119293	0.969311	0.264353	
0.119293	0.969311	0.264353	
0.045186	0.982775	0.238292	
0.039280	0.972961	0.246067	
0.045186	0.982775	0.238292	
0.020010	0.990659	0.187983	
0.022773	0.991104	0.218495	
0.000000	0.997304	0.193572	
0.997115	0.000000	0.235086	
0.977315	0.005203	0.238467	
0.979086	0.002833	0.273447	
0.976512	0.023327	0.279842	
0.977252	0.000000	0.256719	
0.965814	0.037613	0.294227	
0.965814	0.037613	0.294227	
0.967696	0.094883	0.300728	
0.924159	0.281159	0.302938	
0.915810	0.287590	0.305902	
0.903711	0.308915	0.337093	
0.897810	0.418251	0.314667	
0.865043	0.443559	0.301511	
0.827280	0.518733	0.329902	
0.784489	0.548439	0.346429	
0.774422	0.610342	0.283144	
0.712624	0.647992	0.341327	
0.690187	0.685002	0.327394	
0.649549	0.714294	0.366651	
0.582712	0.747309	0.356590	
0.543412	0.802334	0.362813	
0.514184	0.799223	0.335183	
0.463330	0.877160	0.248577	
0.412397	0.888734	0.292781	
0.365840	0.903409	0.327835	
0.270161	0.914538	0.322405	
0.278976	0.938038	0.257159	
0.235490	0.949333	0.289963	
0.187556	0.957705	0.268726	
0.044095	0.961168	0.297013	
0.042896	0.977057	0.267065	
0.042896	0.977057	0.267065	
0.039280	0.972961	0.246067	
0.008446	0.979153	0.243596	
0.000000	0.997366	0.221354	
0.989914	0.000000	0.210788	
0.976512	0.023327	0.279842	
0.969430	0.024054	0.292682	
0.969038	0.045617	0.317779	
0.965057	0.000000	0.325489	
0.965057	0.000000	0.325489	
0.948926	0.116711	0.344383	
0.932708	0.242308	0.346071	
0.924159	0.281159	0.302938	
0.903711	0.308915	0.337093	
0.885194	0.346983	0.359527	
0.855137	0.429150	0.370530	
0.853810	0.457344	0.403490	
0.784271	0.535147	0.394323	
0.769896	0.569620	0.395272	
0.726854	0.609433	0.403905	
0.687431	0.649065	0.381134	
0.649549	0.714294	0.366651	
0.599912	0.741510	0.408019	
0.523475	0.782596	0.380018	
0.514184	0.799223	0.335183	
0.385193	0.873473	0.398027	
0.394420	0.847539	0.384422	
0.371556	0.868515	0.363071	
0.322171	0.893280	0.360486	
0.270161	0.914538	0.322405	
0.142123	0.932051	0.355291	
0.182554	0.934893	0.331184	
0.105788	0.954788	0.318607	
0.066731	0.950926	0.326856	
0.074729	0.954108	0.302599	
0.012498	0.968720	0.311027	
0.023836	0.987109	0.300767	
0.000000	0.998241	0.286277	
0.990379	0.000000	0.247924	
0.969430	0.024054	0.292682	
0.950918	0.032676	0.344520	
0.943040	0.030834	0.350830	
0.945300	0.000000	0.361419	
0.947057	0.000000	0.367169	
0.941784	0.161623	0.363429	
0.926658	0.000000	0.401466	
0.896197	0.298468	0.411192	
0.885194	0.346983	0.359527	
0.874773	0.341001	0.430891	
0.842368	0.414323	0.444317	
0.839623	0.498822	0.436004	
0.778791	0.516622	0.436466	
0.733287	0.578155	0.445087	
0.723642	0.597015	0.452147	
0.684560	0.645001	0.465148	
0.597193	0.696305	0.453903	
0.584448	0.760102	0.396793	
0.523430	0.781675	0.436867	
0.451859	0.799559	0.427096	
0.420646	0.834537	0.409921	
0.366651	0.848485	0.400865	
0.311024	0.881587	0.389657	
0.245184	0.909926	0.354241	
0.237758	0.913530	0.377502	
0.182554	0.934893	0.331184	
0.149553	0.935151	0.351026	
0.089615	0.947001	0.362318	
0.066731	0.950926	0.326856	
0.024687	0.956557	0.340649	
0.024687	0.956557	0.340649	
0.000000	0.967014	0.337473	
0.990379	0.000000	0.247924	
0.960113	0.005355	0.366868	
0.943040	0.030834	0.350830	
0.936698	0.047516	0.400803	
0.924718	0.099411	0.407085	
0.917006	0.072747	0.422774	
0.902953	0.210241	0.429866	
0.888338	0.252110	0.435382	
0.901608	0.000000	0.463668	
0.877862	0.294603	0.476166	
0.822901	0.391321	0.468273	
0.797590	0.415863	0.483743	
0.736107	0.493494	0.480842	
0.736107	0.493494	0.480842	
0.701094	0.572234	0.497132	
0.673272	0.613779	0.506609	
0.638522	0.668189	0.472462	
0.593908	0.709540	0.506869	
0.510929	0.752642	0.474145	
0.467171	0.784196	0.486477	
0.363419	0.807043	0.483590	
0.374916	0.807238	0.474575	
0.349925	0.843852	0.442910	
0.273294	0.875420	0.437624	
0.159382	0.894683	0.432495	
0.159382	0.894683	0.432495	
0.154574	0.912812	0.420306	
0.053645	0.937956	0.388625	
0.060866	0.942971	0.395821	
0.000000	0.948379	0.393691	
0.000000	0.950236	0.357079	
0.000000	0.950236	0.357079	
0.926658	0.000000	0.401466	
0.942121	0.023773	0.392818	
0.929008	0.036361	0.409168	
0.910501	0.044006	0.438157	
0.910501	0.044006	0.438157	
0.891255	0.144779	0.453214	
0.887321	0.087397	0.466034	
0.858459	0.254447	0.488112	
0.858459	0.254447	0.488112	
0.828664	0.311519	0.508361	
0.779301	0.390352	0.505957	
0.761671	0.421873	0.524136	
0.738892	0.503736	0.517905	
0.689656	0.536307	0.551909	
0.660949	0.590857	0.513803	
0.632789	0.609437	0.515688	
0.588969	0.631108	0.534587	
0.526131	0.690117	0.538592	
0.431117	0.746501	0.534000	
0.439403	0.756307	0.514965	
0.374916	0.807238	0.474575	
0.339298	0.822915	0.471346	
0.212380	0.868325	0.488284	
0.212380	0.868325	0.488284	
0.150340	0.887811	0.473369	
0.000000	0.911343	0.455636	
0.060460	0.899960	0.454775	
0.009132	0.917174	0.419147	
0.000000	0.911247	0.425396	
0.000000	0.926873	0.411890	
0.000000	0.943508	0.406463	
0.913029	0.000000	0.440279	
0.913029	0.000000	0.440279	
0.896213	0.034175	0.462010	
0.882115	0.058966	0.481231	
0.882115	0.058966	0.481231	
0.874979	0.123320	0.498561	
0.848286	0.196953	0.513636	
0.846502	0.190931	0.530205	
0.815661	0.243833	0.546249	
0.792728	0.350257	0.556675	
0.740824	0.396656	0.554707	
0.738138	0.436412	0.558281	
0.713965	0.459171	0.576052	
0.662970	0.533037	0.585437	
0.637672	0.588268	0.550837	
0.588969	0.631108	0.534587	
0.512968	0.666552	0.579115	
0.467703	0.684688	0.569896	
0.387153	0.737973	0.566806	
0.387153	0.737973	0.566806	
0.296765	0.802978	0.553618	
0.302455	0.812666	0.514615	
0.259291	0.822064	0.529070	
0.163133	0.864050	0.526325	
0.127424	0.880518	0.490630	
0.127424	0.880518	0.490630	
0.060460	0.899960	0.454775	
0.009091	0.906398	0.464931	
0.000000	0.911247	0.425396	
0.000000	0.926873	0.411890	
0.910133	0.000000	0.485966	
0.887843	0.000000	0.494633	
0.887843	0.000000	0.494633	
0.873212	0.000000	0.521132	
0.856614	0.120732	0.528569	
0.856614	0.120732	0.528569	
0.826707	0.187961	0.557443	
0.802867	0.264767	0.566505	
0.782587	0.305287	0.567248	
0.764368	0.328436	0.583399	
0.713912	0.410042	0.594056	
0.707204	0.393819	0.616265	
0.696086	0.392902	0.649783	
0.643232	0.534377	0.633717	
0.494943	0.613908	0.646762	
0.546826	0.629755	0.606497	
0.448534	0.655345	0.615806	
0.448534	0.655345	0.615806	
0.355563	0.730055	0.602173	
0.355563	0.730055	0.602173	
0.320248	0.804108	0.599715	
0.259291	0.822064	0.529070	
0.221877	0.830630	0.574365	
0.042864	0.859054	0.550914	
0.076132	0.869691	0.517779	
0.069202	0.882641	0.520861	
0.009717	0.884417	0.486151	
0.000000	0.898766	0.501235	
0.000000	0.911036	0.489171	
0.868451	0.000000	0.525938	
0.868451	0.000000	0.525938	
0.866860	0.047800	0.550386	
0.845303	0.000000	0.572307	
0.853026	0.124640	0.593128	
0.821932	0.148753	0.576720	
0.785922	0.211357	0.605401	
0.785922	0.211357	0.605401	
0.741320	0.316780	0.638195	
0.741320	0.316780	0.638195	
0.696086	0.392902	0.649783	
0.647704	0.458351	0.676221	
0.621642	0.495553	0.651043	
0.564999	0.551351	0.694415	
0.535144	0.575630	0.640947	
0.494943	0.613908	0.646762	
0.403233	0.649873	0.681217	
0.406331	0.696761	0.625153	
0.329822	0.732069	0.647815	
0.320601	0.757176	0.610249	
0.218109	0.785986	0.628483	
0.168861	0.813143	0.594096	
0.168861	0.813143	0.594096	
0.125458	0.832426	0.579369	
0.063359	0.852893	0.553373	
0.017327	0.863689	0.540033	
0.017327	0.863689	0.540033	
0.000000	0.896589	0.522097	
0.861859	0.000000	0.574172	
0.847088	0.023337	0.548042	
0.845303	0.000000	0.572307	
0.819148	0.035635	0.605472	
0.811100	0.080240	0.626813	
0.797040	0.000000	0.635658	
0.767221	0.156211	0.651057	
0.753742	0.276429	0.642801	
0.720418	0.202191	0.697166	
0.691314	0.364805	0.689745	
0.645244	0.343022	0.711347	
0.600896	0.463311	0.708536	
0.600896	0.463311	0.708536	
0.480772	0.535441	0.723632	
0.480772	0.535441	0.723632	
0.372955	0.636863	0.721702	
0.403233	0.649873	0.681217	
0.293615	0.683931	0.695113	
0.305278	0.720300	0.676401	
0.211107	0.745241	0.653787	
0.211107	0.745241	0.653787	
0.150832	0.793691	0.643115	
0.055604	0.802071	0.609505	
0.102671	0.807441	0.599004	
0.002783	0.845320	0.572541	
0.002783	0.845320	0.572541	
0.000000	0.883730	0.572851	
0.818733	0.000000	0.606105	
0.807275	0.000436	0.618359	
0.797040	0.000000	0.635658	
0.788082	0.000638	0.658050	
0.776211	0.067663	0.647405	
0.733856	0.091097	0.678576	
0.738569	0.233194	0.700848	
0.701075	0.254739	0.702332	
0.664575	0.307435	0.706064	
0.650632	0.335096	0.710807	
0.580382	0.398034	0.738488	
0.567134	0.401341	0.751924	
0.519558	0.482471	0.738836	
0.492215	0.546759	0.754025	
0.450726	0.564768	0.737583	
0.409110	0.618615	0.707788	
0.308119	0.634154	0.734273	
0.307790	0.676665	0.703603	
0.259879	0.696376	0.683933	
0.094955	0.722653	0.701176	
0.014419	0.749806	0.668191	
0.104636	0.777629	0.660032	
0.066175	0.782941	0.650722	
0.055604	0.802071	0.609505	
0.000000	0.806908	0.613441	
0.000000	0.853250	0.592162	
0.827238	0.000000	0.645145	
0.785038	0.000000	0.657607	
0.770706	0.000000	0.660929	
0.733856	0.091097	0.678576	
0.746628	0.111911	0.694316	
0.709678	0.165936	0.712032	
0.692847	0.166752	0.745094	
0.648931	0.230849	0.748122	
0.624722	0.243123	0.761896	
0.589114	0.352032	0.747371	
0.567134	0.401341	0.751924	
0.530880	0.427098	0.777459	
0.498694	0.439632	0.788065	
0.447103	0.524243	0.760964	
0.350402	0.560866	0.764872	
0.334072	0.591967	0.759934	
0.293800	0.606166	0.748149	
0.247459	0.664103	0.748350	
0.180152	0.682652	0.726621	
0.171489	0.703846	0.707515	
0.104907	0.736548	0.694363	
0.000000	0.749820	0.681864	
0.014419	0.749806	0.668191	
0.000000	0.778661	0.660509	
0.000000	0.806908	0.613441	
0.770706	0.000000	0.660929	
0.778447	0.000000	0.644309	
0.752722	0.000000	0.718430	
0.727972	0.096773	0.712865	
0.712545	0.000000	0.744230	
0.675241	0.077640	0.767056	
0.643102	0.000000	0.777202	
0.624722	0.243123	0.761896	
0.547119	0.313781	0.814835	
0.519804	0.330465	0.805768	
0.519097	0.377771	0.799373	
0.476462	0.404524	0.796110	
0.444198	0.429429	0.817064	
0.362965	0.524920	0.790820	
0.362965	0.524920	0.790820	
0.291301	0.584101	0.774596	
0.277003	0.624228	0.790955	
0.000000	0.658302	0.779850	
0.076981	0.671418	0.753458	
0.014947	0.692521	0.736024	
0.063953	0.716039	0.708807	
0.030622	0.735617	0.698475	
0.000000	0.749820	0.681864	
0.000000	0.778661	0.660509	
0.754547	0.000000	0.709911	
0.712545	0.000000	0.744230	
0.719685	0.000000	0.760838	
0.684131	0.085630	0.764545	
0.643102	0.000000	0.777202	
0.623808	0.000000	0.807150	
0.623808	0.000000	0.807150	
0.538099	0.241422	0.824627	
0.546479	0.298749	0.818934	
0.479411	0.352625	0.824648	
0.467911	0.361180	0.824214	
0.423374	0.432321	0.834436	
0.387640	0.458764	0.819186	
0.282880	0.487022	0.836449	
0.299937	0.528439	0.814948	
0.271622	0.558489	0.811904	
0.194642	0.600482	0.794456	
0.000000	0.636740	0.780769	
0.000000	0.662123	0.772613	
0.000000	0.679525	0.753373	
0.011718	0.690337	0.739803	
0.029531	0.709413	0.725301	
0.000000	0.751730	0.712612	
0.719685	0.000000	0.760838	
0.712013	0.000000	0.768123	
0.692684	0.023218	0.761597	
0.637487	0.020652	0.799833	
0.594424	0.135647	0.807418	
0.594424	0.135647	0.807418	
0.566078	0.168948	0.824038	
0.526779	0.263711	0.832331	
0.497224	0.223237	0.848871	
0.457537	0.281616	0.855283	
0.429492	0.379918	0.847481	
0.356792	0.399371	0.853637	
0.352327	0.409354	0.859177	
0.277443	0.475911	0.843169	
0.189935	0.526065	0.844888	
0.167005	0.561021	0.819543	
0.145184	0.592915	0.804095	
0.050642	0.613163	0.804859	
0.000000	0.636740	0.780769	
0.014001	0.646069	0.768959	
0.014475	0.667950	0.755595	
0.000000	0.715259	0.773264	
0.626513	0.000000	0.827283	
0.645283	0.014891	0.823137	
0.637487	0.020652	0.799833	
0.580203	0.078632	0.820551	
0.554406	0.132512	0.837502	
0.554406	0.132512	0.837502	
0.496055	0.185239	0.863593	
0.482886	0.264454	0.860207	
0.457537	0.281616	0.855283	
0.419628	0.325867	0.883848	
0.369197	0.378747	0.878829	
0.309243	0.414296	0.871879	
0.290841	0.453475	0.861303	
0.230704	0.490043	0.865025	
0.197890	0.522744	0.867020	
0.176945	0.540817	0.853441	
0.124213	0.579062	0.824576	
0.025510	0.606261	0.815508	
0.010437	0.632897	0.801162	
0.014001	0.646069	0.768959	
0.000000	0.667610	0.773873	
0.658636	0.000000	0.834074	
0.599859	0.000000	0.845817	
0.599859	0.000000	0.845817	
0.546829	0.093677	0.859078	
0.531566	0.144864	0.859248	
0.493233	0.144279	0.871597	
0.467114	0.148444	0.880743	
0.425179	0.230162	0.894608	
0.396730	0.270756	0.895215	
0.352490	0.321947	0.899877	
0.322492	0.356366	0.898820	
0.271825	0.372221	0.898044	
0.248506	0.415103	0.890807	
0.172304	0.471971	0.876067	
0.172304	0.471971	0.876067	
0.116290	0.534271	0.854854	
0.037215	0.549541	0.847361	
0.009590	0.581568	0.836926	
0.025510	0.606261	0.815508	
0.000000	0.627264	0.811129	
0.511628	0.000000	0.881737	
0.537294	0.025158	0.879844	
0.548611	0.046651	0.860163	
0.500848	0.050061	0.870730	
0.473599	0.132934	0.884973	
0.463438	0.164278	0.884050	
0.428641	0.158880	0.910290	
0.376096	0.254909	0.918211	
0.341751	0.284088	0.921404	
0.330866	0.328965	0.908362	
0.280595	0.342105	0.912108	
0.216453	0.401330	0.908322	
0.191220	0.417685	0.896284	
0.118562	0.449258	0.892110	
0.125815	0.488716	0.880273	
0.088835	0.504047	0.881094	
0.037215	0.549541	0.847361	
0.000000	0.559218	0.842643	
0.000000	0.581883	0.839257	
0.469341	0.000000	0.936514	
0.537294	0.025158	0.879844	
0.500848	0.050061	0.870730	
0.463135	0.076493	0.899618	
0.435770	0.059658	0.907067	
0.418104	0.113173	0.912107	
0.364800	0.100937	0.929348	
0.347115	0.249462	0.920819	
0.306692	0.271819	0.933379	
0.265632	0.299865	0.939270	
0.234047	0.339187	0.927881	
0.197022	0.381777	0.917074	
0.172553	0.415465	0.917124	
0.118562	0.449258	0.892110	
0.091931	0.461893	0.899338	
0.000000	0.497481	0.890142	
0.024166	0.521154	0.888821	
0.000000	0.559218	0.842643	
0.469341	0.000000	0.936514	
0.434454	0.028346	0.939737	
0.435770	0.059658	0.907067	
0.415923	0.087581	0.913779	
0.377781	0.071177	0.928855	
0.377781	0.071177	0.928855	
0.337416	0.116252	0.953531	
0.287578	0.232189	0.943134	
0.242933	0.278100	0.948739	
0.242933	0.278100	0.948739	
0.207572	0.334526	0.938696	
0.146683	0.352892	0.940186	
0.104286	0.377952	0.928625	
0.062546	0.426491	0.931211	
0.057647	0.458457	0.906820	
0.000000	0.497481	0.890142	
0.000000	0.533767	0.896968	
0.497048	0.000000	0.941334	
0.434454	0.028346	0.939737	
0.421739	0.062209	0.915518	
0.386193	0.086921	0.930450	
0.373983	0.044189	0.944555	
0.328801	0.132814	0.947290	
0.262718	0.202445	0.970509	
0.267026	0.216099	0.959687	
0.195225	0.224407	0.977594	
0.176442	0.303686	0.955100	
0.164254	0.340039	0.952839	
0.079344	0.370956	0.948264	
0.046572	0.379523	0.936056	
0.049571	0.385120	0.932421	
0.016903	0.399661	0.945362	
0.000000	0.512911	0.951916	
0.412788	0.000000	0.967301	
0.428701	0.000000	0.953228	
0.387854	0.056731	0.942684	
0.336331	0.089679	0.962074	
0.305921	0.030785	0.959244	
0.278697	0.130585	0.977436	
0.253320	0.198753	0.977039	
0.195225	0.224407	0.977594	
0.185163	0.211091	0.972821	
0.149366	0.297106	0.975473	
0.118538	0.317140	0.959095	
0.095772	0.336625	0.954200	
0.049571	0.385120	0.932421	
0.000000	0.408302	0.928728	
0.000000	0.408302	0.928728	
0.412788	0.000000	0.967301	
0.263996	0.031978	0.991260	
0.305921	0.030785	0.959244	
0.251185	0.040240	0.984806	
0.278697	0.130585	0.977436	
0.218718	0.126178	0.980440	
0.221082	0.099236	0.988392	
0.182841	0.150305	0.982150	
0.062422	0.246383	0.985286	
0.020592	0.281353	0.968906	
0.066548	0.309515	0.978550	
0.000000	0.345824	0.957801	
0.025982	0.384797	0.969564	
0.000000	0.413965	0.966438	
0.351972	0.000000	1.001105	
0.194067	0.026129	0.993655	
0.258624	0.026882	0.986682	
0.258624	0.026882	0.986682	
0.237394	0.103664	0.981813	
0.218718	0.126178	0.980440	
0.189494	0.099943	0.989447	
0.150147	0.222391	0.993746	
0.093076	0.199287	0.982377	
0.020592	0.281353	0.968906	
0.038133	0.264930	0.989056	
0.000000	0.318789	0.997813	
0.000000	0.353631	0.996673	
0.051347	0.000000	1.005787	
0.268436	0.020226	0.989323	
0.268436	0.020226	0.989323	
0.196974	0.079877	0.992990	
0.189494	0.099943	0.989447	
0.146584	0.120566	0.991232	
0.110058	0.071834	0.994329	
0.112249	0.083155	0.994403	
0.069162	0.217542	0.979018	
0.004383	0.253867	0.977190	
0.000000	0.304205	1.008579	
0.000000	0.000000	1.014520	
0.153284	0.000000	1.010579	
0.094850	0.030076	0.999193	
0.168985	0.032248	0.993843	
0.145262	0.067508	0.992775	
0.167760	0.024319	0.992398	
0.139301	0.041382	0.993165	
0.092986	0.090415	0.995196	
0.088729	0.110039	0.996494	
0.057425	0.005414	1.002839	
0.004383	0.253867	0.977190	
0.000000	0.000000	1.014520	
0.153284	0.000000	1.010579	
0.121744	0.013826	1.001213	
0.168985	0.032248	0.993843	
0.167760	0.024319	0.992398	
0.139301	0.041382	0.993165	
0.110058	0.071834	0.994329	
0.084404	0.067575	0.999747	
0.057533	0.043944	1.001211	
0.026132	0.000000	1.010132	
0.000000	0.000000	1.016880	
0.088997	0.000000	1.005766	
0.157598	0.019524	0.997610	
0.140653	0.053676	0.996031	
0.126595	0.070143	0.994201	
0.092986	0.090415	0.995196	
0.054669	0.103531	0.997719	
0.048987	0.023342	1.003658	
0.018469	0.007543	1.009180	
0.000000	0.000000	1.016880	
0.111645	0.000000	1.002521	
0.157598	0.019524	0.997610	
0.078256	0.040652	0.998401	
0.090340	0.063093	0.996825	
0.054669	0.103531	0.997719	
0.055647	0.049967	1.001925	
0.018469	0.007543	1.009180	
0.000000	0.000000	1.015518	
0.111645	0.000000	1.002521	
0.111645	0.000000	1.002521	
0.078256	0.040652	0.998401	
0.066667	0.031584	0.999637	
0.043823	0.017570	1.002737	
0.014888	0.077698	1.010771	
0.000000	0.000000	1.015518	
0.088997	0.000000	1.005766	
0.054802	0.023543	1.005855	
0.066667	0.031584	0.999637	
0.034795	0.003874	1.003698	
0.010224	0.004952	1.008339	
0.000000	0.000000	1.014812	
0.043355	0.000000	1.011868	
0.054802	0.023543	1.005855	
0.034795	0.003874	1.003698	
0.010378	0.004605	1.007733	
0.000000	0.000000	1.014812	
0.043355	0.000000	1.011868	
0.031004	0.020904	1.007399	
0.010378	0.004605	1.007733	
0.000000	0.000000	1.015098	
0.000000	0.000000	1.015883	
0.010224	0.004952	1.008339	
0.000000	0.000000	1.015098	
0.000000	0.000000	1.018020	
0.000000	0.000000	1.015582	
0.000000	0.000000	1.018020	
0.000000	0.000000	0.000000	
0.000000	0.000000	0.000000	
0.000000	0.000000	0.000000	
0.000000	0.000000	0.000000	
0.000000	0.000000	0.000000	
0.000000	0.000000	0.000000	
0.000000	0.000000	0.000000	
0.000000	0.000000	0.000000	
0.000000	0.000000	0.000000	
0.000000	0.000000	0.000000	
