1.139431	0.000000	0.000000	
1.139431	0.000000	0.000000	
1.174355	0.045515	0.000000	
1.174355	0.045515	0.000000	
1.276730	0.028140	0.000000	
1.276730	0.028140	0.000000	
1.196486	0.054721	0.000000	
1.287847	0.083467	0.000000	
1.287847	0.083467	0.000000	
1.186882	0.346014	0.000000	
1.248329	0.196151	0.000000	
1.152326	0.384086	0.000000	
0.997044	0.408438	0.000000	
1.035365	0.468495	0.000000	
1.198035	0.439996	0.000000	
1.049914	0.345459	0.000000	
0.925390	0.615821	0.000000	
1.020758	0.648085	0.000000	
0.875433	0.712281	0.000000	
0.875433	0.712281	0.000000	
0.994632	0.855467	0.000000	
0.601955	0.887815	0.000000	
0.601955	0.887815	0.000000	
0.000000	1.125778	0.000000	
0.483094	1.027220	0.000000	
0.634485	1.122554	0.000000	
0.483094	1.027220	0.000000	
0.181332	1.175713	0.000000	
0.181332	1.175713	0.000000	
0.000000	1.234131	0.000000	
0.000000	1.101656	0.000000	
0.000000	1.234131	0.000000	
0.294789	1.249046	0.000000	
0.099092	1.424081	0.000000	
0.325957	1.352590	0.000000	
0.007952	1.361537	0.000000	
0.198543	1.177753	0.000000	
0.198543	1.177753	0.000000	
0.014513	1.316391	0.000000	
0.014513	1.316391	0.000000	
0.007832	1.225525	0.000000	
0.023116	1.249142	0.000000	
0.007832	1.225525	0.000000	
0.000000	1.431914	0.000000	
1.255170	0.000000	0.009707	
1.163233	0.005850	0.014103	
1.075951	0.049215	0.010701	
1.075951	0.049215	0.010701	
1.054076	0.092601	0.014228	
1.054076	0.092601	0.014228	
1.147541	0.127838	0.013713	
1.097829	0.172927	0.032466	
1.097829	0.172927	0.032466	
1.199264	0.135625	0.037362	
1.131206	0.305632	0.026344	
1.131206	0.305632	0.026344	
0.997044	0.408438	0.000000	
1.035365	0.468495	0.000000	
1.198035	0.439996	0.000000	
1.049914	0.345459	0.000000	
1.202801	0.136637	0.042726	
1.192487	0.574461	0.000447	
1.151882	0.757168	0.000000	
0.892489	0.879558	0.000000	
0.926075	0.923902	0.000000	
1.087072	0.847661	0.000000	
0.174381	1.109372	0.017305	
0.212637	1.160691	0.035348	
0.634485	1.122554	0.000000	
0.134690	1.112951	0.041741	
0.206164	1.172135	0.000000	
0.000000	1.122453	0.030440	
0.000000	1.217803	0.000000	
0.391071	1.094696	0.034605	
0.000000	1.101656	0.000000	
0.000000	1.254815	0.004839	
0.000000	1.254815	0.004839	
0.177317	1.140227	0.027651	
0.215947	1.162312	0.024276	
0.234166	1.111204	0.005257	
0.069299	1.116933	0.004715	
0.117602	1.152084	0.016680	
0.001251	1.167539	0.007452	
0.001251	1.167539	0.007452	
0.028965	1.216145	0.000648	
0.028965	1.216145	0.000648	
0.000000	1.285116	0.000000	
1.255170	0.000000	0.009707	
1.235533	0.030857	0.022889	
1.015412	0.033837	0.035916	
1.015412	0.033837	0.035916	
1.091967	0.081955	0.022123	
1.115167	0.056096	0.000000	
1.147541	0.127838	0.013713	
1.080282	0.148141	0.037806	
1.100040	0.137323	0.015261	
1.186882	0.346014	0.000000	
1.183481	0.183307	0.000000	
1.102143	0.240560	0.000585	
1.025030	0.462957	0.001192	
1.201937	0.295037	0.021496	
1.202801	0.136637	0.042726	
1.192487	0.574461	0.000447	
0.937673	0.640138	0.073330	
0.998642	0.799192	0.082612	
0.998642	0.799192	0.082612	
0.884214	0.851438	0.067590	
0.879930	0.880216	0.000542	
0.879930	0.880216	0.000542	
0.684609	0.977643	0.050733	
0.617114	0.933961	0.000000	
0.534619	0.999439	0.024079	
0.031151	1.075770	0.058415	
0.031151	1.075770	0.058415	
0.000000	1.122453	0.030440	
0.387445	1.122184	0.067971	
0.391071	1.094696	0.034605	
0.461317	1.183438	0.051091	
0.283255	1.291923	0.000000	
0.177317	1.140227	0.027651	
0.273594	1.147951	0.011101	
0.215947	1.162312	0.024276	
0.117602	1.152084	0.016680	
0.069299	1.116933	0.004715	
0.000351	1.146926	0.000000	
0.024078	1.155112	0.000000	
0.019437	1.179937	0.036762	
0.000000	1.340356	0.061551	
0.000000	1.340356	0.061551	
1.380386	0.000000	0.000000	
1.051156	0.014656	0.053455	
1.051156	0.014656	0.053455	
1.097523	0.074218	0.022587	
1.115167	0.056096	0.000000	
1.118772	0.077036	0.000000	
1.080282	0.148141	0.037806	
1.040347	0.110628	0.030055	
1.100040	0.137323	0.015261	
1.256176	0.255597	0.000000	
1.102143	0.240560	0.000585	
1.054622	0.315693	0.037672	
1.043177	0.313168	0.089821	
1.078373	0.488200	0.116698	
1.078373	0.488200	0.116698	
0.825574	0.702857	0.132558	
0.937673	0.640138	0.073330	
0.825574	0.702857	0.132558	
0.896656	0.759868	0.108439	
0.999714	0.924043	0.076597	
1.045371	0.998019	0.159646	
0.923456	0.693839	0.056605	
0.684609	0.977643	0.050733	
0.617114	0.933961	0.000000	
0.451242	1.065154	0.000000	
0.134690	1.112951	0.041741	
0.185820	1.157991	0.000000	
0.136566	1.095315	0.102121	
0.307059	1.096307	0.090794	
0.387445	1.122184	0.067971	
0.123988	1.113994	0.087915	
0.283255	1.291923	0.000000	
0.273594	1.147951	0.011101	
0.002592	1.167288	0.033689	
0.063611	1.111948	0.039573	
0.060894	1.101729	0.052552	
0.054517	1.099025	0.023901	
0.009332	1.127362	0.050954	
0.019267	1.132768	0.000000	
0.019437	1.179937	0.036762	
0.000000	1.285116	0.000000	
1.317433	0.000000	0.134325	
1.148281	0.032027	0.000000	
1.128882	0.065033	0.056856	
1.111215	0.056328	0.046393	
1.165138	0.017024	0.099623	
1.094172	0.162634	0.034714	
1.040347	0.110628	0.030055	
1.195916	0.171221	0.049728	
1.166883	0.188911	0.073257	
1.184279	0.167510	0.096902	
1.054622	0.315693	0.037672	
1.129339	0.180142	0.075927	
1.043177	0.313168	0.089821	
1.077314	0.435107	0.143317	
1.101414	0.393057	0.094363	
1.121571	0.484377	0.184723	
1.198016	0.825483	0.075975	
1.129478	0.797838	0.078906	
0.999714	0.924043	0.076597	
0.877123	0.799288	0.170903	
0.923456	0.693839	0.056605	
0.762524	0.814071	0.173170	
0.451242	1.065154	0.000000	
0.628154	1.013923	0.000000	
0.534619	0.999439	0.024079	
0.072377	1.082488	0.080901	
0.185820	1.157991	0.000000	
0.216707	1.064933	0.083330	
0.026591	1.178063	0.000000	
0.354802	1.247837	0.025926	
0.123988	1.113994	0.087915	
0.337588	1.350157	0.027556	
0.000000	1.137468	0.056274	
0.002592	1.167288	0.033689	
0.005240	1.167982	0.034078	
0.000351	1.146926	0.000000	
0.054517	1.099025	0.023901	
0.024078	1.155112	0.000000	
0.019267	1.132768	0.000000	
0.000000	1.449904	0.028668	
1.312280	0.000000	0.160508	
1.260891	0.015743	0.135444	
1.111215	0.056328	0.046393	
1.097649	0.021854	0.079808	
1.122120	0.082939	0.102885	
1.094172	0.162634	0.034714	
1.111603	0.015176	0.092366	
1.166883	0.188911	0.073257	
1.034281	0.122218	0.039098	
1.234307	0.245204	0.199545	
1.227542	0.195331	0.072608	
1.106680	0.338408	0.102764	
1.066687	0.277140	0.105596	
1.101414	0.393057	0.094363	
1.042074	0.577186	0.188448	
1.033516	0.558497	0.096635	
1.044506	0.752101	0.156942	
1.123497	0.912793	0.046680	
0.939755	0.857527	0.223659	
0.762524	0.814071	0.173170	
0.711574	0.786289	0.225430	
0.857717	0.994291	0.000000	
0.413630	1.068948	0.215870	
0.243701	1.007981	0.132480	
0.413630	1.068948	0.215870	
0.307841	1.080870	0.125785	
0.055492	1.068608	0.171127	
0.136566	1.095315	0.102121	
0.000000	1.282613	0.138913	
0.000000	1.349775	0.241679	
0.110226	1.367685	0.032196	
0.000000	1.355989	0.000000	
0.034665	1.077259	0.064023	
0.054801	1.300989	0.000000	
0.005240	1.167982	0.034078	
0.060894	1.101729	0.052552	
0.027480	1.093351	0.002749	
0.024078	1.155112	0.000000	
0.000000	1.262958	0.117596	
1.474174	0.000000	0.000000	
1.260891	0.015743	0.135444	
1.172796	0.058654	0.093722	
1.103100	0.020782	0.107858	
1.111603	0.015176	0.092366	
1.136925	0.021419	0.152063	
1.285744	0.041645	0.015139	
1.034281	0.122218	0.039098	
1.275215	0.229896	0.018732	
1.233964	0.068986	0.153070	
1.108440	0.258102	0.134182	
1.066687	0.277140	0.105596	
1.089740	0.486765	0.126646	
1.042074	0.577186	0.188448	
0.921427	0.522055	0.200643	
0.928929	0.682097	0.100688	
0.973818	0.676600	0.000000	
0.914037	0.699169	0.293538	
0.867436	0.761222	0.315557	
0.844776	0.740936	0.227946	
0.653803	0.947139	0.266202	
0.487465	1.101432	0.288088	
0.628154	1.013923	0.000000	
0.660654	1.062300	0.061339	
0.452230	1.131740	0.100971	
0.475033	1.041067	0.095368	
0.416403	1.025680	0.000000	
0.216707	1.064933	0.083330	
0.156464	1.248280	0.245786	
0.082264	1.248078	0.223992	
0.082264	1.248078	0.223992	
0.000000	1.340782	0.000000	
0.000000	1.137468	0.056274	
0.026981	1.230679	0.000000	
0.034896	1.152039	0.067313	
0.032227	1.145013	0.065454	
0.027480	1.093351	0.002749	
0.000000	1.396592	0.063661	
1.290035	0.000000	0.149019	
1.097649	0.021854	0.079808	
1.103100	0.020782	0.107858	
1.136925	0.021419	0.152063	
1.069060	0.000000	0.210179	
1.259038	0.005943	0.121922	
1.259038	0.005943	0.121922	
1.147286	0.021880	0.195291	
1.240741	0.370298	0.081647	
1.106680	0.338408	0.102764	
1.088809	0.135603	0.000000	
1.101414	0.393057	0.094363	
1.061342	0.464634	0.059266	
0.921427	0.522055	0.200643	
0.916618	0.514832	0.169588	
0.886902	0.598603	0.109033	
0.917271	0.676238	0.126078	
0.743918	0.743918	0.329865	
0.743918	0.743918	0.329865	
0.850920	0.945099	0.348251	
0.572264	0.972982	0.321171	
0.509423	1.018033	0.216764	
0.400389	0.989760	0.212218	
0.516954	1.054321	0.206413	
0.475033	1.041067	0.095368	
0.404692	1.119388	0.142220	
0.416403	1.025680	0.000000	
0.286664	1.222881	0.232471	
0.156464	1.248280	0.245786	
0.127868	1.296212	0.265682	
0.000000	1.374904	0.070679	
0.000000	1.340782	0.000000	
0.034665	1.077259	0.064023	
0.026981	1.230679	0.000000	
0.007431	1.253562	0.254262	
0.032227	1.145013	0.065454	
0.000000	1.371627	0.055764	
1.290035	0.000000	0.149019	
1.137546	0.000000	0.262109	
1.138984	0.000000	0.178541	
1.104279	0.010901	0.194441	
1.198740	0.070396	0.183642	
1.103889	0.043190	0.184952	
1.147286	0.021880	0.195291	
1.120235	0.000000	0.346019	
1.149277	0.094546	0.239450	
1.088809	0.135603	0.000000	
1.098985	0.153519	0.121674	
1.089740	0.486765	0.126646	
1.058528	0.538551	0.325447	
0.916618	0.514832	0.169588	
0.973818	0.676600	0.000000	
0.886902	0.598603	0.109033	
0.980776	0.555994	0.137997	
0.545942	0.851892	0.309377	
0.805996	0.954633	0.337153	
0.570998	0.939225	0.369584	
0.570998	0.939225	0.369584	
0.287433	1.042786	0.291274	
0.400389	0.989760	0.212218	
0.450256	0.983601	0.124624	
0.369864	1.092052	0.234448	
0.132414	1.145042	0.213329	
0.200606	1.150051	0.216064	
0.276032	1.214236	0.016977	
0.125889	1.221664	0.256018	
0.127868	1.296212	0.265682	
0.151136	1.308635	0.344088	
0.137295	1.212167	0.000000	
0.000000	1.278477	0.097408	
0.014920	1.116592	0.227623	
0.014920	1.116592	0.227623	
0.000000	1.297305	0.288330	
1.137546	0.000000	0.262109	
1.138984	0.000000	0.178541	
1.069060	0.000000	0.210179	
1.186457	0.031966	0.197388	
1.103889	0.043190	0.184952	
1.101530	0.083241	0.367923	
1.101530	0.083241	0.367923	
1.156825	0.047045	0.221574	
1.146183	0.111993	0.108262	
1.098985	0.153519	0.121674	
1.061342	0.464634	0.059266	
1.118323	0.536014	0.386100	
1.047562	0.472787	0.077694	
0.955999	0.463244	0.242692	
0.928929	0.682097	0.100688	
0.793640	0.716266	0.186483	
0.191669	0.924976	0.495735	
0.191669	0.924976	0.495735	
0.544048	0.939990	0.363322	
0.647451	0.825801	0.342646	
0.604264	0.858767	0.396595	
0.619162	0.988822	0.423717	
0.400867	1.003322	0.220068	
0.450256	0.983601	0.124624	
0.158108	1.083989	0.411525	
0.048973	1.043414	0.300694	
0.067985	1.052259	0.158107	
0.151984	1.234075	0.150876	
0.125889	1.221664	0.256018	
0.107852	1.120135	0.258810	
0.061181	1.217652	0.322593	
0.052209	1.084226	0.201892	
0.019645	1.199901	0.322674	
0.019645	1.199901	0.322674	
0.000000	1.206468	0.128136	
1.182731	0.000000	0.229980	
1.104279	0.010901	0.194441	
1.186457	0.031966	0.197388	
1.070280	0.115907	0.338409	
1.070280	0.115907	0.338409	
1.145726	0.149047	0.388014	
1.149277	0.094546	0.239450	
1.053044	0.000000	0.471683	
1.273057	0.029846	0.000013	
1.146183	0.111993	0.108262	
1.103851	0.517972	0.500037	
1.041918	0.475760	0.332984	
0.947354	0.574591	0.415233	
0.955999	0.463244	0.242692	
0.868754	0.678371	0.262996	
0.970583	0.735167	0.537547	
0.545942	0.851892	0.309377	
0.177666	0.957111	0.516242	
0.647451	0.825801	0.342646	
0.544755	0.868146	0.467417	
0.555254	0.834774	0.435032	
0.525205	1.030008	0.434910	
0.342554	1.019174	0.143754	
0.444687	1.061628	0.376143	
0.158108	1.083989	0.411525	
0.048973	1.043414	0.300694	
0.067985	1.052259	0.158107	
0.088939	1.212343	0.192974	
0.024119	1.195736	0.425884	
0.107852	1.120135	0.258810	
0.064305	1.107404	0.187205	
0.052209	1.084226	0.201892	
0.000000	1.220229	0.112565	
0.000000	1.206468	0.128136	
1.066144	0.000000	0.366033	
1.262108	0.000000	0.086343	
1.037210	0.031698	0.268047	
1.011336	0.089557	0.357657	
1.011336	0.089557	0.357657	
1.145726	0.149047	0.388014	
1.005382	0.151508	0.488163	
0.996746	0.059661	0.479664	
1.142443	0.036434	0.585184	
1.298768	0.485183	0.246743	
1.133751	0.497195	0.558044	
1.041918	0.475760	0.332984	
0.939499	0.556308	0.371187	
0.855772	0.660972	0.240432	
0.868754	0.678371	0.262996	
0.931855	0.678695	0.567611	
0.050970	0.925797	0.596787	
0.000000	0.974441	0.649670	
0.555254	0.834774	0.435032	
0.000000	1.015399	0.514436	
0.525205	1.030008	0.434910	
0.405343	1.067341	0.318257	
0.464348	1.132142	0.510972	
0.304810	1.138533	0.507784	
0.000000	1.172683	0.519392	
0.133479	1.163206	0.190896	
0.000000	1.172683	0.519392	
0.097919	1.141001	0.274217	
0.069681	1.098788	0.207074	
0.046742	1.213303	0.165248	
0.064305	1.107404	0.187205	
0.005819	1.289193	0.401601	
0.000000	1.220229	0.112565	
1.167593	0.000000	0.505988	
1.159841	0.021985	0.165886	
0.955368	0.062413	0.350689	
0.955368	0.062413	0.350689	
0.985963	0.096849	0.451702	
0.977158	0.085595	0.476706	
0.998229	0.082915	0.434731	
1.036621	0.213437	0.528894	
1.149289	0.071704	0.617892	
1.198377	0.274438	0.624564	
1.070451	0.426201	0.575583	
0.939499	0.556308	0.371187	
0.987753	0.454816	0.442804	
0.855772	0.660972	0.240432	
0.931855	0.678695	0.567611	
0.655538	0.788283	0.655010	
0.000000	0.860146	0.734591	
0.273816	0.848053	0.655153	
0.273816	0.848053	0.655153	
0.156416	1.049801	0.612544	
0.156416	1.049801	0.612544	
0.351551	1.107086	0.000000	
0.261191	1.209095	0.119128	
0.000000	1.248428	0.009732	
0.099627	1.291786	0.056178	
0.036598	1.146051	0.558413	
0.055330	1.038325	0.556215	
0.088939	1.212343	0.192974	
0.069681	1.098788	0.207074	
0.040263	1.167310	0.335584	
0.000000	1.198019	0.424370	
0.000000	1.198019	0.424370	
1.312813	0.000000	0.440177	
1.037210	0.031698	0.268047	
1.027335	0.048647	0.366078	
0.944847	0.078201	0.409624	
0.977158	0.085595	0.476706	
0.998229	0.082915	0.434731	
1.036621	0.213437	0.528894	
1.149289	0.071704	0.617892	
1.198377	0.274438	0.624564	
1.110134	0.507540	0.591573	
1.061867	0.294373	0.536156	
0.942656	0.290670	0.641208	
0.948708	0.568979	0.640602	
0.497745	0.749524	0.654515	
0.447892	0.799200	0.783558	
0.524067	0.860392	0.631725	
0.691867	0.892445	0.385993	
0.447892	0.799200	0.783558	
0.339393	1.164080	0.783811	
0.339393	1.164080	0.783811	
0.317662	1.084213	0.138577	
0.317662	1.084213	0.138577	
0.404491	1.228741	0.733723	
0.155748	1.275994	0.730662	
0.036104	1.218435	0.639457	
0.036598	1.146051	0.558413	
0.055330	1.038325	0.556215	
0.097919	1.141001	0.274217	
0.027024	1.178682	0.299985	
0.040263	1.167310	0.335584	
0.000000	1.289187	0.404398	
1.254025	0.000000	0.135523	
1.126404	0.018162	0.182403	
1.108751	0.047379	0.544658	
1.085051	0.129092	0.496055	
1.085051	0.129092	0.496055	
0.920082	0.161170	0.626352	
1.134367	0.000000	0.580942	
1.118994	0.078937	0.611563	
1.191567	0.248549	0.647530	
1.070451	0.426201	0.575583	
0.741814	0.408890	0.678506	
0.969723	0.353459	0.731553	
0.787509	0.575928	0.652141	
0.732066	0.578324	0.648580	
0.830939	0.751905	0.636627	
0.691867	0.892445	0.385993	
0.522831	0.546331	0.847853	
0.522831	0.546331	0.847853	
0.386997	0.621430	0.880048	
0.516171	0.990476	0.646807	
0.384746	0.736273	0.857404	
0.404491	1.228741	0.733723	
0.356060	1.162512	0.407336	
0.185381	1.210602	0.424020	
0.036104	1.218435	0.639457	
0.025864	1.082296	0.640902	
0.059180	1.043921	0.429670	
0.059180	1.043921	0.429670	
0.025232	1.100517	0.394334	
0.000000	1.144451	0.575974	
1.282729	0.000000	0.570960	
1.159874	0.037413	0.346177	
1.125734	0.044741	0.517920	
1.125734	0.044741	0.517920	
0.992335	0.177247	0.648048	
0.963354	0.137248	0.647192	
1.046568	0.071657	0.712096	
1.034036	0.174000	0.751267	
0.704386	0.383664	0.757009	
0.741814	0.408890	0.678506	
0.787509	0.575928	0.652141	
0.804865	0.450065	0.630694	
0.732066	0.578324	0.648580	
0.772592	0.526286	0.688272	
0.806325	0.608234	0.640461	
0.386997	0.621430	0.880048	
0.291120	0.783204	0.850358	
0.153358	0.899441	0.831044	
0.615176	0.801777	0.714430	
0.386834	0.972800	0.835824	
0.309143	1.030482	0.781998	
0.000000	1.158058	0.389984	
0.060861	1.088062	0.537531	
0.000000	1.158058	0.389984	
0.126709	1.162070	0.408790	
0.029029	0.967380	0.546387	
0.047681	0.981628	0.501633	
0.027159	1.085124	0.499811	
0.000000	1.255978	0.602163	
1.312813	0.000000	0.440177	
1.222534	0.035327	0.269823	
1.047515	0.089794	0.720251	
1.046568	0.071657	0.712096	
0.963354	0.137248	0.647192	
1.006324	0.148078	0.675486	
0.912093	0.055930	0.613320	
0.703505	0.319709	0.807832	
0.704386	0.383664	0.757009	
0.970425	0.165761	0.873346	
0.804865	0.450065	0.630694	
0.772592	0.526286	0.688272	
0.632391	0.563404	0.727573	
0.508154	0.465812	0.850402	
0.723338	0.540937	0.866075	
0.716452	0.499829	0.889677	
0.291120	0.783204	0.850358	
0.476305	0.946051	0.764410	
0.476305	0.946051	0.764410	
0.386834	0.972800	0.835824	
0.309143	1.030482	0.781998	
0.103201	1.021060	0.447574	
0.060861	1.088062	0.537531	
0.131476	1.008718	0.502396	
0.016947	0.987243	0.680581	
0.029029	0.967380	0.546387	
0.011886	1.037027	0.597744	
0.000000	1.200340	0.707261	
1.282729	0.000000	0.570960	
1.226269	0.047798	0.570903	
1.122587	0.012918	0.532628	
0.993749	0.049572	0.633298	
1.042225	0.167261	0.745018	
0.912093	0.055930	0.613320	
0.962067	0.217950	0.731452	
0.778141	0.327579	0.833581	
0.782238	0.409071	0.879883	
0.598272	0.442081	0.899759	
0.775599	0.271813	0.854596	
0.567507	0.314369	0.838648	
0.488462	0.388630	0.845059	
0.508154	0.465812	0.850402	
0.565048	0.497395	0.905752	
0.506532	0.736921	0.858082	
0.347299	0.846278	0.821347	
0.347299	0.846278	0.821347	
0.000000	0.971637	0.909639	
0.000000	0.971637	0.909639	
0.103201	1.021060	0.447574	
0.163512	0.978741	0.380457	
0.163512	0.978741	0.380457	
0.134162	1.003281	0.397410	
0.000000	0.984370	0.711169	
0.016947	0.987243	0.680581	
0.000000	0.984370	0.711169	
1.230390	0.000000	0.838834	
1.108957	0.016150	0.718840	
0.993749	0.049572	0.633298	
0.954262	0.037328	0.661808	
0.899283	0.043199	0.759034	
0.858319	0.176241	0.733225	
0.849685	0.191463	0.803906	
0.733654	0.261019	0.808150	
0.782238	0.409071	0.879883	
0.775599	0.271813	0.854596	
0.560210	0.411895	0.866246	
0.622726	0.394879	0.862330	
0.574111	0.442313	0.843636	
0.513904	0.380591	0.864979	
0.506532	0.736921	0.858082	
0.156385	0.718107	0.879435	
0.156385	0.718107	0.879435	
0.156619	0.685886	0.862856	
0.376405	0.706033	0.872620	
0.254632	0.867183	0.807112	
0.111496	0.855425	0.763094	
0.000000	0.936752	0.573038	
0.134162	1.003281	0.397410	
0.000000	1.032663	0.813630	
0.000000	0.997114	0.753588	
0.000000	1.032663	0.813630	
1.150415	0.000000	0.478444	
1.077822	0.028557	0.460340	
1.016255	0.086716	0.637423	
0.927518	0.058724	0.699381	
0.878008	0.076782	0.661704	
0.728873	0.213306	0.795104	
0.728873	0.213306	0.795104	
0.794447	0.113647	0.878113	
0.627187	0.246800	0.925510	
0.560210	0.411895	0.866246	
0.622726	0.394879	0.862330	
0.513904	0.380591	0.864979	
0.545621	0.422520	0.868774	
0.535077	0.216379	0.896127	
0.161836	0.656370	0.872584	
0.161836	0.656370	0.872584	
0.146843	0.678306	0.860716	
0.091657	0.743251	0.919065	
0.254676	0.579888	0.886304	
0.000000	0.922254	0.877723	
0.130811	0.923588	0.481412	
0.130811	0.923588	0.481412	
0.000000	0.934390	0.743153	
0.000000	0.997799	0.773239	
0.000000	0.997799	0.773239	
1.150415	0.000000	0.478444	
1.047674	0.019777	0.482085	
0.955690	0.092030	0.834275	
0.899283	0.043199	0.759034	
0.655350	0.127014	0.875449	
0.630343	0.197774	0.869798	
0.494742	0.240294	0.920135	
0.541286	0.244149	0.925541	
0.627187	0.246800	0.925510	
0.558319	0.407091	0.872320	
0.520062	0.388257	0.871103	
0.511940	0.350510	0.908192	
0.464986	0.319613	0.871217	
0.461045	0.599790	0.933358	
0.370021	0.566390	0.923895	
0.156619	0.685886	0.862856	
0.146843	0.678306	0.860716	
0.254632	0.867183	0.807112	
0.000125	0.780493	0.986761	
0.000000	0.936752	0.573038	
0.079868	0.957041	0.649655	
0.038980	1.058409	0.746950	
0.000000	0.934390	0.743153	
0.000000	1.067800	0.977373	
1.192709	0.000000	0.483732	
1.047674	0.019777	0.482085	
0.789661	0.073136	0.955005	
0.655350	0.127014	0.875449	
0.540406	0.152567	0.937595	
0.494742	0.240294	0.920135	
0.541286	0.244149	0.925541	
0.602982	0.317551	0.934626	
0.667163	0.368233	1.054371	
0.511940	0.350510	0.908192	
0.495014	0.246667	0.874154	
0.495014	0.246667	0.874154	
0.339278	0.221152	0.957593	
0.339278	0.221152	0.957593	
0.370021	0.566390	0.923895	
0.294646	0.652994	0.988531	
0.116450	0.687660	0.970109	
0.000000	0.688587	0.959122	
0.000125	0.780493	0.986761	
0.079868	0.957041	0.649655	
0.079868	0.957041	0.649655	
0.000000	1.041123	0.841819	
0.000000	1.067800	0.977373	
0.943108	0.000000	0.824017	
0.943108	0.000000	0.824017	
0.931083	0.089660	1.013903	
0.696624	0.142410	1.040266	
0.540406	0.152567	0.937595	
0.613415	0.086611	0.998477	
0.613415	0.086611	0.998477	
0.694502	0.000000	0.939487	
0.667163	0.368233	1.054371	
0.548869	0.320307	0.974096	
0.479607	0.224762	1.005431	
0.334605	0.193441	1.047013	
0.198361	0.219019	1.061307	
0.198361	0.219019	1.061307	
0.041749	0.494600	0.977486	
0.096869	0.458632	0.961457	
0.039656	0.693861	0.908419	
0.039656	0.693861	0.908419	
0.116450	0.687660	0.970109	
0.065009	0.335590	0.989744	
0.036889	0.457815	1.093199	
0.000000	1.041123	0.841819	
0.818515	0.000000	1.223352	
0.865487	0.033861	1.115596	
0.815773	0.000000	1.052302	
0.696624	0.142410	1.040266	
0.241740	0.096161	1.115843	
0.537063	0.064118	1.100252	
0.694502	0.000000	0.939487	
0.522980	0.057375	1.002892	
0.259374	0.290165	1.108209	
0.433057	0.061804	1.001684	
0.433057	0.061804	1.001684	
0.384098	0.127422	1.066146	
0.364619	0.326785	1.071734	
0.265695	0.322922	1.034340	
0.041749	0.494600	0.977486	
0.131900	0.625110	0.896538	
0.131900	0.625110	0.896538	
0.092750	0.450071	0.931128	
0.046384	0.575652	0.972584	
0.000000	0.864244	0.942928	
0.000000	0.661001	1.124637	
0.602403	0.000000	1.177075	
0.810693	0.000000	1.142870	
0.774073	0.069946	1.125998	
0.604399	0.000000	0.977120	
0.537063	0.064118	1.100252	
0.604399	0.000000	0.977120	
0.522980	0.057375	1.002892	
0.520701	0.003849	1.069456	
0.259374	0.290165	1.108209	
0.323530	0.309397	1.095351	
0.384098	0.127422	1.066146	
0.038276	0.044470	1.120908	
0.251560	0.100590	1.123275	
0.265695	0.322922	1.034340	
0.086273	0.445360	0.958132	
0.069542	0.358992	0.959854	
0.092750	0.450071	0.931128	
0.069542	0.358992	0.959854	
0.000000	0.508537	0.973598	
0.000000	0.335738	1.086174	
0.000000	0.000000	1.163780	
0.000000	0.000000	1.198506	
0.000000	0.000000	1.198506	
0.606785	0.138654	1.218132	
0.635085	0.111338	1.075579	
0.334306	0.085966	1.168671	
0.520701	0.003849	1.069456	
0.041100	0.160823	1.088648	
0.263282	0.273110	1.101807	
0.100082	0.054147	1.035309	
0.100082	0.054147	1.035309	
0.110346	0.095996	1.079823	
0.110346	0.095996	1.079823	
0.076935	0.269477	1.088231	
0.103344	0.486818	0.988088	
0.000000	0.580065	0.958479	
0.000000	0.580065	0.958479	
0.000000	0.508537	0.973598	
0.000000	0.567131	1.056128	
0.000000	0.000000	1.198506	
0.000000	0.000000	1.198506	
0.067226	0.032697	1.251188	
0.635085	0.111338	1.075579	
0.270019	0.107479	1.088105	
0.334306	0.085966	1.168671	
0.467027	0.179393	1.052068	
0.134393	0.233578	1.062326	
0.131663	0.045590	1.061576	
0.131663	0.045590	1.061576	
0.125359	0.100743	1.066051	
0.125359	0.100743	1.066051	
0.164992	0.213507	1.096250	
0.076935	0.269477	1.088231	
0.103344	0.486818	0.988088	
0.065009	0.335590	0.989744	
0.003184	0.571151	0.977570	
0.000000	0.593561	1.026557	
0.790715	0.000000	1.323421	
0.448102	0.000000	1.294465	
0.067226	0.032697	1.251188	
0.270019	0.107479	1.088105	
0.129130	0.110663	1.190030	
0.287736	0.199096	1.056557	
0.038276	0.044470	1.120908	
0.287736	0.199096	1.056557	
0.255081	0.145062	1.073451	
0.205449	0.122882	1.102905	
0.087365	0.039092	1.137924	
0.087365	0.039092	1.137924	
0.161355	0.231330	1.098947	
0.099659	0.249290	1.141298	
0.024343	0.443271	1.014704	
0.003197	0.426835	1.013478	
0.000000	0.567131	1.056128	
0.622053	0.000000	1.404179	
0.005242	0.011181	1.345329	
0.060027	0.091537	1.285090	
0.129130	0.110663	1.190030	
0.012677	0.049696	1.224608	
0.431026	0.021179	1.080285	
0.134393	0.233578	1.062326	
0.215934	0.104681	1.132836	
0.087794	0.039726	1.175578	
0.088957	0.140277	1.137344	
0.096134	0.384482	1.077976	
0.108592	0.369567	1.077804	
0.096134	0.384482	1.077976	
0.047989	0.064312	1.155744	
0.024343	0.443271	1.014704	
0.000000	0.520080	1.068355	
0.000000	0.000000	1.390353	
0.527794	0.000000	1.274414	
0.012677	0.049696	1.224608	
0.012677	0.049696	1.224608	
0.126553	0.150848	1.216809	
0.368326	0.000000	1.138546	
0.215934	0.104681	1.132836	
0.279767	0.232869	1.187002	
0.102351	0.170938	1.147638	
0.149382	0.122769	1.062380	
0.149382	0.122769	1.062380	
0.108592	0.369567	1.077804	
0.081208	0.388943	1.165972	
0.003197	0.426835	1.013478	
0.000000	0.520080	1.068355	
0.527794	0.000000	1.274414	
0.354350	0.000000	1.235238	
0.000000	0.000000	1.264899	
0.070248	0.090417	1.225101	
0.126553	0.150848	1.216809	
0.264758	0.105217	1.126735	
0.264758	0.105217	1.126735	
0.122346	0.218203	1.150009	
0.132056	0.204733	1.021890	
0.079329	0.294818	1.030436	
0.101016	0.202931	1.048665	
0.077447	0.274717	1.082259	
0.000000	0.438457	1.299248	
0.000000	0.438457	1.299248	
0.253794	0.000000	1.092600	
0.000000	0.000000	1.209380	
0.000000	0.000000	1.209380	
0.356300	0.023047	1.214466	
0.264758	0.105217	1.126735	
0.000000	0.000000	1.166472	
0.047626	0.000000	1.196218	
0.122346	0.218203	1.150009	
0.132056	0.204733	1.021890	
0.079329	0.294818	1.030436	
0.077447	0.274717	1.082259	
0.008689	0.451606	1.205263	
0.000000	0.534729	1.367504	
0.253794	0.000000	1.092600	
0.253794	0.000000	1.092600	
0.253794	0.000000	1.092600	
0.000000	0.000000	1.166472	
0.017311	0.000000	1.065552	
0.035484	0.000000	1.114274	
0.017311	0.000000	1.065552	
0.034239	0.137866	1.127040	
0.000000	0.000000	1.144973	
0.077447	0.274717	1.082259	
0.017331	0.304187	1.344702	
0.000000	0.297924	1.422727	
0.000000	0.000000	1.219922	
0.000000	0.000000	1.219922	
0.025075	0.000000	1.182330	
0.034712	0.000473	1.090132	
0.034712	0.000473	1.090132	
0.000000	0.000000	1.094471	
0.025075	0.000000	1.182330	
0.000000	0.207430	1.161185	
0.000000	0.207430	1.161185	
0.017331	0.304187	1.344702	
0.000000	0.000000	1.469677	
0.000000	0.000000	1.219922	
0.042101	0.003417	1.149515	
0.000000	0.000000	1.128195	
0.040030	0.002443	1.052174	
0.040030	0.002443	1.052174	
0.000000	0.000000	1.094471	
0.000000	0.000000	1.148441	
0.035132	0.064165	1.165842	
0.035132	0.064165	1.165842	
0.000000	0.173174	1.374495	
0.000000	0.000000	1.208189	
0.013547	0.001971	1.041585	
0.016760	0.003135	1.071109	
0.013547	0.001971	1.041585	
0.016760	0.003135	1.071109	
0.000000	0.000000	1.086944	
0.007135	0.003751	1.058504	
0.003179	0.001092	1.096924	
0.000000	0.000000	1.214812	
0.000000	0.000000	1.219922	
0.000000	0.000000	1.036857	
0.000000	0.000000	1.077926	
0.006193	0.002456	1.087237	
0.011007	0.005389	1.056987	
0.007135	0.003751	1.058504	
0.011007	0.005389	1.056987	
0.000000	0.000000	1.214812	
0.000000	0.000000	1.036857	
0.000000	0.000000	1.077926	
0.029458	0.012253	1.140739	
0.009526	0.003877	1.130001	
0.007572	0.002426	1.050433	
0.007572	0.002426	1.050433	
0.000000	0.000000	1.268536	
0.000000	0.000000	1.328899	
0.029458	0.012253	1.140739	
0.050729	0.018173	1.095891	
0.030780	0.031711	1.097073	
0.016727	0.006787	1.159023	
0.000000	0.000000	1.263953	
0.000000	0.000000	1.328899	
0.001569	0.001788	1.164316	
0.050729	0.018173	1.095891	
0.004368	0.001400	1.177773	
0.000000	0.000000	1.328533	
0.000000	0.000000	1.440590	
0.010005	0.013494	1.172525	
0.010005	0.013494	1.172525	
0.000000	0.000000	1.414414	
0.043423	0.000000	1.418475	
0.026569	0.011157	1.172812	
0.000000	0.000000	1.328533	
0.000000	0.000000	1.391979	
0.000000	0.000000	1.399236	
0.000000	0.000000	1.391979	
0.000000	0.000000	0.000000	
0.000000	0.000000	0.000000	
0.000000	0.000000	0.000000	
0.000000	0.000000	0.000000	
0.000000	0.000000	0.000000	
0.000000	0.000000	0.000000	
0.000000	0.000000	0.000000	
0.000000	0.000000	0.000000	
0.000000	0.000000	0.000000	
0.000000	0.000000	0.000000	
