80.940954	0.486248	0.235226	
37.675332	3.544655	0.124802	
44.203306	4.381803	0.217335	
74.440020	15.249982	0.882649	
35.535736	10.376239	0.007963	
61.248775	22.137151	2.887141	
60.743206	28.937574	2.136160	
25.012471	22.247985	0.587475	
23.343720	21.153952	0.553132	
18.946282	25.087168	0.502172	
43.091315	75.670415	0.711390	
14.923038	28.449052	0.365814	
11.151476	28.573027	1.063724	
4.247995	13.204662	0.354526	
18.195253	76.572347	0.328105	
7.329754	55.670158	0.128326	
2.961701	49.994552	0.181870	
0.364749	105.117283	0.578092	
87.174999	1.020767	7.111832	
30.320066	2.597618	2.746814	
47.673657	7.222381	2.719145	
25.824864	5.933123	1.136777	
99.450223	32.052853	11.227190	
48.497878	19.639366	4.531232	
33.746537	19.441899	1.107549	
14.756756	10.600723	2.428194	
32.308155	25.877676	4.346811	
23.246915	26.028403	4.892596	
19.715381	28.143001	3.914976	
8.103067	15.011950	1.420588	
8.599187	22.780068	2.541653	
16.903507	51.977618	2.203226	
8.715383	39.556357	1.330526	
10.002080	75.883491	7.168088	
2.355528	48.415623	4.646670	
2.388273	75.592113	2.576854	
40.549106	0.477581	5.687437	
38.652304	3.167743	5.797419	
36.979101	4.893424	5.637384	
59.395773	16.578352	8.327655	
71.968194	25.711551	10.629585	
22.999368	10.196377	5.083028	
18.234394	10.563236	3.928503	
15.706618	11.283069	2.984559	
17.542008	17.872150	5.977028	
27.837962	39.580137	7.600188	
21.706070	37.017832	9.122941	
17.369694	44.505744	8.738628	
16.034498	47.609022	6.970547	
5.478658	22.237857	3.453223	
6.098231	50.317617	6.467007	
2.562827	52.676455	7.486776	
0.170122	49.027629	7.599680	
82.424633	2.634623	15.230834	
23.442661	2.287773	4.941045	
61.557403	9.299297	12.374704	
31.990121	8.712747	6.459622	
26.444540	9.201007	6.526863	
30.361449	17.438392	9.071461	
26.986177	16.232561	8.202058	
20.978769	16.803244	6.681514	
21.871595	24.771850	7.730295	
31.570522	42.476881	12.931941	
13.733809	29.214040	7.509472	
6.512554	17.833934	4.585415	
12.225242	49.622218	10.345357	
7.630456	48.659656	13.656911	
5.027551	107.695418	20.576755	
1.568802	58.214833	10.913066	
52.757143	1.556383	14.491125	
23.955705	2.803170	6.798594	
12.292043	1.862199	3.978275	
18.340835	4.213708	7.091392	
17.295536	7.135945	5.815066	
30.403040	17.515659	12.861264	
15.041291	12.760014	7.339846	
34.523455	36.358512	19.211102	
22.431028	30.069913	14.618324	
15.412561	28.259692	11.798141	
11.788382	30.204950	12.870503	
14.265766	46.340138	15.822007	
4.323215	27.035097	9.080856	
2.412128	27.602244	8.355128	
0.037513	50.300018	12.212717	
57.885909	2.237238	21.609037	
22.423791	2.596848	8.628961	
41.472099	7.343330	20.487086	
70.556717	25.365496	33.674405	
31.649409	14.437970	15.881367	
33.971205	19.571334	20.174479	
17.943361	17.217779	13.848216	
6.523856	7.309422	5.768689	
21.834605	33.832906	19.288933	
7.567090	19.388884	10.442238	
8.529494	32.853887	18.310432	
4.435022	27.038554	12.719011	
3.872535	43.304104	16.762063	
0.509361	70.429295	24.985259	
66.284146	2.356893	36.059538	
25.757356	1.029182	14.721371	
41.176325	9.224170	25.617757	
16.716245	6.497108	10.303905	
25.102483	14.344979	19.337297	
36.126897	25.107561	34.107135	
23.661493	23.548841	24.214850	
36.046817	43.105411	40.598299	
12.255422	25.082245	18.993667	
8.243771	25.023481	16.421869	
4.577439	26.112565	15.831890	
5.249217	40.356468	23.526363	
2.810415	79.435907	38.159804	
39.160850	2.211600	23.387556	
25.419771	3.788606	19.606376	
38.375168	6.161816	30.408375	
20.583906	9.271229	18.951352	
20.941692	14.375135	22.005598	
23.072752	16.559747	24.694655	
22.075410	23.155316	27.692397	
11.267518	21.147455	22.254394	
4.871454	10.860256	10.672197	
30.030106	103.971644	76.367824	
1.989972	24.044408	17.775411	
0.384725	48.996918	33.902806	
30.928644	0.293160	23.534738	
25.299117	2.930475	20.442002	
14.256226	3.429016	13.504665	
14.277788	6.515156	17.349678	
26.993215	18.433468	31.547681	
15.356549	13.992261	25.100534	
19.868460	26.732222	37.437980	
7.954880	16.099695	17.926219	
9.273994	30.156749	28.183006	
1.344938	22.703034	21.217754	
1.645480	27.776282	21.926013	
37.904532	2.060838	38.112879	
50.091741	5.801010	50.667778	
16.089954	5.451811	19.451429	
18.149451	10.371623	30.263685	
17.877133	13.138540	34.582356	
8.719252	11.735019	20.050350	
12.023087	24.058316	31.765439	
6.142567	22.620138	26.140820	
2.025830	20.933083	21.159822	
0.214797	17.454541	16.173548	
25.871932	1.671268	33.640693	
30.379279	3.776131	39.003040	
22.897147	9.964551	42.974844	
22.321556	13.015586	43.160052	
5.799072	6.143824	14.581818	
12.468755	16.251510	35.997424	
7.106094	19.188199	32.726708	
2.027302	20.799431	27.588668	
0.157450	27.771467	34.100147	
32.323153	1.874844	52.477056	
34.449252	4.659450	69.467152	
29.103676	14.447632	61.782046	
15.326992	12.907316	43.019946	
9.177866	10.579741	32.524371	
2.348262	6.262325	13.571186	
4.252325	28.813720	51.818809	
2.704710	27.447657	44.003945	
12.983467	0.486526	28.757275	
13.892078	3.534615	37.841197	
25.270872	11.641775	87.536444	
8.075998	10.327676	39.491125	
4.888332	9.319042	29.251216	
9.476474	38.767037	95.526887	
0.082088	23.656974	44.465214	
8.936495	0.840783	20.907880	
12.239116	5.638311	42.395397	
9.306720	5.968061	43.494446	
4.062826	5.379672	23.688364	
2.243886	8.829600	27.393710	
1.237218	19.555945	50.785213	
11.492596	0.184296	34.685869	
9.376837	4.303324	38.953816	
5.235157	5.415008	32.240825	
3.612268	6.577675	34.621452	
0.807069	13.246829	47.270103	
11.074536	0.544793	51.753985	
6.292501	4.166556	46.512524	
3.421107	6.465520	44.568624	
0.912547	12.243601	50.759133	
13.075251	0.760727	80.781066	
3.802266	2.438255	39.656325	
0.122590	11.242634	73.156669	
4.005726	0.643191	95.036090	
0.475558	1.374566	30.626493	
2.876448	2.077647	155.317892	
42.906649	34.837854	155.166414	
0.000000	0.000000	0.000000	
0.000000	0.000000	0.000000	
0.000000	0.000000	0.000000	
0.000000	0.000000	0.000000	
0.000000	0.000000	0.000000	
0.000000	0.000000	0.000000	
0.000000	0.000000	0.000000	
0.000000	0.000000	0.000000	
0.000000	0.000000	0.000000	
0.000000	0.000000	0.000000	
