0.279567	0.145834	0.094685	
0.000599	1.023079	0.000639	
0.000316	0.538697	0.000147	
0.076738	85.696878	0.053526	
0.000015	0.002794	0.662313	
0.000522	0.158047	28.349048	
0.000009	0.116285	13.931296	
0.000002	0.005780	0.517323	
0.000000	0.006409	0.514286	
0.000001	0.007184	0.518006	
0.000026	0.008248	0.528841	
0.000006	0.008833	0.529087	
0.000018	0.010131	0.558026	
0.000001	0.010266	0.533214	
0.000000	0.010879	0.526811	
0.000860	0.045213	2.060307	
0.000000	0.013910	0.570853	
0.000159	0.090808	131.006002	
0.000021	0.078591	55.583664	
0.000080	0.129741	37.956708	
0.001336	0.232818	55.739409	
0.000053	0.117070	23.744456	
0.003454	0.164323	30.787713	
0.000002	0.003530	0.549314	
0.000047	0.003817	0.531889	
0.000000	0.003901	0.506598	
0.001402	1.350611	165.499521	
0.000116	0.009588	1.038843	
0.000005	0.005542	0.559223	
0.006058	0.084605	7.990072	
0.002311	0.831293	74.584919	
0.000005	0.041307	89.906495	
0.000000	0.055881	60.100970	
0.000002	0.153705	113.648924	
0.000001	0.232135	127.419502	
0.000013	0.003994	1.197302	
0.000306	0.089130	21.921074	
0.000044	0.003724	0.770330	
0.000002	0.111687	18.794254	
0.000002	0.003488	0.520520	
0.004890	0.869228	120.325993	
0.004777	0.049755	74.736021	
0.009300	0.106485	103.258933	
0.000263	0.094763	71.341952	
0.000000	0.003498	0.893984	
0.000000	0.002272	0.506520	
0.000000	0.004042	0.901317	
0.001459	0.393271	81.388078	
0.002067	0.022128	83.429122	
0.006414	0.087444	103.838491	
0.000253	0.001104	0.573839	
0.000214	0.001203	0.559914	
0.000029	0.002351	1.004213	
0.000017	0.078822	27.444185	
0.000016	0.008941	2.886975	
0.000000	0.001946	0.551824	
0.000001	0.006489	1.760228	
0.000211	0.075717	83.421528	
0.000002	0.031526	27.429264	
0.000001	0.000999	0.539097	
0.000003	0.001123	0.522373	
0.026835	0.429652	206.587029	
0.000000	0.001414	0.559063	
0.000005	0.067166	26.605731	
0.005001	0.080077	206.958438	
0.000007	0.000595	0.777702	
0.000001	0.060988	77.541575	
0.000000	0.008143	8.112654	
0.000007	0.032660	27.450129	
0.001968	0.185141	132.299405	
0.000000	0.000987	0.541531	
0.000000	0.001247	0.615993	
0.000107	0.001391	0.624564	
0.000004	0.001497	0.625289	
0.000000	0.000314	1.021541	
0.000026	0.000365	0.652217	
0.000559	0.068404	101.396390	
0.009340	0.104781	103.261185	
0.000001	0.111987	93.560478	
0.000136	0.054103	37.936885	
0.000005	0.001396	0.827521	
0.000001	0.000268	0.874318	
0.000004	0.030575	98.930686	
0.000037	0.002636	4.114839	
0.000034	0.002766	3.399253	
0.011049	0.150631	165.434533	
0.006598	0.125325	117.120379	
0.000036	0.003021	2.311094	
0.000000	0.000467	29.601660	
0.000000	0.001583	10.489929	
0.000001	0.107154	260.388449	
0.004003	0.054173	97.478282	
0.005485	0.074888	103.846497	
0.001222	0.082074	85.335965	
0.000019	0.028486	25.496288	
0.000860	0.040209	166.420371	
0.000006	0.000387	0.654094	
0.000000	0.001542	2.817115	
0.000000	0.000482	0.542779	
0.000346	0.069587	95.183703	
0.000000	0.000279	1.207906	
0.000030	0.000415	1.199482	
0.000000	0.000403	0.570787	
0.000019	0.000722	1.022384	
0.000030	0.105483	159.418343	
0.000000	0.000262	0.585447	
0.000032	0.001902	5.483606	
0.000000	0.000405	0.624435	
0.000000	0.000241	1.044945	
0.000980	0.062818	155.190421	
0.000006	0.000335	1.078225	
0.000000	0.001031	10.432623	
0.000000	0.000205	1.090817	
0.001896	0.008291	85.065944	
0.006221	0.099597	252.683381	
0.000000	0.001031	10.432623	
0.000000	0.001662	8.602130	
0.000000	0.008033	93.788258	
0.000119	0.005656	71.747529	
0.006221	0.099597	252.683381	
0.000046	0.003828	40.331035	
0.000001	0.000182	0.945038	
0.000000	0.008033	93.788258	
0.000347	0.003423	19.509987	
0.000119	0.005656	71.747529	
0.002712	0.014018	41.552204	
0.000029	0.012014	39.629838	
0.000000	0.003402	2.928510	
0.007203	0.147473	97.075272	
0.000001	0.002649	7.166049	
0.000000	0.000457	0.522831	
0.002712	0.014018	41.552204	
0.000004	0.037683	57.903567	
0.000001	0.000340	0.776211	
0.000326	0.037689	66.478534	
0.000000	0.000621	0.539418	
0.000001	0.000298	0.539607	
0.000009	0.001052	0.598610	
0.000326	0.037689	66.478534	
0.000001	0.000298	0.539607	
0.000007	0.000496	0.526501	
0.000059	0.003773	1.963807	
0.000001	0.001078	1.208678	
0.000001	0.001078	1.208678	
0.000001	0.001078	1.208678	
0.000010	0.002917	0.538590	
0.005165	0.668553	90.412225	
0.000463	0.001173	0.689771	
0.000007	0.001880	0.561930	
0.001179	0.499582	95.202746	
0.000013	0.000837	0.522494	
0.000006	0.107449	33.550829	
0.000000	0.000772	0.542673	
0.000174	0.042120	2.701703	
0.000218	0.061052	1.841883	
0.001399	0.092423	1.928845	
0.002063	0.107265	1.673873	
0.002466	0.215156	2.694101	
0.000198	0.003068	1.746870	
0.001655	0.056382	3.780861	
0.000040	0.055178	1.893871	
0.001428	0.059848	1.351404	
0.000405	0.116934	2.008287	
0.000262	0.005321	3.830751	
0.000060	0.020396	1.476540	
0.001411	0.066305	2.402741	
0.003472	1.603971	40.081244	
0.000092	0.000040	2.302629	
0.003606	1.219547	96.019011	
0.000031	0.051244	2.001574	
0.000041	0.000103	2.509170	
0.000054	0.018154	1.478884	
0.000004	0.000173	1.209664	
0.006018	0.554498	4.040564	
0.025954	0.017420	1.828473	
0.031000	0.157009	4.679180	
0.058199	0.231900	5.246332	
0.009147	0.488117	6.491277	
0.008308	0.301281	2.992595	
0.047364	0.009465	4.760430	
0.021549	0.101596	4.041505	
0.010636	0.187090	3.962427	
0.003808	0.179104	2.800490	
0.729080	0.107600	110.152065	
0.002854	0.134214	4.812116	
0.002113	0.088525	1.998952	
0.009915	0.023182	2.476752	
0.002191	0.103027	4.494383	
0.000089	0.006473	2.645759	
0.012010	0.232512	16.866715	
0.000000	0.000000	0.000000	
0.000000	0.000000	0.000000	
0.000000	0.000000	0.000000	
0.000000	0.000000	0.000000	
0.000000	0.000000	0.000000	
0.000000	0.000000	0.000000	
0.000000	0.000000	0.000000	
0.000000	0.000000	0.000000	
0.000000	0.000000	0.000000	
0.000000	0.000000	0.000000	
