0.279567	0.145834	0.094685	
0.000599	1.023079	0.000639	
0.000316	0.538697	0.000147	
0.005799	3.322395	0.001841	
0.256133	4.541112	0.803811	
0.035447	60.495231	0.016540	
0.250283	1.732757	105.673021	
0.000000	0.011727	0.517712	
0.000050	0.016569	0.506136	
0.001198	0.161977	4.345870	
0.000231	0.454975	11.016496	
0.000028	0.023540	0.502684	
0.000002	0.026166	0.489550	
0.000109	0.028074	0.482623	
0.000005	0.032879	0.514750	
0.000081	0.033830	0.491893	
0.000130	0.037171	0.490143	
0.000005	0.038871	0.474096	
0.000006	0.044043	0.512665	
0.000006	0.045339	0.501591	
0.000756	0.196458	73.137305	
0.001793	0.249285	18.894154	
0.000000	0.008619	0.515762	
0.005112	1.432005	75.330888	
0.000001	0.011562	0.534687	
0.000046	0.012808	0.513218	
0.000032	0.018218	0.669869	
0.000001	0.014927	0.521199	
0.000044	0.018588	0.526937	
0.001089	0.152927	4.233652	
0.000047	0.020348	0.504855	
0.037307	0.152242	3.520081	
0.000037	0.190067	108.615874	
0.000898	0.302287	85.253023	
0.000007	0.004108	0.684005	
0.000022	0.003952	0.510551	
0.016160	0.625645	70.229877	
0.018320	0.096552	7.823230	
0.000000	0.008147	0.551345	
0.000001	0.008277	0.507397	
0.001707	0.364062	20.397863	
0.000007	0.010448	0.516283	
0.000018	0.012523	0.520689	
0.000052	0.014290	0.563272	
0.000547	0.138264	50.090565	
0.000001	0.247647	62.151624	
0.003617	1.327159	263.490426	
0.004150	0.439768	65.313296	
0.000004	0.005218	0.523979	
0.000000	0.006656	0.521015	
0.000890	0.512461	37.768400	
0.000432	0.008147	0.517974	
0.000050	0.010595	0.593633	
0.293583	2.452326	133.574267	
0.005421	0.205589	97.537069	
0.000073	0.601434	117.231272	
0.000009	0.003859	0.544263	
0.000026	0.004671	0.591880	
0.000000	0.005788	0.509626	
0.000016	0.006683	0.540930	
0.000050	0.027001	2.117443	
0.000534	0.056590	65.683262	
0.000018	0.026914	10.200576	
0.000016	0.003779	0.557159	
0.000001	0.033130	4.559234	
0.008696	0.163687	20.841525	
0.000057	0.014557	1.408772	
0.008531	0.081378	108.831439	
0.000001	0.001693	0.581429	
0.000012	0.002198	0.602867	
0.000000	0.008346	2.094637	
0.000000	0.002756	0.528717	
0.000003	0.002944	0.517038	
0.000004	0.004311	0.521704	
0.000000	0.005428	0.616003	
0.000000	0.000686	0.515431	
0.000006	0.001077	0.532628	
0.000005	0.013091	6.435785	
0.000089	0.023123	8.791337	
0.000006	0.002164	0.554069	
0.000016	0.003726	0.566890	
0.000000	0.003685	0.507149	
0.000034	0.000666	0.525235	
0.000001	0.001012	0.558325	
0.000042	0.069106	39.507297	
0.000036	0.158655	66.618815	
0.005245	0.026577	8.865836	
0.000029	0.138211	38.753410	
0.000000	0.022448	5.337295	
0.031533	0.414961	86.564085	
0.000000	0.000766	7.972546	
0.002073	0.027282	51.186443	
0.000001	0.000959	0.582874	
0.000023	0.003860	2.245595	
0.000031	0.195521	90.326708	
0.000043	0.256112	91.986375	
0.000025	0.008377	2.149141	
0.000009	0.002747	0.562092	
0.000027	0.026078	52.144750	
0.000000	0.001075	0.516374	
0.000001	0.001337	0.530639	
0.000084	0.021925	8.796830	
0.000276	0.365199	125.427803	
0.000000	0.002162	0.537485	
0.000134	0.034826	78.702397	
0.000024	0.113386	124.784660	
0.000000	0.001024	0.512905	
0.000000	0.001385	0.580487	
0.000183	0.274896	123.875573	
0.033659	0.451414	174.481877	
0.000040	0.000563	0.539014	
0.000004	0.101558	126.508790	
0.000007	0.001233	0.532564	
0.000027	0.068917	33.880182	
0.000003	0.000951	0.531587	
0.000000	0.001149	0.530989	
0.004354	0.127033	175.049770	
0.013571	0.182005	174.826563	
0.000483	0.162698	258.511412	
0.000000	0.000481	0.543995	
0.000001	0.002649	7.166049	
0.000000	0.000606	0.521890	
0.007203	0.147473	97.075272	
0.000000	0.000394	0.525431	
0.000043	0.000577	0.549022	
0.002712	0.014018	41.552204	
0.000029	0.012014	39.629838	
0.000000	0.003402	2.928510	
0.007203	0.147473	97.075272	
0.000001	0.002649	7.166049	
0.000000	0.000457	0.522831	
0.002712	0.014018	41.552204	
0.000004	0.037683	57.903567	
0.000001	0.000340	0.776211	
0.000326	0.037689	66.478534	
0.000000	0.000621	0.539418	
0.000001	0.000298	0.539607	
0.000009	0.001052	0.598610	
0.000326	0.037689	66.478534	
0.000001	0.000298	0.539607	
0.000007	0.000496	0.526501	
0.000059	0.003773	1.963807	
0.000001	0.001078	1.208678	
0.000001	0.001078	1.208678	
0.000001	0.001078	1.208678	
0.000010	0.002917	0.538590	
0.005165	0.668553	90.412225	
0.000463	0.001173	0.689771	
0.000007	0.001880	0.561930	
0.001179	0.499582	95.202746	
0.000013	0.000837	0.522494	
0.000006	0.107449	33.550829	
0.000000	0.000772	0.542673	
0.000174	0.042120	2.701703	
0.000218	0.061052	1.841883	
0.001399	0.092423	1.928845	
0.002063	0.107265	1.673873	
0.002466	0.215156	2.694101	
0.000198	0.003068	1.746870	
0.001655	0.056382	3.780861	
0.000040	0.055178	1.893871	
0.001428	0.059848	1.351404	
0.000405	0.116934	2.008287	
0.000262	0.005321	3.830751	
0.000060	0.020396	1.476540	
0.001411	0.066305	2.402741	
0.003472	1.603971	40.081244	
0.000092	0.000040	2.302629	
0.003606	1.219547	96.019011	
0.000031	0.051244	2.001574	
0.000041	0.000103	2.509170	
0.000054	0.018154	1.478884	
0.000004	0.000173	1.209664	
0.006018	0.554498	4.040564	
0.025954	0.017420	1.828473	
0.031000	0.157009	4.679180	
0.058199	0.231900	5.246332	
0.009147	0.488117	6.491277	
0.008308	0.301281	2.992595	
0.047364	0.009465	4.760430	
0.021549	0.101596	4.041505	
0.010636	0.187090	3.962427	
0.003808	0.179104	2.800490	
0.729080	0.107600	110.152065	
0.002854	0.134214	4.812116	
0.002113	0.088525	1.998952	
0.009915	0.023182	2.476752	
0.002191	0.103027	4.494383	
0.000089	0.006473	2.645759	
0.012010	0.232512	16.866715	
0.000000	0.000000	0.000000	
0.000000	0.000000	0.000000	
0.000000	0.000000	0.000000	
0.000000	0.000000	0.000000	
0.000000	0.000000	0.000000	
0.000000	0.000000	0.000000	
0.000000	0.000000	0.000000	
0.000000	0.000000	0.000000	
0.000000	0.000000	0.000000	
0.000000	0.000000	0.000000	
