0.851058	-0.773085	
0.849567	-0.770389	
0.848322	-0.767969	
0.847893	-0.765804	
0.846676	-0.761725	
0.846156	-0.759115	
0.845559	-0.755902	
0.844938	-0.753458	
0.844559	-0.750511	
0.844052	-0.746947	
0.843586	-0.743981	
0.843226	-0.741361	
0.842763	-0.738072	
0.842394	-0.735474	
0.842063	-0.732700	
0.841653	-0.729339	
0.841202	-0.725577	
0.840964	-0.723409	
0.840628	-0.720274	
0.840279	-0.716770	
0.839967	-0.712973	
0.839547	-0.709730	
0.839234	-0.706848	
0.838943	-0.703400	
0.838705	-0.700486	
0.838312	-0.696638	
0.838083	-0.693953	
0.837721	-0.690073	
0.837466	-0.687406	
0.837247	-0.684954	
0.836820	-0.679950	
0.836662	-0.676896	
0.836253	-0.673009	
0.836121	-0.670097	
0.835883	-0.666417	
0.835508	-0.663000	
0.835322	-0.660012	
0.834938	-0.655520	
0.834782	-0.652115	
0.834388	-0.648045	
0.834146	-0.644366	
0.833895	-0.640623	
0.833658	-0.637485	
0.833340	-0.633446	
0.833107	-0.630040	
0.833056	-0.627732	
0.832697	-0.625096	
0.832467	-0.619909	
0.832141	-0.614859	
0.831866	-0.610361	
0.831573	-0.606700	
0.831466	-0.604859	
0.831162	-0.598699	
0.830882	-0.594825	
0.830584	-0.590974	
0.830426	-0.586832	
0.830115	-0.582515	
0.829902	-0.578149	
0.829658	-0.573771	
0.829362	-0.569499	
0.829150	-0.565380	
0.829150	-0.565380	
0.828730	-0.557720	
0.828390	-0.552146	
0.828111	-0.548746	
0.828053	-0.546049	
0.827769	-0.540273	
0.827374	-0.534294	
0.827219	-0.530885	
0.827007	-0.525788	
0.826780	-0.522319	
0.826401	-0.516082	
0.826365	-0.515032	
0.825935	-0.507305	
0.825693	-0.501970	
0.825544	-0.499498	
0.825166	-0.492486	
0.825058	-0.490177	
0.824623	-0.483273	
0.824413	-0.477432	
0.824254	-0.474155	
0.823928	-0.467892	
0.823787	-0.465493	
0.652630	-0.458259	
0.652630	-0.458259	
0.652630	-0.458259	
0.652630	-0.458259	
0.652630	-0.458259	
0.652630	-0.458259	
0.652630	-0.458259	
0.652630	-0.458259	
0.652630	-0.458259	
0.652630	-0.458259	
0.652630	-0.458259	
0.652630	-0.458259	
0.652630	-0.458259	
0.652630	-0.458259	
0.652630	-0.458259	
0.650391	-0.455955	
0.648583	-0.453050	
0.647113	-0.448057	
0.645991	-0.444199	
0.644924	-0.439223	
0.644109	-0.434974	
0.643233	-0.430340	
0.642470	-0.425405	
0.641724	-0.420804	
0.641181	-0.417140	
0.640697	-0.412673	
0.639921	-0.407723	
0.639204	-0.401889	
0.638702	-0.397670	
0.638229	-0.391485	
0.637390	-0.385865	
0.636904	-0.381746	
0.636540	-0.377608	
0.635997	-0.372584	
0.635365	-0.365310	
0.634891	-0.361259	
0.634428	-0.353755	
0.633847	-0.349952	
0.633450	-0.343104	
0.632934	-0.337148	
0.632443	-0.331398	
0.631980	-0.327265	
0.631311	-0.319907	
0.631311	-0.319907	
0.630490	-0.309021	
0.630266	-0.301479	
0.629613	-0.298118	
0.628992	-0.289604	
0.628591	-0.283721	
0.628197	-0.277653	
0.627801	-0.272384	
0.627299	-0.264466	
0.626835	-0.256913	
0.626409	-0.250491	
0.626029	-0.245127	
0.625640	-0.239019	
0.625049	-0.230296	
0.624656	-0.224074	
0.624244	-0.216377	
0.623763	-0.208982	
0.623191	-0.202774	
0.622758	-0.194545	
0.622330	-0.187194	
0.621881	-0.179807	
0.621419	-0.172402	
0.621020	-0.165727	
0.620572	-0.157711	
0.620129	-0.151177	
0.619649	-0.142887	
0.619502	-0.135592	
0.619155	-0.125692	
0.454008	-0.124059	
0.454008	-0.124059	
0.454008	-0.124057	
0.454008	-0.124057	
0.454008	-0.124050	
0.454008	-0.124050	
0.454008	-0.124050	
0.454008	-0.124050	
0.454008	-0.124051	
0.454008	-0.124051	
0.454008	-0.124056	
0.454008	-0.124056	
0.454008	-0.124057	
0.454008	-0.124057	
0.454008	-0.124084	
0.454008	-0.124084	
0.454008	-0.124090	
0.454008	-0.124090	
0.454008	-0.124096	
0.454008	-0.124096	
0.453823	-0.124110	
0.453823	-0.124110	
0.453638	-0.124047	
0.449891	-0.120349	
0.447585	-0.114952	
0.445712	-0.108948	
0.443876	-0.101549	
0.442429	-0.094944	
0.441038	-0.087594	
0.439656	-0.079601	
0.438518	-0.070731	
0.437307	-0.063613	
0.436100	-0.055216	
0.434936	-0.046504	
0.433913	-0.038189	
0.432968	-0.029210	
0.431991	-0.020211	
0.430850	-0.011533	
0.429790	-0.001550	
0.429033	0.006476	
0.427860	0.017693	
0.426968	0.027270	
0.426216	0.037037	
0.425036	0.047753	
0.424249	0.057922	
0.423118	0.069027	
0.422226	0.079739	
0.421205	0.091105	
0.420336	0.101881	
0.419371	0.113358	
0.418523	0.125217	
0.417444	0.137495	
0.416574	0.147634	
0.415537	0.161187	
0.414633	0.172261	
0.413600	0.186150	
0.412549	0.200052	
0.411576	0.212986	
0.410715	0.224287	
0.409726	0.240794	
0.257480	0.242199	
0.257480	0.242199	
0.257480	0.242202	
0.257480	0.242202	
0.257480	0.242214	
0.257480	0.242214	
0.257480	0.242225	
0.257480	0.242225	
0.258049	0.242228	
0.258049	0.242228	
0.257480	0.242230	
0.257480	0.242223	
0.257480	0.242223	
0.257480	0.242215	
0.257480	0.242210	
0.257480	0.242206	
0.257480	0.242206	
0.257480	0.242199	
0.257480	0.242199	
0.257480	0.242199	
0.257480	0.242199	
0.257480	0.242195	
0.257480	0.242195	
0.257480	0.242193	
0.257480	0.242193	
0.255120	0.243110	
0.250995	0.248192	
0.247637	0.255519	
0.244469	0.264829	
0.241527	0.275853	
0.238901	0.286801	
0.236179	0.299908	
0.233755	0.312756	
0.231458	0.325787	
0.228990	0.340861	
0.226738	0.355166	
0.224317	0.371333	
0.222042	0.387595	
0.219624	0.404880	
0.217290	0.422550	
0.214877	0.440194	
0.212455	0.458232	
0.210030	0.477280	
0.207551	0.496460	
0.205032	0.516160	
0.202254	0.536632	
0.199536	0.557189	
0.196596	0.578615	
0.193585	0.599540	
0.190659	0.619725	
0.187332	0.639856	
0.184013	0.659751	
0.082531	0.669675	
0.082531	0.669675	
0.082531	0.669685	
0.082531	0.669685	
0.082531	0.669696	
0.082531	0.669696	
0.082531	0.669703	
0.082531	0.669703	
0.082531	0.669703	
0.082531	0.669703	
0.082531	0.669709	
0.082531	0.669702	
0.082531	0.669702	
0.082531	0.669683	
0.082531	0.669683	
0.082531	0.669673	
0.082531	0.669673	
0.081033	0.670076	
0.076025	0.672565	
0.071182	0.677233	
0.066106	0.685326	
0.061229	0.695285	
0.056492	0.707306	
0.051331	0.723137	
0.046233	0.739437	
0.041871	0.754898	
0.036434	0.776094	
0.031897	0.796019	
0.026654	0.817086	
0.021739	0.839582	
0.016212	0.864882	
0.010448	0.895399	
0.005551	0.924910	
0.000000	1.000000	
