1.000000	0.004891	0.998883	0.017617	0.000001	0.014325	0.980544	0.999887	0.894684	0.959264	
1.000000	0.000304	0.926692	0.987205	0.000294	0.022651	0.993571	0.935120	0.185178	0.965313	
1.000000	0.013038	0.868775	0.001010	0.000004	0.000808	0.749516	0.999518	0.987967	0.999911	
1.000000	0.033608	0.873153	0.005081	0.000039	0.000169	0.748972	0.998596	0.999693	0.999410	
1.000000	0.050290	0.992291	0.061307	0.001220	0.162026	0.849226	0.999950	0.983129	0.959240	
1.000000	0.003819	0.996024	0.018186	0.000082	0.014790	0.927086	0.998551	0.894874	0.987027	
0.929682	0.000056	0.991610	0.993642	0.993930	0.993173	0.996713	0.993918	0.993939	0.995267	
0.929682	0.000056	0.991610	0.993642	0.993930	0.993173	0.996713	0.993918	0.993939	0.995294	
0.929682	0.000056	0.991614	0.993642	0.993930	0.993173	0.996713	0.993918	0.993940	0.995370	
0.929682	0.000056	0.991615	0.993642	0.993930	0.993173	0.996713	0.993918	0.993940	0.995373	
0.929682	0.000056	0.991615	0.993642	0.993930	0.993173	0.996713	0.993918	0.993940	0.995375	
0.929682	0.000056	0.991615	0.993642	0.993930	0.993173	0.996713	0.993918	0.993940	0.995375	
0.807191	0.004862	0.927690	0.951003	0.950085	0.962222	0.954227	0.958805	0.959283	0.954704	
0.809339	0.004863	0.927688	0.951003	0.950085	0.962223	0.955630	0.958805	0.959283	0.954704	
0.811436	0.004860	0.927770	0.951003	0.950086	0.959532	0.953968	0.958805	0.959283	0.954620	
0.809069	0.004862	0.927688	0.951003	0.950085	0.962223	0.954945	0.958805	0.959283	0.954704	
0.806955	0.004862	0.927690	0.951003	0.950085	0.962221	0.954231	0.958805	0.959283	0.954704	
0.811439	0.004859	0.927777	0.951003	0.950086	0.962198	0.953968	0.958805	0.959283	0.954618	
0.697097	0.888935	0.887941	0.890669	0.888941	0.889012	0.000008	0.889280	0.000000	0.889380	
0.697097	0.888935	0.887941	0.890669	0.888941	0.889012	0.000008	0.889280	0.000000	0.889380	
0.697097	0.888935	0.887941	0.890669	0.888941	0.889012	0.000008	0.889280	0.000000	0.889380	
0.697097	0.888935	0.887941	0.890669	0.888941	0.889012	0.000009	0.889280	0.000000	0.889380	
0.697097	0.888935	0.887941	0.890669	0.888941	0.889012	0.000009	0.889280	0.000000	0.889380	
0.697145	0.888935	0.887941	0.890669	0.888941	0.889057	0.000009	0.889280	0.000000	0.889380	
0.602376	0.810699	0.812702	0.810897	0.810889	0.811299	0.803251	0.810613	0.808681	0.809657	
0.602376	0.810699	0.812702	0.810897	0.810889	0.813469	0.803251	0.810613	0.808681	0.810089	
0.602376	0.810699	0.812702	0.810897	0.810889	0.813536	0.803251	0.810613	0.808681	0.809657	
0.602376	0.810699	0.812702	0.810897	0.810889	0.813536	0.803251	0.810613	0.808681	0.809657	
0.602376	0.810699	0.812702	0.810897	0.810889	0.813536	0.803251	0.810613	0.808681	0.809657	
0.602376	0.810699	0.812702	0.810897	0.810889	0.813536	0.803251	0.810613	0.808681	0.809657	
0.000000	0.000000	0.000000	0.000000	0.000000	0.000000	0.000000	0.000000	0.000000	0.000000	
0.000000	0.000000	0.000000	0.000000	0.000000	0.000000	0.000000	0.000000	0.000000	0.000000	
0.000000	0.000000	0.000000	0.000000	0.000000	0.000000	0.000000	0.000000	0.000000	0.000000	
0.000000	0.000000	0.000000	0.000000	0.000000	0.000000	0.000000	0.000000	0.000000	0.000000	
0.000000	0.000000	0.000000	0.000000	0.000000	0.000000	0.000000	0.000000	0.000000	0.000000	
0.000000	0.000000	0.000000	0.000000	0.000000	0.000000	0.000000	0.000000	0.000000	0.000000	
0.419373	0.612418	0.612167	0.612165	0.611358	0.612211	0.612092	0.618163	0.613003	0.610201	
0.419373	0.612417	0.612166	0.612166	0.611355	0.612210	0.612088	0.618163	0.613003	0.610207	
0.419373	0.612417	0.612167	0.612166	0.611355	0.612210	0.612088	0.618163	0.613003	0.610207	
0.419373	0.612417	0.612168	0.612166	0.611355	0.612210	0.612089	0.618163	0.613003	0.610207	
0.419373	0.612417	0.612168	0.612166	0.611355	0.612210	0.612089	0.618163	0.613003	0.610207	
0.419373	0.612417	0.612168	0.612166	0.611355	0.612210	0.612089	0.618163	0.613003	0.610207	
0.410839	0.604468	0.601635	0.601462	0.597591	0.601389	0.602246	0.599038	0.601683	0.601995	
0.410839	0.601872	0.601635	0.601440	0.597591	0.601389	0.602273	0.602465	0.601683	0.606656	
0.410839	0.604468	0.601635	0.601470	0.597591	0.601389	0.602233	0.598171	0.601683	0.602015	
0.410839	0.604468	0.601635	0.601439	0.597591	0.601389	0.602269	0.601407	0.601683	0.606444	
0.410839	0.604468	0.601635	0.601439	0.597591	0.601389	0.602269	0.601407	0.601683	0.606444	
0.410839	0.604468	0.601635	0.601439	0.597591	0.601389	0.602269	0.601407	0.601683	0.606444	
0.301875	0.456563	0.454147	0.459235	0.457316	0.457140	0.458418	0.455751	0.457807	0.458289	
0.301875	0.456563	0.454147	0.459235	0.457317	0.457140	0.458418	0.455751	0.457807	0.458289	
0.301875	0.456563	0.454147	0.459235	0.457317	0.457140	0.458418	0.455751	0.457807	0.458289	
0.301875	0.456563	0.454147	0.459235	0.457317	0.457140	0.458418	0.455751	0.457807	0.458289	
0.301875	0.456563	0.454147	0.459235	0.457318	0.457141	0.458418	0.455751	0.457807	0.458289	
0.301875	0.456563	0.454147	0.459235	0.457318	0.457141	0.458418	0.455751	0.457807	0.458289	
0.246566	0.378522	0.378171	0.378364	0.378230	0.371328	0.377869	0.379127	0.378411	0.372173	
0.246566	0.378522	0.378171	0.378364	0.378230	0.371328	0.377869	0.379127	0.378411	0.372173	
0.246566	0.378522	0.378171	0.378364	0.378230	0.371328	0.377869	0.379127	0.378411	0.372173	
0.246566	0.378522	0.378171	0.378364	0.378230	0.371328	0.377869	0.379127	0.378411	0.372173	
0.246566	0.378522	0.378171	0.378364	0.378230	0.371328	0.377869	0.379127	0.378411	0.372173	
0.246566	0.378522	0.378171	0.378364	0.378230	0.371328	0.377869	0.379127	0.378411	0.372173	
0.192758	0.295624	0.297967	0.298489	0.298426	0.299719	0.297751	0.299853	0.297353	0.297810	
0.192758	0.295619	0.297967	0.298489	0.298426	0.299719	0.297730	0.299853	0.297355	0.297810	
0.192758	0.295619	0.297967	0.298489	0.298426	0.299719	0.297730	0.299853	0.297355	0.297810	
0.192750	0.295602	0.297967	0.298488	0.298426	0.299719	0.297700	0.299853	0.297287	0.297810	
0.192754	0.295605	0.297967	0.298489	0.298426	0.299719	0.297710	0.299853	0.297275	0.297810	
0.192754	0.295605	0.297967	0.298489	0.298426	0.299719	0.297710	0.299853	0.297275	0.297810	
0.186561	0.288461	0.296472	0.292139	0.288114	0.283772	0.290946	0.294244	0.299731	0.299088	
0.140989	0.219879	0.225090	0.958195	0.220341	0.216884	0.220817	0.219481	0.233408	0.224736	
0.140989	0.219879	0.225090	0.992826	0.220341	0.216884	0.227122	0.219002	0.203794	0.224737	
0.186403	0.288481	0.296378	0.292199	0.288368	0.283967	0.283999	0.277306	0.299761	0.298841	
0.140989	0.219879	0.225090	0.978717	0.220341	0.216884	0.226011	0.219002	0.203794	0.224737	
0.188305	0.289249	0.292483	0.297940	0.296898	0.289853	0.298932	0.302134	0.300637	0.299691	
0.102408	0.161518	0.152430	0.160918	0.160116	0.163253	0.197646	0.162510	0.160340	0.163282	
0.087556	0.127524	0.123309	0.136652	0.137012	0.137081	0.142969	0.127291	0.160869	0.133954	
0.102408	0.161518	0.152430	0.160918	0.160116	0.163253	0.197646	0.162510	0.160340	0.163282	
0.102408	0.161518	0.152430	0.160918	0.160116	0.163253	0.197646	0.162510	0.160340	0.163282	
0.102408	0.161518	0.152430	0.160918	0.160116	0.163253	0.197646	0.162510	0.160340	0.163282	
0.102408	0.161518	0.152430	0.160918	0.160116	0.163253	0.197646	0.162510	0.160340	0.163282	
0.031613	0.049346	0.049804	0.052850	0.050625	0.050143	0.051388	0.051789	0.054593	0.053244	
0.033800	0.053414	0.055663	0.054869	0.050625	0.053056	0.051388	0.053188	0.054974	0.053337	
0.031613	0.049346	0.049804	0.052850	0.050625	0.050143	0.051388	0.051789	0.054593	0.053244	
0.032270	0.048306	0.054600	0.049789	0.050625	0.050062	0.051388	0.051276	0.050071	0.052786	
0.031926	0.048672	0.054736	0.049942	0.050625	0.048004	0.051388	0.051685	0.050042	0.052993	
0.032242	0.048275	0.054847	0.049685	0.050625	0.050053	0.051388	0.051643	0.050083	0.052863	
0.000000	0.000000	0.000000	0.000000	0.000000	0.000000	0.000000	0.000000	0.000000	0.000000	
0.031562	0.049306	0.049169	0.052707	0.050625	0.050141	0.051388	0.051809	0.054458	0.053298	
0.000000	0.000000	0.000000	0.000000	0.000000	0.000000	0.000000	0.000000	0.000000	0.000000	
0.014450	0.000000	0.010182	0.020140	0.018308	0.021475	0.014520	0.012936	0.020258	0.018436	
0.002943	0.000000	0.000000	0.000000	0.000000	0.080559	0.000000	0.000000	0.000000	0.000000	
0.014251	0.046909	0.009956	0.020450	0.019641	0.027890	0.005951	0.012667	0.022094	0.018313	
0.000000	0.000000	0.000000	0.000000	0.000000	0.000000	0.000000	0.000000	0.000000	0.000000	
0.000000	0.000000	0.000000	0.000000	0.000000	0.000000	0.000000	0.000000	0.000000	0.000000	
0.000000	0.000000	0.000000	0.000000	0.000000	0.000000	0.000000	0.000000	0.000000	0.000000	
0.000000	0.000000	0.000000	0.000000	0.000000	0.000000	0.000000	0.000000	0.000000	0.000000	
0.000000	0.000000	0.000000	0.000000	0.000000	0.000000	0.000000	0.000000	0.000000	0.000000	
0.000000	0.000000	0.000000	0.000000	0.000000	0.000000	0.000000	0.000000	0.000000	0.000000	
0.000000	0.000000	0.000000	0.000000	0.000000	0.000000	0.000000	0.000000	0.000000	0.000000	
0.000000	0.000000	0.000000	0.000000	0.000000	0.000000	0.000000	0.000000	0.000000	0.000000	
0.000000	0.000000	0.000000	0.000000	0.000000	0.000000	0.000000	0.000000	0.000000	0.000000	
0.000000	0.000000	0.000000	0.000000	0.000000	0.000000	0.000000	0.000000	0.000000	0.000000	
