0.999988	0.000716	0.127844	0.111933	0.721640	0.908089	0.610714	0.400910	0.992533	0.240610	
0.999585	0.003030	0.273622	0.033969	0.679597	0.781557	0.553775	0.810790	0.986665	0.246931	
0.999598	0.911270	0.971799	0.512860	0.600781	0.934480	0.561888	0.600848	0.981881	0.866895	
0.999469	0.203743	0.995678	0.455717	0.635171	0.878570	0.854174	0.997859	0.937466	0.704177	
0.998726	0.566794	0.981044	0.469022	0.608011	0.862522	0.554653	0.569182	0.944120	0.709164	
0.998225	0.894050	0.005781	0.075767	0.116745	0.099694	0.086817	0.931875	0.015235	0.003355	
0.894644	0.894130	0.029380	0.074578	0.020260	0.086475	0.110027	0.982077	0.058632	0.020233	
0.926164	0.569712	0.423032	0.158722	0.985006	0.361686	0.992618	0.000834	0.028291	0.653066	
0.925897	0.675244	0.457836	0.029873	0.050177	0.875788	0.589636	0.987191	0.005261	0.300534	
0.896975	0.260105	0.517506	0.209939	0.976425	0.201774	0.994127	0.000147	0.009140	0.976150	
0.920223	0.920352	0.401653	0.060127	0.002892	0.760084	0.591519	0.974439	0.000519	0.303158	
0.893255	0.999842	0.980921	0.889825	0.086839	0.013958	0.320252	0.970836	0.679013	0.841058	
0.800160	0.106258	0.982574	0.832526	0.895100	0.996331	0.846248	0.188373	0.938693	0.424501	
0.790014	0.903048	0.416451	0.012705	0.907937	0.411078	0.839915	0.008432	0.988370	0.565106	
0.810933	0.531132	0.139965	0.995462	0.401248	0.997131	0.004311	0.037030	0.831470	0.635429	
0.763994	0.858947	0.833115	0.046667	0.636625	0.942097	0.813160	0.030304	0.879264	0.118787	
0.811099	0.546531	0.456002	0.820161	0.424432	0.986119	0.046854	0.041468	0.855747	0.735307	
0.796973	0.987520	0.933626	0.808496	0.026039	0.505728	0.161612	0.458510	0.013630	0.195587	
0.708167	0.705732	0.726297	0.048159	0.008724	0.954600	0.861174	0.303335	0.164946	0.870721	
0.708185	0.742448	0.849156	0.196166	0.023674	0.625797	0.622647	0.312882	0.167364	0.912014	
0.646010	0.068842	0.909214	0.878779	0.931825	0.990637	0.569569	0.111621	0.939090	0.715794	
0.650806	0.828512	0.636942	0.580776	0.592135	0.833501	0.940995	0.376487	0.352548	0.134819	
0.708119	0.755754	0.924434	0.198616	0.023128	0.626038	0.645388	0.317538	0.139055	0.335780	
0.632799	0.233835	0.815527	0.046845	0.166575	0.708605	0.916845	0.908087	0.442183	0.014827	
0.608451	0.808252	0.373549	0.796690	0.963902	0.988464	0.122655	0.022379	0.232613	0.683746	
0.580909	0.066296	0.881521	0.950199	0.980673	0.610066	0.810417	0.153308	0.869545	0.815839	
0.584452	0.761163	0.661235	0.106200	0.150213	0.850321	0.564232	0.719948	0.014767	0.530516	
0.558731	0.308090	0.794579	0.107932	0.461687	0.712965	0.826570	0.770292	0.432897	0.032464	
0.610924	0.814242	0.374618	0.889051	0.631853	0.979453	0.131375	0.023635	0.622678	0.654274	
0.596460	0.724158	0.368295	0.948266	0.458342	0.961227	0.018278	0.009444	0.879137	0.847408	
0.000000	0.000000	0.000000	0.000000	0.000000	0.000000	0.000000	0.000000	0.000000	0.000000	
0.000000	0.000000	0.000000	0.000000	0.000000	0.000000	0.000000	0.000000	0.000000	0.000000	
0.000000	0.000000	0.000000	0.000000	0.000000	0.000000	0.000000	0.000000	0.000000	0.000000	
0.000000	0.000000	0.000000	0.000000	0.000000	0.000000	0.000000	0.000000	0.000000	0.000000	
0.000000	0.000000	0.000000	0.000000	0.000000	0.000000	0.000000	0.000000	0.000000	0.000000	
0.000000	0.000000	0.000000	0.000000	0.000000	0.000000	0.000000	0.000000	0.000000	0.000000	
0.420438	0.474457	0.605549	0.595058	0.675693	0.114095	0.017449	0.634979	0.809669	0.788618	
0.448450	0.447560	0.538924	0.602679	0.717292	0.011280	0.086905	0.606953	0.936507	0.885985	
0.473323	0.149224	0.990637	0.889318	0.849886	0.593107	0.748220	0.008983	0.509131	0.441901	
0.459650	0.975110	0.424195	0.990024	0.786284	0.696979	0.503797	0.992945	0.577100	0.054036	
0.419886	0.051278	0.861422	0.741653	0.723965	0.536034	0.721687	0.002858	0.216697	0.406329	
0.459900	0.996064	0.390504	0.933699	0.772911	0.707751	0.431758	0.975460	0.584126	0.053731	
0.385736	0.480119	0.329847	0.384729	0.559273	0.027125	0.751335	0.620031	0.996966	0.465907	
0.393410	0.962365	0.305563	0.441378	0.581107	0.055907	0.835672	0.572912	0.868270	0.501388	
0.395202	0.444492	0.306788	0.369627	0.606701	0.063391	0.861350	0.577843	0.939174	0.506848	
0.395202	0.444492	0.306788	0.369627	0.606701	0.063391	0.861350	0.577843	0.939174	0.506848	
0.383767	0.040660	0.361594	0.839488	0.476482	0.228951	0.707569	0.981816	0.015303	0.567573	
0.371174	0.000288	0.621640	0.319464	0.248368	0.945004	0.789887	0.402248	0.542908	0.062368	
0.307513	0.209964	0.472562	0.681102	0.334654	0.414164	0.476196	0.574751	0.084033	0.111497	
0.305806	0.313422	0.538341	0.745914	0.085170	0.407510	0.479537	0.596466	0.016985	0.618292	
0.307367	0.227671	0.006513	0.618781	0.307465	0.418827	0.476679	0.578460	0.075900	0.009952	
0.297505	0.458204	0.939527	0.382861	0.772843	0.226418	0.986977	0.950438	0.844629	0.249499	
0.313476	0.667772	0.259033	0.468114	0.357184	0.251878	0.600893	0.024990	0.692331	0.994982	
0.298116	0.984859	0.631939	0.055046	0.533552	0.410282	0.970026	0.032650	0.594041	0.138063	
0.270114	0.861837	0.941302	0.329993	0.351592	0.357408	0.506344	0.883842	0.202807	0.999363	
0.259221	0.542106	0.876707	0.397701	0.962027	0.257363	0.996843	0.990584	0.983475	0.033005	
0.261638	0.474303	0.845614	0.453224	0.777463	0.256342	0.995571	0.994456	0.979273	0.055512	
0.252626	0.483673	0.934964	0.445068	0.904433	0.036253	0.998042	0.999393	0.998570	0.036652	
0.255799	0.986201	0.830070	0.368759	0.222460	0.132568	0.006460	0.794736	0.945305	0.032309	
0.284606	0.796364	0.128704	0.364029	0.974195	0.608309	0.196565	0.072372	0.768095	0.501343	
0.233522	0.865011	0.873841	0.317441	0.363688	0.299075	0.520407	0.865580	0.158205	0.993001	
0.233522	0.865011	0.873841	0.317441	0.363688	0.299075	0.520407	0.865580	0.158205	0.993001	
0.222906	0.445777	0.293017	0.703486	0.141325	0.774710	0.455412	0.590605	0.160606	0.071385	
0.206719	0.560202	0.545617	0.804197	0.852357	0.293569	0.099909	0.251926	0.532855	0.893709	
0.206810	0.872285	0.642187	0.117914	0.630007	0.328930	0.994639	0.092259	0.943555	0.111631	
0.227291	0.873660	0.597931	0.227104	0.590087	0.334248	0.925114	0.258716	0.602028	0.079905	
0.152074	0.867493	0.031472	0.000597	0.202405	0.170388	0.938361	0.054169	0.994634	0.195738	
0.152811	0.972435	0.069117	0.020375	0.106595	0.142260	0.779532	0.315100	0.949560	0.193927	
0.154483	0.952982	0.107734	0.330163	0.137023	0.545146	0.775408	0.089211	0.209399	0.979657	
0.144989	0.492504	0.640693	0.506796	0.858959	0.280823	0.100054	0.632316	0.374580	0.719808	
0.165280	0.649664	0.373315	0.235588	0.992117	0.232683	0.519002	0.627206	0.383994	0.543467	
0.152878	0.201549	0.413483	0.486622	0.832239	0.345949	0.545609	0.774348	0.445509	0.069739	
0.087189	0.989307	0.157745	0.212764	0.094751	0.310315	0.764712	0.240173	0.706214	0.188443	
0.088330	0.450168	0.131442	0.469514	0.633051	0.021561	0.851484	0.790813	0.945414	0.250112	
0.086371	0.464262	0.642263	0.753616	0.576400	0.445912	0.920987	0.977562	0.739381	0.208968	
0.086371	0.464262	0.642263	0.753616	0.576400	0.445912	0.920987	0.977562	0.739381	0.208968	
0.099699	0.818662	0.931791	0.039693	0.472451	0.699200	0.843777	0.774803	0.193958	0.065925	
0.107067	0.485060	0.090673	0.956972	0.999717	0.131179	0.709227	0.974945	0.713132	0.920485	
0.035451	0.947920	0.834534	0.765635	0.991872	0.736243	0.901247	0.964288	0.949686	0.926475	
0.039889	0.921695	0.313713	0.408151	0.045158	0.057881	0.096816	0.866058	0.873776	0.059478	
0.036187	0.956544	0.986960	0.783197	0.935768	0.992142	0.830443	0.960748	0.868694	0.945465	
0.048256	0.000000	0.024870	0.000000	0.060366	0.042354	0.048462	0.000000	0.000000	0.100159	
0.046711	0.000000	0.054624	0.000000	0.063284	0.017107	0.121033	0.000000	0.000694	0.005522	
0.039975	0.867601	0.000453	0.917797	0.054099	0.732701	0.619377	0.056003	0.982814	0.760373	
0.000000	0.000000	0.000000	0.000000	0.000000	0.000000	0.000000	0.000000	0.000000	0.000000	
0.001982	0.000000	0.000000	0.122901	0.070819	0.000000	0.099581	0.156063	0.000000	0.015387	
0.000000	0.000000	0.000000	0.000000	0.000000	0.000000	0.000000	0.000000	0.000000	0.000000	
0.000971	0.000000	0.000000	0.000000	0.000000	0.000000	0.083798	0.032625	0.100413	0.000000	
0.000572	0.972573	0.084570	0.121665	0.833932	0.930038	0.256695	0.324770	0.373237	0.319216	
0.000000	0.000000	0.000000	0.000000	0.000000	0.000000	0.000000	0.000000	0.000000	0.000000	
0.000000	0.000000	0.000000	0.000000	0.000000	0.000000	0.000000	0.000000	0.000000	0.000000	
0.000000	0.000000	0.000000	0.000000	0.000000	0.000000	0.000000	0.000000	0.000000	0.000000	
0.000000	0.000000	0.000000	0.000000	0.000000	0.000000	0.000000	0.000000	0.000000	0.000000	
0.000000	0.000000	0.000000	0.000000	0.000000	0.000000	0.000000	0.000000	0.000000	0.000000	
0.000000	0.000000	0.000000	0.000000	0.000000	0.000000	0.000000	0.000000	0.000000	0.000000	
0.000000	0.000000	0.000000	0.000000	0.000000	0.000000	0.000000	0.000000	0.000000	0.000000	
0.000000	0.000000	0.000000	0.000000	0.000000	0.000000	0.000000	0.000000	0.000000	0.000000	
0.000000	0.000000	0.000000	0.000000	0.000000	0.000000	0.000000	0.000000	0.000000	0.000000	
0.000000	0.000000	0.000000	0.000000	0.000000	0.000000	0.000000	0.000000	0.000000	0.000000	
0.000000	0.000000	0.000000	0.000000	0.000000	0.000000	0.000000	0.000000	0.000000	0.000000	
