1.000000	0.996372	0.287770	0.000761	0.037973	0.282897	0.134021	0.984164	0.861258	0.590995	
1.000000	0.213772	0.012805	0.091716	0.236342	0.072094	0.677726	0.782985	0.107653	0.998071	
1.000000	0.987429	0.325581	0.005565	0.045014	0.202116	0.141989	0.968024	0.990374	0.521749	
1.000000	0.125718	0.071923	0.085048	0.215345	0.037256	0.749062	0.881327	0.112442	0.992272	
1.000000	0.941778	0.978155	0.063318	0.730686	0.080992	0.301826	0.946278	0.970244	0.113590	
1.000000	0.911197	0.294562	0.005369	0.385512	0.021698	0.042663	0.999361	0.999637	0.003676	
0.925917	0.000002	0.763958	0.987966	0.958607	0.999244	0.095735	0.560651	0.999970	0.981133	
0.915551	0.000000	0.000000	0.000000	0.000000	0.001905	0.074974	0.077999	0.000000	0.000000	
0.926238	0.000017	0.859670	0.973439	0.989932	0.999982	0.334882	0.741751	0.998701	0.896429	
0.928498	0.000006	0.940578	0.984786	0.996030	0.720532	0.787257	0.661162	0.986120	0.961575	
0.905591	0.000577	0.005575	0.979507	0.942110	0.865978	0.004835	0.000128	0.992326	0.005053	
0.927235	0.624321	0.075468	0.863749	0.006269	0.942662	0.007549	0.000111	0.074559	0.978418	
0.794430	0.924038	0.008865	0.998630	0.062999	0.956077	0.000011	0.070578	0.125221	0.955687	
0.809800	0.512490	0.015311	0.965543	0.027529	0.996061	0.036417	0.000903	0.218185	0.951672	
0.809792	0.608213	0.031594	0.962090	0.032813	0.996712	0.043582	0.000466	0.241935	0.951959	
0.794430	0.924038	0.045716	0.998630	0.062999	0.956077	0.000011	0.070578	0.125221	0.955687	
0.790533	0.948181	0.100558	0.924218	0.002281	0.999177	0.014133	0.000219	0.216003	0.991726	
0.806561	0.026829	0.016533	0.974739	0.061289	0.777224	0.032918	0.003149	0.217921	0.957986	
0.706112	0.959995	0.509852	0.986451	0.983579	0.894359	0.018700	0.908821	0.012191	0.932822	
0.649936	0.814716	0.900065	0.860269	0.995910	0.850880	0.001541	0.972861	0.079394	0.874245	
0.643180	0.041735	0.830155	0.878046	0.828875	0.819078	0.947110	0.174729	0.802577	0.796284	
0.706112	0.959995	0.442743	0.986451	0.983579	0.894359	0.018700	0.908821	0.012191	0.932822	
0.706112	0.959995	0.509852	0.999067	0.996805	0.894359	0.018700	0.908821	0.012191	0.932822	
0.644443	0.814243	0.811882	0.870080	0.999048	0.878984	0.000022	0.992144	0.386465	0.943178	
0.617237	0.808820	0.373186	0.830986	0.956334	0.987999	0.078200	0.831904	0.030050	0.684321	
0.581826	0.007234	0.840073	0.967766	0.798086	0.769711	0.975488	0.079816	0.799495	0.993383	
0.617237	0.808820	0.373186	0.830986	0.956334	0.987999	0.078200	0.831904	0.030050	0.684321	
0.617237	0.808820	0.373186	0.830986	0.956334	0.987999	0.078200	0.831904	0.030050	0.684321	
0.621828	0.959769	0.369307	0.927226	0.831504	0.999168	0.021664	0.925935	0.031219	0.921001	
0.581702	0.009617	0.240533	0.877564	0.719709	0.277625	0.798945	0.029909	0.778025	0.798270	
0.000000	0.000000	0.000000	0.000000	0.000000	0.000000	0.000000	0.000000	0.000000	0.000000	
0.000000	0.000000	0.000000	0.000000	0.000000	0.000000	0.000000	0.000000	0.000000	0.000000	
0.000000	0.000000	0.000000	0.000000	0.000000	0.000000	0.000000	0.000000	0.000000	0.000000	
0.000000	0.000000	0.000000	0.000000	0.000000	0.000000	0.000000	0.000000	0.000000	0.000000	
0.000000	0.000000	0.000000	0.000000	0.000000	0.000000	0.000000	0.000000	0.000000	0.000000	
0.000000	0.000000	0.000000	0.000000	0.000000	0.000000	0.000000	0.000000	0.000000	0.000000	
0.465568	0.730707	0.453042	0.385700	0.622560	0.006408	0.636673	0.618735	0.561138	0.539299	
0.465568	0.730707	0.453042	0.385700	0.622560	0.006408	0.636673	0.618735	0.561138	0.539299	
0.427567	0.000792	0.642335	0.293474	0.663164	0.087989	0.615450	0.632707	0.709839	0.780213	
0.465568	0.730707	0.453042	0.385700	0.622560	0.006408	0.636673	0.618735	0.561138	0.539299	
0.465568	0.740913	0.453042	0.376636	0.622560	0.006408	0.636673	0.618735	0.561138	0.539299	
0.420438	0.474457	0.605549	0.595058	0.675693	0.114095	0.017449	0.634979	0.809669	0.788618	
0.405006	0.989467	0.520228	0.346436	0.519108	0.025366	0.551749	0.549385	0.513039	0.569408	
0.366793	0.385901	0.548688	0.561396	0.101080	0.088300	0.029727	0.484426	0.991613	0.393378	
0.394950	0.451078	0.249352	0.371869	0.595231	0.093247	0.751267	0.583747	0.949179	0.572296	
0.405582	0.669684	0.622565	0.375015	0.613153	0.052138	0.733794	0.747012	0.846357	0.508205	
0.400987	0.684326	0.914970	0.288640	0.953082	0.016795	0.585612	0.565955	0.579945	0.449270	
0.386785	0.497029	0.323983	0.397371	0.567563	0.030448	0.754950	0.620409	0.998743	0.472048	
0.305806	0.313422	0.538341	0.745914	0.085170	0.488506	0.479537	0.580448	0.016985	0.434560	
0.307513	0.209964	0.472562	0.681102	0.334654	0.414164	0.476196	0.574751	0.084033	0.111497	
0.296396	0.985376	0.904164	0.496851	0.490372	0.388325	0.477273	0.154261	0.581921	0.863838	
0.335839	0.292370	0.518677	0.967808	0.553469	0.509624	0.000479	0.821391	0.865507	0.583972	
0.303834	0.215474	0.604826	0.667628	0.356644	0.835610	0.463070	0.561142	0.413990	0.156786	
0.303834	0.215474	0.604826	0.667628	0.290026	0.835610	0.463070	0.561142	0.413990	0.156786	
0.265641	0.918349	0.965586	0.501602	0.460204	0.379458	0.508691	0.386815	0.520079	0.988880	
0.244462	0.143286	0.408388	0.377566	0.779756	0.826297	0.170023	0.629500	0.386879	0.071746	
0.275339	0.433572	0.443104	0.592095	0.664976	0.026631	0.001366	0.459733	0.976822	0.391875	
0.253821	0.992277	0.903005	0.153421	0.224895	0.401014	0.432892	0.449757	0.541945	0.994492	
0.245129	0.157077	0.450536	0.341659	0.751778	0.890396	0.172607	0.617025	0.341999	0.009202	
0.245980	0.459108	0.319699	0.353511	0.596825	0.101515	0.857886	0.803082	0.938083	0.246579	
0.195912	0.247267	0.126170	0.974931	0.089748	0.146397	0.296365	0.203679	0.105675	0.068156	
0.193760	0.247018	0.141053	0.975244	0.042473	0.145178	0.291735	0.429936	0.099301	0.037005	
0.207812	0.068924	0.204664	0.189955	0.101682	0.378183	0.452507	0.385172	0.413673	0.006703	
0.189523	0.243035	0.124537	0.993528	0.000000	0.135310	0.233609	0.042097	0.000000	0.078242	
0.200230	0.064097	0.093766	0.205344	0.071091	0.359608	0.443464	0.582880	0.280978	0.000323	
0.202758	0.196613	0.213109	0.222671	0.169977	0.567844	0.445647	0.721175	0.350780	0.000058	
0.157029	0.199203	0.198745	0.976792	0.129618	0.130458	0.254079	0.147366	0.008568	0.189745	
0.145271	0.293979	0.876913	0.219762	0.661390	0.295548	0.314352	0.213687	0.103251	0.838192	
0.140285	0.998451	0.676879	0.060615	0.202030	0.110481	0.685531	0.202010	0.686595	0.201317	
0.144499	0.043985	0.978993	0.220410	0.821196	0.265943	0.972494	0.223045	0.082215	0.856830	
0.144499	0.043985	0.978993	0.220410	0.821196	0.265943	0.972494	0.223045	0.082215	0.856830	
0.144883	0.170576	0.999299	0.188051	0.621099	0.275598	0.850284	0.184030	0.033074	0.976941	
0.098973	0.150711	0.021643	0.000920	0.063686	0.157538	0.001251	0.000155	0.053672	0.121875	
0.087189	0.989307	0.157745	0.212764	0.094751	0.310315	0.764712	0.240173	0.706214	0.188443	
0.091899	0.000000	0.188733	0.000279	0.014961	0.195517	0.107611	0.000000	0.253512	0.019428	
0.087703	0.102869	0.421546	0.108254	0.944399	0.224209	0.143734	0.645394	0.522164	0.183619	
0.087703	0.102869	0.421546	0.108254	0.944399	0.224209	0.143734	0.645394	0.522164	0.183619	
0.087703	0.102869	0.421546	0.108254	0.944399	0.224209	0.143734	0.645394	0.522164	0.183619	
0.032787	0.018177	0.191124	0.076334	0.028904	0.978861	0.962610	0.927754	0.944311	0.150023	
0.034626	0.000150	0.000000	0.051631	0.042339	0.126442	0.004346	0.035238	0.147596	0.001723	
0.034626	0.000150	0.000000	0.051631	0.042339	0.126442	0.004346	0.035238	0.147596	0.001723	
0.035100	0.000000	0.055955	0.000000	0.000000	0.000000	0.044229	0.072480	0.000000	0.000000	
0.034626	0.000150	0.000000	0.051631	0.042339	0.126442	0.004346	0.035238	0.147596	0.001723	
0.037376	0.000000	0.000000	0.040802	0.052217	0.000000	0.003056	0.053644	0.031933	0.000000	
0.000000	0.000000	0.000000	0.000000	0.000000	0.000000	0.000000	0.000000	0.000000	0.000000	
0.011207	0.000000	0.015507	0.000000	0.000000	0.003436	0.017585	0.000000	0.000000	0.000000	
0.000000	0.000000	0.000000	0.000000	0.000000	0.000000	0.000000	0.000000	0.000000	0.000000	
0.005145	0.000000	0.000000	0.000000	0.000000	0.000000	0.012957	0.851409	0.000000	0.000000	
0.009346	0.000000	0.031073	0.000000	0.000000	0.016465	0.004247	0.000000	0.000000	0.000000	
0.001834	0.033178	0.000000	0.157271	0.014738	0.000000	0.040786	0.902842	0.001257	0.000000	
0.000000	0.000000	0.000000	0.000000	0.000000	0.000000	0.000000	0.000000	0.000000	0.000000	
0.000000	0.000000	0.000000	0.000000	0.000000	0.000000	0.000000	0.000000	0.000000	0.000000	
0.000000	0.000000	0.000000	0.000000	0.000000	0.000000	0.000000	0.000000	0.000000	0.000000	
0.000000	0.000000	0.000000	0.000000	0.000000	0.000000	0.000000	0.000000	0.000000	0.000000	
0.000000	0.000000	0.000000	0.000000	0.000000	0.000000	0.000000	0.000000	0.000000	0.000000	
0.000000	0.000000	0.000000	0.000000	0.000000	0.000000	0.000000	0.000000	0.000000	0.000000	
0.000000	0.000000	0.000000	0.000000	0.000000	0.000000	0.000000	0.000000	0.000000	0.000000	
0.000000	0.000000	0.000000	0.000000	0.000000	0.000000	0.000000	0.000000	0.000000	0.000000	
0.000000	0.000000	0.000000	0.000000	0.000000	0.000000	0.000000	0.000000	0.000000	0.000000	
0.000000	0.000000	0.000000	0.000000	0.000000	0.000000	0.000000	0.000000	0.000000	0.000000	
