1.000000	0.000000	0.000000	
1.000000	0.000000	0.000000	
1.057267	0.079552	0.000000	
1.057267	0.079552	0.000000	
1.491208	0.404317	0.000000	
1.491208	0.404317	0.000000	
0.976267	0.585504	0.000000	
0.976267	0.585504	0.000000	
0.540104	0.661827	0.000000	
0.540104	0.661827	0.000000	
0.504320	0.800862	0.000000	
0.504320	0.800862	0.000000	
0.280657	1.165022	0.000000	
0.280657	1.165022	0.000000	
0.066684	0.927678	0.000000	
0.066684	0.927678	0.000000	
0.000000	1.000000	0.000000	
0.000000	1.000000	0.000000	
0.000037	0.994068	0.000000	
3.746729	1.497364	0.000000	
0.000000	1.000000	0.000000	
0.000000	1.000000	0.000000	
0.058998	1.035192	0.000000	
3.976492	0.629224	0.000000	
0.000000	0.000000	0.000000	
1.107214	0.083311	0.000000	
1.057267	0.079552	0.000000	
1.572068	0.102811	0.000000	
0.000484	0.980490	0.000000	
0.000000	0.000000	0.000000	
0.000000	0.000000	0.000000	
0.000000	0.000000	0.000000	
0.000000	1.000000	0.000000	
0.000001	0.999210	0.000000	
0.000000	0.000000	0.000000	
1.572068	0.102811	0.000000	
0.000000	1.000000	0.000000	
2.732175	0.300295	0.000000	
0.000448	0.979986	0.000000	
0.000000	1.000000	0.000000	
0.000123	0.989463	0.000000	
1.781353	0.051183	0.000000	
4.196860	0.896738	0.000000	
0.000000	1.000000	0.000000	
0.000000	0.000000	0.000000	
0.000000	1.000000	0.000000	
0.066684	0.927678	0.000000	
0.000000	1.000000	0.000000	
3.102378	1.077705	0.000000	
0.000000	1.000000	0.000000	
3.976492	0.629224	0.000000	
0.000000	1.000000	0.000000	
1.612210	2.168236	0.000000	
0.393345	1.450963	0.000000	
0.637335	2.177686	0.000000	
0.000000	1.000000	0.000000	
3.746729	1.497364	0.000000	
0.000000	0.000000	0.000000	
0.280657	1.165022	0.000000	
1.107214	0.083311	0.000000	
3.102378	1.077705	0.000000	
1.000000	0.000000	0.000000	
2.585998	1.606077	0.000000	
1.262491	2.792667	0.000000	
1.028410	0.004847	0.000000	
0.074612	1.193424	0.000000	
1.781353	0.051183	0.000000	
0.000000	1.000000	0.000000	
0.083655	1.276048	0.000000	
1.107214	0.083311	0.000000	
0.000000	1.000000	0.000000	
0.014312	1.020025	0.000000	
0.058998	1.035192	0.000000	
0.000000	1.000000	0.000000	
0.000000	0.000000	0.000000	
1.000000	0.000000	0.000000	
0.001939	0.962386	0.000000	
0.504320	0.800862	0.000000	
0.000000	0.000000	0.000000	
0.000000	0.000000	0.000000	
0.000000	1.000000	0.000000	
0.000000	1.000000	0.000000	
3.102378	1.077705	0.000000	
0.000133	0.988858	0.000000	
0.000000	0.000000	0.000000	
0.046812	1.066976	0.000000	
1.000000	0.000000	0.000000	
0.000000	0.000000	0.000000	
0.024168	0.941473	0.000000	
0.637335	2.177686	0.000000	
0.000000	0.000000	0.000000	
0.000000	0.000000	0.000000	
0.000000	0.000000	0.000000	
0.000000	0.000000	0.000000	
0.000000	0.000000	0.000000	
0.000000	0.000000	0.000000	
0.000000	0.000000	0.000000	
0.000000	0.000000	0.000000	
0.000000	0.000000	0.000000	
0.000000	0.000000	0.000000	
