1.000000	0.000000	0.000000	
1.000000	0.000000	0.000000	
1.026150	0.077211	0.000000	
1.026150	0.077211	0.000000	
1.158817	0.314195	0.000000	
1.158817	0.314195	0.000000	
0.670208	0.398902	0.000000	
0.674425	0.401413	0.000000	
0.474451	0.581378	0.000000	
0.474451	0.581378	0.000000	
0.442795	0.703160	0.000000	
0.442795	0.703160	0.000000	
0.251783	1.045162	0.000000	
0.251783	1.045162	0.000000	
0.063985	0.890131	0.000000	
0.063985	0.890131	0.000000	
0.000000	1.000000	0.000000	
0.000000	1.000000	0.000000	
0.000000	1.000000	0.000000	
0.004337	0.945902	0.000000	
0.000000	1.000000	0.000000	
1.292343	0.109840	0.000000	
0.000000	1.000000	0.000000	
0.000000	1.000000	0.000000	
1.026150	0.077211	0.000000	
0.000000	1.000000	0.000000	
0.001429	0.965628	0.000000	
1.061994	0.006880	0.000000	
0.000000	1.000000	0.000000	
0.822275	0.489412	0.000000	
0.000000	0.000000	0.000000	
0.000000	0.000000	0.000000	
2.005071	1.210673	0.000000	
0.000000	1.000000	0.000000	
0.917399	0.546029	0.000000	
0.014265	0.933759	0.000000	
1.026150	0.077211	0.000000	
1.026150	0.077211	0.000000	
0.201855	1.555447	0.000000	
3.326252	0.975996	0.000000	
0.000000	1.000000	0.000000	
0.000000	0.000000	0.000000	
0.005891	0.944774	0.000000	
1.000000	0.000000	0.000000	
1.000000	0.000000	0.000000	
0.000439	0.979346	0.000000	
1.026150	0.077211	0.000000	
0.000000	1.000000	0.000000	
0.012152	0.928954	0.000000	
1.026150	0.077211	0.000000	
0.000000	1.000000	0.000000	
0.000000	1.000000	0.000000	
1.155201	0.033062	0.000000	
0.000000	1.000000	0.000000	
0.000000	1.000000	0.000000	
0.000000	1.000000	0.000000	
0.000000	1.000000	0.000000	
0.251783	1.045162	0.000000	
0.805433	1.587150	0.000000	
2.005071	1.210673	0.000000	
0.118299	1.721625	0.000000	
0.000000	1.000000	0.000000	
0.032564	1.185352	0.000000	
0.000000	1.000000	0.000000	
0.000000	1.000000	0.000000	
0.000000	1.000000	0.000000	
0.000000	1.000000	0.000000	
0.000000	1.000000	0.000000	
0.000000	1.000000	0.000000	
0.000000	1.000000	0.000000	
0.442795	0.703160	0.000000	
1.425982	0.386632	0.000000	
0.251783	1.045162	0.000000	
1.425982	0.386632	0.000000	
0.000000	1.000000	0.000000	
0.358913	1.727779	0.000000	
0.000000	1.000000	0.000000	
1.887747	2.900294	0.000000	
1.026150	0.077211	0.000000	
1.814405	1.131196	0.000000	
0.474451	0.581378	0.000000	
0.002458	0.955599	0.000000	
0.822275	0.489412	0.000000	
0.442795	0.703160	0.000000	
1.026150	0.077211	0.000000	
2.005071	1.210673	0.000000	
1.026150	0.077211	0.000000	
1.770243	2.252042	0.000000	
0.201855	1.555447	0.000000	
2.005071	1.210673	0.000000	
0.000000	0.000000	0.000000	
0.000000	0.000000	0.000000	
0.000000	0.000000	0.000000	
0.000000	0.000000	0.000000	
0.000000	0.000000	0.000000	
0.000000	0.000000	0.000000	
0.000000	0.000000	0.000000	
0.000000	0.000000	0.000000	
0.000000	0.000000	0.000000	
0.000000	0.000000	0.000000	
