1.000003	0.000000	0.000000	
1.000014	0.000001	0.000000	
2.218914	0.268464	0.000000	
2.159367	0.278080	0.000000	
3.405267	0.890581	0.000000	
3.205271	1.095339	0.000000	
2.845615	1.335797	0.000000	
2.845615	1.335797	0.000000	
1.712139	2.124425	0.000000	
1.712139	2.124425	0.000000	
1.150223	2.330551	0.000000	
1.150223	2.330551	0.000000	
0.492506	2.030483	0.000000	
0.496342	2.046300	0.000000	
0.093457	1.263893	0.000000	
0.093457	1.263893	0.000000	
0.000000	1.000000	0.000000	
0.000000	1.000000	0.000000	
0.287816	1.890798	0.000000	
2.946784	2.442065	0.000000	
0.247348	1.669536	0.000000	
1.150223	2.330551	0.000000	
3.791099	1.506257	0.000000	
1.558563	2.834194	0.000000	
0.020270	1.040188	0.000000	
0.073091	1.223565	0.000000	
1.290626	2.436633	0.000000	
2.218914	0.268464	0.000000	
0.000000	0.000000	0.000000	
0.287816	1.890798	0.000000	
0.000000	0.000000	0.000000	
0.000000	0.000000	0.000000	
0.000000	1.000000	0.000000	
0.000000	1.000000	0.000000	
0.000000	0.000000	0.000000	
0.000000	1.000000	0.000000	
0.000000	1.000000	0.000000	
0.496342	2.046300	0.000000	
0.000000	1.000000	0.000000	
0.000000	1.000000	0.000000	
0.000000	1.000000	0.000000	
0.006072	0.982998	0.000000	
1.712139	2.124425	0.000000	
0.536329	2.171952	0.000000	
0.000268	0.985910	0.000000	
0.000000	1.000000	0.000000	
3.280857	0.556107	0.000000	
3.440021	2.143787	0.000000	
2.845615	1.335797	0.000000	
0.000000	1.000000	0.000000	
0.000000	0.000000	0.000000	
0.633120	2.339161	0.000000	
0.020270	1.040188	0.000000	
0.088175	1.352139	0.000000	
0.426461	2.221416	0.000000	
0.000000	1.000000	0.000000	
0.061337	1.171786	0.000000	
0.000000	1.000000	0.000000	
0.000000	0.000000	0.000000	
1.123680	0.008141	0.000000	
0.029027	1.086697	0.000000	
1.659401	0.029882	0.000000	
3.791099	1.506257	0.000000	
1.712139	2.124425	0.000000	
0.613896	2.349718	0.000000	
0.536329	2.171952	0.000000	
0.536329	2.171952	0.000000	
2.218914	0.268464	0.000000	
2.568052	2.392024	0.000000	
0.000000	1.000000	0.000000	
0.000000	1.000000	0.000000	
0.602542	2.315961	0.000000	
0.002522	0.977917	0.000000	
1.000016	0.000001	0.000000	
0.075885	1.145947	0.000000	
0.414354	1.885570	0.000000	
0.287816	1.890798	0.000000	
3.797271	2.070710	0.000000	
0.000000	1.000000	0.000000	
2.060908	0.092462	0.000000	
0.000000	1.000000	0.000000	
1.004823	0.000154	0.000000	
2.218914	0.268464	0.000000	
1.704328	0.080704	0.000000	
1.558563	2.834194	0.000000	
1.093882	0.005941	0.000000	
0.000000	1.000000	0.000000	
0.633120	2.339161	0.000000	
1.300133	0.022063	0.000000	
0.011461	0.968139	0.000000	
0.000000	0.000000	0.000000	
0.000000	0.000000	0.000000	
0.000000	0.000000	0.000000	
0.000000	0.000000	0.000000	
0.000000	0.000000	0.000000	
0.000000	0.000000	0.000000	
0.000000	0.000000	0.000000	
0.000000	0.000000	0.000000	
0.000000	0.000000	0.000000	
0.000000	0.000000	0.000000	
