1.000000	0.000000	0.000000	
1.000000	0.000000	0.000000	
1.638070	0.119973	0.000000	
1.638070	0.119973	0.000000	
2.196996	0.595681	0.000000	
2.214778	0.600502	0.000000	
2.182745	1.316430	0.000000	
2.182745	1.316430	0.000000	
1.324983	1.653947	0.000000	
1.324983	1.653947	0.000000	
0.974721	2.073890	0.000000	
0.984373	2.094426	0.000000	
0.371474	1.542004	0.000000	
0.371474	1.542004	0.000000	
0.076905	1.064454	0.000000	
0.076905	1.064454	0.000000	
0.000000	1.000000	0.000000	
0.000000	1.000000	0.000000	
1.736816	2.775437	0.000000	
1.736816	2.775437	0.000000	
0.000000	1.000000	0.000000	
3.162174	2.321770	0.000000	
0.000000	1.000000	0.000000	
2.506751	2.599213	0.000000	
0.000000	1.000000	0.000000	
1.000000	0.000000	0.000000	
0.000000	0.000000	0.000000	
1.000000	0.000000	0.000000	
0.000000	1.000000	0.000000	
1.020259	2.612364	0.000000	
0.000000	0.000000	0.000000	
0.000000	0.000000	0.000000	
2.182745	1.316430	0.000000	
0.936979	2.437961	0.000000	
0.000000	0.000000	0.000000	
0.000000	0.000000	0.000000	
0.000000	1.000000	0.000000	
0.937814	2.706341	0.000000	
0.000000	1.000000	0.000000	
0.002342	0.960247	0.000000	
0.030979	1.017267	0.000000	
2.366429	0.204764	0.000000	
0.419493	2.209444	0.000000	
0.000000	1.000000	0.000000	
0.000000	1.000000	0.000000	
2.092371	2.910788	0.000000	
0.488705	2.239094	0.000000	
3.370315	0.694453	0.000000	
2.182745	1.316430	0.000000	
0.371474	1.542004	0.000000	
0.000000	1.000000	0.000000	
0.000000	1.000000	0.000000	
0.371474	1.542004	0.000000	
1.324983	1.653947	0.000000	
0.419493	2.209444	0.000000	
0.936979	2.437961	0.000000	
1.063201	0.005625	0.000000	
0.154028	1.527545	0.000000	
0.154028	1.527545	0.000000	
0.140036	1.380271	0.000000	
0.000000	1.000000	0.000000	
2.659165	0.548543	0.000000	
2.235935	0.209039	0.000000	
0.000000	1.000000	0.000000	
1.324983	1.653947	0.000000	
1.250521	2.342459	0.000000	
0.937814	2.706341	0.000000	
3.314890	0.649797	0.000000	
1.554874	2.903274	0.000000	
3.370315	0.694453	0.000000	
0.984373	2.094426	0.000000	
2.216377	1.336714	0.000000	
0.000000	0.000000	0.000000	
0.000000	0.000000	0.000000	
0.294175	1.737431	0.000000	
3.314890	0.649797	0.000000	
2.465649	2.603180	0.000000	
0.000000	1.000000	0.000000	
0.162964	1.791232	0.000000	
0.936979	2.437961	0.000000	
0.000000	1.000000	0.000000	
0.000000	1.000000	0.000000	
0.984373	2.094426	0.000000	
0.000000	1.000000	0.000000	
0.000000	1.000000	0.000000	
0.097287	1.211029	0.000000	
0.000000	1.000000	0.000000	
0.000000	1.000000	0.000000	
1.010922	2.150914	0.000000	
0.000000	0.000000	0.000000	
0.000000	0.000000	0.000000	
0.000000	0.000000	0.000000	
0.000000	0.000000	0.000000	
0.000000	0.000000	0.000000	
0.000000	0.000000	0.000000	
0.000000	0.000000	0.000000	
0.000000	0.000000	0.000000	
0.000000	0.000000	0.000000	
0.000000	0.000000	0.000000	
0.000000	0.000000	0.000000	
