1.000000	0.000000	0.000000	
1.000000	0.000000	0.000000	
1.294072	0.092583	0.000000	
1.294072	0.092583	0.000000	
1.867908	0.506453	0.000000	
1.967305	0.533403	0.000000	
1.688504	1.018349	0.000000	
1.688504	1.018349	0.000000	
0.998618	1.246553	0.000000	
0.998618	1.246553	0.000000	
0.978332	1.369395	0.000000	
0.870219	1.818586	0.000000	
0.301381	1.251048	0.000000	
0.301381	1.251048	0.000000	
0.073167	1.017864	0.000000	
0.073167	1.017864	0.000000	
0.000000	1.000000	0.000000	
0.005136	0.962008	0.000000	
0.022461	1.061737	0.000000	
0.073167	1.017864	0.000000	
0.010528	0.976377	0.000000	
0.871557	1.821383	0.000000	
1.468625	0.098464	0.000000	
0.000000	0.000000	0.000000	
3.958125	1.076276	0.000000	
0.000000	0.000000	0.000000	
0.007042	0.942369	0.000000	
1.387779	0.067944	0.000000	
0.000000	1.000000	0.000000	
0.000000	1.000000	0.000000	
0.000000	0.000000	0.000000	
0.000000	0.000000	0.000000	
0.000000	1.000000	0.000000	
0.263531	1.828283	0.000000	
0.000000	1.000000	0.000000	
1.688504	1.018349	0.000000	
1.497851	0.045570	0.000000	
0.008187	1.019744	0.000000	
2.495157	0.151537	0.000000	
2.695194	0.306489	0.000000	
2.897378	0.450268	0.000000	
2.819930	0.199343	0.000000	
3.958125	1.076276	0.000000	
0.000000	0.000000	0.000000	
0.000000	1.000000	0.000000	
0.005594	0.937928	0.000000	
0.000000	0.000000	0.000000	
1.173668	0.010068	0.000000	
0.363042	1.695110	0.000000	
1.688504	1.018349	0.000000	
1.277307	2.239518	0.000000	
0.000000	1.000000	0.000000	
1.023840	0.004550	0.000000	
0.073167	1.017864	0.000000	
1.425328	0.062330	0.000000	
1.294072	0.092583	0.000000	
0.000000	1.000000	0.000000	
0.301381	1.251048	0.000000	
0.000000	1.000000	0.000000	
0.000000	1.000000	0.000000	
0.438269	1.925835	0.000000	
0.000000	1.000000	0.000000	
1.243786	0.038028	0.000000	
1.270953	1.844376	0.000000	
0.181911	1.607364	0.000000	
1.994723	1.609753	0.000000	
0.006920	0.968877	0.000000	
1.468625	0.098464	0.000000	
0.010191	1.022668	0.000000	
0.000000	0.000000	0.000000	
0.011895	0.946587	0.000000	
0.000000	1.000000	0.000000	
0.000085	0.991416	0.000000	
0.000000	1.000000	0.000000	
0.000330	0.985270	0.000000	
0.363042	1.695110	0.000000	
0.871557	1.821383	0.000000	
0.000000	1.000000	0.000000	
0.000000	1.000000	0.000000	
1.128521	1.419367	0.000000	
2.897378	0.450268	0.000000	
0.000000	1.000000	0.000000	
0.871557	1.821383	0.000000	
2.113365	0.098738	0.000000	
3.958125	1.076276	0.000000	
0.000000	0.000000	0.000000	
0.000000	1.000000	0.000000	
2.093386	0.169523	0.000000	
0.006920	0.968877	0.000000	
1.955357	0.077324	0.000000	
0.000000	0.000000	0.000000	
0.000000	0.000000	0.000000	
0.000000	0.000000	0.000000	
0.000000	0.000000	0.000000	
0.000000	0.000000	0.000000	
0.000000	0.000000	0.000000	
0.000000	0.000000	0.000000	
0.000000	0.000000	0.000000	
0.000000	0.000000	0.000000	
0.000000	0.000000	0.000000	
