1.000000	0.000000	0.000000	
1.000000	0.000000	0.000000	
1.249364	0.089238	0.000000	
1.249364	0.089238	0.000000	
1.901125	0.496460	0.000000	
1.865090	0.505690	0.000000	
1.527649	0.921337	0.000000	
1.583953	0.955294	0.000000	
0.917814	1.145686	0.000000	
0.917814	1.145686	0.000000	
1.250160	1.860937	0.000000	
1.281476	1.697193	0.000000	
0.301378	1.251033	0.000000	
0.301378	1.251033	0.000000	
0.070903	0.986370	0.000000	
0.070903	0.986370	0.000000	
0.000000	1.000000	0.000000	
0.000000	1.000000	0.000000	
0.000000	1.000000	0.000000	
0.000000	1.000000	0.000000	
1.000000	0.000000	0.000000	
0.000000	1.000000	0.000000	
0.536155	1.982801	0.000000	
0.000000	1.000000	0.000000	
2.358966	2.532927	0.000000	
0.000000	1.000000	0.000000	
0.189379	1.545935	0.000000	
0.000000	1.000000	0.000000	
2.559504	3.229884	0.000000	
0.012599	0.938613	0.000000	
0.000000	0.000000	0.000000	
0.000000	0.000000	0.000000	
0.000000	1.000000	0.000000	
3.523270	1.372177	0.000000	
0.000000	0.000000	0.000000	
1.281476	1.697193	0.000000	
0.000000	1.000000	0.000000	
0.070903	0.986370	0.000000	
0.317315	1.921822	0.000000	
0.050260	1.183463	0.000000	
0.034637	1.011740	0.000000	
2.472614	0.759977	0.000000	
2.358966	2.532927	0.000000	
0.917814	1.145686	0.000000	
0.000000	1.000000	0.000000	
0.000000	0.000000	0.000000	
1.589123	2.277413	0.000000	
0.012599	0.938613	0.000000	
0.000000	1.000000	0.000000	
2.559504	3.229884	0.000000	
0.077727	1.234765	0.000000	
2.358966	2.532927	0.000000	
0.917814	1.145686	0.000000	
2.719299	0.492503	0.000000	
1.417627	2.446413	0.000000	
0.050260	1.183463	0.000000	
0.000000	1.000000	0.000000	
0.012017	1.017034	0.000000	
2.559504	3.229884	0.000000	
0.611255	2.105986	0.000000	
1.677672	1.011817	0.000000	
0.117282	1.345172	0.000000	
0.057049	1.098844	0.000000	
1.000000	0.000000	0.000000	
0.000000	1.000000	0.000000	
3.523270	1.372177	0.000000	
0.071517	1.323404	0.000000	
0.012599	0.938613	0.000000	
0.099622	1.265397	0.000000	
0.071517	1.323404	0.000000	
0.250340	1.730429	0.000000	
2.719299	0.492503	0.000000	
2.044211	3.292783	0.000000	
2.806168	0.520354	0.000000	
0.917814	1.145686	0.000000	
0.012017	1.017034	0.000000	
0.071517	1.323404	0.000000	
0.445777	1.980662	0.000000	
0.754465	2.258768	0.000000	
0.000000	1.000000	0.000000	
2.547478	1.999918	0.000000	
0.000000	1.000000	0.000000	
0.008871	0.977274	0.000000	
0.077727	1.234765	0.000000	
1.303577	1.803836	0.000000	
0.000000	1.000000	0.000000	
1.417627	2.446413	0.000000	
1.303531	0.093785	0.000000	
2.085995	0.332772	0.000000	
3.033127	2.167413	0.000000	
0.000000	0.000000	0.000000	
0.000000	0.000000	0.000000	
0.000000	0.000000	0.000000	
0.000000	0.000000	0.000000	
0.000000	0.000000	0.000000	
0.000000	0.000000	0.000000	
0.000000	0.000000	0.000000	
0.000000	0.000000	0.000000	
0.000000	0.000000	0.000000	
0.000000	0.000000	0.000000	
