1.000000	0.000000	0.000000	
1.000000	0.000000	0.000000	
1.077966	0.081110	0.000000	
1.077966	0.081110	0.000000	
1.559876	0.422935	0.000000	
1.563976	0.424047	0.000000	
1.017893	0.610469	0.000000	
1.090246	0.653862	0.000000	
0.573582	0.713206	0.000000	
0.573582	0.713206	0.000000	
0.597891	0.949454	0.000000	
0.597891	0.949454	0.000000	
0.285041	1.183219	0.000000	
0.285041	1.183219	0.000000	
0.067716	0.942034	0.000000	
0.067716	0.942034	0.000000	
0.000000	1.000000	0.000000	
0.000000	1.000000	0.000000	
0.000000	1.000000	0.000000	
0.000000	1.000000	0.000000	
0.000000	1.000000	0.000000	
1.118584	0.084166	0.000000	
0.030707	1.016888	0.000000	
0.000000	0.000000	0.000000	
0.000000	0.000000	0.000000	
1.151544	0.008197	0.000000	
1.299102	0.075151	0.000000	
0.000000	1.000000	0.000000	
0.067716	0.942034	0.000000	
1.151544	0.008197	0.000000	
0.000000	0.000000	0.000000	
0.000000	0.000000	0.000000	
0.000000	1.000000	0.000000	
0.000000	1.000000	0.000000	
0.000000	0.000000	0.000000	
1.000000	0.000000	0.000000	
0.379349	1.755980	0.000000	
0.597891	0.949454	0.000000	
0.054832	1.034864	0.000000	
0.000000	1.000000	0.000000	
0.000000	1.000000	0.000000	
1.141565	0.018452	0.000000	
1.148290	0.014622	0.000000	
0.083786	1.150997	0.000000	
0.000000	1.000000	0.000000	
1.151544	0.008197	0.000000	
1.151544	0.008197	0.000000	
1.186303	1.864975	0.000000	
0.023662	0.982882	0.000000	
1.913376	2.252403	0.000000	
0.136539	1.285955	0.000000	
0.000000	1.000000	0.000000	
0.010884	0.943132	0.000000	
3.130438	2.427177	0.000000	
0.000000	0.000000	0.000000	
1.113548	0.013410	0.000000	
1.299102	0.075151	0.000000	
1.077966	0.081110	0.000000	
0.573582	0.713206	0.000000	
0.000000	1.000000	0.000000	
2.425884	2.398085	0.000000	
0.000000	1.000000	0.000000	
1.220827	1.824903	0.000000	
1.077966	0.081110	0.000000	
0.000000	1.000000	0.000000	
1.141565	0.018452	0.000000	
0.000000	1.000000	0.000000	
0.034747	0.993277	0.000000	
1.000000	0.000000	0.000000	
1.472476	0.074346	0.000000	
1.559876	0.422935	0.000000	
0.000000	1.000000	0.000000	
0.000000	1.000000	0.000000	
1.563976	0.424047	0.000000	
0.339789	1.890851	0.000000	
0.000000	1.000000	0.000000	
1.532891	0.068452	0.000000	
0.285041	1.183219	0.000000	
0.000000	1.000000	0.000000	
0.023793	0.990748	0.000000	
2.167370	2.169413	0.000000	
0.000000	1.000000	0.000000	
0.791317	0.983942	0.000000	
0.002749	0.968254	0.000000	
2.487917	2.267646	0.000000	
2.099168	1.398335	0.000000	
0.030707	1.016888	0.000000	
0.211578	1.831588	0.000000	
0.000000	0.000000	0.000000	
2.363917	2.182007	0.000000	
0.000000	0.000000	0.000000	
0.000000	0.000000	0.000000	
0.000000	0.000000	0.000000	
0.000000	0.000000	0.000000	
0.000000	0.000000	0.000000	
0.000000	0.000000	0.000000	
0.000000	0.000000	0.000000	
0.000000	0.000000	0.000000	
0.000000	0.000000	0.000000	
0.000000	0.000000	0.000000	
