1.000000	0.000000	0.000000	
1.000000	0.000000	0.000000	
1.026150	0.077211	0.000000	
1.026150	0.077211	0.000000	
1.158817	0.314195	0.000000	
1.158817	0.314195	0.000000	
0.670208	0.398902	0.000000	
0.674425	0.401413	0.000000	
0.474451	0.581378	0.000000	
0.474451	0.581378	0.000000	
0.442795	0.703160	0.000000	
0.442795	0.703160	0.000000	
0.251783	1.045162	0.000000	
0.251783	1.045162	0.000000	
0.063985	0.890131	0.000000	
0.063985	0.890131	0.000000	
0.000000	1.000000	0.000000	
0.000000	1.000000	0.000000	
1.000000	0.000000	0.000000	
0.000000	1.000000	0.000000	
0.615953	0.755961	0.000000	
0.001429	0.965628	0.000000	
0.000000	0.000000	0.000000	
0.801984	0.477335	0.000000	
0.002458	0.955599	0.000000	
1.692171	0.452813	0.000000	
0.822275	0.489412	0.000000	
0.000000	0.000000	0.000000	
1.074075	0.080817	0.000000	
0.000000	1.000000	0.000000	
0.000000	0.000000	0.000000	
0.000000	0.000000	0.000000	
0.251783	1.045162	0.000000	
0.118299	1.721625	0.000000	
1.317121	0.355742	0.000000	
1.692171	0.452813	0.000000	
1.000000	0.000000	0.000000	
0.000000	1.000000	0.000000	
2.483485	0.501431	0.000000	
1.026150	0.077211	0.000000	
1.015514	0.001289	0.000000	
0.002458	0.955576	0.000000	
1.026150	0.077211	0.000000	
0.000000	1.000000	0.000000	
0.000000	1.000000	0.000000	
0.827218	1.050422	0.000000	
1.026150	0.077211	0.000000	
0.000000	1.000000	0.000000	
0.000000	1.000000	0.000000	
0.118299	1.721625	0.000000	
1.026150	0.077211	0.000000	
0.000000	1.000000	0.000000	
1.553980	1.843511	0.000000	
0.069720	1.231341	0.000000	
1.670388	1.017874	0.000000	
1.057781	0.079591	0.000000	
1.038369	0.078361	0.000000	
0.065717	0.940689	0.000000	
0.162351	1.766677	0.000000	
0.000000	1.000000	0.000000	
0.000000	1.000000	0.000000	
0.000000	1.000000	0.000000	
0.007440	0.936988	0.000000	
0.000000	1.000000	0.000000	
0.000000	1.000000	0.000000	
0.118299	1.721625	0.000000	
0.000000	1.000000	0.000000	
1.026150	0.077211	0.000000	
0.000000	1.000000	0.000000	
1.154209	0.032518	0.000000	
0.000000	1.000000	0.000000	
0.000000	1.000000	0.000000	
0.000000	1.000000	0.000000	
1.074075	0.080817	0.000000	
3.440241	0.995766	0.000000	
0.065717	0.940689	0.000000	
1.000000	0.000000	0.000000	
0.000000	1.000000	0.000000	
0.162351	1.766677	0.000000	
2.925893	1.283679	0.000000	
1.074075	0.080817	0.000000	
0.805433	1.587150	0.000000	
1.209360	0.036807	0.000000	
0.014265	0.933759	0.000000	
1.155201	0.033062	0.000000	
1.000000	0.000000	0.000000	
0.251783	1.045162	0.000000	
0.000000	0.000000	0.000000	
0.000000	1.000000	0.000000	
0.436957	1.560986	0.000000	
0.000000	0.000000	0.000000	
0.000000	0.000000	0.000000	
0.000000	0.000000	0.000000	
0.000000	0.000000	0.000000	
0.000000	0.000000	0.000000	
0.000000	0.000000	0.000000	
0.000000	0.000000	0.000000	
0.000000	0.000000	0.000000	
0.000000	0.000000	0.000000	
0.000000	0.000000	0.000000	
