1.000000	0.000000	0.000000	
1.000000	0.000000	0.000000	
1.793364	0.141613	0.000000	
1.793364	0.141613	0.000000	
2.699683	0.645479	0.000000	
2.370059	0.659218	0.000000	
2.348732	1.416538	0.000000	
2.381648	1.436390	0.000000	
1.398996	1.746335	0.000000	
1.524231	1.902664	0.000000	
1.081891	2.289314	0.000000	
1.331150	1.932254	0.000000	
0.432188	1.754432	0.000000	
0.439060	1.782330	0.000000	
0.079121	1.095138	0.000000	
0.079121	1.095138	0.000000	
0.000510	0.981485	0.000000	
0.000753	0.973296	0.000000	
0.079124	1.095170	0.000000	
4.045063	2.205917	0.000000	
1.793364	0.141613	0.000000	
0.000000	1.000000	0.000000	
0.069405	1.095490	0.000000	
0.024877	0.991390	0.000000	
2.116280	0.155668	0.000000	
0.000000	0.000000	0.000000	
1.001851	0.000099	0.000000	
0.069405	1.095490	0.000000	
2.595383	3.293657	0.000000	
0.079121	1.095138	0.000000	
0.000000	0.000000	0.000000	
0.000000	0.000000	0.000000	
2.112586	0.243415	0.000000	
2.738703	0.258255	0.000000	
0.002014	0.970223	0.000000	
0.000000	1.000000	0.000000	
0.000000	1.000000	0.000000	
2.329997	0.136212	0.000000	
1.000000	0.000000	0.000000	
0.191293	1.615955	0.000000	
1.331324	1.932506	0.000000	
0.000000	1.000000	0.000000	
0.000000	0.000000	0.000000	
0.000000	1.000000	0.000000	
2.608014	1.710670	0.000000	
2.655121	0.738506	0.000000	
0.013176	0.952330	0.000000	
2.608014	1.710670	0.000000	
0.000000	1.000000	0.000000	
0.000000	1.000000	0.000000	
0.000000	1.000000	0.000000	
1.524231	1.902664	0.000000	
0.199038	1.619606	0.000000	
1.000000	0.000000	0.000000	
0.024877	0.991390	0.000000	
1.331150	1.932254	0.000000	
0.000000	1.000000	0.000000	
0.022690	0.978793	0.000000	
0.098331	1.284506	0.000000	
0.001503	0.979575	0.000000	
0.000510	0.981485	0.000000	
0.000000	0.000000	0.000000	
1.000000	0.000000	0.000000	
2.649647	0.252317	0.000000	
3.477728	1.526286	0.000000	
0.000000	0.000000	0.000000	
0.069405	1.095490	0.000000	
0.000000	1.000000	0.000000	
1.001851	0.000099	0.000000	
1.044963	0.002544	0.000000	
2.116280	0.155668	0.000000	
0.000000	0.000000	0.000000	
1.000000	0.000000	0.000000	
0.601107	2.545714	0.000000	
1.521023	3.104001	0.000000	
0.002010	0.968611	0.000000	
0.001503	0.979575	0.000000	
2.156822	3.148229	0.000000	
0.000000	1.000000	0.000000	
0.000000	1.000000	0.000000	
0.048793	1.056344	0.000000	
0.444916	1.806102	0.000000	
0.000000	1.000000	0.000000	
0.000000	1.000000	0.000000	
2.738703	0.258255	0.000000	
1.331150	1.932254	0.000000	
1.000000	0.000000	0.000000	
0.000000	1.000000	0.000000	
0.000000	0.000000	0.000000	
1.045397	2.897685	0.000000	
0.000000	0.000000	0.000000	
0.000000	0.000000	0.000000	
0.000000	0.000000	0.000000	
0.000000	0.000000	0.000000	
0.000000	0.000000	0.000000	
0.000000	0.000000	0.000000	
0.000000	0.000000	0.000000	
0.000000	0.000000	0.000000	
0.000000	0.000000	0.000000	
0.000000	0.000000	0.000000	
