1.000000	0.000000	0.000000	
1.000000	0.000000	0.000000	
1.026150	0.077211	0.000000	
1.031720	0.075051	0.000000	
1.185316	0.321380	0.000000	
1.185316	0.321380	0.000000	
0.712676	0.424179	0.000000	
0.712676	0.424179	0.000000	
0.481877	0.590477	0.000000	
0.484829	0.594095	0.000000	
0.443444	0.704192	0.000000	
0.443444	0.704192	0.000000	
0.252425	1.047828	0.000000	
0.252425	1.047828	0.000000	
0.064149	0.892401	0.000000	
0.064149	0.892401	0.000000	
0.000000	1.000000	0.000000	
0.000000	1.000000	0.000000	
0.000000	1.000000	0.000000	
2.099324	0.551096	0.000000	
0.400665	1.743358	0.000000	
0.000000	1.000000	0.000000	
1.069894	0.022648	0.000000	
2.115154	0.494206	0.000000	
0.000000	0.000000	0.000000	
0.000000	0.000000	0.000000	
0.712676	0.424179	0.000000	
0.314011	1.672006	0.000000	
0.252425	1.047828	0.000000	
0.000000	1.000000	0.000000	
0.000000	0.000000	0.000000	
0.000000	0.000000	0.000000	
1.580493	2.635422	0.000000	
1.883716	1.043347	0.000000	
2.705141	3.017549	0.000000	
0.977097	2.325814	0.000000	
0.000000	1.000000	0.000000	
1.162403	0.085622	0.000000	
0.000000	1.000000	0.000000	
0.443444	0.704192	0.000000	
0.099547	1.627995	0.000000	
1.026150	0.077211	0.000000	
0.000000	1.000000	0.000000	
0.712676	0.424179	0.000000	
2.776641	3.049237	0.000000	
0.064149	0.892401	0.000000	
0.000000	1.000000	0.000000	
1.083437	0.019532	0.000000	
0.481877	0.590477	0.000000	
0.000000	1.000000	0.000000	
1.000000	0.000000	0.000000	
0.002898	0.953466	0.000000	
0.484829	0.594095	0.000000	
0.000000	1.000000	0.000000	
0.000000	0.000000	0.000000	
0.000000	1.000000	0.000000	
1.883716	1.043347	0.000000	
0.000000	1.000000	0.000000	
0.038416	1.049428	0.000000	
1.097313	0.018721	0.000000	
0.481877	0.590477	0.000000	
1.078582	0.018487	0.000000	
1.026150	0.077211	0.000000	
0.190321	1.682488	0.000000	
0.000000	1.000000	0.000000	
0.000000	1.000000	0.000000	
1.000000	0.000000	0.000000	
1.000000	0.000000	0.000000	
0.000000	0.000000	0.000000	
0.000000	1.000000	0.000000	
1.553844	0.416084	0.000000	
0.484829	0.594095	0.000000	
0.000000	1.000000	0.000000	
0.259525	1.476147	0.000000	
1.080144	0.016365	0.000000	
2.591564	0.706693	0.000000	
0.443444	0.704192	0.000000	
0.005673	0.940504	0.000000	
0.038295	1.319207	0.000000	
1.553844	0.416084	0.000000	
1.162403	0.085622	0.000000	
1.069894	0.022648	0.000000	
1.000000	0.000000	0.000000	
2.705141	3.017549	0.000000	
2.257132	0.832830	0.000000	
0.000000	1.000000	0.000000	
0.443444	0.704192	0.000000	
1.580493	2.635422	0.000000	
0.000000	1.000000	0.000000	
0.000000	1.000000	0.000000	
0.000000	0.000000	0.000000	
0.000000	0.000000	0.000000	
0.000000	0.000000	0.000000	
0.000000	0.000000	0.000000	
0.000000	0.000000	0.000000	
0.000000	0.000000	0.000000	
0.000000	0.000000	0.000000	
0.000000	0.000000	0.000000	
0.000000	0.000000	0.000000	
0.000000	0.000000	0.000000	
