1.000000	0.000000	0.000000	
1.000000	0.000000	0.000000	
1.029256	0.077445	0.000000	
1.029256	0.077445	0.000000	
1.185317	0.321380	0.000000	
1.185317	0.321380	0.000000	
0.721866	0.429649	0.000000	
0.721866	0.429649	0.000000	
0.484829	0.594095	0.000000	
0.484829	0.594095	0.000000	
0.443444	0.704192	0.000000	
0.443444	0.704192	0.000000	
0.252778	1.049294	0.000000	
0.252778	1.049294	0.000000	
0.064149	0.892401	0.000000	
0.064149	0.892401	0.000000	
0.000000	1.000000	0.000000	
0.000000	1.000000	0.000000	
0.000000	0.000000	0.000000	
2.304517	0.440578	0.000000	
1.522086	0.147122	0.000000	
1.029256	0.077445	0.000000	
0.000062	0.992175	0.000000	
0.308956	1.387129	0.000000	
3.961602	1.338832	0.000000	
1.000000	0.000000	0.000000	
0.000819	0.976540	0.000000	
0.000000	1.000000	0.000000	
0.006397	0.942902	0.000000	
1.000000	0.000000	0.000000	
0.000000	0.000000	0.000000	
0.000000	0.000000	0.000000	
4.543088	1.525280	0.000000	
1.039178	0.007986	0.000000	
0.000000	1.000000	0.000000	
0.000000	1.000000	0.000000	
4.627560	1.418708	0.000000	
0.000000	0.000000	0.000000	
0.000819	0.976251	0.000000	
0.009305	0.934056	0.000000	
0.000000	1.000000	0.000000	
1.000000	0.000000	0.000000	
0.000000	1.000000	0.000000	
0.000000	0.000000	0.000000	
0.000000	1.000000	0.000000	
0.064149	0.892401	0.000000	
0.000000	0.000000	0.000000	
0.358446	1.921152	0.000000	
0.358446	1.921152	0.000000	
0.000078	0.991180	0.000000	
1.193504	0.086030	0.000000	
0.000000	1.000000	0.000000	
1.000000	0.000000	0.000000	
1.931639	1.438915	0.000000	
1.187814	0.038623	0.000000	
1.000000	0.000000	0.000000	
1.073999	1.407793	0.000000	
0.000000	1.000000	0.000000	
0.034304	0.964285	0.000000	
0.000000	1.000000	0.000000	
0.000000	1.000000	0.000000	
0.252778	1.049294	0.000000	
0.006132	0.942383	0.000000	
4.150911	2.058645	0.000000	
0.000000	0.000000	0.000000	
1.200305	0.039029	0.000000	
0.252778	1.049294	0.000000	
0.000000	0.000000	0.000000	
1.000000	0.000000	0.000000	
0.379553	1.866945	0.000000	
0.000000	1.000000	0.000000	
1.000000	0.000000	0.000000	
0.013852	0.942880	0.000000	
0.011042	0.932143	0.000000	
1.193504	0.086030	0.000000	
0.484829	0.594095	0.000000	
0.000000	1.000000	0.000000	
0.484829	0.594095	0.000000	
0.011989	0.938369	0.000000	
1.185317	0.321380	0.000000	
0.252778	1.049294	0.000000	
0.721866	0.429649	0.000000	
0.000000	1.000000	0.000000	
0.000000	1.000000	0.000000	
1.185319	0.321380	0.000000	
0.000000	0.000000	0.000000	
0.000000	0.000000	0.000000	
0.000000	0.000000	0.000000	
1.418415	0.128230	0.000000	
0.006397	0.942902	0.000000	
0.000000	0.000000	0.000000	
0.000000	0.000000	0.000000	
0.000000	0.000000	0.000000	
0.000000	0.000000	0.000000	
0.000000	0.000000	0.000000	
0.000000	0.000000	0.000000	
0.000000	0.000000	0.000000	
0.000000	0.000000	0.000000	
0.000000	0.000000	0.000000	
0.000000	0.000000	0.000000	
