1.000000	0.000000	0.000000	
1.000000	0.000000	0.000000	
1.629645	0.119356	0.000000	
1.630064	0.119387	0.000000	
2.178509	0.590668	0.000000	
2.178509	0.590668	0.000000	
2.182745	1.316430	0.000000	
2.182745	1.316430	0.000000	
1.287683	1.607386	0.000000	
1.314330	1.640648	0.000000	
0.974797	2.086866	0.000000	
0.974797	2.086866	0.000000	
0.334387	1.388058	0.000000	
0.364182	1.511738	0.000000	
0.076905	1.064454	0.000000	
0.076905	1.064454	0.000000	
0.000000	1.000000	0.000000	
0.000000	1.000000	0.000000	
2.517361	1.518239	0.000000	
1.390257	2.577507	0.000000	
1.196453	0.008375	0.000000	
0.228217	1.652439	0.000000	
1.630064	0.119387	0.000000	
0.000000	1.000000	0.000000	
1.836452	0.107197	0.000000	
1.023530	0.000974	0.000000	
1.618888	2.452927	0.000000	
0.000000	1.000000	0.000000	
2.658049	0.495521	0.000000	
0.039608	1.114373	0.000000	
0.000000	0.000000	0.000000	
0.000000	0.000000	0.000000	
0.975595	2.324644	0.000000	
0.039608	1.114373	0.000000	
0.000000	1.000000	0.000000	
0.486232	2.299236	0.000000	
2.084008	0.170212	0.000000	
0.000000	0.000000	0.000000	
0.000000	1.000000	0.000000	
1.284056	0.015955	0.000000	
0.000000	0.000000	0.000000	
1.256945	0.015618	0.000000	
0.027208	1.010195	0.000000	
3.131516	0.412778	0.000000	
0.000000	1.000000	0.000000	
0.000000	0.000000	0.000000	
1.896186	0.079394	0.000000	
1.750028	2.575238	0.000000	
1.132711	0.006263	0.000000	
2.178509	0.590668	0.000000	
1.390257	2.577507	0.000000	
0.000000	1.000000	0.000000	
0.401901	2.234730	0.000000	
0.000000	1.000000	0.000000	
0.381736	1.584604	0.000000	
0.247488	1.789474	0.000000	
0.000000	1.000000	0.000000	
0.000000	0.000000	0.000000	
2.471556	0.411211	0.000000	
1.734714	0.102207	0.000000	
1.000000	0.000000	0.000000	
1.659683	0.095134	0.000000	
0.126280	1.559173	0.000000	
1.324983	1.653947	0.000000	
0.000000	0.000000	0.000000	
1.000000	0.000000	0.000000	
0.000000	1.000000	0.000000	
1.390257	2.577507	0.000000	
0.325977	1.632245	0.000000	
1.643758	2.825394	0.000000	
1.000000	0.000000	0.000000	
2.684553	0.618988	0.000000	
0.000000	1.000000	0.000000	
0.076905	1.064454	0.000000	
1.196453	0.008375	0.000000	
0.003591	0.981872	0.000000	
0.000000	1.000000	0.000000	
0.000000	0.000000	0.000000	
3.291034	0.640957	0.000000	
2.684553	0.618988	0.000000	
0.000000	0.000000	0.000000	
0.000000	0.000000	0.000000	
0.000000	1.000000	0.000000	
3.291034	0.640957	0.000000	
0.000000	0.000000	0.000000	
2.698954	0.330891	0.000000	
1.053885	0.003492	0.000000	
1.196453	0.008375	0.000000	
1.936865	2.104817	0.000000	
0.022080	0.992927	0.000000	
0.000000	0.000000	0.000000	
0.000000	0.000000	0.000000	
0.000000	0.000000	0.000000	
0.000000	0.000000	0.000000	
0.000000	0.000000	0.000000	
0.000000	0.000000	0.000000	
0.000000	0.000000	0.000000	
0.000000	0.000000	0.000000	
0.000000	0.000000	0.000000	
0.000000	0.000000	0.000000	
