1.000000	0.000000	0.000000	
1.000000	0.000000	0.000000	
1.000740	0.074116	0.000000	
1.000740	0.074116	0.000000	
1.153664	0.312675	0.000000	
1.153664	0.312675	0.000000	
0.658114	0.391705	0.000000	
0.658114	0.391705	0.000000	
0.465700	0.570655	0.000000	
0.465700	0.570655	0.000000	
0.422991	0.671712	0.000000	
0.422991	0.671712	0.000000	
0.251783	1.045162	0.000000	
0.251783	1.045162	0.000000	
0.063738	0.886686	0.000000	
0.063738	0.886686	0.000000	
0.000003	0.998147	0.000000	
0.000000	1.000000	0.000000	
0.002426	0.972555	0.000000	
0.000000	1.000000	0.000000	
1.000000	0.000000	0.000000	
0.000153	0.988028	0.000000	
0.000000	1.000000	0.000000	
0.063738	0.886686	0.000000	
2.077733	1.166424	0.000000	
1.000000	0.000000	0.000000	
0.725862	0.897356	0.000000	
0.465700	0.570655	0.000000	
0.658114	0.391705	0.000000	
0.331883	1.364368	0.000000	
0.000000	0.000000	0.000000	
0.000000	0.000000	0.000000	
1.206117	0.086966	0.000000	
0.652601	1.043649	0.000000	
1.155469	0.045369	0.000000	
1.223237	0.331531	0.000000	
0.000000	1.000000	0.000000	
0.465700	0.570655	0.000000	
1.553008	0.421114	0.000000	
1.000000	0.000000	0.000000	
1.000000	0.000000	0.000000	
0.251783	1.045162	0.000000	
0.000000	0.000000	0.000000	
0.465700	0.570655	0.000000	
0.000000	1.000000	0.000000	
0.472175	0.578589	0.000000	
0.575644	0.704719	0.000000	
0.000000	1.000000	0.000000	
0.422991	0.671712	0.000000	
1.293574	0.361896	0.000000	
0.831333	1.188620	0.000000	
0.465700	0.570655	0.000000	
2.399052	0.447942	0.000000	
0.000000	1.000000	0.000000	
0.000000	0.000000	0.000000	
0.000153	0.988028	0.000000	
0.477744	0.585413	0.000000	
0.002426	0.972555	0.000000	
0.487010	0.598450	0.000000	
1.276758	0.354563	0.000000	
2.399052	0.447942	0.000000	
0.000000	1.000000	0.000000	
1.000000	0.000000	0.000000	
0.603535	0.744530	0.000000	
1.322391	0.339787	0.000000	
0.834972	1.986355	0.000000	
0.465700	0.570655	0.000000	
0.000000	0.000000	0.000000	
0.831333	1.188620	0.000000	
1.213209	0.327060	0.000000	
0.003897	0.945011	0.000000	
0.003624	0.949100	0.000000	
0.000000	1.000000	0.000000	
0.652601	1.043649	0.000000	
0.472175	0.578589	0.000000	
1.299957	0.352048	0.000000	
1.153664	0.312675	0.000000	
1.215570	0.084598	0.000000	
0.004198	0.944785	0.000000	
0.063738	0.886686	0.000000	
0.465700	0.570655	0.000000	
0.590672	0.721216	0.000000	
0.422991	0.671712	0.000000	
0.725862	0.897356	0.000000	
1.267346	0.343486	0.000000	
1.276595	1.353710	0.000000	
0.725862	0.897356	0.000000	
0.603535	0.744530	0.000000	
0.465700	0.570655	0.000000	
0.910283	1.278051	0.000000	
0.000000	0.000000	0.000000	
0.000000	0.000000	0.000000	
0.000000	0.000000	0.000000	
0.000000	0.000000	0.000000	
0.000000	0.000000	0.000000	
0.000000	0.000000	0.000000	
0.000000	0.000000	0.000000	
0.000000	0.000000	0.000000	
0.000000	0.000000	0.000000	
0.000000	0.000000	0.000000	
