1.000000	0.000000	0.000000	
1.000000	0.000000	0.000000	
1.057267	0.079552	0.000000	
1.057267	0.079552	0.000000	
1.438368	0.389991	0.000000	
1.438368	0.389991	0.000000	
0.807746	0.484436	0.000000	
0.807746	0.484436	0.000000	
0.540104	0.661827	0.000000	
0.540104	0.661827	0.000000	
0.480997	0.763826	0.000000	
0.480997	0.763826	0.000000	
0.260339	1.080680	0.000000	
0.260339	1.080680	0.000000	
0.066423	0.924042	0.000000	
0.066423	0.924042	0.000000	
0.000000	1.000000	0.000000	
0.000000	1.000000	0.000000	
0.317354	1.317352	0.000000	
1.375057	0.014664	0.000000	
1.000000	0.000000	0.000000	
1.716557	0.122002	0.000000	
0.000000	0.000000	0.000000	
0.000000	1.000000	0.000000	
0.007107	0.954252	0.000000	
0.000000	1.000000	0.000000	
0.000000	1.000000	0.000000	
0.000000	1.000000	0.000000	
0.000000	1.000000	0.000000	
0.000000	1.000000	0.000000	
0.000000	0.000000	0.000000	
0.000000	0.000000	0.000000	
0.260339	1.080680	0.000000	
0.000000	1.000000	0.000000	
2.700009	1.343695	0.000000	
0.000000	1.000000	0.000000	
1.881379	0.219523	0.000000	
1.438368	0.389991	0.000000	
0.000000	1.000000	0.000000	
0.000000	0.000000	0.000000	
0.391083	1.778903	0.000000	
0.000000	1.000000	0.000000	
1.250441	0.009643	0.000000	
0.002631	0.952865	0.000000	
0.066423	0.924042	0.000000	
0.007998	0.955184	0.000000	
0.000384	0.981001	0.000000	
0.354644	1.589303	0.000000	
0.000000	1.000000	0.000000	
0.000000	1.000000	0.000000	
0.540104	0.661827	0.000000	
0.117313	1.340968	0.000000	
0.807746	0.484436	0.000000	
1.000000	0.000000	0.000000	
0.354686	1.589494	0.000000	
2.146491	1.475281	0.000000	
0.480997	0.763826	0.000000	
1.018343	0.000613	0.000000	
2.812733	2.124339	0.000000	
0.000950	0.977113	0.000000	
0.000000	1.000000	0.000000	
0.000000	1.000000	0.000000	
2.768680	1.994207	0.000000	
0.025980	0.963600	0.000000	
0.000000	0.000000	0.000000	
0.000000	0.000000	0.000000	
1.000000	0.000000	0.000000	
0.354686	1.589494	0.000000	
0.000000	1.000000	0.000000	
1.000000	0.000000	0.000000	
1.000000	0.000000	0.000000	
0.540104	0.661827	0.000000	
0.000000	1.000000	0.000000	
0.260339	1.080680	0.000000	
0.260339	1.080680	0.000000	
0.000000	1.000000	0.000000	
0.000000	0.000000	0.000000	
1.000000	0.000000	0.000000	
0.821176	2.821202	0.000000	
0.480997	0.763826	0.000000	
0.012796	1.028524	0.000000	
1.108852	0.083434	0.000000	
2.812733	2.124339	0.000000	
3.026951	0.797813	0.000000	
1.057267	0.079552	0.000000	
0.098766	1.020529	0.000000	
1.881379	0.219523	0.000000	
0.000000	1.000000	0.000000	
0.000000	1.000000	0.000000	
0.025980	0.963600	0.000000	
0.000000	0.000000	0.000000	
0.000000	0.000000	0.000000	
0.000000	0.000000	0.000000	
0.000000	0.000000	0.000000	
0.000000	0.000000	0.000000	
0.000000	0.000000	0.000000	
0.000000	0.000000	0.000000	
0.000000	0.000000	0.000000	
0.000000	0.000000	0.000000	
0.000000	0.000000	0.000000	
