1.000000	0.000000	0.000000	
1.000000	0.000000	0.000000	
2.183753	0.155902	0.000000	
1.704025	0.172425	0.000000	
2.826341	0.878390	0.000000	
2.995738	0.820248	0.000000	
2.457537	1.482160	0.000000	
2.457537	1.482160	0.000000	
1.692801	2.076955	0.000000	
1.692801	2.076955	0.000000	
1.447170	2.071646	0.000000	
1.447170	2.071646	0.000000	
0.450891	1.830354	0.000000	
0.450891	1.830354	0.000000	
0.083238	1.124458	0.000000	
0.083238	1.124458	0.000000	
0.000000	1.000000	0.000000	
0.000000	1.000000	0.000000	
0.000000	1.000000	0.000000	
0.048420	1.094816	0.000000	
2.015229	2.097320	0.000000	
2.015229	2.097320	0.000000	
3.688135	1.846511	0.000000	
0.000000	1.000000	0.000000	
1.447170	2.071646	0.000000	
0.450891	1.830354	0.000000	
0.005515	0.965753	0.000000	
3.571220	0.950742	0.000000	
1.076223	0.002665	0.000000	
0.000000	1.000000	0.000000	
0.000000	0.000000	0.000000	
0.000000	0.000000	0.000000	
2.364965	3.268665	0.000000	
0.030695	1.137986	0.000000	
0.000000	1.000000	0.000000	
3.688135	1.846511	0.000000	
0.000000	0.000000	0.000000	
1.969143	0.101897	0.000000	
0.041123	1.077737	0.000000	
0.000000	1.000000	0.000000	
2.989982	2.916106	0.000000	
0.473999	2.206152	0.000000	
1.834022	2.501579	0.000000	
3.950141	1.633712	0.000000	
3.110296	1.616725	0.000000	
2.389972	2.720291	0.000000	
2.931532	0.330461	0.000000	
0.000000	0.000000	0.000000	
1.957340	3.247470	0.000000	
3.438670	1.848511	0.000000	
0.000000	0.000000	0.000000	
1.957340	3.247470	0.000000	
2.183753	0.155902	0.000000	
0.530794	2.287125	0.000000	
0.216511	1.634116	0.000000	
2.826341	0.878390	0.000000	
1.043757	0.002706	0.000000	
0.000000	1.000000	0.000000	
0.000000	1.000000	0.000000	
1.076223	0.002665	0.000000	
1.260353	0.011108	0.000000	
3.721920	0.726984	0.000000	
0.436650	2.202811	0.000000	
2.389972	2.720291	0.000000	
0.000000	0.000000	0.000000	
0.000000	1.000000	0.000000	
2.393279	3.224017	0.000000	
0.000000	1.000000	0.000000	
1.757884	0.177875	0.000000	
0.039388	1.039492	0.000000	
0.000000	0.000000	0.000000	
1.447170	2.071646	0.000000	
2.526436	0.338672	0.000000	
0.000000	1.000000	0.000000	
1.260353	0.011108	0.000000	
0.000000	1.000000	0.000000	
1.000000	0.000000	0.000000	
0.000000	1.000000	0.000000	
0.083238	1.124458	0.000000	
0.216511	1.634116	0.000000	
3.192217	2.365383	0.000000	
0.493890	2.087963	0.000000	
3.688135	1.846511	0.000000	
0.472230	2.132758	0.000000	
0.532427	2.261261	0.000000	
0.532427	2.261261	0.000000	
0.000000	0.000000	0.000000	
0.145834	1.531562	0.000000	
0.284103	1.816645	0.000000	
3.950141	1.633712	0.000000	
0.000000	0.000000	0.000000	
0.000000	0.000000	0.000000	
0.000000	0.000000	0.000000	
0.000000	0.000000	0.000000	
0.000000	0.000000	0.000000	
0.000000	0.000000	0.000000	
0.000000	0.000000	0.000000	
0.000000	0.000000	0.000000	
0.000000	0.000000	0.000000	
0.000000	0.000000	0.000000	
