1.000000	0.000000	0.000000	
1.000000	0.000000	0.000000	
1.240802	0.088627	0.000000	
1.249364	0.089238	0.000000	
1.862654	0.505029	0.000000	
1.862654	0.505029	0.000000	
1.520762	0.911978	0.000000	
1.527649	0.921337	0.000000	
0.883110	1.102367	0.000000	
0.911379	1.137654	0.000000	
0.989988	1.476257	0.000000	
0.933319	1.996657	0.000000	
0.296021	1.228795	0.000000	
0.296021	1.228795	0.000000	
0.070903	0.986370	0.000000	
0.070903	0.986370	0.000000	
0.000000	1.000000	0.000000	
0.005329	0.950555	0.000000	
0.000000	1.000000	0.000000	
0.000000	1.000000	0.000000	
0.000000	1.000000	0.000000	
1.112868	0.012772	0.000000	
0.000000	1.000000	0.000000	
0.000000	0.000000	0.000000	
0.000000	0.000000	0.000000	
0.809815	2.583247	0.000000	
0.070903	0.986370	0.000000	
0.014526	0.944447	0.000000	
0.012370	0.949181	0.000000	
0.467427	2.141676	0.000000	
0.000000	0.000000	0.000000	
0.000000	0.000000	0.000000	
0.000000	1.000000	0.000000	
1.098012	0.019961	0.000000	
1.002790	0.000137	0.000000	
1.520762	0.911978	0.000000	
1.240802	0.088627	0.000000	
1.160086	0.013125	0.000000	
0.000000	1.000000	0.000000	
1.249364	0.089238	0.000000	
0.004892	0.973613	0.000000	
1.862654	0.505029	0.000000	
1.126800	0.012781	0.000000	
0.070903	0.986370	0.000000	
1.324875	2.074836	0.000000	
1.510097	0.039441	0.000000	
0.000000	1.000000	0.000000	
2.089387	0.118415	0.000000	
0.000000	0.000000	0.000000	
1.363347	0.041917	0.000000	
0.160156	1.301176	0.000000	
0.301737	1.252524	0.000000	
0.000000	1.000000	0.000000	
1.862654	0.505029	0.000000	
1.527649	0.921337	0.000000	
0.070903	0.986370	0.000000	
2.893863	0.732018	0.000000	
1.972344	0.171123	0.000000	
1.862654	0.505029	0.000000	
0.070903	0.986370	0.000000	
0.000000	1.000000	0.000000	
3.513945	1.362032	0.000000	
0.197663	1.742015	0.000000	
0.311033	1.971574	0.000000	
1.306300	0.034731	0.000000	
0.989988	1.476257	0.000000	
1.053673	0.013112	0.000000	
2.037253	0.125556	0.000000	
0.000000	1.000000	0.000000	
1.360103	1.937339	0.000000	
0.000000	1.000000	0.000000	
0.167763	1.743872	0.000000	
0.005329	0.950555	0.000000	
1.862654	0.505029	0.000000	
0.063207	1.126720	0.000000	
0.009972	0.957985	0.000000	
0.000000	1.000000	0.000000	
0.000000	0.000000	0.000000	
1.568358	0.112023	0.000000	
2.580469	0.445804	0.000000	
0.004892	0.973613	0.000000	
0.000000	1.000000	0.000000	
1.000000	0.000000	0.000000	
0.093400	1.153594	0.000000	
1.034959	0.002503	0.000000	
0.059450	1.107743	0.000000	
1.306300	0.034731	0.000000	
1.034959	0.002503	0.000000	
0.000000	0.000000	0.000000	
0.000000	1.000000	0.000000	
0.000000	0.000000	0.000000	
0.000000	0.000000	0.000000	
0.000000	0.000000	0.000000	
0.000000	0.000000	0.000000	
0.000000	0.000000	0.000000	
0.000000	0.000000	0.000000	
0.000000	0.000000	0.000000	
0.000000	0.000000	0.000000	
0.000000	0.000000	0.000000	
0.000000	0.000000	0.000000	
