1.000000	0.000000	0.000000	
1.000000	0.000000	0.000000	
1.077966	0.081110	0.000000	
1.077966	0.081110	0.000000	
1.559876	0.422935	0.000000	
1.559876	0.422935	0.000000	
1.017893	0.610469	0.000000	
1.090246	0.653862	0.000000	
0.573582	0.713206	0.000000	
0.573582	0.713206	0.000000	
0.597891	0.949454	0.000000	
0.597891	0.949454	0.000000	
0.285041	1.183219	0.000000	
0.285041	1.183219	0.000000	
0.067716	0.942034	0.000000	
0.067716	0.942034	0.000000	
0.000000	1.000000	0.000000	
0.000000	1.000000	0.000000	
0.030707	1.016888	0.000000	
0.000000	1.000000	0.000000	
1.762721	0.124885	0.000000	
1.309360	0.785273	0.000000	
1.000000	0.000000	0.000000	
0.000000	1.000000	0.000000	
0.003531	0.963241	0.000000	
0.212111	1.627084	0.000000	
0.398475	1.874109	0.000000	
1.151544	0.008197	0.000000	
0.000000	1.000000	0.000000	
0.030707	1.016888	0.000000	
0.000000	0.000000	0.000000	
0.000000	0.000000	0.000000	
0.000000	1.000000	0.000000	
2.167370	2.169413	0.000000	
0.034747	0.993277	0.000000	
0.067716	0.942034	0.000000	
0.044259	1.081026	0.000000	
0.616523	0.787284	0.000000	
2.167370	2.169413	0.000000	
0.000000	0.000000	0.000000	
2.167370	2.169413	0.000000	
0.084500	1.211332	0.000000	
1.059198	2.876940	0.000000	
0.054832	1.034864	0.000000	
1.118584	0.084166	0.000000	
0.000000	1.000000	0.000000	
0.094744	1.540380	0.000000	
0.000000	1.000000	0.000000	
1.762721	0.124885	0.000000	
1.077966	0.081110	0.000000	
1.006743	0.000768	0.000000	
1.000000	0.000000	0.000000	
0.998508	1.241570	0.000000	
0.000000	1.000000	0.000000	
0.000000	1.000000	0.000000	
1.217046	0.010531	0.000000	
0.791317	0.983942	0.000000	
0.000000	0.000000	0.000000	
1.186303	1.864975	0.000000	
0.000000	1.000000	0.000000	
0.000000	1.000000	0.000000	
0.000000	0.000000	0.000000	
1.000000	0.000000	0.000000	
0.000000	1.000000	0.000000	
0.124698	1.288168	0.000000	
0.000000	1.000000	0.000000	
0.026265	0.995836	0.000000	
1.762721	0.124885	0.000000	
1.013582	0.001172	0.000000	
1.252843	0.049238	0.000000	
0.000000	1.000000	0.000000	
1.186303	1.864975	0.000000	
0.067716	0.942034	0.000000	
0.573582	0.713206	0.000000	
0.000000	1.000000	0.000000	
0.000000	1.000000	0.000000	
0.000000	1.000000	0.000000	
1.151544	0.008197	0.000000	
0.000000	1.000000	0.000000	
0.000000	1.000000	0.000000	
1.559876	0.422935	0.000000	
0.000000	1.000000	0.000000	
0.000000	1.000000	0.000000	
1.151544	0.008197	0.000000	
1.017893	0.610469	0.000000	
0.090757	1.183794	0.000000	
1.000000	0.000000	0.000000	
0.791317	0.983942	0.000000	
0.030707	1.016888	0.000000	
0.000000	1.000000	0.000000	
0.000000	0.000000	0.000000	
0.000000	0.000000	0.000000	
0.000000	0.000000	0.000000	
0.000000	0.000000	0.000000	
0.000000	0.000000	0.000000	
0.000000	0.000000	0.000000	
0.000000	0.000000	0.000000	
0.000000	0.000000	0.000000	
0.000000	0.000000	0.000000	
0.000000	0.000000	0.000000	
