1.000000	0.000000	0.000000	
1.000000	0.000000	0.000000	
1.629645	0.119356	0.000000	
1.629645	0.119356	0.000000	
2.178509	0.590668	0.000000	
2.178509	0.590668	0.000000	
2.143455	1.292734	0.000000	
2.143455	1.292734	0.000000	
1.285868	1.605120	0.000000	
1.287683	1.607386	0.000000	
1.500997	1.967664	0.000000	
0.969784	2.076134	0.000000	
0.334375	1.388007	0.000000	
0.334375	1.388007	0.000000	
0.076905	1.064454	0.000000	
0.076905	1.064454	0.000000	
0.000000	1.000000	0.000000	
0.000000	1.000000	0.000000	
0.000000	1.000000	0.000000	
0.032988	1.164075	0.000000	
1.500997	1.967664	0.000000	
2.561238	2.018333	0.000000	
0.000000	1.000000	0.000000	
0.000000	0.000000	0.000000	
0.037292	1.154354	0.000000	
3.286167	0.598845	0.000000	
0.516038	2.338524	0.000000	
0.000000	1.000000	0.000000	
2.178509	0.590668	0.000000	
1.545188	0.086319	0.000000	
0.000000	0.000000	0.000000	
0.000000	0.000000	0.000000	
0.000000	1.000000	0.000000	
3.213862	1.172410	0.000000	
0.000000	1.000000	0.000000	
0.516038	2.338524	0.000000	
1.202495	2.481161	0.000000	
0.037292	1.154354	0.000000	
0.000000	1.000000	0.000000	
3.286167	0.598845	0.000000	
2.143455	1.292734	0.000000	
0.000000	1.000000	0.000000	
0.000000	0.000000	0.000000	
0.000000	0.000000	0.000000	
0.000000	1.000000	0.000000	
0.024145	1.021718	0.000000	
0.000000	1.000000	0.000000	
0.000000	1.000000	0.000000	
2.360759	0.229068	0.000000	
1.000000	0.000000	0.000000	
0.334375	1.388007	0.000000	
0.000000	1.000000	0.000000	
3.576057	2.798976	0.000000	
3.286167	0.598845	0.000000	
2.178509	0.590668	0.000000	
0.000000	0.000000	0.000000	
0.000000	1.000000	0.000000	
0.007878	0.938875	0.000000	
3.576057	2.798976	0.000000	
0.000000	1.000000	0.000000	
1.000000	0.000000	0.000000	
0.000000	1.000000	0.000000	
1.212298	0.011846	0.000000	
0.047014	1.086168	0.000000	
0.000000	1.000000	0.000000	
0.000000	0.000000	0.000000	
1.212298	0.011846	0.000000	
1.000000	0.000000	0.000000	
1.278897	0.011638	0.000000	
0.012636	0.993171	0.000000	
1.629645	0.119356	0.000000	
0.000000	1.000000	0.000000	
0.000000	1.000000	0.000000	
1.000000	0.000000	0.000000	
0.000000	1.000000	0.000000	
0.284000	1.449095	0.000000	
0.000000	0.000000	0.000000	
2.552050	0.407094	0.000000	
0.000000	1.000000	0.000000	
0.207188	1.544627	0.000000	
0.349227	1.995470	0.000000	
1.244056	0.030483	0.000000	
0.000000	1.000000	0.000000	
0.032988	1.164075	0.000000	
0.000000	1.000000	0.000000	
0.088847	1.148509	0.000000	
1.545188	0.086319	0.000000	
0.000067	0.993317	0.000000	
0.000000	0.000000	0.000000	
1.257768	0.027107	0.000000	
0.000000	0.000000	0.000000	
0.000000	0.000000	0.000000	
0.000000	0.000000	0.000000	
0.000000	0.000000	0.000000	
0.000000	0.000000	0.000000	
0.000000	0.000000	0.000000	
0.000000	0.000000	0.000000	
0.000000	0.000000	0.000000	
0.000000	0.000000	0.000000	
0.000000	0.000000	0.000000	
