1.000000	0.000000	0.000000	
1.000000	0.000000	0.000000	
1.000740	0.074116	0.000000	
1.000740	0.074116	0.000000	
1.153664	0.312675	0.000000	
1.153664	0.312675	0.000000	
0.658114	0.391705	0.000000	
0.658144	0.391722	0.000000	
0.465700	0.570655	0.000000	
0.465700	0.570655	0.000000	
0.422991	0.671712	0.000000	
0.422991	0.671712	0.000000	
0.251783	1.045162	0.000000	
0.251783	1.045162	0.000000	
0.063738	0.886686	0.000000	
0.063738	0.886686	0.000000	
0.000000	1.000000	0.000000	
0.000000	1.000000	0.000000	
0.422991	0.671712	0.000000	
0.793942	1.495142	0.000000	
1.472969	0.882672	0.000000	
0.000000	1.000000	0.000000	
0.004105	0.943307	0.000000	
0.003839	0.946147	0.000000	
0.000000	0.999951	0.000000	
0.000000	1.000000	0.000000	
0.255575	1.060902	0.000000	
0.063738	0.886686	0.000000	
2.100742	2.213986	0.000000	
0.845126	1.491532	0.000000	
0.000000	0.000000	0.000000	
0.000000	0.000000	0.000000	
0.002968	0.950837	0.000000	
1.335876	0.354916	0.000000	
1.011992	0.004065	0.000000	
0.072020	0.954312	0.000000	
1.167660	0.323025	0.000000	
0.063738	0.886686	0.000000	
0.000000	0.000000	0.000000	
1.000740	0.074116	0.000000	
1.335876	0.354916	0.000000	
0.000000	1.000000	0.000000	
0.002968	0.950837	0.000000	
0.000000	1.000000	0.000000	
0.000000	1.000000	0.000000	
1.000582	0.000123	0.000000	
0.000000	1.000000	0.000000	
0.001402	0.964055	0.000000	
1.000000	0.000000	0.000000	
0.503045	0.616416	0.000000	
0.920147	1.122952	0.000000	
0.006655	0.935911	0.000000	
0.000000	1.000000	0.000000	
0.000097	0.990217	0.000000	
1.021611	0.003552	0.000000	
0.063738	0.886686	0.000000	
0.000000	1.000000	0.000000	
1.901085	0.505396	0.000000	
1.108829	0.667159	0.000000	
0.465700	0.570655	0.000000	
1.011992	0.004065	0.000000	
0.312320	1.302070	0.000000	
1.000000	0.000000	0.000000	
0.251783	1.045162	0.000000	
0.000595	0.976916	0.000000	
0.000000	1.000000	0.000000	
0.312320	1.302070	0.000000	
1.021829	0.001421	0.000000	
0.658144	0.391722	0.000000	
1.153664	0.312675	0.000000	
0.000000	1.000000	0.000000	
0.658114	0.391705	0.000000	
1.000740	0.074116	0.000000	
0.294159	1.482043	0.000000	
0.251783	1.045162	0.000000	
0.000000	0.000000	0.000000	
0.000000	1.000000	0.000000	
1.000740	0.074116	0.000000	
0.000000	0.000000	0.000000	
0.281947	1.183253	0.000000	
0.914520	1.016820	0.000000	
0.000000	1.000000	0.000000	
0.503045	0.616416	0.000000	
0.000000	1.000000	0.000000	
0.000000	1.000000	0.000000	
0.000005	0.997792	0.000000	
0.000000	1.000000	0.000000	
0.000000	0.000000	0.000000	
0.009261	0.924720	0.000000	
0.003917	0.944889	0.000000	
0.000000	0.000000	0.000000	
0.000000	0.000000	0.000000	
0.000000	0.000000	0.000000	
0.000000	0.000000	0.000000	
0.000000	0.000000	0.000000	
0.000000	0.000000	0.000000	
0.000000	0.000000	0.000000	
0.000000	0.000000	0.000000	
0.000000	0.000000	0.000000	
0.000000	0.000000	0.000000	
