1.000000	0.000000	0.000000	
1.000000	0.000000	0.000000	
1.077966	0.081110	0.000000	
1.077966	0.081110	0.000000	
1.504708	0.407977	0.000000	
1.504708	0.407977	0.000000	
1.017893	0.610469	0.000000	
1.017893	0.610469	0.000000	
0.573582	0.713206	0.000000	
0.573582	0.713206	0.000000	
0.597891	0.949454	0.000000	
0.597891	0.949454	0.000000	
0.285041	1.183219	0.000000	
0.285041	1.183219	0.000000	
0.067716	0.942034	0.000000	
0.067716	0.942034	0.000000	
0.000000	1.000000	0.000000	
0.000000	1.000000	0.000000	
1.649347	0.114396	0.000000	
0.000000	1.000000	0.000000	
3.860032	0.949285	0.000000	
0.000000	1.000000	0.000000	
0.000000	1.000000	0.000000	
0.011826	0.954517	0.000000	
1.126898	0.023394	0.000000	
0.285041	1.183219	0.000000	
1.904980	0.206461	0.000000	
0.000000	1.000000	0.000000	
0.101355	1.223538	0.000000	
0.000000	0.000000	0.000000	
0.000000	0.000000	0.000000	
0.000000	0.000000	0.000000	
0.157556	1.434623	0.000000	
0.075205	1.109573	0.000000	
1.752440	0.475146	0.000000	
0.000000	1.000000	0.000000	
0.067716	0.942034	0.000000	
0.072079	1.002722	0.000000	
0.777537	1.359576	0.000000	
0.167710	1.465871	0.000000	
3.860032	0.949285	0.000000	
0.067716	0.942034	0.000000	
0.597891	0.949454	0.000000	
1.000000	0.000000	0.000000	
1.000000	0.000000	0.000000	
0.000000	1.000000	0.000000	
0.000000	1.000000	0.000000	
0.000000	1.000000	0.000000	
0.398718	2.039237	0.000000	
1.000000	0.000000	0.000000	
3.227352	3.001748	0.000000	
2.377496	0.369313	0.000000	
0.000000	1.000000	0.000000	
1.446811	0.064275	0.000000	
0.002723	0.962790	0.000000	
1.077966	0.081110	0.000000	
0.164372	1.486153	0.000000	
0.084968	1.274912	0.000000	
0.285041	1.183219	0.000000	
0.000000	1.000000	0.000000	
0.027224	0.977224	0.000000	
0.000000	0.000000	0.000000	
1.000000	0.000000	0.000000	
3.227352	3.001748	0.000000	
0.000000	0.000000	0.000000	
0.000000	0.000000	0.000000	
0.000000	1.000000	0.000000	
0.101355	1.223538	0.000000	
1.000000	0.000000	0.000000	
0.597891	0.949454	0.000000	
0.024052	1.022509	0.000000	
1.250472	1.612325	0.000000	
2.563228	0.798600	0.000000	
1.649347	0.114396	0.000000	
1.017893	0.610469	0.000000	
0.072079	1.002722	0.000000	
0.197085	1.651554	0.000000	
0.000000	0.000000	0.000000	
0.001439	0.972807	0.000000	
0.157556	1.434623	0.000000	
0.093576	1.334376	0.000000	
4.234687	0.806308	0.000000	
0.073320	1.138256	0.000000	
0.000000	1.000000	0.000000	
0.573582	0.713206	0.000000	
0.026147	0.989666	0.000000	
1.368145	0.107635	0.000000	
2.377496	0.369313	0.000000	
1.017893	0.610469	0.000000	
1.000000	0.000000	0.000000	
0.000000	0.000000	0.000000	
0.000000	0.000000	0.000000	
0.000000	0.000000	0.000000	
0.000000	0.000000	0.000000	
0.000000	0.000000	0.000000	
0.000000	0.000000	0.000000	
0.000000	0.000000	0.000000	
0.000000	0.000000	0.000000	
0.000000	0.000000	0.000000	
0.000000	0.000000	0.000000	
