1.000000	0.000000	0.000000	
1.000000	0.000000	0.000000	
1.294072	0.092583	0.000000	
1.314384	0.094037	0.000000	
2.170266	0.588433	0.000000	
2.170266	0.588433	0.000000	
1.988322	1.199172	0.000000	
1.988322	1.199172	0.000000	
0.998618	1.246553	0.000000	
1.007798	1.258012	0.000000	
1.148416	1.673031	0.000000	
0.895125	1.870635	0.000000	
0.326103	1.353668	0.000000	
0.326103	1.353668	0.000000	
0.073837	1.021989	0.000000	
0.073837	1.021989	0.000000	
0.000000	1.000000	0.000000	
0.000000	1.000000	0.000000	
0.000000	1.000000	0.000000	
0.000000	1.000000	0.000000	
0.000000	0.000000	0.000000	
1.317624	0.094268	0.000000	
1.000000	0.000000	0.000000	
1.000000	0.000000	0.000000	
1.166022	0.032024	0.000000	
0.073837	1.021989	0.000000	
2.245532	0.608840	0.000000	
0.365806	1.929493	0.000000	
0.000000	0.000000	0.000000	
1.730573	0.046950	0.000000	
0.000000	0.000000	0.000000	
0.000000	0.000000	0.000000	
3.527671	0.953852	0.000000	
1.000000	0.000000	0.000000	
0.014080	0.943973	0.000000	
3.527671	0.953852	0.000000	
0.000000	1.000000	0.000000	
1.988322	1.199172	0.000000	
0.000000	1.000000	0.000000	
1.317624	0.094268	0.000000	
0.000000	1.000000	0.000000	
0.000000	1.000000	0.000000	
2.065648	2.464169	0.000000	
0.000000	1.000000	0.000000	
1.988322	1.199172	0.000000	
0.000000	1.000000	0.000000	
2.031639	0.167247	0.000000	
0.000000	1.000000	0.000000	
3.149758	0.628242	0.000000	
0.365806	1.929493	0.000000	
1.109570	0.005489	0.000000	
0.073837	1.021989	0.000000	
0.000000	1.000000	0.000000	
0.000000	1.000000	0.000000	
1.111999	2.695713	0.000000	
0.597529	2.326085	0.000000	
0.045733	1.027108	0.000000	
0.000000	1.000000	0.000000	
0.000000	0.000000	0.000000	
0.000000	1.000000	0.000000	
0.021601	0.978150	0.000000	
1.109570	0.005489	0.000000	
0.000000	1.000000	0.000000	
0.000000	0.000000	0.000000	
1.282496	0.037291	0.000000	
0.065848	1.105610	0.000000	
0.000000	1.000000	0.000000	
0.018987	0.969940	0.000000	
1.761784	1.822682	0.000000	
0.000000	0.000000	0.000000	
0.000000	1.000000	0.000000	
0.000000	1.000000	0.000000	
0.000000	1.000000	0.000000	
0.000000	1.000000	0.000000	
0.050119	1.121024	0.000000	
0.000000	1.000000	0.000000	
4.686909	1.107997	0.000000	
0.000000	1.000000	0.000000	
0.000000	1.000000	0.000000	
0.019557	0.957500	0.000000	
0.000000	1.000000	0.000000	
0.019499	1.090249	0.000000	
2.245532	0.608840	0.000000	
0.004662	0.950749	0.000000	
0.000000	1.000000	0.000000	
0.000000	1.000000	0.000000	
1.988322	1.199172	0.000000	
0.000000	0.000000	0.000000	
1.317624	0.094268	0.000000	
2.401553	3.245999	0.000000	
0.000000	0.000000	0.000000	
0.000000	0.000000	0.000000	
0.000000	0.000000	0.000000	
0.000000	0.000000	0.000000	
0.000000	0.000000	0.000000	
0.000000	0.000000	0.000000	
0.000000	0.000000	0.000000	
0.000000	0.000000	0.000000	
0.000000	0.000000	0.000000	
0.000000	0.000000	0.000000	
