1.000000	0.000000	0.000000	
1.000000	0.000000	0.000000	
1.294072	0.092583	0.000000	
1.294072	0.092583	0.000000	
1.967305	0.533403	0.000000	
1.967305	0.533403	0.000000	
1.688504	1.018349	0.000000	
1.688504	1.018349	0.000000	
0.998618	1.246553	0.000000	
0.998618	1.246553	0.000000	
0.871978	1.822262	0.000000	
0.871978	1.822262	0.000000	
0.301381	1.251048	0.000000	
0.301381	1.251048	0.000000	
0.073167	1.017864	0.000000	
0.073167	1.017864	0.000000	
0.000000	1.000000	0.000000	
0.000000	1.000000	0.000000	
0.000000	1.000000	0.000000	
0.000000	1.000000	0.000000	
0.000000	0.000000	0.000000	
0.000000	0.000000	0.000000	
0.000000	1.000000	0.000000	
0.000000	1.000000	0.000000	
0.736117	2.152548	0.000000	
0.871978	1.822262	0.000000	
0.000000	1.000000	0.000000	
0.301381	1.251048	0.000000	
0.000000	1.000000	0.000000	
0.000000	1.000000	0.000000	
0.000000	0.000000	0.000000	
0.000000	0.000000	0.000000	
0.000000	1.000000	0.000000	
1.000000	0.000000	0.000000	
2.375268	0.383545	0.000000	
0.000000	1.000000	0.000000	
1.476684	1.816111	0.000000	
0.000000	1.000000	0.000000	
1.409893	0.100870	0.000000	
0.000000	0.000000	0.000000	
0.000000	0.000000	0.000000	
0.000000	1.000000	0.000000	
2.945005	0.606428	0.000000	
0.027392	1.088356	0.000000	
1.828590	2.103197	0.000000	
1.967305	0.533403	0.000000	
2.974122	0.788723	0.000000	
0.060424	1.086406	0.000000	
2.043528	2.773949	0.000000	
3.208008	2.086202	0.000000	
0.572760	2.343940	0.000000	
0.736117	2.152548	0.000000	
2.645336	2.928895	0.000000	
0.000000	1.000000	0.000000	
1.967305	0.533403	0.000000	
0.998618	1.246553	0.000000	
0.000000	1.000000	0.000000	
1.000000	0.000000	0.000000	
0.014751	1.009060	0.000000	
0.000000	1.000000	0.000000	
0.136717	1.429230	0.000000	
1.688504	1.018349	0.000000	
0.000000	0.000000	0.000000	
0.000000	1.000000	0.000000	
0.000000	0.000000	0.000000	
0.000000	0.000000	0.000000	
0.026930	1.070010	0.000000	
1.688504	1.018349	0.000000	
1.000000	0.000000	0.000000	
1.000000	0.000000	0.000000	
0.014897	1.019082	0.000000	
0.057032	1.195285	0.000000	
0.010684	1.053630	0.000000	
0.000000	1.000000	0.000000	
1.000000	0.000000	0.000000	
2.248548	2.755328	0.000000	
0.000000	1.000000	0.000000	
2.974122	0.788723	0.000000	
2.375268	0.383545	0.000000	
0.285941	1.876291	0.000000	
2.452444	0.386120	0.000000	
1.466478	2.431497	0.000000	
1.752859	3.138283	0.000000	
0.998618	1.246553	0.000000	
0.060424	1.086406	0.000000	
0.751658	2.354834	0.000000	
1.000000	0.000000	0.000000	
0.027392	1.088356	0.000000	
1.000000	0.000000	0.000000	
2.375268	0.383545	0.000000	
0.000000	0.000000	0.000000	
0.000000	0.000000	0.000000	
0.000000	0.000000	0.000000	
0.000000	0.000000	0.000000	
0.000000	0.000000	0.000000	
0.000000	0.000000	0.000000	
0.000000	0.000000	0.000000	
0.000000	0.000000	0.000000	
0.000000	0.000000	0.000000	
0.000000	0.000000	0.000000	
