1.000000	0.000000	0.000000	
1.000000	0.000000	0.000000	
1.095099	0.082399	0.000000	
1.108773	0.083428	0.000000	
1.641199	0.444985	0.000000	
1.677409	0.454803	0.000000	
1.121464	0.672584	0.000000	
1.121464	0.672584	0.000000	
0.627341	0.785453	0.000000	
0.627341	0.785453	0.000000	
0.613833	0.974770	0.000000	
0.631744	1.003213	0.000000	
0.285041	1.183219	0.000000	
0.285041	1.183219	0.000000	
0.068871	0.958095	0.000000	
0.068871	0.958095	0.000000	
0.000000	1.000000	0.000000	
0.000000	1.000000	0.000000	
2.176512	0.150446	0.000000	
0.000000	1.000000	0.000000	
3.234561	1.070185	0.000000	
0.000000	1.000000	0.000000	
0.000000	1.000000	0.000000	
1.089984	0.019334	0.000000	
0.137329	1.465175	0.000000	
0.000000	0.000000	0.000000	
0.001945	0.967851	0.000000	
0.000000	1.000000	0.000000	
0.000000	1.000000	0.000000	
0.627341	0.785453	0.000000	
0.000000	0.000000	0.000000	
0.000000	0.000000	0.000000	
0.000000	1.000000	0.000000	
0.000000	1.000000	0.000000	
0.000000	0.000000	0.000000	
0.584591	2.154224	0.000000	
0.125464	1.381080	0.000000	
0.000000	1.000000	0.000000	
1.718965	1.918959	0.000000	
0.584591	2.154224	0.000000	
1.994572	0.284069	0.000000	
0.589390	2.008337	0.000000	
1.530363	0.136205	0.000000	
0.000000	1.000000	0.000000	
1.748366	2.024823	0.000000	
0.002135	0.965222	0.000000	
0.285041	1.183219	0.000000	
0.000000	1.000000	0.000000	
1.089984	0.019334	0.000000	
0.000726	0.977485	0.000000	
0.000000	1.000000	0.000000	
0.137329	1.465175	0.000000	
0.000000	1.000000	0.000000	
0.000000	0.000000	0.000000	
0.067917	1.166974	0.000000	
2.671534	1.895999	0.000000	
0.000000	1.000000	0.000000	
1.812767	1.066047	0.000000	
0.000000	1.000000	0.000000	
0.000000	1.000000	0.000000	
1.000000	0.000000	0.000000	
0.000000	1.000000	0.000000	
1.409702	1.550708	0.000000	
0.067917	1.166974	0.000000	
0.000000	1.000000	0.000000	
0.000244	0.986081	0.000000	
2.739670	0.959482	0.000000	
1.918536	0.074362	0.000000	
1.610235	0.044970	0.000000	
0.000000	0.000000	0.000000	
3.676072	1.068037	0.000000	
1.409702	1.550708	0.000000	
1.677409	0.454803	0.000000	
1.358655	0.039472	0.000000	
1.561264	1.808135	0.000000	
0.007243	0.940757	0.000000	
1.812767	1.066047	0.000000	
1.530363	0.136205	0.000000	
1.000000	0.000000	0.000000	
0.000000	1.000000	0.000000	
0.000000	0.000000	0.000000	
0.613833	0.974770	0.000000	
1.320511	0.790408	0.000000	
0.000603	0.981482	0.000000	
0.017219	0.976454	0.000000	
1.195608	2.002398	0.000000	
0.000000	1.000000	0.000000	
2.400293	0.103797	0.000000	
0.000000	1.000000	0.000000	
0.048670	1.045197	0.000000	
0.000000	0.000000	0.000000	
0.000000	0.000000	0.000000	
0.000000	0.000000	0.000000	
0.000000	0.000000	0.000000	
0.000000	0.000000	0.000000	
0.000000	0.000000	0.000000	
0.000000	0.000000	0.000000	
0.000000	0.000000	0.000000	
0.000000	0.000000	0.000000	
0.000000	0.000000	0.000000	
