1.000000	0.000000	0.000000	
1.000000	0.000000	0.000000	
1.189493	0.089502	0.000000	
1.189493	0.089502	0.000000	
1.768731	0.479563	0.000000	
1.768731	0.479563	0.000000	
1.323203	0.793505	0.000000	
1.323203	0.793505	0.000000	
0.788785	0.987588	0.000000	
0.788785	0.987588	0.000000	
0.771094	1.224501	0.000000	
0.771094	1.224501	0.000000	
0.291483	1.209959	0.000000	
0.291483	1.209959	0.000000	
0.069161	0.962128	0.000000	
0.069161	0.962128	0.000000	
0.000000	1.000000	0.000000	
0.000000	1.000000	0.000000	
0.300948	1.814271	0.000000	
2.997429	0.189414	0.000000	
0.000000	0.000000	0.000000	
1.025777	0.001809	0.000000	
0.000000	1.000000	0.000000	
0.000000	1.000000	0.000000	
2.106997	2.471615	0.000000	
0.000000	0.000000	0.000000	
1.000000	0.000000	0.000000	
1.045307	0.008783	0.000000	
0.069161	0.962128	0.000000	
1.768731	0.479563	0.000000	
0.000000	0.000000	0.000000	
0.000000	0.000000	0.000000	
0.000000	1.000000	0.000000	
0.213079	1.966869	0.000000	
1.382482	0.062139	0.000000	
1.189493	0.089502	0.000000	
1.332102	2.014223	0.000000	
0.023571	0.996393	0.000000	
1.000000	0.000000	0.000000	
0.009374	0.978748	0.000000	
2.997429	0.189414	0.000000	
0.000000	1.000000	0.000000	
2.106997	2.471615	0.000000	
0.026573	1.062829	0.000000	
0.000000	1.000000	0.000000	
1.045307	0.008783	0.000000	
3.193432	2.309870	0.000000	
0.000000	1.000000	0.000000	
0.000000	1.000000	0.000000	
0.805374	2.539791	0.000000	
0.000000	0.000000	0.000000	
1.326982	1.800278	0.000000	
0.000000	1.000000	0.000000	
0.036045	1.026134	0.000000	
0.027635	0.992962	0.000000	
0.000000	1.000000	0.000000	
2.216614	2.736021	0.000000	
2.216614	2.736021	0.000000	
0.069161	0.962128	0.000000	
0.000000	1.000000	0.000000	
0.000000	1.000000	0.000000	
0.000000	1.000000	0.000000	
0.000000	0.000000	0.000000	
0.883134	1.105716	0.000000	
0.000000	1.000000	0.000000	
0.524596	2.251282	0.000000	
0.201234	1.813994	0.000000	
0.352199	2.061700	0.000000	
1.189493	0.089502	0.000000	
0.334534	1.813049	0.000000	
1.768731	0.479563	0.000000	
1.323203	0.793505	0.000000	
0.023896	0.999631	0.000000	
1.000000	0.000000	0.000000	
2.106997	2.471615	0.000000	
1.000000	0.000000	0.000000	
1.382482	0.062139	0.000000	
0.075431	1.077333	0.000000	
0.771094	1.224501	0.000000	
0.034820	1.033781	0.000000	
0.000000	1.000000	0.000000	
3.797153	2.086432	0.000000	
4.159903	2.231198	0.000000	
3.076570	0.269210	0.000000	
0.000000	1.000000	0.000000	
1.266943	0.083705	0.000000	
0.001481	0.969685	0.000000	
4.159903	2.231198	0.000000	
2.106997	2.471615	0.000000	
0.298674	1.239808	0.000000	
0.000000	0.000000	0.000000	
0.000000	0.000000	0.000000	
0.000000	0.000000	0.000000	
0.000000	0.000000	0.000000	
0.000000	0.000000	0.000000	
0.000000	0.000000	0.000000	
0.000000	0.000000	0.000000	
0.000000	0.000000	0.000000	
0.000000	0.000000	0.000000	
0.000000	0.000000	0.000000	
