1.000000	0.000000	0.000000	
1.000000	0.000000	0.000000	
1.294072	0.092583	0.000000	
1.294072	0.092583	0.000000	
1.987317	0.538829	0.000000	
1.987317	0.538829	0.000000	
1.689329	1.018847	0.000000	
1.689329	1.018847	0.000000	
0.998618	1.246553	0.000000	
0.998618	1.246553	0.000000	
0.871978	1.822262	0.000000	
0.871978	1.822262	0.000000	
0.301381	1.251048	0.000000	
0.301381	1.251048	0.000000	
0.073167	1.017864	0.000000	
0.073167	1.017864	0.000000	
0.000000	1.000000	0.000000	
0.000000	1.000000	0.000000	
0.000000	1.000000	0.000000	
0.000000	0.000000	0.000000	
0.000000	1.000000	0.000000	
1.046853	0.002230	0.000000	
0.000000	1.000000	0.000000	
0.009115	1.013901	0.000000	
0.048276	1.077311	0.000000	
0.000000	1.000000	0.000000	
2.365777	0.641443	0.000000	
1.666883	2.644079	0.000000	
0.000000	1.000000	0.000000	
0.000000	1.000000	0.000000	
0.000000	0.000000	0.000000	
0.000000	0.000000	0.000000	
2.365777	0.641443	0.000000	
0.073167	1.017864	0.000000	
0.301381	1.251048	0.000000	
1.000000	0.000000	0.000000	
1.188065	2.689575	0.000000	
0.233231	1.490289	0.000000	
0.000000	1.000000	0.000000	
0.000000	1.000000	0.000000	
0.000000	0.000000	0.000000	
0.003092	0.980904	0.000000	
1.157307	2.961100	0.000000	
1.000000	0.000000	0.000000	
0.000000	0.000000	0.000000	
1.000000	0.000000	0.000000	
0.000000	1.000000	0.000000	
1.434257	2.671005	0.000000	
0.000000	0.000000	0.000000	
0.000000	1.000000	0.000000	
0.000000	1.000000	0.000000	
0.009799	0.957718	0.000000	
0.000000	1.000000	0.000000	
1.319483	0.094401	0.000000	
1.000000	0.000000	0.000000	
0.000000	1.000000	0.000000	
0.032893	1.031839	0.000000	
0.000000	0.000000	0.000000	
0.000000	1.000000	0.000000	
0.000000	1.000000	0.000000	
0.000000	1.000000	0.000000	
1.459061	2.794530	0.000000	
2.165595	0.587166	0.000000	
1.965216	0.103663	0.000000	
0.000000	1.000000	0.000000	
0.008494	0.972219	0.000000	
1.294072	0.092583	0.000000	
0.007543	0.943523	0.000000	
1.188065	2.689575	0.000000	
0.073167	1.017864	0.000000	
0.000000	1.000000	0.000000	
0.000000	1.000000	0.000000	
0.000000	1.000000	0.000000	
0.000000	0.000000	0.000000	
2.928608	0.291497	0.000000	
1.187928	0.012581	0.000000	
1.459061	2.794530	0.000000	
1.000000	0.000000	0.000000	
0.032893	1.031839	0.000000	
0.000000	1.000000	0.000000	
0.002194	0.957311	0.000000	
0.000000	1.000000	0.000000	
3.352754	1.043626	0.000000	
0.235806	1.598341	0.000000	
0.000000	1.000000	0.000000	
1.965216	0.103663	0.000000	
1.000000	0.000000	0.000000	
1.000000	0.000000	0.000000	
0.074038	1.187348	0.000000	
1.000000	0.000000	0.000000	
0.000000	0.000000	0.000000	
0.000000	0.000000	0.000000	
0.000000	0.000000	0.000000	
0.000000	0.000000	0.000000	
0.000000	0.000000	0.000000	
0.000000	0.000000	0.000000	
0.000000	0.000000	0.000000	
0.000000	0.000000	0.000000	
0.000000	0.000000	0.000000	
0.000000	0.000000	0.000000	
