1.119021	0.000000	0.000000	
1.119021	0.000000	0.000000	
1.078118	0.028973	0.000000	
1.077716	0.000976	0.000000	
1.146713	0.013871	0.000000	
1.183569	0.134768	0.000000	
1.183569	0.134768	0.000000	
1.213458	0.182611	0.000000	
1.064554	0.293015	0.000000	
1.064554	0.293015	0.000000	
1.311291	0.000000	0.000000	
1.322970	0.088917	0.000000	
1.314240	0.000000	0.000000	
1.314240	0.000000	0.000000	
1.356236	0.422683	0.000000	
1.272262	0.718506	0.000000	
1.272262	0.718506	0.000000	
1.253962	0.566675	0.000000	
1.195638	0.906186	0.000000	
1.195638	0.906186	0.000000	
1.014542	0.970758	0.000000	
0.807318	1.061345	0.000000	
0.927109	1.054486	0.000000	
0.927109	1.054486	0.000000	
0.746211	1.083276	0.000000	
0.073032	1.116967	0.000000	
0.000000	1.135348	0.000000	
0.073032	1.116967	0.000000	
0.201374	1.264508	0.000000	
0.000000	1.266090	0.000000	
0.000000	1.266090	0.000000	
0.000000	1.324542	0.000000	
0.000000	1.324542	0.000000	
0.000000	1.286378	0.000000	
0.046572	1.265547	0.000000	
0.000000	1.286378	0.000000	
0.052735	1.421857	0.000000	
0.117534	1.451315	0.000000	
0.080281	1.179027	0.000000	
0.126486	1.233364	0.000000	
0.062432	1.191608	0.000000	
0.030267	1.183962	0.000000	
0.000000	1.605106	0.000000	
0.000000	1.605106	0.000000	
1.139424	0.000000	0.000000	
1.047168	0.014277	0.002119	
1.047168	0.014277	0.002119	
1.146713	0.013871	0.000000	
1.211445	0.025585	0.007281	
1.278509	0.058100	0.009977	
1.278509	0.058100	0.009977	
1.192154	0.000000	0.003438	
1.134668	0.000000	0.000000	
1.134147	0.000000	0.000000	
1.229833	0.092920	0.015673	
1.139582	0.119885	0.006065	
1.283397	0.363274	0.034845	
1.283397	0.363274	0.034845	
1.149421	0.000000	0.022678	
1.173908	0.000000	0.013005	
1.146151	0.091708	0.024346	
1.181608	0.578572	0.002392	
1.257732	0.539922	0.001025	
1.242412	0.648697	0.053151	
0.473699	1.055058	0.039888	
1.048629	0.868447	0.000000	
0.624342	0.918757	0.027332	
0.681890	0.961010	0.000000	
0.832077	1.078324	0.000000	
0.406097	1.055798	0.028320	
0.439176	0.995544	0.038952	
0.105821	1.215230	0.043667	
0.031889	1.170773	0.000551	
0.156162	1.341481	0.036020	
0.179218	1.348037	0.015184	
0.000000	1.339180	0.000000	
0.183966	1.383752	0.015586	
0.046572	1.265547	0.000000	
0.256538	1.239084	0.014781	
0.183966	1.383752	0.015586	
0.113566	1.338031	0.033298	
0.071737	1.233433	0.028284	
0.080281	1.179027	0.000000	
0.037818	1.185110	0.027144	
0.043693	1.297248	0.000646	
0.030267	1.183962	0.000000	
0.000000	1.714118	0.000000	
1.172819	0.000000	0.000000	
1.077716	0.000976	0.000000	
1.133953	0.044344	0.050121	
1.157728	0.034124	0.000000	
1.206400	0.034927	0.065141	
1.176591	0.000000	0.065579	
1.176591	0.000000	0.065579	
1.134147	0.000000	0.000000	
1.076958	0.000000	0.000000	
1.214899	0.000000	0.000000	
1.254733	0.286573	0.054740	
1.122294	0.091032	0.015668	
1.153551	0.000000	0.046820	
1.153551	0.000000	0.046820	
1.146151	0.091708	0.024346	
1.108182	0.220331	0.080613	
1.023717	0.603270	0.069191	
1.201186	0.263657	0.025764	
1.060997	0.580271	0.076194	
1.152331	0.320661	0.056494	
0.996111	0.716576	0.041085	
0.867391	1.089243	0.000000	
0.624342	0.918757	0.027332	
0.681890	0.961010	0.000000	
0.788865	1.020685	0.060733	
0.406097	1.055798	0.028320	
0.439176	0.995544	0.038952	
0.031889	1.170773	0.000551	
0.534865	1.228588	0.031229	
0.089691	1.469278	0.000000	
0.000000	1.265011	0.000000	
0.000000	1.310334	0.042267	
0.000000	1.310334	0.042267	
0.256538	1.239084	0.014781	
0.146904	1.168552	0.061921	
0.126012	1.114114	0.058948	
0.146904	1.168552	0.061921	
0.126486	1.233364	0.000000	
0.037818	1.185110	0.027144	
0.026412	1.225558	0.001770	
0.009724	1.269706	0.031472	
0.000000	1.547099	0.043093	
1.178366	0.000000	0.000000	
1.120953	0.018314	0.000000	
1.102612	0.025533	0.001116	
1.144580	0.000060	0.016119	
1.149516	0.030193	0.021247	
1.157665	0.012374	0.057875	
1.180901	0.041292	0.000000	
1.069897	0.038115	0.015719	
1.214899	0.000000	0.000000	
1.226504	0.000000	0.112213	
1.122294	0.091032	0.015668	
1.226504	0.000000	0.112213	
1.320969	0.245343	0.097256	
1.108182	0.220331	0.080613	
1.180071	0.633361	0.020831	
1.023717	0.603270	0.069191	
1.201186	0.263657	0.025764	
1.152331	0.320661	0.056494	
1.060997	0.580271	0.076194	
1.089130	0.935395	0.050828	
1.019719	0.573236	0.000000	
0.890763	0.803758	0.043497	
0.792054	1.042594	0.116552	
0.792054	1.042594	0.116552	
0.520673	1.161862	0.127629	
0.549138	1.068442	0.100453	
0.549138	1.068442	0.100453	
0.381908	1.222807	0.005920	
0.534865	1.228588	0.031229	
0.526950	1.196969	0.000000	
0.000000	1.265011	0.000000	
0.088130	1.181061	0.080496	
0.276162	1.184668	0.000000	
0.156943	1.226926	0.088386	
0.117010	1.160477	0.022762	
0.055735	1.119831	0.043778	
0.132948	1.249010	0.000000	
0.043693	1.297248	0.000646	
0.027809	1.290371	0.025867	
0.009724	1.269706	0.031472	
0.000000	1.778191	0.000000	
1.178366	0.000000	0.000000	
1.102612	0.025533	0.001116	
1.148088	0.004676	0.009871	
1.144580	0.000060	0.016119	
1.215882	0.005058	0.058471	
1.312746	0.000000	0.000000	
1.069897	0.038115	0.015719	
1.271257	0.009696	0.025078	
1.092614	0.211040	0.082735	
1.239151	0.366021	0.073966	
1.253962	0.276411	0.117774	
1.047335	0.245400	0.095189	
1.280948	0.266848	0.178519	
1.136319	0.000000	0.189032	
1.203784	0.306324	0.190812	
1.090074	0.560819	0.109846	
1.134136	0.227707	0.002333	
1.134136	0.227707	0.002333	
1.052767	0.504194	0.000000	
1.019719	0.573236	0.000000	
1.017150	1.066631	0.188391	
0.890763	0.803758	0.043497	
0.680869	1.053055	0.160251	
0.716341	1.059088	0.151629	
0.680869	1.053055	0.160251	
0.226531	1.084051	0.003905	
0.520673	1.161862	0.127629	
0.522168	1.212045	0.013987	
0.454224	1.203613	0.091794	
0.356937	1.076484	0.000000	
0.088130	1.181061	0.080496	
0.276162	1.184668	0.000000	
0.156943	1.226926	0.088386	
0.020262	1.167502	0.000000	
0.117010	1.160477	0.022762	
0.126012	1.114114	0.058948	
0.000000	1.298447	0.118925	
0.000000	1.256259	0.116346	
0.000000	1.256259	0.116346	
0.000000	1.714118	0.000000	
1.180659	0.000000	0.056800	
1.088011	0.004431	0.007111	
1.088011	0.004431	0.007111	
1.157665	0.012374	0.057875	
1.330722	0.000000	0.169739	
1.328636	0.012968	0.017900	
1.213719	0.129757	0.155450	
1.092614	0.211040	0.082735	
1.154115	0.292221	0.032937	
1.183022	0.169838	0.193557	
1.047335	0.245400	0.095189	
1.164681	0.000000	0.217099	
1.164681	0.000000	0.217099	
1.136319	0.000000	0.189032	
1.112911	0.244771	0.175532	
1.090074	0.560819	0.109846	
1.020942	0.637185	0.017712	
0.587008	0.816053	0.249991	
0.779386	0.814020	0.172843	
0.587008	0.816053	0.249991	
0.779386	0.814020	0.172843	
0.799710	0.728481	0.000000	
0.576051	1.030378	0.042793	
0.576051	1.030378	0.042793	
0.614833	1.063187	0.125303	
0.499039	1.067868	0.193854	
0.020760	1.084790	0.222935	
0.020760	1.084790	0.222935	
0.356937	1.076484	0.000000	
0.378260	1.112892	0.034559	
0.000000	1.163541	0.107746	
0.000000	1.140888	0.151820	
0.002504	1.223702	0.055222	
0.020262	1.167502	0.000000	
0.031366	1.275476	0.172833	
0.055735	1.119831	0.043778	
0.005053	1.119458	0.153280	
0.000257	1.268982	0.114517	
0.000000	1.302501	0.188331	
1.318965	0.000000	0.064682	
1.148088	0.004676	0.009871	
1.244291	0.018305	0.068645	
1.220767	0.000000	0.230638	
1.284184	0.016668	0.041213	
1.274484	0.170719	0.046371	
1.087881	0.193401	0.079962	
1.154115	0.292221	0.032937	
1.153298	0.095206	0.196733	
1.146962	0.000000	0.139853	
1.165885	0.317409	0.222573	
1.127252	0.220176	0.267740	
0.951240	0.483211	0.188074	
1.088026	0.433842	0.182945	
1.158851	0.122769	0.187233	
1.020942	0.637185	0.017712	
1.076553	0.561091	0.061673	
1.014242	0.860857	0.003633	
0.904154	0.641499	0.000000	
0.670097	0.982910	0.000000	
0.799710	0.728481	0.000000	
0.742087	0.824298	0.000146	
0.625961	1.016269	0.050328	
0.624748	0.947751	0.184850	
0.542359	0.944441	0.140884	
0.000000	1.053685	0.239940	
0.140762	1.051286	0.235477	
0.000000	1.053685	0.239940	
0.099227	1.047463	0.096995	
0.080898	1.080363	0.103919	
0.032723	1.003569	0.131167	
0.000000	1.140888	0.151820	
0.000000	1.273156	0.177010	
0.000000	1.294249	0.221025	
0.000000	1.294249	0.221025	
0.005182	1.051116	0.200273	
0.005053	1.119458	0.153280	
0.000000	1.302501	0.188331	
1.304352	0.000000	0.150368	
1.171346	0.004525	0.049706	
1.317204	0.063480	0.141163	
1.299382	0.110923	0.209745	
1.284184	0.016668	0.041213	
1.041280	0.070220	0.111192	
1.039885	0.008991	0.082825	
1.216449	0.055277	0.146984	
1.146962	0.000000	0.139853	
0.987061	0.423944	0.324754	
1.018746	0.209917	0.256076	
1.088026	0.433842	0.182945	
0.951240	0.483211	0.188074	
0.957913	0.334624	0.031220	
0.969605	0.250127	0.343355	
1.007200	0.695518	0.303821	
0.969605	0.250127	0.343355	
1.017512	0.299748	0.333209	
0.515775	1.046841	0.000000	
0.655487	0.941029	0.069330	
0.752799	0.959533	0.000000	
0.655487	0.941029	0.069330	
0.542359	0.944441	0.140884	
0.498348	0.976242	0.230823	
0.356057	1.062435	0.299820	
0.099465	1.025533	0.267159	
0.065287	1.015501	0.183000	
0.140762	1.051286	0.235477	
0.099227	1.047463	0.096995	
0.080898	1.080363	0.103919	
0.032723	1.003569	0.131167	
0.002504	1.223702	0.055222	
0.000000	1.214692	0.252800	
0.009548	1.078866	0.147929	
0.000000	1.214692	0.252800	
0.005182	1.051116	0.200273	
0.000000	1.326049	0.204998	
1.304352	0.000000	0.150368	
1.171346	0.004525	0.049706	
1.312362	0.006541	0.317144	
1.299382	0.110923	0.209745	
1.041280	0.070220	0.111192	
1.039885	0.008991	0.082825	
1.244799	0.102999	0.222154	
1.153298	0.095206	0.196733	
1.316755	0.158314	0.347555	
1.018746	0.209917	0.256076	
1.064508	0.281398	0.255103	
0.944866	0.424018	0.120550	
0.957913	0.334624	0.031220	
1.034129	0.378442	0.174692	
0.953197	0.571060	0.186549	
0.953197	0.571060	0.186549	
0.801579	0.672193	0.363658	
0.801579	0.672193	0.363658	
0.821729	0.738857	0.368792	
0.723136	0.848249	0.333495	
0.676171	0.854162	0.293441	
0.683526	1.020188	0.000000	
0.514609	0.919708	0.112374	
0.498348	0.976242	0.230823	
0.203194	1.030789	0.257888	
0.099465	1.025533	0.267159	
0.065287	1.015501	0.183000	
0.051958	1.077309	0.094476	
0.132822	1.044623	0.294898	
0.000000	1.331016	0.367169	
0.000000	1.224231	0.224898	
0.000000	1.285658	0.282509	
0.000000	1.285658	0.282509	
0.009548	1.078866	0.147929	
0.009241	1.249709	0.300854	
0.000000	1.494203	0.266477	
1.090458	0.000000	0.358546	
1.312362	0.006541	0.317144	
1.244126	0.059958	0.330817	
1.288859	0.084570	0.000000	
1.242911	0.132596	0.362354	
1.217516	0.131875	0.338367	
1.227970	0.211453	0.088268	
1.201238	0.180042	0.349006	
0.962736	0.281643	0.323385	
0.915548	0.328632	0.277506	
0.954506	0.328790	0.077201	
0.944866	0.424018	0.120550	
0.945965	0.424511	0.120690	
0.851623	0.426541	0.433795	
0.851623	0.426541	0.433795	
0.823240	0.564876	0.433005	
0.823240	0.564876	0.433005	
0.821729	0.738857	0.368792	
0.730292	0.788382	0.229055	
0.685637	0.829692	0.362854	
0.676171	0.854162	0.293441	
0.544569	0.823400	0.281819	
0.514609	0.919708	0.112374	
0.457834	0.921719	0.360287	
0.355199	0.984721	0.330165	
0.275103	0.999808	0.211912	
0.200910	1.046810	0.266348	
0.132822	1.044623	0.294898	
0.269465	1.114823	0.232496	
0.080724	1.364093	0.127862	
0.000000	1.224231	0.224898	
0.059886	1.305149	0.118330	
0.000000	1.215406	0.136659	
0.009241	1.249709	0.300854	
0.000000	1.494203	0.266477	
1.395204	0.000000	0.344088	
1.338986	0.008835	0.353601	
1.253657	0.004047	0.330373	
1.253657	0.004047	0.330373	
1.217516	0.131875	0.338367	
1.157459	0.082317	0.399197	
1.058576	0.110562	0.416647	
1.058576	0.110562	0.416647	
0.915548	0.328632	0.277506	
0.976007	0.359972	0.116156	
0.954506	0.328790	0.077201	
0.945965	0.424511	0.120690	
0.987486	0.631888	0.522794	
0.987486	0.631888	0.522794	
0.921440	0.826881	0.555835	
0.921440	0.826881	0.555835	
0.801064	0.944848	0.598669	
0.373903	1.003103	0.036691	
0.685637	0.829692	0.362854	
0.730292	0.788382	0.229055	
0.652474	1.014332	0.041579	
0.544569	0.823400	0.281819	
0.171131	1.012578	0.448672	
0.348678	1.027013	0.369708	
0.355199	0.984721	0.330165	
0.200910	1.046810	0.266348	
0.213760	1.035671	0.321628	
0.012720	1.154923	0.055531	
0.178273	1.145863	0.442736	
0.000000	1.258369	0.380279	
0.000000	1.341893	0.309485	
0.000000	1.282880	0.422048	
0.000000	1.324342	0.131483	
0.000000	1.642491	0.247648	
1.438169	0.000000	0.067780	
1.338986	0.008835	0.353601	
1.334866	0.000000	0.381819	
1.225648	0.000000	0.356205	
1.157459	0.082317	0.399197	
1.047644	0.081777	0.496308	
1.047644	0.081777	0.496308	
0.962036	0.311274	0.350190	
0.962036	0.311274	0.350190	
1.133315	0.439647	0.152958	
0.929162	0.484447	0.000000	
0.962061	0.022526	0.565391	
1.062672	0.421747	0.385062	
0.745677	0.689267	0.587709	
0.745677	0.689267	0.587709	
0.822660	0.648418	0.651204	
0.893752	0.000000	0.689257	
0.194792	1.041450	0.563154	
0.486366	1.049103	0.000000	
0.652474	1.014332	0.041579	
0.428798	0.974054	0.505321	
0.470860	1.053422	0.412983	
0.329080	0.994616	0.419081	
0.000000	1.041591	0.228654	
0.000000	1.041591	0.228654	
0.130213	1.069342	0.113689	
0.213760	1.035671	0.321628	
0.121465	1.219271	0.068456	
0.092751	0.963994	0.411473	
0.101344	1.241484	0.358004	
0.004322	1.167998	0.352761	
0.004322	1.167998	0.352761	
0.000000	1.215406	0.136659	
1.238687	0.000000	0.497139	
1.267803	0.004183	0.536825	
1.213084	0.071021	0.352819	
1.213084	0.071021	0.352819	
1.267803	0.004183	0.536825	
1.277418	0.000000	0.606540	
1.201238	0.180042	0.349006	
1.172906	0.314645	0.035323	
1.119168	0.189185	0.304523	
1.130355	0.387638	0.000000	
1.025223	0.473959	0.574460	
0.962061	0.022526	0.565391	
0.985404	0.075184	0.438211	
0.907521	0.546368	0.217023	
0.893752	0.000000	0.689257	
0.732288	0.000000	0.702825	
0.402921	0.983623	0.342940	
0.486366	1.049103	0.000000	
0.348545	0.897450	0.436725	
0.348545	0.897450	0.436725	
0.428798	0.974054	0.505321	
0.506795	0.787564	0.564058	
0.329080	0.994616	0.419081	
0.000000	1.045150	0.287202	
0.051389	1.051609	0.341878	
0.260048	1.081107	0.494193	
0.186652	1.128955	0.526839	
0.145267	1.157127	0.528459	
0.092751	0.963994	0.411473	
0.000948	1.385374	0.552047	
0.000000	1.282880	0.422048	
0.000000	1.542469	0.000000	
1.346155	0.000000	0.568793	
0.928945	0.020951	0.493923	
0.941859	0.004817	0.469208	
0.995340	0.021750	0.555508	
1.021949	0.026411	0.563172	
1.256221	0.081745	0.615323	
0.933939	0.178617	0.654201	
1.172906	0.314645	0.035323	
1.137136	0.192223	0.309412	
1.024064	0.194511	0.289722	
0.951920	0.000000	0.596576	
0.907521	0.546368	0.217023	
0.951920	0.000000	0.596576	
0.890842	0.293343	0.790592	
0.732288	0.000000	0.702825	
0.633999	0.020956	0.808537	
0.815671	0.803440	0.283605	
0.605120	0.824228	0.655437	
0.608826	0.829276	0.654804	
0.506795	0.787564	0.564058	
0.214999	1.008457	0.512975	
0.423321	0.927134	0.325941	
0.187548	1.019186	0.163710	
0.187548	1.019186	0.163710	
0.112978	1.045258	0.218993	
0.078072	1.094230	0.087290	
0.000000	1.090677	0.290312	
0.005514	1.161472	0.154765	
0.021650	1.215255	0.191044	
0.044043	1.102243	0.351764	
0.000000	1.372400	0.519080	
0.908917	0.000000	0.691249	
0.941859	0.004817	0.469208	
0.995340	0.021750	0.555508	
1.359807	0.045504	0.759186	
1.146134	0.000000	0.672025	
1.088672	0.046669	0.371715	
1.255552	0.000000	0.000000	
0.819021	0.000000	0.734876	
0.974682	0.353765	0.434242	
0.967813	0.105974	0.431028	
0.926034	0.000000	0.554950	
0.741725	0.542211	0.724904	
0.973488	0.426163	0.565876	
0.878709	0.187778	0.843753	
0.791708	0.870746	0.816140	
0.815671	0.803440	0.283605	
0.566525	0.942094	0.131933	
0.605120	0.824228	0.655437	
0.251834	0.917714	0.758765	
0.476437	0.880577	0.482507	
0.214999	1.008457	0.512975	
0.000000	0.982063	0.625605	
0.000000	1.022562	0.534583	
0.036924	1.076929	0.000000	
0.078072	1.094230	0.087290	
0.031269	1.105594	0.316355	
0.000000	1.090677	0.290312	
0.000000	1.138473	0.272900	
0.021650	1.215255	0.191044	
0.000000	1.104707	0.633111	
1.299450	0.000000	0.333108	
1.107751	0.043637	0.558526	
1.299058	0.000000	0.763638	
1.284157	0.000000	0.686283	
1.046638	0.044867	0.391766	
1.187267	0.169566	0.196068	
0.819021	0.000000	0.734876	
0.930856	0.000000	0.613575	
0.888310	0.000000	0.631903	
0.926034	0.000000	0.554950	
0.909267	0.318649	0.764953	
0.717933	0.498942	0.708792	
0.903409	0.354235	0.832307	
0.751881	0.650131	0.787977	
0.256740	0.576399	0.887870	
0.558262	0.790366	0.593208	
0.651921	0.876566	0.323738	
0.615709	0.962836	0.065554	
0.251834	0.917714	0.758765	
0.000000	0.890885	0.703438	
0.000000	0.878046	0.657386	
0.076294	0.901066	0.598072	
0.045193	0.978793	0.345743	
0.036924	1.076929	0.000000	
0.018528	1.109332	0.616981	
0.027834	1.031321	0.409418	
0.000000	1.138473	0.272900	
0.044043	1.102243	0.351764	
0.000000	1.295618	0.477341	
1.044011	0.000000	0.847440	
0.799706	0.025886	0.763515	
1.207677	0.078264	0.548464	
1.088672	0.046669	0.371715	
1.169677	0.000000	0.565959	
1.187267	0.169566	0.196068	
0.814384	0.180581	0.663972	
0.802033	0.000000	0.666863	
0.930856	0.000000	0.613575	
0.613681	0.026998	0.802118	
0.726404	0.439458	0.748687	
0.875052	0.617751	0.688147	
0.752619	0.690123	0.905634	
0.487852	0.727901	0.923808	
0.487852	0.727901	0.923808	
0.558262	0.790366	0.593208	
0.360175	0.911347	0.496566	
0.263058	0.713736	0.713121	
0.408995	0.581511	0.813210	
0.000000	0.871240	0.669932	
0.000000	0.871240	0.669932	
0.117494	0.854676	0.603206	
0.045193	0.978793	0.345743	
0.079995	1.081168	0.670908	
0.078858	1.154712	0.277934	
0.027834	1.031321	0.409418	
0.043615	1.195154	0.147150	
0.000000	1.295618	0.477341	
1.236518	0.000000	0.849111	
0.799706	0.025886	0.763515	
1.046638	0.044867	0.391766	
1.169677	0.000000	0.565959	
1.066565	0.090121	0.565878	
0.786349	0.174365	0.785806	
0.814384	0.180581	0.663972	
0.809857	0.292949	0.774210	
0.974682	0.353765	0.434242	
0.726404	0.439458	0.748687	
0.717933	0.498942	0.708792	
0.873653	0.540567	0.916089	
0.751881	0.650131	0.787977	
0.591998	0.401033	0.932914	
0.591998	0.401033	0.932914	
0.385604	0.844648	0.730042	
0.409300	0.581943	0.813815	
0.263058	0.713736	0.713121	
0.000000	0.853150	0.717567	
0.012390	0.830692	0.738369	
0.117017	0.851210	0.609016	
0.117017	0.851210	0.609016	
0.103664	0.990374	0.709277	
0.000000	0.994310	0.378234	
0.024132	1.185918	0.391269	
0.021352	0.976598	0.811000	
0.000000	1.306390	0.489614	
1.001053	0.000000	0.838497	
0.748415	0.028163	0.871816	
1.207677	0.078264	0.548464	
0.939776	0.122319	0.723694	
1.070201	0.160663	0.509620	
1.066565	0.090121	0.565878	
0.861591	0.117067	0.610340	
0.809857	0.292949	0.774210	
0.777030	0.386892	0.737691	
0.666166	0.475114	0.798690	
0.638313	0.541558	0.866757	
0.638313	0.541558	0.866757	
0.418431	0.375172	1.023817	
0.076647	0.689491	0.853375	
0.076647	0.689491	0.853375	
0.276576	0.610997	0.995075	
0.408995	0.581511	0.813210	
0.023978	0.613931	0.857431	
0.000000	0.853150	0.717567	
0.012390	0.830692	0.738369	
0.167400	0.837477	0.715301	
0.157424	0.810684	0.826798	
0.103664	0.990374	0.709277	
0.000000	0.994310	0.378234	
0.021352	0.976598	0.811000	
0.000000	1.305272	0.936143	
1.236518	0.000000	0.849111	
1.065699	0.000000	0.602867	
0.952211	0.020607	0.727306	
0.726010	0.007776	0.807125	
0.674751	0.000000	0.902305	
0.975002	0.000000	0.972924	
0.861591	0.117067	0.610340	
0.795038	0.320863	0.933003	
0.777030	0.386892	0.737691	
0.666166	0.475114	0.798690	
0.619933	0.494522	1.050300	
0.384099	0.454834	0.984087	
0.162055	0.580057	0.991983	
0.162055	0.580057	0.991983	
0.494650	0.721454	0.943370	
0.000000	0.750643	1.054357	
0.038355	0.714947	0.962139	
0.023978	0.613931	0.857431	
0.026862	0.677205	0.845945	
0.167400	0.837477	0.715301	
0.157424	0.810684	0.826798	
0.076384	0.855004	0.711810	
0.043296	0.992296	0.936762	
0.004818	1.109640	0.801056	
0.000000	1.259921	0.976144	
0.945002	0.000000	1.022969	
1.007136	0.000000	0.812858	
0.945002	0.000000	1.022969	
0.674751	0.000000	0.902305	
0.595983	0.003192	0.936155	
0.595983	0.003192	0.936155	
0.000000	0.000000	1.087117	
0.000000	0.000000	1.096884	
0.677426	0.351767	0.900701	
0.413991	0.453182	0.997927	
0.619933	0.494522	1.050300	
0.266129	0.505728	0.891634	
0.266129	0.505728	0.891634	
0.362205	0.656698	1.001178	
0.049033	0.453928	0.967781	
0.053378	0.462584	0.964457	
0.038355	0.714947	0.962139	
0.039063	0.559706	0.964692	
0.000000	0.867742	0.894651	
0.000000	0.518752	0.921517	
0.043296	0.992296	0.936762	
0.027726	1.156476	0.254277	
0.004818	1.109640	0.801056	
0.000000	1.259921	0.976144	
1.065699	0.000000	0.602867	
0.968408	0.020747	0.907314	
0.703699	0.000000	0.950825	
0.726010	0.007776	0.807125	
0.901449	0.000000	1.052756	
0.891379	0.000000	0.826044	
0.000000	0.000000	1.087117	
0.677426	0.351767	0.900701	
0.710895	0.365409	0.764976	
0.413991	0.453182	0.997927	
0.527378	0.466072	1.122278	
0.321802	0.481486	1.018091	
0.187697	0.587580	1.047885	
0.250634	0.467576	1.018006	
0.053378	0.462584	0.964457	
0.049033	0.453928	0.967781	
0.039063	0.559706	0.964692	
0.000000	0.828561	0.701046	
0.000000	0.862134	0.669350	
0.094125	0.660349	1.007785	
0.076384	0.855004	0.711810	
0.000000	1.053601	0.594479	
0.000000	0.913081	1.154516	
0.728653	0.000000	1.141861	
0.705674	0.000000	0.984632	
0.845295	0.000000	0.807650	
0.845295	0.000000	0.807650	
0.631786	0.194487	0.837556	
0.672270	0.154481	0.789770	
0.559724	0.216289	0.856602	
0.523956	0.000000	1.034670	
0.246163	0.000000	1.090322	
0.052979	0.016765	1.117316	
0.081633	0.064953	1.170725	
0.113410	0.420261	1.107351	
0.197222	0.446549	1.001947	
0.197222	0.446549	1.001947	
0.175720	0.397867	0.951830	
0.175720	0.397867	0.951830	
0.233173	0.391630	1.039396	
0.144544	0.475155	0.943699	
0.094125	0.660349	1.007785	
0.000000	0.880935	0.707552	
0.000000	0.000000	1.149378	
0.000000	1.053601	0.594479	
0.728653	0.000000	1.141861	
0.550874	0.008630	0.964510	
0.550874	0.008630	0.964510	
0.684626	0.059933	1.046033	
0.643611	0.184577	0.767877	
0.643611	0.184577	0.767877	
0.559724	0.216289	0.856602	
0.258126	0.120740	1.063334	
0.258126	0.120740	1.063334	
0.052979	0.016765	1.117316	
0.380962	0.456213	0.973040	
0.113924	0.378262	1.095057	
0.250634	0.467576	1.018006	
0.220712	0.282770	0.999834	
0.220712	0.282770	0.999834	
0.144544	0.475155	0.943699	
0.079575	0.618408	0.816972	
0.079575	0.618408	0.816972	
0.000000	0.862134	0.669350	
0.000213	0.007740	1.208871	
0.000000	0.000000	1.149378	
0.713644	0.000000	1.110622	
0.370014	0.031713	1.022496	
0.684626	0.059933	1.046033	
0.538673	0.101196	1.019011	
0.252692	0.149511	1.043399	
0.475966	0.139620	0.882026	
0.217577	0.192278	1.176539	
0.179629	0.082793	1.135649	
0.484936	0.284373	1.152959	
0.000000	0.000000	1.107923	
0.000213	0.007740	1.208871	
0.000000	0.000000	1.106854	
0.113924	0.378262	1.095057	
0.153720	0.136371	1.144906	
0.105604	0.208053	1.069761	
0.105604	0.208053	1.069761	
0.000000	0.000000	1.164273	
0.000000	0.000000	1.077054	
0.000000	0.880935	0.707552	
0.000000	1.003216	1.202015	
0.451365	0.000000	1.050447	
0.370014	0.031713	1.022496	
0.157426	0.071265	1.108257	
0.312120	0.052954	1.118683	
0.475966	0.139620	0.882026	
0.403818	0.000000	1.025284	
0.366997	0.062229	1.116933	
0.484936	0.284373	1.152959	
0.225797	0.000000	1.219968	
0.000000	0.000000	1.107923	
0.022407	0.003884	1.158547	
0.294110	0.364722	1.109971	
0.125789	0.030748	1.157924	
0.183592	0.333212	1.122818	
0.135014	0.371165	1.078273	
0.135014	0.371165	1.078273	
0.000000	0.647357	1.113689	
0.000000	0.000000	1.264899	
0.000000	0.865648	0.690711	
0.614360	0.000000	1.158781	
0.660245	0.000000	1.084642	
0.157426	0.071265	1.108257	
0.262402	0.084265	1.042203	
0.262402	0.084265	1.042203	
0.170962	0.193277	1.059911	
0.004390	0.023321	1.165829	
0.004390	0.023321	1.165829	
0.362033	0.353198	1.140831	
0.350170	0.294794	1.077445	
0.025959	0.000000	1.201105	
0.022407	0.003884	1.158547	
0.078901	0.061612	1.203855	
0.078901	0.061612	1.203855	
0.000000	0.621790	1.170692	
0.000000	0.647357	1.113689	
0.000000	0.000000	1.251887	
0.000000	0.000000	1.323357	
0.660245	0.000000	1.084642	
0.167333	0.035580	1.205196	
0.312120	0.052954	1.118683	
0.366997	0.062229	1.116933	
0.403835	0.098058	1.012490	
0.170962	0.193277	1.059911	
0.403835	0.098058	1.012490	
0.079270	0.113314	1.130327	
0.221989	0.181340	1.121577	
0.221989	0.181340	1.121577	
0.211066	0.147194	1.135162	
0.221632	0.357891	1.270998	
0.114002	0.377621	1.274136	
0.000000	0.000000	1.156884	
0.000323	0.000008	1.235243	
0.027560	0.173715	1.152412	
0.000000	0.464576	1.249382	
0.592934	0.000000	1.153674	
0.592934	0.000000	1.153674	
0.255946	0.029822	1.211412	
0.237473	0.076484	1.162212	
0.270251	0.133345	1.099521	
0.179269	0.120902	1.229349	
0.275585	0.206581	0.988834	
0.275585	0.206581	0.988834	
0.239042	0.221389	1.063229	
0.217783	0.336209	1.025614	
0.220268	0.302210	1.202586	
0.115926	0.119768	1.262547	
0.000000	0.000000	1.257578	
0.000000	0.000000	1.036289	
0.000000	0.000000	1.036289	
0.000000	0.381516	1.220167	
0.000000	0.000000	1.260739	
0.007532	0.008630	1.224796	
0.392702	0.059668	1.127248	
0.392702	0.059668	1.127248	
0.189016	0.150316	1.229054	
0.296750	0.155392	1.057477	
0.239042	0.221389	1.063229	
0.191792	0.168977	1.045906	
0.191792	0.168977	1.045906	
0.119657	0.030639	1.224452	
0.126592	0.132299	1.062319	
0.115926	0.119768	1.262547	
0.000000	0.000000	1.241531	
0.000000	0.381516	1.220167	
0.000000	0.403868	1.292247	
0.495210	0.000000	1.357162	
0.002892	0.001221	1.150402	
0.322606	0.007118	1.114026	
0.322606	0.007118	1.114026	
0.067398	0.077722	1.100982	
0.067398	0.077722	1.100982	
0.252830	0.112986	1.042554	
0.119657	0.030639	1.224452	
0.002126	0.000443	1.193384	
0.126592	0.132299	1.062319	
0.000874	0.000341	1.183084	
0.014598	0.006684	1.374513	
0.000000	0.000000	1.417814	
0.000000	0.000000	1.426406	
0.000000	0.000000	1.299178	
0.002892	0.001221	1.150402	
0.181896	0.029178	1.071951	
0.130775	0.040229	1.091483	
0.270583	0.066942	1.129657	
0.252830	0.112986	1.042554	
0.185050	0.056435	1.159327	
0.192780	0.241717	1.179565	
0.001339	0.000515	1.183083	
0.001339	0.000515	1.183083	
0.065127	0.106207	1.301628	
0.000000	0.000000	1.423339	
0.000000	0.368131	1.286867	
0.000000	0.000000	1.377318	
0.181896	0.029178	1.071951	
0.200614	0.017231	1.043301	
0.174693	0.025821	1.039456	
0.200614	0.017231	1.043301	
0.174693	0.025821	1.039456	
0.185050	0.056435	1.159327	
0.095818	0.065957	1.190927	
0.037715	0.077803	1.222377	
0.037715	0.077803	1.222377	
0.023646	0.312375	1.263637	
0.000000	0.215572	1.344562	
0.000000	0.000000	1.299178	
0.234063	0.000000	1.102489	
0.130775	0.040229	1.091483	
0.093772	0.074237	1.152409	
0.000000	0.060188	1.153127	
0.000000	0.060188	1.153127	
0.110645	0.057332	1.221826	
0.029514	0.015477	1.039095	
0.029514	0.015477	1.039095	
0.000000	0.000000	1.128535	
0.000000	0.000000	1.128535	
0.303158	0.000000	1.355630	
0.225116	0.000000	1.235232	
0.025892	0.024631	1.105619	
0.025892	0.024631	1.105619	
0.001733	0.006866	1.152653	
0.085465	0.087336	1.134337	
0.063995	0.089789	1.058539	
0.061181	0.052415	1.141511	
0.035722	0.153541	1.117999	
0.000000	0.252375	1.222918	
0.303158	0.000000	1.355630	
0.019178	0.012491	1.138550	
0.021421	0.065159	1.099935	
0.042384	0.082263	1.097315	
0.023773	0.067886	1.146918	
0.042384	0.082263	1.097315	
0.063995	0.089789	1.058539	
0.003377	0.155174	1.238969	
0.000000	0.252375	1.222918	
0.000000	0.000000	1.489681	
0.018546	0.025158	1.217268	
0.037318	0.053845	1.097400	
0.022603	0.051988	1.077141	
0.046064	0.068944	1.069356	
0.031815	0.098903	1.169932	
0.003377	0.155174	1.238969	
0.000000	0.123476	1.222533	
0.000000	0.000000	1.346518	
0.002551	0.004550	1.147059	
0.022603	0.051988	1.077141	
0.037318	0.053845	1.097400	
0.046064	0.068944	1.069356	
0.031815	0.098903	1.169932	
0.000000	0.123476	1.222533	
0.000000	0.000000	1.346518	
0.001733	0.006866	1.152653	
0.027341	0.043319	1.073058	
0.027341	0.043319	1.073058	
0.017911	0.069512	1.069804	
0.000000	0.031872	1.282761	
0.000000	0.000000	1.397836	
0.003619	0.026822	1.134535	
0.011708	0.043514	1.053320	
0.017911	0.069512	1.069804	
0.000000	0.031872	1.282761	
0.000000	0.000000	1.397836	
0.003619	0.026822	1.134535	
0.011708	0.043514	1.053320	
0.000000	0.000000	1.261021	
0.000000	0.000000	1.408741	
0.013092	0.026678	1.201077	
0.000000	0.041156	1.353506	
0.000000	0.000000	1.358949	
0.000000	0.000000	1.358949	
0.000000	0.000000	1.482676	
0.000000	0.000000	0.000000	
0.000000	0.000000	0.000000	
0.000000	0.000000	0.000000	
0.000000	0.000000	0.000000	
0.000000	0.000000	0.000000	
0.000000	0.000000	0.000000	
0.000000	0.000000	0.000000	
0.000000	0.000000	0.000000	
0.000000	0.000000	0.000000	
0.000000	0.000000	0.000000	
