1.000187	0.000000	0.000000	
0.999867	0.021883	0.000000	
0.998860	0.048452	0.000000	
0.997597	0.071887	0.000000	
0.995340	0.098505	0.000000	
0.992908	0.130039	0.000000	
0.987847	0.159386	0.000000	
0.983611	0.184209	0.000000	
0.976335	0.222771	0.000000	
0.967520	0.253454	0.000000	
0.957963	0.288505	0.000000	
0.947445	0.321048	0.000000	
0.933847	0.360761	0.000000	
0.918637	0.397064	0.000000	
0.900637	0.435149	0.000000	
0.882061	0.472194	0.000000	
0.862102	0.510290	0.000000	
0.838368	0.546668	0.000000	
0.812558	0.584400	0.000000	
0.784837	0.621191	0.000000	
0.755035	0.657019	0.000000	
0.723463	0.691181	0.000000	
0.690818	0.723390	0.000000	
0.656671	0.754981	0.000000	
0.620996	0.784579	0.000000	
0.584758	0.812341	0.000000	
0.548576	0.838013	0.000000	
0.509431	0.861558	0.000000	
0.472333	0.882649	0.000000	
0.432567	0.901640	0.000000	
0.394966	0.919361	0.000000	
0.360491	0.933335	0.000000	
0.324819	0.946044	0.000000	
0.289694	0.958205	0.000000	
0.252523	0.967808	0.000000	
0.223059	0.975712	0.000000	
0.190349	0.982064	0.000000	
0.159067	0.988626	0.000000	
0.130404	0.991881	0.000000	
0.096923	0.995396	0.000000	
0.074454	0.997434	0.000000	
0.048522	0.998992	0.000000	
0.023490	0.999898	0.000000	
0.000000	1.000229	0.000000	
0.999856	0.000000	0.021053	
0.999815	0.024235	0.000000	
0.998860	0.048452	0.000000	
0.997597	0.071887	0.000000	
0.995340	0.098505	0.000000	
0.992293	0.130462	0.000000	
0.987734	0.162401	0.000000	
0.981549	0.195302	0.000000	
0.974790	0.228250	0.000000	
0.965843	0.258464	0.026798	
0.955668	0.297610	0.000000	
0.942757	0.334607	0.000000	
0.929211	0.370603	0.017064	
0.913147	0.408136	0.000000	
0.894663	0.446273	0.030261	
0.874607	0.485754	0.025575	
0.852632	0.523883	0.028345	
0.827885	0.562713	0.000000	
0.800514	0.599230	0.031498	
0.770967	0.637315	0.000000	
0.739919	0.672412	0.028699	
0.707400	0.707400	0.000000	
0.672935	0.740108	0.000000	
0.636751	0.771243	0.000000	
0.600123	0.800202	0.000000	
0.562496	0.826990	0.025045	
0.524494	0.851608	0.021773	
0.486026	0.874670	0.000000	
0.445258	0.895844	0.012644	
0.409095	0.913141	0.000000	
0.371680	0.928824	0.021527	
0.333522	0.943328	0.000000	
0.296057	0.954943	0.027408	
0.263372	0.965567	0.000000	
0.228853	0.973653	0.013770	
0.193757	0.981028	0.026998	
0.163880	0.986767	0.000021	
0.132001	0.991401	0.022864	
0.103469	0.994716	0.000000	
0.074454	0.997434	0.000000	
0.048934	0.998947	0.005952	
0.000000	0.999810	0.024115	
0.000000	0.999915	0.021464	
0.999131	0.000000	0.048683	
0.999131	0.000000	0.048683	
0.998479	0.050116	0.046130	
0.997323	0.078149	0.000000	
0.995204	0.107450	0.000000	
0.991833	0.136993	0.010619	
0.986322	0.165298	0.045972	
0.979391	0.201244	0.054810	
0.972936	0.233438	0.036453	
0.963118	0.269468	0.023734	
0.951790	0.304384	0.053839	
0.938983	0.342648	0.038014	
0.924272	0.381814	0.039476	
0.906403	0.420065	0.058749	
0.887457	0.458537	0.063056	
0.865584	0.499400	0.055592	
0.841452	0.537861	0.065846	
0.815807	0.576654	0.054619	
0.786716	0.615469	0.064620	
0.755652	0.652776	0.054024	
0.722565	0.689398	0.055950	
0.689006	0.723995	0.044663	
0.653178	0.755060	0.064911	
0.616180	0.786447	0.056191	
0.577360	0.816183	0.043548	
0.539191	0.842297	0.031368	
0.499463	0.866439	0.012640	
0.460372	0.888122	0.012644	
0.419912	0.906676	0.057971	
0.381618	0.923297	0.054521	
0.342978	0.938837	0.057326	
0.304984	0.950818	0.056028	
0.266059	0.962494	0.056567	
0.234641	0.971375	0.055119	
0.199669	0.978438	0.056579	
0.167958	0.985117	0.043378	
0.133913	0.990797	0.033313	
0.105220	0.994287	0.036784	
0.076465	0.996680	0.046130	
0.048892	0.998102	0.042922	
0.000000	0.999097	0.048224	
0.000000	0.999097	0.048224	
0.997975	0.000000	0.073832	
0.997516	0.004861	0.074503	
0.997176	0.000000	0.078246	
0.995887	0.072977	0.058024	
0.992808	0.110165	0.075104	
0.989983	0.135065	0.076803	
0.984029	0.171134	0.056059	
0.976869	0.206518	0.066043	
0.968706	0.238297	0.079773	
0.959350	0.277936	0.053569	
0.947519	0.314551	0.062088	
0.932155	0.350720	0.094158	
0.916462	0.392277	0.097483	
0.897802	0.431544	0.097732	
0.877403	0.471853	0.093608	
0.855160	0.512602	0.086810	
0.830411	0.550843	0.095887	
0.801108	0.592049	0.097521	
0.769687	0.630914	0.100048	
0.738505	0.668244	0.095723	
0.703663	0.703799	0.103904	
0.669213	0.739956	0.100792	
0.629950	0.770732	0.105246	
0.592524	0.801296	0.102083	
0.552737	0.829839	0.078741	
0.512580	0.856170	0.092552	
0.471529	0.878650	0.085472	
0.431793	0.898544	0.092336	
0.391458	0.916186	0.094112	
0.352706	0.932297	0.092333	
0.314983	0.946078	0.092609	
0.276533	0.958362	0.079842	
0.239748	0.967828	0.089658	
0.206703	0.975856	0.077262	
0.172230	0.982955	0.074566	
0.139245	0.988326	0.069488	
0.102787	0.993285	0.070517	
0.073336	0.995289	0.073920	
0.016734	0.997277	0.077927	
0.000000	0.997543	0.072720	
0.000000	0.997543	0.072720	
0.995622	0.000000	0.097255	
0.995051	0.000000	0.104315	
0.993915	0.039542	0.104564	
0.993607	0.074356	0.102080	
0.989235	0.110830	0.099407	
0.984468	0.144118	0.105383	
0.980694	0.161361	0.115083	
0.974536	0.212327	0.106122	
0.963186	0.246559	0.117045	
0.951832	0.283876	0.124020	
0.940657	0.319219	0.125938	
0.925746	0.362887	0.130036	
0.906510	0.402936	0.130924	
0.887489	0.443399	0.128565	
0.865878	0.484150	0.136507	
0.840288	0.526007	0.138343	
0.814661	0.566187	0.133255	
0.784166	0.606567	0.134302	
0.752776	0.645784	0.130371	
0.718439	0.683130	0.136200	
0.682551	0.718267	0.139365	
0.644687	0.752127	0.140294	
0.606967	0.785976	0.140488	
0.567107	0.814837	0.127178	
0.525910	0.842401	0.133085	
0.483943	0.866651	0.125239	
0.444089	0.888136	0.127733	
0.401099	0.907792	0.127928	
0.363547	0.924848	0.116768	
0.319083	0.939761	0.126812	
0.284567	0.951146	0.121328	
0.248033	0.962773	0.118393	
0.207942	0.972074	0.116165	
0.173988	0.978798	0.114681	
0.141254	0.983948	0.112730	
0.111709	0.988176	0.106447	
0.074856	0.993653	0.098449	
0.049395	0.994081	0.098004	
0.000000	0.995004	0.102974	
0.000000	0.995709	0.095456	
0.992539	0.000000	0.125696	
0.991523	0.011478	0.131814	
0.991227	0.000000	0.137541	
0.987363	0.084412	0.137546	
0.984158	0.114958	0.144216	
0.981459	0.126970	0.145145	
0.973984	0.170863	0.151078	
0.967588	0.211401	0.150655	
0.956899	0.249378	0.157058	
0.944170	0.292898	0.153501	
0.929697	0.332533	0.165606	
0.915167	0.371729	0.164908	
0.896848	0.412095	0.165121	
0.874850	0.454736	0.171971	
0.852703	0.494156	0.174699	
0.825781	0.538285	0.172490	
0.796546	0.578304	0.181020	
0.766571	0.619057	0.174601	
0.731690	0.658314	0.182897	
0.696224	0.696709	0.182472	
0.659044	0.732325	0.178356	
0.620781	0.766127	0.178824	
0.580103	0.797340	0.171073	
0.538352	0.825386	0.173714	
0.496400	0.852014	0.171783	
0.453220	0.875734	0.174387	
0.413526	0.896600	0.163300	
0.373366	0.913836	0.166039	
0.329917	0.930470	0.165528	
0.292503	0.944376	0.159421	
0.253421	0.956127	0.154350	
0.210839	0.965844	0.154126	
0.180072	0.973697	0.143710	
0.146419	0.979222	0.143635	
0.114735	0.983971	0.137319	
0.083024	0.987471	0.139302	
0.052272	0.990868	0.133081	
0.022953	0.991487	0.131551	
0.000000	0.992640	0.130037	
0.989262	0.000000	0.157176	
0.987136	0.000000	0.163908	
0.985493	0.055618	0.167947	
0.983950	0.079263	0.168880	
0.977854	0.116717	0.176995	
0.972749	0.148940	0.182396	
0.969514	0.169164	0.180808	
0.960169	0.214523	0.185300	
0.947575	0.258973	0.194748	
0.934894	0.297171	0.198318	
0.920272	0.340398	0.198114	
0.903366	0.381484	0.201594	
0.883425	0.421695	0.207766	
0.861479	0.462394	0.214153	
0.835528	0.507763	0.217515	
0.807204	0.550016	0.216899	
0.777299	0.592250	0.221875	
0.743981	0.632662	0.222643	
0.707112	0.671332	0.224030	
0.670678	0.710417	0.222566	
0.633233	0.744286	0.215180	
0.593260	0.778217	0.213999	
0.550623	0.808072	0.212842	
0.508992	0.835612	0.210830	
0.465314	0.860630	0.213738	
0.422391	0.883231	0.209251	
0.380469	0.903048	0.201548	
0.338705	0.920344	0.201516	
0.300486	0.934425	0.197179	
0.260258	0.946521	0.192762	
0.223070	0.957404	0.190228	
0.181778	0.966518	0.185716	
0.146860	0.974118	0.176529	
0.113708	0.977913	0.177834	
0.075385	0.983131	0.173306	
0.056206	0.985119	0.168133	
0.021420	0.986945	0.161983	
0.000000	0.989188	0.159187	
0.982781	0.000000	0.189970	
0.981105	0.027663	0.195784	
0.979294	0.050054	0.198502	
0.975736	0.085581	0.205870	
0.971963	0.107736	0.210677	
0.965706	0.153468	0.212698	
0.957157	0.190631	0.219845	
0.947498	0.225908	0.228148	
0.936778	0.264391	0.233902	
0.923022	0.307412	0.233836	
0.907289	0.349017	0.239269	
0.888164	0.388855	0.246252	
0.867885	0.431575	0.250201	
0.844580	0.474114	0.254076	
0.816697	0.519894	0.257804	
0.787445	0.561782	0.258537	
0.755144	0.602296	0.261840	
0.718845	0.644020	0.263765	
0.683196	0.683091	0.265224	
0.642591	0.721716	0.264133	
0.604296	0.754419	0.262475	
0.561674	0.786339	0.261145	
0.518510	0.816459	0.255840	
0.476593	0.844260	0.256165	
0.432949	0.867367	0.251701	
0.388219	0.888486	0.246541	
0.347689	0.906856	0.242711	
0.306448	0.923285	0.237228	
0.267481	0.936162	0.229833	
0.227077	0.948968	0.228975	
0.189631	0.957633	0.222526	
0.153507	0.965606	0.216767	
0.118871	0.971664	0.206837	
0.088031	0.976104	0.205503	
0.039942	0.979948	0.201431	
0.000000	0.981696	0.195086	
0.000000	0.981908	0.190688	
0.975684	0.000000	0.221642	
0.974737	0.013739	0.226989	
0.971690	0.047837	0.234066	
0.968050	0.084365	0.241543	
0.962599	0.123816	0.247335	
0.956323	0.151740	0.251917	
0.946536	0.192468	0.261126	
0.935780	0.233171	0.265302	
0.923999	0.271947	0.271497	
0.909419	0.311054	0.278343	
0.891139	0.357329	0.281394	
0.871088	0.398432	0.290591	
0.848626	0.441145	0.295148	
0.824260	0.486314	0.297070	
0.793964	0.530014	0.302366	
0.763754	0.572707	0.305037	
0.729758	0.613116	0.304717	
0.692572	0.653837	0.307109	
0.654884	0.692069	0.304373	
0.611987	0.729356	0.307021	
0.572054	0.762401	0.304041	
0.528417	0.794748	0.300193	
0.486533	0.822328	0.297566	
0.442972	0.848591	0.293232	
0.397575	0.871552	0.290500	
0.355571	0.891569	0.282728	
0.314434	0.908407	0.278583	
0.269970	0.923937	0.272186	
0.234027	0.936196	0.264885	
0.194980	0.946879	0.259419	
0.157469	0.954913	0.253203	
0.120135	0.962151	0.248372	
0.082533	0.967697	0.241082	
0.049320	0.972079	0.232429	
0.000000	0.974121	0.228339	
0.000000	0.975958	0.223041	
0.967613	0.000000	0.255371	
0.965713	0.020385	0.262373	
0.962785	0.055026	0.269324	
0.958194	0.092451	0.276168	
0.953597	0.119154	0.281799	
0.943958	0.158900	0.291917	
0.933289	0.199703	0.299684	
0.922670	0.237277	0.305098	
0.908717	0.278938	0.312186	
0.893435	0.318699	0.318542	
0.873533	0.364205	0.326777	
0.851809	0.407022	0.330016	
0.827471	0.450742	0.336315	
0.799247	0.495961	0.342382	
0.770503	0.538778	0.346655	
0.737036	0.580984	0.347926	
0.701501	0.622293	0.349455	
0.663234	0.661685	0.350817	
0.623879	0.700248	0.348574	
0.581674	0.736840	0.346107	
0.539535	0.771234	0.346639	
0.494987	0.800437	0.342254	
0.451173	0.827635	0.338463	
0.407272	0.851632	0.332092	
0.363509	0.874190	0.324500	
0.320601	0.892745	0.319885	
0.276519	0.908444	0.315008	
0.238791	0.922535	0.306811	
0.197892	0.934406	0.297714	
0.157403	0.943688	0.292105	
0.125624	0.952536	0.280726	
0.086063	0.957793	0.276218	
0.047530	0.962527	0.268299	
0.029076	0.966220	0.261083	
0.000000	0.968384	0.255550	
0.958227	0.000000	0.288856	
0.955714	0.000000	0.297751	
0.951337	0.059211	0.305642	
0.946930	0.092206	0.314473	
0.939656	0.120586	0.322519	
0.929855	0.164120	0.330790	
0.919478	0.201390	0.340368	
0.906238	0.241048	0.348400	
0.892116	0.283315	0.352786	
0.874905	0.325349	0.364363	
0.853864	0.370483	0.369193	
0.830448	0.414446	0.374520	
0.802467	0.459423	0.382340	
0.773991	0.502754	0.386582	
0.743599	0.545948	0.389496	
0.708642	0.589995	0.390392	
0.670427	0.631466	0.394887	
0.631363	0.669643	0.391367	
0.589525	0.707958	0.392204	
0.546886	0.741030	0.391120	
0.503451	0.774874	0.384391	
0.457965	0.804493	0.381538	
0.414057	0.829144	0.377187	
0.370635	0.853048	0.370922	
0.327101	0.874458	0.362806	
0.285070	0.891602	0.355507	
0.241428	0.907632	0.346882	
0.202356	0.918834	0.340670	
0.159233	0.930536	0.331576	
0.124933	0.939661	0.320701	
0.088621	0.945574	0.314698	
0.054558	0.950989	0.306435	
0.023556	0.954644	0.297666	
0.000000	0.959036	0.288151	
0.947543	0.000000	0.322396	
0.943058	0.000000	0.334432	
0.938578	0.053327	0.343630	
0.933344	0.081564	0.351353	
0.923522	0.131170	0.362991	
0.914093	0.169230	0.371081	
0.902544	0.205525	0.380830	
0.889636	0.245606	0.387309	
0.872797	0.289528	0.395228	
0.852746	0.330454	0.407949	
0.830456	0.374354	0.413969	
0.804569	0.420181	0.420427	
0.776081	0.465521	0.426399	
0.746888	0.510363	0.428749	
0.712078	0.552657	0.434252	
0.675970	0.595531	0.436379	
0.636748	0.637159	0.437177	
0.596047	0.675471	0.435689	
0.553880	0.710880	0.435667	
0.508507	0.745879	0.432123	
0.466458	0.775969	0.426610	
0.418902	0.805178	0.421796	
0.375494	0.829970	0.413498	
0.331189	0.852266	0.407019	
0.288556	0.871629	0.398720	
0.245863	0.888261	0.389947	
0.206860	0.902600	0.381481	
0.168385	0.914623	0.369742	
0.126282	0.923686	0.363221	
0.091727	0.931460	0.352889	
0.060667	0.937620	0.343081	
0.000000	0.942999	0.333975	
0.000000	0.946117	0.325224	
0.934021	0.000000	0.359417	
0.929330	0.021855	0.370360	
0.923438	0.056550	0.381286	
0.916923	0.086106	0.392042	
0.908239	0.123049	0.403807	
0.896532	0.164462	0.412765	
0.883885	0.211930	0.421848	
0.868299	0.251735	0.432733	
0.848850	0.295438	0.440567	
0.828102	0.337051	0.451826	
0.803868	0.381481	0.458527	
0.775827	0.426341	0.465616	
0.746242	0.471445	0.471393	
0.712671	0.516629	0.476264	
0.678468	0.559647	0.478871	
0.641443	0.598447	0.480628	
0.601443	0.641194	0.480293	
0.559367	0.677679	0.478765	
0.516107	0.714473	0.475507	
0.471168	0.747087	0.472269	
0.427074	0.776370	0.465282	
0.382071	0.803482	0.457967	
0.336947	0.827035	0.450848	
0.293726	0.847910	0.441950	
0.252747	0.866579	0.432420	
0.208633	0.882414	0.422110	
0.170121	0.896811	0.412173	
0.129375	0.907129	0.403327	
0.094582	0.916185	0.390643	
0.043324	0.923978	0.381414	
0.028600	0.928922	0.370701	
0.000000	0.932739	0.361177	
0.918626	0.000000	0.398161	
0.913166	0.000000	0.408082	
0.906906	0.052308	0.419996	
0.898983	0.099523	0.432078	
0.887860	0.126105	0.444075	
0.876379	0.161935	0.455702	
0.859485	0.214189	0.466199	
0.843453	0.256189	0.477213	
0.822563	0.299227	0.485545	
0.800505	0.340514	0.495021	
0.774686	0.387246	0.501278	
0.745776	0.431913	0.509740	
0.713898	0.476560	0.514665	
0.679915	0.519969	0.519670	
0.642997	0.560541	0.522583	
0.603053	0.604412	0.522127	
0.562325	0.642416	0.522412	
0.518473	0.679984	0.519294	
0.476333	0.713806	0.516294	
0.431089	0.746150	0.508858	
0.385783	0.774583	0.503518	
0.342064	0.799696	0.494504	
0.297930	0.821815	0.486063	
0.256261	0.842353	0.475066	
0.214126	0.859549	0.465657	
0.172723	0.874880	0.454090	
0.131097	0.887890	0.443523	
0.091485	0.897710	0.431962	
0.061958	0.907003	0.417367	
0.008598	0.912602	0.409242	
0.000000	0.918778	0.396388	
0.902153	0.000000	0.434012	
0.895619	0.006350	0.445883	
0.887800	0.054848	0.457785	
0.877060	0.093752	0.472816	
0.865870	0.125146	0.485789	
0.853343	0.160217	0.497955	
0.836099	0.206756	0.509122	
0.815679	0.259810	0.518834	
0.794289	0.301563	0.528869	
0.769377	0.346386	0.538349	
0.742540	0.390749	0.545322	
0.710906	0.434783	0.553621	
0.678578	0.479431	0.558586	
0.643338	0.520372	0.562386	
0.604941	0.565345	0.563009	
0.563026	0.605314	0.563679	
0.521954	0.641419	0.563358	
0.475593	0.679366	0.560090	
0.431350	0.712268	0.554282	
0.389394	0.742514	0.546261	
0.345056	0.770385	0.537564	
0.299492	0.794760	0.529606	
0.258347	0.815911	0.518858	
0.214660	0.834882	0.507657	
0.175746	0.850960	0.496335	
0.134378	0.865398	0.483263	
0.085968	0.878210	0.472126	
0.024933	0.887869	0.460257	
0.031393	0.894566	0.447342	
0.000000	0.902915	0.434804	
0.882647	0.000000	0.473093	
0.874352	0.026017	0.485970	
0.866643	0.036794	0.499642	
0.854852	0.096476	0.512989	
0.843103	0.131447	0.525330	
0.825876	0.176524	0.538739	
0.808357	0.215979	0.549880	
0.785871	0.261065	0.561745	
0.763149	0.305283	0.571648	
0.735858	0.348964	0.581054	
0.706518	0.392542	0.589682	
0.675488	0.435001	0.596085	
0.641124	0.477965	0.600986	
0.604048	0.523110	0.602693	
0.564955	0.565620	0.605757	
0.522854	0.601895	0.604918	
0.478823	0.641600	0.601276	
0.436427	0.675085	0.595504	
0.391330	0.708722	0.589602	
0.349057	0.737013	0.580087	
0.301468	0.764034	0.572248	
0.260299	0.786865	0.561442	
0.216877	0.807636	0.550683	
0.177898	0.825152	0.537423	
0.136936	0.840559	0.525265	
0.091140	0.854346	0.512199	
0.059204	0.865736	0.498321	
0.003303	0.874874	0.486077	
0.000000	0.882349	0.472226	
0.860413	0.000000	0.509739	
0.852387	0.025363	0.522810	
0.842485	0.016112	0.539329	
0.828386	0.102781	0.552117	
0.814230	0.132460	0.566528	
0.796145	0.178713	0.579019	
0.776741	0.219566	0.591896	
0.753821	0.262785	0.603430	
0.729340	0.306886	0.614000	
0.701112	0.349484	0.622232	
0.670191	0.393622	0.630530	
0.636277	0.438350	0.637370	
0.601661	0.479292	0.641021	
0.563590	0.520520	0.646082	
0.520293	0.561193	0.644453	
0.480192	0.600168	0.641056	
0.436580	0.636198	0.636706	
0.393206	0.670702	0.629667	
0.349269	0.701287	0.623472	
0.306637	0.729380	0.613937	
0.258689	0.754115	0.604332	
0.219523	0.776934	0.591479	
0.179205	0.797082	0.579624	
0.138805	0.813263	0.565778	
0.097470	0.829172	0.551678	
0.064305	0.842298	0.538043	
0.024638	0.852206	0.523637	
0.000000	0.862060	0.510801	
0.837637	0.000000	0.547624	
0.828130	0.002197	0.561674	
0.816056	0.000000	0.578462	
0.802596	0.104387	0.590118	
0.785113	0.137926	0.605652	
0.766644	0.179854	0.618877	
0.743671	0.222315	0.632597	
0.719756	0.263324	0.643254	
0.693737	0.307643	0.651381	
0.664164	0.348948	0.663584	
0.629579	0.395252	0.670090	
0.595549	0.435736	0.675753	
0.560542	0.477311	0.681095	
0.521886	0.515414	0.682263	
0.476952	0.559590	0.679302	
0.436664	0.596158	0.675309	
0.393134	0.630105	0.671301	
0.345885	0.664189	0.663377	
0.304744	0.693175	0.654507	
0.263969	0.720375	0.644391	
0.221068	0.743133	0.632946	
0.182054	0.764792	0.618888	
0.142523	0.783999	0.605247	
0.100499	0.800895	0.591196	
0.066958	0.815129	0.576113	
0.002762	0.827747	0.562327	
0.000000	0.837455	0.547895	
0.812150	0.000000	0.584206	
0.800318	0.030766	0.599394	
0.787160	0.060752	0.615881	
0.771564	0.101753	0.631348	
0.754416	0.138645	0.646631	
0.731220	0.179362	0.659277	
0.708675	0.222213	0.670532	
0.683138	0.264840	0.682519	
0.654897	0.306433	0.693710	
0.623855	0.351406	0.702636	
0.589485	0.391932	0.708784	
0.552978	0.432752	0.712172	
0.517562	0.469873	0.715968	
0.474484	0.516972	0.715854	
0.433152	0.554847	0.711789	
0.392758	0.589564	0.706511	
0.347502	0.623448	0.701698	
0.305845	0.654044	0.693331	
0.263728	0.682527	0.683529	
0.220726	0.708853	0.671558	
0.180629	0.732971	0.656641	
0.142434	0.752941	0.643310	
0.100541	0.770741	0.630062	
0.060633	0.786188	0.616428	
0.030635	0.800267	0.599940	
0.000000	0.812422	0.584070	
0.784770	0.000000	0.621250	
0.772548	0.000000	0.636698	
0.755875	0.068718	0.651585	
0.738281	0.099334	0.668579	
0.718639	0.138644	0.681775	
0.694520	0.182984	0.696576	
0.671739	0.219876	0.708310	
0.644068	0.264734	0.719109	
0.613636	0.305466	0.730296	
0.580238	0.348531	0.736401	
0.546111	0.389984	0.743760	
0.508978	0.429928	0.747038	
0.467994	0.473159	0.748277	
0.429206	0.511878	0.746408	
0.388339	0.547126	0.742550	
0.347275	0.580260	0.737754	
0.305145	0.614047	0.728433	
0.263124	0.644345	0.719381	
0.222367	0.670801	0.708934	
0.182279	0.696065	0.695238	
0.142730	0.719021	0.681890	
0.099102	0.738035	0.667886	
0.058289	0.755805	0.652877	
0.000000	0.771145	0.636975	
0.000000	0.786068	0.619985	
0.755418	0.000000	0.656941	
0.740422	0.029653	0.673442	
0.723514	0.056949	0.689146	
0.703918	0.103881	0.703738	
0.683206	0.141251	0.717333	
0.658887	0.177981	0.731776	
0.631043	0.222045	0.743968	
0.603321	0.257883	0.755876	
0.573358	0.300535	0.765165	
0.533868	0.347500	0.772596	
0.502644	0.387837	0.775189	
0.467787	0.426169	0.778652	
0.425708	0.464815	0.778303	
0.382823	0.503407	0.775372	
0.343555	0.537761	0.770403	
0.304281	0.571970	0.763457	
0.259880	0.603938	0.754386	
0.216941	0.632653	0.743981	
0.181837	0.658585	0.731596	
0.136505	0.683081	0.718330	
0.095239	0.704159	0.703956	
0.045589	0.723417	0.689629	
0.000000	0.740020	0.673155	
0.000000	0.755759	0.656160	
0.723746	0.000000	0.691815	
0.707450	0.017118	0.708434	
0.688777	0.067335	0.722506	
0.667183	0.104296	0.738572	
0.644749	0.140034	0.752544	
0.618404	0.182322	0.765090	
0.592592	0.217440	0.776483	
0.558889	0.262207	0.786998	
0.527368	0.300506	0.795328	
0.494471	0.342021	0.800978	
0.458398	0.379259	0.805189	
0.419179	0.420314	0.806183	
0.375789	0.459184	0.805825	
0.342911	0.493765	0.800987	
0.297283	0.530221	0.794830	
0.259857	0.560216	0.787218	
0.220873	0.590684	0.777166	
0.175766	0.620117	0.764983	
0.138321	0.644574	0.752806	
0.094879	0.668777	0.738353	
0.047631	0.689182	0.724094	
0.000000	0.707440	0.707389	
0.000000	0.723792	0.691176	
0.691334	0.000000	0.724592	
0.673831	0.022705	0.740762	
0.652636	0.067025	0.756334	
0.631630	0.097287	0.770482	
0.606036	0.141710	0.784194	
0.579170	0.178351	0.796131	
0.550299	0.214430	0.808257	
0.517530	0.257434	0.816484	
0.484679	0.296856	0.824808	
0.450741	0.335991	0.829629	
0.413902	0.373806	0.831246	
0.372630	0.414942	0.830667	
0.338758	0.452283	0.827817	
0.298977	0.485696	0.822282	
0.256763	0.519364	0.816860	
0.219897	0.549716	0.807938	
0.174252	0.579614	0.796437	
0.140250	0.605937	0.783981	
0.091219	0.631313	0.770773	
0.061096	0.652639	0.755926	
0.024253	0.672909	0.740003	
0.000000	0.690133	0.724200	
0.656799	0.000000	0.756174	
0.637345	0.000000	0.771406	
0.614129	0.066144	0.786625	
0.591282	0.100536	0.801541	
0.566781	0.133963	0.814286	
0.539504	0.172443	0.826487	
0.509222	0.208687	0.836655	
0.476809	0.256444	0.844165	
0.441152	0.295652	0.849825	
0.406705	0.334051	0.852489	
0.371584	0.364406	0.854569	
0.326669	0.408387	0.853845	
0.291895	0.442574	0.849228	
0.255577	0.475588	0.842085	
0.213678	0.508612	0.834736	
0.177256	0.538306	0.825429	
0.139780	0.565415	0.813230	
0.095513	0.591432	0.801120	
0.058011	0.615478	0.786380	
0.007023	0.636480	0.771568	
0.000000	0.656569	0.755742	
0.621646	0.000000	0.784321	
0.600462	0.024419	0.801590	
0.575312	0.064338	0.816336	
0.551906	0.101143	0.830047	
0.524985	0.133947	0.841369	
0.497174	0.173970	0.851102	
0.465095	0.212183	0.860234	
0.432174	0.249707	0.867137	
0.396522	0.289395	0.873034	
0.361768	0.328491	0.876745	
0.317857	0.362963	0.876307	
0.287427	0.399730	0.871149	
0.250294	0.433033	0.866647	
0.214755	0.464615	0.860010	
0.174454	0.495737	0.851963	
0.135654	0.525539	0.840754	
0.101961	0.551509	0.828425	
0.047785	0.577592	0.815223	
0.000000	0.599728	0.800710	
0.000000	0.620451	0.785050	
0.585748	0.000000	0.813111	
0.562476	0.000000	0.827126	
0.538586	0.000000	0.842860	
0.513827	0.096035	0.855870	
0.480923	0.132573	0.867426	
0.452542	0.164455	0.877796	
0.424411	0.200843	0.883934	
0.390243	0.241687	0.889648	
0.351148	0.281916	0.894126	
0.313908	0.318918	0.894553	
0.285217	0.356827	0.892625	
0.247303	0.390242	0.887808	
0.209196	0.422576	0.882764	
0.173328	0.455100	0.874947	
0.135720	0.484783	0.865121	
0.101707	0.512595	0.853854	
0.062935	0.537440	0.841754	
0.018216	0.562516	0.827333	
0.000000	0.585431	0.811577	
0.547595	0.000000	0.837552	
0.524281	0.000000	0.852765	
0.497633	0.059200	0.866075	
0.472618	0.085201	0.878405	
0.441843	0.119463	0.889808	
0.410975	0.168549	0.896657	
0.380643	0.202627	0.903150	
0.347005	0.244590	0.908901	
0.314680	0.280067	0.908382	
0.279164	0.312137	0.909546	
0.241608	0.348820	0.907995	
0.207489	0.374852	0.904132	
0.170888	0.410217	0.897441	
0.133187	0.440301	0.888459	
0.092349	0.472595	0.876971	
0.053542	0.497153	0.866411	
0.028701	0.523982	0.852520	
0.000000	0.548083	0.838349	
0.510189	0.000000	0.860748	
0.485580	0.004465	0.874241	
0.459335	0.054662	0.888207	
0.433399	0.085859	0.899592	
0.401121	0.128772	0.909002	
0.372709	0.164982	0.914841	
0.340196	0.199770	0.919419	
0.301905	0.237779	0.923964	
0.272817	0.272817	0.924650	
0.239532	0.303050	0.925348	
0.203014	0.340563	0.920597	
0.164450	0.369169	0.914854	
0.132107	0.401763	0.907604	
0.093814	0.429598	0.899070	
0.063004	0.456436	0.887785	
0.027613	0.484309	0.875632	
0.000000	0.509151	0.861731	
0.472643	0.000000	0.882298	
0.447358	0.000000	0.895646	
0.421207	0.057178	0.905878	
0.390873	0.077762	0.918200	
0.358832	0.132072	0.924863	
0.327098	0.164534	0.931063	
0.296680	0.196967	0.934972	
0.262600	0.234238	0.937031	
0.233654	0.267190	0.937136	
0.200260	0.289479	0.937031	
0.166022	0.326572	0.930742	
0.127419	0.361711	0.924284	
0.093498	0.392313	0.916812	
0.062731	0.420132	0.906496	
0.006358	0.447818	0.895360	
0.000000	0.471936	0.883259	
0.433875	0.000000	0.902416	
0.408549	0.027603	0.913684	
0.382007	0.051768	0.923404	
0.350493	0.091564	0.933376	
0.323325	0.125965	0.938187	
0.292416	0.156301	0.944246	
0.261395	0.193881	0.948041	
0.220386	0.226001	0.948939	
0.196267	0.258507	0.948511	
0.160740	0.289796	0.945713	
0.120647	0.324550	0.940029	
0.090798	0.353191	0.932779	
0.057056	0.380681	0.923223	
0.000000	0.408950	0.913423	
0.000000	0.434502	0.902550	
0.396666	0.000000	0.918641	
0.370640	0.000000	0.929366	
0.344166	0.018356	0.939299	
0.313453	0.087348	0.946727	
0.284322	0.123396	0.951818	
0.254290	0.156089	0.955054	
0.219350	0.189574	0.958133	
0.191722	0.213429	0.959302	
0.158545	0.253837	0.955817	
0.122889	0.285329	0.952389	
0.093024	0.313392	0.945833	
0.050178	0.343215	0.938252	
0.000000	0.370342	0.929734	
0.000000	0.396958	0.918845	
0.360780	0.000000	0.933010	
0.334491	0.008914	0.942912	
0.305972	0.036741	0.951458	
0.276433	0.091807	0.957373	
0.248463	0.118027	0.962746	
0.216355	0.152452	0.964710	
0.186954	0.176961	0.966770	
0.151255	0.215801	0.965997	
0.123851	0.247392	0.962460	
0.088528	0.276960	0.958082	
0.045445	0.307117	0.951854	
0.019070	0.333313	0.943557	
0.000000	0.361229	0.934018	
0.324357	0.000000	0.946138	
0.297042	0.021106	0.954810	
0.263270	0.056421	0.963500	
0.238716	0.089806	0.967638	
0.210611	0.119726	0.971151	
0.179467	0.151333	0.973416	
0.151803	0.181725	0.972346	
0.112091	0.208366	0.972143	
0.078893	0.240166	0.968673	
0.053534	0.267531	0.962924	
0.028548	0.298288	0.954389	
0.000000	0.324932	0.947207	
0.290182	0.000000	0.957768	
0.262548	0.000000	0.965617	
0.235043	0.044601	0.971887	
0.202745	0.084576	0.976811	
0.170826	0.118086	0.979485	
0.143839	0.146624	0.979366	
0.115653	0.177623	0.977854	
0.087567	0.207091	0.976063	
0.030505	0.234233	0.972689	
0.017672	0.262239	0.965695	
0.000000	0.286722	0.958351	
0.255961	0.000000	0.968083	
0.228958	0.000000	0.974432	
0.197338	0.040651	0.980410	
0.172894	0.079271	0.982958	
0.137965	0.115560	0.984836	
0.111559	0.142730	0.983993	
0.082826	0.169491	0.982536	
0.033822	0.201633	0.979508	
0.000000	0.223132	0.975248	
0.000000	0.255972	0.968220	
0.221710	0.000000	0.975764	
0.192070	0.000000	0.981899	
0.166746	0.044837	0.985273	
0.139120	0.077492	0.988054	
0.102315	0.109763	0.989248	
0.080410	0.140522	0.986946	
0.041959	0.165018	0.986016	
0.000000	0.194880	0.981803	
0.000000	0.223132	0.975248	
0.189952	0.000000	0.982663	
0.163178	0.021556	0.987310	
0.137180	0.030150	0.990473	
0.105956	0.072625	0.992198	
0.074339	0.107137	0.992948	
0.009704	0.135645	0.990852	
0.005668	0.164106	0.986760	
0.000000	0.187424	0.983159	
0.156694	0.000000	0.987879	
0.131178	0.023548	0.991541	
0.106554	0.000000	0.994624	
0.080009	0.079675	0.995075	
0.030801	0.102675	0.994548	
0.000000	0.131239	0.991898	
0.000000	0.160090	0.987326	
0.128858	0.000000	0.992145	
0.103691	0.017605	0.994841	
0.076692	0.041310	0.996624	
0.045116	0.072231	0.996971	
0.000000	0.103716	0.995498	
0.000000	0.128446	0.991985	
0.097589	0.000000	0.995609	
0.074378	0.020110	0.997329	
0.040219	0.050800	0.998140	
0.025414	0.069826	0.997856	
0.000000	0.100714	0.995880	
0.072290	0.000000	0.997606	
0.049148	0.016841	0.998911	
0.008221	0.048140	0.998854	
0.000000	0.071304	0.997613	
0.027626	0.000000	0.999855	
0.023572	0.021532	0.999746	
0.000000	0.048686	0.999134	
0.000000	0.000000	1.000016	
0.000000	0.023807	0.999918	
0.000000	0.000000	1.000040	
0.000000	0.000000	0.000000	
0.000000	0.000000	0.000000	
0.000000	0.000000	0.000000	
0.000000	0.000000	0.000000	
0.000000	0.000000	0.000000	
0.000000	0.000000	0.000000	
0.000000	0.000000	0.000000	
0.000000	0.000000	0.000000	
0.000000	0.000000	0.000000	
0.000000	0.000000	0.000000	
