1.015085	0.000000	0.000000	
1.015085	0.000000	0.000000	
1.020260	0.030314	0.000000	
1.020260	0.030314	0.000000	
1.032369	0.089617	0.000000	
1.032369	0.089617	0.000000	
1.036921	0.000000	0.000000	
1.036921	0.000000	0.000000	
1.018151	0.212285	0.000000	
0.974535	0.243296	0.000000	
0.974535	0.243296	0.000000	
0.982971	0.309169	0.000000	
0.991291	0.331243	0.000000	
0.963958	0.376418	0.000000	
0.920585	0.455883	0.000000	
0.920585	0.455883	0.000000	
0.890636	0.471154	0.000000	
0.893405	0.591911	0.000000	
0.839516	0.630905	0.000000	
0.780077	0.660536	0.000000	
0.780077	0.660536	0.000000	
0.775120	0.764206	0.000000	
0.700591	0.771643	0.000000	
0.700591	0.771643	0.000000	
0.616749	0.912715	0.000000	
0.565244	0.894470	0.000000	
0.502720	0.925386	0.000000	
0.502720	0.925386	0.000000	
0.488047	0.946627	0.000000	
0.379839	0.973488	0.000000	
0.384265	1.000506	0.000000	
0.339710	0.975536	0.000000	
0.314456	1.000911	0.000000	
0.276358	1.008846	0.000000	
0.180532	1.010173	0.000000	
0.212256	1.017919	0.000000	
0.057079	1.018168	0.000000	
0.000000	1.044374	0.000000	
0.000000	1.075517	0.000000	
0.000000	1.044374	0.000000	
0.000000	1.077316	0.000000	
0.047496	1.079993	0.000000	
0.000000	1.087964	0.000000	
0.000000	1.107206	0.000000	
1.033468	0.000000	0.019247	
1.030892	0.005998	0.008532	
1.022817	0.030390	0.000000	
1.022881	0.026925	0.011291	
1.020164	0.096122	0.011307	
1.020164	0.096122	0.011307	
1.017610	0.142383	0.028288	
0.991240	0.194090	0.026297	
1.018151	0.212285	0.000000	
0.990719	0.250819	0.023542	
0.982971	0.309169	0.000000	
0.972754	0.308479	0.004936	
0.963958	0.376418	0.000000	
0.932727	0.425465	0.000000	
0.910512	0.432960	0.024836	
0.890636	0.471154	0.000000	
0.861102	0.530525	0.012350	
0.861102	0.530525	0.012350	
0.914422	0.683176	0.036840	
0.847703	0.711682	0.032942	
0.804365	0.731365	0.024197	
0.671834	0.757006	0.030138	
0.701831	0.776062	0.007918	
0.629055	0.817188	0.027979	
0.629055	0.817188	0.027979	
0.565244	0.894470	0.000000	
0.574502	0.944355	0.000000	
0.556807	0.944871	0.000000	
0.373198	0.977517	0.000000	
0.379839	0.973488	0.000000	
0.358979	0.977133	0.011181	
0.328540	0.974388	0.003848	
0.230689	0.991657	0.024897	
0.276358	1.008846	0.000000	
0.230689	0.991657	0.024897	
0.171252	1.014503	0.000000	
0.044383	1.039794	0.018349	
0.106614	1.025587	0.014076	
0.080124	1.018738	0.022466	
0.048900	1.040152	0.004343	
0.045693	1.093033	0.015183	
0.000000	1.068047	0.018711	
0.000000	1.068047	0.018711	
1.039854	0.000000	0.004303	
1.030892	0.005998	0.008532	
1.010828	0.003983	0.034655	
1.012799	0.051609	0.052720	
1.020164	0.096122	0.011307	
1.020164	0.096122	0.011307	
1.012097	0.072982	0.028884	
0.988744	0.192488	0.036325	
0.988744	0.192488	0.036325	
0.980690	0.249041	0.040282	
0.990719	0.250819	0.023542	
0.951525	0.338053	0.039851	
0.951525	0.338053	0.039851	
0.932727	0.425465	0.000000	
0.930652	0.426106	0.037431	
0.889142	0.528804	0.028219	
0.924884	0.529133	0.000000	
0.904296	0.633428	0.042979	
0.817763	0.688413	0.069412	
0.775595	0.734159	0.071514	
0.751384	0.745186	0.053328	
0.671834	0.757006	0.030138	
0.684123	0.808825	0.040925	
0.619915	0.822632	0.020795	
0.615440	0.911519	0.000000	
0.509165	0.947892	0.017693	
0.479898	0.975443	0.021353	
0.279187	0.982392	0.064630	
0.447523	0.960808	0.009918	
0.331876	0.976675	0.063559	
0.328540	0.974388	0.003848	
0.258130	0.978014	0.046684	
0.258130	0.978014	0.046684	
0.190268	0.990648	0.049364	
0.190268	0.990648	0.049364	
0.170921	0.991760	0.029784	
0.044383	1.039794	0.018349	
0.106614	1.025587	0.014076	
0.080124	1.018738	0.022466	
0.049514	1.009175	0.054339	
0.000000	1.077850	0.009695	
0.000000	1.077850	0.009695	
1.039854	0.000000	0.004303	
1.010828	0.003983	0.034655	
1.012799	0.051609	0.052720	
1.013478	0.000000	0.058277	
1.011653	0.011108	0.049337	
1.013478	0.000000	0.058277	
1.021894	0.111505	0.059709	
0.988854	0.201752	0.075348	
0.988854	0.201752	0.075348	
1.005019	0.205804	0.032412	
0.971131	0.327423	0.044080	
0.971131	0.327423	0.044080	
0.991498	0.321569	0.058450	
0.955149	0.422269	0.104610	
0.873541	0.496485	0.084694	
0.873541	0.496485	0.084694	
0.875530	0.569055	0.086520	
0.873835	0.613048	0.100953	
0.817763	0.688413	0.069412	
0.732305	0.719244	0.088892	
0.732305	0.719244	0.088892	
0.689885	0.759273	0.054377	
0.657531	0.826839	0.000000	
0.619915	0.822632	0.020795	
0.607010	0.935893	0.000000	
0.488395	0.959630	0.083385	
0.488395	0.959630	0.083385	
0.468726	0.911481	0.001223	
0.361497	0.959803	0.000000	
0.361497	0.959803	0.000000	
0.256131	0.981172	0.010892	
0.183994	0.990109	0.039173	
0.205188	0.986499	0.044665	
0.205188	0.986499	0.044665	
0.149014	0.989438	0.063128	
0.141507	0.997665	0.000000	
0.071081	1.005473	0.074987	
0.049514	1.009175	0.054339	
0.010180	1.040853	0.081414	
0.019431	1.048044	0.080285	
0.000000	1.087964	0.000000	
1.027273	0.000000	0.038277	
1.013084	0.000000	0.011658	
1.023764	0.020964	0.050898	
1.011653	0.011108	0.049337	
1.012097	0.072982	0.028884	
1.024554	0.000000	0.097385	
1.029388	0.016061	0.040223	
1.005019	0.205804	0.032412	
1.000814	0.235336	0.114757	
0.997861	0.213859	0.133402	
1.007209	0.176708	0.102381	
0.995066	0.246576	0.110213	
0.955149	0.422269	0.104610	
0.929379	0.425839	0.131566	
0.885848	0.481133	0.089930	
0.889142	0.528804	0.028219	
0.875530	0.569055	0.086520	
0.754586	0.674138	0.127031	
0.754586	0.674138	0.127031	
0.754683	0.719459	0.095286	
0.689885	0.759273	0.054377	
0.693160	0.764907	0.117625	
0.621377	0.840152	0.122138	
0.547586	0.857174	0.129023	
0.554188	0.862278	0.015058	
0.428633	0.946771	0.047631	
0.467154	0.934374	0.000000	
0.279187	0.982392	0.064630	
0.220278	0.985532	0.034077	
0.297202	0.974173	0.125762	
0.217260	0.986019	0.093397	
0.228202	0.981035	0.124248	
0.200302	0.984154	0.075190	
0.177344	0.985630	0.095253	
0.131933	0.990507	0.074125	
0.081898	1.004016	0.045080	
0.049374	1.010603	0.038004	
0.045582	1.019503	0.015495	
0.015063	1.026717	0.085470	
0.000000	1.098615	0.002812	
1.044432	0.000000	0.011392	
1.023764	0.020964	0.050898	
1.016286	0.008958	0.069423	
1.014179	0.059297	0.102074	
1.014179	0.059297	0.102074	
1.021632	0.035649	0.104470	
1.021632	0.035649	0.104470	
1.020560	0.199690	0.141318	
1.015055	0.071430	0.049719	
0.969703	0.305806	0.148126	
0.994964	0.223816	0.093916	
0.954725	0.311409	0.172249	
0.929379	0.425839	0.131566	
0.891759	0.452290	0.156638	
0.886541	0.469141	0.146180	
0.892934	0.584810	0.174651	
0.846503	0.627351	0.177092	
0.846503	0.627351	0.177092	
0.777513	0.686958	0.177420	
0.751384	0.745186	0.053328	
0.676624	0.763077	0.127610	
0.621377	0.840152	0.122138	
0.542471	0.844834	0.152045	
0.542471	0.844834	0.152045	
0.473103	0.899483	0.036582	
0.428633	0.946771	0.047631	
0.425788	0.978482	0.040595	
0.220278	0.985532	0.034077	
0.329680	0.967285	0.138289	
0.262453	0.968255	0.158207	
0.217260	0.986019	0.093397	
0.196618	0.981159	0.144096	
0.177344	0.985630	0.095253	
0.149014	0.989438	0.063128	
0.115430	1.001673	0.029677	
0.071081	1.005473	0.074987	
0.045582	1.019503	0.015495	
0.010684	1.021395	0.095207	
0.000000	1.107206	0.000000	
1.044432	0.000000	0.011392	
1.016286	0.008958	0.069423	
1.015519	0.038043	0.105016	
1.015519	0.038043	0.105016	
1.003604	0.028200	0.176791	
1.000289	0.006275	0.174483	
0.992771	0.078766	0.184159	
0.998012	0.095110	0.183359	
0.994521	0.254893	0.181856	
0.969703	0.305806	0.148126	
0.934132	0.340060	0.188707	
0.933165	0.391872	0.191654	
0.899800	0.443564	0.100391	
0.886541	0.469141	0.146180	
0.907641	0.475176	0.042700	
0.873412	0.591630	0.156588	
0.815180	0.608476	0.228490	
0.805418	0.666292	0.116148	
0.777513	0.686958	0.177420	
0.718786	0.783915	0.006874	
0.598405	0.793292	0.230714	
0.627588	0.824811	0.071035	
0.556522	0.828507	0.184681	
0.517694	0.860214	0.072369	
0.419092	0.905195	0.184648	
0.467154	0.934374	0.000000	
0.317641	0.976760	0.208103	
0.329680	0.967285	0.138289	
0.166873	0.973892	0.208507	
0.223259	0.967130	0.178061	
0.196618	0.981159	0.144096	
0.153997	0.981579	0.130390	
0.153997	0.981579	0.130390	
0.114924	0.996358	0.108106	
0.071065	1.014744	0.034054	
0.000000	1.022084	0.158733	
0.006572	1.027037	0.167403	
0.000000	1.118776	0.106483	
1.044719	0.000000	0.204433	
1.026557	0.012904	0.199015	
1.003604	0.028200	0.176791	
0.988120	0.012797	0.201885	
0.987104	0.000000	0.175378	
0.987104	0.000000	0.175378	
0.987682	0.000000	0.199870	
0.987682	0.000000	0.199870	
0.994521	0.254893	0.181856	
0.965523	0.281411	0.234864	
0.934132	0.340060	0.188707	
0.897617	0.390038	0.246007	
0.899800	0.443564	0.100391	
0.891228	0.448586	0.220493	
0.891699	0.428255	0.273430	
0.873346	0.541057	0.278731	
0.804581	0.670469	0.058405	
0.723625	0.706562	0.254858	
0.766155	0.763787	0.031845	
0.636745	0.811007	0.142991	
0.636745	0.811007	0.142991	
0.598405	0.793292	0.230714	
0.509220	0.825279	0.263799	
0.480349	0.860838	0.262139	
0.384297	0.917148	0.208409	
0.391047	0.933256	0.223603	
0.347982	0.940637	0.246169	
0.317641	0.976760	0.208103	
0.246663	0.986724	0.104308	
0.223259	0.967130	0.178061	
0.166873	0.973892	0.208507	
0.156886	0.992865	0.069799	
0.114924	0.996358	0.108106	
0.063488	1.004938	0.132925	
0.035121	1.017193	0.083711	
0.006572	1.027037	0.167403	
0.000000	1.118776	0.106483	
1.044719	0.000000	0.204433	
0.986844	0.017827	0.235312	
0.990496	0.010977	0.242834	
0.986629	0.011825	0.234205	
0.977522	0.000944	0.252655	
0.972943	0.005545	0.240531	
0.956262	0.199848	0.232336	
0.982682	0.000000	0.248908	
0.947523	0.255288	0.250953	
0.945205	0.312556	0.267722	
0.940911	0.341781	0.291448	
0.897617	0.390038	0.246007	
0.891228	0.448586	0.220493	
0.871949	0.498081	0.320179	
0.835128	0.572638	0.320794	
0.831960	0.570158	0.300372	
0.793530	0.693483	0.304129	
0.746807	0.701174	0.283803	
0.734506	0.741160	0.236248	
0.609417	0.800706	0.298829	
0.588070	0.823242	0.100464	
0.506443	0.835063	0.316610	
0.505146	0.855017	0.262978	
0.419092	0.905195	0.184648	
0.399536	0.921900	0.303558	
0.349476	0.937593	0.242746	
0.306936	0.925378	0.256860	
0.245072	0.951016	0.285483	
0.044752	0.980536	0.257851	
0.044752	0.980536	0.257851	
0.058489	0.980039	0.215815	
0.066093	0.997005	0.147044	
0.037823	0.996429	0.189965	
0.000000	1.019657	0.181624	
0.000000	1.019657	0.181624	
0.000000	1.019657	0.181624	
1.027541	0.000000	0.259749	
0.986844	0.017827	0.235312	
0.989955	0.010810	0.231511	
0.982682	0.000000	0.248908	
0.972943	0.005545	0.240531	
0.962947	0.033531	0.304363	
0.956262	0.199848	0.232336	
0.967624	0.000000	0.317189	
0.931514	0.271627	0.319193	
0.915548	0.328632	0.277506	
0.896239	0.314902	0.337688	
0.891699	0.428255	0.273430	
0.902473	0.415487	0.348133	
0.876171	0.541819	0.158650	
0.831960	0.570158	0.300372	
0.807530	0.556811	0.375536	
0.746807	0.701174	0.283803	
0.723625	0.706562	0.254858	
0.665752	0.730867	0.263925	
0.552622	0.765557	0.369242	
0.552622	0.765557	0.369242	
0.518700	0.826898	0.300049	
0.436393	0.840944	0.348166	
0.427800	0.894406	0.363606	
0.384297	0.917148	0.208409	
0.306936	0.925378	0.256860	
0.245072	0.951016	0.285483	
0.074598	0.964412	0.277551	
0.074598	0.964412	0.277551	
0.000000	0.968613	0.284612	
0.000000	0.968613	0.284612	
0.088517	0.983440	0.259638	
0.037823	0.996429	0.189965	
0.000000	1.019657	0.181624	
0.000000	1.028148	0.182600	
1.030871	0.000000	0.258941	
1.007709	0.021140	0.285092	
0.972631	0.005829	0.306725	
0.962947	0.033531	0.304363	
0.952968	0.000000	0.328678	
0.951833	0.095052	0.333778	
0.966798	0.010981	0.323891	
0.921412	0.250960	0.350659	
0.921412	0.250960	0.350659	
0.905628	0.314827	0.332535	
0.873896	0.371446	0.343013	
0.905628	0.314827	0.332535	
0.902473	0.415487	0.348133	
0.815821	0.553999	0.267583	
0.829073	0.379848	0.430157	
0.810562	0.619196	0.416066	
0.728313	0.621627	0.407434	
0.642132	0.726537	0.328511	
0.651510	0.786482	0.253036	
0.498619	0.816010	0.373980	
0.516649	0.812559	0.354195	
0.451896	0.863790	0.396912	
0.317674	0.890174	0.402719	
0.353515	0.921963	0.352111	
0.349476	0.937593	0.242746	
0.229607	0.943132	0.317358	
0.229607	0.943132	0.317358	
0.004112	0.971665	0.352134	
0.000000	0.985709	0.305835	
0.069815	0.969729	0.298766	
0.069815	0.969729	0.298766	
0.035644	0.971183	0.273911	
0.022148	1.021632	0.275454	
0.000000	1.026950	0.251490	
0.995096	0.000000	0.331574	
0.972630	0.000000	0.349713	
0.972630	0.000000	0.349713	
0.951833	0.095052	0.333778	
0.947267	0.038500	0.363459	
0.939366	0.174536	0.353865	
0.928336	0.127147	0.374444	
0.913224	0.239764	0.374996	
0.886127	0.271837	0.389464	
0.886127	0.271837	0.389464	
0.873896	0.371446	0.343013	
0.866414	0.301474	0.453051	
0.804994	0.473306	0.452952	
0.804994	0.473306	0.452952	
0.793683	0.471810	0.473531	
0.696710	0.658865	0.466220	
0.728313	0.621627	0.407434	
0.649210	0.741569	0.449383	
0.559041	0.755135	0.426790	
0.542273	0.783089	0.404618	
0.460572	0.806035	0.391628	
0.394503	0.836176	0.411578	
0.394503	0.836176	0.411578	
0.032609	0.912255	0.433526	
0.032171	0.946991	0.342925	
0.151294	0.932579	0.358388	
0.032171	0.946991	0.342925	
0.123826	0.952461	0.336425	
0.102553	0.955121	0.356373	
0.099535	0.977383	0.371657	
0.039747	0.992995	0.274970	
0.005326	1.006584	0.336697	
0.000000	1.041573	0.317191	
1.057837	0.000000	0.234390	
0.951127	0.005743	0.351110	
0.951127	0.005743	0.351110	
0.934842	0.093037	0.398471	
0.943153	0.078445	0.394509	
0.928336	0.127147	0.374444	
0.921054	0.073880	0.443539	
0.913224	0.239764	0.374996	
0.888681	0.292635	0.404037	
0.866414	0.301474	0.453051	
0.878169	0.244402	0.469781	
0.850928	0.470740	0.431249	
0.789048	0.504808	0.457993	
0.740494	0.489349	0.508236	
0.689233	0.640049	0.466840	
0.696710	0.658865	0.466220	
0.657153	0.662794	0.461145	
0.614910	0.673514	0.510510	
0.459261	0.766691	0.464596	
0.446795	0.792096	0.500466	
0.446795	0.792096	0.500466	
0.378684	0.866077	0.389471	
0.032609	0.912255	0.433526	
0.216947	0.925199	0.450090	
0.179152	0.916681	0.396273	
0.179152	0.916681	0.396273	
0.151294	0.932579	0.358388	
0.123826	0.952461	0.336425	
0.092751	0.963994	0.411473	
0.035644	0.971183	0.273911	
0.010668	1.008140	0.363237	
0.000000	1.026950	0.251490	
1.038517	0.000000	0.419341	
0.999528	0.000000	0.384765	
0.955077	0.019401	0.370269	
0.934842	0.093037	0.398471	
0.908043	0.063947	0.450061	
0.935316	0.078508	0.445668	
0.885223	0.074597	0.487742	
0.882802	0.084245	0.504545	
0.878169	0.244402	0.469781	
0.844336	0.233657	0.511069	
0.845342	0.256487	0.523091	
0.800707	0.456145	0.560577	
0.740494	0.489349	0.508236	
0.747605	0.378532	0.573092	
0.660891	0.559621	0.576166	
0.589011	0.655480	0.560617	
0.559241	0.726569	0.549872	
0.520750	0.731003	0.525248	
0.415082	0.767466	0.549200	
0.415082	0.767466	0.549200	
0.389410	0.800118	0.535401	
0.225458	0.865635	0.515527	
0.225458	0.865635	0.515527	
0.236450	0.877430	0.499325	
0.067403	0.901087	0.497683	
0.149095	0.926321	0.462762	
0.085587	0.936490	0.454568	
0.084725	0.949003	0.457691	
0.000000	0.977627	0.459887	
0.005326	1.006584	0.336697	
0.000000	1.037215	0.401429	
0.975238	0.000000	0.457848	
0.941859	0.004817	0.469208	
0.929589	0.041116	0.451412	
0.908043	0.063947	0.450061	
0.885223	0.074597	0.487742	
0.882802	0.084245	0.504545	
0.871525	0.000000	0.518678	
0.844336	0.233657	0.511069	
0.853411	0.262497	0.525094	
0.837225	0.365736	0.552738	
0.819445	0.000000	0.594275	
0.692442	0.409534	0.629624	
0.708743	0.476574	0.597276	
0.671783	0.543900	0.590865	
0.557577	0.590752	0.624570	
0.589011	0.655480	0.560617	
0.557577	0.590752	0.624570	
0.463541	0.732078	0.580004	
0.437109	0.758103	0.588067	
0.389410	0.800118	0.535401	
0.357363	0.814692	0.570660	
0.094743	0.855939	0.546346	
0.146288	0.888806	0.519051	
0.191565	0.887181	0.474864	
0.044387	0.896783	0.503862	
0.044387	0.896783	0.503862	
0.085587	0.936490	0.454568	
0.038779	0.963988	0.495876	
0.001784	0.934111	0.447447	
0.000000	1.037215	0.401429	
0.962179	0.000000	0.474939	
0.955077	0.019401	0.370269	
0.929318	0.004798	0.524895	
0.891455	0.088565	0.511745	
0.875336	0.062217	0.507279	
0.842316	0.038901	0.551543	
0.846702	0.099798	0.542135	
0.825825	0.136401	0.583321	
0.819445	0.000000	0.594275	
0.791797	0.063023	0.633130	
0.750699	0.417279	0.630045	
0.708743	0.476574	0.597276	
0.650670	0.434339	0.655761	
0.643639	0.551176	0.603313	
0.584266	0.542647	0.663687	
0.475621	0.631746	0.662674	
0.488927	0.677830	0.635422	
0.404834	0.692670	0.644370	
0.395460	0.771251	0.632648	
0.099841	0.781917	0.633264	
0.000000	0.822357	0.599631	
0.115254	0.854231	0.583569	
0.115566	0.887102	0.577188	
0.115254	0.854231	0.583569	
0.010775	0.892249	0.555819	
0.021582	0.907590	0.546265	
0.021582	0.907590	0.546265	
0.001784	0.934111	0.447447	
0.000000	0.991671	0.306030	
0.958220	0.000000	0.516946	
0.873434	0.000000	0.569267	
0.873434	0.000000	0.569267	
0.845897	0.025306	0.593265	
0.846702	0.099798	0.542135	
0.825825	0.136401	0.583321	
0.818654	0.115881	0.606330	
0.791321	0.037802	0.630043	
0.767625	0.254274	0.648674	
0.747064	0.308539	0.645067	
0.740877	0.176970	0.699788	
0.631051	0.445423	0.675197	
0.647326	0.473374	0.636658	
0.625137	0.449230	0.671286	
0.556837	0.510467	0.679859	
0.475621	0.631746	0.662674	
0.422928	0.632178	0.667068	
0.286447	0.716881	0.675245	
0.286447	0.716881	0.675245	
0.013833	0.800854	0.682377	
0.197857	0.812299	0.618143	
0.034345	0.848294	0.646507	
0.097937	0.852369	0.564636	
0.027237	0.857382	0.594636	
0.027237	0.857382	0.594636	
0.000000	0.905118	0.479851	
0.004741	0.932269	0.590398	
0.000000	0.991671	0.306030	
0.873494	0.000000	0.595299	
0.859574	0.011496	0.553698	
0.865727	0.005789	0.555381	
0.834074	0.060640	0.621523	
0.811196	0.097645	0.625934	
0.774682	0.061661	0.638480	
0.779900	0.000000	0.661212	
0.761228	0.000000	0.686788	
0.736724	0.282933	0.657413	
0.722670	0.267899	0.728070	
0.649695	0.376746	0.712314	
0.604536	0.465054	0.712722	
0.625137	0.449230	0.671286	
0.444342	0.572650	0.733387	
0.444342	0.572650	0.733387	
0.274462	0.665795	0.724537	
0.422928	0.632178	0.667068	
0.263058	0.713736	0.713121	
0.000000	0.760464	0.710524	
0.000000	0.762681	0.662786	
0.071499	0.794640	0.678802	
0.071499	0.794640	0.678802	
0.111191	0.840119	0.641227	
0.084990	0.838844	0.600772	
0.045462	0.861380	0.631758	
0.023199	0.895532	0.629217	
0.000000	1.051740	0.282394	
0.873494	0.000000	0.595299	
0.797992	0.000000	0.641754	
0.806421	0.000000	0.627635	
0.796136	0.010528	0.624457	
0.780384	0.070490	0.655506	
0.761228	0.000000	0.686788	
0.740877	0.176970	0.699788	
0.677419	0.255435	0.715330	
0.696095	0.181327	0.732847	
0.663301	0.276208	0.746719	
0.627019	0.416519	0.770233	
0.578777	0.471760	0.776998	
0.530671	0.483636	0.769210	
0.320219	0.558993	0.786456	
0.463172	0.564759	0.752134	
0.302736	0.576576	0.772894	
0.366759	0.659272	0.735078	
0.339318	0.663846	0.742937	
0.008233	0.755208	0.714956	
0.000000	0.760464	0.710524	
0.001826	0.773394	0.699292	
0.090597	0.801993	0.692442	
0.050962	0.832088	0.681758	
0.050962	0.832088	0.681758	
0.000000	0.905118	0.479851	
0.000000	1.037961	0.742926	
0.757541	0.000000	0.670498	
0.757541	0.000000	0.670498	
0.780384	0.070490	0.655506	
0.757246	0.057342	0.691209	
0.753524	0.081386	0.711971	
0.713125	0.030414	0.729441	
0.696095	0.181327	0.732847	
0.663301	0.276208	0.746719	
0.642625	0.214809	0.763753	
0.592908	0.312523	0.786682	
0.575592	0.367810	0.772406	
0.572835	0.165875	0.823091	
0.440988	0.434503	0.819786	
0.447399	0.457176	0.780693	
0.302736	0.576576	0.772894	
0.338392	0.610655	0.797409	
0.274462	0.665795	0.724537	
0.142056	0.646027	0.809798	
0.087260	0.701387	0.760141	
0.087260	0.701387	0.760141	
0.012430	0.761764	0.740960	
0.076323	0.761362	0.719232	
0.076323	0.761362	0.719232	
0.000000	0.888687	0.573805	
0.000000	0.857343	0.751151	
0.806421	0.000000	0.627635	
0.787053	0.028393	0.702805	
0.757246	0.057342	0.691209	
0.737006	0.104338	0.731239	
0.690793	0.077038	0.747908	
0.666507	0.137983	0.750868	
0.642625	0.214809	0.763753	
0.638512	0.254651	0.771918	
0.592908	0.312523	0.786682	
0.550034	0.364240	0.837014	
0.562297	0.334054	0.890160	
0.444167	0.454626	0.849826	
0.447399	0.457176	0.780693	
0.385304	0.509302	0.796539	
0.329368	0.568009	0.773949	
0.329368	0.568009	0.773949	
0.103072	0.652272	0.806023	
0.103072	0.652272	0.806023	
0.005797	0.721149	0.768123	
0.000000	0.738034	0.795059	
0.000000	0.809166	0.749920	
0.000000	0.716170	0.788049	
0.000000	0.815945	0.738349	
0.000000	0.857343	0.751151	
0.771728	0.000000	0.768250	
0.771728	0.000000	0.768250	
0.717549	0.056277	0.731524	
0.686981	0.100176	0.749077	
0.666507	0.137983	0.750868	
0.638636	0.125123	0.793108	
0.599497	0.191849	0.812320	
0.606226	0.132996	0.837267	
0.544264	0.285913	0.842282	
0.550034	0.364240	0.837014	
0.478126	0.310849	0.893430	
0.440988	0.434503	0.819786	
0.375669	0.447636	0.831440	
0.282323	0.491824	0.831488	
0.311725	0.501184	0.817467	
0.215011	0.572487	0.831374	
0.031575	0.617574	0.838080	
0.128412	0.645916	0.806870	
0.128412	0.645916	0.806870	
0.031575	0.617574	0.838080	
0.035201	0.628951	0.811633	
0.000000	0.805158	0.735732	
0.000000	0.789177	0.760227	
0.664403	0.000000	0.798742	
0.686192	0.000000	0.777418	
0.620700	0.072884	0.818639	
0.645786	0.014982	0.797277	
0.620700	0.072884	0.818639	
0.607020	0.003704	0.825856	
0.567960	0.196916	0.852842	
0.542581	0.207712	0.860683	
0.415652	0.317205	0.888924	
0.415652	0.317205	0.888924	
0.447844	0.369288	0.854037	
0.215390	0.426085	0.899809	
0.350304	0.451144	0.859509	
0.282323	0.491824	0.831488	
0.189947	0.512525	0.846367	
0.000000	0.567024	0.850542	
0.120207	0.580930	0.842077	
0.046804	0.638674	0.839146	
0.035201	0.628951	0.811633	
0.010577	0.682813	0.850520	
0.000000	0.738022	0.769996	
0.000000	0.805158	0.735732	
0.686192	0.000000	0.777418	
0.679460	0.000000	0.817538	
0.607103	0.053092	0.820487	
0.607103	0.053092	0.820487	
0.571292	0.098971	0.857360	
0.563884	0.016499	0.859355	
0.492182	0.123781	0.910142	
0.492182	0.123781	0.910142	
0.477700	0.000000	0.913547	
0.385720	0.344155	0.912660	
0.368531	0.374529	0.902137	
0.215390	0.426085	0.899809	
0.113456	0.475226	0.923234	
0.169897	0.504501	0.874381	
0.189947	0.512525	0.846367	
0.106481	0.562367	0.866982	
0.106073	0.577554	0.825012	
0.106073	0.577554	0.825012	
0.000000	0.666280	0.835062	
0.000000	0.666280	0.835062	
0.000000	0.689670	0.881811	
0.679460	0.000000	0.817538	
0.614229	0.030592	0.837248	
0.577305	0.050538	0.832055	
0.571292	0.098971	0.857360	
0.503158	0.034832	0.880650	
0.475966	0.139620	0.882026	
0.475139	0.031493	0.911756	
0.450281	0.135088	0.909730	
0.380420	0.275843	0.911036	
0.368335	0.156129	0.928378	
0.313999	0.214857	0.942022	
0.136486	0.375485	0.925282	
0.000000	0.458675	0.906849	
0.174538	0.489121	0.892849	
0.143146	0.509654	0.863477	
0.016660	0.530774	0.877121	
0.048987	0.603091	0.861473	
0.048987	0.603091	0.861473	
0.010187	0.657654	0.875311	
0.000000	0.728663	0.912726	
0.670016	0.000000	0.855162	
0.598208	0.000000	0.826929	
0.549131	0.018985	0.888149	
0.519996	0.016137	0.867729	
0.475966	0.139620	0.882026	
0.467202	0.030967	0.896526	
0.450281	0.135088	0.909730	
0.413750	0.178056	0.942739	
0.368335	0.156129	0.928378	
0.313999	0.214857	0.942022	
0.231757	0.377463	0.945828	
0.152764	0.400758	0.944727	
0.098721	0.436926	0.928912	
0.000000	0.458675	0.906849	
0.134491	0.503950	0.889577	
0.000000	0.570256	0.935718	
0.030522	0.476342	0.932164	
0.030522	0.476342	0.932164	
0.000000	0.590897	0.958879	
0.559964	0.000000	0.876118	
0.467893	0.021233	0.891970	
0.462862	0.020185	0.897447	
0.470480	0.021767	0.889394	
0.455187	0.079725	0.902773	
0.418247	0.179231	0.908472	
0.396293	0.183875	0.955149	
0.325245	0.217020	0.960111	
0.333607	0.139252	0.947020	
0.035969	0.307597	0.965634	
0.035969	0.307597	0.965634	
0.000000	0.390188	0.950840	
0.125451	0.376350	0.941436	
0.125678	0.470431	0.947519	
0.000000	0.487244	0.961908	
0.000000	0.487244	0.961908	
0.000000	0.590897	0.958879	
0.000000	0.000000	1.018026	
0.458562	0.000000	0.930461	
0.463814	0.004658	0.917675	
0.470480	0.021767	0.889394	
0.455187	0.079725	0.902773	
0.400023	0.000676	0.955665	
0.328263	0.122312	0.965934	
0.335191	0.159202	0.964052	
0.325245	0.217020	0.960111	
0.096919	0.264758	0.971702	
0.202089	0.259952	0.951575	
0.000000	0.359647	0.985793	
0.000000	0.390188	0.950840	
0.094614	0.356381	0.977143	
0.094614	0.356381	0.977143	
0.000000	0.000000	1.018026	
0.000000	0.000000	1.028111	
0.000000	0.000000	1.028096	
0.453641	0.000000	0.954125	
0.458562	0.000000	0.930461	
0.443476	0.048006	0.936497	
0.380724	0.000000	0.962459	
0.366907	0.017457	0.967112	
0.277793	0.146880	0.976163	
0.277793	0.146880	0.976163	
0.199017	0.196819	0.972830	
0.202089	0.259952	0.951575	
0.199190	0.258998	0.981675	
0.152621	0.031549	1.013159	
0.000000	0.397932	0.984898	
0.000000	0.397932	0.984898	
0.044943	0.001921	1.024303	
0.000000	0.000000	1.004768	
0.000000	0.000000	1.004768	
0.453641	0.000000	0.954125	
0.417167	0.000000	0.977258	
0.380724	0.000000	0.962459	
0.366907	0.017457	0.967112	
0.266960	0.072532	0.970001	
0.266960	0.072532	0.970001	
0.242999	0.167472	0.970401	
0.199017	0.196819	0.972830	
0.199190	0.258998	0.981675	
0.160964	0.167160	0.984248	
0.129608	0.187585	1.019371	
0.082651	0.000000	1.022935	
0.067488	0.157842	1.011594	
0.000000	0.000000	1.019287	
0.000000	0.000000	1.019287	
0.377952	0.000000	0.979651	
0.377952	0.000000	0.979651	
0.320811	0.004787	0.976581	
0.320811	0.004787	0.976581	
0.147594	0.046374	0.996594	
0.251709	0.076941	1.001615	
0.150775	0.147986	0.982665	
0.191518	0.148449	0.982089	
0.160964	0.167160	0.984248	
0.101993	0.251446	0.998848	
0.093085	0.081189	1.026700	
0.067488	0.157842	1.011594	
0.000000	0.000000	1.026517	
0.000000	0.374113	1.030264	
0.000000	0.000000	1.055079	
0.325554	0.000000	1.033281	
0.187814	0.063106	0.991668	
0.122171	0.043991	0.998531	
0.217729	0.078903	0.996095	
0.150775	0.147986	0.982665	
0.191518	0.148449	0.982089	
0.057032	0.214790	0.989554	
0.101993	0.251446	0.998848	
0.071860	0.227009	1.000531	
0.047547	0.122258	1.004858	
0.000000	0.329484	1.005129	
0.000000	0.329484	1.005129	
0.035337	0.000000	1.042748	
0.243794	0.001216	1.001010	
0.147594	0.046374	0.996594	
0.187814	0.063106	0.991668	
0.217729	0.078903	0.996095	
0.174599	0.143567	0.994486	
0.101423	0.158182	1.003814	
0.122662	0.173850	0.998347	
0.047547	0.122258	1.004858	
0.000000	0.261183	1.021726	
0.000000	0.245661	1.024755	
0.000000	0.261183	1.021726	
0.306191	0.000000	1.028633	
0.243794	0.001216	1.001010	
0.217115	0.000000	1.003698	
0.117564	0.066146	0.994324	
0.162864	0.093785	0.995577	
0.065313	0.068846	0.996058	
0.056490	0.093863	0.999638	
0.022755	0.038290	1.014363	
0.055550	0.176556	0.998910	
0.015695	0.170777	1.019807	
0.000000	0.245661	1.024755	
0.000000	0.000000	1.030949	
0.217115	0.000000	1.003698	
0.137732	0.044299	1.001110	
0.137732	0.044299	1.001110	
0.056490	0.093863	0.999638	
0.065313	0.068846	0.996058	
0.029189	0.049483	1.015080	
0.055550	0.176556	0.998910	
0.015695	0.170777	1.019807	
0.000000	0.196563	1.040270	
0.000000	0.000000	1.030949	
0.052570	0.014498	1.019875	
0.060929	0.043715	1.011235	
0.090083	0.054344	1.012135	
0.031165	0.064913	1.009476	
0.013105	0.038150	1.016575	
0.005476	0.018112	1.012329	
0.000000	0.159061	0.994167	
0.000000	0.000000	1.034202	
0.066754	0.000000	1.027220	
0.123732	0.005560	1.027612	
0.008440	0.051796	1.009472	
0.022552	0.066693	1.007160	
0.031165	0.064913	1.009476	
0.011105	0.081332	1.005304	
0.000000	0.159061	0.994167	
0.000000	0.158761	0.992191	
0.066754	0.000000	1.027220	
0.009073	0.016833	1.012910	
0.060929	0.043715	1.011235	
0.022552	0.066693	1.007160	
0.031165	0.064913	1.009476	
0.020105	0.066500	1.012711	
0.000000	0.158761	0.992191	
0.000000	0.000000	1.065601	
0.036317	0.020398	1.023115	
0.009073	0.016833	1.012910	
0.043087	0.034529	1.009585	
0.005476	0.018112	1.012329	
0.000000	0.090134	1.024128	
0.084471	0.000000	1.068434	
0.008581	0.008577	1.029767	
0.010486	0.035428	1.013247	
0.015798	0.014971	1.013413	
0.000000	0.060448	1.022338	
0.000000	0.000000	1.065601	
0.036317	0.020398	1.023115	
0.015798	0.014971	1.013413	
0.000000	0.060448	1.022338	
0.000000	0.000000	1.030307	
0.000000	0.000000	1.021466	
0.000000	0.000000	1.026279	
0.000000	0.000000	1.070022	
0.000000	0.000000	1.021466	
0.000000	0.000000	1.076792	
0.000000	0.000000	0.000000	
0.000000	0.000000	0.000000	
0.000000	0.000000	0.000000	
0.000000	0.000000	0.000000	
0.000000	0.000000	0.000000	
0.000000	0.000000	0.000000	
0.000000	0.000000	0.000000	
0.000000	0.000000	0.000000	
0.000000	0.000000	0.000000	
0.000000	0.000000	0.000000	
