10.795985	0.000000	0.000000	
1.847764	0.023823	0.000000	
1.797453	0.077899	0.000000	
1.797453	0.077899	0.000000	
1.847764	0.023823	0.000000	
1.609995	0.227853	0.000000	
1.528359	0.222758	0.000000	
1.407466	0.131689	0.000000	
1.523980	0.199470	0.000000	
1.388174	0.372976	0.000000	
1.388174	0.372976	0.000000	
1.418077	0.554862	0.000000	
1.661105	0.623019	0.000000	
1.522020	0.671036	0.000000	
1.522020	0.671036	0.000000	
2.248176	0.926651	0.000000	
2.248176	0.926651	0.000000	
2.995996	3.274281	0.000000	
4.611934	2.481053	0.000000	
4.611934	2.481053	0.000000	
3.860726	1.462940	0.000000	
2.860821	3.429667	0.000000	
2.860821	3.429667	0.000000	
2.785748	4.843155	0.000000	
4.790399	5.041095	0.000000	
4.325886	5.798636	0.000000	
3.858865	5.957622	0.000000	
3.567321	6.260897	0.000000	
3.434650	6.388918	0.000000	
2.786791	7.009833	0.000000	
3.204580	7.320418	0.000000	
2.733678	7.642867	0.000000	
3.904991	9.939375	0.000000	
5.756623	0.322454	0.000000	
5.756623	0.322454	0.000000	
1.443236	25.866454	0.000000	
6.198466	28.360508	0.000000	
2.396888	34.437218	0.000000	
2.396888	34.437218	0.000000	
0.000000	37.298927	0.000000	
0.894450	37.117087	0.000000	
0.826693	34.305369	0.000000	
0.415673	22.748860	0.000000	
0.000000	39.514737	0.000000	
2.989884	0.000000	0.000000	
1.629646	0.023937	0.022914	
1.629646	0.023937	0.022914	
1.541708	0.029088	0.037067	
1.216635	0.060843	0.018465	
1.216635	0.060843	0.018465	
1.407466	0.131689	0.000000	
1.346143	0.000000	0.025899	
1.122908	0.017055	0.029972	
1.389578	0.257117	0.009967	
1.424137	0.374049	0.021901	
1.342968	0.303865	0.008503	
1.371775	0.391619	0.006578	
1.342968	0.303865	0.008503	
1.348316	0.366405	0.000000	
1.788434	0.758431	0.010541	
1.372472	0.450149	0.000000	
1.788434	0.758431	0.010541	
2.115833	1.132304	0.027000	
2.210594	0.973236	0.063149	
2.210594	0.973236	0.063149	
2.121084	2.351477	0.088346	
2.131253	1.785513	0.105445	
2.705744	1.778599	0.161644	
0.504945	0.534494	0.162080	
0.504945	0.534494	0.162080	
3.648981	5.978110	0.105855	
3.244570	6.454385	0.102034	
3.244570	6.454385	0.102034	
3.055490	7.040614	0.063237	
2.560619	7.144205	0.011665	
3.353925	7.959970	0.035322	
0.716052	0.157393	0.322405	
0.716052	0.157393	0.322405	
0.496007	0.224177	0.350879	
0.005711	14.631322	0.000000	
0.642628	0.036219	0.444299	
0.642628	0.036219	0.444299	
0.861363	0.000000	0.639646	
1.260786	25.529103	0.485482	
0.000000	22.325279	0.676487	
0.415673	22.748860	0.000000	
0.000000	34.121492	0.000000	
1.529899	0.000000	0.119113	
1.519177	0.019035	0.063624	
1.441438	0.067973	0.054347	
1.365175	0.097132	0.065669	
1.322412	0.113804	0.074732	
1.322412	0.113804	0.074732	
1.259657	0.000000	0.052338	
1.122908	0.017055	0.029972	
1.116028	0.000000	0.045719	
1.106610	0.015846	0.052539	
1.159079	0.000000	0.058833	
1.106610	0.015846	0.052539	
1.014424	0.149575	0.034782	
1.131122	0.026429	0.023902	
1.062007	0.182373	0.064554	
0.979404	0.328392	0.085394	
1.369963	0.804738	0.101276	
1.833901	1.175476	0.000000	
1.790858	1.660784	0.137317	
2.543122	1.164862	0.081508	
2.131253	1.785513	0.105445	
1.761175	2.197616	0.003328	
2.705744	1.778599	0.161644	
3.143152	2.444590	0.000000	
2.968202	2.445372	0.415602	
3.589648	5.888502	0.393253	
3.648981	5.978110	0.105855	
3.359600	6.505533	0.124912	
3.238172	6.668771	0.237165	
2.891317	6.498986	0.461682	
2.560619	7.144205	0.011665	
2.436087	9.543385	0.217972	
3.641455	7.803112	0.693730	
1.623106	0.000000	1.031535	
1.623106	0.000000	1.031535	
2.115587	7.131791	1.363921	
1.518975	16.693161	0.036250	
2.688346	2.048893	1.390599	
1.260786	25.529103	0.485482	
1.260786	25.529103	0.485482	
0.826693	34.305369	0.000000	
0.000000	39.514737	0.000000	
1.502239	0.000000	0.113404	
1.428116	0.013551	0.098598	
1.358633	0.064647	0.108127	
1.358633	0.064647	0.108127	
1.360189	0.134959	0.075336	
1.327000	0.155287	0.112298	
1.116028	0.000000	0.045719	
0.949921	0.003545	0.083258	
0.854192	0.077744	0.087566	
0.856852	0.072847	0.079314	
0.856852	0.072847	0.079314	
0.840270	0.369457	0.088734	
0.984716	0.000000	0.109700	
0.862968	0.528708	0.015333	
0.621105	0.503332	0.008880	
0.979404	0.328392	0.085394	
0.936502	0.343963	0.151990	
1.790858	1.660784	0.137317	
1.832400	1.967011	0.027592	
2.401994	1.649899	0.331764	
2.395202	2.235017	0.018622	
2.046817	0.907565	0.288062	
2.046817	0.907565	0.288062	
2.960106	1.369895	0.115442	
2.968202	2.445372	0.415602	
3.589648	5.888502	0.393253	
3.054470	6.424233	0.210765	
3.054470	6.424233	0.210765	
2.482896	6.645996	0.647270	
2.482896	6.645996	0.647270	
2.436087	9.543385	0.217972	
3.353386	7.526633	0.479015	
3.641455	7.803112	0.693730	
2.043683	0.136124	1.601554	
2.043683	0.136124	1.601554	
0.005711	14.631322	0.000000	
0.773465	25.968982	1.445810	
2.075716	1.302218	2.432263	
1.260786	25.529103	0.485482	
0.404922	32.697894	1.999387	
0.000000	30.465134	0.454679	
1.413400	0.000000	0.143697	
1.359550	0.029166	0.134541	
1.325120	0.069406	0.119156	
1.337659	0.102129	0.112246	
1.207101	0.001692	0.126867	
1.069124	0.037908	0.106289	
0.870896	0.078828	0.100203	
0.870896	0.078828	0.100203	
0.804225	0.115483	0.093221	
0.777293	0.154848	0.100770	
0.835344	0.265688	0.091633	
0.835344	0.265688	0.091633	
0.936502	0.343963	0.151990	
0.743829	0.423598	0.073043	
0.743829	0.423598	0.073043	
0.862968	0.528708	0.015333	
1.067721	1.062381	0.045632	
0.989260	0.706526	0.079527	
1.832400	1.967011	0.027592	
1.732322	0.865846	0.198788	
1.697948	0.992458	0.184548	
1.732322	0.865846	0.198788	
2.789195	0.952001	0.615735	
2.410770	1.168270	0.327892	
3.712511	5.857120	0.790928	
2.731296	5.123343	0.706104	
2.731296	5.123343	0.706104	
2.659688	6.605200	0.753938	
2.659688	6.605200	0.753938	
2.371647	7.551804	0.598516	
3.234763	6.598067	1.498572	
3.473197	8.620065	0.231287	
4.486314	5.213625	2.040643	
2.700654	2.837582	2.830831	
4.486314	5.213625	2.040643	
0.000000	39.320592	1.498389	
0.773465	25.968982	1.445810	
1.106404	32.038312	2.585070	
0.000000	32.332393	2.020663	
0.000000	37.034174	0.910829	
1.384702	0.000000	0.168599	
1.354497	0.025603	0.148539	
1.325120	0.069406	0.119156	
1.207101	0.001692	0.126867	
0.987608	0.099600	0.040811	
0.957733	0.123665	0.128132	
0.934834	0.148864	0.091371	
0.804225	0.115483	0.093221	
0.777293	0.154848	0.100770	
0.784096	0.216441	0.081666	
0.801795	0.281749	0.089912	
0.840270	0.369457	0.088734	
0.889534	0.359688	0.096396	
0.737242	0.423916	0.051025	
0.712441	0.450803	0.000000	
0.520868	0.602827	0.000000	
0.989260	0.706526	0.079527	
1.820024	0.000000	0.185314	
2.058143	1.157216	0.544938	
1.319376	0.766829	0.217792	
1.697948	0.992458	0.184548	
1.747105	0.920717	0.482654	
2.590272	1.348936	0.695733	
1.372741	1.172835	0.786109	
2.962360	4.670689	1.168167	
2.725236	5.040794	0.925209	
2.725236	5.040794	0.925209	
2.604236	5.604979	1.226645	
2.235330	7.385501	1.316816	
2.236429	7.246191	1.345918	
3.280036	11.357968	1.482304	
4.972141	10.262179	1.085769	
3.896878	0.000000	3.640987	
3.896878	0.000000	3.640987	
3.150271	27.484080	3.744629	
0.025051	36.323782	3.729425	
0.215389	18.192041	3.701921	
0.629104	19.467436	3.749015	
0.000000	41.429617	3.216349	
1.383739	0.000000	0.191856	
1.292270	0.015846	0.216654	
1.269126	0.070538	0.219154	
1.122124	0.091393	0.104802	
0.976475	0.113372	0.040043	
0.917266	0.094383	0.156206	
0.833011	0.171601	0.034390	
0.839347	0.074242	0.100458	
0.784096	0.216441	0.081666	
0.770668	0.189936	0.135163	
0.849477	0.200332	0.087727	
0.818259	0.364856	0.000000	
0.818259	0.364856	0.000000	
0.740068	0.407740	0.000000	
0.708453	0.437776	0.000000	
0.695003	0.439696	0.055431	
0.856075	0.174274	0.109027	
0.869763	0.295712	0.058564	
1.820024	0.000000	0.185314	
1.319376	0.766829	0.217792	
1.806456	0.956845	0.605165	
1.806456	0.956845	0.605165	
2.590272	1.348936	0.695733	
1.372741	1.172835	0.786109	
2.297166	4.818733	1.198816	
2.297166	4.818733	1.198816	
2.308342	5.261315	0.932863	
1.861811	6.166033	0.375383	
2.236429	7.246191	1.345918	
3.234763	6.598067	1.498572	
3.563043	17.861867	0.000000	
1.770391	20.035076	2.028677	
0.970486	12.572971	3.726829	
3.485654	32.517272	1.997074	
0.530777	24.902512	6.186953	
0.530777	24.902512	6.186953	
0.215389	18.192041	3.701921	
0.000000	20.626764	6.289182	
1.371620	0.000000	0.233381	
1.277949	0.017950	0.225899	
1.125586	0.069503	0.203791	
1.045722	0.079233	0.229019	
0.771033	0.114602	0.202863	
0.791168	0.132120	0.138705	
0.845134	0.168118	0.175626	
0.778580	0.178527	0.192115	
0.770668	0.189936	0.135163	
0.807181	0.227758	0.131975	
0.802206	0.222937	0.181997	
0.785238	0.229314	0.085546	
0.785238	0.229314	0.085546	
0.708453	0.437776	0.000000	
0.687829	0.300397	0.039977	
0.792842	0.544033	0.000000	
0.856075	0.174274	0.109027	
0.959686	0.133732	0.068356	
1.265575	1.758379	0.636483	
2.035085	0.996559	0.480605	
2.350141	1.078104	0.248073	
2.035085	0.996559	0.480605	
2.698775	2.411175	1.482746	
2.667660	3.036976	1.167516	
2.221456	5.214391	1.449516	
2.467964	5.158441	1.650797	
2.292814	6.102539	1.086295	
2.523455	6.038593	1.982661	
3.280036	11.357968	1.482304	
3.832674	16.301742	6.108636	
3.455961	25.041715	2.070728	
3.455961	25.041715	2.070728	
1.515696	14.469158	3.909932	
2.404028	26.176417	6.990843	
0.022132	32.090553	3.294792	
0.000000	26.870687	6.324451	
0.000000	32.650437	0.000000	
1.261743	0.000000	0.284534	
1.261743	0.000000	0.284534	
0.982807	0.040879	0.273715	
0.970891	0.069667	0.200139	
0.917266	0.094383	0.156206	
0.771033	0.114602	0.202863	
0.811452	0.151991	0.216783	
0.778580	0.178527	0.192115	
0.761534	0.214877	0.190503	
0.802206	0.222937	0.181997	
0.807181	0.227758	0.131975	
0.762586	0.350877	0.169376	
0.742803	0.370585	0.132511	
0.687829	0.300397	0.039977	
0.695003	0.439696	0.055431	
0.733357	0.399466	0.000000	
0.869763	0.295712	0.058564	
0.880520	0.511366	0.000000	
1.594442	0.561908	0.000000	
1.765327	1.198792	1.081857	
2.350141	1.078104	0.248073	
2.022971	1.100803	1.257565	
1.938653	2.171447	1.466234	
2.667660	3.036976	1.167516	
1.692173	4.654358	1.786230	
1.692173	4.654358	1.786230	
2.029008	6.272742	1.418937	
1.861811	6.166033	0.375383	
0.000000	10.897848	2.102152	
3.163146	1.118319	6.560829	
0.890301	23.851095	3.715079	
1.193185	7.722721	7.202909	
0.970486	12.572971	3.726829	
1.193185	7.722721	7.202909	
0.022132	32.090553	3.294792	
0.000000	27.701899	9.095851	
1.146162	0.000000	0.300075	
0.938542	0.006266	0.307292	
0.859572	0.028470	0.255759	
0.821993	0.047875	0.244404	
0.834415	0.070630	0.232232	
0.774371	0.095974	0.258745	
0.774371	0.095974	0.258745	
0.774371	0.095974	0.258745	
0.623399	0.203923	0.234055	
0.675125	0.192042	0.239715	
0.706985	0.288238	0.228892	
0.742803	0.370585	0.132511	
0.762586	0.350877	0.169376	
0.737634	0.443953	0.004006	
0.792842	0.544033	0.000000	
0.778487	0.406959	0.014490	
0.778487	0.406959	0.014490	
0.645049	0.589607	0.568642	
1.072335	0.339059	0.326251	
2.003342	2.396204	1.128692	
0.977076	1.441311	0.456407	
1.778435	2.771762	1.442322	
1.888217	3.760493	1.593021	
1.696711	4.729576	2.079579	
1.562079	4.683206	2.050976	
1.696711	4.729576	2.079579	
2.426182	6.963960	2.859341	
3.125898	7.533273	0.210462	
0.000000	10.897848	2.102152	
0.002274	0.005241	8.147773	
0.890301	23.851095	3.715079	
0.203694	27.761177	3.803811	
1.515696	14.469158	3.909932	
0.318044	23.826762	6.911472	
0.000000	33.496404	1.155628	
1.039928	0.000000	0.331588	
0.927773	0.025430	0.260184	
0.821993	0.047875	0.244404	
0.834415	0.070630	0.232232	
0.774371	0.095974	0.258745	
0.730365	0.119593	0.264692	
0.730365	0.119593	0.264692	
0.623399	0.203923	0.234055	
0.675125	0.192042	0.239715	
0.614800	0.204875	0.230152	
0.684984	0.215267	0.290892	
0.668967	0.332673	0.249556	
0.657252	0.283543	0.312571	
0.551320	0.128771	0.406917	
0.510731	0.543324	0.400307	
0.813474	0.378979	0.106234	
0.645049	0.589607	0.568642	
1.072335	0.339059	0.326251	
2.003342	2.396204	1.128692	
2.022971	1.100803	1.257565	
2.021030	3.043456	1.519818	
1.778435	2.771762	1.442322	
2.259233	2.771801	2.038806	
1.396504	4.785334	2.266054	
1.396504	4.785334	2.266054	
3.125898	7.533273	0.210462	
3.554204	11.113466	5.198466	
3.813591	18.438779	6.584574	
0.002274	0.005241	8.147773	
0.000000	27.259803	5.194255	
0.000000	21.041640	3.110101	
1.443996	26.520875	3.803811	
0.717327	21.231062	8.164007	
0.000000	33.496404	1.155628	
1.086567	0.000000	0.346365	
0.859572	0.028470	0.255759	
0.803072	0.051214	0.274782	
0.750215	0.061640	0.258812	
0.695197	0.080296	0.277967	
0.688370	0.105979	0.275325	
0.762314	0.163532	0.278464	
0.690870	0.192819	0.289527	
0.629819	0.185704	0.268621	
0.684984	0.215267	0.290892	
0.678456	0.285222	0.288143	
0.657252	0.283543	0.312571	
0.477383	0.369572	0.275414	
0.477383	0.369572	0.275414	
0.523145	0.254919	0.404146	
0.354738	0.257302	0.495857	
1.594442	0.561908	0.000000	
1.874693	2.120989	0.981208	
1.999033	2.500294	1.541389	
1.605260	2.643856	1.645374	
1.822583	3.120579	1.682050	
1.888217	3.760493	1.593021	
1.561859	2.542642	3.205852	
2.423670	9.519408	1.913067	
5.394885	15.938512	7.089854	
3.956089	15.946512	6.831814	
3.881718	17.707818	7.247408	
3.865174	16.110611	7.199438	
0.000000	22.677542	9.110453	
0.000000	22.677542	9.110453	
0.000000	21.041640	3.110101	
0.000000	27.259803	5.194255	
0.000000	30.928023	4.687532	
1.044135	0.000000	0.287640	
0.893611	0.023643	0.358211	
0.816815	0.044397	0.342432	
0.695197	0.080296	0.277967	
0.731418	0.091921	0.314478	
0.722183	0.134407	0.304918	
0.681176	0.114697	0.304346	
0.611972	0.194980	0.314735	
0.614800	0.204875	0.230152	
0.662857	0.253174	0.324108	
0.640364	0.086718	0.359485	
0.640364	0.086718	0.359485	
0.477782	0.402432	0.291108	
0.596433	0.188856	0.359671	
0.354738	0.257302	0.495857	
0.560249	0.330252	0.866585	
1.807113	0.168952	1.418688	
1.774045	2.142934	1.269296	
1.893563	2.158846	1.597472	
1.637950	2.313879	1.568729	
1.702313	2.232427	1.979176	
1.404463	2.588147	2.105214	
5.774643	7.942125	6.428077	
0.000000	14.300716	8.023591	
1.699419	12.944520	4.808367	
1.699419	12.944520	4.808367	
1.712211	19.394070	7.316969	
0.885055	24.252651	9.972594	
0.000000	20.079106	9.196017	
0.000000	22.106039	7.498448	
0.000000	27.259803	5.194255	
0.000000	27.259803	5.194255	
0.858929	0.000000	0.435649	
0.763699	0.028380	0.345504	
0.798681	0.003486	0.372433	
0.668231	0.070182	0.339130	
0.688370	0.105979	0.275325	
0.681176	0.114697	0.304346	
0.661238	0.123851	0.353264	
0.565952	0.195268	0.333199	
0.565952	0.195268	0.333199	
0.622293	0.080617	0.361423	
0.622293	0.080617	0.361423	
0.393512	0.308612	0.391748	
0.393512	0.308612	0.391748	
0.523145	0.254919	0.404146	
0.596433	0.188856	0.359671	
0.560249	0.330252	0.866585	
1.807113	0.168952	1.418688	
1.857907	2.336368	1.817128	
1.637950	2.313879	1.568729	
1.702313	2.232427	1.979176	
1.404463	2.588147	2.105214	
2.136889	3.326777	2.182193	
0.000000	11.281483	7.494434	
0.698504	7.876403	4.418731	
4.128243	0.000000	8.178492	
3.865174	16.110611	7.199438	
1.486258	13.774614	10.903595	
0.849843	23.287760	11.071726	
0.000000	22.106039	7.498448	
0.000000	20.079106	9.196017	
0.000000	30.928023	4.687532	
0.858929	0.000000	0.435649	
0.749683	0.017076	0.419949	
0.664610	0.034159	0.379230	
0.668231	0.070182	0.339130	
0.613770	0.079781	0.365703	
0.649129	0.133687	0.379031	
0.628032	0.086382	0.325270	
0.635122	0.160553	0.382752	
0.572600	0.130801	0.373774	
0.542647	0.157451	0.334604	
0.509766	0.266182	0.307184	
0.509766	0.266182	0.307184	
0.485837	0.194554	0.343631	
0.480936	0.318346	0.235463	
0.529989	0.077993	0.487677	
1.807087	1.961073	1.828253	
1.718394	1.948719	1.516109	
1.681511	1.738330	1.725264	
1.605260	2.643856	1.645374	
1.615618	1.674956	2.110875	
1.893563	2.158846	1.597472	
0.780181	3.562497	1.980238	
0.629603	4.857738	2.608040	
0.197419	0.859280	0.403467	
0.262744	6.928047	4.400684	
1.386268	8.623223	6.662153	
0.840165	9.793182	7.330744	
0.849843	23.287760	11.071726	
0.340858	5.479531	7.451096	
0.000000	31.488920	11.600277	
0.763810	0.000000	0.454448	
0.749683	0.017076	0.419949	
0.664610	0.034159	0.379230	
0.592579	0.057959	0.367283	
0.629023	0.042404	0.405368	
0.622846	0.070027	0.365153	
0.526519	0.112466	0.407796	
0.536093	0.117707	0.376936	
0.474172	0.162957	0.376703	
0.471898	0.184779	0.361724	
0.471898	0.184779	0.361724	
0.388197	0.299707	0.375627	
0.416582	0.283224	0.436226	
0.458165	0.193149	0.436297	
0.501139	0.668839	0.278534	
0.894822	0.486663	0.598892	
1.366437	2.150617	1.969856	
1.479928	1.923826	2.071367	
1.615618	1.674956	2.110875	
0.501618	3.088757	1.688692	
0.262263	2.787822	1.300309	
0.780181	3.562497	1.980238	
0.665304	6.648947	3.754736	
0.197419	0.859280	0.403467	
0.439407	9.570084	6.662153	
1.386268	8.623223	6.662153	
0.840165	9.793182	7.330744	
0.340858	5.479531	7.451096	
0.000000	31.090478	17.056540	
0.714870	0.000000	0.460177	
0.698679	0.000000	0.416689	
0.628539	0.042426	0.398913	
0.629023	0.042404	0.405368	
0.615964	0.071240	0.364369	
0.526519	0.112466	0.407796	
0.558650	0.130686	0.428110	
0.426643	0.191476	0.439153	
0.419675	0.214153	0.400138	
0.419675	0.214153	0.400138	
0.449746	0.240174	0.429261	
0.364470	0.283914	0.396613	
0.388197	0.299707	0.375627	
0.397878	0.352016	0.334724	
1.747251	1.740977	1.996078	
1.602881	2.015496	1.945654	
0.894822	0.486663	0.598892	
1.332655	1.622885	2.456450	
1.342256	1.478401	2.526213	
0.225404	2.167233	0.953913	
0.230374	1.963934	0.927847	
0.251646	1.857030	0.884342	
0.570979	4.628779	2.220175	
0.262744	6.928047	4.400684	
0.313221	9.696271	6.662153	
0.012497	5.258946	2.342520	
0.012497	5.258946	2.342520	
0.000000	21.587275	17.267837	
0.758924	0.000000	0.494342	
0.671071	0.022340	0.438768	
0.607352	0.043957	0.447590	
0.615964	0.071240	0.364369	
0.622846	0.070027	0.365153	
0.558650	0.130686	0.428110	
0.428225	0.160579	0.463498	
0.474172	0.162957	0.376703	
0.410019	0.175072	0.430074	
0.434294	0.227986	0.435221	
0.439418	0.207097	0.466898	
0.364470	0.283914	0.396613	
0.460936	0.375553	0.285672	
0.461446	0.188351	0.402373	
1.571888	0.688221	1.187607	
1.097813	2.233903	2.179793	
1.097813	2.233903	2.179793	
1.361701	1.357176	2.623159	
0.225404	2.167233	0.953913	
0.230374	1.963934	0.927847	
0.261453	1.847224	0.884342	
0.261453	1.847224	0.884342	
0.799848	7.295492	3.821707	
0.000000	8.568779	4.859429	
0.000000	12.086224	6.709342	
0.000000	4.965388	3.151106	
0.000000	9.442269	9.011310	
0.698679	0.000000	0.416689	
0.647772	0.000376	0.490064	
0.560505	0.010353	0.464565	
0.579711	0.018345	0.463641	
0.523822	0.084954	0.474469	
0.523822	0.084954	0.474469	
0.501101	0.093363	0.433620	
0.453109	0.172857	0.435174	
0.414083	0.199314	0.479750	
0.373397	0.236620	0.488593	
0.414851	0.253000	0.504249	
0.435342	0.129564	0.542306	
0.461446	0.188351	0.402373	
0.460936	0.375553	0.285672	
1.571888	0.688221	1.187607	
0.622558	0.265256	0.636989	
1.342256	1.478401	2.526213	
1.217797	1.355992	2.768283	
4.252405	8.082943	2.936552	
1.198865	7.568098	3.469697	
0.570979	4.628779	2.220175	
1.507551	9.516751	4.270539	
0.000000	8.568779	4.859429	
0.000000	8.568779	4.859429	
0.000000	14.033641	11.813493	
0.000000	4.965388	3.151106	
0.569441	0.000000	0.442225	
0.569441	0.000000	0.442225	
0.560505	0.010353	0.464565	
0.527007	0.026930	0.516374	
0.499851	0.000000	0.526227	
0.524722	0.000000	0.482486	
0.501101	0.093363	0.433620	
0.414083	0.199314	0.479750	
0.414851	0.253000	0.504249	
0.407793	0.229021	0.565403	
0.436001	0.243308	0.587708	
0.478196	0.168308	0.445119	
0.478196	0.168308	0.445119	
0.827321	0.253071	1.515508	
0.622558	0.265256	0.636989	
1.136816	4.728374	3.818219	
1.669672	4.376995	7.600499	
1.669672	4.376995	7.600499	
0.000000	10.834758	11.267234	
1.198865	7.568098	3.469697	
1.507551	9.516751	4.270539	
1.769799	11.172247	4.959591	
1.299153	16.313050	8.328458	
0.521109	8.556476	13.814275	
0.000000	22.614336	14.692501	
0.545613	0.000000	0.527675	
0.545613	0.000000	0.527675	
0.541095	0.008428	0.488568	
0.554540	0.000000	0.522281	
0.527883	0.000000	0.518156	
0.527883	0.000000	0.518156	
0.478901	0.080720	0.612135	
0.495605	0.024535	0.631272	
0.407793	0.229021	0.565403	
0.436001	0.243308	0.587708	
0.545841	0.000000	0.753717	
0.549899	0.000000	0.835195	
0.807626	0.603747	1.481640	
2.928341	4.411634	1.820844	
3.652329	2.772519	7.664784	
0.985379	2.392682	11.890998	
0.115181	10.714986	11.107162	
0.056513	10.571083	10.975338	
1.663486	10.501121	4.339525	
1.769799	11.172247	4.959591	
0.663244	5.113530	10.624347	
0.663244	5.113530	10.624347	
0.521109	8.556476	13.814275	
0.000000	22.614336	14.692501	
0.502170	0.000000	0.572070	
0.520154	0.000786	0.535948	
0.520154	0.000786	0.535948	
0.530559	0.074069	0.542457	
0.478901	0.080720	0.612135	
0.491024	0.067798	0.538555	
0.450752	0.031089	0.623232	
0.450752	0.031089	0.623232	
0.529429	0.271537	0.710852	
0.529429	0.271537	0.710852	
0.349524	0.439985	0.559969	
0.796729	0.218267	1.628517	
0.784150	0.197673	1.712564	
3.426945	1.364826	7.972236	
0.985379	2.392682	11.890998	
0.115181	10.714986	11.107162	
0.056513	10.571083	10.975338	
0.114631	10.663873	11.054179	
1.663486	10.501121	4.339525	
0.005882	13.022788	13.723936	
1.769799	11.172247	4.959591	
0.675246	14.933930	16.698617	
0.000000	21.202297	20.212900	
0.406781	0.000000	0.617943	
0.612532	0.007641	0.606058	
0.524556	0.014015	0.626413	
0.351738	0.052696	0.617705	
0.351738	0.052696	0.617705	
0.495605	0.024535	0.631272	
0.391793	0.155750	0.618701	
0.452258	0.057250	0.661320	
0.460718	0.139236	0.834110	
0.562054	0.000916	1.058478	
0.796729	0.218267	1.628517	
0.784150	0.197673	1.712564	
4.222393	3.909937	14.314463	
4.622860	4.865296	16.835986	
4.600143	9.963462	13.199438	
0.000000	10.834758	11.267234	
0.030735	0.216984	0.252281	
0.030735	0.216984	0.252281	
0.000000	10.365602	14.697925	
0.000000	12.362372	15.286788	
0.675246	14.933930	16.698617	
0.000000	18.705392	22.010913	
0.587372	0.000000	0.756608	
0.612532	0.007641	0.606058	
0.354210	0.051809	0.663334	
0.345492	0.063606	0.634001	
0.345492	0.063606	0.634001	
0.306653	0.060075	0.686133	
0.326121	0.034083	0.769661	
0.290896	0.027315	0.832635	
0.460718	0.139236	0.834110	
1.010465	0.365990	1.985594	
0.423494	0.051051	3.596415	
2.138626	1.812409	3.759015	
4.622860	4.865296	16.835986	
1.931672	11.893817	23.602427	
1.544979	8.279925	8.820293	
1.544979	8.279925	8.820293	
0.000000	10.365602	14.697925	
0.000000	12.046988	13.016539	
0.000000	12.362372	15.286788	
0.937213	15.085404	20.137427	
0.000000	18.705392	22.010913	
0.485697	0.000000	0.765918	
0.524556	0.014015	0.626413	
0.463488	0.034146	0.647070	
0.365379	0.047484	0.669556	
0.306653	0.060075	0.686133	
0.316955	0.011216	0.802435	
0.344326	0.018432	0.781945	
0.429678	0.022687	0.846761	
0.324732	0.000000	0.988539	
0.630276	0.057314	3.183631	
2.138626	1.812409	3.759015	
6.375130	2.115770	11.257021	
6.995782	2.321752	12.949086	
0.000000	0.000000	24.896591	
0.000000	10.955856	14.802206	
0.000000	8.739496	16.324032	
0.000000	11.991708	13.071819	
0.000000	11.991708	13.071819	
0.000000	18.630066	22.173046	
0.000000	17.383893	22.330036	
0.485697	0.000000	0.765918	
0.370952	0.000000	0.768920	
0.365379	0.047484	0.669556	
0.426124	0.015013	0.732074	
0.383590	0.024528	0.756443	
0.435101	0.015434	0.832536	
0.429678	0.022687	0.846761	
0.324732	0.000000	0.988539	
0.630276	0.057314	3.183631	
1.840863	0.000000	5.116897	
6.995782	2.321752	12.949086	
0.700465	6.306035	14.019549	
0.700465	6.306035	14.019549	
2.072209	7.095627	21.286606	
2.072209	7.095627	21.286606	
1.294839	10.586092	11.217062	
0.000000	13.782274	18.126086	
0.000000	14.852559	17.055800	
0.000000	0.000000	24.896591	
0.370952	0.000000	0.768920	
0.432474	0.007454	0.665949	
0.432474	0.007454	0.665949	
0.421070	0.022889	0.784659	
0.421070	0.022889	0.784659	
0.366904	0.006377	0.979254	
0.539045	0.036128	0.944418	
0.423494	0.051051	3.596415	
1.840863	0.000000	5.116897	
2.539287	8.005856	22.947624	
2.539287	8.005856	22.947624	
0.515387	0.856559	2.871186	
0.515387	0.856559	2.871186	
2.072209	7.095627	21.286606	
0.225812	11.192905	17.646851	
1.294839	10.586092	11.217062	
0.760744	2.729401	7.340621	
0.000000	13.782274	18.126086	
0.433873	0.000000	0.865681	
0.408162	0.002967	0.791831	
0.418481	0.004469	0.810022	
0.435101	0.015434	0.832536	
0.366904	0.006377	0.979254	
0.446627	0.002846	1.864974	
2.030328	0.150394	5.042990	
2.030328	0.150394	5.042990	
1.318030	0.250273	11.244362	
2.539287	8.005856	22.947624	
1.864277	0.888595	12.587537	
2.236662	1.321832	11.219461	
1.864277	0.888595	12.587537	
2.236662	1.321832	11.219461	
1.509221	8.187465	15.888443	
0.760744	2.729401	7.340621	
0.000000	14.600687	17.204586	
0.498387	0.000000	0.928919	
0.418481	0.004469	0.810022	
0.477958	0.004084	1.011957	
0.954042	0.000000	2.543092	
0.757942	0.225448	3.483499	
0.757942	0.225448	3.483499	
0.831951	0.891512	3.177377	
1.600928	0.213456	5.493302	
2.051163	0.316695	8.644623	
2.385271	7.971711	23.100875	
2.611348	8.147694	22.846591	
2.421982	8.596557	22.418245	
0.000000	8.840430	22.746867	
0.000000	4.521214	18.890655	
0.000000	4.521214	18.890655	
0.000000	14.821600	17.020248	
0.446132	0.000000	0.999647	
0.446132	0.000000	0.999647	
0.568295	0.000000	1.228091	
0.415380	0.170959	3.218632	
0.415380	0.170959	3.218632	
0.560726	0.315957	3.552922	
0.066360	0.009696	3.710560	
1.600928	0.213456	5.493302	
0.000000	7.875726	25.006773	
1.393392	5.725041	25.358887	
2.539287	8.005856	22.947624	
2.354092	8.449484	22.517560	
1.125508	6.235187	18.358381	
0.000000	8.840430	22.746867	
0.000000	0.000000	26.786151	
0.568295	0.000000	1.228091	
1.377040	0.164112	4.461051	
0.415380	0.170959	3.218632	
0.415380	0.170959	3.218632	
0.781163	0.346984	3.076955	
0.781163	0.346984	3.076955	
0.491113	0.245430	3.663420	
0.689898	0.511897	4.083753	
1.207193	0.167931	7.895687	
0.891990	5.248393	14.309746	
0.891990	5.248393	14.309746	
1.125508	6.235187	18.358381	
0.640464	2.297858	24.731645	
0.000000	11.756529	28.168322	
11.852269	0.000000	31.021028	
0.320051	0.091717	3.322031	
0.484683	0.173189	3.144865	
0.484683	0.173189	3.144865	
0.340277	0.064920	3.251823	
0.491113	0.245430	3.663420	
0.162911	0.024351	3.681570	
1.207193	0.167931	7.895687	
0.000000	2.199927	7.695612	
0.000000	2.199927	7.695612	
0.128932	1.861353	6.454736	
0.640464	2.297858	24.731645	
0.000000	0.000000	30.297272	
10.740955	0.000000	32.633726	
0.423995	0.124946	3.439870	
0.496742	0.139491	3.140207	
0.506599	0.136260	3.040335	
0.496742	0.139491	3.140207	
0.506599	0.136260	3.040335	
0.162911	0.024351	3.681570	
0.347157	1.427314	6.650862	
0.077093	0.903631	3.223955	
0.000000	0.974900	3.175984	
0.128932	1.861353	6.454736	
0.000000	11.756529	28.168322	
10.740955	0.000000	32.633726	
0.423995	0.124946	3.439870	
0.499507	0.125989	3.522786	
0.340277	0.064920	3.251823	
1.249502	0.244839	4.429199	
0.252888	1.064518	6.989520	
0.238654	1.053652	7.180335	
0.077093	0.903631	3.223955	
0.000000	0.651601	2.354811	
0.000000	0.651601	2.354811	
0.000000	1.797584	7.726044	
0.000000	0.000000	35.877986	
0.499507	0.125989	3.522786	
0.844456	0.276284	3.654315	
0.844456	0.276284	3.654315	
1.151532	0.631615	6.997352	
0.238654	1.053652	7.180335	
0.158992	0.494404	2.006906	
0.158992	0.494404	2.006906	
0.013932	0.225099	1.773974	
0.000000	1.797584	7.726044	
0.000000	0.000000	35.877986	
0.000000	0.000000	17.806993	
0.161348	0.127585	9.243066	
1.151532	0.631615	6.997352	
0.734806	0.694442	6.633983	
0.016395	0.230110	1.595248	
0.013932	0.225099	1.773974	
0.016395	0.230110	1.595248	
0.000000	0.475714	2.120310	
1.500272	0.000000	7.120516	
1.305550	0.059027	6.219960	
0.452501	0.364801	6.374222	
0.427139	0.403676	3.856301	
0.142327	0.223653	2.845196	
0.142327	0.223653	2.845196	
0.038370	0.538531	2.792859	
0.000000	0.567781	2.416049	
1.500272	0.000000	7.120516	
0.008135	0.108654	8.253423	
0.563319	0.250336	4.363502	
0.200652	0.294369	2.938591	
0.164876	0.179449	3.527756	
0.000000	0.567781	2.416049	
0.000000	0.567781	2.416049	
0.000000	0.000000	17.497035	
0.010731	0.228398	8.330045	
0.563319	0.250336	4.363502	
0.164876	0.179449	3.527756	
0.111755	0.163214	3.531833	
0.000000	1.065779	7.488688	
0.000000	0.000000	17.497035	
0.008135	0.108654	8.253423	
0.077719	0.166124	3.040124	
0.077719	0.166124	3.040124	
0.000000	0.589604	8.278851	
0.000000	0.000000	20.066437	
0.000000	0.000000	8.262449	
0.057442	0.224468	8.161485	
0.000000	0.000000	8.262449	
0.000000	0.000000	19.614604	
0.000000	0.329285	9.901604	
0.000000	0.000000	8.903863	
0.000000	0.000000	20.904315	
0.000000	0.000000	19.614604	
0.000000	0.000000	40.253636	
0.000000	0.000000	0.000000	
0.000000	0.000000	0.000000	
0.000000	0.000000	0.000000	
0.000000	0.000000	0.000000	
0.000000	0.000000	0.000000	
0.000000	0.000000	0.000000	
0.000000	0.000000	0.000000	
0.000000	0.000000	0.000000	
0.000000	0.000000	0.000000	
0.000000	0.000000	0.000000	
