20.898676	0.000000	0.000000	
2.989884	0.000000	0.000000	
2.171686	0.132091	0.000000	
2.171686	0.132091	0.000000	
1.609995	0.227853	0.000000	
1.609995	0.227853	0.000000	
1.638411	0.296867	0.000000	
2.043540	0.368291	0.000000	
2.043540	0.368291	0.000000	
1.667869	0.147160	0.000000	
1.667869	0.147160	0.000000	
2.198418	0.000000	0.000000	
1.661105	0.623019	0.000000	
1.661105	0.623019	0.000000	
5.806773	0.005004	0.000000	
7.131135	3.766242	0.000000	
7.131135	3.766242	0.000000	
2.995996	3.274281	0.000000	
3.313402	3.691889	0.000000	
3.313402	3.691889	0.000000	
3.582106	4.161714	0.000000	
3.582106	4.161714	0.000000	
4.744095	4.946517	0.000000	
4.713409	5.150709	0.000000	
4.790399	5.041095	0.000000	
4.325886	5.798636	0.000000	
3.526982	6.364927	0.000000	
3.526982	6.364927	0.000000	
3.434650	6.388918	0.000000	
3.700535	6.761011	0.000000	
3.700535	6.761011	0.000000	
4.820940	6.763709	0.000000	
9.330196	12.775882	0.000000	
1.729727	33.902245	0.000000	
6.145997	26.387709	0.000000	
3.046783	33.024073	0.000000	
6.198466	28.360508	0.000000	
0.000000	38.181416	0.000000	
0.000000	37.298927	0.000000	
0.000000	37.298927	0.000000	
0.894450	37.117087	0.000000	
0.894450	37.117087	0.000000	
0.415673	22.748860	0.000000	
0.000000	39.514737	0.000000	
2.989884	0.000000	0.000000	
2.570752	0.011822	0.000000	
1.910730	0.063778	0.008363	
1.931356	0.126586	0.000000	
1.931356	0.126586	0.000000	
1.638411	0.296867	0.000000	
1.523980	0.199470	0.000000	
1.523980	0.199470	0.000000	
1.593381	0.243594	0.013265	
1.593381	0.243594	0.013265	
1.593381	0.243594	0.013265	
1.661105	0.623019	0.000000	
1.661105	0.623019	0.000000	
2.337870	0.192609	0.000000	
1.223511	0.512141	0.089646	
1.223511	0.512141	0.089646	
3.605179	1.340160	0.029976	
3.605179	1.340160	0.029976	
2.938143	1.372050	0.099050	
2.938143	1.372050	0.099050	
3.759507	3.233320	0.039158	
3.527561	2.789922	0.178655	
4.567123	5.155048	0.100896	
4.467734	5.318254	0.070349	
4.325886	5.798636	0.000000	
3.546847	6.111094	0.000000	
3.728560	6.261389	0.140620	
3.244570	6.454385	0.102034	
3.244570	6.454385	0.102034	
3.434650	6.388918	0.000000	
2.074204	3.001863	0.285225	
2.563944	0.338400	0.345975	
2.563944	0.338400	0.345975	
0.689634	0.180789	0.403788	
3.814774	14.409712	0.364835	
2.982731	15.928933	0.518585	
0.748877	0.115135	0.700051	
1.518975	16.693161	0.036250	
0.748877	0.115135	0.700051	
1.260786	25.529103	0.485482	
0.000000	22.325279	0.676487	
0.415673	22.748860	0.000000	
0.000000	34.121492	0.000000	
2.099321	0.000000	0.172721	
1.861988	0.022654	0.075465	
1.499724	0.061993	0.071454	
1.499724	0.061993	0.071454	
1.403820	0.102810	0.033384	
1.523295	0.140735	0.000000	
1.385403	0.000000	0.040637	
1.385403	0.000000	0.040637	
1.502150	0.139937	0.001645	
0.929919	0.023547	0.083258	
1.282481	0.508424	0.030550	
1.015460	0.595386	0.039723	
1.241063	0.523222	0.087522	
1.241063	0.523222	0.087522	
1.372472	0.450149	0.000000	
1.372472	0.450149	0.000000	
1.596583	0.531313	0.000000	
3.039643	0.296052	0.188347	
2.560654	1.018832	0.062795	
2.543122	1.164862	0.081508	
2.436030	2.378706	0.116961	
3.362166	1.777303	0.299143	
2.944971	2.182653	0.240479	
4.149992	1.811549	0.001263	
4.149992	1.811549	0.001263	
3.589648	5.888502	0.393253	
3.697033	6.284446	0.339532	
3.454923	6.831240	0.087006	
3.454923	6.831240	0.087006	
2.891317	6.498986	0.461682	
3.227405	6.664366	0.538105	
3.722454	7.829909	0.708338	
3.690394	8.516380	0.841493	
4.440589	1.551767	0.730398	
2.115587	7.131791	1.363921	
2.115587	7.131791	1.363921	
1.518975	16.693161	0.036250	
0.902446	35.985542	1.819525	
1.260786	25.529103	0.485482	
1.260786	25.529103	0.485482	
0.000000	37.034174	0.910829	
0.000000	39.514737	0.000000	
2.237598	0.000000	0.163117	
1.428116	0.013551	0.098598	
1.426779	0.049737	0.098454	
1.383041	0.049362	0.093806	
1.403820	0.102810	0.033384	
1.354769	0.073381	0.129992	
1.159778	0.043544	0.074897	
1.128528	0.047904	0.094515	
0.934834	0.148864	0.091371	
1.111369	0.399375	0.017130	
1.409028	0.414381	0.134090	
1.264113	0.472189	0.064157	
1.264113	0.472189	0.064157	
1.228947	0.377683	0.000000	
1.294486	0.297088	0.000000	
1.660481	0.535163	0.000000	
1.596583	0.531313	0.000000	
2.560654	1.018832	0.062795	
2.543122	1.164862	0.081508	
2.436030	2.378706	0.116961	
2.436030	2.378706	0.116961	
2.436030	2.378706	0.116961	
2.989429	2.161773	0.418888	
3.256374	2.007849	0.158444	
3.867500	5.649614	0.725141	
3.589648	5.888502	0.393253	
3.423662	6.663905	0.640525	
3.215355	6.729743	0.605233	
2.482896	6.645996	0.647270	
2.482896	6.645996	0.647270	
3.376472	8.100096	0.313228	
3.690394	8.516380	0.841493	
5.779003	15.785680	1.672211	
2.075716	1.302218	2.432263	
0.874090	23.157307	1.132911	
0.874090	23.157307	1.132911	
0.773465	25.968982	1.445810	
2.075716	1.302218	2.432263	
1.260786	25.529103	0.485482	
0.404922	32.697894	1.999387	
0.000000	30.465134	0.454679	
1.807786	0.000000	0.114847	
1.359550	0.029166	0.134541	
1.351538	0.050194	0.133211	
1.337659	0.102129	0.112246	
1.286194	0.142324	0.148512	
1.069124	0.037908	0.106289	
1.069124	0.037908	0.106289	
0.929919	0.023547	0.083258	
0.804648	0.151069	0.091132	
1.081544	0.389844	0.072884	
1.094866	0.418385	0.152883	
1.094866	0.418385	0.152883	
1.123470	0.346480	0.000000	
0.889534	0.359688	0.096396	
1.294486	0.297088	0.000000	
2.422461	0.409603	0.184210	
2.634594	1.508928	0.087555	
2.599601	1.533762	0.347903	
2.634594	1.508928	0.087555	
2.416069	1.164727	0.309190	
2.944971	2.182653	0.240479	
2.862008	2.469892	0.277206	
3.166472	2.701580	0.000000	
3.256374	2.007849	0.158444	
3.712511	5.857120	0.790928	
3.120293	6.068646	0.930685	
3.215355	6.729743	0.605233	
2.659688	6.605200	0.753938	
2.659688	6.605200	0.753938	
2.371647	7.551804	0.598516	
3.376472	8.100096	0.313228	
1.770391	20.035076	2.028677	
4.136835	0.000000	3.719690	
3.940100	27.209377	2.909246	
4.136835	0.000000	3.719690	
0.000000	39.320592	1.498389	
0.773465	25.968982	1.445810	
1.106404	32.038312	2.585070	
0.000000	32.332393	2.020663	
0.000000	37.034174	0.910829	
1.401052	0.000000	0.231644	
1.359550	0.029166	0.134541	
1.351538	0.050194	0.133211	
1.283459	0.089396	0.178293	
1.283459	0.089396	0.178293	
1.003344	0.145138	0.154821	
0.934834	0.148864	0.091371	
0.804648	0.151069	0.091132	
0.863434	0.116848	0.105140	
1.026503	0.233371	0.000000	
1.156865	0.272319	0.026321	
1.058836	0.432850	0.130037	
0.889534	0.359688	0.096396	
1.021056	0.523016	0.092813	
1.494931	0.712121	0.018026	
2.422461	0.409603	0.184210	
2.136313	1.847935	0.536056	
2.235151	1.460000	0.094557	
2.416069	1.164727	0.309190	
2.421021	1.553955	0.690699	
2.989429	2.161773	0.418888	
2.989429	2.161773	0.418888	
3.265047	1.777324	0.559673	
3.491144	5.026218	1.131715	
3.491144	5.026218	1.131715	
2.297166	4.818733	1.198816	
2.297166	4.818733	1.198816	
2.371647	7.551804	0.598516	
3.000971	6.698746	1.178891	
3.000971	6.698746	1.178891	
3.563043	17.861867	0.000000	
3.657937	0.000000	4.752827	
3.657937	0.000000	4.752827	
3.940100	27.209377	2.909246	
3.150271	27.484080	3.744629	
0.025051	36.323782	3.729425	
0.215389	18.192041	3.701921	
0.629104	19.467436	3.749015	
0.000000	41.429617	3.216349	
1.383739	0.000000	0.191856	
1.278775	0.020318	0.220986	
1.269126	0.070538	0.219154	
1.122124	0.091393	0.104802	
1.122124	0.091393	0.104802	
0.995005	0.159475	0.118223	
0.995005	0.159475	0.118223	
0.863434	0.116848	0.105140	
0.870752	0.224550	0.080900	
1.020782	0.210791	0.076628	
1.030143	0.374121	0.196230	
1.034639	0.431593	0.081762	
0.887265	0.478951	0.215072	
1.148747	0.194150	0.000000	
1.030963	0.717625	0.178273	
2.635973	1.790871	0.472477	
1.307797	0.184186	0.111888	
2.079238	1.566830	0.598928	
2.235151	1.460000	0.094557	
2.421021	1.553955	0.690699	
2.146452	1.431844	0.994328	
3.782494	5.024477	0.960885	
3.615593	5.255855	1.112525	
1.910095	5.586279	1.509774	
1.910095	5.586279	1.509774	
2.798427	6.419318	1.471862	
2.292814	6.102539	1.086295	
1.861811	6.166033	0.375383	
3.176112	7.792746	0.153928	
0.000000	10.213087	5.648303	
3.563043	17.861867	0.000000	
1.770391	20.035076	2.028677	
0.970486	12.572971	3.726829	
3.485654	32.517272	1.997074	
0.530777	24.902512	6.186953	
0.530777	24.902512	6.186953	
0.215389	18.192041	3.701921	
0.000000	20.626764	6.289182	
1.383739	0.000000	0.191856	
1.320347	0.000000	0.217830	
1.125586	0.069503	0.203791	
1.045722	0.079233	0.229019	
0.955781	0.092656	0.199287	
0.791168	0.132120	0.138705	
0.953061	0.120083	0.129825	
0.906214	0.205242	0.075362	
0.949722	0.222729	0.113833	
1.020782	0.210791	0.076628	
0.950250	0.351160	0.130785	
0.979594	0.372119	0.214966	
1.021056	0.523016	0.092813	
1.063475	0.203879	0.053225	
1.030963	0.717625	0.178273	
1.082029	0.187696	0.266057	
1.307797	0.184186	0.111888	
2.026451	1.550083	0.481470	
2.146452	1.431844	0.994328	
2.034372	1.331234	0.902477	
2.776778	2.244239	1.242738	
2.776778	2.244239	1.242738	
3.575272	4.892847	1.666770	
2.680054	5.939805	1.693503	
2.305855	5.292442	1.629857	
1.583282	4.840843	1.962024	
2.292814	6.102539	1.086295	
1.900193	6.524583	2.194502	
5.678431	24.706956	3.055976	
0.000000	20.626764	6.289182	
3.455961	25.041715	2.070728	
3.455961	25.041715	2.070728	
1.515696	14.469158	3.909932	
2.404028	26.176417	6.990843	
0.022132	32.090553	3.294792	
0.000000	26.870687	6.324451	
0.000000	32.650437	0.000000	
1.311493	0.000000	0.305108	
1.267946	0.022608	0.286320	
1.140090	0.001880	0.240955	
0.970891	0.069667	0.200139	
0.955781	0.092656	0.199287	
0.791168	0.132120	0.138705	
0.959508	0.190195	0.115531	
0.877551	0.152022	0.143363	
0.938792	0.202651	0.180439	
0.955932	0.104095	0.182583	
0.950250	0.351160	0.130785	
0.978089	0.299032	0.041640	
0.992781	0.456933	0.335943	
0.992781	0.456933	0.335943	
1.057171	0.253444	0.479911	
1.082029	0.187696	0.266057	
1.730105	1.407683	0.390014	
1.568710	1.692597	0.675599	
2.034372	1.331234	0.902477	
2.391940	2.198101	1.265413	
2.660029	2.574931	1.474399	
1.971408	2.220665	1.381590	
2.985016	3.388863	2.122195	
2.359804	6.254970	1.729709	
1.692173	4.654358	1.786230	
1.692173	4.654358	1.786230	
1.562079	4.683206	2.050976	
1.861811	6.166033	0.375383	
0.000000	10.897848	2.102152	
3.163146	1.118319	6.560829	
0.890301	23.851095	3.715079	
1.358525	27.966033	4.005234	
0.970486	12.572971	3.726829	
0.683217	20.221489	7.331225	
0.022132	32.090553	3.294792	
0.000000	27.701899	9.095851	
1.146162	0.000000	0.300075	
1.131421	0.000000	0.299881	
1.086969	0.000000	0.282418	
0.862286	0.069949	0.231652	
0.862286	0.069949	0.231652	
0.774371	0.095974	0.258745	
0.877551	0.152022	0.143363	
0.833579	0.000000	0.286579	
0.819404	0.178716	0.192705	
0.774826	0.214994	0.186877	
0.864553	0.108339	0.335986	
0.940583	0.309590	0.063524	
0.946588	0.318865	0.377742	
0.934185	0.397791	0.400707	
1.247115	0.000000	0.659112	
1.311485	0.074905	0.710785	
1.755881	0.315633	1.076687	
1.994560	1.989848	1.060834	
1.790611	2.372088	1.097422	
2.003342	2.396204	1.128692	
2.716173	2.678877	1.719532	
2.705603	3.989962	0.562484	
2.798427	6.419318	1.471862	
3.502662	5.682334	1.695205	
1.562079	4.683206	2.050976	
4.137210	9.283075	4.203264	
3.853035	10.194519	3.575995	
3.162374	19.211690	6.462880	
0.000000	10.897848	2.102152	
0.002274	0.005241	8.147773	
0.890301	23.851095	3.715079	
0.203694	27.761177	3.803811	
1.515696	14.469158	3.909932	
0.318044	23.826762	6.911472	
0.000000	33.496404	1.155628	
1.086567	0.000000	0.346365	
1.036219	0.000000	0.286574	
0.860215	0.048992	0.284706	
0.860215	0.048992	0.284706	
0.774371	0.095974	0.258745	
0.833579	0.000000	0.286579	
0.760673	0.103970	0.302785	
0.760673	0.103970	0.302785	
0.774826	0.214994	0.186877	
0.864553	0.108339	0.335986	
0.829917	0.199117	0.337636	
0.896250	0.237943	0.287076	
0.916829	0.212217	0.442454	
0.934185	0.397791	0.400707	
1.311485	0.074905	0.710785	
0.993260	0.433679	0.850517	
2.138524	1.881236	1.156178	
1.994560	1.989848	1.060834	
2.003342	2.396204	1.128692	
1.794778	2.765347	1.427643	
2.985016	3.388863	2.122195	
2.705603	3.989962	0.562484	
1.764334	3.390605	2.853941	
1.965599	7.609627	2.223786	
4.137210	9.283075	4.203264	
3.853035	10.194519	3.575995	
4.500484	17.192758	6.730009	
3.813591	18.438779	6.584574	
0.002274	0.005241	8.147773	
0.000000	27.259803	5.194255	
0.000000	21.041640	3.110101	
1.443996	26.520875	3.803811	
0.717327	21.231062	8.164007	
0.000000	33.496404	1.155628	
1.086567	0.000000	0.346365	
0.897116	0.033385	0.235322	
0.927031	0.000000	0.250278	
0.812479	0.062807	0.247235	
0.817659	0.071249	0.211439	
0.830113	0.080649	0.178749	
0.810961	0.000000	0.306269	
0.773898	0.074225	0.328432	
0.775010	0.132900	0.373077	
0.734979	0.265644	0.303111	
0.810070	0.231553	0.401103	
0.810070	0.231553	0.401103	
0.814280	0.204855	0.429596	
0.661433	0.156731	0.763296	
1.139434	0.189776	0.910111	
1.816327	0.363987	1.419152	
1.979174	2.011687	1.006714	
1.874693	2.120989	0.981208	
1.999033	2.500294	1.541389	
1.999033	2.500294	1.541389	
2.056225	2.657899	1.590257	
1.764334	3.390605	2.853941	
5.885399	5.634046	8.565537	
6.060429	17.721724	8.146334	
5.394885	15.938512	7.089854	
4.607173	17.401809	6.827962	
3.881718	17.707818	7.247408	
2.536851	14.659986	8.728702	
0.000000	22.677542	9.110453	
0.000000	22.677542	9.110453	
0.000000	21.041640	3.110101	
0.000000	27.259803	5.194255	
0.000000	30.928023	4.687532	
1.140589	0.000000	0.402050	
0.897116	0.033385	0.235322	
0.816815	0.044397	0.342432	
0.812479	0.062807	0.247235	
0.816815	0.044397	0.342432	
0.810961	0.000000	0.306269	
0.708643	0.174100	0.288947	
0.777911	0.227305	0.216486	
0.753690	0.233475	0.375661	
0.734979	0.265644	0.303111	
0.797731	0.122346	0.395036	
0.690715	0.169984	0.488429	
0.611231	0.172027	0.620033	
0.991375	0.151343	0.618741	
1.025535	0.283654	1.320507	
2.138524	1.881236	1.156178	
1.874693	2.120989	0.981208	
1.979174	2.011687	1.006714	
1.758395	2.411767	1.748070	
2.056225	2.657899	1.590257	
2.314401	2.862289	1.883620	
1.404463	2.588147	2.105214	
5.774643	7.942125	6.428077	
0.000000	14.300716	8.023591	
1.699419	12.944520	4.808367	
1.699419	12.944520	4.808367	
1.712211	19.394070	7.316969	
0.885055	24.252651	9.972594	
0.000000	20.079106	9.196017	
0.000000	22.106039	7.498448	
0.000000	27.259803	5.194255	
0.000000	27.259803	5.194255	
1.140589	0.000000	0.402050	
0.951485	0.008446	0.459574	
0.815602	0.041251	0.354343	
0.745928	0.068566	0.316287	
0.696176	0.101120	0.382765	
0.809416	0.060993	0.389625	
0.708643	0.174100	0.288947	
0.738954	0.188403	0.305362	
0.726396	0.128580	0.426684	
0.739688	0.232691	0.237780	
0.593778	0.122041	0.471248	
0.471152	0.193463	0.486859	
0.814474	0.373589	0.523724	
0.991375	0.151343	0.618741	
1.547150	0.625770	1.365592	
2.019660	1.965910	1.660338	
1.862497	2.205691	1.794516	
1.590136	2.445437	1.805331	
1.900828	2.534963	2.087275	
2.314401	2.862289	1.883620	
1.404463	2.588147	2.105214	
0.000000	11.281483	7.494434	
0.000000	11.281483	7.494434	
0.698504	7.876403	4.418731	
3.881718	17.707818	7.247408	
1.486258	13.774614	10.903595	
1.486258	13.774614	10.903595	
0.849843	23.287760	11.071726	
0.000000	22.106039	7.498448	
0.000000	20.079106	9.196017	
0.000000	30.928023	4.687532	
0.995103	0.000000	0.426958	
0.686319	0.003869	0.431465	
0.675291	0.049717	0.404216	
0.659479	0.065142	0.396863	
0.704490	0.084118	0.340379	
0.725257	0.109194	0.336267	
0.696400	0.158884	0.281194	
0.696400	0.158884	0.281194	
0.633167	0.110549	0.358298	
0.531553	0.247020	0.517751	
0.650302	0.309252	0.424350	
0.687765	0.362079	0.411844	
0.892298	0.025691	0.718798	
1.098932	0.159357	0.555078	
1.970678	1.593549	1.765370	
1.807087	1.961073	1.828253	
1.385772	2.254948	2.001256	
1.246805	2.409445	1.927803	
1.469970	2.260636	2.110298	
2.741017	4.034100	4.197713	
0.665304	6.648947	3.754736	
0.780181	3.562497	1.980238	
0.629603	4.857738	2.608040	
0.197419	0.859280	0.403467	
0.262744	6.928047	4.400684	
1.386268	8.623223	6.662153	
0.840165	9.793182	7.330744	
0.849843	23.287760	11.071726	
0.340858	5.479531	7.451096	
0.000000	31.488920	11.600277	
1.150667	0.000000	0.406630	
0.686319	0.003869	0.431465	
0.628539	0.042426	0.398913	
0.659479	0.065142	0.396863	
0.696176	0.101120	0.382765	
0.606144	0.084122	0.449331	
0.660192	0.152519	0.455943	
0.655108	0.114379	0.332526	
0.545811	0.067195	0.446563	
0.562777	0.277200	0.309006	
0.562777	0.277200	0.309006	
0.681435	0.178988	0.335232	
0.860245	0.022305	0.747660	
1.098932	0.159357	0.555078	
1.736070	1.922439	1.866874	
1.745726	1.842017	1.912492	
1.366437	2.150617	1.969856	
1.362837	2.054643	2.150472	
0.501618	3.088757	1.688692	
0.501618	3.088757	1.688692	
0.262263	2.787822	1.300309	
0.780181	3.562497	1.980238	
0.665304	6.648947	3.754736	
0.197419	0.859280	0.403467	
0.439407	9.570084	6.662153	
1.386268	8.623223	6.662153	
0.840165	9.793182	7.330744	
0.340858	5.479531	7.451096	
0.000000	31.090478	17.056540	
1.088284	0.000000	0.501951	
0.671071	0.022340	0.438768	
0.628539	0.042426	0.398913	
0.672239	0.064076	0.478599	
0.667660	0.108373	0.434318	
0.660192	0.152519	0.455943	
0.635397	0.138682	0.349437	
0.633167	0.110549	0.358298	
0.524265	0.075093	0.483946	
0.471152	0.193463	0.486859	
0.621059	0.331585	0.284186	
0.681435	0.178988	0.335232	
0.973835	0.073691	0.627509	
1.430723	0.011484	0.835064	
1.747251	1.740977	1.996078	
1.362837	2.054643	2.150472	
1.097813	2.233903	2.179793	
1.398395	3.443249	0.582216	
0.207486	6.733816	3.033497	
0.225404	2.167233	0.953913	
0.230374	1.963934	0.927847	
0.251646	1.857030	0.884342	
0.570979	4.628779	2.220175	
0.262744	6.928047	4.400684	
0.313221	9.696271	6.662153	
0.012497	5.258946	2.342520	
0.012497	5.258946	2.342520	
0.000000	21.587275	17.267837	
0.758924	0.000000	0.494342	
0.671071	0.022340	0.438768	
0.720961	0.003367	0.402494	
0.672239	0.064076	0.478599	
0.667660	0.108373	0.434318	
0.572894	0.146711	0.506843	
0.618564	0.158406	0.449479	
0.635397	0.138682	0.349437	
0.545811	0.067195	0.446563	
0.677877	0.217682	0.428986	
0.677877	0.217682	0.428986	
0.973835	0.073691	0.627509	
1.098932	0.159357	0.555078	
1.359411	0.221509	1.355496	
1.385772	2.254948	2.001256	
1.097813	2.233903	2.179793	
1.765084	3.659043	1.772131	
1.787974	5.637156	1.407409	
0.225404	2.167233	0.953913	
0.230374	1.963934	0.927847	
0.261453	1.847224	0.884342	
0.261453	1.847224	0.884342	
0.799848	7.295492	3.821707	
0.000000	8.568779	4.859429	
0.000000	12.086224	6.709342	
0.000000	4.965388	3.151106	
0.000000	9.442269	9.011310	
0.855518	0.000000	0.619265	
0.855518	0.000000	0.619265	
0.736892	0.022898	0.355537	
0.731858	0.081934	0.454397	
0.722446	0.123984	0.536050	
0.584137	0.081534	0.431846	
0.539897	0.147135	0.616952	
0.581108	0.077075	0.721768	
0.574760	0.331622	0.240250	
0.882141	0.027276	0.601985	
1.214653	0.106268	1.407849	
1.214653	0.106268	1.407849	
1.359411	0.221509	1.355496	
1.878137	2.250216	1.780603	
2.095313	2.250039	1.241099	
1.585431	2.061883	4.051496	
3.462397	8.210322	2.171159	
3.462397	8.210322	2.171159	
0.076021	10.646144	11.018940	
1.198865	7.568098	3.469697	
0.570979	4.628779	2.220175	
1.507551	9.516751	4.270539	
0.000000	8.568779	4.859429	
0.000000	8.568779	4.859429	
0.000000	14.033641	11.813493	
0.000000	4.965388	3.151106	
0.855518	0.000000	0.619265	
0.736892	0.022898	0.355537	
0.738461	0.037348	0.432123	
0.738461	0.037348	0.432123	
0.509649	0.115013	0.554784	
0.568809	0.075444	0.712334	
0.613041	0.063511	0.664050	
0.649987	0.145660	0.440437	
0.622965	0.135306	0.749188	
0.687882	0.226607	1.074697	
0.812399	0.516461	1.495949	
0.903654	0.234960	1.551027	
1.445171	0.152025	2.312529	
1.895605	2.392894	3.648519	
1.585431	2.061883	4.051496	
1.068574	2.594696	11.605788	
1.669672	4.376995	7.600499	
1.669672	4.376995	7.600499	
0.000000	10.834758	11.267234	
1.198865	7.568098	3.469697	
1.507551	9.516751	4.270539	
1.769799	11.172247	4.959591	
1.299153	16.313050	8.328458	
0.521109	8.556476	13.814275	
0.000000	22.614336	14.692501	
0.855518	0.000000	0.619265	
0.760404	0.000000	0.543525	
0.646616	0.026010	0.446223	
0.580970	0.081106	0.644898	
0.542526	0.010016	0.563434	
0.584137	0.081534	0.431846	
0.581108	0.077075	0.721768	
0.563711	0.049758	0.826891	
0.610079	0.142973	0.500602	
0.687882	0.226607	1.074697	
0.623132	0.188620	1.323549	
0.903654	0.234960	1.551027	
1.739331	1.425725	2.261018	
4.307274	1.233326	6.153087	
1.068574	2.594696	11.605788	
0.985379	2.392682	11.890998	
0.005882	13.022788	13.723936	
0.056513	10.571083	10.975338	
1.663486	10.501121	4.339525	
1.769799	11.172247	4.959591	
0.663244	5.113530	10.624347	
0.663244	5.113530	10.624347	
0.521109	8.556476	13.814275	
0.000000	22.614336	14.692501	
0.668166	0.000000	0.791840	
0.552525	0.007133	0.648728	
0.630747	0.000000	0.654715	
0.542526	0.010016	0.563434	
0.547422	0.015644	0.659785	
0.661197	0.038625	0.692591	
0.616673	0.018006	0.812033	
0.616673	0.018006	0.812033	
0.610079	0.142973	0.500602	
0.623132	0.188620	1.323549	
0.721294	0.220391	1.536382	
0.796729	0.218267	1.628517	
1.895605	2.392894	3.648519	
4.222393	3.909937	14.314463	
0.985379	2.392682	11.890998	
0.000000	10.955856	14.802206	
0.056513	10.571083	10.975338	
0.114631	10.663873	11.054179	
1.663486	10.501121	4.339525	
0.005882	13.022788	13.723936	
1.769799	11.172247	4.959591	
0.675246	14.933930	16.698617	
0.000000	21.202297	20.212900	
0.668166	0.000000	0.791840	
0.612532	0.007641	0.606058	
0.598930	0.017910	0.612755	
0.598930	0.017910	0.612755	
0.549729	0.032608	0.788584	
0.593336	0.055194	0.810345	
0.667301	0.055077	1.015661	
0.426746	0.013417	1.111454	
1.234274	0.473169	0.395288	
1.788665	0.358016	3.585096	
0.796729	0.218267	1.628517	
3.522935	0.347305	8.037587	
4.222393	3.909937	14.314463	
4.533417	0.206341	22.438751	
4.600143	9.963462	13.199438	
0.000000	10.834758	11.267234	
0.030735	0.216984	0.252281	
0.030735	0.216984	0.252281	
0.000000	10.365602	14.697925	
0.000000	12.362372	15.286788	
0.675246	14.933930	16.698617	
0.000000	18.705392	22.010913	
0.740316	0.000000	0.799265	
0.612532	0.007641	0.606058	
0.513940	0.021979	0.709110	
0.513940	0.021979	0.709110	
0.542794	0.026373	0.823007	
0.522217	0.007397	0.904416	
0.426746	0.013417	1.111454	
1.148639	0.117142	0.753574	
1.605047	0.105009	1.122711	
1.596166	0.193189	5.245406	
1.578447	0.000000	6.951426	
2.214649	0.348819	12.952721	
0.191014	5.396303	22.838149	
1.931672	11.893817	23.602427	
1.544979	8.279925	8.820293	
1.544979	8.279925	8.820293	
0.000000	10.365602	14.697925	
0.000000	12.046988	13.016539	
0.000000	12.362372	15.286788	
0.937213	15.085404	20.137427	
0.000000	18.705392	22.010913	
0.357491	0.000000	0.912166	
0.528471	0.025730	0.809621	
0.539647	0.007057	0.764267	
0.536356	0.020526	0.732774	
0.593336	0.055194	0.810345	
0.639833	0.119418	0.392509	
1.148639	0.117142	0.753574	
1.605047	0.105009	1.122711	
1.596166	0.193189	5.245406	
1.578447	0.000000	6.951426	
2.214649	0.348819	12.952721	
8.363860	0.000000	7.769983	
7.040050	5.249614	21.306211	
3.878367	11.342896	32.208264	
0.000000	10.955856	14.802206	
0.000000	8.739496	16.324032	
0.000000	11.991708	13.071819	
0.000000	11.991708	13.071819	
0.000000	18.630066	22.173046	
0.000000	17.383893	22.330036	
0.357491	0.000000	0.912166	
0.370952	0.000000	0.768920	
0.370952	0.000000	0.768920	
0.599283	0.035318	0.586338	
0.785294	0.016319	0.944493	
1.904081	0.426251	1.518897	
2.870109	0.423140	4.012873	
10.567285	7.392666	4.317076	
11.654274	9.459876	20.145268	
5.536853	6.916406	21.668032	
3.878367	11.342896	32.208264	
0.700465	6.306035	14.019549	
0.700465	6.306035	14.019549	
2.072209	7.095627	21.286606	
2.072209	7.095627	21.286606	
1.294839	10.586092	11.217062	
0.000000	13.782274	18.126086	
0.000000	14.852559	17.055800	
0.000000	18.065343	24.057261	
0.370952	0.000000	0.768920	
0.370952	0.000000	0.768920	
0.599283	0.035318	0.586338	
0.814741	0.074731	0.638111	
1.904081	0.426251	1.518897	
8.348465	5.973919	30.053086	
11.560373	5.193604	17.311199	
11.560373	5.193604	17.311199	
8.125237	0.108284	31.008071	
3.820382	3.354126	29.269222	
3.820382	3.354126	29.269222	
0.515387	0.856559	2.871186	
0.515387	0.856559	2.871186	
2.072209	7.095627	21.286606	
0.225812	11.192905	17.646851	
1.294839	10.586092	11.217062	
0.760744	2.729401	7.340621	
0.000000	13.782274	18.126086	
12.958878	0.000000	30.663138	
0.963875	0.000000	3.317637	
0.814741	0.074731	0.638111	
4.851353	0.242905	7.371781	
0.000000	0.000000	24.044945	
9.836967	2.839263	31.484381	
8.348465	5.973919	30.053086	
7.318595	0.000000	30.973329	
7.411345	0.000000	22.004204	
2.539287	8.005856	22.947624	
1.864277	0.888595	12.587537	
2.236662	1.321832	11.219461	
1.864277	0.888595	12.587537	
2.236662	1.321832	11.219461	
1.509221	8.187465	15.888443	
0.760744	2.729401	7.340621	
0.000000	14.600687	17.204586	
0.000000	0.000000	15.609931	
0.000000	0.000000	15.609931	
1.763542	0.116865	5.418233	
0.000000	0.000000	24.044945	
1.307198	0.171408	4.988292	
1.379892	0.523726	5.104491	
6.792119	0.845258	23.347938	
7.402150	0.292658	24.667406	
6.204506	0.526209	29.580924	
2.385271	7.971711	23.100875	
2.611348	8.147694	22.846591	
2.421982	8.596557	22.418245	
0.000000	8.840430	22.746867	
0.000000	4.521214	18.890655	
0.000000	4.521214	18.890655	
0.000000	14.821600	17.020248	
12.958878	0.000000	30.663138	
1.763542	0.116865	5.418233	
1.307198	0.171408	4.988292	
1.535428	0.211821	4.123300	
0.908697	0.180877	3.800224	
0.756020	0.155785	3.861984	
1.500692	0.294204	4.761179	
3.807562	4.626902	21.613916	
0.000000	7.875726	25.006773	
1.393392	5.725041	25.358887	
2.539287	8.005856	22.947624	
2.354092	8.449484	22.517560	
1.125508	6.235187	18.358381	
0.000000	8.840430	22.746867	
0.000000	0.000000	26.786151	
12.745861	0.000000	29.817979	
1.377040	0.164112	4.461051	
0.923872	0.225559	3.496623	
0.974842	0.189744	3.846655	
0.908697	0.180877	3.800224	
0.756020	0.155785	3.861984	
1.500692	0.294204	4.761179	
4.232297	0.751645	27.173708	
1.549768	6.985006	17.336690	
0.891990	5.248393	14.309746	
0.891990	5.248393	14.309746	
1.125508	6.235187	18.358381	
0.640464	2.297858	24.731645	
0.000000	11.756529	28.168322	
11.852269	0.000000	31.021028	
1.494558	0.157539	4.578429	
0.832896	0.205180	3.537057	
0.832896	0.205180	3.537057	
0.974842	0.189744	3.846655	
1.247910	0.310024	4.374346	
1.897146	0.501554	6.145819	
0.016328	4.105057	24.139431	
0.938025	5.394344	14.212421	
0.953627	5.442819	14.179081	
0.938025	5.394344	14.212421	
0.640464	2.297858	24.731645	
0.000000	0.000000	30.297272	
10.740955	0.000000	32.633726	
1.377040	0.164112	4.461051	
0.550311	0.203816	3.402465	
0.556900	0.143315	3.176884	
0.550311	0.203816	3.402465	
0.556900	0.143315	3.176884	
0.576597	1.319525	7.001643	
0.109371	1.107405	8.676342	
0.109371	1.107405	8.676342	
0.433202	2.225544	5.975316	
0.433202	2.225544	5.975316	
0.000000	11.756529	28.168322	
10.740955	0.000000	32.633726	
1.326020	0.152892	5.292990	
1.491370	0.299784	4.138173	
1.205944	0.375985	4.539680	
1.609307	0.474598	4.926895	
0.252888	1.064518	6.989520	
0.616091	1.399866	7.645731	
0.576597	1.319525	7.001643	
0.064719	0.402276	2.737253	
0.064719	0.402276	2.737253	
0.000000	3.377533	9.715693	
0.000000	0.000000	37.000665	
2.467519	0.402846	5.711158	
3.689292	1.060870	9.709741	
0.097588	0.577923	10.657028	
0.242674	1.036376	7.468545	
0.000000	1.059527	7.032631	
0.263514	1.131251	6.932998	
0.081438	0.878997	4.268719	
0.081438	0.878997	4.268719	
0.000000	3.377533	9.715693	
0.000000	0.000000	38.756222	
6.122684	0.757259	30.952565	
0.000000	0.000000	12.025336	
0.029461	0.275521	8.839518	
0.252945	0.821696	7.221080	
0.074751	0.878379	7.142309	
0.000000	0.475714	2.120310	
0.104965	1.366102	6.638162	
0.000000	0.475714	2.120310	
0.000000	0.000000	38.756222	
0.000000	0.700311	28.876242	
0.006605	0.009937	9.090650	
0.155324	0.620059	7.421967	
0.236553	0.763022	7.137839	
0.236553	0.763022	7.137839	
0.000000	1.155792	7.028725	
0.000000	1.362839	7.209522	
0.000000	0.000000	40.006574	
0.000000	0.000000	33.889322	
0.029461	0.275521	8.839518	
0.250498	0.585051	7.479039	
0.149385	0.536448	7.396011	
0.124461	0.935273	7.045878	
0.000000	1.155792	7.028725	
0.000000	0.000000	40.149937	
0.006605	0.009937	9.090650	
0.007975	0.046807	8.209620	
0.000000	0.554727	7.589412	
0.146015	0.446834	7.568464	
0.000000	1.065779	7.488688	
0.000000	0.000000	35.686534	
0.000000	0.000000	8.555513	
0.105556	0.412487	7.778587	
0.105556	0.412487	7.778587	
0.000000	0.000000	8.555513	
0.000000	0.000000	40.149937	
0.000000	0.000000	13.315339	
0.007975	0.046807	8.209620	
0.000000	0.000000	13.315339	
0.000000	0.000000	38.362667	
0.110883	0.671163	23.049616	
0.000000	1.285043	13.464852	
0.000000	0.000000	38.362667	
0.000000	0.297455	31.697274	
0.000000	0.000000	40.253636	
0.000000	0.000000	0.000000	
0.000000	0.000000	0.000000	
0.000000	0.000000	0.000000	
0.000000	0.000000	0.000000	
0.000000	0.000000	0.000000	
0.000000	0.000000	0.000000	
0.000000	0.000000	0.000000	
0.000000	0.000000	0.000000	
0.000000	0.000000	0.000000	
0.000000	0.000000	0.000000	
