58.296804	0.000000	0.000000	
39.970047	0.923796	0.000000	
39.970047	0.923796	0.000000	
51.964487	10.550294	0.000000	
51.964487	10.550294	0.000000	
22.824031	16.973381	0.000000	
34.847494	21.379306	0.000000	
25.961376	4.620929	0.000000	
27.241487	27.241487	0.000000	
27.241487	27.241487	0.000000	
26.531187	36.468813	0.000000	
13.343513	37.227363	0.000000	
21.371660	41.628340	0.000000	
7.769110	39.471889	0.000000	
0.000000	44.278693	0.000000	
1.158258	34.591374	0.000000	
1.534375	34.215257	0.000000	
1.534375	34.215257	0.000000	
0.000000	49.909798	0.000000	
54.366805	0.000000	2.587580	
50.602548	0.000000	2.843263	
50.634330	0.000000	0.971901	
50.602548	0.000000	2.843263	
44.503358	6.606219	0.000000	
20.844126	2.693055	1.604746	
25.961376	4.620929	0.000000	
10.790699	9.191182	2.157160	
10.790699	9.191182	2.157160	
3.230949	31.428857	1.055041	
5.396432	36.635298	0.000000	
0.000000	31.187674	0.000000	
8.329303	45.037794	0.680551	
0.000000	39.700063	1.434529	
1.158258	34.591374	0.000000	
3.217162	34.261408	1.583815	
1.336744	28.662798	0.775007	
0.000000	33.740424	0.430266	
40.606368	0.000000	1.988438	
40.606368	0.000000	1.988438	
44.290721	0.000000	4.426710	
7.099290	2.264694	0.000000	
7.099290	2.264694	0.000000	
20.844126	2.693055	1.604746	
10.790699	9.191182	2.157160	
10.790699	9.191182	2.157160	
29.531254	30.937439	0.000000	
26.826206	35.609855	3.920431	
3.230949	31.428857	1.055041	
0.000000	31.187674	0.000000	
0.000000	39.700063	1.434529	
7.769110	39.471889	0.000000	
3.217162	34.261408	1.583815	
1.336744	28.662798	0.775007	
0.000000	33.740424	0.430266	
44.290721	0.000000	4.426710	
47.875723	0.000000	4.713870	
28.150398	0.000000	9.416704	
44.503358	6.606219	0.000000	
42.538513	11.140711	6.427567	
33.782705	17.684729	8.545456	
32.118551	21.395306	9.486144	
0.000000	23.932193	0.000000	
0.000000	23.932193	0.000000	
3.409746	33.542685	8.487868	
3.409746	33.542685	8.487868	
8.628675	37.064083	7.995665	
0.000000	47.840434	4.658590	
0.803193	37.368332	0.000000	
0.803193	37.368332	0.000000	
0.000000	38.171526	0.000000	
29.319123	0.000000	12.992187	
29.319123	0.000000	12.992187	
34.766769	1.349204	14.892509	
24.743515	4.881709	12.999803	
12.008028	12.008028	14.617090	
32.536356	11.230392	12.163213	
12.008028	12.008028	14.617090	
5.882971	23.545959	12.797552	
10.722583	34.464135	17.813282	
14.892760	20.397475	4.079887	
0.000000	43.590056	5.623655	
4.106533	0.000000	11.175188	
3.826536	5.695963	11.157542	
0.000000	39.705006	0.000000	
0.000000	39.705006	0.000000	
28.150398	0.000000	9.416704	
34.766769	1.349204	14.892509	
36.277237	0.798046	13.958411	
30.560063	3.291866	6.009201	
30.560063	3.291866	6.009201	
23.444928	12.539747	18.323531	
23.444928	12.539747	18.323531	
2.036376	0.000000	8.793196	
2.036376	0.000000	8.793196	
10.880240	8.928642	18.240385	
0.000000	24.271726	11.326832	
0.635343	18.329494	9.062130	
1.479089	27.954543	15.264828	
0.000000	45.876825	12.460984	
15.934478	0.000000	11.894608	
34.206301	0.000000	18.387123	
21.625710	0.729104	10.790819	
21.625710	0.729104	10.790819	
25.475839	2.599184	8.132706	
14.624561	16.775931	20.418217	
12.390711	18.052476	20.570689	
12.390711	18.052476	20.570689	
13.534522	3.672075	21.101059	
10.880240	8.928642	18.240385	
1.479089	27.954543	15.264828	
0.635343	18.329494	9.062130	
0.000000	29.124905	19.930059	
33.862496	0.000000	19.183109	
33.862496	0.000000	19.183109	
27.980402	5.312834	23.192156	
16.662738	7.396094	26.889012	
24.088859	8.564546	19.966483	
14.624561	16.775931	20.418217	
1.841742	18.117769	23.460630	
1.841742	18.117769	23.460630	
0.000000	18.959737	15.062752	
0.000000	27.724630	26.152513	
0.000000	37.022764	14.902184	
0.000000	28.140812	10.165815	
15.934478	0.000000	11.894608	
36.277237	0.798046	13.958411	
27.980402	5.312834	23.192156	
16.662738	7.396094	26.889012	
5.815341	9.556048	29.483633	
11.857231	6.904578	26.303545	
11.857231	6.904578	26.303545	
0.000000	18.959737	15.062752	
0.000000	25.698239	24.803097	
1.814991	22.988594	21.787387	
0.000000	20.445537	30.054463	
29.738438	0.000000	26.499785	
24.811726	0.000000	31.426498	
28.796077	0.000000	35.866582	
17.118234	2.660587	33.574468	
3.820914	14.090270	29.760862	
0.000000	19.737776	29.376491	
0.000000	21.600915	25.307012	
1.354749	18.561635	32.307681	
0.000000	12.678124	25.321876	
0.000000	35.077161	27.922839	
24.811726	0.000000	31.426498	
24.811726	0.000000	31.426498	
15.568269	7.022950	20.184660	
15.568269	7.022950	20.184660	
3.820914	14.090270	29.760862	
0.000000	21.600915	25.307012	
1.354749	18.561635	32.307681	
0.335832	14.646697	23.017471	
0.000000	20.445537	30.054463	
24.811726	0.000000	31.426498	
23.143557	0.000000	39.856443	
2.182791	2.075181	37.097217	
0.000000	2.140665	39.083473	
0.279863	0.392125	27.906284	
0.279863	0.392125	27.906284	
0.335832	14.646697	23.017471	
0.000000	12.678124	25.321876	
21.478559	0.000000	37.232576	
3.469936	1.949400	42.954571	
0.000000	2.025567	36.193909	
0.000000	2.025567	36.193909	
0.843621	0.841944	28.883297	
0.843621	0.841944	28.883297	
0.000000	15.013254	47.986746	
17.524691	0.000000	45.475309	
0.079369	0.249506	25.722532	
0.079369	0.249506	25.722532	
0.668547	3.309605	30.242429	
0.668547	3.309605	30.242429	
0.000000	0.000000	38.759021	
0.000000	0.000000	27.503657	
0.539409	1.118461	25.331523	
2.265381	2.265381	20.969238	
0.668547	3.309605	30.242429	
0.000000	7.268547	32.447902	
0.000000	0.000000	45.898898	
0.550322	1.107547	25.331523	
0.539409	1.118461	25.331523	
0.000000	0.000000	44.494332	
0.000000	0.000000	44.494332	
0.550322	1.107547	25.331523	
0.000000	0.489369	28.081728	
0.000000	0.000000	44.494332	
0.000000	0.489369	28.081728	
0.000000	0.000000	45.898898	
0.000000	0.000000	0.000000	
0.000000	0.000000	0.000000	
0.000000	0.000000	0.000000	
0.000000	0.000000	0.000000	
0.000000	0.000000	0.000000	
0.000000	0.000000	0.000000	
0.000000	0.000000	0.000000	
0.000000	0.000000	0.000000	
0.000000	0.000000	0.000000	
0.000000	0.000000	0.000000	
