1.076746	0.000000	0.000000	
0.985809	0.045327	0.000000	
0.560728	0.084530	0.000000	
0.560728	0.084530	0.000000	
0.646621	0.070558	0.000000	
0.630181	0.107451	0.000000	
0.630181	0.107451	0.000000	
0.779920	0.000000	0.000000	
0.900745	0.700824	0.000000	
0.775024	0.752686	0.000000	
0.722697	0.897931	0.000000	
0.591244	0.949387	0.000000	
0.514917	1.028478	0.000000	
0.434634	1.099833	0.000000	
0.336531	1.214584	0.000000	
0.254621	1.266511	0.000000	
0.169572	1.424239	0.000000	
0.085227	1.516866	0.000000	
0.000000	1.598752	0.000000	
0.944415	0.000000	0.014425	
0.568436	0.035801	0.040184	
0.568436	0.035801	0.040184	
0.597626	0.090577	0.000000	
0.597626	0.090577	0.000000	
0.497815	0.044893	0.000000	
0.497815	0.044893	0.000000	
0.919710	0.215107	0.000000	
0.823416	0.701326	0.086727	
0.634734	0.803011	0.087317	
0.593027	0.902836	0.072562	
0.496549	1.014601	0.038917	
0.417448	1.058090	0.088754	
0.337284	1.143122	0.047313	
0.250942	1.247583	0.089095	
0.176131	1.288389	0.081997	
0.072883	1.423788	0.038375	
0.000000	1.480830	0.071178	
0.737979	0.000000	0.034787	
0.566751	0.035695	0.064328	
0.566751	0.035695	0.064328	
0.462422	0.083925	0.000000	
0.462973	0.065147	0.000000	
0.519323	0.116263	0.012491	
0.492136	0.195942	0.098242	
0.473427	0.029498	0.129064	
0.211158	0.188634	0.177514	
0.608042	0.784440	0.180073	
0.506177	0.938262	0.171554	
0.438748	0.984917	0.119074	
0.318774	1.088069	0.130869	
0.171029	1.179761	0.181104	
0.175273	1.207210	0.136485	
0.066707	1.303130	0.163669	
0.000000	1.369756	0.159582	
0.756201	0.000000	0.096585	
0.531235	0.015678	0.072685	
0.526336	0.032012	0.016825	
0.506558	0.052712	0.000000	
0.420751	0.134189	0.099322	
0.420751	0.134189	0.099322	
0.473427	0.029498	0.129064	
0.167337	0.259547	0.266865	
0.167337	0.259547	0.266865	
0.544420	0.814129	0.247999	
0.439307	0.893619	0.265613	
0.354755	0.966030	0.275189	
0.264134	1.029562	0.234506	
0.142197	1.131733	0.237010	
0.061384	1.230133	0.261529	
0.000000	1.285592	0.251202	
0.690175	0.000000	0.096815	
0.504696	0.030787	0.146499	
0.462973	0.065147	0.000000	
0.438939	0.123193	0.023821	
0.358136	0.115754	0.156052	
0.336756	0.150941	0.163899	
0.454568	0.085865	0.239269	
0.547347	0.085546	0.282776	
0.196367	0.370510	0.334012	
0.281264	0.736776	0.315963	
0.281264	0.736776	0.315963	
0.246900	0.944948	0.332012	
0.061898	0.971292	0.333516	
0.061898	0.971292	0.333516	
0.000000	1.245511	0.348595	
0.561083	0.000000	0.165583	
0.504696	0.030787	0.146499	
0.414077	0.090664	0.212067	
0.300037	0.091182	0.191198	
0.336756	0.150941	0.163899	
0.408794	0.214054	0.041021	
0.330490	0.179908	0.363488	
0.304293	0.502615	0.341105	
0.304293	0.502615	0.341105	
0.100032	0.685176	0.380670	
0.100032	0.685176	0.380670	
0.085285	0.689541	0.371355	
0.078482	0.835328	0.397972	
0.000000	1.178650	0.428269	
0.552290	0.000000	0.120451	
0.510232	0.000000	0.047797	
0.414077	0.090664	0.212067	
0.358136	0.115754	0.156052	
0.234676	0.129088	0.180012	
0.249833	0.119893	0.271158	
0.371502	0.398021	0.444684	
0.371502	0.398021	0.444684	
0.232222	0.536062	0.370627	
0.094061	0.531823	0.411074	
0.099108	0.622751	0.392358	
0.078482	0.835328	0.397972	
0.000000	0.924063	0.513112	
0.510232	0.000000	0.047797	
0.508057	0.041726	0.109708	
0.389455	0.072458	0.203142	
0.272285	0.092758	0.267156	
0.234676	0.129088	0.180012	
0.297741	0.324694	0.487819	
0.227018	0.380595	0.439044	
0.200522	0.463588	0.475216	
0.103664	0.528950	0.427370	
0.094061	0.531823	0.411074	
0.065674	0.545892	0.508619	
0.000000	0.509706	0.584771	
0.561083	0.000000	0.165583	
0.442308	0.049800	0.387141	
0.314618	0.095316	0.150811	
0.272285	0.092758	0.267156	
0.323970	0.179729	0.509150	
0.305848	0.315122	0.518051	
0.240708	0.302112	0.510438	
0.177646	0.386709	0.502983	
0.126713	0.460375	0.509694	
0.043816	0.492894	0.510529	
0.000000	0.683367	0.621960	
0.477901	0.000000	0.476871	
0.435063	0.008893	0.492803	
0.389455	0.072458	0.203142	
0.323970	0.179729	0.509150	
0.309933	0.250949	0.562479	
0.237687	0.313725	0.569577	
0.088400	0.379388	0.540055	
0.088400	0.379388	0.540055	
0.043816	0.492894	0.510529	
0.000000	0.683367	0.621960	
0.603274	0.000000	0.767723	
0.338136	0.032109	0.503031	
0.402724	0.129182	0.659291	
0.170400	0.166933	0.661792	
0.202841	0.222504	0.635349	
0.096125	0.302935	0.652539	
0.083304	0.320231	0.618827	
0.035485	0.408712	0.614563	
0.000000	0.294506	0.885938	
0.394885	0.000000	0.936905	
0.377200	0.020103	0.717653	
0.360205	0.087762	0.684038	
0.170400	0.166933	0.661792	
0.202841	0.222504	0.635349	
0.099152	0.315682	0.668721	
0.039534	0.355482	0.699463	
0.000000	0.447431	0.991959	
0.380781	0.000000	0.784530	
0.301533	0.050014	0.791982	
0.232692	0.097208	0.825325	
0.215337	0.170480	0.879052	
0.096208	0.266478	0.783746	
0.039534	0.355482	0.699463	
0.000000	0.447431	0.991959	
0.306812	0.000000	1.026508	
0.226948	0.061906	0.865276	
0.158341	0.038585	0.970605	
0.094845	0.061502	1.035308	
0.016927	0.298599	1.046174	
0.000000	0.519111	0.611963	
0.338653	0.000000	1.309539	
0.142865	0.014139	1.047418	
0.094845	0.061502	1.035308	
0.079061	0.181594	1.053920	
0.000000	0.199831	1.303884	
0.238523	0.000000	1.446951	
0.142865	0.014139	1.047418	
0.022177	0.104495	1.199258	
0.000000	0.199831	1.303884	
0.000000	0.000000	1.368699	
0.023734	0.008081	1.280183	
0.000000	0.000000	1.415807	
0.000000	0.000000	1.415807	
0.000000	0.000618	1.462215	
0.000000	0.000000	1.643229	
0.000000	0.000000	0.000000	
0.000000	0.000000	0.000000	
0.000000	0.000000	0.000000	
0.000000	0.000000	0.000000	
0.000000	0.000000	0.000000	
0.000000	0.000000	0.000000	
0.000000	0.000000	0.000000	
0.000000	0.000000	0.000000	
0.000000	0.000000	0.000000	
0.000000	0.000000	0.000000	
