35.789438	0.000000	0.000000	
35.789438	0.000000	0.000000	
0.420249	2.601769	0.000000	
0.420249	2.601769	0.000000	
0.618463	3.009935	0.000000	
4.127879	0.602207	0.000000	
1.671154	1.804814	0.000000	
1.707719	1.745483	0.000000	
2.119976	1.799545	0.000000	
1.671154	1.804814	0.000000	
0.715097	1.998028	0.000000	
0.781032	1.791638	0.000000	
0.633375	1.957792	0.000000	
0.521908	1.991266	0.000000	
0.469573	2.212363	0.000000	
0.145619	2.716346	0.000000	
0.555250	2.568851	0.000000	
1.526330	2.966424	0.000000	
0.000000	49.909798	0.000000	
34.560327	0.000000	1.395950	
3.722052	1.068409	0.033294	
3.722052	1.068409	0.033294	
2.257439	1.588928	0.317607	
2.257439	1.588928	0.317607	
4.000521	1.014447	0.029401	
2.119976	1.799545	0.000000	
1.973838	1.158776	0.128270	
1.412577	1.523492	0.191346	
0.614403	1.636659	0.078041	
1.106980	1.722091	0.005092	
0.734122	1.812140	0.084347	
0.607294	1.853137	0.087156	
0.563325	1.957140	0.036577	
0.323692	1.958018	0.118690	
0.324439	2.452397	0.055559	
0.040197	2.780766	0.144161	
0.000000	4.651808	0.241786	
30.382506	0.000000	0.513369	
26.587457	0.460112	3.710589	
18.747408	0.807316	2.784506	
7.099290	2.264694	0.000000	
2.735664	1.024859	0.357355	
2.718066	0.228433	0.000000	
2.345785	0.652376	0.000000	
1.384845	1.493582	0.248989	
1.058314	1.325597	0.217144	
0.920440	1.606011	0.238739	
0.614403	1.636659	0.078041	
0.618317	1.735672	0.144499	
0.345272	1.697561	0.172346	
0.427963	2.048690	0.035499	
0.238838	2.268955	0.265956	
0.040197	2.780766	0.144161	
0.000000	21.651618	1.904903	
30.382506	0.000000	0.513369	
26.587457	0.460112	3.710589	
18.747408	0.807316	2.784506	
4.917918	0.927898	0.026886	
2.822079	1.236188	0.512072	
2.345785	0.652376	0.000000	
1.973838	1.158776	0.128270	
1.481771	1.483231	0.280355	
1.384845	1.493582	0.248989	
1.058314	1.325597	0.217144	
0.618317	1.735672	0.144499	
0.503542	1.654634	0.341119	
0.197972	1.796176	0.236603	
0.257519	2.075066	0.064084	
0.165058	2.763630	0.401807	
0.000000	4.435349	0.231455	
33.205883	0.000000	7.035637	
17.839754	0.266635	6.232620	
15.252550	3.318735	2.792606	
9.553845	3.030585	0.618978	
2.717490	1.057534	0.014136	
1.967424	1.273532	0.257231	
1.183163	1.175670	0.853644	
1.481771	1.483231	0.280355	
0.920440	1.606011	0.238739	
0.722232	1.864359	0.326086	
0.607622	1.528957	0.326906	
0.345272	1.697561	0.172346	
0.175081	1.943463	0.244124	
0.127971	2.144253	0.398492	
0.000000	4.435349	0.231455	
28.150398	0.000000	9.416704	
29.133983	0.000000	9.772381	
15.252550	3.318735	2.792606	
3.660834	1.856995	0.221729	
2.822079	1.236188	0.512072	
1.967424	1.273532	0.257231	
1.580250	1.733154	0.226804	
0.930663	1.471110	0.155129	
0.940630	1.194349	1.074384	
0.552414	2.035206	0.115496	
0.371596	2.072882	0.227835	
0.197972	1.796176	0.236603	
0.046617	2.662126	0.290007	
0.000000	32.513267	3.351842	
15.934478	0.000000	11.894608	
21.015076	0.000000	13.723136	
12.171165	3.669057	4.440432	
3.660834	1.856995	0.221729	
2.675242	1.807570	0.554628	
2.124788	1.396680	0.371670	
1.267724	1.320435	1.095495	
0.940630	1.194349	1.074384	
0.449769	2.058060	0.000000	
0.559985	2.168634	0.355760	
0.318023	2.353363	0.051160	
0.046617	2.662126	0.290007	
0.000000	34.403962	15.333533	
21.015076	0.000000	13.723136	
22.184043	1.866315	16.327787	
19.693331	4.362211	0.000000	
12.163579	5.183741	1.389875	
4.036947	0.669935	1.413181	
1.914701	2.351355	0.000000	
1.914701	2.351355	0.000000	
1.267724	1.320435	1.095495	
0.554024	2.466212	0.000000	
0.554024	2.466212	0.000000	
0.003712	2.693120	0.118271	
0.000000	20.226215	3.225443	
15.934478	0.000000	11.894608	
21.594018	2.421495	16.362632	
19.693331	4.362211	0.000000	
12.163579	5.183741	1.389875	
3.887555	4.873894	0.183838	
0.359980	3.853110	0.000000	
1.002145	2.731989	0.054111	
1.124027	2.577089	0.156619	
0.359980	3.853110	0.000000	
2.041309	11.801835	14.389570	
0.000000	27.602010	20.006793	
25.590063	0.000000	14.724119	
23.006100	0.000000	27.382879	
14.466558	5.675034	24.824365	
12.929323	6.096099	23.903773	
2.334877	6.574870	0.149725	
2.334877	6.574870	0.149725	
6.240239	14.780764	1.035619	
6.240239	14.780764	1.035619	
0.000000	21.585355	25.073274	
0.000000	21.585355	25.073274	
23.006100	0.000000	27.382879	
19.566319	1.639720	26.439003	
12.929323	6.096099	23.903773	
13.046016	3.503797	26.271352	
10.057281	10.957776	21.238463	
5.686454	8.315022	31.908417	
5.686454	8.315022	31.908417	
0.335832	14.646697	23.017471	
0.000000	20.445537	30.054463	
16.628414	0.000000	30.696392	
16.628414	0.000000	30.696392	
13.046016	3.503797	26.271352	
0.000000	0.000000	33.254754	
0.279863	0.392125	27.906284	
0.279863	0.392125	27.906284	
0.335832	14.646697	23.017471	
0.000000	12.678124	25.321876	
10.409291	0.000000	33.284660	
0.000000	0.000000	33.254754	
0.000000	0.000000	30.948810	
0.031895	0.727254	30.351864	
0.843621	0.841944	28.883297	
0.843621	0.841944	28.883297	
0.000000	19.388873	35.955862	
15.007935	0.000000	36.825751	
0.079369	0.249506	25.722532	
0.079369	0.249506	25.722532	
0.668547	3.309605	30.242429	
0.668547	3.309605	30.242429	
0.000000	0.000000	32.585149	
0.000000	0.000000	27.503657	
0.539409	1.118461	25.331523	
2.265381	2.265381	20.969238	
0.668547	3.309605	30.242429	
0.000000	7.268547	32.447902	
0.000000	0.000000	32.585149	
0.858076	0.880971	18.522958	
0.539409	1.118461	25.331523	
0.000000	0.000000	30.610859	
0.000000	0.000000	30.610859	
0.858076	0.880971	18.522958	
0.000000	0.489369	28.081728	
0.000000	0.000000	28.075904	
0.000000	0.000000	28.075904	
0.000000	0.000000	45.898898	
0.000000	0.000000	0.000000	
0.000000	0.000000	0.000000	
0.000000	0.000000	0.000000	
0.000000	0.000000	0.000000	
0.000000	0.000000	0.000000	
0.000000	0.000000	0.000000	
0.000000	0.000000	0.000000	
0.000000	0.000000	0.000000	
0.000000	0.000000	0.000000	
0.000000	0.000000	0.000000	
