1.053168	0.000000	0.000000	
1.002827	0.022669	0.000000	
0.995973	0.043047	0.000000	
0.620665	0.066984	0.000000	
0.620665	0.066984	0.000000	
0.948229	0.075366	0.000000	
0.905968	0.135099	0.000000	
0.845269	0.160291	0.000000	
0.839144	0.175005	0.000000	
0.793035	0.214789	0.000000	
0.793035	0.214789	0.000000	
0.759978	0.256429	0.000000	
0.721771	0.279332	0.000000	
0.709344	0.310751	0.000000	
0.709344	0.310751	0.000000	
0.678173	0.369845	0.000000	
0.626761	0.391745	0.000000	
0.626683	0.403656	0.000000	
0.605824	0.434296	0.000000	
0.579619	0.446899	0.000000	
0.555138	0.481380	0.000000	
0.528207	0.507417	0.000000	
0.494232	0.514577	0.000000	
0.479884	0.554085	0.000000	
0.432071	0.581936	0.000000	
0.448828	0.612168	0.000000	
0.427022	0.620855	0.000000	
0.447189	0.704310	0.000000	
0.477669	0.586598	0.000000	
0.405965	0.698590	0.000000	
0.189737	1.033812	0.000000	
0.292159	1.020478	0.000000	
0.241403	1.027251	0.000000	
0.229063	1.153716	0.000000	
0.229063	1.153716	0.000000	
0.000000	1.344465	0.000000	
0.008065	1.255983	0.000000	
0.049506	2.131394	0.000000	
0.049506	2.131394	0.000000	
0.000000	2.812005	0.000000	
0.000000	3.322496	0.000000	
0.000000	3.322496	0.000000	
0.000000	4.177729	0.000000	
0.000000	4.177729	0.000000	
1.027639	0.000000	0.007069	
1.002827	0.022669	0.000000	
0.982825	0.032491	0.010048	
0.664252	0.063415	0.000000	
0.664252	0.063415	0.000000	
0.874849	0.110121	0.022189	
0.874849	0.110121	0.022189	
0.842611	0.161523	0.022787	
0.830239	0.176909	0.008369	
0.793704	0.215860	0.000000	
0.766738	0.235890	0.015546	
0.749514	0.255870	0.004111	
0.734934	0.282435	0.000000	
0.691997	0.309518	0.008223	
0.685134	0.335007	0.011044	
0.656127	0.366766	0.008399	
0.622720	0.384704	0.019952	
0.598877	0.400533	0.021332	
0.589509	0.434334	0.012863	
0.565026	0.465250	0.022688	
0.545627	0.492336	0.000000	
0.496068	0.508058	0.011334	
0.491903	0.522862	0.000000	
0.471663	0.560590	0.000000	
0.452398	0.551975	0.017223	
0.390005	0.606706	0.022877	
0.396931	0.623507	0.000000	
0.298749	0.738925	0.023090	
0.298749	0.738925	0.023090	
0.405965	0.698590	0.000000	
0.155248	0.897700	0.008025	
0.250012	0.926112	0.001573	
0.256790	0.932222	0.000000	
0.256790	0.932222	0.000000	
0.000000	0.885465	0.026675	
0.000000	0.885465	0.026675	
0.008065	1.255983	0.000000	
0.067654	2.129928	0.033833	
0.053355	2.052101	0.017090	
0.000000	1.896641	0.010222	
0.041575	2.529794	0.059091	
0.053355	2.052101	0.017090	
0.000000	3.267214	0.095920	
1.023083	0.000000	0.014172	
0.959454	0.017147	0.038725	
0.940785	0.039815	0.045931	
0.940785	0.039815	0.045931	
0.880886	0.091557	0.032765	
0.852019	0.113742	0.044515	
0.842579	0.134345	0.038129	
0.833750	0.166454	0.041929	
0.803804	0.174250	0.043123	
0.771854	0.202639	0.034088	
0.745714	0.233143	0.028830	
0.717316	0.252510	0.040906	
0.503587	0.095592	0.029791	
0.665961	0.311492	0.028616	
0.664513	0.325387	0.039658	
0.630283	0.362477	0.046509	
0.615305	0.388024	0.033258	
0.602165	0.416973	0.014427	
0.558823	0.446859	0.001115	
0.511412	0.456796	0.049096	
0.511412	0.456796	0.049096	
0.476344	0.505823	0.045898	
0.454671	0.535992	0.033070	
0.427350	0.551715	0.031831	
0.419150	0.577078	0.046681	
0.390005	0.606706	0.022877	
0.342901	0.666487	0.044144	
0.371973	0.628786	0.037216	
0.324594	0.689774	0.037356	
0.324594	0.689774	0.037356	
0.211306	0.807709	0.035357	
0.211306	0.807709	0.035357	
0.256790	0.932222	0.000000	
0.239752	0.971143	0.025753	
0.156109	1.233301	0.000182	
0.026332	1.035814	0.073635	
0.142662	1.521948	0.087739	
0.137479	1.745793	0.000000	
0.000000	1.439110	0.038238	
0.000035	0.799491	0.041044	
0.041350	1.237376	0.060153	
0.000000	1.044116	0.117831	
0.962300	0.000000	0.056213	
0.930470	0.006680	0.066613	
0.930470	0.006680	0.066613	
0.883603	0.060874	0.067889	
0.867969	0.096136	0.043347	
0.843913	0.105940	0.058439	
0.819450	0.137920	0.060737	
0.817478	0.167669	0.056453	
0.754231	0.193984	0.058412	
0.739113	0.210358	0.054422	
0.720553	0.232693	0.057409	
0.503587	0.095592	0.029791	
0.676689	0.277524	0.061718	
0.640064	0.303684	0.062669	
0.619525	0.344812	0.051467	
0.566085	0.373870	0.074255	
0.560151	0.395202	0.052607	
0.554170	0.413614	0.072153	
0.514939	0.431444	0.070878	
0.496245	0.455023	0.059758	
0.495903	0.480127	0.058913	
0.460840	0.513318	0.056610	
0.442059	0.538682	0.051985	
0.417506	0.564039	0.029464	
0.362527	0.610131	0.054575	
0.362527	0.610131	0.054575	
0.342901	0.666487	0.044144	
0.322692	0.657224	0.065311	
0.256060	0.746302	0.053583	
0.256060	0.746302	0.053583	
0.206589	0.811184	0.031665	
0.238375	0.732662	0.060062	
0.191377	0.982845	0.032217	
0.000000	0.928572	0.076445	
0.000000	1.308599	0.000000	
0.000000	1.257989	0.000000	
0.174874	1.092615	0.139286	
0.137479	1.745793	0.000000	
0.000090	0.724176	0.022959	
0.000051	0.577039	0.044623	
0.000000	1.893261	0.075287	
0.930724	0.000000	0.094808	
0.918555	0.002378	0.094950	
0.903045	0.034029	0.090714	
0.881364	0.051564	0.094163	
0.849153	0.094456	0.078730	
0.822574	0.104817	0.076230	
0.790080	0.134065	0.097571	
0.789174	0.132734	0.095227	
0.752178	0.190517	0.091730	
0.565192	0.074948	0.062365	
0.511550	0.081585	0.054939	
0.638247	0.063312	0.012205	
0.638247	0.063312	0.012205	
0.554288	0.109822	0.009330	
0.554288	0.109822	0.009330	
0.614163	0.387776	0.042161	
0.533689	0.403061	0.081734	
0.530372	0.405483	0.091286	
0.491497	0.439566	0.082202	
0.491061	0.444263	0.086204	
0.448370	0.491290	0.093570	
0.429093	0.517533	0.084298	
0.418204	0.532710	0.091923	
0.392589	0.575487	0.066399	
0.389225	0.581330	0.105124	
0.361600	0.624438	0.058275	
0.322692	0.657224	0.065311	
0.305950	0.670579	0.081531	
0.254977	0.702112	0.060590	
0.254977	0.702112	0.060590	
0.238375	0.732662	0.060062	
0.256790	0.932222	0.000000	
0.156109	1.233301	0.000182	
0.000000	0.928572	0.076445	
0.000000	1.306366	0.000000	
0.000000	1.308599	0.000000	
0.114391	1.397651	0.200068	
0.017688	1.080500	0.085449	
0.000035	0.799491	0.041044	
0.000000	1.586931	0.000000	
0.907402	0.000000	0.109450	
0.907402	0.000000	0.109450	
0.903045	0.034029	0.090714	
0.832334	0.067199	0.102862	
0.818525	0.092458	0.100389	
0.780514	0.116401	0.119197	
0.713048	0.130375	0.106486	
0.565192	0.074948	0.062365	
0.526250	0.054221	0.072078	
0.511550	0.081585	0.054939	
0.482755	0.087796	0.060049	
0.545213	0.073990	0.042700	
0.537411	0.197155	0.007050	
0.545213	0.073990	0.042700	
0.582126	0.336411	0.108276	
0.572527	0.354637	0.113609	
0.518530	0.400497	0.103041	
0.517372	0.407424	0.097323	
0.485019	0.432485	0.107631	
0.453076	0.446295	0.113228	
0.448370	0.491290	0.093570	
0.429093	0.517533	0.084298	
0.398963	0.541234	0.096687	
0.385790	0.536644	0.104483	
0.368057	0.621893	0.097470	
0.334394	0.657303	0.109730	
0.247962	0.672603	0.102623	
0.247962	0.672603	0.102623	
0.253622	0.655972	0.103637	
0.253622	0.655972	0.103637	
0.112522	0.965333	0.121884	
0.150911	1.038783	0.175189	
0.205563	1.508723	0.179862	
0.174259	0.779296	0.096872	
0.000000	1.535370	0.078473	
0.000000	1.257989	0.000000	
0.000842	1.697179	0.113086	
0.000000	1.601741	0.156383	
0.000000	1.601741	0.156383	
0.921431	0.000000	0.124547	
0.867797	0.022536	0.128079	
0.848821	0.027629	0.143371	
0.831817	0.070804	0.128942	
0.608806	0.068224	0.135826	
0.476736	0.063026	0.101246	
0.467813	0.091055	0.054047	
0.467295	0.078408	0.086719	
0.504690	0.068784	0.078671	
0.482755	0.087796	0.060049	
0.451578	0.071961	0.095317	
0.442984	0.116998	0.107341	
0.345443	0.220349	0.082375	
0.573370	0.291826	0.146908	
0.573058	0.322504	0.149255	
0.497892	0.375875	0.146765	
0.497892	0.375875	0.146765	
0.485019	0.432485	0.107631	
0.470775	0.433965	0.109026	
0.431302	0.213981	0.131663	
0.431302	0.213981	0.131663	
0.385790	0.536644	0.104483	
0.381993	0.550546	0.109786	
0.331886	0.173209	0.153638	
0.334394	0.657303	0.109730	
0.305950	0.670579	0.081531	
0.284219	0.681855	0.119504	
0.269655	0.638661	0.164580	
0.235219	0.675780	0.111378	
0.250069	0.787099	0.121858	
0.150911	1.038783	0.175189	
0.015914	1.258955	0.173080	
0.205563	1.508723	0.179862	
0.174259	0.779296	0.096872	
0.151402	0.083928	0.354637	
0.000000	2.166692	0.221580	
0.000842	1.697179	0.113086	
0.000000	0.394356	0.703295	
0.866023	0.000000	0.161718	
0.857283	0.017218	0.159055	
0.829928	0.043147	0.171136	
0.608806	0.068224	0.135826	
0.602371	0.070283	0.098369	
0.457107	0.061125	0.087768	
0.467295	0.078408	0.086719	
0.433906	0.052875	0.098296	
0.474009	0.098315	0.065845	
0.474009	0.098315	0.065845	
0.442984	0.116998	0.107341	
0.375160	0.183930	0.084142	
0.345443	0.220349	0.082375	
0.558253	0.313254	0.165102	
0.545618	0.299087	0.170506	
0.532250	0.315465	0.177624	
0.310777	0.152611	0.151259	
0.450096	0.444746	0.183762	
0.358762	0.352291	0.088320	
0.293773	0.301103	0.074584	
0.320720	0.220157	0.116987	
0.274924	0.322832	0.062295	
0.331886	0.173209	0.153638	
0.319254	0.573163	0.162003	
0.316969	0.600435	0.171295	
0.262830	0.686728	0.148591	
0.262830	0.686728	0.148591	
0.269655	0.638661	0.164580	
0.235219	0.675780	0.111378	
0.126353	1.044299	0.117384	
0.208915	1.266404	0.275760	
0.233745	1.427305	0.402753	
0.124524	0.748826	0.563455	
0.124524	0.748826	0.563455	
0.174918	0.000000	0.384703	
0.000000	2.553335	0.000000	
0.000000	0.394356	0.703295	
0.826821	0.000000	0.197042	
0.766044	0.007774	0.180934	
0.766044	0.007774	0.180934	
0.579318	0.022466	0.137030	
0.457107	0.061125	0.087768	
0.476736	0.063026	0.101246	
0.436722	0.059018	0.081207	
0.433906	0.052875	0.098296	
0.398282	0.072194	0.126685	
0.424038	0.071631	0.133978	
0.373032	0.117863	0.134135	
0.376589	0.160559	0.134774	
0.378868	0.151729	0.164388	
0.378868	0.151729	0.164388	
0.332048	0.232944	0.161562	
0.332048	0.232944	0.161562	
0.280979	0.142487	0.146299	
0.310777	0.152611	0.151259	
0.320720	0.220157	0.116987	
0.280834	0.340775	0.117358	
0.274924	0.322832	0.062295	
0.280834	0.340775	0.117358	
0.301232	0.561950	0.189574	
0.316734	0.584040	0.165850	
0.316734	0.584040	0.165850	
0.167526	0.807281	0.150167	
0.147359	0.841557	0.222981	
0.110732	1.030252	0.148785	
0.126353	1.044299	0.117384	
0.000000	1.677180	0.006197	
0.000000	1.920078	0.000000	
0.171110	0.258989	0.626972	
0.265375	0.265112	0.318207	
0.000000	1.033055	0.851688	
0.000000	1.033055	0.851688	
0.000000	0.000000	1.062172	
0.602532	0.000000	0.188988	
0.602532	0.000000	0.188988	
0.654348	0.023773	0.118370	
0.530476	0.047994	0.151063	
0.514063	0.047690	0.060449	
0.470884	0.068363	0.072577	
0.398282	0.072194	0.126685	
0.388316	0.064889	0.126148	
0.352309	0.107396	0.127999	
0.373032	0.117863	0.134135	
0.376589	0.160559	0.134774	
0.295466	0.171009	0.152933	
0.357497	0.070569	0.139391	
0.335189	0.148394	0.150417	
0.295833	0.156442	0.127259	
0.280979	0.142487	0.146299	
0.295833	0.156442	0.127259	
0.358762	0.352291	0.088320	
0.272059	0.196997	0.173154	
0.272059	0.196997	0.173154	
0.290622	0.220569	0.184312	
0.340974	0.519633	0.202051	
0.308598	0.603720	0.150789	
0.308598	0.603720	0.150789	
0.338923	0.758192	0.278568	
0.183085	0.915347	0.048169	
0.303926	0.609386	0.189405	
0.199218	1.019992	0.002054	
0.248702	0.511238	0.606337	
0.000000	1.920078	0.000000	
0.293092	0.000000	0.652424	
0.000000	2.604833	0.000000	
0.162310	0.016275	0.869269	
0.023592	0.129807	0.875240	
0.000000	0.000000	1.318772	
0.827444	0.000000	0.240084	
0.792940	0.008788	0.227506	
0.654348	0.023773	0.118370	
0.431653	0.051801	0.148070	
0.431653	0.051801	0.148070	
0.397575	0.050887	0.145089	
0.368567	0.074708	0.131562	
0.355696	0.089151	0.130779	
0.352309	0.107396	0.127999	
0.365884	0.069789	0.150559	
0.395713	0.144923	0.150669	
0.335189	0.148394	0.150417	
0.306381	0.165641	0.162346	
0.295466	0.171009	0.152933	
0.267869	0.189216	0.152983	
0.267869	0.189216	0.152983	
0.298858	0.174783	0.202660	
0.345249	0.246624	0.197448	
0.292797	0.233895	0.186569	
0.221267	0.159225	0.217670	
0.327810	0.240633	0.251463	
0.220181	0.156553	0.275646	
0.338494	0.596588	0.209088	
0.338923	0.758192	0.278568	
0.252956	0.457875	0.366655	
0.232559	0.581868	0.381198	
0.110732	1.030252	0.148785	
0.308061	0.355323	0.452323	
0.290715	0.485017	0.776296	
0.290715	0.485017	0.776296	
0.162310	0.016275	0.869269	
0.023592	0.129807	0.875240	
0.021107	0.205230	0.916327	
0.000000	0.000000	1.318772	
0.675864	0.000000	0.258218	
0.675864	0.000000	0.258218	
0.414839	0.029662	0.198807	
0.444416	0.026167	0.148917	
0.397575	0.050887	0.145089	
0.388316	0.064889	0.126148	
0.368567	0.074708	0.131562	
0.318751	0.090835	0.140972	
0.309690	0.109429	0.152641	
0.341689	0.152829	0.161457	
0.282546	0.152932	0.186610	
0.299262	0.121329	0.139534	
0.246991	0.161633	0.146461	
0.246991	0.161633	0.146461	
0.301165	0.184067	0.157042	
0.326529	0.211810	0.227143	
0.274589	0.128545	0.232247	
0.274589	0.128545	0.232247	
0.221267	0.159225	0.217670	
0.184400	0.118517	0.264641	
0.220181	0.156553	0.275646	
0.376989	0.582721	0.100568	
0.292254	0.494411	0.336127	
0.220480	0.641914	0.352468	
0.232559	0.581868	0.381198	
0.181713	0.966579	0.279293	
0.310549	0.268112	0.710842	
0.021107	0.205230	0.916327	
0.015391	2.687065	0.000000	
0.179265	2.444967	1.095545	
0.179265	2.444967	1.095545	
0.027739	0.081175	1.351754	
0.000000	0.520891	1.766216	
0.777434	0.000000	0.303173	
0.731178	0.005333	0.290730	
0.444416	0.026167	0.148917	
0.393481	0.029109	0.189643	
0.393481	0.029109	0.189643	
0.465337	0.042644	0.142880	
0.318751	0.090835	0.140972	
0.336302	0.117808	0.151125	
0.309690	0.109429	0.152641	
0.341689	0.152829	0.161457	
0.312724	0.118793	0.133465	
0.299262	0.121329	0.139534	
0.252453	0.172356	0.156549	
0.250258	0.179353	0.147707	
0.326529	0.211810	0.227143	
0.329608	0.232322	0.284820	
0.327810	0.240633	0.251463	
0.209966	0.139125	0.245511	
0.209966	0.139125	0.245511	
0.098257	0.262070	0.298298	
0.053778	0.343384	0.299234	
0.310392	0.353535	0.367581	
0.252956	0.457875	0.366655	
0.314827	0.394836	0.375827	
0.181713	0.966579	0.279293	
0.310549	0.268112	0.710842	
0.344465	2.815841	0.159650	
0.233783	0.182835	1.386230	
0.173645	0.158541	2.066026	
0.173645	0.158541	2.066026	
0.000000	1.496953	2.403269	
0.000000	1.496953	2.403269	
0.748032	0.000000	0.318391	
0.712256	0.000000	0.315562	
0.406434	0.018311	0.193260	
0.406434	0.018311	0.193260	
0.474293	0.085375	0.073201	
0.450724	0.098376	0.108274	
0.414638	0.060201	0.156618	
0.554936	0.171493	0.313587	
0.395713	0.144923	0.150669	
0.454218	0.193590	0.194104	
0.312724	0.118793	0.133465	
0.292499	0.168459	0.158163	
0.292499	0.168459	0.158163	
0.391572	0.137689	0.154484	
0.329608	0.232322	0.284820	
0.351862	0.216372	0.229097	
0.351862	0.216372	0.229097	
0.098257	0.262070	0.298298	
0.053778	0.343384	0.299234	
0.061142	0.290810	0.288643	
0.054106	0.345482	0.280537	
0.275237	0.375168	0.438219	
0.314827	0.394836	0.375827	
0.256504	0.344760	0.531026	
0.256504	0.344760	0.531026	
0.233783	0.182835	1.386230	
0.724886	0.530927	0.000000	
0.724886	0.530927	0.000000	
0.000000	4.317290	3.002095	
0.000000	0.000000	3.552606	
0.000000	15.912231	0.000000	
0.712256	0.000000	0.315562	
0.677133	0.011948	0.342245	
0.675543	0.039264	0.342587	
0.622231	0.061037	0.343792	
0.474293	0.085375	0.073201	
0.576313	0.112727	0.338607	
0.558017	0.131889	0.341171	
0.532360	0.157754	0.334031	
0.505221	0.181800	0.333924	
0.472312	0.208802	0.325966	
0.439641	0.238791	0.329371	
0.250258	0.179353	0.147707	
0.391572	0.137689	0.154484	
0.391608	0.314784	0.335174	
0.361325	0.315010	0.345263	
0.000000	0.334361	0.306324	
0.146672	0.261152	0.246744	
0.034120	0.334586	0.261227	
0.056874	0.352397	0.258191	
0.078034	0.318714	0.263886	
0.054106	0.345482	0.280537	
0.178308	0.173040	0.300767	
0.256504	0.344760	0.531026	
0.197419	0.859280	0.403467	
0.220132	0.456990	0.589186	
0.861600	0.516041	0.000000	
0.861600	0.516041	0.000000	
0.000000	15.912231	0.000000	
0.340858	5.479531	7.451096	
0.000000	7.521059	12.077550	
0.661044	0.000000	0.354831	
0.661044	0.000000	0.354831	
0.624190	0.032142	0.364720	
0.604249	0.037039	0.361542	
0.571374	0.093179	0.358801	
0.545001	0.116913	0.351631	
0.516651	0.143201	0.358928	
0.496935	0.161385	0.363170	
0.484266	0.191746	0.339497	
0.450668	0.212224	0.351679	
0.428300	0.234629	0.345352	
0.410964	0.252948	0.355578	
0.383101	0.275359	0.358446	
0.347502	0.304818	0.359199	
0.000000	0.301092	0.297547	
0.162236	0.270963	0.255556	
0.162236	0.270963	0.255556	
0.194364	0.183857	0.267386	
0.141379	0.218205	0.257254	
0.141379	0.218205	0.257254	
0.178308	0.173040	0.300767	
0.196375	0.210032	0.369823	
0.160882	0.578467	0.573978	
0.197419	0.859280	0.403467	
0.439407	9.570084	6.662153	
1.386268	8.623223	6.662153	
0.840165	9.793182	7.330744	
0.340858	5.479531	7.451096	
0.000000	8.039953	12.322475	
0.657531	0.000000	0.379689	
0.634054	0.003675	0.383418	
0.584663	0.035838	0.384214	
0.577867	0.072532	0.385626	
0.539245	0.092121	0.378549	
0.509874	0.110763	0.384811	
0.508002	0.024237	0.385906	
0.489435	0.152955	0.374317	
0.451134	0.189406	0.370965	
0.435960	0.214277	0.377087	
0.406967	0.220249	0.383343	
0.383548	0.269435	0.362924	
0.360564	0.276501	0.384407	
0.024428	0.253784	0.367108	
0.146672	0.261152	0.246744	
0.070573	0.284244	0.284086	
0.155793	0.223395	0.264642	
0.106104	0.252015	0.264175	
0.106104	0.252015	0.264175	
0.073574	0.318955	0.319200	
0.075159	0.322057	0.306642	
0.005456	0.779018	0.579488	
0.000000	2.486521	1.501380	
0.000000	2.486521	1.501380	
0.313221	9.696271	6.662153	
0.012497	5.258946	2.342520	
0.012497	5.258946	2.342520	
0.000000	8.039953	12.322475	
0.613709	0.000000	0.397452	
0.603744	0.004401	0.400273	
0.577789	0.026469	0.413494	
0.530488	0.071110	0.407637	
0.522988	0.091485	0.405678	
0.493100	0.104254	0.410686	
0.467494	0.141434	0.402151	
0.458132	0.144382	0.407040	
0.434592	0.184697	0.389032	
0.399359	0.211680	0.408148	
0.389540	0.227850	0.393106	
0.359692	0.261358	0.404540	
0.320888	0.279300	0.404652	
0.131216	0.239547	0.306163	
0.208111	0.222123	0.236182	
0.145316	0.228415	0.278108	
0.127203	0.244819	0.256831	
0.127203	0.244819	0.256831	
0.097907	0.238696	0.300464	
0.075159	0.322057	0.306642	
0.138479	0.689343	0.460305	
0.261453	1.847224	0.884342	
0.715518	2.095354	1.403668	
0.000000	8.568779	4.859429	
0.000000	12.086224	6.709342	
0.000000	4.965388	3.151106	
0.000000	9.442269	9.011310	
0.588369	0.000000	0.421197	
0.576086	0.020341	0.432668	
0.564015	0.040796	0.414436	
0.535504	0.073930	0.412300	
0.506767	0.089185	0.420280	
0.486336	0.104742	0.438452	
0.442233	0.136015	0.429812	
0.437087	0.155185	0.430013	
0.410261	0.181445	0.427428	
0.369388	0.217029	0.414976	
0.356086	0.232064	0.424141	
0.310947	0.260164	0.436153	
0.024428	0.253784	0.367108	
0.131216	0.239547	0.306163	
0.087277	0.224588	0.307005	
0.159975	0.193508	0.273575	
0.145316	0.228415	0.278108	
0.075711	0.288315	0.285937	
0.093689	0.346210	0.322207	
0.122014	0.167355	0.280234	
0.000000	0.822969	0.412624	
0.084963	1.191065	1.574880	
0.000000	8.568779	4.859429	
0.000000	8.568779	4.859429	
0.000000	14.033641	11.813493	
0.000000	4.965388	3.151106	
0.565709	0.000000	0.437825	
0.539296	0.018345	0.446132	
0.520080	0.047746	0.444320	
0.508002	0.024237	0.385906	
0.421696	0.008573	0.340149	
0.442015	0.001980	0.322080	
0.423227	0.142695	0.456107	
0.392306	0.161510	0.451490	
0.379431	0.185008	0.454331	
0.346015	0.207711	0.451464	
0.336312	0.235011	0.440337	
0.310947	0.260164	0.436153	
0.240611	0.211025	0.254322	
0.208111	0.222123	0.236182	
0.140501	0.184431	0.266097	
0.136100	0.203703	0.290899	
0.098299	0.211481	0.343921	
0.045711	0.330119	0.288484	
0.129239	0.399915	0.515270	
0.012516	0.507500	0.336805	
0.000000	0.822969	0.412624	
1.769799	11.172247	4.959591	
0.000000	0.297026	12.753557	
0.000000	0.297026	12.753557	
0.000000	0.000000	16.415743	
0.555499	0.000000	0.457183	
0.523453	0.017513	0.474781	
0.494597	0.046332	0.474017	
0.490374	0.065686	0.478731	
0.442015	0.001980	0.322080	
0.434086	0.117644	0.477446	
0.390695	0.142128	0.473290	
0.369116	0.170000	0.485973	
0.359220	0.174574	0.476148	
0.339148	0.210746	0.462990	
0.306666	0.219655	0.475298	
0.271704	0.262093	0.473444	
0.240611	0.211025	0.254322	
0.224468	0.121813	0.411186	
0.136100	0.203703	0.290899	
0.098299	0.211481	0.343921	
0.179406	0.405777	0.503475	
0.129526	0.423633	0.488578	
0.122014	0.167355	0.280234	
0.123771	0.374680	0.661883	
0.395607	1.545051	2.426176	
0.663244	5.113530	10.624347	
0.521109	8.556476	13.814275	
0.000000	0.000000	16.415743	
0.518787	0.000000	0.487640	
0.508085	0.016861	0.494661	
0.482262	0.045296	0.516569	
0.460906	0.044776	0.515489	
0.421696	0.008573	0.340149	
0.406863	0.037132	0.322080	
0.385229	0.137603	0.500354	
0.348148	0.168931	0.513750	
0.322660	0.187001	0.497319	
0.313189	0.207576	0.501682	
0.286643	0.230163	0.494914	
0.255976	0.259910	0.500787	
0.227098	0.291055	0.511240	
0.170972	0.227622	0.340911	
0.170972	0.227622	0.340911	
0.163170	0.351458	0.530176	
0.150545	0.373530	0.502709	
0.106394	0.431217	0.514678	
0.093652	0.400507	0.626525	
0.123771	0.374680	0.661883	
0.005984	13.249802	13.902735	
0.675246	14.933930	16.698617	
0.000000	0.000000	18.322325	
0.492912	0.000000	0.523411	
0.490477	0.000000	0.525966	
0.449665	0.029000	0.533472	
0.258019	0.007113	0.518815	
0.281984	0.043082	0.398735	
0.281984	0.043082	0.398735	
0.348879	0.020560	0.342071	
0.328108	0.168532	0.536207	
0.290731	0.192613	0.540722	
0.275418	0.212663	0.516780	
0.265132	0.204680	0.536110	
0.232998	0.261759	0.534872	
0.194480	0.293828	0.546137	
0.178856	0.321886	0.521494	
0.169199	0.347164	0.511950	
0.141267	0.367699	0.556470	
0.030735	0.216984	0.252281	
0.030735	0.216984	0.252281	
0.056808	0.468282	0.560297	
0.395607	1.545051	2.426176	
0.052279	3.516725	2.079151	
0.000000	0.000000	18.322325	
0.473939	0.000000	0.554301	
0.456161	0.016738	0.545594	
0.413246	0.044470	0.548455	
0.287331	0.006605	0.536186	
0.343584	0.023919	0.371821	
0.343584	0.023919	0.371821	
0.323671	0.128936	0.560526	
0.298170	0.169177	0.557201	
0.275294	0.183889	0.553587	
0.262454	0.193648	0.549082	
0.243193	0.247426	0.545367	
0.219228	0.253677	0.552616	
0.188704	0.290402	0.549317	
0.151645	0.303955	0.569915	
0.108688	0.357415	0.579667	
0.119260	0.367706	0.526046	
0.087058	0.412487	0.533616	
0.056808	0.468282	0.560297	
0.032683	0.952320	0.869583	
0.032683	0.952320	0.869583	
0.000000	0.000000	18.644668	
0.453891	0.000000	0.564589	
0.423336	0.014108	0.565301	
0.283013	0.012717	0.527902	
0.258019	0.007113	0.518815	
0.283013	0.012717	0.527902	
0.338295	0.100664	0.599875	
0.321866	0.137642	0.575853	
0.284831	0.151709	0.573399	
0.257289	0.191287	0.570276	
0.242773	0.191763	0.589747	
0.205623	0.242338	0.590568	
0.199680	0.261402	0.562778	
0.151645	0.303955	0.569915	
0.143148	0.328627	0.566464	
0.121996	0.366945	0.611779	
0.087058	0.412487	0.533616	
0.081992	0.337841	0.668300	
0.069751	0.381149	0.629886	
0.020877	0.895848	0.850331	
0.000000	2.571025	1.660884	
0.428678	0.000000	0.592161	
0.396339	0.013208	0.598508	
0.287331	0.006605	0.536186	
0.233586	0.034319	0.558680	
0.317494	0.095255	0.611358	
0.243429	0.016814	0.622065	
0.288037	0.141824	0.606495	
0.259135	0.138038	0.616790	
0.242773	0.191763	0.589747	
0.205860	0.210460	0.625404	
0.183649	0.249107	0.621980	
0.165299	0.280576	0.613341	
0.116226	0.308242	0.635114	
0.111516	0.326636	0.633724	
0.097343	0.340648	0.668026	
0.069751	0.381149	0.629886	
0.065629	0.420109	0.898596	
0.044958	0.354157	0.902376	
0.000000	1.540436	0.496801	
0.383608	0.000000	0.651432	
0.392448	0.023575	0.627254	
0.233586	0.034319	0.558680	
0.243429	0.016814	0.622065	
0.317494	0.095255	0.611358	
0.280199	0.118533	0.621751	
0.259135	0.138038	0.616790	
0.244300	0.138507	0.636692	
0.226849	0.180010	0.627921	
0.202729	0.218761	0.625950	
0.172391	0.257156	0.680042	
0.117580	0.300029	0.684941	
0.116226	0.308242	0.635114	
0.074100	0.328016	0.675943	
0.067598	0.410641	0.667048	
0.065629	0.420109	0.898596	
0.041031	0.317955	0.741454	
0.000000	1.460226	1.770533	
0.342869	0.000000	0.672964	
0.319468	0.014691	0.642091	
0.319468	0.014691	0.642091	
0.317743	0.048235	0.652647	
0.271519	0.088788	0.647850	
0.253155	0.107692	0.663075	
0.244300	0.138507	0.636692	
0.220687	0.171221	0.647594	
0.191000	0.204625	0.663563	
0.156775	0.197887	0.724556	
0.165299	0.280576	0.613341	
0.138614	0.196093	0.805741	
0.080395	0.314369	0.786334	
0.080395	0.314369	0.786334	
0.041031	0.317955	0.741454	
0.044958	0.354157	0.902376	
0.000000	0.000000	2.382982	
0.321152	0.000000	0.686584	
0.323041	0.021841	0.672582	
0.311300	0.044258	0.660853	
0.290104	0.067430	0.680244	
0.251073	0.072384	0.688942	
0.244127	0.113164	0.681971	
0.211757	0.102570	0.698232	
0.187422	0.112017	0.716325	
0.110597	0.047875	0.624971	
0.110597	0.047875	0.624971	
0.138614	0.196093	0.805741	
0.121791	0.060903	0.924774	
0.086769	0.112127	1.120221	
0.073589	0.337100	0.851005	
0.030684	0.305658	1.168339	
0.000000	0.819200	1.263897	
0.321152	0.000000	0.686584	
0.302308	0.017600	0.685811	
0.272691	0.045432	0.699432	
0.258588	0.063622	0.700884	
0.229791	0.088905	0.698091	
0.211757	0.102570	0.698232	
0.187422	0.112017	0.716325	
0.160745	0.127157	0.745753	
0.068594	0.018932	0.578120	
0.068594	0.018932	0.578120	
0.121791	0.060903	0.924774	
0.126711	0.017674	1.215717	
0.086769	0.112127	1.120221	
0.000000	0.000000	1.627540	
0.000000	0.809481	1.195204	
0.283035	0.000000	0.733150	
0.273809	0.022253	0.713607	
0.268670	0.037804	0.702557	
0.155475	0.040301	0.579431	
0.155475	0.040301	0.579431	
0.179966	0.092393	0.744103	
0.151874	0.138829	0.736552	
0.140562	0.097365	0.781365	
0.039642	0.002346	0.876262	
0.128186	0.070892	1.111297	
0.128186	0.070892	1.111297	
0.000000	0.000000	1.267794	
0.000000	0.000000	1.267794	
0.000000	0.819200	1.263897	
0.283035	0.000000	0.733150	
0.249921	0.007671	0.753912	
0.242960	0.022828	0.754569	
0.209800	0.067909	0.735968	
0.179966	0.092393	0.744103	
0.161514	0.097326	0.766816	
0.132217	0.127686	0.772180	
0.132969	0.107253	0.887542	
0.124309	0.009272	1.030202	
0.000000	0.334875	1.082608	
0.059070	0.020409	1.228365	
0.000000	0.000000	1.417572	
0.000000	0.000000	2.382982	
0.259394	0.000000	0.756992	
0.238065	0.022978	0.761734	
0.217009	0.000000	0.793289	
0.190762	0.000000	0.818195	
0.161514	0.097326	0.766816	
0.140562	0.097365	0.781365	
0.137530	0.107890	0.828206	
0.132217	0.127686	0.772180	
0.000000	0.260765	1.207264	
0.000000	0.334875	1.082608	
0.015156	0.314833	1.533401	
0.000000	0.475856	1.754402	
0.217009	0.000000	0.793289	
0.210426	0.000049	0.807618	
0.159580	0.026664	0.826676	
0.133060	0.068269	0.824057	
0.133060	0.068269	0.824057	
0.119459	0.112380	0.818189	
0.132969	0.107253	0.887542	
0.016885	0.220045	1.088874	
0.016885	0.220045	1.088874	
0.000000	0.298930	1.186270	
0.000000	0.364055	1.239727	
0.218675	0.000000	0.822378	
0.190762	0.000000	0.818195	
0.174530	0.029475	0.830826	
0.146834	0.018957	0.850104	
0.135453	0.042031	0.893094	
0.106177	0.019858	0.964766	
0.017042	0.172241	1.163619	
0.011922	0.201716	1.107242	
0.011922	0.201716	1.107242	
0.000000	0.298930	1.186270	
0.201772	0.000000	0.893750	
0.146834	0.018957	0.850104	
0.107669	0.032925	0.869121	
0.127394	0.026373	0.869566	
0.106177	0.019858	0.964766	
0.034322	0.048990	1.080967	
0.022390	0.157890	1.317141	
0.001510	0.266084	1.209816	
0.000000	0.364055	1.239727	
0.186263	0.000000	0.925373	
0.155548	0.020799	0.911901	
0.107669	0.032925	0.869121	
0.082267	0.062809	0.957346	
0.077178	0.067284	0.947611	
0.057026	0.078436	0.902164	
0.000000	0.000000	1.238735	
0.000000	0.000000	1.618031	
0.122681	0.000000	1.236781	
0.113264	0.017648	0.958509	
0.113264	0.017648	0.958509	
0.077178	0.067284	0.947611	
0.057026	0.078436	0.902164	
0.034322	0.048990	1.080967	
0.000000	0.000000	1.479128	
0.122681	0.000000	1.236781	
0.016408	0.001527	1.056518	
0.016408	0.001527	1.056518	
0.001393	0.097522	1.203252	
0.000000	0.000000	1.225982	
0.000000	0.000000	1.225982	
0.201772	0.000000	0.893750	
0.010497	0.019979	1.484814	
0.007158	0.038608	1.124704	
0.001393	0.097522	1.203252	
0.000000	0.000000	1.385138	
0.000000	0.000000	3.518517	
0.000000	0.000000	1.394755	
0.000730	0.015087	1.205560	
0.000000	0.000000	1.394755	
0.000000	0.000000	3.221344	
0.000730	0.015087	1.205560	
0.000000	0.000000	2.037473	
0.000000	0.000000	1.263210	
0.000000	0.000000	1.263210	
0.000000	0.000000	3.221344	
0.000000	0.000000	0.000000	
0.000000	0.000000	0.000000	
0.000000	0.000000	0.000000	
0.000000	0.000000	0.000000	
0.000000	0.000000	0.000000	
0.000000	0.000000	0.000000	
0.000000	0.000000	0.000000	
0.000000	0.000000	0.000000	
0.000000	0.000000	0.000000	
0.000000	0.000000	0.000000	
