38.000000	0.000000	0.000000	
2.989884	0.000000	0.000000	
38.000000	0.000000	0.000000	
38.000000	0.000000	0.000000	
38.000000	0.000000	0.000000	
38.000000	0.000000	0.000000	
23.509016	1.990984	0.000000	
38.000000	0.000000	0.000000	
41.202759	0.000000	0.000000	
41.202759	0.000000	0.000000	
34.845450	12.247637	0.000000	
34.845450	12.247637	0.000000	
34.845450	12.247637	0.000000	
30.956534	10.251567	0.000000	
25.417097	17.095120	0.000000	
25.417097	17.095120	0.000000	
25.417097	17.095120	0.000000	
25.417097	17.095120	0.000000	
7.091840	24.732259	0.000000	
7.091840	24.732259	0.000000	
15.295839	20.069298	0.000000	
19.481793	26.781988	0.000000	
19.481793	26.781988	0.000000	
9.497313	28.502687	0.000000	
13.091516	24.908484	0.000000	
12.846564	25.153436	0.000000	
13.091516	24.908484	0.000000	
19.980263	18.019737	0.000000	
6.336577	31.663423	0.000000	
6.336577	31.663423	0.000000	
10.201754	36.962026	0.000000	
10.201754	36.962026	0.000000	
9.799396	37.364384	0.000000	
9.579560	40.253757	0.000000	
6.198466	28.360508	0.000000	
7.765682	35.589670	0.000000	
6.198466	28.360508	0.000000	
7.765682	35.589670	0.000000	
0.000000	40.421816	0.000000	
1.450462	38.965078	0.000000	
0.314427	51.095124	0.000000	
1.259244	45.175567	0.000000	
0.000000	46.353567	0.000000	
0.000000	57.421805	0.000000	
2.989884	0.000000	0.000000	
37.382774	0.863142	0.271751	
37.382774	0.863142	0.271751	
37.382774	0.863142	0.271751	
37.382774	0.863142	0.271751	
4.870478	0.095668	0.018681	
4.870478	0.095668	0.018681	
38.000000	0.000000	0.000000	
12.068441	6.012459	1.089990	
12.068441	6.012459	1.089990	
38.534218	9.934620	0.544379	
30.956534	10.251567	0.000000	
28.997674	0.000000	0.658775	
25.895036	7.102428	0.000000	
22.417883	14.071654	0.035984	
18.659309	8.448321	0.000099	
8.365121	3.862139	0.033964	
8.365121	3.862139	0.033964	
9.629812	9.271632	0.762570	
15.295839	20.069298	0.000000	
23.681145	28.875895	0.040869	
28.700070	25.434240	0.866923	
25.601795	26.899604	0.000000	
21.810559	19.220925	0.000000	
9.034763	28.965237	0.000000	
13.740779	24.154897	0.104324	
13.740779	24.154897	0.104324	
12.356660	25.643340	0.000000	
14.241822	19.106284	0.682587	
5.563023	20.038540	0.773809	
5.563023	20.038540	0.773809	
9.799396	37.364384	0.000000	
7.863939	31.093323	0.571523	
5.879902	27.064053	0.886707	
2.982731	15.928933	0.518585	
2.982731	15.928933	0.518585	
3.977407	33.005872	0.705421	
1.518975	16.693161	0.036250	
4.065422	38.587581	0.000000	
3.031319	38.170667	0.003448	
1.450462	38.965078	0.000000	
0.000000	41.154229	0.051205	
0.000000	43.668656	0.422078	
29.961361	0.000000	1.797463	
9.623472	0.222199	0.069957	
9.623472	0.222199	0.069957	
35.864624	0.084193	0.000000	
21.923096	2.761707	0.815197	
23.437858	2.062142	0.000000	
44.517503	0.000000	1.168992	
36.690696	9.594893	2.490495	
36.690696	9.594893	2.490495	
38.534218	9.934620	0.544379	
34.845450	12.247637	0.000000	
36.197178	13.840928	0.461895	
25.895036	7.102428	0.000000	
30.397514	9.808449	0.383518	
27.491684	15.784143	0.833553	
9.629812	9.271632	0.762570	
9.629812	9.271632	0.762570	
9.629812	9.271632	0.762570	
25.077807	16.770602	0.000000	
17.177517	25.337778	1.632311	
17.012310	29.251472	0.000000	
17.012310	29.251472	0.000000	
9.497313	28.502687	0.000000	
18.527121	21.907183	0.000000	
9.722334	23.796176	0.000000	
11.921465	26.078535	0.000000	
10.146675	27.644676	0.208648	
10.261245	27.695083	0.706174	
5.515547	31.597904	1.111806	
10.110927	29.808823	0.000000	
12.529972	32.641492	0.000000	
1.761534	35.813428	2.445128	
7.863939	31.093323	0.571523	
5.879902	27.064053	0.886707	
7.122219	42.455689	2.025547	
0.902446	35.985542	1.819525	
1.518975	16.693161	0.036250	
0.902446	35.985542	1.819525	
3.031319	38.170667	0.003448	
0.000000	43.728039	0.001830	
0.000000	43.668656	0.422078	
0.000000	41.154229	0.051205	
37.083819	0.000000	1.454492	
29.187553	0.000000	1.671027	
35.638695	0.000000	0.000000	
44.755478	0.000000	0.170653	
21.923096	2.761707	0.815197	
46.505381	2.484567	0.000000	
46.606796	6.632459	2.375105	
36.176278	9.422692	3.312299	
36.176278	9.422692	3.312299	
37.156442	9.997243	0.000000	
38.079760	13.011499	0.000000	
30.397514	9.808449	0.383518	
31.371483	7.307372	0.000000	
27.491684	15.784143	0.833553	
27.491684	15.784143	0.833553	
9.629812	9.271632	0.762570	
9.629812	9.271632	0.762570	
25.077807	16.770602	0.000000	
19.707063	13.178956	0.000000	
30.261674	27.095486	1.648395	
24.082710	24.572983	2.545990	
19.036331	25.534238	3.798225	
25.032720	29.183822	3.691687	
18.527121	21.907183	0.000000	
16.952734	27.880151	0.000000	
10.146675	27.644676	0.208648	
10.261245	27.695083	0.706174	
10.110927	29.808823	0.000000	
2.103098	24.543356	2.679520	
4.173788	20.997110	2.840314	
7.196898	33.191048	2.341034	
9.806440	40.596433	0.000000	
6.825388	32.314176	0.324802	
2.482606	32.105864	0.000000	
0.874090	23.157307	1.132911	
0.874090	23.157307	1.132911	
3.977407	33.005872	0.705421	
0.000000	35.996840	2.757874	
0.000000	40.817085	2.735425	
0.000000	43.728039	0.001830	
0.000000	43.668656	0.422078	
28.181342	0.000000	0.000000	
28.181342	0.000000	0.000000	
35.638695	0.000000	0.000000	
41.978267	1.529468	0.000000	
44.517503	0.000000	1.168992	
45.365184	3.977214	4.844148	
35.620255	1.076968	4.989324	
42.864688	0.000000	0.000000	
37.156442	9.997243	0.000000	
31.375602	3.298542	0.000000	
36.655680	7.603987	0.000000	
31.371483	7.307372	0.000000	
34.292000	13.897132	0.459668	
27.491684	15.784143	0.833553	
18.792877	14.398332	5.595194	
32.726288	20.156608	0.000000	
18.792877	14.398332	5.595194	
19.707063	13.178956	0.000000	
18.793613	15.847551	4.217823	
18.793613	15.847551	4.217823	
12.463694	18.831434	3.522894	
19.036331	25.534238	3.798225	
24.467195	31.405487	0.000000	
13.158979	21.515704	1.578183	
9.722334	23.796176	0.000000	
8.246108	33.272105	0.000000	
8.246108	33.272105	0.000000	
15.562939	37.577524	0.000000	
4.173788	20.997110	2.840314	
13.361456	31.237378	0.000000	
9.679352	29.894435	0.000000	
6.825388	32.314176	0.324802	
6.817704	34.186538	2.303856	
3.940100	27.209377	2.909246	
3.150271	27.484080	3.744629	
0.000000	39.320592	1.498389	
0.000000	35.996840	2.757874	
1.467791	33.698331	4.180729	
0.947310	44.444992	0.269495	
0.000000	43.668656	0.422078	
29.187553	0.000000	1.671027	
22.448607	0.529389	3.087374	
22.448607	0.529389	3.087374	
42.388146	3.976924	4.134930	
42.066788	2.594721	5.952725	
35.620255	1.076968	4.989324	
37.991708	0.000000	6.033974	
21.846399	2.124694	4.454142	
37.991708	0.000000	6.033974	
31.375602	3.298542	0.000000	
25.087133	2.809240	2.052321	
13.707535	4.385137	7.407329	
12.930723	6.376803	8.271982	
32.726288	20.156608	0.000000	
32.451375	12.490276	6.509664	
31.524348	12.868509	6.430173	
20.169821	11.078227	0.000000	
20.169821	11.078227	0.000000	
18.722044	15.787201	4.349743	
18.722044	15.787201	4.349743	
12.463694	18.831434	3.522894	
17.293072	27.490595	5.716333	
12.602693	21.949520	1.700653	
13.158979	21.515704	1.578183	
19.509218	26.238679	5.516438	
15.996263	29.751634	5.516438	
12.424430	32.600479	3.364591	
4.369712	24.285577	5.916530	
0.000000	29.807265	6.312432	
13.361456	31.237378	0.000000	
3.563043	17.861867	0.000000	
9.679352	29.894435	0.000000	
3.485654	32.517272	1.997074	
3.940100	27.209377	2.909246	
3.150271	27.484080	3.744629	
0.000000	39.963731	3.649854	
0.000000	39.963731	3.649854	
0.947310	44.444992	0.269495	
0.000000	50.414241	0.179293	
48.259686	0.000000	0.756969	
39.088458	0.494956	6.741309	
39.088458	0.494956	6.741309	
31.610359	1.070887	7.847904	
36.267856	0.055678	5.627427	
20.524045	0.290070	5.100850	
21.846399	2.124694	4.454142	
17.979616	2.193457	5.116431	
21.031778	6.700399	0.000000	
25.087133	2.809240	2.052321	
37.022916	12.626947	0.180278	
12.930723	6.376803	8.271982	
25.680419	9.180545	8.158413	
12.930723	6.376803	8.271982	
19.366834	7.564446	3.832379	
29.503875	14.235476	2.445114	
20.169821	11.078227	0.000000	
20.169821	11.078227	0.000000	
9.384605	14.799066	1.316329	
9.384605	14.799066	1.316329	
16.433831	22.806216	5.483187	
21.402782	23.091020	0.000000	
12.602693	21.949520	1.700653	
12.994089	30.875407	0.000000	
16.409721	29.365741	7.862497	
11.554036	17.619824	5.643049	
5.723822	10.197801	2.402623	
12.424430	32.600479	3.364591	
9.806901	13.474625	6.460308	
9.720326	35.292138	7.531813	
3.563043	17.861867	0.000000	
6.817704	34.186538	2.303856	
4.543599	34.027267	0.000000	
3.485654	32.517272	1.997074	
0.539268	44.770116	5.693471	
2.455049	36.362997	5.939614	
0.000000	32.650437	0.000000	
0.000000	50.549326	4.937425	
46.031462	0.000000	8.805603	
44.927496	0.129393	9.256831	
36.781032	1.793605	8.903883	
31.198930	2.557444	7.096200	
30.726364	2.893343	8.370887	
26.535699	1.230540	4.101608	
26.160439	5.075661	7.320611	
21.031778	6.700399	0.000000	
34.018631	0.418341	8.795747	
36.498805	0.000000	0.000000	
10.064289	6.679431	5.449940	
12.930723	6.376803	8.271982	
8.798330	14.953122	9.192808	
19.366834	7.564446	3.832379	
8.798330	14.953122	9.192808	
31.992446	5.536918	10.451836	
29.349891	22.982427	0.000000	
14.343513	19.896014	6.644793	
14.343513	19.896014	6.644793	
23.163413	24.645464	6.749326	
14.541223	17.755114	5.353384	
21.402782	23.091020	0.000000	
12.713220	30.370738	0.000000	
6.868929	16.489779	2.355826	
13.395405	30.215660	6.888935	
5.723822	10.197801	2.402623	
5.723822	10.197801	2.402623	
12.804573	20.050919	3.891960	
5.678431	24.706956	3.055976	
10.163692	43.061511	0.000000	
5.998601	29.835787	2.165612	
3.754713	34.058920	4.239257	
4.543599	34.027267	0.000000	
2.350077	40.728181	1.630392	
0.539268	44.770116	5.693471	
0.000000	49.122669	0.000000	
0.000000	32.650437	0.000000	
48.036137	0.000000	4.350510	
23.665448	0.691752	7.801429	
36.781032	1.793605	8.903883	
20.524045	0.290070	5.100850	
26.535699	1.230540	4.101608	
26.160439	5.075661	7.320611	
34.742663	2.811128	2.730256	
32.489634	0.781319	10.307453	
36.633071	4.286200	12.876636	
10.064289	6.679431	5.449940	
18.719807	4.970148	5.386586	
26.352608	8.156103	8.827077	
26.352608	8.156103	8.827077	
29.275192	21.183461	12.541347	
19.908374	9.943897	11.841515	
17.509852	22.818424	11.586637	
25.681405	21.821595	2.997000	
23.163413	24.645464	6.749326	
14.633676	24.572737	0.114902	
23.075263	13.701431	8.952308	
14.541223	17.755114	5.353384	
11.685057	28.837593	10.891635	
6.405289	11.347221	3.359711	
6.868929	16.489779	2.355826	
12.804573	20.050919	3.891960	
5.723822	10.197801	2.402623	
11.685057	28.837593	10.891635	
8.010866	32.537927	8.659055	
0.000000	10.897848	2.102152	
5.678431	24.706956	3.055976	
4.412784	36.062039	0.000000	
3.754713	34.058920	4.239257	
2.137700	37.047564	1.483053	
0.683217	20.221489	7.331225	
0.717327	21.231062	8.164007	
0.000000	47.531418	5.371605	
49.464025	0.000000	13.535975	
30.612973	0.467133	11.843887	
28.668042	1.780001	7.551957	
36.435707	0.000000	4.080680	
19.184998	0.000000	2.126080	
30.694476	1.215295	10.717887	
34.267664	0.285897	2.325077	
17.549348	1.162647	2.929750	
26.972636	11.243122	13.361265	
18.719807	4.970148	5.386586	
8.498287	6.546916	10.530312	
8.498287	6.546916	10.530312	
23.385557	0.000000	7.170840	
19.908374	9.943897	11.841515	
1.809229	13.008728	10.682042	
1.809229	13.008728	10.682042	
8.784800	20.041952	8.477370	
17.610649	22.659367	8.440865	
23.075263	13.701431	8.952308	
19.035508	11.219035	10.499072	
20.766579	29.325943	0.668351	
2.705603	3.989962	0.562484	
6.405289	11.347221	3.359711	
7.248343	11.904035	7.008761	
8.025613	10.971286	11.485831	
9.349272	35.040961	8.132379	
7.179688	32.293014	13.983910	
8.010866	32.537927	8.659055	
0.000000	10.897848	2.102152	
1.594199	41.484060	1.630392	
4.412784	36.062039	0.000000	
2.350077	40.728181	1.630392	
0.318044	23.826762	6.911472	
0.318044	23.826762	6.911472	
0.000000	55.244241	0.000000	
37.092662	0.000000	15.734987	
30.612973	0.467133	11.843887	
28.668042	1.780001	7.551957	
19.184998	0.000000	2.126080	
35.694880	2.915608	11.889511	
30.694476	1.215295	10.717887	
36.633071	4.286200	12.876636	
34.777180	9.148302	4.029085	
34.777180	9.148302	4.029085	
15.716004	9.560780	12.925077	
23.385557	0.000000	7.170840	
9.028452	0.249703	3.721971	
28.689661	16.012068	3.543487	
25.101458	16.942379	4.536607	
1.809229	13.008728	10.682042	
1.809229	13.008728	10.682042	
6.177211	15.480150	12.019108	
17.610649	22.659367	8.440865	
19.035508	11.219035	10.499072	
19.980487	12.504090	13.367935	
10.334695	24.272855	11.467899	
2.705603	3.989962	0.562484	
7.248343	11.904035	7.008761	
8.025613	10.971286	11.485831	
7.179688	32.293014	13.983910	
0.000000	17.580046	8.221408	
9.349272	35.040961	8.132379	
2.121912	41.341767	9.326423	
1.681598	41.938263	12.541061	
0.714142	28.200849	4.568185	
0.000000	36.520243	2.683459	
0.000000	36.520243	2.683459	
0.717327	21.231062	8.164007	
0.000000	49.122669	0.000000	
41.311278	0.000000	3.418386	
30.668081	0.092901	0.000000	
25.274443	0.000000	0.835743	
3.762703	0.147642	1.271608	
3.762703	0.147642	1.271608	
17.549348	1.162647	2.929750	
30.654999	4.509932	10.316017	
23.376263	5.468341	8.546814	
16.230305	1.661561	17.155366	
34.904598	2.720568	5.879943	
9.028452	0.249703	3.721971	
16.230305	1.661561	17.155366	
25.038511	11.062858	2.500976	
24.268627	8.366892	11.982760	
17.085167	18.755732	14.659101	
5.720499	8.144647	7.963943	
4.093942	5.828811	5.622223	
5.720499	8.144647	7.963943	
11.728640	21.690419	14.189732	
17.085167	18.755732	14.659101	
10.334695	24.272855	11.467899	
13.652853	23.061975	12.315865	
15.123343	32.281383	15.595274	
9.741684	26.741091	4.504292	
4.748377	29.949280	13.431055	
0.000000	17.580046	8.221408	
0.000000	36.006564	17.220569	
1.086797	8.583563	15.829640	
1.060366	36.990753	4.521318	
1.874385	24.384205	9.926610	
0.355115	30.491455	7.851020	
0.355115	30.491455	7.851020	
0.000000	36.006564	17.220569	
38.285892	0.000000	1.440257	
32.390007	0.000000	6.205489	
3.762703	0.147642	1.271608	
3.762703	0.147642	1.271608	
29.395769	1.206864	15.486673	
32.860299	3.085399	10.871557	
23.376263	5.468341	8.546814	
15.716004	9.560780	12.925077	
32.818912	6.410380	7.047148	
32.818912	6.410380	7.047148	
24.137534	16.289771	19.308333	
9.685754	16.440686	17.004981	
25.038511	11.062858	2.500976	
24.268627	8.366892	11.982760	
4.093942	5.828811	5.622223	
6.177211	15.480150	12.019108	
11.728640	21.690419	14.189732	
22.714220	22.737968	5.467341	
0.000000	3.904033	6.906070	
13.652853	23.061975	12.315865	
16.644818	21.807971	10.577904	
15.375883	32.153553	15.470565	
7.332447	18.774525	6.565806	
0.000000	14.300716	8.023591	
0.000000	19.979165	11.004031	
0.000000	19.979165	11.004031	
0.794752	5.694088	16.694971	
1.030999	8.142873	16.326128	
1.326378	25.346465	4.974120	
1.326378	25.346465	4.974120	
0.000000	27.639876	13.852107	
0.000000	27.639876	13.852107	
32.390007	0.000000	6.205489	
36.279242	0.367732	7.665691	
36.584937	0.473977	14.417535	
26.602036	1.622187	12.983488	
26.602036	1.622187	12.983488	
30.654999	4.509932	10.316017	
38.484487	7.588815	12.774149	
18.827847	8.994262	18.028839	
25.429728	10.450748	2.057482	
17.749541	12.670150	20.618739	
15.670706	2.947546	13.000530	
15.368762	15.592971	19.178269	
21.373398	3.244796	12.675684	
17.816563	5.874399	15.335687	
8.784800	20.041952	8.477370	
17.816563	5.874399	15.335687	
13.740811	7.760661	17.621665	
13.014721	26.915712	10.569567	
16.644818	21.807971	10.577904	
0.000000	3.904033	6.906070	
0.000000	26.540545	18.449961	
0.000000	28.698013	17.430586	
0.000000	14.300716	8.023591	
0.000000	13.311999	8.051448	
7.332447	18.774525	6.565806	
4.748377	29.949280	13.431055	
0.794752	5.694088	16.694971	
1.086797	8.583563	15.829640	
1.572883	22.272297	16.981969	
0.000000	36.314844	12.746046	
0.000000	45.557780	17.442220	
41.311278	0.000000	3.418386	
38.364874	0.329933	12.313163	
30.760355	0.000000	7.344226	
23.659042	1.864667	18.650934	
33.159206	0.000000	18.897973	
25.178218	0.000000	6.871385	
33.040194	1.481589	20.503712	
18.827847	8.994262	18.028839	
17.910593	6.637397	20.111730	
9.720205	1.740959	6.959281	
12.882767	2.307397	9.223550	
15.670706	2.947546	13.000530	
21.373398	3.244796	12.675684	
0.000000	10.686540	16.832331	
4.517179	20.317378	13.711211	
19.230102	6.872557	21.051172	
2.672206	16.259071	13.218078	
11.274893	24.289036	15.545783	
13.014721	26.915712	10.569567	
2.006846	26.175938	17.600548	
1.491540	23.669409	21.735188	
0.122864	17.033443	10.824622	
0.000000	13.810709	7.499714	
0.000000	13.311999	8.051448	
0.000000	15.189183	10.525372	
0.048614	34.235505	16.820658	
0.189538	25.835161	11.060931	
0.440779	36.216476	18.656316	
0.340858	5.479531	7.451096	
0.000000	31.043166	20.019849	
33.113693	0.000000	15.619759	
23.150079	0.000000	2.349921	
36.584937	0.473977	14.417535	
32.693099	1.507010	19.097771	
33.040194	1.481589	20.503712	
19.230102	6.872557	21.051172	
29.720901	1.048611	20.363566	
14.110944	2.158580	9.360765	
14.110944	2.158580	9.360765	
12.882767	2.307397	9.223550	
9.720205	1.740959	6.959281	
24.137534	16.289771	19.308333	
0.000000	10.686540	16.832331	
0.140028	1.478252	23.213324	
15.324689	21.039633	18.123489	
6.521623	19.008927	20.677398	
2.672206	16.259071	13.218078	
1.929567	1.555142	12.489138	
7.724633	27.669460	13.769857	
2.006846	26.175938	17.600548	
1.614208	7.698199	3.282397	
1.614208	7.698199	3.282397	
0.000000	13.810709	7.499714	
0.000000	15.189183	10.525372	
0.346968	35.594555	16.740760	
0.346968	35.594555	16.740760	
0.189538	25.835161	11.060931	
0.340858	5.479531	7.451096	
0.000000	31.043166	20.019849	
30.760355	0.000000	7.344226	
33.113693	0.000000	15.619759	
32.693099	1.507010	19.097771	
25.178218	0.000000	6.871385	
13.852491	3.219650	6.636003	
29.720901	1.048611	20.363566	
26.302427	1.543631	13.353728	
18.217065	6.903113	19.539541	
6.176005	5.611180	16.889022	
6.176005	5.611180	16.889022	
9.581803	11.920146	22.753145	
0.140028	1.478252	23.213324	
7.682308	16.027237	18.640402	
15.541031	14.370912	24.391054	
6.521623	19.008927	20.677398	
6.762893	17.193007	22.252048	
2.442676	2.442676	13.053556	
2.175101	2.175101	11.623646	
2.442676	2.442676	13.053556	
1.614208	7.698199	3.282397	
1.614208	7.698199	3.282397	
5.217726	14.849734	5.494857	
0.378086	26.019141	19.255911	
3.439440	31.034857	9.597398	
0.000000	21.301477	22.371066	
0.045291	9.507189	6.392533	
0.045291	9.507189	6.392533	
0.000000	21.301477	22.371066	
23.150079	0.000000	2.349921	
23.124992	0.000000	0.089856	
28.766134	2.064313	23.696116	
13.852491	3.219650	6.636003	
26.724276	2.088159	24.697467	
26.724276	2.088159	24.697467	
17.910593	6.637397	20.111730	
18.217065	6.903113	19.539541	
2.792916	2.857956	13.671789	
9.581803	11.920146	22.753145	
9.581803	11.920146	22.753145	
10.445375	4.894925	23.708819	
3.495593	12.385549	18.947198	
10.280030	12.071406	24.663101	
3.495593	12.385549	18.947198	
0.000000	19.747694	22.336491	
2.485917	1.286586	9.313363	
2.485917	1.286586	9.313363	
0.000000	21.725773	20.710225	
5.217726	14.849734	5.494857	
2.498599	25.867103	23.678430	
6.839328	8.105239	21.198098	
0.000000	8.568779	4.859429	
0.000000	8.568779	4.859429	
0.000000	9.619153	12.345326	
0.000000	5.110783	4.510578	
0.000000	9.442269	9.011310	
23.124992	0.000000	0.089856	
35.678067	0.000000	18.266376	
16.817756	0.035361	8.646882	
11.331460	1.952020	28.707471	
11.504684	2.070967	4.344179	
19.310041	0.000000	0.000000	
23.395438	0.000000	0.000000	
28.850043	6.644895	27.505062	
25.272176	1.710507	24.040294	
9.581803	11.920146	22.753145	
15.071613	2.190219	12.702838	
10.280030	12.071406	24.663101	
10.445375	4.894925	23.708819	
1.453065	9.955571	14.091364	
11.413069	14.445036	27.080160	
0.000000	19.408774	18.740263	
1.918852	15.334258	26.106663	
0.000000	17.665531	11.840856	
2.498599	25.867103	23.678430	
6.839328	8.105239	21.198098	
3.662593	16.376635	24.091387	
5.900356	19.977894	26.907662	
0.000000	8.568779	4.859429	
0.000000	8.568779	4.859429	
0.000000	24.910092	25.825064	
0.000000	5.110783	4.510578	
35.678067	0.000000	18.266376	
16.817756	0.035361	8.646882	
12.797340	0.000000	0.202660	
11.206509	1.658721	25.529047	
11.504684	2.070967	4.344179	
23.395438	0.000000	0.000000	
0.000000	0.000000	25.500000	
26.879095	3.651338	31.080861	
18.495295	0.316793	1.892947	
13.481129	0.000000	24.518871	
15.071613	2.190219	12.702838	
3.692093	0.932261	11.718336	
1.453065	9.955571	14.091364	
3.942529	13.626889	24.666544	
8.740236	2.508664	22.342060	
8.740236	2.508664	22.342060	
0.000000	19.408774	18.740263	
0.000000	17.665531	11.840856	
3.662593	16.376635	24.091387	
3.633070	9.788583	26.938588	
5.759141	11.110759	29.727617	
4.777506	13.448725	22.083958	
0.000000	30.873341	24.213979	
0.000000	30.273104	20.944258	
0.000000	30.873341	24.213979	
37.273726	0.000000	27.849377	
12.797340	0.000000	0.202660	
11.206509	1.658721	25.529047	
12.385751	0.695016	18.729273	
11.504684	2.070967	4.344179	
19.310041	0.000000	0.000000	
25.272176	1.710507	24.040294	
18.495295	0.316793	1.892947	
10.524341	14.230139	32.426649	
18.049523	14.295402	26.201568	
13.648925	12.082449	30.485355	
13.648925	12.082449	30.485355	
3.692093	0.932261	11.718336	
3.700821	12.791454	21.552621	
3.700821	12.791454	21.552621	
1.704287	10.184268	16.710292	
1.704287	10.184268	16.710292	
4.715141	9.096635	24.013011	
6.855916	20.954241	31.311135	
5.900356	19.977894	26.907662	
0.000000	24.735312	30.318502	
0.000000	24.735312	30.318502	
0.000000	29.268543	26.121021	
0.000000	24.910092	25.825064	
37.273726	0.000000	27.849377	
15.959598	0.435559	15.857402	
15.959598	0.435559	15.857402	
28.253451	2.037324	32.748184	
11.504684	2.070967	4.344179	
7.416695	5.367138	19.387777	
7.416695	5.367138	19.387777	
3.056224	5.250054	34.242176	
14.631834	12.685711	35.682456	
18.011248	0.000000	28.490118	
18.011248	0.000000	28.490118	
3.942529	13.626889	24.666544	
4.750286	12.085767	21.208843	
4.750286	12.085767	21.208843	
1.686322	16.853403	28.580324	
0.160152	13.342735	17.948528	
5.030120	11.221848	29.271727	
4.715141	9.096635	24.013011	
5.759141	11.110759	29.727617	
3.242854	0.065323	34.702613	
0.000000	20.438682	30.801191	
0.000000	21.110765	30.119009	
0.000000	30.273104	20.944258	
25.965203	0.000000	37.034797	
31.928990	1.487956	20.243058	
28.253451	2.037324	32.748184	
5.965223	1.307955	27.655062	
5.965223	1.307955	27.655062	
5.597529	0.358737	38.989830	
5.597529	0.358737	38.989830	
14.631834	12.685711	35.682456	
0.000000	14.055913	27.260601	
0.000000	0.000000	39.940651	
6.398270	11.522068	17.482256	
13.821864	0.000000	27.357103	
10.035180	0.000000	23.345525	
5.679226	0.206778	30.961717	
4.600143	9.963462	13.199438	
4.600143	9.963462	13.199438	
0.030735	0.216984	0.252281	
0.030735	0.216984	0.252281	
2.472082	0.093893	32.498599	
3.014903	0.114510	32.936756	
0.000000	21.450568	31.140128	
0.000000	21.450568	31.140128	
0.000000	0.000000	38.839103	
0.000000	0.000000	38.839103	
32.489770	3.636231	19.571437	
2.449417	0.458142	32.123316	
0.977530	2.595459	28.471239	
13.358823	0.000000	28.245713	
1.398858	6.912975	42.980253	
0.000000	0.000000	43.391594	
6.398270	11.522068	17.482256	
4.811286	8.876831	19.064055	
4.811286	8.876831	19.064055	
7.131165	1.320788	32.776298	
9.956989	1.523343	27.235375	
5.145003	0.683342	30.587078	
1.544979	8.279925	8.820293	
1.544979	8.279925	8.820293	
2.747248	12.907296	32.945472	
3.014903	0.114510	32.936756	
0.000000	0.000000	25.500000	
0.000000	0.000000	25.500000	
0.000000	25.500000	0.000000	
31.325093	0.000000	31.674907	
25.792667	0.000000	37.207333	
14.979648	0.318875	27.863911	
3.449435	3.512959	23.835853	
3.449435	3.512959	23.835853	
17.439735	0.000000	41.587822	
13.358823	0.000000	28.245713	
0.000000	0.000000	39.940651	
9.023553	13.154142	35.222594	
5.536853	6.916406	21.668032	
12.242296	7.507142	34.907568	
9.956989	1.523343	27.235375	
6.212750	0.000000	24.370286	
3.878367	11.342896	32.208264	
3.878367	11.342896	32.208264	
4.756457	16.913728	31.062728	
3.735506	1.287725	36.620054	
1.524283	25.263161	36.212556	
0.000000	27.673392	35.326608	
0.000000	27.228567	35.771433	
25.942140	0.000000	37.057860	
17.173091	0.567252	24.796657	
17.397731	1.357560	23.223344	
1.847600	1.452768	13.382922	
1.847600	1.452768	13.382922	
15.527179	3.587967	18.924940	
1.815015	0.377526	40.564017	
15.232618	5.681223	33.551059	
15.232618	5.681223	33.551059	
5.536853	6.916406	21.668032	
3.878367	11.342896	32.208264	
6.212750	0.000000	24.370286	
3.878367	11.342896	32.208264	
2.072209	7.095627	21.286606	
2.072209	7.095627	21.286606	
3.309775	7.066536	17.693365	
1.524283	25.263161	36.212556	
0.000000	24.999714	38.000286	
0.000000	27.228567	35.771433	
18.228369	0.000000	22.367708	
14.979648	0.318875	27.863911	
1.523333	1.197797	16.677625	
1.523333	1.197797	16.677625	
0.000000	0.000000	39.030514	
0.000000	0.000000	43.391594	
17.898003	3.007485	37.015790	
10.472305	6.966204	31.449904	
10.472305	6.966204	31.449904	
5.894180	9.491111	31.264764	
5.894180	9.491111	31.264764	
0.515387	0.856559	2.871186	
0.515387	0.856559	2.871186	
2.072209	7.095627	21.286606	
3.309775	7.066536	17.693365	
1.509221	8.187465	15.888443	
0.760744	2.729401	7.340621	
0.000000	24.999714	38.000286	
21.837234	0.000000	33.758602	
9.268260	0.495528	35.530137	
9.268260	0.495528	35.530137	
0.000000	0.000000	38.859738	
0.000000	0.000000	24.044945	
0.000000	0.000000	38.859738	
4.235505	1.133151	36.246281	
7.318595	0.000000	30.973329	
6.943257	10.616794	35.986542	
7.318595	0.000000	30.973329	
3.436208	0.000000	25.969916	
3.435121	0.000000	25.961693	
3.168969	9.157655	21.468891	
3.168969	9.157655	21.468891	
1.509221	8.187465	15.888443	
0.760744	2.729401	7.340621	
0.000000	19.417900	43.582100	
0.000000	0.000000	15.609931	
0.000000	0.000000	15.609931	
10.326018	0.248248	38.296136	
0.000000	0.000000	24.044945	
2.806907	0.263253	32.084553	
2.806907	0.263253	32.084553	
10.359374	4.555060	29.958730	
3.188348	4.750227	34.210426	
10.359374	4.555060	29.958730	
1.393392	5.725041	25.358887	
1.393392	5.725041	25.358887	
3.435553	0.000000	25.964961	
2.759984	3.581340	30.682842	
2.759984	3.581340	30.682842	
0.000000	0.000000	26.786151	
0.000000	12.567829	40.672799	
15.853453	0.000000	39.479467	
0.000000	0.000000	34.170931	
14.306176	0.608418	39.718471	
9.149646	0.210376	42.772339	
3.025773	0.119191	22.752920	
3.025773	0.119191	22.752920	
3.807562	4.626902	21.613916	
3.807562	4.626902	21.613916	
4.300415	0.000000	32.650422	
4.300415	0.000000	32.650422	
3.694511	0.000000	25.387233	
0.441509	6.506911	34.804578	
2.164450	0.680203	37.884320	
0.000000	12.406783	40.325421	
0.000000	0.000000	26.786151	
18.221074	0.000000	41.796985	
1.588744	0.763151	19.953247	
1.588744	0.763151	19.953247	
15.887461	0.000000	42.441928	
9.149646	0.210376	42.772339	
5.368770	6.163506	34.428472	
5.368770	6.163506	34.428472	
2.614844	8.553485	26.011097	
1.950511	8.380792	39.696419	
3.989464	10.674365	38.373453	
3.129889	13.210276	36.409635	
1.125508	6.235187	18.358381	
0.640464	2.297858	24.731645	
0.000000	16.758202	38.687198	
0.000000	0.000000	34.170931	
14.998293	0.187038	26.745397	
11.852269	0.000000	31.021028	
12.038122	0.000000	34.567739	
1.303316	4.758802	33.484206	
1.303316	4.758802	33.484206	
0.016328	4.105057	24.139431	
0.016328	4.105057	24.139431	
0.008385	7.870226	34.961633	
0.041547	0.111142	38.970087	
1.125508	6.235187	18.358381	
0.640464	2.297858	24.731645	
0.000000	12.406783	40.325421	
11.852269	0.000000	31.021028	
11.852269	0.000000	31.021028	
11.307665	0.000000	29.595633	
6.452862	1.659654	33.471780	
0.531485	1.649949	9.840884	
5.906972	6.179390	39.782501	
0.531485	1.649949	9.840884	
0.000000	3.554056	35.757462	
0.000000	0.000000	39.082439	
1.384734	5.803701	16.701230	
0.576580	9.514974	35.060179	
0.000000	0.000000	39.082439	
11.852269	0.000000	31.021028	
9.396608	1.243662	39.859730	
6.222424	1.600386	32.276468	
6.452862	1.659654	33.471780	
0.000000	0.000000	40.168424	
0.252229	1.973327	31.905560	
0.252229	1.973327	31.905560	
0.062848	3.635953	34.299871	
0.000000	3.816899	34.532694	
0.000000	8.183032	36.197883	
0.000000	8.183032	36.197883	
0.000000	0.000000	41.576865	
0.000000	0.948774	39.121205	
6.222424	1.600386	32.276468	
5.644602	2.918807	35.672789	
0.000000	2.495114	35.504886	
0.100511	3.895035	34.004454	
0.100511	3.895035	34.004454	
0.618192	6.606081	31.900395	
0.618192	6.606081	31.900395	
0.000000	10.787917	42.999268	
0.000000	0.000000	41.576865	
0.000000	0.948774	39.121205	
0.000000	1.832914	36.872212	
0.114844	1.821903	31.065091	
0.101767	2.347312	37.657372	
0.000000	3.554056	35.757462	
0.138159	4.255572	36.200896	
0.101767	2.347312	37.657372	
0.000000	7.036385	42.384314	
0.000000	0.000000	40.006574	
0.000000	0.700311	28.876242	
0.000000	0.700311	28.876242	
0.114844	1.821903	31.065091	
0.114844	1.821903	31.065091	
0.027799	1.727480	22.423019	
0.000000	0.595611	7.608706	
0.000000	0.595611	7.608706	
0.000000	0.000000	40.006574	
0.213822	0.245830	36.378330	
0.480569	1.413917	32.255244	
0.114844	1.821903	31.065091	
0.000000	2.610258	24.436570	
0.027799	1.727480	22.423019	
0.000000	6.117574	41.199471	
0.000000	0.000000	41.192309	
0.000000	0.000000	41.192309	
0.213822	0.245830	36.378330	
0.361825	0.334999	43.540384	
0.000000	0.000000	47.139452	
0.000000	6.117574	41.199471	
0.000000	0.000000	49.297425	
0.013646	0.574353	31.736813	
0.013646	0.574353	31.736813	
0.361825	0.334999	43.540384	
0.000000	0.000000	47.139452	
2.309128	0.000000	50.192983	
0.303703	0.035905	41.393970	
0.303703	0.035905	41.393970	
0.000000	0.000000	48.775984	
0.000000	0.000000	51.444187	
0.674780	0.373909	41.717407	
0.000000	0.000000	51.048757	
0.000000	0.000000	45.714734	
0.000000	0.000000	45.714734	
0.000000	0.000000	54.151048	
0.000000	0.000000	0.000000	
0.000000	0.000000	0.000000	
0.000000	0.000000	0.000000	
0.000000	0.000000	0.000000	
0.000000	0.000000	0.000000	
0.000000	0.000000	0.000000	
0.000000	0.000000	0.000000	
0.000000	0.000000	0.000000	
0.000000	0.000000	0.000000	
0.000000	0.000000	0.000000	
