0.559243	0.000000	0.000000	
0.519072	0.003664	0.000000	
0.488376	0.051275	0.000000	
0.488376	0.051275	0.000000	
0.383803	0.136980	0.000000	
0.377760	0.148545	0.000000	
0.370344	0.170141	0.000000	
0.349638	0.194798	0.000000	
0.324665	0.275522	0.000000	
0.322390	0.320289	0.000000	
0.322672	0.429832	0.000000	
0.322672	0.429832	0.000000	
0.325243	0.494492	0.000000	
0.434634	1.099833	0.000000	
0.336531	1.214584	0.000000	
0.053612	1.235364	0.000000	
0.053612	1.235364	0.000000	
0.000000	1.484753	0.000000	
0.000000	1.484753	0.000000	
0.582250	0.000000	0.000000	
0.497414	0.003879	0.011551	
0.472998	0.031973	0.014244	
0.442934	0.064831	0.021989	
0.440856	0.123267	0.000000	
0.368243	0.139623	0.014517	
0.311371	0.190144	0.033371	
0.327518	0.221847	0.024857	
0.295097	0.272657	0.017952	
0.295097	0.272657	0.017952	
0.265977	0.346794	0.031722	
0.265977	0.346794	0.031722	
0.295219	0.438802	0.028742	
0.295219	0.438802	0.028742	
0.137209	0.495431	0.075830	
0.050220	1.162080	0.035396	
0.072883	1.423788	0.038375	
0.000000	1.480830	0.071178	
0.463936	0.000000	0.043719	
0.463936	0.000000	0.043719	
0.460060	0.041124	0.062938	
0.376288	0.078674	0.057134	
0.363391	0.107646	0.051106	
0.358653	0.116805	0.061821	
0.291774	0.150552	0.066126	
0.275466	0.213556	0.040237	
0.273444	0.247888	0.023840	
0.260153	0.291918	0.032296	
0.280874	0.458414	0.001714	
0.239093	0.642127	0.062760	
0.088373	0.662619	0.043345	
0.108170	0.832048	0.155035	
0.125506	0.921816	0.110003	
0.034361	1.044454	0.149028	
0.000000	1.137291	0.126609	
0.436474	0.000000	0.079873	
0.431100	0.021661	0.082816	
0.431100	0.021661	0.082816	
0.376288	0.078674	0.057134	
0.320488	0.129665	0.072577	
0.291266	0.134991	0.088513	
0.252884	0.161379	0.093964	
0.248724	0.232665	0.101925	
0.222042	0.265263	0.078337	
0.252250	0.182650	0.108130	
0.248364	0.514509	0.117013	
0.061033	0.598442	0.000000	
0.088373	0.662619	0.043345	
0.108170	0.832048	0.155035	
0.033449	0.852292	0.199808	
0.000000	0.863004	0.251324	
0.413670	0.000000	0.095401	
0.375708	0.027038	0.109711	
0.384626	0.012851	0.121427	
0.326550	0.096251	0.111244	
0.319762	0.131852	0.108353	
0.252884	0.161379	0.093964	
0.252250	0.182650	0.108130	
0.199224	0.203151	0.124934	
0.154564	0.239718	0.131849	
0.210713	0.283115	0.086054	
0.114244	0.312090	0.178552	
0.081404	0.291557	0.210572	
0.000000	0.582854	0.197501	
0.026297	0.799332	0.258735	
0.000000	0.863004	0.251324	
0.377963	0.000000	0.131404	
0.339897	0.021747	0.149317	
0.339897	0.021747	0.149317	
0.326550	0.096251	0.111244	
0.273012	0.117662	0.146872	
0.250870	0.122214	0.156926	
0.210306	0.169932	0.162266	
0.154564	0.239718	0.131849	
0.210713	0.283115	0.086054	
0.137590	0.326672	0.220935	
0.081404	0.291557	0.210572	
0.000000	0.323103	0.263968	
0.000000	0.323103	0.263968	
0.000000	0.766279	0.310290	
0.367098	0.000000	0.166933	
0.366053	0.000000	0.170317	
0.340272	0.068698	0.138264	
0.276178	0.093622	0.193277	
0.257916	0.098120	0.169198	
0.235475	0.128132	0.157928	
0.203171	0.169282	0.184273	
0.180441	0.265939	0.120262	
0.137590	0.326672	0.220935	
0.137590	0.326672	0.220935	
0.097790	0.199027	0.324846	
0.045771	0.619330	0.379398	
0.000000	0.721561	0.362900	
0.344502	0.000000	0.191583	
0.329761	0.000000	0.220874	
0.277888	0.055632	0.222598	
0.257916	0.098120	0.169198	
0.234676	0.129088	0.180012	
0.158972	0.129474	0.240579	
0.178770	0.088382	0.281382	
0.163621	0.115752	0.280294	
0.134567	0.074061	0.327910	
0.089672	0.060979	0.372683	
0.000000	0.613473	0.405587	
0.000000	0.640813	0.403056	
0.329761	0.000000	0.220874	
0.308895	0.017333	0.262130	
0.263506	0.071929	0.275389	
0.217112	0.088837	0.241764	
0.217112	0.088837	0.241764	
0.158972	0.129474	0.240579	
0.144893	0.122386	0.331502	
0.090139	0.211708	0.339657	
0.089672	0.060979	0.372683	
0.012358	0.253450	0.485941	
0.000000	0.613473	0.405587	
0.309400	0.000000	0.266834	
0.276746	0.006581	0.304401	
0.247135	0.067122	0.321127	
0.175608	0.098162	0.303810	
0.175608	0.098162	0.303810	
0.085738	0.176852	0.310826	
0.090139	0.211708	0.339657	
0.096259	0.084462	0.461190	
0.012358	0.253450	0.485941	
0.000000	0.533106	0.500305	
0.272823	0.000000	0.381506	
0.174390	0.004759	0.402955	
0.210591	0.054732	0.332984	
0.175608	0.098162	0.303810	
0.039287	0.093375	0.399177	
0.085738	0.176852	0.310826	
0.045053	0.138003	0.362003	
0.058809	0.417667	0.556920	
0.000000	0.516547	0.558951	
0.230843	0.000000	0.577678	
0.237035	0.020877	0.446653	
0.057498	0.058133	0.414653	
0.128664	0.078529	0.391160	
0.026097	0.062914	0.447625	
0.083855	0.080271	0.463056	
0.047499	0.330108	0.677211	
0.000000	0.442139	0.691812	
0.231914	0.000000	0.631733	
0.237035	0.020877	0.446653	
0.024499	0.038149	0.559983	
0.039287	0.093375	0.399177	
0.024499	0.038149	0.559983	
0.056294	0.293870	0.701990	
0.000000	0.406843	0.774313	
0.217099	0.000000	0.894635	
0.041559	0.045407	0.838573	
0.041559	0.045407	0.838573	
0.010701	0.035541	0.691993	
0.048178	0.275761	0.765533	
0.000000	0.318126	0.829950	
0.217099	0.000000	0.894635	
0.165296	0.018634	0.890962	
0.117514	0.065969	0.887591	
0.037058	0.105558	0.922429	
0.000000	0.185166	0.923667	
0.000000	0.000000	1.105432	
0.000000	0.000000	0.929945	
0.037058	0.105558	0.922429	
0.000000	0.185166	0.923667	
0.000000	0.000000	1.368699	
0.059421	0.049122	1.157812	
0.000000	0.155247	1.226242	
0.000000	0.000000	1.415807	
0.000000	0.050464	1.321478	
0.000000	0.000000	1.643229	
0.000000	0.000000	0.000000	
0.000000	0.000000	0.000000	
0.000000	0.000000	0.000000	
0.000000	0.000000	0.000000	
0.000000	0.000000	0.000000	
0.000000	0.000000	0.000000	
0.000000	0.000000	0.000000	
0.000000	0.000000	0.000000	
0.000000	0.000000	0.000000	
0.000000	0.000000	0.000000	
