1.711970	0.000000	0.000000	
1.628187	0.036371	0.000000	
1.217014	0.047579	0.000000	
1.217014	0.047579	0.000000	
0.906826	0.144860	0.000000	
0.906826	0.144860	0.000000	
0.847850	0.203835	0.000000	
0.903631	0.192842	0.000000	
0.903631	0.192842	0.000000	
1.077170	0.185791	0.000000	
0.906956	0.192478	0.000000	
0.907830	0.172152	0.000000	
0.905849	0.323892	0.000000	
0.906956	0.192478	0.000000	
0.738956	0.343761	0.000000	
0.765527	0.405090	0.000000	
0.765527	0.405090	0.000000	
0.680619	0.454765	0.000000	
0.612063	0.490114	0.000000	
0.680619	0.454765	0.000000	
0.647663	0.642321	0.000000	
0.621865	0.675637	0.000000	
0.652814	0.538914	0.000000	
0.652814	0.538914	0.000000	
0.954397	1.154706	0.000000	
0.954397	1.154706	0.000000	
1.024766	0.389289	0.000000	
0.571653	1.650188	0.000000	
0.571653	1.650188	0.000000	
2.786791	7.009833	0.000000	
3.204580	7.320418	0.000000	
2.733678	7.642867	0.000000	
0.118188	9.491199	0.000000	
0.000000	9.757171	0.000000	
0.118188	9.491199	0.000000	
4.468588	0.955338	0.000000	
6.198466	28.360508	0.000000	
2.396888	34.437218	0.000000	
2.396888	34.437218	0.000000	
0.000000	37.298927	0.000000	
0.894450	37.117087	0.000000	
0.826693	34.305369	0.000000	
0.415673	22.748860	0.000000	
0.000000	39.361196	0.000000	
1.318570	0.000000	0.014367	
1.318570	0.000000	0.014367	
1.361066	0.036955	0.013894	
1.361066	0.036955	0.013894	
1.025470	0.070873	0.007867	
1.025470	0.070873	0.007867	
0.956574	0.122909	0.000000	
0.897823	0.134857	0.000000	
0.837006	0.171428	0.025046	
0.808900	0.207530	0.015802	
0.891738	0.278710	0.027196	
0.823767	0.201469	0.000000	
0.823767	0.201469	0.000000	
0.738956	0.343761	0.000000	
0.728520	0.381115	0.016775	
0.728520	0.381115	0.016775	
0.758730	0.407868	0.018171	
0.600590	0.486525	0.007534	
0.600590	0.486525	0.007534	
0.552870	0.523232	0.023570	
0.687907	0.415422	0.003758	
0.641779	0.675205	0.000000	
0.617442	0.520721	0.001889	
0.644259	0.738597	0.000000	
0.326017	1.095483	0.039586	
0.607155	1.086963	0.046223	
0.607155	1.086963	0.046223	
0.552201	0.832978	0.075400	
0.552201	0.832978	0.075400	
0.632548	0.925112	0.203273	
2.667065	7.107641	0.001318	
0.632617	0.343084	0.242931	
0.632617	0.343084	0.242931	
1.571923	8.826506	0.132328	
1.571923	8.826506	0.132328	
0.282713	0.458749	0.273229	
0.282713	0.458749	0.273229	
0.717333	0.000000	0.323038	
0.717333	0.000000	0.323038	
0.579381	0.214059	0.331192	
0.579381	0.214059	0.331192	
0.451931	0.242664	0.464024	
0.000000	1.888245	0.621019	
1.622001	0.000000	0.060884	
1.486615	0.000000	0.065454	
1.247970	0.000000	0.038576	
0.993041	0.020294	0.046189	
0.993041	0.020294	0.046189	
0.888049	0.117595	0.029611	
0.849871	0.141108	0.030554	
0.852061	0.141876	0.047390	
0.837006	0.171428	0.025046	
0.776914	0.206285	0.029068	
0.749362	0.247702	0.030609	
0.749362	0.247702	0.030609	
0.783912	0.182194	0.044221	
0.791708	0.355142	0.047257	
0.687952	0.365413	0.048676	
0.667289	0.342636	0.037632	
0.654956	0.371393	0.054628	
0.687907	0.415422	0.003758	
0.664768	0.506132	0.007687	
0.552870	0.523232	0.023570	
0.621865	0.675637	0.000000	
0.591022	0.626809	0.000000	
0.617442	0.520721	0.001889	
0.508812	0.740369	0.000000	
0.644259	0.738597	0.000000	
0.534271	1.217765	0.035473	
0.534271	1.217765	0.035473	
1.076564	2.268667	0.000000	
0.542800	1.213536	0.318410	
0.693078	0.186813	0.456630	
1.070381	0.337898	0.366060	
1.070381	0.337898	0.366060	
0.693078	0.186813	0.456630	
0.653770	0.099743	0.483885	
0.653770	0.099743	0.483885	
0.475441	0.180203	0.517215	
0.755726	0.038245	0.443218	
0.755726	0.038245	0.443218	
0.475441	0.180203	0.517215	
0.168495	0.337819	0.574161	
0.354373	0.017879	0.872708	
0.000000	39.328811	1.469582	
1.486615	0.000000	0.065454	
1.405784	0.018631	0.104231	
1.121688	0.031135	0.056091	
0.976609	0.068882	0.079207	
0.932342	0.069909	0.075554	
0.858681	0.104353	0.072748	
0.849871	0.141108	0.030554	
0.819776	0.176034	0.055493	
0.809285	0.154916	0.069135	
0.766378	0.221707	0.072559	
0.783912	0.182194	0.044221	
0.776914	0.206285	0.029068	
0.800213	0.322157	0.042263	
0.667289	0.342636	0.037632	
0.668274	0.339894	0.063673	
0.654956	0.371393	0.054628	
0.668274	0.339894	0.063673	
0.649615	0.446935	0.063893	
0.548055	0.515153	0.059554	
0.653647	0.595048	0.079243	
0.641779	0.675205	0.000000	
0.437008	0.642085	0.023825	
0.508812	0.740369	0.000000	
0.532700	0.806645	0.035390	
0.603591	1.105008	0.006107	
0.327625	0.870781	0.157683	
0.284212	1.102423	0.146360	
2.406365	5.520294	0.672735	
2.813084	6.301306	0.409606	
1.737435	0.501894	0.581839	
1.737435	0.501894	0.581839	
0.354373	0.017879	0.872708	
0.071519	0.012475	0.958843	
0.000000	9.978689	0.428467	
0.000000	4.793978	0.697577	
0.959409	0.079751	0.738971	
0.805509	0.343353	0.472641	
0.401842	0.153958	0.626672	
0.168495	0.337819	0.574161	
0.000000	1.313361	0.936018	
0.000000	0.000000	2.171380	
1.413400	0.000000	0.143697	
1.359550	0.029166	0.134541	
0.999491	0.051108	0.093315	
0.932342	0.069909	0.075554	
0.890036	0.043779	0.078180	
0.844105	0.120312	0.060730	
0.816960	0.128981	0.090300	
0.789174	0.132734	0.095227	
0.752178	0.190517	0.091730	
0.752178	0.190517	0.091730	
0.766378	0.221707	0.072559	
0.782661	0.199332	0.087809	
0.710691	0.306982	0.109761	
0.639457	0.304309	0.096011	
0.639457	0.304309	0.096011	
0.669921	0.392070	0.054316	
0.655733	0.421863	0.015409	
0.649615	0.446935	0.063893	
0.480855	0.500334	0.096239	
0.496844	0.533055	0.119104	
0.480855	0.500334	0.096239	
0.508886	0.546481	0.053765	
0.521788	0.683033	0.017701	
0.505868	0.705738	0.089471	
0.327625	0.870781	0.157683	
0.588812	1.274276	0.343811	
0.284212	1.102423	0.146360	
2.667184	5.618348	0.591474	
2.375761	5.170011	0.795188	
2.375761	5.170011	0.795188	
1.968841	7.133759	1.000150	
2.472241	0.000000	1.116007	
0.215073	0.000000	1.140655	
1.665224	0.392936	0.443866	
0.000000	9.978689	0.428467	
0.959409	0.079751	0.738971	
0.516556	0.000000	1.065477	
0.401842	0.153958	0.626672	
0.105355	0.000000	1.329445	
0.000000	0.000000	2.338495	
1.384702	0.000000	0.168599	
1.121688	0.031135	0.056091	
0.996455	0.033061	0.052674	
0.881278	0.052793	0.102078	
0.801757	0.096601	0.112139	
0.780514	0.116401	0.119197	
0.780583	0.143237	0.097642	
0.752920	0.166479	0.115843	
0.742893	0.193987	0.108619	
0.730336	0.206075	0.118161	
0.714607	0.260633	0.124482	
0.714607	0.260633	0.124482	
0.679590	0.267843	0.102344	
0.662501	0.347934	0.133883	
0.662501	0.347934	0.133883	
0.609462	0.368729	0.084217	
0.589049	0.435663	0.042298	
0.509795	0.422798	0.123395	
0.509795	0.422798	0.123395	
0.496844	0.533055	0.119104	
0.494269	0.489901	0.102735	
0.483696	0.579120	0.115724	
0.505868	0.705738	0.089471	
0.315886	0.755696	0.106442	
0.656255	1.106089	0.071230	
0.588812	1.274276	0.343811	
2.333046	4.980634	0.945096	
2.406365	5.520294	0.672735	
2.413172	6.643014	0.931368	
2.052263	6.382717	1.008134	
1.968841	7.133759	1.000150	
0.000000	0.000000	1.409084	
0.000000	0.000000	1.409084	
1.244271	9.892765	1.323927	
0.509361	0.073038	1.732767	
1.118658	0.000000	2.730018	
0.010082	0.000000	1.442032	
0.010082	0.000000	1.442032	
0.000000	0.000000	2.445894	
1.383739	0.000000	0.191856	
1.211810	0.035253	0.150229	
0.890036	0.043779	0.078180	
0.849343	0.045139	0.120237	
0.801757	0.096601	0.112139	
0.780514	0.116401	0.119197	
0.773655	0.111555	0.141558	
0.752920	0.166479	0.115843	
0.727827	0.189695	0.146889	
0.726940	0.197593	0.153656	
0.711165	0.262162	0.132367	
0.631120	0.295255	0.126474	
0.631120	0.295255	0.126474	
0.612099	0.303755	0.156839	
0.579886	0.303385	0.136723	
0.554211	0.359761	0.127793	
0.477256	0.471241	0.149497	
0.477256	0.471241	0.149497	
0.510304	0.514965	0.083115	
0.480785	0.533088	0.115164	
0.483696	0.579120	0.115724	
0.437008	0.642085	0.023825	
0.439396	0.716390	0.058412	
0.532580	0.739731	0.029634	
1.777215	1.998729	0.712781	
2.363358	4.922186	1.009186	
2.295142	5.023435	1.021647	
1.861811	6.166033	0.375383	
1.795968	6.305220	1.288377	
1.795968	6.305220	1.288377	
1.681736	6.855949	1.318458	
1.713941	7.569625	1.412382	
1.118658	0.000000	2.730018	
0.509361	0.073038	1.732767	
0.180365	0.073884	3.002783	
0.180365	0.073884	3.002783	
0.215389	18.192041	3.701921	
0.000000	0.000000	2.445894	
0.957245	0.000000	0.217211	
0.934774	0.009313	0.129729	
0.852110	0.037587	0.148811	
0.849343	0.045139	0.120237	
0.790040	0.078152	0.163270	
0.773655	0.111555	0.141558	
0.771189	0.132321	0.156321	
0.747831	0.172023	0.178712	
0.710332	0.196299	0.172819	
0.694332	0.200755	0.180680	
0.607963	0.246912	0.162424	
0.607239	0.239864	0.178133	
0.579886	0.303385	0.136723	
0.560821	0.285684	0.159462	
0.553606	0.316568	0.155412	
0.528580	0.378578	0.192265	
0.528580	0.378578	0.192265	
0.450096	0.444746	0.183762	
0.510304	0.514965	0.083115	
0.463265	0.554862	0.079257	
0.450879	0.578200	0.163597	
0.486405	0.652611	0.042131	
0.482458	0.800504	0.000000	
1.816274	2.318315	0.453377	
1.726551	1.387441	0.587825	
1.895187	2.407303	1.180215	
1.961761	2.642440	0.724516	
2.052633	6.604800	1.724886	
1.664675	6.488789	1.601334	
1.683546	7.183367	1.698925	
1.605476	8.787918	1.855033	
0.000000	0.000000	3.446626	
1.515696	14.469158	3.909932	
2.510457	0.000000	4.288043	
1.416881	2.452548	6.081111	
0.000000	26.870687	6.324451	
0.000000	32.650437	0.000000	
0.957245	0.000000	0.217211	
0.892406	0.000000	0.192047	
0.841215	0.034576	0.203475	
0.826406	0.043018	0.180413	
0.805661	0.084560	0.189872	
0.725410	0.107679	0.203672	
0.725477	0.147390	0.194005	
0.717134	0.099875	0.206762	
0.672295	0.199093	0.192570	
0.644500	0.194212	0.198883	
0.607963	0.246912	0.162424	
0.588055	0.268159	0.179749	
0.560821	0.285684	0.159462	
0.553606	0.316568	0.155412	
0.534212	0.289050	0.184011	
0.500466	0.358516	0.204722	
0.526614	0.316527	0.214932	
0.455311	0.479134	0.220497	
0.446599	0.491215	0.212296	
0.471419	0.558319	0.145013	
0.514752	0.675344	0.079289	
0.315886	0.755696	0.106442	
1.343829	1.992371	0.000000	
1.810761	0.830433	1.099643	
1.777215	1.998729	0.712781	
1.961761	2.642440	0.724516	
2.030256	5.221753	1.538626	
1.861811	6.166033	0.375383	
1.679760	6.727733	1.992731	
1.679760	6.727733	1.992731	
2.370427	7.729977	2.643398	
1.193185	7.722721	7.202909	
0.970486	12.572971	3.726829	
1.193185	7.722721	7.202909	
0.000000	26.596008	7.535708	
0.000000	26.596008	7.535708	
0.892406	0.000000	0.192047	
0.848563	0.007420	0.216926	
0.816659	0.027872	0.220170	
0.770134	0.074711	0.209381	
0.785891	0.042097	0.224660	
0.737787	0.106161	0.223142	
0.662013	0.149000	0.229371	
0.388316	0.064889	0.126148	
0.646074	0.195777	0.228005	
0.595164	0.216942	0.220885	
0.595164	0.216942	0.220885	
0.588197	0.258464	0.211312	
0.511020	0.291212	0.211909	
0.511020	0.291212	0.211909	
0.481222	0.327316	0.202443	
0.290389	0.245420	0.188132	
0.324899	0.220993	0.195617	
0.452103	0.444593	0.211446	
0.450879	0.578200	0.163597	
0.451874	0.592705	0.098810	
0.595615	0.503462	0.150461	
0.525687	0.427893	0.430580	
1.749049	1.810706	0.916898	
1.895187	2.407303	1.180215	
1.726551	1.387441	0.587825	
1.696711	4.729576	2.079579	
2.030256	5.221753	1.538626	
1.929949	6.604416	1.746906	
0.000000	10.897848	2.102152	
2.370427	7.729977	2.643398	
0.890301	23.851095	3.715079	
0.203694	27.761177	3.803811	
1.515696	14.469158	3.909932	
0.318044	23.826762	6.911472	
0.000000	33.496404	1.155628	
0.871257	0.000000	0.269166	
0.802710	0.024994	0.253262	
0.774109	0.026418	0.211021	
0.760143	0.040473	0.230338	
0.760353	0.094102	0.247139	
0.717134	0.099875	0.206762	
0.662013	0.149000	0.229371	
0.659534	0.138472	0.252122	
0.646074	0.195777	0.228005	
0.601125	0.223757	0.248451	
0.570783	0.252041	0.231820	
0.525442	0.264910	0.234031	
0.499130	0.296589	0.233012	
0.451704	0.324284	0.243824	
0.324899	0.220993	0.195617	
0.290389	0.245420	0.188132	
0.456186	0.335409	0.224573	
0.427204	0.258010	0.257358	
0.469897	0.316276	0.231662	
0.406266	0.216881	0.389871	
0.525687	0.427893	0.430580	
1.449612	1.142874	0.926417	
1.635666	3.559661	1.448892	
1.686216	3.313685	1.732165	
1.396504	4.785334	2.266054	
1.929949	6.604416	1.746906	
1.509853	4.781171	2.793036	
4.094092	0.130296	0.376025	
2.848537	9.973448	2.497020	
0.000000	27.259803	5.194255	
0.000000	21.041640	3.110101	
1.443996	26.520875	3.803811	
0.717327	21.231062	8.164007	
0.000000	0.000000	9.562153	
0.847611	0.000000	0.250502	
0.789252	0.005370	0.267562	
0.758816	0.028326	0.268960	
0.707423	0.046524	0.265345	
0.668805	0.091268	0.266475	
0.388316	0.064889	0.126148	
0.631980	0.145258	0.277428	
0.602594	0.145383	0.278329	
0.577601	0.187947	0.271799	
0.558676	0.221669	0.261362	
0.528590	0.232307	0.262392	
0.499765	0.257292	0.266736	
0.474308	0.281393	0.262925	
0.474308	0.281393	0.262925	
0.436615	0.344358	0.227088	
0.422208	0.357894	0.255259	
0.427204	0.258010	0.257358	
0.407306	0.247005	0.233879	
0.469897	0.316276	0.231662	
0.572946	0.723530	0.338889	
1.043194	0.842539	0.072359	
1.868926	2.549347	1.519223	
1.686216	3.313685	1.732165	
1.691111	3.339049	1.858084	
1.810308	6.941770	3.405522	
2.552539	9.262094	3.431532	
1.852990	9.661931	5.547112	
3.865174	16.110611	7.199438	
0.000000	22.677542	9.110453	
0.000000	22.677542	9.110453	
0.000000	21.041640	3.110101	
0.000000	0.000000	9.562153	
0.000000	30.928023	4.687532	
0.786639	0.000000	0.287569	
0.764378	0.015794	0.250364	
0.707423	0.046524	0.265345	
0.677136	0.059733	0.293829	
0.668805	0.091268	0.266475	
0.642729	0.121447	0.264960	
0.634101	0.135786	0.300287	
0.602594	0.145383	0.278329	
0.544969	0.192034	0.302363	
0.529596	0.190779	0.287659	
0.498229	0.243699	0.275308	
0.485470	0.245364	0.284954	
0.469269	0.245420	0.297721	
0.445400	0.313022	0.302160	
0.423616	0.342422	0.277333	
0.407306	0.247005	0.233879	
0.335483	0.214445	0.303011	
0.384323	0.253216	0.325984	
0.487951	0.344418	0.363281	
0.425648	0.297356	0.495991	
1.710912	2.140031	1.734350	
1.326232	2.085198	0.879445	
1.560109	3.317655	1.278545	
1.691111	3.339049	1.858084	
2.006583	8.036632	3.537897	
1.699419	12.944520	4.808367	
1.712211	19.394070	7.316969	
0.885055	24.252651	9.972594	
0.000000	20.079106	9.196017	
0.000000	22.106039	7.498448	
0.000000	27.259803	5.194255	
0.000000	27.259803	5.194255	
0.709075	0.000000	0.345822	
0.717915	0.025797	0.304962	
0.691951	0.043350	0.303927	
0.677136	0.059733	0.293829	
0.647250	0.068625	0.336532	
0.624939	0.121242	0.327119	
0.578286	0.138485	0.305595	
0.544472	0.150894	0.328501	
0.529596	0.190779	0.287659	
0.511830	0.216585	0.277342	
0.471561	0.229343	0.312967	
0.455754	0.263833	0.313638	
0.455754	0.263833	0.313638	
0.384323	0.253216	0.325984	
0.335483	0.214445	0.303011	
0.355867	0.371009	0.326667	
0.355400	0.393438	0.313213	
0.377722	0.449178	0.361837	
0.425648	0.297356	0.495991	
1.621105	2.154337	1.597637	
1.326232	2.085198	0.879445	
1.830308	4.787295	1.305295	
2.552539	9.262094	3.431532	
0.698504	7.876403	4.418731	
4.094092	0.130296	0.376025	
3.865174	16.110611	7.199438	
1.486258	13.774614	10.903595	
0.849843	23.287760	11.071726	
0.000000	22.106039	7.498448	
0.000000	20.079106	9.196017	
0.000000	30.928023	4.687532	
0.709075	0.000000	0.345822	
0.677364	0.008881	0.349076	
0.675543	0.039264	0.342587	
0.622231	0.061037	0.343792	
0.622231	0.061037	0.343792	
0.571701	0.110190	0.354280	
0.562845	0.143836	0.323716	
0.532360	0.157754	0.334031	
0.484266	0.191746	0.339497	
0.472604	0.214789	0.322524	
0.439641	0.238791	0.329371	
0.431040	0.257904	0.336886	
0.417975	0.258785	0.338049	
0.391608	0.314784	0.335174	
0.370124	0.330223	0.342099	
0.355867	0.371009	0.326667	
0.344532	0.327234	0.366854	
0.312041	0.308675	0.430973	
0.336772	0.383478	0.454121	
1.615618	1.674956	2.110875	
1.682504	2.492791	2.760964	
0.780181	3.562497	1.980238	
0.629603	4.857738	2.608040	
0.197419	0.859280	0.403467	
0.262744	6.928047	4.400684	
1.386268	8.623223	6.662153	
0.840165	9.793182	7.330744	
0.849843	23.287760	11.071726	
0.340858	5.479531	7.451096	
0.000000	31.488920	11.600277	
0.661044	0.000000	0.354831	
0.661044	0.000000	0.354831	
0.657531	0.000000	0.379689	
0.592579	0.057959	0.367283	
0.606765	0.090066	0.369298	
0.568830	0.101141	0.369750	
0.516651	0.143201	0.358928	
0.478471	0.169915	0.363421	
0.484266	0.191746	0.339497	
0.459677	0.218574	0.349383	
0.408629	0.244579	0.366774	
0.410964	0.252948	0.355578	
0.383101	0.275359	0.358446	
0.347502	0.304818	0.359199	
0.344532	0.327234	0.366854	
0.337281	0.308313	0.388637	
0.322868	0.347402	0.409933	
0.293768	0.396023	0.327985	
0.180032	0.583706	0.504552	
0.501618	3.088757	1.688692	
0.262263	2.787822	1.300309	
0.780181	3.562497	1.980238	
0.665304	6.648947	3.754736	
0.197419	0.859280	0.403467	
0.439407	9.570084	6.662153	
1.386268	8.623223	6.662153	
0.840165	9.793182	7.330744	
0.340858	5.479531	7.451096	
0.000000	0.000000	15.230139	
0.657531	0.000000	0.379689	
0.634054	0.003675	0.383418	
0.576614	0.047568	0.395503	
0.582824	0.063282	0.388223	
0.579810	0.070314	0.391081	
0.509874	0.110763	0.384811	
0.509874	0.110763	0.384811	
0.489435	0.152955	0.374317	
0.451134	0.189406	0.370965	
0.435960	0.214277	0.377087	
0.406967	0.220249	0.383343	
0.392639	0.243856	0.392352	
0.360564	0.276501	0.384407	
0.337281	0.308313	0.388637	
0.290805	0.343432	0.410482	
0.293768	0.396023	0.327985	
0.269202	0.354919	0.438683	
0.225499	0.358013	0.470867	
0.230381	0.297080	0.503138	
0.225404	2.167233	0.953913	
0.230374	1.963934	0.927847	
0.251646	1.857030	0.884342	
0.570979	4.628779	2.220175	
0.262744	6.928047	4.400684	
0.313221	9.696271	6.662153	
0.012497	5.258946	2.342520	
0.012497	5.258946	2.342520	
0.000000	0.000000	15.230139	
0.613709	0.000000	0.397452	
0.613154	0.007150	0.399260	
0.593843	0.047428	0.424277	
0.530488	0.071110	0.407637	
0.530488	0.071110	0.407637	
0.508595	0.112922	0.411793	
0.467494	0.141434	0.402151	
0.435762	0.161973	0.411520	
0.434592	0.184697	0.389032	
0.399359	0.211680	0.408148	
0.385179	0.245511	0.384158	
0.359692	0.261358	0.404540	
0.339023	0.273771	0.392472	
0.316649	0.277409	0.413997	
0.290805	0.343432	0.410482	
0.249358	0.355677	0.437661	
0.240886	0.377851	0.446709	
0.272524	0.290081	0.470261	
0.230381	0.297080	0.503138	
0.230374	1.963934	0.927847	
0.261453	1.847224	0.884342	
0.261453	1.847224	0.884342	
0.799848	7.295492	3.821707	
0.000000	8.568779	4.859429	
0.000000	12.086224	6.709342	
0.000000	4.965388	3.151106	
0.000000	9.442269	9.011310	
0.590042	0.000000	0.439292	
0.577275	0.010756	0.430456	
0.566246	0.040040	0.423809	
0.535504	0.073930	0.412300	
0.506767	0.089185	0.420280	
0.486336	0.104742	0.438452	
0.442233	0.136015	0.429812	
0.437087	0.155185	0.430013	
0.410261	0.181445	0.427428	
0.374150	0.219430	0.440097	
0.356086	0.232064	0.424141	
0.340499	0.236416	0.437298	
0.316525	0.268682	0.419712	
0.274392	0.321557	0.450395	
0.274392	0.321557	0.450395	
0.207747	0.375140	0.453009	
0.207747	0.375140	0.453009	
0.262593	0.492120	0.529283	
0.325813	0.692516	0.640569	
1.198865	7.568098	3.469697	
0.570979	4.628779	2.220175	
1.507551	9.516751	4.270539	
0.000000	8.568779	4.859429	
0.000000	8.568779	4.859429	
0.000000	14.033641	11.813493	
0.000000	4.965388	3.151106	
0.565709	0.000000	0.437825	
0.548603	0.021066	0.456261	
0.520080	0.047746	0.444320	
0.514664	0.073747	0.438484	
0.491686	0.076001	0.470808	
0.433103	0.117939	0.457705	
0.423227	0.142695	0.456107	
0.395685	0.163801	0.459981	
0.387772	0.168432	0.461887	
0.359966	0.217272	0.459067	
0.336312	0.235011	0.440337	
0.281666	0.271546	0.461215	
0.285453	0.271884	0.445824	
0.272524	0.290081	0.470261	
0.225499	0.358013	0.470867	
0.195363	0.396759	0.473261	
0.262593	0.492120	0.529283	
0.276082	0.241321	0.629830	
0.000000	10.834758	11.267234	
1.198865	7.568098	3.469697	
1.507551	9.516751	4.270539	
1.769799	11.172247	4.959591	
1.299153	16.313050	8.328458	
0.521109	8.556476	13.814275	
0.000000	0.000000	16.415743	
0.524785	0.000000	0.484340	
0.532126	0.021063	0.465987	
0.494597	0.046332	0.474017	
0.474101	0.059120	0.497515	
0.457894	0.079320	0.486615	
0.434086	0.117644	0.477446	
0.390695	0.142128	0.473290	
0.369116	0.170000	0.485973	
0.359220	0.174574	0.476148	
0.319617	0.219564	0.473436	
0.320232	0.206634	0.489620	
0.286643	0.230163	0.494914	
0.266272	0.270613	0.474060	
0.243463	0.323979	0.503509	
0.226655	0.319315	0.533564	
0.224856	0.445284	0.432562	
0.218261	0.396577	0.620045	
0.325813	0.692516	0.640569	
1.663486	10.501121	4.339525	
1.769799	11.172247	4.959591	
0.663244	5.113530	10.624347	
0.663244	5.113530	10.624347	
0.521109	8.556476	13.814275	
0.000000	0.000000	16.415743	
0.524785	0.000000	0.484340	
0.510434	0.000000	0.504585	
0.493382	0.017137	0.518816	
0.460906	0.044776	0.515489	
0.430183	0.097108	0.502932	
0.410832	0.110471	0.491074	
0.385229	0.137603	0.500354	
0.369116	0.170000	0.485973	
0.322660	0.187001	0.497319	
0.314238	0.212968	0.505745	
0.286643	0.230163	0.494914	
0.249003	0.273330	0.530062	
0.252039	0.257804	0.520991	
0.233028	0.239992	0.556101	
0.195363	0.396759	0.473261	
0.218261	0.396577	0.620045	
0.442073	0.601068	1.076116	
0.114631	10.663873	11.054179	
1.663486	10.501121	4.339525	
0.005882	13.022788	13.723936	
0.005984	13.249802	13.902735	
0.675246	14.933930	16.698617	
0.000000	0.000000	18.322325	
0.503125	0.000000	0.533811	
0.493382	0.017137	0.518816	
0.449665	0.029000	0.533472	
0.432638	0.057674	0.515877	
0.281984	0.043082	0.398735	
0.281984	0.043082	0.398735	
0.360817	0.115107	0.529516	
0.354737	0.164440	0.521014	
0.304974	0.185297	0.546041	
0.292292	0.206289	0.530716	
0.271195	0.224615	0.548619	
0.233028	0.239992	0.556101	
0.232779	0.258059	0.553904	
0.226937	0.277805	0.560003	
0.243855	0.284148	0.603336	
0.288245	0.574153	0.833018	
0.030735	0.216984	0.252281	
0.030735	0.216984	0.252281	
0.000000	10.365602	14.697925	
0.000000	12.362372	15.286788	
0.005984	13.249802	13.902735	
0.000000	0.000000	18.322325	
0.517756	0.000000	0.541899	
0.458374	0.008287	0.552508	
0.413246	0.044470	0.548455	
0.413246	0.044470	0.548455	
0.343584	0.023919	0.371821	
0.343584	0.023919	0.371821	
0.338108	0.127031	0.588791	
0.337294	0.178116	0.529832	
0.304974	0.185297	0.546041	
0.276918	0.190177	0.572228	
0.249026	0.263568	0.557026	
0.226937	0.277805	0.560003	
0.219888	0.275724	0.554250	
0.208380	0.371178	0.549861	
0.288245	0.574153	0.833018	
1.544979	8.279925	8.820293	
0.000000	10.365602	14.697925	
0.000000	12.046988	13.016539	
0.000000	12.362372	15.286788	
0.000000	9.836954	20.613713	
0.000000	9.836954	20.613713	
0.453891	0.000000	0.564589	
0.423336	0.014108	0.565301	
0.412708	0.040328	0.575479	
0.368138	0.073177	0.583655	
0.366124	0.084079	0.562122	
0.321049	0.104964	0.608407	
0.321866	0.137642	0.575853	
0.302283	0.113571	0.638076	
0.273862	0.152089	0.608971	
0.273862	0.152089	0.608971	
0.221138	0.270291	0.664783	
0.192280	0.268921	0.608769	
0.208380	0.371178	0.549861	
0.295222	0.461302	0.571065	
0.390276	0.231377	2.132342	
0.000000	8.739496	16.324032	
0.000000	11.991708	13.071819	
0.000000	11.991708	13.071819	
0.000000	12.300787	20.636915	
0.000000	0.000000	20.761100	
0.389825	0.000000	0.627767	
0.422315	0.021468	0.587727	
0.384123	0.033592	0.606915	
0.344954	0.074821	0.607807	
0.351699	0.049417	0.638482	
0.320017	0.126701	0.624984	
0.299341	0.150078	0.632324	
0.273862	0.152089	0.608971	
0.267609	0.191316	0.666635	
0.204255	0.239342	0.683054	
0.192280	0.268921	0.608769	
0.215057	0.277084	0.760606	
0.168314	0.393152	0.768177	
0.390276	0.231377	2.132342	
0.000000	0.000000	20.761100	
1.294839	10.586092	11.217062	
0.000000	13.782274	18.126086	
0.000000	14.852559	17.055800	
0.000000	0.000000	24.896591	
0.441821	0.000000	0.623890	
0.369501	0.002492	0.663157	
0.384123	0.033592	0.606915	
0.351699	0.049417	0.638482	
0.339919	0.087929	0.685176	
0.317597	0.132243	0.683326	
0.302501	0.079852	0.674157	
0.275585	0.049577	0.721351	
0.239719	0.091868	0.736524	
0.232503	0.216935	0.737728	
0.232503	0.216935	0.737728	
0.164871	0.354321	0.870011	
0.254064	0.187299	1.320741	
1.624196	1.474072	3.486303	
0.225812	11.192905	17.646851	
1.294839	10.586092	11.217062	
0.760744	2.729401	7.340621	
0.000000	13.782274	18.126086	
0.318823	0.000000	0.716749	
0.318823	0.000000	0.716749	
0.365916	0.048735	0.678618	
0.334428	0.065538	0.702500	
0.275363	0.099879	0.686420	
0.289859	0.058375	0.710366	
0.275363	0.099879	0.686420	
0.215022	0.110703	0.782395	
0.215022	0.110703	0.782395	
0.215057	0.277084	0.760606	
0.164871	0.354321	0.870011	
0.247762	0.188516	1.390163	
1.624196	1.474072	3.486303	
2.236662	1.321832	11.219461	
1.509221	8.187465	15.888443	
0.760744	2.729401	7.340621	
0.000000	14.600687	17.204586	
0.256384	0.000000	0.771321	
0.316113	0.007105	0.742377	
0.326886	0.048212	0.715523	
0.310298	0.069939	0.710935	
0.289374	0.070454	0.750108	
0.301020	0.035899	0.744793	
0.289859	0.058375	0.710366	
0.315437	0.012525	0.713666	
0.238177	0.161649	1.200217	
0.222083	0.371301	1.075119	
0.247762	0.188516	1.390163	
0.458075	1.065480	3.673346	
1.294681	2.753292	11.165188	
0.000000	4.521214	18.890655	
0.000000	4.521214	18.890655	
0.000000	14.821600	17.020248	
0.418870	0.000000	0.644775	
0.330945	0.007938	0.735846	
0.258690	0.014349	0.762072	
0.289374	0.070454	0.750108	
0.301518	0.041171	0.752325	
0.304396	0.054014	0.848243	
0.243159	0.000000	0.943338	
0.243159	0.000000	0.943338	
0.245374	0.293751	1.217157	
0.247493	0.060171	1.387955	
0.384480	0.524852	2.523297	
0.108418	0.102834	9.351659	
1.125508	6.235187	18.358381	
0.000000	8.840430	22.746867	
0.000000	0.000000	26.786151	
0.393268	0.000000	0.773331	
0.258690	0.014349	0.762072	
0.316510	0.000000	0.884551	
0.296312	0.077483	0.876011	
0.296312	0.077483	0.876011	
0.258328	0.139810	0.979963	
0.202558	0.073111	1.120616	
0.268983	0.275949	1.347800	
0.247493	0.060171	1.387955	
0.367214	0.333680	1.860973	
0.458075	1.065480	3.673346	
0.193527	1.030017	8.035461	
0.640464	2.297858	24.731645	
0.000000	11.756529	28.168322	
0.303414	0.000000	0.808605	
0.303414	0.000000	0.808605	
0.301333	0.059840	0.809305	
0.299053	0.071065	0.835300	
0.271184	0.104205	1.041425	
0.202558	0.073111	1.120616	
0.188763	0.086226	1.277088	
0.343310	0.111381	0.643501	
0.367214	0.333680	1.860973	
0.075142	0.020415	5.054308	
0.017242	0.848750	4.349422	
0.193527	1.030017	8.035461	
0.000000	0.000000	30.297272	
0.418870	0.000000	0.644775	
0.259557	0.012985	0.958852	
0.259557	0.012985	0.958852	
0.311323	0.015575	1.197900	
0.258328	0.139810	0.979963	
0.188763	0.086226	1.277088	
0.485161	0.107179	3.059622	
0.000000	0.316006	2.476206	
0.000000	0.316006	2.476206	
0.000000	0.974900	3.175984	
0.016115	0.318729	3.500628	
0.000000	5.247977	13.835701	
0.544670	0.000000	1.637112	
0.326692	0.035201	1.027587	
0.303152	0.003845	1.121504	
0.267617	0.000000	1.540576	
0.356479	0.150563	1.194713	
0.042326	0.011932	3.720405	
0.010998	0.135629	1.296830	
0.010998	0.135629	1.296830	
0.019152	0.163357	1.224679	
0.027420	0.272114	1.488921	
0.000000	1.797584	7.726044	
0.607052	0.000000	0.677224	
0.303152	0.003845	1.121504	
0.311323	0.015575	1.197900	
0.267617	0.000000	1.540576	
0.035601	0.002622	2.449582	
0.008155	0.114696	1.317330	
0.008155	0.114696	1.317330	
0.015268	0.162836	1.173521	
0.015268	0.162836	1.173521	
0.000000	1.797584	7.726044	
0.000000	0.000000	3.744156	
0.326692	0.035201	1.027587	
0.169059	0.000990	2.498964	
0.035601	0.002622	2.449582	
0.281213	0.188853	3.518131	
0.016395	0.230110	1.595248	
0.013932	0.225099	1.773974	
0.016395	0.230110	1.595248	
0.000000	0.475714	2.120310	
0.527612	0.000000	4.024729	
0.169059	0.000990	2.498964	
0.280773	0.129878	3.813720	
0.167534	0.286320	2.887682	
0.142327	0.223653	2.845196	
0.019073	0.250304	1.717714	
0.021350	0.512565	2.039932	
0.000000	0.215567	2.522582	
0.000000	0.000000	6.186005	
0.650735	0.148387	5.485300	
0.281213	0.188853	3.518131	
0.160460	0.213117	3.105273	
0.167534	0.286320	2.887682	
0.000000	0.234994	2.301354	
0.000000	0.234994	2.301354	
0.000000	0.000000	6.473851	
0.052439	0.086350	3.599518	
0.045918	0.100878	1.730363	
0.021512	0.143520	3.095309	
0.021512	0.143520	3.095309	
0.000000	0.572161	2.089202	
0.000000	0.000000	6.186005	
0.052439	0.086350	3.599518	
0.045918	0.100878	1.730363	
0.000000	0.208216	1.172658	
0.000000	0.208216	1.172658	
0.000000	0.000000	5.472168	
0.000000	0.000000	2.610218	
0.005485	0.046998	3.335937	
0.000000	0.000000	2.610218	
0.000000	0.000000	5.472168	
0.000000	0.117389	3.454452	
0.000000	0.134481	5.352569	
0.000000	0.000000	9.182702	
0.000000	0.117389	3.454452	
0.000000	0.000000	9.182702	
0.000000	0.000000	0.000000	
0.000000	0.000000	0.000000	
0.000000	0.000000	0.000000	
0.000000	0.000000	0.000000	
0.000000	0.000000	0.000000	
0.000000	0.000000	0.000000	
0.000000	0.000000	0.000000	
0.000000	0.000000	0.000000	
0.000000	0.000000	0.000000	
0.000000	0.000000	0.000000	
