1.923661	0.000000	0.000000	
1.775858	0.002513	0.000000	
1.597905	0.141889	0.000000	
1.448522	0.206544	0.000000	
1.342979	0.328769	0.000000	
1.248982	0.435468	0.000000	
1.113239	0.581202	0.000000	
0.969704	0.686634	0.000000	
0.900745	0.700824	0.000000	
0.789348	0.835531	0.000000	
0.766230	0.924366	0.000000	
0.640897	0.979901	0.000000	
0.545225	1.120481	0.000000	
0.425336	1.198522	0.000000	
0.311305	1.345466	0.000000	
0.273226	1.469994	0.000000	
0.227309	1.496662	0.000000	
0.094283	2.130733	0.000000	
0.000000	2.289438	0.000000	
1.657952	0.000000	0.092247	
1.509727	0.083555	0.000681	
1.363893	0.155017	0.090115	
1.410602	0.208396	0.014585	
1.220801	0.317482	0.086959	
1.087548	0.482208	0.092242	
1.072714	0.568724	0.048636	
0.916011	0.678846	0.078518	
0.773442	0.752349	0.075724	
0.686718	0.849511	0.044197	
0.593027	0.902836	0.072562	
0.566628	1.035124	0.000000	
0.425336	1.198522	0.000000	
0.322831	1.164616	0.091505	
0.231414	1.295697	0.037084	
0.095505	1.649261	0.068643	
0.000000	1.698947	0.083729	
0.000000	1.698947	0.083729	
1.534481	0.000000	0.133649	
1.499108	0.000000	0.132146	
1.363893	0.155017	0.090115	
1.223245	0.267133	0.200278	
1.141485	0.325714	0.109463	
0.981997	0.417806	0.181416	
0.903584	0.554574	0.141240	
0.844294	0.653683	0.111237	
0.741569	0.669411	0.183159	
0.608042	0.784440	0.180073	
0.581471	0.982469	0.029119	
0.500562	1.069097	0.189936	
0.322831	1.164616	0.091505	
0.231414	1.295697	0.037084	
0.061267	1.718663	0.158048	
0.000000	1.665820	0.213833	
0.000000	1.665820	0.213833	
1.410294	0.000000	0.213157	
1.375154	0.062206	0.163905	
1.169110	0.171092	0.210851	
1.137944	0.262039	0.209416	
1.030284	0.277257	0.266903	
0.949005	0.427137	0.239483	
0.785734	0.558453	0.273394	
0.734767	0.622324	0.264225	
0.633544	0.700266	0.237593	
0.544420	0.814129	0.247999	
0.439307	0.893619	0.265613	
0.354755	0.966030	0.275189	
0.138447	1.164651	0.273436	
0.121352	1.177130	0.268892	
0.013709	1.536175	0.312049	
0.000000	1.713173	0.342874	
1.270606	0.000000	0.382287	
1.270606	0.000000	0.382287	
1.169110	0.171092	0.210851	
1.030284	0.277257	0.266903	
0.923601	0.352844	0.345655	
0.819571	0.409007	0.341793	
0.749886	0.572355	0.283601	
0.659011	0.662382	0.306741	
0.541737	0.742303	0.330577	
0.467431	0.775289	0.353118	
0.343567	0.939984	0.326356	
0.263791	1.037341	0.357553	
0.116565	1.127344	0.349041	
0.071983	1.215970	0.364413	
0.000000	1.272133	0.391484	
1.410294	0.000000	0.213157	
1.207743	0.081488	0.397838	
1.077028	0.092293	0.472465	
0.932378	0.227947	0.405961	
0.765171	0.335713	0.463792	
0.728955	0.393980	0.438834	
0.589370	0.530654	0.468329	
0.543543	0.679709	0.379734	
0.417111	0.707208	0.467475	
0.314870	0.843349	0.437837	
0.238103	0.961650	0.431242	
0.149604	0.982182	0.431893	
0.091724	1.127156	0.457395	
0.000000	1.454508	0.521666	
1.260317	0.000000	0.406899	
1.207743	0.081488	0.397838	
1.071336	0.188056	0.496278	
0.900558	0.289852	0.419697	
0.647240	0.377066	0.550187	
0.637708	0.466197	0.480644	
0.509269	0.457278	0.609098	
0.437438	0.614492	0.558843	
0.392425	0.696567	0.539527	
0.298793	0.814367	0.494828	
0.120693	0.960188	0.497241	
0.091724	1.127156	0.457395	
0.000000	1.249361	0.411155	
1.345680	0.000000	0.734256	
1.135288	0.109480	0.355109	
0.760958	0.119988	0.733143	
0.784963	0.264699	0.665393	
0.651401	0.361573	0.623086	
0.509269	0.457278	0.609098	
0.428791	0.563415	0.675792	
0.392425	0.696567	0.539527	
0.223900	0.749259	0.642476	
0.140292	0.898384	0.524735	
0.050271	0.898546	0.735517	
0.000000	1.114483	0.688531	
0.902992	0.000000	0.949580	
0.902992	0.000000	0.949580	
0.760958	0.119988	0.733143	
0.520700	0.275156	0.747729	
0.520700	0.275156	0.747729	
0.482459	0.326789	0.769074	
0.428791	0.563415	0.675792	
0.300197	0.742804	0.763759	
0.088106	0.794757	0.764342	
0.088106	0.794757	0.764342	
0.000000	1.028914	0.826898	
1.120437	0.000000	0.981218	
0.530762	0.133337	1.065800	
0.530762	0.133337	1.065800	
0.503332	0.200524	0.876225	
0.482459	0.326789	0.769074	
0.485413	0.307642	1.099646	
0.264960	0.669082	0.976684	
0.008764	0.651835	0.980176	
0.089846	0.852669	0.881743	
0.000000	0.978967	1.015690	
0.617479	0.000000	1.308675	
0.617479	0.000000	1.308675	
0.503332	0.200524	0.876225	
0.513528	0.300315	0.765903	
0.499987	0.188242	1.268678	
0.058674	0.554869	1.190876	
0.092187	0.707055	1.189060	
0.008118	0.788009	1.118357	
0.000000	0.802421	1.024539	
0.882585	0.000000	1.646306	
0.822914	0.000000	1.469026	
0.404558	0.160535	1.198498	
0.420304	0.245743	1.278670	
0.420304	0.245743	1.278670	
0.032752	0.524423	1.373097	
0.058674	0.554869	1.190876	
0.000000	0.700304	1.199822	
0.822914	0.000000	1.469026	
0.555577	0.088245	1.441616	
0.359218	0.182906	1.409197	
0.403292	0.356319	1.620587	
0.215380	0.000000	1.703450	
0.080835	0.185564	1.284187	
0.000000	0.668767	1.144120	
0.308266	0.000000	1.482002	
0.215380	0.000000	1.703450	
0.308266	0.000000	1.482002	
0.177042	0.396773	1.903272	
0.080835	0.185564	1.284187	
0.000000	0.564836	1.441632	
0.835920	0.000000	1.964915	
0.533085	0.023413	1.484376	
0.293778	0.182307	2.252960	
0.061395	0.449795	2.456843	
0.000000	0.376337	2.854988	
0.238523	0.000000	1.446951	
0.238523	0.000000	1.446951	
0.000000	0.376337	2.854988	
0.000000	0.666648	3.214953	
0.253094	0.000000	1.752712	
0.002853	0.132768	2.529595	
0.000000	0.393918	3.166949	
0.000000	0.000000	4.261043	
0.000000	0.000000	4.261043	
0.000000	0.000000	5.698757	
0.000000	0.000000	0.000000	
0.000000	0.000000	0.000000	
0.000000	0.000000	0.000000	
0.000000	0.000000	0.000000	
0.000000	0.000000	0.000000	
0.000000	0.000000	0.000000	
0.000000	0.000000	0.000000	
0.000000	0.000000	0.000000	
0.000000	0.000000	0.000000	
0.000000	0.000000	0.000000	
