0.521039	0.000000	0.000000	
0.503124	0.009318	0.000000	
0.513884	0.004886	0.000000	
0.500729	0.027941	0.000000	
0.470477	0.048482	0.000000	
0.490252	0.056573	0.000000	
0.479226	0.068936	0.000000	
0.480714	0.072325	0.000000	
0.449252	0.091838	0.000000	
0.462356	0.118585	0.000000	
0.498314	0.143408	0.000000	
0.523419	0.000000	0.000000	
0.455308	0.125793	0.000000	
0.404972	0.199197	0.000000	
0.404972	0.199197	0.000000	
0.322782	0.252323	0.000000	
0.422806	0.152463	0.000000	
0.343270	0.266383	0.000000	
0.343270	0.266383	0.000000	
0.308163	0.333588	0.000000	
0.279853	0.356454	0.000000	
0.368399	0.289454	0.000000	
0.208987	0.390113	0.000000	
0.208987	0.390113	0.000000	
0.158604	0.402385	0.000000	
0.158604	0.402385	0.000000	
0.135653	0.488880	0.000000	
0.135653	0.488880	0.000000	
0.101007	0.569141	0.000000	
0.101007	0.569141	0.000000	
0.292548	0.721018	0.000000	
0.280224	0.736664	0.000000	
0.005886	0.724923	0.000000	
0.015522	0.581377	0.000000	
0.016980	0.635969	0.000000	
0.015522	0.581377	0.000000	
0.016980	0.635969	0.000000	
0.015577	0.583412	0.000000	
0.000000	0.738666	0.000000	
0.000000	0.808630	0.000000	
0.000000	0.808630	0.000000	
0.000000	1.165419	0.000000	
0.000009	0.778786	0.000000	
0.000000	1.165419	0.000000	
0.511935	0.000000	0.011182	
0.503124	0.009318	0.000000	
0.515393	0.020544	0.006188	
0.500729	0.027941	0.000000	
0.470477	0.048482	0.000000	
0.495314	0.043819	0.000000	
0.479226	0.068936	0.000000	
0.449252	0.091838	0.000000	
0.421764	0.089983	0.012574	
0.429544	0.096986	0.001883	
0.405029	0.108929	0.002797	
0.387044	0.128164	0.000000	
0.405029	0.108929	0.002797	
0.321288	0.183655	0.003357	
0.422806	0.152463	0.000000	
0.404685	0.127265	0.000527	
0.320710	0.209577	0.013042	
0.359951	0.259803	0.010954	
0.295580	0.314917	0.008316	
0.368399	0.289454	0.000000	
0.306611	0.327662	0.015838	
0.296788	0.337323	0.012763	
0.169865	0.429152	0.011012	
0.169865	0.429152	0.011012	
0.231892	0.459492	0.019916	
0.018200	0.573755	0.000000	
0.185656	0.576716	0.014080	
0.343992	0.640290	0.018818	
0.324260	0.665270	0.015789	
0.302215	0.683715	0.017382	
0.095341	0.713108	0.013508	
0.095341	0.713108	0.013508	
0.029764	0.667546	0.005894	
0.034845	0.476453	0.015446	
0.034845	0.476453	0.015446	
0.000000	0.582549	0.000000	
0.003488	0.564203	0.008860	
0.000000	0.584477	0.000000	
0.006904	0.620339	0.000000	
0.010802	0.756508	0.014020	
0.015360	0.530178	0.020307	
0.000009	0.778786	0.000000	
0.000000	1.102226	0.000000	
0.517497	0.000000	0.023111	
0.517019	0.010128	0.006917	
0.504364	0.023784	0.016959	
0.492031	0.035384	0.015278	
0.492031	0.035384	0.015278	
0.465642	0.057721	0.000000	
0.447283	0.052423	0.026063	
0.424159	0.077576	0.025105	
0.421764	0.089983	0.012574	
0.384331	0.112461	0.018809	
0.381504	0.115604	0.020344	
0.373612	0.136541	0.006829	
0.391483	0.167057	0.002143	
0.321288	0.183655	0.003357	
0.339530	0.180678	0.002383	
0.308871	0.189661	0.008325	
0.320710	0.209577	0.013042	
0.383342	0.164740	0.003146	
0.269813	0.221448	0.021664	
0.269813	0.221448	0.021664	
0.306327	0.209704	0.024927	
0.253094	0.291944	0.021402	
0.296788	0.337323	0.012763	
0.266206	0.258262	0.025324	
0.263074	0.350784	0.029166	
0.185656	0.576716	0.014080	
0.347900	0.136361	0.046320	
0.033344	0.635436	0.032175	
0.033344	0.635436	0.032175	
0.273978	0.698129	0.034759	
0.035209	0.582953	0.025852	
0.035209	0.582953	0.025852	
0.065863	0.511168	0.019514	
0.051056	0.474486	0.023239	
0.051056	0.474486	0.023239	
0.031819	0.500171	0.027020	
0.031819	0.500171	0.027020	
0.003488	0.564203	0.008860	
0.033550	0.545986	0.031431	
0.033550	0.545986	0.031431	
0.015360	0.530178	0.020307	
0.000000	1.082855	0.040353	
0.488816	0.000000	0.038949	
0.488816	0.000000	0.038949	
0.480206	0.022290	0.030328	
0.479343	0.029932	0.032369	
0.445194	0.048332	0.038297	
0.445194	0.048332	0.038297	
0.424159	0.077576	0.025105	
0.426917	0.092919	0.024420	
0.410959	0.106602	0.002061	
0.381504	0.115604	0.020344	
0.391603	0.130571	0.000000	
0.386549	0.139232	0.033401	
0.354050	0.124668	0.030526	
0.354050	0.124668	0.030526	
0.354862	0.177772	0.012785	
0.308871	0.189661	0.008325	
0.291530	0.206006	0.035866	
0.297314	0.218436	0.010343	
0.281388	0.226869	0.021711	
0.251291	0.241650	0.013265	
0.270152	0.250779	0.012625	
0.253094	0.291944	0.021402	
0.315983	0.212445	0.031304	
0.266206	0.258262	0.025324	
0.266856	0.297172	0.063304	
0.362527	0.610131	0.054575	
0.343992	0.640290	0.018818	
0.000000	0.657883	0.064682	
0.000000	0.657883	0.064682	
0.263999	0.697233	0.056054	
0.221298	0.720835	0.069872	
0.039915	0.604855	0.056283	
0.059906	0.496198	0.000000	
0.047778	0.456925	0.021228	
0.075940	0.446983	0.032130	
0.022786	0.480918	0.026870	
0.049823	0.574701	0.010228	
0.004531	0.505503	0.035580	
0.006904	0.620339	0.000000	
0.000051	0.577039	0.044623	
0.000000	0.911969	0.045429	
0.496652	0.000000	0.045267	
0.470845	0.005031	0.047846	
0.470845	0.005031	0.047846	
0.461762	0.014976	0.049165	
0.448725	0.049355	0.047234	
0.461400	0.036212	0.037326	
0.443067	0.069061	0.038345	
0.397468	0.085447	0.044311	
0.395053	0.088194	0.022709	
0.384345	0.102646	0.031545	
0.373612	0.136541	0.006829	
0.380530	0.146975	0.054246	
0.349423	0.154525	0.051805	
0.338295	0.171377	0.045982	
0.322333	0.182701	0.037199	
0.262651	0.198381	0.049934	
0.271772	0.193872	0.047012	
0.270864	0.206756	0.039251	
0.256901	0.217973	0.045721	
0.251291	0.241650	0.013265	
0.256146	0.233284	0.050131	
0.266517	0.293461	0.041476	
0.254044	0.329257	0.052435	
0.190078	0.330896	0.061617	
0.179558	0.335039	0.052472	
0.214160	0.428699	0.075668	
0.243312	0.316841	0.064586	
0.036856	0.574344	0.075605	
0.036856	0.574344	0.075605	
0.013586	0.658172	0.084984	
0.047188	0.540595	0.022491	
0.065863	0.511168	0.019514	
0.059824	0.429818	0.050144	
0.047778	0.456925	0.021228	
0.059433	0.456183	0.034441	
0.020342	0.510853	0.016845	
0.004043	0.522344	0.007002	
0.003734	0.498645	0.011165	
0.000000	0.573735	0.000000	
0.000000	0.707103	0.000000	
0.521039	0.000000	0.000000	
0.460065	0.000491	0.060683	
0.460065	0.000491	0.060683	
0.461762	0.014976	0.049165	
0.461400	0.036212	0.037326	
0.443067	0.069061	0.038345	
0.409758	0.057274	0.055489	
0.397468	0.085447	0.044311	
0.384345	0.102646	0.031545	
0.398159	0.115048	0.037908	
0.390138	0.113913	0.025360	
0.367451	0.145059	0.033106	
0.346910	0.156627	0.031741	
0.338295	0.171377	0.045982	
0.309594	0.179795	0.057097	
0.291192	0.192011	0.056129	
0.269933	0.195373	0.049571	
0.257766	0.200036	0.049980	
0.225599	0.230357	0.054648	
0.230602	0.230463	0.056863	
0.241974	0.208913	0.063263	
0.244226	0.239177	0.068863	
0.217260	0.318138	0.062402	
0.206530	0.311740	0.066132	
0.190078	0.330896	0.061617	
0.214160	0.428699	0.075668	
0.230460	0.289213	0.067720	
0.252622	0.409696	0.087432	
0.013586	0.658172	0.084984	
0.151942	0.663029	0.010551	
0.047188	0.540595	0.022491	
0.090803	0.485786	0.000000	
0.065182	0.460083	0.025424	
0.065182	0.460083	0.025424	
0.022786	0.480918	0.026870	
0.029985	0.472568	0.020174	
0.020113	0.498245	0.046081	
0.003734	0.498645	0.011165	
0.000000	0.573735	0.000000	
0.501380	0.000000	0.042325	
0.467155	0.007796	0.041275	
0.452016	0.000000	0.079048	
0.452016	0.000000	0.079048	
0.432447	0.032054	0.077558	
0.404534	0.065638	0.073010	
0.404534	0.065638	0.073010	
0.395053	0.088194	0.022709	
0.368973	0.097923	0.069723	
0.368973	0.097923	0.069723	
0.378303	0.127251	0.043468	
0.314078	0.149910	0.067725	
0.314078	0.149910	0.067725	
0.288568	0.171469	0.069502	
0.274480	0.177576	0.061429	
0.273891	0.181122	0.067532	
0.249089	0.189232	0.070575	
0.251015	0.191063	0.068131	
0.241974	0.208913	0.063263	
0.230602	0.230463	0.056863	
0.224306	0.223114	0.058977	
0.198845	0.268906	0.070697	
0.191926	0.289984	0.082206	
0.184724	0.315869	0.057695	
0.179558	0.335039	0.052472	
0.080355	0.462916	0.073564	
0.121736	0.417702	0.089183	
0.087336	0.582702	0.034564	
0.191491	0.688001	0.141177	
0.007409	0.546724	0.009847	
0.007409	0.546724	0.009847	
0.067028	0.480062	0.047828	
0.059824	0.429818	0.050144	
0.036159	0.472882	0.087098	
0.029985	0.472568	0.020174	
0.021052	0.570143	0.029220	
0.000000	0.551374	0.071951	
0.000000	0.551374	0.071951	
0.453408	0.000000	0.089352	
0.441239	0.001285	0.071374	
0.442430	0.012286	0.084089	
0.442430	0.012286	0.084089	
0.405928	0.041513	0.085356	
0.405287	0.061609	0.072403	
0.389914	0.073325	0.086485	
0.366842	0.085401	0.089012	
0.343117	0.099644	0.088361	
0.340908	0.109851	0.084077	
0.344628	0.094794	0.090609	
0.330230	0.135951	0.088377	
0.288764	0.149412	0.090717	
0.283452	0.169256	0.089168	
0.266968	0.166406	0.090099	
0.239566	0.178266	0.084388	
0.238360	0.183354	0.083654	
0.226854	0.201803	0.085817	
0.224306	0.223114	0.058977	
0.220980	0.226883	0.088464	
0.209127	0.260743	0.087216	
0.191926	0.289984	0.082206	
0.176497	0.301260	0.075643	
0.184724	0.315869	0.057695	
0.185873	0.318889	0.090148	
0.080355	0.462916	0.073564	
0.121736	0.417702	0.089183	
0.104827	0.332421	0.151962	
0.104827	0.332421	0.151962	
0.151942	0.663029	0.010551	
0.029342	0.507002	0.041255	
0.067028	0.480062	0.047828	
0.038259	0.477859	0.043645	
0.020958	0.450124	0.047977	
0.014489	0.528234	0.115356	
0.012695	0.568944	0.119754	
0.000000	0.741071	0.071308	
0.442171	0.000000	0.100919	
0.441239	0.001285	0.071374	
0.442652	0.020774	0.100648	
0.410102	0.004712	0.098746	
0.405928	0.041513	0.085356	
0.393779	0.065020	0.092199	
0.351884	0.067757	0.096567	
0.345246	0.087841	0.096095	
0.343117	0.099644	0.088361	
0.340908	0.109851	0.084077	
0.321671	0.127917	0.099862	
0.321671	0.127917	0.099862	
0.274592	0.142050	0.093009	
0.256611	0.157003	0.097154	
0.255113	0.169342	0.096166	
0.238360	0.183354	0.083654	
0.231654	0.195641	0.081248	
0.226854	0.201803	0.085817	
0.197505	0.221265	0.097620	
0.200401	0.241632	0.066600	
0.192078	0.253883	0.100964	
0.164499	0.252389	0.107709	
0.187397	0.268841	0.088460	
0.176484	0.266653	0.120979	
0.185873	0.318889	0.090148	
0.190813	0.458591	0.133318	
0.186011	0.317345	0.160446	
0.017250	0.617774	0.164306	
0.152773	0.352245	0.159710	
0.030510	0.565912	0.116103	
0.069238	0.539158	0.085739	
0.015907	0.470248	0.049777	
0.015907	0.470248	0.049777	
0.020958	0.450124	0.047977	
0.012339	0.542383	0.026879	
0.000000	0.802005	0.000000	
0.442171	0.000000	0.100919	
0.412633	0.000000	0.119087	
0.391767	0.021602	0.110556	
0.391767	0.021602	0.110556	
0.379654	0.052975	0.111025	
0.360441	0.055194	0.112765	
0.346479	0.071015	0.101181	
0.328225	0.087046	0.108545	
0.327802	0.093673	0.111937	
0.322292	0.097345	0.112229	
0.299712	0.107451	0.116781	
0.286814	0.132511	0.109651	
0.255590	0.139305	0.110948	
0.256258	0.153509	0.100250	
0.234311	0.166762	0.105764	
0.226431	0.176076	0.106039	
0.220485	0.195023	0.102875	
0.207146	0.197369	0.104959	
0.205162	0.218459	0.110411	
0.192078	0.253883	0.100964	
0.164499	0.252389	0.107709	
0.167410	0.287135	0.120198	
0.172459	0.293286	0.121824	
0.182948	0.374165	0.056040	
0.163127	0.422182	0.117467	
0.099108	0.377955	0.129874	
0.164992	0.305557	0.167703	
0.152773	0.352245	0.159710	
0.017250	0.617774	0.164306	
0.102571	0.641718	0.037062	
0.069238	0.539158	0.085739	
0.055029	0.560772	0.049586	
0.021052	0.570143	0.029220	
0.012339	0.542383	0.026879	
0.000000	0.765221	0.107204	
0.458429	0.000000	0.129619	
0.400096	0.010688	0.127187	
0.396119	0.021032	0.104215	
0.399803	0.028192	0.118077	
0.383324	0.050928	0.123662	
0.350752	0.054302	0.128174	
0.340828	0.069530	0.121826	
0.328225	0.087046	0.108545	
0.322292	0.097345	0.112229	
0.292807	0.097153	0.124166	
0.282178	0.114126	0.122154	
0.272106	0.131083	0.123318	
0.246457	0.141809	0.119957	
0.241040	0.152719	0.117569	
0.233785	0.167113	0.116438	
0.222002	0.179006	0.118899	
0.207614	0.192002	0.108059	
0.205070	0.203469	0.121721	
0.200401	0.241632	0.066600	
0.163534	0.253034	0.121265	
0.163534	0.253034	0.121265	
0.153174	0.280564	0.128346	
0.167591	0.301939	0.141414	
0.150325	0.358596	0.163062	
0.150325	0.358596	0.163062	
0.099108	0.377955	0.129874	
0.108244	0.211714	0.212409	
0.108244	0.211714	0.212409	
0.098061	0.669540	0.000000	
0.098061	0.669540	0.000000	
0.011870	0.489197	0.083656	
0.018470	0.356873	0.143028	
0.011736	0.522396	0.133250	
0.000000	0.588724	0.225253	
0.409819	0.000000	0.154614	
0.434615	0.000000	0.121932	
0.396119	0.021032	0.104215	
0.357007	0.038307	0.136327	
0.340354	0.046484	0.132362	
0.328190	0.057366	0.137479	
0.328190	0.057366	0.137479	
0.322646	0.083863	0.129412	
0.292807	0.097153	0.124166	
0.275105	0.100119	0.129773	
0.262847	0.120877	0.128633	
0.249563	0.132242	0.128558	
0.235213	0.143419	0.130300	
0.226675	0.151991	0.133264	
0.219277	0.159272	0.131029	
0.212332	0.190866	0.125017	
0.207614	0.192002	0.108059	
0.207137	0.227590	0.128347	
0.182809	0.208936	0.150090	
0.153174	0.280564	0.128346	
0.164788	0.259101	0.138479	
0.129127	0.265139	0.131688	
0.152848	0.314898	0.132865	
0.126068	0.260454	0.163490	
0.133038	0.278872	0.179146	
0.117044	0.450225	0.167761	
0.107847	0.269338	0.240994	
0.043817	0.265183	0.269145	
0.088787	0.176496	0.270978	
0.032218	0.584167	0.233145	
0.011870	0.489197	0.083656	
0.011736	0.522396	0.133250	
0.000000	0.588724	0.225253	
0.376756	0.000000	0.155289	
0.376756	0.000000	0.155289	
0.339624	0.016714	0.160321	
0.356668	0.036922	0.145660	
0.334476	0.048244	0.149531	
0.313934	0.056907	0.150940	
0.291105	0.071733	0.147638	
0.307540	0.073182	0.142956	
0.284325	0.094754	0.142258	
0.257191	0.111913	0.138195	
0.257191	0.111913	0.138195	
0.232748	0.130828	0.149528	
0.231038	0.146070	0.141466	
0.219277	0.159272	0.131029	
0.207791	0.175690	0.137369	
0.217710	0.198100	0.158043	
0.205512	0.222339	0.083304	
0.147483	0.237311	0.150648	
0.161313	0.222896	0.169951	
0.129127	0.265139	0.131688	
0.159956	0.256486	0.165919	
0.140241	0.312207	0.177507	
0.133038	0.278872	0.179146	
0.126068	0.260454	0.163490	
0.111307	0.332240	0.145984	
0.078955	0.283940	0.209097	
0.107847	0.269338	0.240994	
0.088787	0.176496	0.270978	
0.019301	0.245064	0.292496	
0.015981	0.280024	0.269473	
0.018470	0.356873	0.143028	
0.000000	0.765221	0.107204	
0.388297	0.000000	0.149756	
0.376103	0.012598	0.119257	
0.339624	0.016714	0.160321	
0.351911	0.030971	0.153863	
0.326631	0.042518	0.153844	
0.306336	0.054914	0.153880	
0.291105	0.071733	0.147638	
0.278229	0.071879	0.162118	
0.275105	0.100119	0.129773	
0.257698	0.107863	0.152246	
0.257698	0.107863	0.152246	
0.232748	0.130828	0.149528	
0.212546	0.155291	0.155536	
0.212546	0.155291	0.155536	
0.215487	0.166073	0.149242	
0.165975	0.197335	0.166630	
0.165466	0.205807	0.169361	
0.165466	0.205807	0.169361	
0.135539	0.233227	0.171346	
0.126299	0.247644	0.180975	
0.128185	0.292205	0.183939	
0.128185	0.292205	0.183939	
0.106793	0.337931	0.198450	
0.111307	0.332240	0.145984	
0.104142	0.291623	0.204167	
0.043817	0.265183	0.269145	
0.037072	0.235601	0.273602	
0.024230	0.517749	0.298960	
0.000000	0.399835	0.315093	
0.015981	0.280024	0.269473	
0.000000	0.902359	0.000000	
0.345591	0.000000	0.198786	
0.345591	0.000000	0.198786	
0.330839	0.025671	0.174016	
0.326163	0.028787	0.178058	
0.313615	0.048903	0.169773	
0.292329	0.051907	0.173642	
0.278229	0.071879	0.162118	
0.272605	0.078005	0.164641	
0.243867	0.093051	0.172107	
0.243867	0.093051	0.172107	
0.241599	0.113810	0.180911	
0.246511	0.103168	0.188578	
0.200855	0.151211	0.181516	
0.215487	0.166073	0.149242	
0.196695	0.175146	0.176255	
0.165975	0.197335	0.166630	
0.158623	0.196484	0.170280	
0.147182	0.200698	0.183135	
0.135539	0.233227	0.171346	
0.126299	0.247644	0.180975	
0.126128	0.237050	0.194103	
0.111972	0.274577	0.208713	
0.084392	0.289471	0.177256	
0.080359	0.296469	0.181022	
0.083065	0.303324	0.235213	
0.059429	0.421610	0.261701	
0.037072	0.235601	0.273602	
0.029253	0.586054	0.342129	
0.000000	0.399835	0.315093	
0.000000	0.640786	0.237996	
0.319909	0.000000	0.213106	
0.378711	0.000000	0.194164	
0.345401	0.026140	0.200026	
0.314550	0.022171	0.193994	
0.309092	0.037208	0.177287	
0.299822	0.057274	0.162121	
0.262694	0.068552	0.179886	
0.262694	0.068552	0.179886	
0.239022	0.090003	0.186505	
0.235966	0.105699	0.187219	
0.241599	0.113810	0.180911	
0.218540	0.120609	0.192254	
0.209107	0.128463	0.200854	
0.198115	0.154063	0.182477	
0.174388	0.184395	0.192259	
0.169065	0.192336	0.186562	
0.153718	0.200024	0.190045	
0.131926	0.224071	0.189918	
0.131926	0.224071	0.189918	
0.105033	0.256527	0.196716	
0.093856	0.236801	0.192079	
0.084392	0.289471	0.177256	
0.080359	0.296469	0.181022	
0.072893	0.242543	0.216334	
0.067435	0.364075	0.246457	
0.058224	0.210133	0.280869	
0.029253	0.586054	0.342129	
0.000000	0.547536	0.250332	
0.000000	0.547536	0.250332	
0.364910	0.000000	0.220147	
0.289495	0.008164	0.214570	
0.289495	0.008164	0.214570	
0.299257	0.016976	0.218435	
0.323760	0.054858	0.171616	
0.253297	0.052425	0.209040	
0.253297	0.052425	0.209040	
0.246637	0.063443	0.196441	
0.242882	0.086210	0.197875	
0.235966	0.105699	0.187219	
0.199291	0.131583	0.212532	
0.209107	0.128463	0.200854	
0.186993	0.122549	0.206827	
0.189127	0.176047	0.189154	
0.168993	0.181202	0.206946	
0.140628	0.189301	0.211223	
0.138877	0.200971	0.200641	
0.125576	0.216313	0.201636	
0.114939	0.245317	0.189884	
0.100233	0.245430	0.195437	
0.093856	0.236801	0.192079	
0.072119	0.243029	0.218899	
0.062367	0.331087	0.244997	
0.058180	0.352409	0.225363	
0.038696	0.284533	0.261214	
0.019663	0.219398	0.395836	
0.021121	0.079932	0.464800	
0.000000	0.640786	0.237996	
0.364910	0.000000	0.220147	
0.418820	0.016354	0.241331	
0.285319	0.029849	0.227966	
0.256781	0.035054	0.237025	
0.232035	0.049535	0.231646	
0.258396	0.062805	0.206778	
0.258396	0.062805	0.206778	
0.246637	0.063443	0.196441	
0.237536	0.082028	0.234099	
0.221609	0.099361	0.235133	
0.192739	0.094805	0.227952	
0.186993	0.122549	0.206827	
0.185273	0.136116	0.227176	
0.168993	0.181202	0.206946	
0.145008	0.181046	0.238270	
0.140628	0.189301	0.211223	
0.131397	0.207107	0.220893	
0.114893	0.203990	0.229630	
0.107482	0.244873	0.194132	
0.100233	0.245430	0.195437	
0.080481	0.276414	0.232058	
0.050226	0.286884	0.241976	
0.051437	0.281857	0.243895	
0.030790	0.290857	0.224989	
0.026107	0.477578	0.348710	
0.019663	0.219398	0.395836	
0.000000	0.000000	0.552749	
0.183467	0.000000	0.355076	
0.246494	0.003458	0.326719	
0.358067	0.000000	0.270901	
0.256781	0.035054	0.237025	
0.224123	0.054282	0.254326	
0.230317	0.058061	0.230338	
0.230317	0.058061	0.230338	
0.238003	0.090258	0.264005	
0.251700	0.114100	0.211853	
0.192739	0.094805	0.227952	
0.178085	0.133463	0.250924	
0.182560	0.136304	0.223957	
0.177276	0.150479	0.237459	
0.134948	0.167381	0.244316	
0.141434	0.184315	0.230176	
0.134948	0.167381	0.244316	
0.118026	0.198482	0.256965	
0.095800	0.233244	0.260645	
0.093165	0.215396	0.249501	
0.061373	0.250656	0.237340	
0.051934	0.250591	0.240778	
0.050226	0.286884	0.241976	
0.030790	0.290857	0.224989	
0.000000	0.322778	0.253630	
0.000000	0.578963	0.409557	
0.000000	0.000000	0.552749	
0.442535	0.000000	0.206477	
0.304756	0.000000	0.288644	
0.352812	0.002056	0.229923	
0.251472	0.038905	0.287857	
0.261118	0.003341	0.290255	
0.275307	0.025648	0.271213	
0.238003	0.090258	0.264005	
0.251700	0.114100	0.211853	
0.099043	0.132318	0.318315	
0.178085	0.133463	0.250924	
0.177839	0.131483	0.242384	
0.161341	0.126010	0.240017	
0.161341	0.126010	0.240017	
0.141434	0.184315	0.230176	
0.104764	0.174325	0.259839	
0.118026	0.198482	0.256965	
0.115263	0.200451	0.247879	
0.093165	0.215396	0.249501	
0.051934	0.250591	0.240778	
0.061373	0.250656	0.237340	
0.047029	0.257998	0.255743	
0.035437	0.281454	0.270535	
0.025684	0.326871	0.206355	
0.000000	0.322778	0.253630	
0.000000	0.000000	0.649281	
0.442535	0.000000	0.206477	
0.358067	0.000000	0.270901	
0.226487	0.011046	0.371774	
0.245655	0.024286	0.320085	
0.233105	0.017313	0.297187	
0.245655	0.024286	0.320085	
0.311237	0.095725	0.156923	
0.134986	0.124599	0.382140	
0.249921	0.146394	0.122196	
0.174581	0.142135	0.248718	
0.177839	0.131483	0.242384	
0.165062	0.137950	0.235219	
0.148369	0.161523	0.297832	
0.148369	0.161523	0.297832	
0.120505	0.169391	0.270148	
0.080367	0.205192	0.263158	
0.083055	0.210187	0.257834	
0.067689	0.222587	0.279089	
0.048400	0.239070	0.274653	
0.048518	0.234893	0.268691	
0.037870	0.274089	0.252311	
0.026560	0.279956	0.295962	
0.018050	0.349511	0.391068	
0.000000	0.513159	0.517628	
0.518787	0.000000	0.487640	
0.015683	0.014868	0.488449	
0.311958	0.003757	0.411127	
0.311958	0.003757	0.411127	
0.336721	0.069060	0.295137	
0.062993	0.075146	0.390959	
0.062993	0.075146	0.390959	
0.054298	0.097924	0.399409	
0.187359	0.118241	0.428387	
0.200754	0.113258	0.213092	
0.175218	0.154577	0.223640	
0.175218	0.154577	0.223640	
0.154991	0.181017	0.260180	
0.120505	0.169391	0.270148	
0.081763	0.181590	0.285084	
0.086853	0.203765	0.273038	
0.083055	0.210187	0.257834	
0.060007	0.237278	0.287564	
0.048400	0.239070	0.274653	
0.036879	0.250429	0.277743	
0.010511	0.253143	0.314080	
0.000000	0.216416	0.342984	
0.000000	0.390196	0.530774	
0.148817	0.000000	0.518715	
0.015683	0.014868	0.488449	
0.340833	0.020988	0.290771	
0.423857	0.059559	0.143990	
0.281984	0.043082	0.398735	
0.281984	0.043082	0.398735	
0.311237	0.095725	0.156923	
0.053867	0.082262	0.450918	
0.053867	0.082262	0.450918	
0.086675	0.178523	0.435032	
0.104025	0.162746	0.397350	
0.105643	0.144947	0.353449	
0.089042	0.159321	0.294441	
0.089042	0.159321	0.294441	
0.081422	0.160376	0.297730	
0.073163	0.170250	0.293402	
0.056823	0.192135	0.287606	
0.030735	0.216984	0.252281	
0.020739	0.235884	0.306098	
0.000000	0.261121	0.281381	
0.000000	0.269759	0.265985	
0.000000	0.295108	0.415959	
0.473939	0.000000	0.554301	
0.259070	0.000000	0.434962	
0.340833	0.020988	0.290771	
0.176280	0.002904	0.518503	
0.343584	0.023919	0.371821	
0.128364	0.096367	0.452092	
0.176280	0.002904	0.518503	
0.056714	0.086848	0.540096	
0.093928	0.122935	0.544238	
0.086675	0.178523	0.435032	
0.072728	0.152085	0.367338	
0.074208	0.147659	0.301194	
0.089838	0.151079	0.303047	
0.089042	0.159321	0.294441	
0.073163	0.170250	0.293402	
0.056823	0.192135	0.287606	
0.054557	0.188319	0.319613	
0.036682	0.241691	0.279217	
0.000000	0.261121	0.281381	
0.000000	0.269759	0.265985	
0.000000	0.295108	0.415959	
0.259070	0.000000	0.434962	
0.338663	0.017332	0.436198	
0.338663	0.017332	0.436198	
0.309480	0.000801	0.382314	
0.309480	0.000801	0.382314	
0.128364	0.096367	0.452092	
0.134535	0.105636	0.412689	
0.092575	0.152109	0.398620	
0.093928	0.122935	0.544238	
0.138989	0.189801	0.366550	
0.072728	0.152085	0.367338	
0.074208	0.147659	0.301194	
0.060037	0.172979	0.326916	
0.081422	0.160376	0.297730	
0.054557	0.188319	0.319613	
0.041679	0.197371	0.276574	
0.042320	0.224154	0.265520	
0.014636	0.348486	0.316441	
0.000000	0.272533	0.329439	
0.000000	0.374329	0.361965	
0.365932	0.000000	0.542332	
0.274312	0.015832	0.511033	
0.280388	0.026318	0.510031	
0.280388	0.026318	0.510031	
0.190979	0.066411	0.466846	
0.190979	0.066411	0.466846	
0.203473	0.051984	0.317594	
0.178406	0.072131	0.403080	
0.182560	0.003957	0.346283	
0.096774	0.057501	0.410209	
0.096774	0.057501	0.410209	
0.072498	0.107974	0.434841	
0.123230	0.124473	0.357906	
0.097914	0.226060	0.329499	
0.041679	0.197371	0.276574	
0.046882	0.292702	0.213287	
0.038217	0.046551	0.551573	
0.004189	0.329041	0.207007	
0.000000	0.390706	0.423209	
0.348080	0.000000	0.518981	
0.274312	0.015832	0.511033	
0.274312	0.015832	0.511033	
0.269743	0.004887	0.411039	
0.190979	0.066411	0.466846	
0.178406	0.072131	0.403080	
0.177521	0.044018	0.360304	
0.141224	0.108146	0.340845	
0.163364	0.075810	0.327549	
0.072498	0.107974	0.434841	
0.076365	0.085101	0.436282	
0.112090	0.132423	0.481293	
0.038217	0.046551	0.551573	
0.097914	0.226060	0.329499	
0.041456	0.344648	0.631464	
0.008114	0.372543	0.492493	
0.008114	0.372543	0.492493	
0.000000	0.434696	0.560139	
0.330478	0.000000	0.562463	
0.269743	0.004887	0.411039	
0.224686	0.015961	0.496350	
0.144731	0.033814	0.375718	
0.143146	0.055429	0.486221	
0.177521	0.044018	0.360304	
0.160619	0.064652	0.335771	
0.141224	0.108146	0.340845	
0.057646	0.106808	0.369093	
0.094210	0.103322	0.325293	
0.048517	0.120369	0.396437	
0.057916	0.060479	0.434805	
0.019662	0.294971	0.322772	
0.038356	0.318879	0.662639	
0.038356	0.318879	0.662639	
0.003974	0.290283	0.638803	
0.000000	0.000000	0.737447	
0.181274	0.000000	0.591939	
0.224686	0.015961	0.496350	
0.145577	0.021036	0.402225	
0.144731	0.033814	0.375718	
0.124242	0.012682	0.443196	
0.070150	0.069384	0.470694	
0.149321	0.085560	0.307681	
0.096686	0.069477	0.380905	
0.094210	0.103322	0.325293	
0.067062	0.099852	0.381683	
0.048517	0.120369	0.396437	
0.040505	0.053428	0.486922	
0.027400	0.087808	0.495288	
0.027400	0.087808	0.495288	
0.004233	0.309169	0.537901	
0.000000	0.000000	0.737447	
0.266319	0.000000	0.589625	
0.157478	0.011544	0.521673	
0.124242	0.012682	0.443196	
0.151739	0.036575	0.473102	
0.103302	0.018863	0.474929	
0.110639	0.022581	0.460396	
0.066417	0.064694	0.416922	
0.064913	0.080936	0.382312	
0.057646	0.106808	0.369093	
0.067062	0.099852	0.381683	
0.057916	0.060479	0.434805	
0.040505	0.053428	0.486922	
0.000000	0.229434	0.633831	
0.000000	0.229434	0.633831	
0.000000	0.373733	0.685260	
0.217937	0.000000	0.680751	
0.097901	0.015990	0.480637	
0.120898	0.018288	0.475566	
0.151739	0.036575	0.473102	
0.126959	0.066388	0.508372	
0.110639	0.022581	0.460396	
0.086580	0.051436	0.377230	
0.074542	0.058410	0.402081	
0.062264	0.114182	0.426363	
0.055711	0.117150	0.477068	
0.024869	0.149583	0.430777	
0.046955	0.024424	0.710738	
0.004152	0.303250	0.554668	
0.000000	0.311822	0.782642	
0.217937	0.000000	0.680751	
0.097901	0.015990	0.480637	
0.098779	0.029093	0.542632	
0.110346	0.050315	0.520420	
0.077539	0.051174	0.431721	
0.086580	0.051436	0.377230	
0.073885	0.081769	0.367430	
0.073885	0.081769	0.367430	
0.037620	0.114303	0.436072	
0.037620	0.114303	0.436072	
0.025432	0.151134	0.514897	
0.019619	0.000000	0.824034	
0.000000	0.261943	0.833639	
0.184921	0.000000	0.755624	
0.102041	0.006724	0.543041	
0.078899	0.021955	0.533745	
0.097268	0.016146	0.508915	
0.075428	0.043707	0.489718	
0.077539	0.051174	0.431721	
0.065321	0.078404	0.448720	
0.055351	0.112454	0.583985	
0.024869	0.149583	0.430777	
0.025432	0.151134	0.514897	
0.007752	0.157416	0.890697	
0.000000	0.000000	0.971942	
0.184921	0.000000	0.755624	
0.067705	0.004858	0.546965	
0.123819	0.022244	0.504180	
0.097268	0.016146	0.508915	
0.097089	0.065051	0.448173	
0.014522	0.043286	0.509072	
0.014522	0.043286	0.509072	
0.051268	0.037509	0.618084	
0.051268	0.037509	0.618084	
0.024071	0.024245	0.920200	
0.000000	0.000000	0.971942	
0.151629	0.000000	0.532034	
0.102041	0.006724	0.543041	
0.087356	0.022456	0.483023	
0.087356	0.022456	0.483023	
0.036084	0.060903	0.494023	
0.036084	0.060903	0.494023	
0.015607	0.062417	0.616671	
0.020457	0.161322	0.639429	
0.008035	0.076284	0.977323	
0.000000	0.000483	0.979175	
0.151629	0.000000	0.532034	
0.004302	0.020109	0.530244	
0.004302	0.020109	0.530244	
0.024315	0.045349	0.490977	
0.000000	0.000000	0.580226	
0.015607	0.062417	0.616671	
0.026701	0.091290	0.927657	
0.018845	0.178911	0.966977	
0.000000	0.000483	0.979175	
0.132183	0.000000	0.891891	
0.000000	0.000000	0.601058	
0.024288	0.022268	0.519690	
0.024288	0.022268	0.519690	
0.016180	0.043063	0.509795	
0.011419	0.034003	0.518830	
0.000000	0.022573	0.583677	
0.000000	0.000000	1.118909	
0.132183	0.000000	0.891891	
0.000000	0.000000	0.601058	
0.011945	0.012081	0.564066	
0.016180	0.043063	0.509795	
0.003244	0.034487	0.522159	
0.011419	0.034003	0.518830	
0.000000	0.000000	1.118909	
0.110571	0.000000	0.959249	
0.019060	0.001174	0.735559	
0.006204	0.026300	0.547890	
0.012698	0.034836	0.543848	
0.000000	0.022573	0.583677	
0.000000	0.000000	1.122944	
0.099512	0.000000	0.972366	
0.069969	0.016218	0.925214	
0.003500	0.030104	0.629287	
0.012698	0.034836	0.543848	
0.000000	0.000000	1.086966	
0.074758	0.000000	1.006728	
0.042829	0.019157	0.944102	
0.023427	0.027415	0.992130	
0.000000	0.000000	1.086966	
0.000000	0.000000	1.188831	
0.016451	0.017484	1.007482	
0.000000	0.000000	1.122944	
0.000000	0.000000	1.173948	
0.000000	0.000000	1.173948	
0.000000	0.000000	1.195459	
0.000000	0.000000	0.000000	
0.000000	0.000000	0.000000	
0.000000	0.000000	0.000000	
0.000000	0.000000	0.000000	
0.000000	0.000000	0.000000	
0.000000	0.000000	0.000000	
0.000000	0.000000	0.000000	
0.000000	0.000000	0.000000	
0.000000	0.000000	0.000000	
0.000000	0.000000	0.000000	
