1.711970	0.000000	0.000000	
1.628187	0.036371	0.000000	
1.011934	0.048276	0.000000	
1.011934	0.048276	0.000000	
1.091636	0.089592	0.000000	
1.012047	0.125564	0.000000	
0.943258	0.147101	0.000000	
0.943258	0.147101	0.000000	
0.842607	0.196130	0.000000	
0.871908	0.194832	0.000000	
0.871908	0.194832	0.000000	
0.790264	0.309051	0.000000	
0.790264	0.309051	0.000000	
0.803871	0.270593	0.000000	
0.738956	0.343761	0.000000	
0.702728	0.382872	0.000000	
0.662494	0.385112	0.000000	
0.656866	0.422627	0.000000	
0.657844	0.474922	0.000000	
0.608597	0.518324	0.000000	
0.640661	0.527430	0.000000	
0.600825	0.552404	0.000000	
0.539149	0.573348	0.000000	
0.603745	0.463637	0.000000	
0.668709	0.508227	0.000000	
0.739980	0.680442	0.000000	
0.618932	0.999824	0.000000	
0.213776	1.296177	0.000000	
0.213776	1.296177	0.000000	
0.776275	0.410945	0.000000	
0.776275	0.410945	0.000000	
0.024581	5.035359	0.000000	
0.601538	8.931389	0.000000	
0.133596	9.401307	0.000000	
0.601538	8.931389	0.000000	
0.839884	0.411606	0.000000	
1.201187	11.157546	0.000000	
0.000000	5.378559	0.000000	
2.396888	34.437218	0.000000	
0.000000	37.298927	0.000000	
0.894450	37.117087	0.000000	
0.826693	34.305369	0.000000	
0.415673	22.748860	0.000000	
0.000000	39.361196	0.000000	
1.318570	0.000000	0.014367	
1.232902	0.000017	0.000000	
1.046126	0.011289	0.024122	
0.975067	0.044085	0.019387	
1.025470	0.070873	0.007867	
0.955140	0.128855	0.002969	
0.904260	0.132138	0.023242	
0.897823	0.134857	0.000000	
0.832170	0.187622	0.013450	
0.808900	0.207530	0.015802	
0.766738	0.235890	0.015546	
0.782336	0.215358	0.017798	
0.766738	0.235890	0.015546	
0.738956	0.343761	0.000000	
0.688179	0.345968	0.000115	
0.688179	0.345968	0.000115	
0.636541	0.399271	0.018977	
0.624145	0.405321	0.007308	
0.562815	0.467248	0.014881	
0.568730	0.490525	0.002257	
0.600825	0.552404	0.000000	
0.469602	0.577313	0.000000	
0.539149	0.573348	0.000000	
0.644259	0.738597	0.000000	
0.339592	0.829209	0.005112	
0.339592	0.829209	0.005112	
0.583201	0.890725	0.000000	
0.618932	0.999824	0.000000	
0.916532	0.944076	0.007564	
1.114375	0.654322	0.049789	
0.987403	0.000000	0.101036	
0.925047	3.056582	0.037114	
0.925047	3.056582	0.037114	
0.465034	0.000000	0.112982	
0.572934	0.330000	0.183616	
0.572934	0.330000	0.183616	
0.000000	3.399605	0.000000	
0.000000	5.378559	0.000000	
0.469965	0.475731	0.203188	
0.412879	0.354166	0.249474	
0.412879	0.354166	0.249474	
0.451931	0.242664	0.464024	
0.000000	1.888245	0.621019	
1.227461	0.000000	0.040091	
1.046126	0.011289	0.024122	
0.975067	0.044085	0.019387	
0.952611	0.033760	0.043431	
0.867969	0.096136	0.043347	
0.852019	0.113742	0.044515	
0.842579	0.134345	0.038129	
0.842579	0.134345	0.038129	
0.820278	0.198333	0.025232	
0.771854	0.202639	0.034088	
0.745375	0.222101	0.048287	
0.745375	0.222101	0.048287	
0.697944	0.280939	0.031681	
0.681668	0.329289	0.024187	
0.674533	0.343024	0.027080	
0.667289	0.342636	0.037632	
0.636541	0.399271	0.018977	
0.640883	0.405249	0.005755	
0.583291	0.482087	0.011541	
0.568730	0.490525	0.002257	
0.499846	0.570235	0.000000	
0.499846	0.570235	0.000000	
0.522583	0.699983	0.062501	
0.548719	0.700123	0.000000	
0.579106	0.758832	0.052542	
0.460857	0.925697	0.040930	
0.524347	0.835809	0.040040	
0.607775	1.160419	0.089561	
0.352764	2.044645	0.097979	
0.352764	2.044645	0.097979	
1.359772	0.037479	0.284128	
1.359772	0.037479	0.284128	
0.000000	4.802486	0.291534	
0.000000	4.802486	0.291534	
0.539037	0.134719	0.393915	
0.839884	0.411606	0.000000	
0.000000	3.399605	0.000000	
0.137479	1.745793	0.000000	
0.000000	1.865534	0.035563	
0.000000	1.692536	0.032265	
0.168643	2.968461	0.000000	
0.000000	0.000000	1.889724	
1.227461	0.000000	0.040091	
1.137359	0.012274	0.055216	
1.035159	0.022120	0.009717	
0.976609	0.068882	0.079207	
0.867969	0.096136	0.043347	
0.843913	0.105940	0.058439	
0.849871	0.141108	0.030554	
0.819776	0.176034	0.055493	
0.795539	0.182411	0.038080	
0.766378	0.221707	0.072559	
0.752823	0.225127	0.038080	
0.685664	0.255114	0.064212	
0.730270	0.317125	0.007727	
0.681668	0.329289	0.024187	
0.668274	0.339894	0.063673	
0.654956	0.371393	0.054628	
0.640883	0.405249	0.005755	
0.649615	0.446935	0.063893	
0.583291	0.482087	0.011541	
0.601942	0.536966	0.036611	
0.601942	0.536966	0.036611	
0.485343	0.567922	0.073431	
0.522583	0.699983	0.062501	
0.456823	0.694427	0.004857	
0.477588	0.735579	0.000000	
0.524347	0.835809	0.040040	
0.529289	0.967800	0.118731	
0.743144	1.225682	0.126120	
0.814292	1.625680	0.214703	
1.515379	0.157046	0.014323	
0.654549	0.000000	0.511928	
0.654549	0.000000	0.511928	
0.244169	0.278402	0.560317	
0.244169	0.278402	0.560317	
0.325921	0.328974	0.573303	
0.325921	0.328974	0.573303	
0.528303	0.616704	0.472705	
0.137479	1.745793	0.000000	
0.000000	1.802758	0.000000	
0.000000	1.692536	0.032265	
0.000000	0.000000	1.889724	
1.324059	0.000000	0.081267	
0.953507	0.018245	0.106251	
0.951201	0.032410	0.104156	
0.896449	0.059540	0.075254	
0.837295	0.098927	0.084090	
0.822574	0.104817	0.076230	
0.790080	0.134065	0.097571	
0.789174	0.132734	0.095227	
0.752178	0.190517	0.091730	
0.744783	0.187672	0.099634	
0.685664	0.255114	0.064212	
0.646990	0.278759	0.106241	
0.653461	0.288224	0.085668	
0.639457	0.304309	0.096011	
0.639457	0.304309	0.096011	
0.658921	0.355353	0.101839	
0.655733	0.421863	0.015409	
0.649615	0.446935	0.063893	
0.480855	0.500334	0.096239	
0.452505	0.465714	0.107028	
0.480855	0.500334	0.096239	
0.446355	0.534611	0.083571	
0.477326	0.640143	0.011576	
0.456823	0.694427	0.004857	
0.477588	0.735579	0.000000	
0.529289	0.967800	0.118731	
0.279287	1.000796	0.165108	
0.743144	1.225682	0.126120	
0.024581	5.035359	0.000000	
0.356491	0.000000	0.839343	
0.356491	0.000000	0.839343	
0.345535	0.000000	0.895040	
0.101731	0.000304	0.933763	
0.101731	0.000304	0.933763	
1.045316	1.149497	0.000000	
0.690655	0.306603	0.723558	
0.549493	0.239874	0.845303	
0.401842	0.153958	0.626672	
0.000000	1.802758	0.000000	
0.000000	0.000000	2.316385	
1.183465	0.000000	0.104456	
0.953012	0.022935	0.085023	
0.951201	0.032410	0.104156	
0.881278	0.052793	0.102078	
0.801757	0.096601	0.112139	
0.780514	0.116401	0.119197	
0.776197	0.133840	0.114297	
0.752920	0.166479	0.115843	
0.742893	0.193987	0.108619	
0.730336	0.206075	0.118161	
0.714480	0.238917	0.105402	
0.646990	0.278759	0.106241	
0.624514	0.280856	0.119293	
0.624514	0.280856	0.119293	
0.592055	0.356568	0.106973	
0.592055	0.356568	0.106973	
0.589049	0.435663	0.042298	
0.509795	0.422798	0.123395	
0.509795	0.422798	0.123395	
0.452505	0.465714	0.107028	
0.483262	0.507605	0.076192	
0.446355	0.534611	0.083571	
0.412402	0.590969	0.140150	
0.368024	0.621685	0.107861	
0.266025	0.654830	0.130112	
0.484471	1.131013	0.216916	
0.304055	1.331367	0.304656	
0.281157	0.178239	1.002025	
0.281157	0.178239	1.002025	
2.052263	6.382717	1.008134	
1.715123	6.704766	1.139909	
0.433299	0.101515	1.222251	
0.343168	0.053665	0.940270	
0.314616	0.032940	0.889792	
0.451808	0.095506	1.113372	
0.549493	0.239874	0.845303	
0.320930	0.148263	1.308708	
0.196077	0.000000	0.951760	
0.000000	0.000000	2.135016	
0.962147	0.000000	0.146631	
0.890734	0.014246	0.139535	
0.870750	0.030382	0.148434	
0.831817	0.070804	0.128942	
0.801757	0.096601	0.112139	
0.780204	0.101477	0.143922	
0.773655	0.111555	0.141558	
0.752920	0.166479	0.115843	
0.701062	0.195902	0.131386	
0.701062	0.195902	0.131386	
0.689606	0.225948	0.152241	
0.634782	0.266230	0.146846	
0.573370	0.291826	0.146908	
0.573370	0.291826	0.146908	
0.573058	0.322504	0.149255	
0.554211	0.359761	0.127793	
0.501245	0.386449	0.151597	
0.477256	0.471241	0.149497	
0.429257	0.475274	0.142819	
0.483262	0.507605	0.076192	
0.470742	0.545706	0.060448	
0.412402	0.590969	0.140150	
0.383752	0.636697	0.029118	
0.368024	0.621685	0.107861	
0.644139	0.754010	0.188948	
0.304055	1.331367	0.304656	
2.295142	5.023435	1.021647	
1.836845	6.125607	1.363454	
1.795968	6.305220	1.288377	
1.795968	6.305220	1.288377	
1.681736	6.855949	1.318458	
0.433299	0.101515	1.222251	
0.304866	0.066915	0.965322	
0.000000	0.000000	1.144201	
0.260132	0.062772	1.654505	
0.320930	0.148263	1.308708	
0.000000	0.000000	1.634502	
0.000000	0.000000	1.634502	
0.907328	0.000000	0.162298	
0.866199	0.013107	0.165267	
0.844188	0.026724	0.160479	
0.799770	0.055349	0.167852	
0.771264	0.097617	0.162847	
0.747623	0.114788	0.160179	
0.749007	0.138155	0.162738	
0.731332	0.163126	0.169833	
0.710332	0.196299	0.172819	
0.689606	0.225948	0.152241	
0.607963	0.246912	0.162424	
0.624552	0.270890	0.151358	
0.579886	0.303385	0.136723	
0.558253	0.313254	0.165102	
0.553606	0.316568	0.155412	
0.532250	0.315465	0.177624	
0.501245	0.386449	0.151597	
0.450096	0.444746	0.183762	
0.429257	0.475274	0.142819	
0.413905	0.512564	0.168695	
0.450879	0.578200	0.163597	
0.413905	0.512564	0.168695	
0.383752	0.636697	0.029118	
0.266025	0.654830	0.130112	
0.639993	2.118187	0.539822	
1.463377	1.536516	0.225145	
1.961761	2.642440	0.724516	
1.761865	5.940174	1.576110	
1.761865	5.940174	1.576110	
0.260132	0.062772	1.654505	
1.605476	8.787918	1.855033	
0.177381	0.061690	1.871676	
0.177381	0.061690	1.871676	
0.072457	0.031826	2.724642	
0.072457	0.031826	2.724642	
0.135373	0.066108	2.499681	
0.000000	0.000000	2.135016	
0.911201	0.000000	0.214626	
0.858544	0.000000	0.195718	
0.803979	0.045174	0.173517	
0.799770	0.055349	0.167852	
0.766603	0.079045	0.206184	
0.747623	0.114788	0.160179	
0.712573	0.137383	0.191323	
0.712573	0.137383	0.191323	
0.452937	0.065508	0.134252	
0.644500	0.194212	0.198883	
0.607963	0.246912	0.162424	
0.588055	0.268159	0.179749	
0.548100	0.269821	0.191252	
0.529367	0.315635	0.178020	
0.529367	0.315635	0.178020	
0.500466	0.358516	0.204722	
0.313061	0.280691	0.197704	
0.477635	0.349362	0.210506	
0.452683	0.419873	0.150267	
0.452683	0.419873	0.150267	
0.476190	0.625032	0.118363	
0.315886	0.755696	0.106442	
0.644139	0.754010	0.188948	
0.938658	1.210398	0.954101	
1.463377	1.536516	0.225145	
1.961761	2.642440	0.724516	
2.030256	5.221753	1.538626	
1.836845	6.125607	1.363454	
1.480739	6.665016	1.863025	
1.248666	6.284697	1.784137	
1.799591	8.527745	2.416959	
0.000000	5.738954	4.062208	
0.360760	0.224843	3.510859	
0.101996	0.019207	2.222160	
0.360760	0.224843	3.510859	
0.000000	5.738954	4.062208	
0.858544	0.000000	0.195718	
0.848563	0.007420	0.216926	
0.769126	0.048510	0.202410	
0.769126	0.048510	0.202410	
0.723988	0.082085	0.221769	
0.723988	0.082085	0.221769	
0.474919	0.027819	0.165993	
0.388316	0.064889	0.126148	
0.646074	0.195777	0.228005	
0.595164	0.216942	0.220885	
0.595164	0.216942	0.220885	
0.520865	0.271614	0.225366	
0.511020	0.291212	0.211909	
0.511020	0.291212	0.211909	
0.313061	0.280691	0.197704	
0.290389	0.245420	0.188132	
0.324899	0.220993	0.195617	
0.452103	0.444593	0.211446	
0.291750	0.169914	0.239549	
0.291750	0.169914	0.239549	
0.469897	0.316276	0.231662	
0.525687	0.427893	0.430580	
0.938658	1.210398	0.954101	
1.895187	2.407303	1.180215	
1.726551	1.387441	0.587825	
1.696711	4.729576	2.079579	
2.030256	5.221753	1.538626	
1.929949	6.604416	1.746906	
1.248666	6.284697	1.784137	
1.860167	8.359706	2.539543	
1.197549	0.864696	4.408941	
0.000000	0.000000	5.720257	
0.000000	0.000000	5.720257	
0.101996	0.019207	2.222160	
0.000000	0.000000	7.554255	
0.827444	0.000000	0.240084	
0.802710	0.024994	0.253262	
0.766953	0.036666	0.231240	
0.731092	0.053530	0.237631	
0.723100	0.096745	0.216037	
0.474919	0.027819	0.165993	
0.421347	0.052915	0.137679	
0.421347	0.052915	0.137679	
0.597502	0.187650	0.248702	
0.578189	0.221296	0.232783	
0.578189	0.221296	0.232783	
0.525442	0.264910	0.234031	
0.499130	0.296589	0.233012	
0.490182	0.311831	0.244018	
0.324899	0.220993	0.195617	
0.290389	0.245420	0.188132	
0.316994	0.214818	0.218622	
0.427204	0.258010	0.257358	
0.420125	0.493672	0.231364	
0.469897	0.316276	0.231662	
0.495088	0.415278	0.264753	
0.495088	0.415278	0.264753	
1.568509	1.384871	0.706492	
1.568509	1.384871	0.706492	
1.396504	4.785334	2.266054	
1.929949	6.604416	1.746906	
1.833797	3.576477	2.214506	
2.814438	2.235403	4.807730	
2.848537	9.973448	2.497020	
3.422539	0.491156	0.736487	
0.000000	21.041640	3.110101	
1.443996	26.520875	3.803811	
0.717327	21.231062	8.164007	
0.000000	0.445033	9.085260	
0.792861	0.000000	0.276768	
0.782874	0.000000	0.278235	
0.746606	0.028353	0.270096	
0.707423	0.046524	0.265345	
0.668805	0.091268	0.266475	
0.388316	0.064889	0.126148	
0.631980	0.145258	0.277428	
0.615278	0.125439	0.278169	
0.577601	0.187947	0.271799	
0.558676	0.221669	0.261362	
0.528590	0.232307	0.262392	
0.499765	0.257292	0.266736	
0.384280	0.213872	0.229465	
0.474308	0.281393	0.262925	
0.316994	0.214818	0.218622	
0.422208	0.357894	0.255259	
0.427204	0.258010	0.257358	
0.380915	0.458968	0.276987	
0.420125	0.493672	0.231364	
0.504874	0.480222	0.194928	
0.551662	0.387714	0.503129	
1.351475	1.201961	0.611035	
1.686216	3.313685	1.732165	
1.560109	3.317655	1.278545	
1.810308	6.941770	3.405522	
2.552539	9.262094	3.431532	
1.833797	3.576477	2.214506	
3.422539	0.491156	0.736487	
0.000000	22.677542	9.110453	
0.000000	22.677542	9.110453	
0.000000	21.041640	3.110101	
0.000000	0.000000	9.562153	
0.000000	30.928023	4.687532	
0.777434	0.000000	0.303173	
0.764378	0.015794	0.250364	
0.707423	0.046524	0.265345	
0.677136	0.059733	0.293829	
0.668805	0.091268	0.266475	
0.620455	0.113700	0.280022	
0.615278	0.125439	0.278169	
0.602594	0.145383	0.278329	
0.553836	0.187822	0.286161	
0.529596	0.190779	0.287659	
0.498229	0.243699	0.275308	
0.384280	0.213872	0.229465	
0.434428	0.274991	0.286078	
0.434428	0.274991	0.286078	
0.423616	0.342422	0.277333	
0.407306	0.247005	0.233879	
0.335483	0.214445	0.303011	
0.380915	0.458968	0.276987	
0.487951	0.344418	0.363281	
0.445988	0.331613	0.341903	
0.551662	0.387714	0.503129	
1.321601	1.571098	1.560269	
1.560109	3.317655	1.278545	
1.560109	3.317655	1.278545	
2.006583	8.036632	3.537897	
1.699419	12.944520	4.808367	
1.712211	19.394070	7.316969	
1.941407	0.000000	9.156993	
1.941407	0.000000	9.156993	
0.000000	22.106039	7.498448	
0.000000	27.259803	5.194255	
0.000000	27.259803	5.194255	
0.765753	0.000000	0.313715	
0.712256	0.000000	0.315562	
0.691951	0.043350	0.303927	
0.677136	0.059733	0.293829	
0.626903	0.094918	0.307618	
0.620455	0.113700	0.280022	
0.578286	0.138485	0.305595	
0.544472	0.150894	0.328501	
0.529596	0.190779	0.287659	
0.503469	0.212711	0.296679	
0.471561	0.229343	0.312967	
0.455754	0.263833	0.313638	
0.434610	0.247778	0.320101	
0.384323	0.253216	0.325984	
0.335483	0.214445	0.303011	
0.355867	0.371009	0.326667	
0.355400	0.393438	0.313213	
0.339682	0.346112	0.340842	
0.445988	0.331613	0.341903	
0.462484	0.627159	0.455415	
0.057032	0.560459	0.771569	
1.321601	1.571098	1.560269	
1.368210	8.022822	1.629991	
0.698504	7.876403	4.418731	
4.094092	0.130296	0.376025	
3.865174	16.110611	7.199438	
1.486258	13.774614	10.903595	
0.849843	23.287760	11.071726	
0.000000	22.106039	7.498448	
0.000000	20.079106	9.196017	
0.000000	30.928023	4.687532	
0.712256	0.000000	0.315562	
0.677133	0.011948	0.342245	
0.675543	0.039264	0.342587	
0.622231	0.061037	0.343792	
0.622231	0.061037	0.343792	
0.545001	0.116913	0.351631	
0.562845	0.143836	0.323716	
0.532360	0.157754	0.334031	
0.505221	0.181800	0.333924	
0.472604	0.214789	0.322524	
0.439641	0.238791	0.329371	
0.431040	0.257904	0.336886	
0.417975	0.258785	0.338049	
0.391608	0.314784	0.335174	
0.370124	0.330223	0.342099	
0.339682	0.346112	0.340842	
0.297478	0.393895	0.357832	
0.314021	0.375191	0.351752	
0.210701	0.522670	0.385529	
0.020925	0.638422	0.562185	
0.057032	0.560459	0.771569	
0.780181	3.562497	1.980238	
0.629603	4.857738	2.608040	
0.197419	0.859280	0.403467	
0.262744	6.928047	4.400684	
1.386268	8.623223	6.662153	
0.840165	9.793182	7.330744	
0.849843	23.287760	11.071726	
0.340858	5.479531	7.451096	
0.000000	0.000000	13.571858	
0.661044	0.000000	0.354831	
0.661044	0.000000	0.354831	
0.624190	0.032142	0.364720	
0.592579	0.057959	0.367283	
0.577373	0.083299	0.362893	
0.545001	0.116913	0.351631	
0.516651	0.143201	0.358928	
0.478471	0.169915	0.363421	
0.484266	0.191746	0.339497	
0.459815	0.200613	0.351784	
0.408629	0.244579	0.366774	
0.410964	0.252948	0.355578	
0.383101	0.275359	0.358446	
0.347502	0.304818	0.359199	
0.332464	0.331005	0.356389	
0.324643	0.373980	0.377248	
0.297478	0.393895	0.357832	
0.229286	0.424159	0.359619	
0.172281	0.415228	0.470134	
0.104612	0.476855	0.519429	
0.020925	0.638422	0.562185	
0.780181	3.562497	1.980238	
0.665304	6.648947	3.754736	
0.197419	0.859280	0.403467	
0.439407	9.570084	6.662153	
1.386268	8.623223	6.662153	
0.840165	9.793182	7.330744	
0.340858	5.479531	7.451096	
0.000000	0.000000	13.571858	
0.657531	0.000000	0.379689	
0.634054	0.003675	0.383418	
0.576614	0.047568	0.395503	
0.580626	0.056119	0.369962	
0.559013	0.094988	0.377700	
0.509874	0.110763	0.384811	
0.509874	0.110763	0.384811	
0.489435	0.152955	0.374317	
0.451134	0.189406	0.370965	
0.435960	0.214277	0.377087	
0.406967	0.220249	0.383343	
0.383548	0.269435	0.362924	
0.360564	0.276501	0.384407	
0.337281	0.308313	0.388637	
0.323578	0.283520	0.398534	
0.303844	0.369873	0.381082	
0.272925	0.332941	0.403371	
0.229286	0.424159	0.359619	
0.199438	0.436200	0.403200	
0.104612	0.476855	0.519429	
0.359873	0.284337	0.586753	
0.251646	1.857030	0.884342	
0.570979	4.628779	2.220175	
0.262744	6.928047	4.400684	
0.313221	9.696271	6.662153	
0.012497	5.258946	2.342520	
0.012497	5.258946	2.342520	
0.000000	0.000000	15.230139	
0.613709	0.000000	0.397452	
0.603744	0.004401	0.400273	
0.564015	0.040796	0.414436	
0.530488	0.071110	0.407637	
0.530488	0.071110	0.407637	
0.493100	0.104254	0.410686	
0.467494	0.141434	0.402151	
0.435762	0.161973	0.411520	
0.434592	0.184697	0.389032	
0.399359	0.211680	0.408148	
0.389540	0.227850	0.393106	
0.359692	0.261358	0.404540	
0.339023	0.273771	0.392472	
0.316649	0.277409	0.413997	
0.290805	0.343432	0.410482	
0.239306	0.376076	0.408147	
0.240886	0.377851	0.446709	
0.199438	0.436200	0.403200	
0.200963	0.493152	0.412905	
0.175396	0.552326	0.531736	
0.261453	1.847224	0.884342	
0.261453	1.847224	0.884342	
0.799848	7.295492	3.821707	
0.000000	8.568779	4.859429	
0.000000	12.086224	6.709342	
0.000000	4.965388	3.151106	
0.000000	9.442269	9.011310	
0.588369	0.000000	0.421197	
0.576086	0.020341	0.432668	
0.564015	0.040796	0.414436	
0.535504	0.073930	0.412300	
0.506767	0.089185	0.420280	
0.486336	0.104742	0.438452	
0.442233	0.136015	0.429812	
0.437087	0.155185	0.430013	
0.410261	0.181445	0.427428	
0.374150	0.219430	0.440097	
0.356086	0.232064	0.424141	
0.340499	0.236416	0.437298	
0.315511	0.278043	0.434749	
0.278796	0.309384	0.422201	
0.274392	0.321557	0.450395	
0.240266	0.356476	0.420417	
0.215110	0.394528	0.415934	
0.177609	0.428529	0.465267	
0.179211	0.469474	0.468234	
0.191343	0.503453	0.536558	
0.570979	4.628779	2.220175	
1.507551	9.516751	4.270539	
0.000000	8.568779	4.859429	
0.000000	8.568779	4.859429	
0.000000	14.033641	11.813493	
0.000000	4.965388	3.151106	
0.565709	0.000000	0.437825	
0.539296	0.018345	0.446132	
0.520080	0.047746	0.444320	
0.514664	0.073747	0.438484	
0.491686	0.076001	0.470808	
0.433103	0.117939	0.457705	
0.423227	0.142695	0.456107	
0.395685	0.163801	0.459981	
0.379431	0.185008	0.454331	
0.346015	0.207711	0.451464	
0.336312	0.235011	0.440337	
0.292953	0.256237	0.468395	
0.285453	0.271884	0.445824	
0.272524	0.290081	0.470261	
0.240266	0.356476	0.420417	
0.218591	0.391113	0.458045	
0.193312	0.422718	0.448867	
0.193312	0.422718	0.448867	
0.175396	0.552326	0.531736	
1.198865	7.568098	3.469697	
1.507551	9.516751	4.270539	
1.769799	11.172247	4.959591	
1.299153	16.313050	8.328458	
0.521109	8.556476	13.814275	
0.000000	0.000000	16.415743	
0.524785	0.000000	0.484340	
0.523453	0.017513	0.474781	
0.494597	0.046332	0.474017	
0.490374	0.065686	0.478731	
0.457894	0.079320	0.486615	
0.434086	0.117644	0.477446	
0.390695	0.142128	0.473290	
0.369116	0.170000	0.485973	
0.359220	0.174574	0.476148	
0.319617	0.219564	0.473436	
0.287275	0.245859	0.484232	
0.287275	0.245859	0.484232	
0.266272	0.270613	0.474060	
0.243463	0.323979	0.503509	
0.226655	0.319315	0.533564	
0.200102	0.371081	0.463467	
0.200102	0.371081	0.463467	
0.179211	0.469474	0.468234	
1.663486	10.501121	4.339525	
1.769799	11.172247	4.959591	
0.663244	5.113530	10.624347	
0.663244	5.113530	10.624347	
0.521109	8.556476	13.814275	
0.000000	0.000000	16.415743	
0.524534	0.000000	0.491861	
0.508085	0.016861	0.494661	
0.482262	0.045296	0.516569	
0.460906	0.044776	0.515489	
0.430183	0.097108	0.502932	
0.406863	0.037132	0.322080	
0.385229	0.137603	0.500354	
0.369116	0.170000	0.485973	
0.322660	0.187001	0.497319	
0.313189	0.207576	0.501682	
0.286643	0.230163	0.494914	
0.255976	0.259910	0.500787	
0.249114	0.268021	0.526223	
0.196822	0.330955	0.533269	
0.200740	0.333688	0.534185	
0.198079	0.333865	0.507997	
0.200963	0.493152	0.412905	
0.327583	0.926302	1.240095	
1.663486	10.501121	4.339525	
0.005882	13.022788	13.723936	
0.005984	13.249802	13.902735	
0.675246	14.933930	16.698617	
0.000000	0.000000	18.322325	
0.492912	0.000000	0.523411	
0.490477	0.000000	0.525966	
0.449665	0.029000	0.533472	
0.432638	0.057674	0.515877	
0.281984	0.043082	0.398735	
0.281984	0.043082	0.398735	
0.360817	0.115107	0.529516	
0.330694	0.175986	0.517572	
0.290731	0.192613	0.540722	
0.292292	0.206289	0.530716	
0.259403	0.216886	0.544474	
0.249114	0.268021	0.526223	
0.225162	0.288969	0.554116	
0.196822	0.330955	0.533269	
0.174276	0.348841	0.556538	
0.172296	0.447290	0.505159	
0.030735	0.216984	0.252281	
0.030735	0.216984	0.252281	
0.000000	10.365602	14.697925	
0.000000	12.362372	15.286788	
0.005984	13.249802	13.902735	
0.000000	0.000000	18.322325	
0.482046	0.000000	0.557776	
0.456161	0.016738	0.545594	
0.413246	0.044470	0.548455	
0.406863	0.037132	0.322080	
0.343584	0.023919	0.371821	
0.343584	0.023919	0.371821	
0.338108	0.127031	0.588791	
0.298170	0.169177	0.557201	
0.290731	0.192613	0.540722	
0.259403	0.216886	0.544474	
0.252076	0.211269	0.580775	
0.226937	0.277805	0.560003	
0.172550	0.300265	0.584049	
0.185962	0.292074	0.611940	
0.179801	0.404550	0.439776	
0.194595	0.348934	0.554299	
0.000000	10.365602	14.697925	
0.000000	12.046988	13.016539	
0.000000	12.362372	15.286788	
0.000000	0.000000	19.410925	
0.000000	0.000000	19.410925	
0.453891	0.000000	0.564589	
0.423336	0.014108	0.565301	
0.412708	0.040328	0.575479	
0.368138	0.073177	0.583655	
0.366124	0.084079	0.562122	
0.321049	0.104964	0.608407	
0.321866	0.137642	0.575853	
0.277664	0.146745	0.601030	
0.269549	0.176165	0.595757	
0.213209	0.223881	0.604658	
0.213209	0.223881	0.604658	
0.192280	0.268921	0.608769	
0.185962	0.292074	0.611940	
0.172327	0.371643	0.556474	
0.198079	0.333865	0.507997	
0.152032	0.911610	0.677928	
0.000000	11.991708	13.071819	
0.000000	11.991708	13.071819	
0.000000	12.300787	20.636915	
0.000000	0.000000	20.761100	
0.442266	0.000000	0.584909	
0.414719	0.003715	0.600420	
0.384123	0.033592	0.606915	
0.344954	0.074821	0.607807	
0.351699	0.049417	0.638482	
0.319964	0.120244	0.626631	
0.277664	0.146745	0.601030	
0.273862	0.152089	0.608971	
0.255751	0.201519	0.590447	
0.231294	0.239822	0.680433	
0.192280	0.268921	0.608769	
0.171446	0.306478	0.592318	
0.175467	0.344037	0.741274	
0.149977	0.403327	0.548629	
0.189189	0.759260	0.728036	
0.180389	0.464598	0.735447	
0.000000	13.782274	18.126086	
0.000000	14.852559	17.055800	
0.000000	0.000000	24.896591	
0.402337	0.000000	0.662230	
0.369501	0.002492	0.663157	
0.384123	0.033592	0.606915	
0.351699	0.049417	0.638482	
0.339919	0.087929	0.685176	
0.317597	0.132243	0.683326	
0.273476	0.158319	0.623491	
0.225458	0.177177	0.684883	
0.225458	0.177177	0.684883	
0.218821	0.144180	0.706024	
0.171446	0.306478	0.592318	
0.195789	0.331335	0.642687	
0.127659	0.390300	0.521525	
0.149977	0.403327	0.548629	
0.180389	0.464598	0.735447	
1.294839	10.586092	11.217062	
0.760744	2.729401	7.340621	
0.000000	13.782274	18.126086	
0.402337	0.000000	0.662230	
0.377377	0.000000	0.700890	
0.365916	0.048735	0.678618	
0.334428	0.065538	0.702500	
0.275363	0.099879	0.686420	
0.289859	0.058375	0.710366	
0.192229	0.140657	0.704342	
0.192229	0.140657	0.704342	
0.217102	0.212680	0.745980	
0.215057	0.277084	0.760606	
0.195789	0.331335	0.642687	
0.175467	0.344037	0.741274	
0.229637	0.362296	0.940409	
0.152032	0.911610	0.677928	
0.351033	0.407364	1.941517	
0.760744	2.729401	7.340621	
0.000000	14.600687	17.204586	
0.393019	0.000000	0.737544	
0.316113	0.007105	0.742377	
0.290974	0.050175	0.712506	
0.290974	0.050175	0.712506	
0.290974	0.050175	0.712506	
0.274098	0.087831	0.743741	
0.246184	0.047464	0.798785	
0.235887	0.170162	0.765692	
0.212371	0.199310	0.802288	
0.162633	0.177538	0.389922	
0.162633	0.177538	0.389922	
0.150060	0.485559	0.861721	
0.156748	0.121976	1.589550	
0.408319	0.895730	2.849870	
0.000000	4.521214	18.890655	
0.000000	14.821600	17.020248	
0.268426	0.000000	0.748271	
0.291485	0.022241	0.719157	
0.291485	0.022241	0.719157	
0.289374	0.070454	0.750108	
0.270517	0.004708	0.813827	
0.235870	0.070742	0.881651	
0.235870	0.070742	0.881651	
0.177482	0.090031	0.890629	
0.171526	0.226437	0.654284	
0.171526	0.226437	0.654284	
0.170161	0.112779	1.240342	
0.156748	0.121976	1.589550	
0.336370	0.793697	1.282234	
0.000000	8.840430	22.746867	
0.000000	0.000000	26.786151	
0.307411	0.000000	0.838263	
0.258690	0.014349	0.762072	
0.287621	0.001483	0.766215	
0.260770	0.004896	0.786553	
0.258778	0.006888	0.786553	
0.199949	0.045298	0.838478	
0.199949	0.045298	0.838478	
0.175218	0.029483	0.977393	
0.245551	0.005440	0.932964	
0.199445	0.394906	1.565693	
0.102947	0.053520	2.182956	
0.141581	0.101071	2.232912	
0.640464	2.297858	24.731645	
0.000000	11.756529	28.168322	
0.248001	0.000000	0.784749	
0.252814	0.004500	0.781210	
0.252814	0.004500	0.781210	
0.258778	0.006888	0.786553	
0.190974	0.000000	0.877467	
0.154197	0.018884	0.942902	
0.155783	0.004772	1.069004	
0.175218	0.029483	0.977393	
0.150060	0.485559	0.861721	
0.199445	0.394906	1.565693	
0.017242	0.848750	4.349422	
0.193527	1.030017	8.035461	
0.000000	0.000000	30.297272	
0.260172	0.000000	0.861584	
0.231451	0.001381	0.829381	
0.235217	0.000000	0.863872	
0.190974	0.000000	0.877467	
0.154197	0.018884	0.942902	
0.155783	0.004772	1.069004	
0.194730	0.076373	1.438223	
0.004700	0.073357	1.895592	
0.000000	0.316006	2.476206	
0.042297	0.263606	2.241158	
0.042297	0.263606	2.241158	
0.000000	5.247977	13.835701	
0.235217	0.000000	0.863872	
0.260172	0.000000	0.861584	
0.073469	0.000000	1.014152	
0.073469	0.000000	1.014152	
0.003034	0.043258	1.564569	
0.003034	0.043258	1.564569	
0.010998	0.135629	1.296830	
0.016885	0.220045	1.088874	
0.016885	0.220045	1.088874	
0.027420	0.272114	1.488921	
0.000000	1.797584	7.726044	
0.169298	0.000000	1.195344	
0.217168	0.000000	0.958169	
0.046909	0.000000	1.025833	
0.046909	0.000000	1.025833	
0.029357	0.105327	1.628126	
0.008155	0.114696	1.317330	
0.008155	0.114696	1.317330	
0.015268	0.162836	1.173521	
0.015268	0.162836	1.173521	
0.000000	1.797584	7.726044	
0.836269	0.000000	2.377315	
0.088691	0.043711	1.484085	
0.088691	0.043711	1.484085	
0.031790	0.068410	2.010436	
0.004700	0.073357	1.895592	
0.008852	0.141379	1.572612	
0.008852	0.141379	1.572612	
0.016395	0.230110	1.595248	
0.000000	0.475714	2.120310	
0.527612	0.000000	4.024729	
0.169059	0.000990	2.498964	
0.137226	0.125966	2.676865	
0.108588	0.227443	1.963778	
0.142327	0.223653	2.845196	
0.019073	0.250304	1.717714	
0.004209	0.131596	2.323894	
0.000000	0.215567	2.522582	
0.000000	0.000000	4.402125	
0.025365	0.022315	3.377606	
0.045918	0.100878	1.730363	
0.003329	0.022632	2.496839	
0.108588	0.227443	1.963778	
0.000000	0.234994	2.301354	
0.000000	0.234994	2.301354	
0.000000	0.000000	4.402125	
0.052439	0.086350	3.599518	
0.045918	0.100878	1.730363	
0.045918	0.100878	1.730363	
0.004209	0.131596	2.323894	
0.000000	0.572161	2.089202	
0.000000	0.000000	5.618891	
0.000000	0.000000	2.153120	
0.045918	0.100878	1.730363	
0.000000	0.031559	1.927239	
0.000000	0.031559	1.927239	
0.000000	0.000000	5.472168	
0.000000	0.000000	2.610218	
0.000000	0.000000	2.276732	
0.000000	0.000000	2.610218	
0.000000	0.000000	5.472168	
0.000000	0.013950	2.697286	
0.000000	0.000000	2.276732	
0.000000	0.000000	5.618891	
0.000000	0.013950	2.697286	
0.000000	0.000000	8.360692	
0.000000	0.000000	0.000000	
0.000000	0.000000	0.000000	
0.000000	0.000000	0.000000	
0.000000	0.000000	0.000000	
0.000000	0.000000	0.000000	
0.000000	0.000000	0.000000	
0.000000	0.000000	0.000000	
0.000000	0.000000	0.000000	
0.000000	0.000000	0.000000	
0.000000	0.000000	0.000000	
