1.008314	0.000000	0.000000	
1.002827	0.022669	0.000000	
0.995973	0.043047	0.000000	
0.620665	0.066984	0.000000	
0.620665	0.066984	0.000000	
0.660605	0.088452	0.000000	
0.788829	0.129153	0.000000	
0.845269	0.160291	0.000000	
0.833597	0.184492	0.000000	
0.793035	0.214789	0.000000	
0.793035	0.214789	0.000000	
0.752661	0.252005	0.000000	
0.721771	0.279332	0.000000	
0.709344	0.310751	0.000000	
0.709344	0.310751	0.000000	
0.678173	0.369845	0.000000	
0.626761	0.391745	0.000000	
0.626683	0.403656	0.000000	
0.605824	0.434296	0.000000	
0.579619	0.446899	0.000000	
0.555138	0.481380	0.000000	
0.528207	0.507417	0.000000	
0.494232	0.514577	0.000000	
0.479884	0.554085	0.000000	
0.432071	0.581936	0.000000	
0.448828	0.612168	0.000000	
0.427022	0.620855	0.000000	
0.347261	0.700616	0.000000	
0.347261	0.700616	0.000000	
0.405965	0.698590	0.000000	
0.276646	0.902895	0.000000	
0.292159	1.020478	0.000000	
0.312084	0.954739	0.000000	
0.312084	0.954739	0.000000	
0.000000	1.048690	0.000000	
0.000000	1.048690	0.000000	
0.000000	1.126773	0.000000	
0.000000	1.243640	0.000000	
0.000000	1.453279	0.000000	
0.000000	1.477529	0.000000	
0.000000	1.873677	0.000000	
0.000000	1.873677	0.000000	
0.000000	3.362488	0.000000	
0.000000	4.177729	0.000000	
0.751222	0.000000	0.017202	
0.751222	0.000000	0.017202	
0.982825	0.032491	0.010048	
0.664252	0.063415	0.000000	
0.664252	0.063415	0.000000	
0.874849	0.110121	0.022189	
0.788829	0.129153	0.000000	
0.842611	0.161523	0.022787	
0.830239	0.176909	0.008369	
0.793704	0.215860	0.000000	
0.759397	0.232581	0.021397	
0.749514	0.255870	0.004111	
0.734934	0.282435	0.000000	
0.691997	0.309518	0.008223	
0.685134	0.335007	0.011044	
0.630297	0.115526	0.020278	
0.622720	0.384704	0.019952	
0.598877	0.400533	0.021332	
0.564176	0.427227	0.009929	
0.565026	0.465250	0.022688	
0.545627	0.492336	0.000000	
0.496068	0.508058	0.011334	
0.491903	0.522862	0.000000	
0.447559	0.544079	0.017701	
0.447559	0.544079	0.017701	
0.390005	0.606706	0.022877	
0.377490	0.635310	0.008055	
0.333099	0.681215	0.005523	
0.333099	0.681215	0.005523	
0.324493	0.676420	0.020914	
0.280007	0.843425	0.000000	
0.296682	0.720146	0.021881	
0.176661	0.870628	0.003055	
0.031314	0.528989	0.023520	
0.000000	0.885465	0.026675	
0.000000	0.885465	0.026675	
0.013489	1.073879	0.008996	
0.013489	1.073879	0.008996	
0.064081	1.372578	0.008273	
0.000023	1.041990	0.026077	
0.035575	1.367061	0.047066	
0.053355	2.052101	0.017090	
0.000000	3.362488	0.000000	
1.008314	0.000000	0.000000	
0.959454	0.017147	0.038725	
0.612980	0.026829	0.029112	
0.612980	0.026829	0.029112	
0.802743	0.000000	0.042980	
0.852019	0.113742	0.044515	
0.842579	0.134345	0.038129	
0.833750	0.166454	0.041929	
0.778043	0.194652	0.043615	
0.771854	0.202639	0.034088	
0.745714	0.233143	0.028830	
0.717316	0.252510	0.040906	
0.503587	0.095592	0.029791	
0.665961	0.311492	0.028616	
0.630297	0.115526	0.020278	
0.616266	0.127438	0.020220	
0.615305	0.388024	0.033258	
0.602165	0.416973	0.014427	
0.564176	0.427227	0.009929	
0.531179	0.448846	0.037425	
0.511412	0.456796	0.049096	
0.476344	0.505823	0.045898	
0.454671	0.535992	0.033070	
0.427350	0.551715	0.031831	
0.419150	0.577078	0.046681	
0.390005	0.606706	0.022877	
0.377490	0.635310	0.008055	
0.330894	0.678647	0.031885	
0.324594	0.689774	0.037356	
0.296682	0.720146	0.021881	
0.229558	0.785355	0.027841	
0.211306	0.807709	0.035357	
0.176661	0.870628	0.003055	
0.031314	0.528989	0.023520	
0.000000	1.126773	0.000000	
0.133477	1.262892	0.016174	
0.168315	1.372562	0.036936	
0.018853	0.857378	0.044756	
0.000023	1.041990	0.026077	
0.000035	0.799491	0.041044	
0.035575	1.367061	0.047066	
0.000000	1.044116	0.117831	
0.962300	0.000000	0.056213	
0.930470	0.006680	0.066613	
0.802743	0.000000	0.042980	
0.883603	0.060874	0.067889	
0.867969	0.096136	0.043347	
0.843913	0.105940	0.058439	
0.819450	0.137920	0.060737	
0.817478	0.167669	0.056453	
0.754231	0.193984	0.058412	
0.739113	0.210358	0.054422	
0.720553	0.232693	0.057409	
0.503587	0.095592	0.029791	
0.676689	0.277524	0.061718	
0.640064	0.303684	0.062669	
0.582726	0.108747	0.060381	
0.597907	0.115506	0.018841	
0.582726	0.108747	0.060381	
0.554170	0.413614	0.072153	
0.514939	0.431444	0.070878	
0.496245	0.455023	0.059758	
0.492812	0.464094	0.072577	
0.460840	0.513318	0.056610	
0.442059	0.538682	0.051985	
0.417506	0.564039	0.029464	
0.392168	0.588644	0.064318	
0.362527	0.610131	0.054575	
0.342901	0.666487	0.044144	
0.322692	0.657224	0.065311	
0.288964	0.696165	0.064277	
0.249455	0.743690	0.041317	
0.247436	0.774373	0.056058	
0.238375	0.732662	0.060062	
0.146416	0.876457	0.087562	
0.000000	0.928572	0.076445	
0.039973	0.731607	0.088786	
0.000000	1.257989	0.000000	
0.097937	1.273607	0.000000	
0.018853	0.857378	0.044756	
0.000090	0.724176	0.022959	
0.000051	0.577039	0.044623	
0.000000	1.893261	0.075287	
0.930724	0.000000	0.094808	
0.918555	0.002378	0.094950	
0.903045	0.034029	0.090714	
0.881364	0.051564	0.094163	
0.849153	0.094456	0.078730	
0.822574	0.104817	0.076230	
0.790080	0.134065	0.097571	
0.549082	0.067617	0.071169	
0.525678	0.082004	0.047298	
0.525678	0.082004	0.047298	
0.451775	0.098862	0.068314	
0.638247	0.063312	0.012205	
0.497010	0.102386	0.062776	
0.554288	0.109822	0.009330	
0.554288	0.109822	0.009330	
0.616266	0.127438	0.020220	
0.559815	0.398057	0.053905	
0.530372	0.405483	0.091286	
0.491497	0.439566	0.082202	
0.491061	0.444263	0.086204	
0.448370	0.491290	0.093570	
0.429093	0.517533	0.084298	
0.418204	0.532710	0.091923	
0.392589	0.575487	0.066399	
0.389225	0.581330	0.105124	
0.361600	0.624438	0.058275	
0.322692	0.657224	0.065311	
0.305950	0.670579	0.081531	
0.254977	0.702112	0.060590	
0.254977	0.702112	0.060590	
0.228199	0.759384	0.067296	
0.146416	0.876457	0.087562	
0.186329	1.082451	0.000000	
0.039973	0.731607	0.088786	
0.000000	1.306366	0.000000	
0.000000	1.308599	0.000000	
0.114391	1.397651	0.200068	
0.017688	1.080500	0.085449	
0.000035	0.799491	0.041044	
0.000000	1.586931	0.000000	
0.907402	0.000000	0.109450	
0.907402	0.000000	0.109450	
0.903045	0.034029	0.090714	
0.832334	0.067199	0.102862	
0.818525	0.092458	0.100389	
0.780514	0.116401	0.119197	
0.549082	0.067617	0.071169	
0.492278	0.103111	0.081878	
0.444169	0.127151	0.057739	
0.451775	0.098862	0.068314	
0.482755	0.087796	0.060049	
0.545213	0.073990	0.042700	
0.497010	0.102386	0.062776	
0.351123	0.280253	0.048297	
0.582126	0.336411	0.108276	
0.572527	0.354637	0.113609	
0.518530	0.400497	0.103041	
0.517372	0.407424	0.097323	
0.485019	0.432485	0.107631	
0.453076	0.446295	0.113228	
0.448370	0.491290	0.093570	
0.422100	0.519748	0.075743	
0.398963	0.541234	0.096687	
0.385790	0.536644	0.104483	
0.368057	0.621893	0.097470	
0.334394	0.657303	0.109730	
0.285223	0.671963	0.117323	
0.247962	0.672603	0.102623	
0.202520	0.699641	0.118189	
0.228199	0.759384	0.067296	
0.186503	0.710246	0.134995	
0.042910	1.034345	0.071028	
0.007734	1.035257	0.141688	
0.174259	0.779296	0.096872	
0.000000	1.535370	0.078473	
0.000000	1.257989	0.000000	
0.000842	1.697179	0.113086	
0.000000	1.601741	0.156383	
0.000000	1.601741	0.156383	
0.921431	0.000000	0.124547	
0.867797	0.022536	0.128079	
0.848821	0.027629	0.143371	
0.831817	0.070804	0.128942	
0.663068	0.019367	0.078174	
0.514206	0.069991	0.083513	
0.467813	0.091055	0.054047	
0.467295	0.078408	0.086719	
0.504690	0.068784	0.078671	
0.482755	0.087796	0.060049	
0.451578	0.071961	0.095317	
0.447907	0.133942	0.058484	
0.345443	0.220349	0.082375	
0.468698	0.160029	0.118258	
0.406601	0.245934	0.128418	
0.406601	0.245934	0.128418	
0.497892	0.375875	0.146765	
0.485019	0.432485	0.107631	
0.470775	0.433965	0.109026	
0.360721	0.210981	0.061435	
0.379859	0.294584	0.136798	
0.341465	0.335472	0.118592	
0.341465	0.335472	0.118592	
0.331886	0.173209	0.153638	
0.334394	0.657303	0.109730	
0.228130	0.643867	0.147045	
0.228130	0.643867	0.147045	
0.244084	0.639285	0.132420	
0.202520	0.699641	0.118189	
0.186503	0.710246	0.134995	
0.042910	1.034345	0.071028	
0.007734	1.035257	0.141688	
0.025562	1.019604	0.224147	
0.085672	0.837047	0.238841	
0.102064	1.338442	0.064797	
0.000000	0.769523	0.278200	
0.000000	0.769523	0.278200	
0.000000	1.977490	0.148335	
0.866023	0.000000	0.161718	
0.857283	0.017218	0.159055	
0.829928	0.043147	0.171136	
0.517770	0.049258	0.128107	
0.540537	0.042865	0.116694	
0.453292	0.019448	0.096329	
0.442595	0.062370	0.105491	
0.433906	0.052875	0.098296	
0.442595	0.062370	0.105491	
0.447907	0.133942	0.058484	
0.374109	0.066206	0.096628	
0.375160	0.183930	0.084142	
0.345443	0.220349	0.082375	
0.351123	0.280253	0.048297	
0.545618	0.299087	0.170506	
0.532250	0.315465	0.177624	
0.310777	0.152611	0.151259	
0.360721	0.210981	0.061435	
0.312126	0.159853	0.113507	
0.273172	0.221955	0.093127	
0.289661	0.194634	0.121524	
0.273172	0.221955	0.093127	
0.331886	0.173209	0.153638	
0.319254	0.573163	0.162003	
0.316969	0.600435	0.171295	
0.185242	0.663526	0.155736	
0.182569	0.678555	0.156563	
0.171624	0.692372	0.151816	
0.161325	0.719376	0.164205	
0.094677	0.730810	0.209041	
0.025562	1.019604	0.224147	
0.025562	1.019604	0.224147	
0.076413	1.561855	0.363752	
0.102064	1.338442	0.064797	
0.000000	1.105539	0.552937	
0.000000	2.553335	0.000000	
0.000000	2.533741	0.263917	
0.826821	0.000000	0.197042	
0.766044	0.007774	0.180934	
0.766044	0.007774	0.180934	
0.508274	0.031540	0.127721	
0.399064	0.039163	0.106362	
0.453292	0.019448	0.096329	
0.422203	0.053814	0.116824	
0.433906	0.052875	0.098296	
0.398282	0.072194	0.126685	
0.374109	0.066206	0.096628	
0.378305	0.142563	0.080306	
0.402492	0.184701	0.097916	
0.402492	0.184701	0.097916	
0.298922	0.165686	0.158509	
0.309861	0.145804	0.155369	
0.332048	0.232944	0.161562	
0.326246	0.164471	0.084193	
0.310777	0.152611	0.151259	
0.265640	0.206422	0.065266	
0.265640	0.206422	0.065266	
0.274924	0.322832	0.062295	
0.276461	0.396873	0.068099	
0.301232	0.561950	0.189574	
0.313467	0.566483	0.185587	
0.316734	0.584040	0.165850	
0.185242	0.663526	0.155736	
0.161325	0.719376	0.164205	
0.247104	0.734252	0.217158	
0.094677	0.730810	0.209041	
0.247104	0.734252	0.217158	
0.079538	1.387273	0.245340	
0.082473	1.555168	0.368886	
0.181272	0.030963	0.588080	
0.017661	0.111399	0.589867	
0.017661	0.111399	0.589867	
0.000000	0.000000	1.062172	
0.602532	0.000000	0.188988	
0.602532	0.000000	0.188988	
0.508274	0.031540	0.127721	
0.399064	0.039163	0.106362	
0.399203	0.049016	0.097830	
0.393968	0.055169	0.128108	
0.398282	0.072194	0.126685	
0.388316	0.064889	0.126148	
0.352309	0.107396	0.127999	
0.330920	0.095774	0.133654	
0.376589	0.160559	0.134774	
0.295466	0.171009	0.152933	
0.357497	0.070569	0.139391	
0.335189	0.148394	0.150417	
0.295833	0.156442	0.127259	
0.280979	0.142487	0.146299	
0.295833	0.156442	0.127259	
0.312126	0.159853	0.113507	
0.272059	0.196997	0.173154	
0.272059	0.196997	0.173154	
0.276461	0.396873	0.068099	
0.340974	0.519633	0.202051	
0.313467	0.566483	0.185587	
0.308598	0.603720	0.150789	
0.263452	0.102192	0.278851	
0.242922	0.537534	0.236511	
0.117773	0.814265	0.144624	
0.257775	0.950656	0.058173	
0.257775	0.950656	0.058173	
0.181272	0.030963	0.588080	
0.293092	0.000000	0.652424	
0.022110	1.855754	0.724676	
0.022110	1.855754	0.724676	
0.023592	0.129807	0.875240	
0.000000	0.000000	1.092751	
0.723694	0.000000	0.224714	
0.594355	0.000000	0.173806	
0.511810	0.020331	0.148211	
0.416472	0.033486	0.118514	
0.431653	0.051801	0.148070	
0.398754	0.052359	0.144371	
0.368567	0.074708	0.131562	
0.355696	0.089151	0.130779	
0.330920	0.095774	0.133654	
0.365884	0.069789	0.150559	
0.296311	0.099024	0.161876	
0.335189	0.148394	0.150417	
0.300566	0.100983	0.153502	
0.295466	0.171009	0.152933	
0.267869	0.189216	0.152983	
0.267869	0.189216	0.152983	
0.326246	0.164471	0.084193	
0.345249	0.246624	0.197448	
0.291857	0.192467	0.117719	
0.221267	0.159225	0.217670	
0.180794	0.144851	0.246200	
0.220181	0.156553	0.275646	
0.338494	0.596588	0.209088	
0.290012	0.548351	0.261519	
0.252956	0.457875	0.366655	
0.237224	0.493035	0.327107	
0.166019	0.960870	0.278902	
0.281198	0.578066	0.425490	
0.031362	1.000678	0.566092	
0.254576	2.206062	0.688192	
0.211969	0.000000	0.828235	
0.023592	0.129807	0.875240	
0.021107	0.205230	0.916327	
0.000000	0.000000	1.092751	
0.675864	0.000000	0.258218	
0.675864	0.000000	0.258218	
0.414839	0.029662	0.198807	
0.444416	0.026167	0.148917	
0.397575	0.050887	0.145089	
0.372119	0.058058	0.155718	
0.368567	0.074708	0.131562	
0.318751	0.090835	0.140972	
0.304285	0.091346	0.144572	
0.296311	0.099024	0.161876	
0.300566	0.100983	0.153502	
0.292625	0.132568	0.138295	
0.246991	0.161633	0.146461	
0.246991	0.161633	0.146461	
0.232288	0.196742	0.162322	
0.317858	0.284364	0.204429	
0.274589	0.128545	0.232247	
0.274589	0.128545	0.232247	
0.221267	0.159225	0.217670	
0.180794	0.144851	0.246200	
0.220181	0.156553	0.275646	
0.000000	0.452570	0.276090	
0.290012	0.548351	0.261519	
0.207684	0.729534	0.329828	
0.237224	0.493035	0.327107	
0.238132	0.421433	0.361297	
0.112362	0.592674	0.379904	
0.031362	1.000678	0.566092	
0.254576	2.206062	0.688192	
0.072315	0.193596	1.049675	
0.000000	2.859118	0.000000	
0.072315	0.193596	1.049675	
0.000000	0.969696	1.407970	
0.777434	0.000000	0.303173	
0.636895	0.021379	0.280892	
0.444416	0.026167	0.148917	
0.393481	0.029109	0.189643	
0.372119	0.058058	0.155718	
0.399982	0.080667	0.124493	
0.318751	0.090835	0.140972	
0.304285	0.091346	0.144572	
0.309690	0.109429	0.152641	
0.341689	0.152829	0.161457	
0.292625	0.132568	0.138295	
0.299262	0.121329	0.139534	
0.252453	0.172356	0.156549	
0.250258	0.179353	0.147707	
0.278228	0.163552	0.211004	
0.300932	0.203517	0.233643	
0.227157	0.101695	0.240111	
0.227157	0.101695	0.240111	
0.209966	0.139125	0.245511	
0.163494	0.274971	0.225458	
0.246857	0.327858	0.204808	
0.113625	0.269024	0.296556	
0.243655	0.538580	0.332319	
0.238132	0.421433	0.361297	
0.245275	0.355088	0.476488	
0.240408	1.002648	0.323237	
0.112362	0.592674	0.379904	
0.292727	0.038363	0.978230	
0.001166	0.001465	1.075233	
0.138548	0.360590	1.335509	
0.000000	0.969696	1.407970	
0.000000	0.000000	1.785954	
0.748032	0.000000	0.318391	
0.636895	0.021379	0.280892	
0.406434	0.018311	0.193260	
0.406434	0.018311	0.193260	
0.483296	0.047871	0.096672	
0.388735	0.082150	0.124975	
0.399982	0.080667	0.124493	
0.365577	0.133235	0.220316	
0.365577	0.133235	0.220316	
0.284469	0.143793	0.131565	
0.284469	0.143793	0.131565	
0.292499	0.168459	0.158163	
0.264382	0.181820	0.166565	
0.232288	0.196742	0.162322	
0.300932	0.203517	0.233643	
0.351862	0.216372	0.229097	
0.156864	0.106270	0.300872	
0.249342	0.131469	0.232731	
0.163494	0.274971	0.225458	
0.127268	0.378769	0.265035	
0.054106	0.345482	0.280537	
0.113625	0.269024	0.296556	
0.207684	0.729534	0.329828	
0.090377	0.286100	0.480579	
0.240408	1.002648	0.323237	
0.279467	0.465729	0.488757	
0.310679	1.279164	0.052779	
0.074267	1.189854	1.147321	
0.000000	3.674977	0.000000	
0.217456	0.364987	3.132361	
0.000000	8.394091	0.000000	
0.712256	0.000000	0.315562	
0.677133	0.011948	0.342245	
0.675543	0.039264	0.342587	
0.519365	0.057215	0.214724	
0.483296	0.047871	0.096672	
0.576313	0.112727	0.338607	
0.558017	0.131889	0.341171	
0.532360	0.157754	0.334031	
0.505221	0.181800	0.333924	
0.306792	0.168882	0.162204	
0.308339	0.151200	0.156542	
0.250258	0.179353	0.147707	
0.391572	0.137689	0.154484	
0.391608	0.314784	0.335174	
0.242785	0.125416	0.330833	
0.286706	0.105491	0.293421	
0.146672	0.261152	0.246744	
0.144825	0.309747	0.244493	
0.056874	0.352397	0.258191	
0.144825	0.309747	0.244493	
0.150285	0.365494	0.212702	
0.000000	0.439246	0.307220	
0.199250	0.254161	0.397163	
0.035615	0.274878	0.438510	
0.220132	0.456990	0.589186	
0.074267	1.189854	1.147321	
0.404261	0.358795	0.358868	
0.404261	0.358795	0.358868	
0.000000	8.394091	0.000000	
0.000000	13.846459	3.252282	
0.661044	0.000000	0.354831	
0.661044	0.000000	0.354831	
0.624190	0.032142	0.364720	
0.604249	0.037039	0.361542	
0.571374	0.093179	0.358801	
0.545001	0.116913	0.351631	
0.516651	0.143201	0.358928	
0.496935	0.161385	0.363170	
0.484266	0.191746	0.339497	
0.308339	0.151200	0.156542	
0.428300	0.234629	0.345352	
0.410964	0.252948	0.355578	
0.383101	0.275359	0.358446	
0.242785	0.125416	0.330833	
0.286706	0.105491	0.293421	
0.152520	0.226668	0.264642	
0.162236	0.270963	0.255556	
0.194364	0.183857	0.267386	
0.141379	0.218205	0.257254	
0.143760	0.220233	0.246966	
0.054106	0.345482	0.280537	
0.103296	0.387054	0.219868	
0.035615	0.274878	0.438510	
0.197419	0.859280	0.403467	
0.553064	1.370364	0.589495	
0.948352	0.756702	0.960060	
0.037423	1.948050	5.556071	
0.037423	1.948050	5.556071	
0.000000	13.846459	3.252282	
0.657531	0.000000	0.379689	
0.634054	0.003675	0.383418	
0.584663	0.035838	0.384214	
0.574166	0.069159	0.384323	
0.539245	0.092121	0.378549	
0.509874	0.110763	0.384811	
0.508002	0.024237	0.385906	
0.489435	0.152955	0.374317	
0.451134	0.189406	0.370965	
0.435960	0.214277	0.377087	
0.406967	0.220249	0.383343	
0.383548	0.269435	0.362924	
0.360564	0.276501	0.384407	
0.024428	0.253784	0.367108	
0.152520	0.226668	0.264642	
0.196395	0.203156	0.272136	
0.155793	0.223395	0.264642	
0.106104	0.252015	0.264175	
0.106104	0.252015	0.264175	
0.125606	0.247444	0.267921	
0.096802	0.367387	0.229386	
0.081516	0.352481	0.370821	
0.000000	2.486521	1.501380	
0.000000	2.486521	1.501380	
1.043482	0.234986	0.015865	
0.012497	5.258946	2.342520	
0.012497	5.258946	2.342520	
0.000000	9.183214	12.147085	
0.613709	0.000000	0.397452	
0.603744	0.004401	0.400273	
0.577789	0.026469	0.413494	
0.530488	0.071110	0.407637	
0.522988	0.091485	0.405678	
0.493100	0.104254	0.410686	
0.467494	0.141434	0.402151	
0.458132	0.144382	0.407040	
0.434592	0.184697	0.389032	
0.399359	0.211680	0.408148	
0.389540	0.227850	0.393106	
0.359692	0.261358	0.404540	
0.320888	0.279300	0.404652	
0.131216	0.239547	0.306163	
0.196395	0.203156	0.272136	
0.169031	0.207718	0.262796	
0.127203	0.244819	0.256831	
0.127203	0.244819	0.256831	
0.129901	0.298852	0.233659	
0.084204	0.155734	0.298023	
0.094262	0.133487	0.321439	
0.260537	0.329128	0.706674	
0.715518	2.095354	1.403668	
0.000000	8.568779	4.859429	
0.000000	12.086224	6.709342	
0.000000	4.965388	3.151106	
0.000000	9.442269	9.011310	
0.588369	0.000000	0.421197	
0.576086	0.020341	0.432668	
0.548096	0.047333	0.429527	
0.535504	0.073930	0.412300	
0.506767	0.089185	0.420280	
0.486336	0.104742	0.438452	
0.442233	0.136015	0.429812	
0.437087	0.155185	0.430013	
0.410261	0.181445	0.427428	
0.369388	0.217029	0.414976	
0.356086	0.232064	0.424141	
0.310947	0.260164	0.436153	
0.024428	0.253784	0.367108	
0.210706	0.179405	0.226466	
0.169031	0.207718	0.262796	
0.159975	0.193508	0.273575	
0.145316	0.228415	0.278108	
0.135247	0.244638	0.292361	
0.094262	0.133487	0.321439	
0.096802	0.367387	0.229386	
0.023920	0.626477	0.483556	
0.196076	0.141335	0.544837	
0.000000	8.568779	4.859429	
0.000000	8.568779	4.859429	
0.000000	14.033641	11.813493	
0.000000	4.965388	3.151106	
0.565709	0.000000	0.437825	
0.539296	0.018345	0.446132	
0.520080	0.047746	0.444320	
0.508002	0.024237	0.385906	
0.421696	0.008573	0.340149	
0.442015	0.001980	0.322080	
0.423227	0.142695	0.456107	
0.392306	0.161510	0.451490	
0.379431	0.185008	0.454331	
0.346015	0.207711	0.451464	
0.336312	0.235011	0.440337	
0.310947	0.260164	0.436153	
0.240611	0.211025	0.254322	
0.208111	0.222123	0.236182	
0.140501	0.184431	0.266097	
0.136100	0.203703	0.290899	
0.078542	0.265462	0.314691	
0.129901	0.298852	0.233659	
0.103296	0.387054	0.219868	
0.012516	0.507500	0.336805	
0.000000	0.822969	0.412624	
0.274764	0.521304	0.540666	
1.295184	0.000000	0.000000	
0.000000	0.297026	12.753557	
0.000000	0.000000	16.415743	
0.555499	0.000000	0.457183	
0.523453	0.017513	0.474781	
0.494597	0.046332	0.474017	
0.490374	0.065686	0.478731	
0.442015	0.001980	0.322080	
0.434086	0.117644	0.477446	
0.390695	0.142128	0.473290	
0.369116	0.170000	0.485973	
0.359220	0.174574	0.476148	
0.339148	0.210746	0.462990	
0.306666	0.219655	0.475298	
0.271704	0.262093	0.473444	
0.240611	0.211025	0.254322	
0.210706	0.179405	0.226466	
0.136100	0.203703	0.290899	
0.098299	0.211481	0.343921	
0.078542	0.265462	0.314691	
0.030568	0.327318	0.278384	
0.122014	0.167355	0.280234	
0.110393	0.445325	0.534795	
0.074634	0.555911	0.508270	
0.663244	5.113530	10.624347	
0.521109	8.556476	13.814275	
0.000000	0.000000	16.415743	
0.518787	0.000000	0.487640	
0.496305	0.004162	0.501900	
0.482262	0.045296	0.516569	
0.460906	0.044776	0.515489	
0.421696	0.008573	0.340149	
0.406863	0.037132	0.322080	
0.385229	0.137603	0.500354	
0.348148	0.168931	0.513750	
0.322660	0.187001	0.497319	
0.313189	0.207576	0.501682	
0.286643	0.230163	0.494914	
0.255976	0.259910	0.500787	
0.227098	0.291055	0.511240	
0.170972	0.227622	0.340911	
0.170972	0.227622	0.340911	
0.063566	0.193243	0.344729	
0.150545	0.373530	0.502709	
0.106394	0.431217	0.514678	
0.091089	0.467618	0.481901	
0.074634	0.555911	0.508270	
1.295184	0.000000	0.000000	
0.675246	14.933930	16.698617	
0.000000	0.000000	18.322325	
0.492912	0.000000	0.523411	
0.490477	0.000000	0.525966	
0.449665	0.029000	0.533472	
0.258019	0.007113	0.518815	
0.281984	0.043082	0.398735	
0.281984	0.043082	0.398735	
0.348879	0.020560	0.342071	
0.328108	0.168532	0.536207	
0.287999	0.190382	0.527031	
0.275418	0.212663	0.516780	
0.265132	0.204680	0.536110	
0.232998	0.261759	0.534872	
0.213360	0.293077	0.525478	
0.178856	0.321886	0.521494	
0.164719	0.332698	0.514621	
0.141267	0.367699	0.556470	
0.030735	0.216984	0.252281	
0.030735	0.216984	0.252281	
0.056808	0.468282	0.560297	
0.055528	0.598262	0.610615	
0.052279	3.516725	2.079151	
0.000000	0.000000	18.322325	
0.473939	0.000000	0.554301	
0.456161	0.016738	0.545594	
0.413246	0.044470	0.548455	
0.283013	0.012717	0.527902	
0.343584	0.023919	0.371821	
0.343584	0.023919	0.371821	
0.323671	0.128936	0.560526	
0.298170	0.169177	0.557201	
0.287999	0.190382	0.527031	
0.262454	0.193648	0.549082	
0.235841	0.236004	0.557282	
0.219228	0.253677	0.552616	
0.188704	0.290402	0.549317	
0.151645	0.303955	0.569915	
0.108688	0.357415	0.579667	
0.118350	0.349947	0.558364	
0.087058	0.412487	0.533616	
0.051447	0.419981	0.631342	
0.055528	0.598262	0.610615	
0.043393	0.208860	1.114389	
0.000000	0.000000	18.644668	
0.453891	0.000000	0.564589	
0.423336	0.014108	0.565301	
0.283013	0.012717	0.527902	
0.258019	0.007113	0.518815	
0.283013	0.012717	0.527902	
0.338295	0.100664	0.599875	
0.321866	0.137642	0.575853	
0.284831	0.151709	0.573399	
0.257289	0.191287	0.570276	
0.242773	0.191763	0.589747	
0.205623	0.242338	0.590568	
0.199680	0.261402	0.562778	
0.151645	0.303955	0.569915	
0.143148	0.328627	0.566464	
0.118350	0.349947	0.558364	
0.064426	0.399942	0.593500	
0.051447	0.419981	0.631342	
0.054895	0.525278	0.448925	
0.026904	0.443863	0.837861	
0.000000	1.049765	1.089133	
0.428678	0.000000	0.592161	
0.396339	0.013208	0.598508	
0.283013	0.012717	0.527902	
0.233586	0.034319	0.558680	
0.258580	0.017678	0.591866	
0.243429	0.016814	0.622065	
0.288037	0.141824	0.606495	
0.249293	0.162372	0.597396	
0.242773	0.191763	0.589747	
0.205860	0.210460	0.625404	
0.183649	0.249107	0.621980	
0.165299	0.280576	0.613341	
0.116226	0.308242	0.635114	
0.111516	0.326636	0.633724	
0.097343	0.340648	0.668026	
0.069751	0.381149	0.629886	
0.054895	0.525278	0.448925	
0.026904	0.443863	0.837861	
0.000000	1.049765	1.089133	
0.383608	0.000000	0.651432	
0.392448	0.023575	0.627254	
0.233586	0.034319	0.558680	
0.243429	0.016814	0.622065	
0.317494	0.095255	0.611358	
0.280199	0.118533	0.621751	
0.259135	0.138038	0.616790	
0.244300	0.138507	0.636692	
0.224082	0.178978	0.642274	
0.202729	0.218761	0.625950	
0.172391	0.257156	0.680042	
0.129998	0.263221	0.669385	
0.116226	0.308242	0.635114	
0.074100	0.328016	0.675943	
0.067598	0.410641	0.667048	
0.000000	0.437323	0.667193	
0.023526	0.388136	0.732310	
0.000000	0.689257	0.891379	
0.342869	0.000000	0.672964	
0.293071	0.000000	0.609160	
0.258580	0.017678	0.591866	
0.293071	0.000000	0.609160	
0.271519	0.088788	0.647850	
0.253155	0.107692	0.663075	
0.244300	0.138507	0.636692	
0.220687	0.171221	0.647594	
0.191000	0.204625	0.663563	
0.156775	0.197887	0.724556	
0.139449	0.265326	0.665798	
0.129998	0.263221	0.669385	
0.080395	0.314369	0.786334	
0.080395	0.314369	0.786334	
0.041031	0.317955	0.741454	
0.000000	0.437323	0.667193	
0.000000	0.689257	0.891379	
0.321152	0.000000	0.686584	
0.323041	0.021841	0.672582	
0.311300	0.044258	0.660853	
0.290104	0.067430	0.680244	
0.251073	0.072384	0.688942	
0.244127	0.113164	0.681971	
0.216090	0.130309	0.676143	
0.197860	0.097944	0.711205	
0.110597	0.047875	0.624971	
0.110597	0.047875	0.624971	
0.139449	0.265326	0.665798	
0.091645	0.293426	0.802781	
0.071776	0.260331	0.792281	
0.017924	0.327761	0.845091	
0.023526	0.388136	0.732310	
0.000000	0.809481	1.195204	
0.321152	0.000000	0.686584	
0.302308	0.017600	0.685811	
0.272691	0.045432	0.699432	
0.258588	0.063622	0.700884	
0.072218	0.078242	0.541036	
0.211757	0.102570	0.698232	
0.187422	0.112017	0.716325	
0.160745	0.127157	0.745753	
0.068594	0.018932	0.578120	
0.068594	0.018932	0.578120	
0.091645	0.293426	0.802781	
0.103955	0.241590	1.083141	
0.086769	0.112127	1.120221	
0.000000	0.643273	0.971380	
0.000000	0.809481	1.195204	
0.283035	0.000000	0.733150	
0.273809	0.022253	0.713607	
0.194393	0.000827	0.722315	
0.155475	0.040301	0.579431	
0.111289	0.066790	0.509595	
0.072218	0.078242	0.541036	
0.106500	0.103258	0.467836	
0.140562	0.097365	0.781365	
0.039642	0.002346	0.876262	
0.128186	0.070892	1.111297	
0.102206	0.157488	1.191968	
0.000000	0.000000	1.267794	
0.000000	0.000000	1.267794	
0.000000	0.604771	1.526410	
0.283035	0.000000	0.733150	
0.249921	0.007671	0.753912	
0.176657	0.029186	0.608056	
0.128357	0.033467	0.537704	
0.111289	0.066790	0.509595	
0.106500	0.103258	0.467836	
0.132217	0.127686	0.772180	
0.108043	0.165341	0.768699	
0.124309	0.009272	1.030202	
0.000000	0.334875	1.082608	
0.059070	0.020409	1.228365	
0.000000	0.000000	1.417572	
0.000000	0.417700	1.430882	
0.259394	0.000000	0.756992	
0.238065	0.022978	0.761734	
0.217009	0.000000	0.793289	
0.190762	0.000000	0.818195	
0.161514	0.097326	0.766816	
0.140562	0.097365	0.781365	
0.137530	0.107890	0.828206	
0.132217	0.127686	0.772180	
0.000000	0.260765	1.207264	
0.035363	0.131487	0.951049	
0.039291	0.139570	0.955056	
0.000000	0.417700	1.430882	
0.217009	0.000000	0.793289	
0.210426	0.000049	0.807618	
0.159580	0.026664	0.826676	
0.133060	0.068269	0.824057	
0.133060	0.068269	0.824057	
0.119459	0.112380	0.818189	
0.108043	0.165341	0.768699	
0.016885	0.220045	1.088874	
0.039291	0.139570	0.955056	
0.016873	0.070076	1.039817	
0.000000	0.364055	1.239727	
0.218675	0.000000	0.822378	
0.190762	0.000000	0.818195	
0.129540	0.034778	0.845002	
0.129337	0.070946	0.848943	
0.116268	0.012743	0.899645	
0.106177	0.019858	0.964766	
0.017042	0.172241	1.163619	
0.016873	0.070076	1.039817	
0.011922	0.201716	1.107242	
0.000000	0.298930	1.186270	
0.174341	0.000000	0.864673	
0.146834	0.018957	0.850104	
0.129540	0.034778	0.845002	
0.126565	0.007386	0.880691	
0.109051	0.003152	0.922987	
0.043631	0.075543	1.033075	
0.034559	0.085502	1.040765	
0.001510	0.266084	1.209816	
0.000000	0.364055	1.239727	
0.174341	0.000000	0.864673	
0.134014	0.023078	0.873416	
0.107669	0.032925	0.869121	
0.082267	0.062809	0.957346	
0.077178	0.067284	0.947611	
0.050471	0.025093	0.950832	
0.000000	0.000000	1.238735	
0.000000	0.000000	1.618031	
0.078339	0.000000	0.961071	
0.116268	0.012743	0.899645	
0.078339	0.000000	0.961071	
0.050471	0.025093	0.950832	
0.043631	0.075543	1.033075	
0.034322	0.048990	1.080967	
0.000000	0.000000	1.331690	
0.000000	0.000000	1.081102	
0.016408	0.001527	1.056518	
0.047617	0.004056	0.992174	
0.034559	0.085502	1.040765	
0.000000	0.000000	1.225982	
0.000000	0.000000	1.225982	
0.000000	0.000000	1.081102	
0.047617	0.004056	0.992174	
0.033987	0.015847	1.053924	
0.001393	0.097522	1.203252	
0.000000	0.000000	1.331690	
0.000000	0.000000	3.221344	
0.033987	0.015847	1.053924	
0.000730	0.015087	1.205560	
0.000000	0.021304	1.153314	
0.000000	0.000000	3.221344	
0.000730	0.015087	1.205560	
0.000000	0.000000	2.037473	
0.000000	0.000000	1.263210	
0.000000	0.000000	1.263210	
0.000000	0.000000	3.221344	
0.000000	0.000000	0.000000	
0.000000	0.000000	0.000000	
0.000000	0.000000	0.000000	
0.000000	0.000000	0.000000	
0.000000	0.000000	0.000000	
0.000000	0.000000	0.000000	
0.000000	0.000000	0.000000	
0.000000	0.000000	0.000000	
0.000000	0.000000	0.000000	
0.000000	0.000000	0.000000	
