1.020869	0.000000	0.000000	
1.020869	0.000000	0.000000	
1.015341	0.035679	0.000000	
1.029331	0.000000	0.000000	
1.008117	0.000000	0.000000	
1.019420	0.087242	0.000000	
1.018111	0.094824	0.000000	
1.005570	0.167643	0.000000	
0.986891	0.214004	0.000000	
0.990252	0.243746	0.000000	
0.983694	0.290884	0.000000	
0.966289	0.314515	0.000000	
0.945321	0.362134	0.000000	
0.942104	0.371109	0.000000	
0.918943	0.425102	0.000000	
0.919488	0.446265	0.000000	
0.927106	0.541794	0.000000	
0.898547	0.550133	0.000000	
0.821654	0.604018	0.000000	
0.847041	0.611285	0.000000	
0.779112	0.706415	0.000000	
0.785130	0.719882	0.000000	
0.799905	0.780320	0.000000	
0.757797	0.890561	0.000000	
0.734572	0.919425	0.000000	
0.531805	0.951302	0.000000	
0.525916	0.946573	0.000000	
0.599154	0.971420	0.000000	
0.512668	0.954799	0.000000	
0.447340	0.973594	0.000000	
0.167257	1.120134	0.000000	
0.167257	1.120134	0.000000	
0.044338	1.191178	0.000000	
0.044338	1.191178	0.000000	
0.003272	1.233697	0.000000	
0.172233	1.317561	0.000000	
0.172233	1.317561	0.000000	
0.000000	1.486992	0.000000	
0.000000	1.487141	0.000000	
0.000000	1.487141	0.000000	
0.000000	1.497950	0.000000	
0.033743	1.544853	0.000000	
0.015462	1.777391	0.000000	
0.000000	1.980789	0.000000	
1.028434	0.000000	0.000000	
1.006102	0.003705	0.016315	
1.006102	0.003705	0.016315	
1.008106	0.007424	0.018959	
1.006283	0.026127	0.000547	
1.011596	0.100464	0.011202	
1.008379	0.071179	0.001393	
0.992666	0.187000	0.009987	
0.986891	0.214004	0.000000	
0.971136	0.258449	0.008867	
0.968718	0.292468	0.010977	
0.949809	0.337744	0.021874	
0.935703	0.364148	0.027236	
0.933496	0.402616	0.000000	
0.918943	0.425102	0.000000	
0.896131	0.503669	0.011783	
0.872667	0.536286	0.004019	
0.857686	0.591199	0.019500	
0.847041	0.611285	0.000000	
0.782639	0.666066	0.010658	
0.779644	0.709599	0.001079	
0.721396	0.734834	0.034484	
0.659300	0.822168	0.009112	
0.600180	0.883653	0.020572	
0.695270	0.932067	0.000000	
0.551921	0.933330	0.005869	
0.549072	0.925514	0.006984	
0.424749	0.975154	0.014376	
0.447340	0.973594	0.000000	
0.424749	0.975154	0.014376	
0.171593	1.155440	0.000000	
0.248365	1.118319	0.032637	
0.358326	1.235808	0.000000	
0.003272	1.233697	0.000000	
0.000000	1.429338	0.000000	
0.010331	1.406172	0.000000	
0.023215	1.481779	0.039699	
0.176361	1.154708	0.008159	
0.079673	1.267137	0.001844	
0.123378	1.269164	0.004453	
0.061631	1.569934	0.000000	
0.032912	1.557552	0.000000	
0.000000	2.198934	0.000000	
1.024703	0.000000	0.000000	
1.021446	0.000000	0.000708	
1.006067	0.030068	0.036085	
1.005940	0.003452	0.029273	
1.005940	0.003452	0.029273	
1.004287	0.000000	0.054635	
1.000749	0.160481	0.032027	
0.994035	0.204149	0.000000	
0.978545	0.233495	0.000000	
0.971136	0.258449	0.008867	
0.959502	0.308614	0.000000	
0.947195	0.347061	0.003180	
0.935703	0.364148	0.027236	
0.916146	0.429156	0.027442	
0.918138	0.437239	0.023316	
0.910272	0.505188	0.000000	
0.847218	0.563437	0.022693	
0.847218	0.563437	0.022693	
0.795310	0.650639	0.000000	
0.782639	0.666066	0.010658	
0.721396	0.734834	0.034484	
0.739658	0.780058	0.052388	
0.604386	0.860547	0.022938	
0.675616	0.902202	0.037493	
0.656821	0.918221	0.002662	
0.593473	0.940897	0.034487	
0.549072	0.925514	0.006984	
0.546428	1.037639	0.003174	
0.248365	1.118319	0.032637	
0.305175	1.021010	0.060769	
0.305175	1.021010	0.060769	
0.297576	0.995587	0.059256	
0.160623	1.173003	0.064459	
0.096558	1.090212	0.075056	
0.037833	1.175672	0.063065	
0.037833	1.175672	0.063065	
0.176361	1.154708	0.008159	
0.075421	1.166705	0.066932	
0.079673	1.267137	0.001844	
0.061631	1.569934	0.000000	
0.032912	1.557552	0.000000	
0.000000	1.924803	0.001751	
1.016135	0.000000	0.072029	
1.006129	0.000000	0.069531	
1.006067	0.030068	0.036085	
1.004287	0.000000	0.054635	
1.002332	0.075220	0.070375	
0.998196	0.140466	0.066202	
0.998196	0.140466	0.066202	
0.989084	0.183321	0.000000	
0.981983	0.236950	0.059149	
0.979316	0.265628	0.011007	
0.956658	0.319188	0.054753	
0.948251	0.349595	0.000000	
0.929355	0.384476	0.078770	
0.916146	0.429156	0.027442	
0.888184	0.493909	0.074891	
0.888184	0.493909	0.074891	
0.855122	0.566877	0.006818	
0.839226	0.610158	0.042210	
0.805006	0.654189	0.049491	
0.779644	0.709599	0.001079	
0.718628	0.758853	0.079180	
0.718628	0.758853	0.079180	
0.688803	0.832815	0.090346	
0.659570	0.921334	0.047395	
0.593473	0.940897	0.034487	
0.556926	0.966185	0.064779	
0.369266	1.001038	0.111728	
0.440960	1.082949	0.112836	
0.443338	1.008569	0.057938	
0.443338	1.008569	0.057938	
0.310034	0.982492	0.076678	
0.310034	0.982492	0.076678	
0.108836	1.082657	0.095793	
0.108836	1.082657	0.095793	
0.120290	1.453347	0.051122	
0.000000	1.496652	0.048602	
0.075421	1.166705	0.066932	
0.000000	1.496652	0.048602	
0.018463	1.112513	0.008598	
0.017890	1.581421	0.055737	
0.000000	1.810492	0.000000	
1.013252	0.000000	0.091099	
1.002747	0.000000	0.093197	
1.002309	0.000000	0.096410	
0.997057	0.071756	0.106502	
0.997057	0.071756	0.106502	
0.992462	0.132740	0.093200	
0.987466	0.169699	0.112503	
0.986871	0.167007	0.115210	
0.973302	0.240411	0.109658	
0.970529	0.257175	0.099147	
0.956658	0.319188	0.054753	
0.935703	0.364148	0.027236	
0.929355	0.384476	0.078770	
0.918391	0.420721	0.130309	
0.896131	0.503669	0.011783	
0.880528	0.505012	0.143961	
0.851984	0.579535	0.118496	
0.840881	0.638337	0.067875	
0.797515	0.695763	0.156511	
0.766881	0.734246	0.067681	
0.727803	0.762423	0.073574	
0.689636	0.805927	0.132504	
0.689645	0.887458	0.092522	
0.641933	0.918536	0.050555	
0.556926	0.966185	0.064779	
0.420946	1.001786	0.074448	
0.369266	1.001038	0.111728	
0.259942	1.105336	0.128704	
0.259942	1.105336	0.128704	
0.259942	1.105336	0.128704	
0.358326	1.235808	0.000000	
0.245795	1.209312	0.096717	
0.195554	1.128270	0.044314	
0.187496	1.290851	0.004241	
0.079787	1.513140	0.098488	
0.065000	1.343092	0.177351	
0.000000	1.349778	0.135981	
0.000000	1.543096	0.031861	
0.018463	1.112513	0.008598	
0.000000	1.663908	0.173339	
0.999709	0.000000	0.130810	
0.999709	0.000000	0.130810	
0.994501	0.042137	0.126562	
0.993466	0.084338	0.127543	
0.992379	0.111761	0.120404	
0.992386	0.057576	0.136749	
0.986871	0.167007	0.115210	
0.978480	0.183386	0.133208	
0.973302	0.240411	0.109658	
0.964664	0.295955	0.051762	
0.951859	0.326610	0.094183	
0.943422	0.363437	0.065403	
0.918391	0.420721	0.130309	
0.902156	0.465053	0.138999	
0.880528	0.505012	0.143961	
0.866150	0.539404	0.146946	
0.851984	0.579535	0.118496	
0.802312	0.627785	0.182251	
0.758938	0.681179	0.203297	
0.762478	0.747017	0.055207	
0.678784	0.795305	0.000000	
0.676526	0.827974	0.016640	
0.579246	0.889368	0.071422	
0.466979	0.925225	0.120340	
0.578438	0.967463	0.000000	
0.420946	1.001786	0.074448	
0.173858	1.042055	0.174481	
0.173858	1.042055	0.174481	
0.259942	1.105336	0.128704	
0.339641	1.276093	0.025321	
0.225314	1.279427	0.083121	
0.161644	1.143498	0.190581	
0.187496	1.290851	0.004241	
0.141771	1.295168	0.043494	
0.154861	1.424866	0.208740	
0.003780	1.458923	0.195917	
0.065000	1.343092	0.177351	
0.014635	1.385362	0.131507	
0.000000	1.543096	0.031861	
0.994967	0.000000	0.160183	
0.994923	0.000000	0.142911	
0.994501	0.042137	0.126562	
0.993466	0.084338	0.127543	
0.992386	0.057576	0.136749	
0.984144	0.097366	0.181866	
0.974730	0.178036	0.177923	
0.973346	0.192489	0.161598	
0.962359	0.239315	0.170756	
0.947314	0.300145	0.175541	
0.949260	0.347033	0.119852	
0.944782	0.388550	0.118260	
0.907448	0.426606	0.182211	
0.899229	0.476510	0.175665	
0.868213	0.533900	0.223163	
0.834504	0.580228	0.213431	
0.802312	0.627785	0.182251	
0.754213	0.679931	0.098272	
0.758938	0.681179	0.203297	
0.714593	0.758565	0.174787	
0.676526	0.827974	0.016640	
0.650386	0.874499	0.131364	
0.579246	0.889368	0.071422	
0.564058	0.994617	0.094537	
0.000000	1.067365	0.239245	
0.464914	1.044022	0.171211	
0.000000	1.067365	0.239245	
0.103565	1.106941	0.126243	
0.045328	1.117282	0.170045	
0.000000	1.126037	0.145069	
0.238857	1.242368	0.238288	
0.161644	1.143498	0.190581	
0.180935	1.194994	0.218159	
0.075198	1.334742	0.057641	
0.011978	1.436615	0.154359	
0.017395	1.330886	0.210523	
0.000000	1.317009	0.218386	
0.000000	1.317009	0.218386	
0.994923	0.000000	0.142911	
0.986850	0.026835	0.198224	
0.994588	0.052805	0.145288	
0.984251	0.058657	0.202286	
0.984251	0.058657	0.202286	
0.978836	0.153946	0.213413	
0.968327	0.168081	0.216727	
0.963670	0.178246	0.228010	
0.958654	0.233066	0.216492	
0.950376	0.255040	0.221671	
0.947016	0.351758	0.184881	
0.912635	0.364903	0.248570	
0.905462	0.433490	0.260080	
0.888428	0.469702	0.256602	
0.853893	0.529221	0.256888	
0.820745	0.586090	0.237899	
0.793226	0.625379	0.194725	
0.770692	0.645789	0.173215	
0.724603	0.717233	0.202526	
0.682058	0.808723	0.265172	
0.627520	0.839082	0.230511	
0.631395	0.866937	0.169915	
0.538780	0.902227	0.012533	
0.564058	0.994617	0.094537	
0.451623	1.077745	0.004922	
0.008822	1.094630	0.246535	
0.291356	1.046450	0.275294	
0.187115	1.178554	0.212455	
0.045328	1.117282	0.170045	
0.000000	1.126037	0.145069	
0.185800	1.242143	0.270974	
0.180935	1.194994	0.218159	
0.141771	1.295168	0.043494	
0.075198	1.334742	0.057641	
0.011978	1.436615	0.154359	
0.026854	1.302171	0.221644	
0.000000	1.447900	0.268000	
0.997684	0.000000	0.214811	
0.986850	0.026835	0.198224	
0.987876	0.004556	0.217633	
0.979201	0.086821	0.212827	
0.973298	0.060842	0.237150	
0.966692	0.088303	0.260905	
0.963670	0.178246	0.228010	
0.958030	0.211483	0.252887	
0.950376	0.255040	0.221671	
0.935841	0.322926	0.248209	
0.912916	0.367629	0.259266	
0.912635	0.364903	0.248570	
0.874618	0.463632	0.282595	
0.873989	0.514292	0.231346	
0.836249	0.552246	0.280284	
0.781992	0.601677	0.312867	
0.730983	0.656615	0.320645	
0.724603	0.717233	0.202526	
0.714593	0.758565	0.174787	
0.651549	0.762003	0.328559	
0.631395	0.866937	0.169915	
0.538780	0.902227	0.012533	
0.425769	0.945946	0.237922	
0.494430	1.007765	0.281297	
0.483567	1.100789	0.084833	
0.291356	1.046450	0.275294	
0.340565	1.049263	0.351902	
0.073194	1.143862	0.294686	
0.127741	1.051010	0.313242	
0.246339	1.174491	0.238615	
0.185800	1.242143	0.270974	
0.135126	1.283257	0.318455	
0.002068	1.372878	0.334938	
0.069545	1.351204	0.161041	
0.026854	1.302171	0.221644	
0.000000	1.381803	0.244360	
0.994413	0.000000	0.240665	
0.994413	0.000000	0.240665	
0.985728	0.047862	0.262768	
0.973298	0.060842	0.237150	
0.966692	0.088303	0.260905	
0.962942	0.163827	0.267544	
0.965441	0.180158	0.299398	
0.936265	0.240761	0.312406	
0.953470	0.274130	0.283168	
0.926242	0.332630	0.259266	
0.912916	0.367629	0.259266	
0.905462	0.433490	0.260080	
0.873504	0.470737	0.243378	
0.839668	0.442726	0.357365	
0.825982	0.561560	0.274414	
0.781992	0.601677	0.312867	
0.782810	0.667953	0.325693	
0.690208	0.671879	0.354996	
0.649534	0.709308	0.362662	
0.649534	0.709308	0.362662	
0.501829	0.860118	0.392075	
0.501829	0.860118	0.392075	
0.425769	0.945946	0.237922	
0.299827	0.986168	0.385471	
0.311945	0.990395	0.387312	
0.000000	1.023285	0.389453	
0.000000	1.023285	0.389453	
0.127741	1.051010	0.313242	
0.160032	1.081941	0.368176	
0.160032	1.081941	0.368176	
0.062560	1.249386	0.374820	
0.062560	1.249386	0.374820	
0.082402	1.286592	0.402309	
0.000000	1.255587	0.357968	
0.000000	1.255587	0.357968	
0.981969	0.000000	0.280876	
0.981969	0.000000	0.280876	
0.971188	0.025496	0.295464	
0.971188	0.025496	0.295464	
0.970424	0.047198	0.290005	
0.955955	0.083210	0.340876	
0.937572	0.158307	0.346938	
0.933823	0.188065	0.352599	
0.915799	0.291654	0.345101	
0.915799	0.291654	0.345101	
0.911480	0.397166	0.268714	
0.839925	0.421081	0.398236	
0.839668	0.442726	0.357365	
0.801766	0.490630	0.411909	
0.802754	0.558473	0.381380	
0.782810	0.667953	0.325693	
0.690208	0.671879	0.354996	
0.672956	0.714388	0.364181	
0.651549	0.762003	0.328559	
0.587202	0.759824	0.441587	
0.439961	0.896092	0.435421	
0.518098	0.912728	0.180766	
0.388583	0.955348	0.348695	
0.179715	0.982021	0.402600	
0.311945	0.990395	0.387312	
0.000000	1.048155	0.422644	
0.122509	0.980346	0.361009	
0.122509	0.980346	0.361009	
0.091479	1.213225	0.396405	
0.035713	1.231628	0.418284	
0.136004	1.244246	0.345994	
0.082402	1.286592	0.402309	
0.031330	1.336140	0.421585	
0.000000	1.437658	0.478397	
0.986088	0.000000	0.308415	
0.963141	0.004685	0.340054	
0.963141	0.004685	0.340054	
0.947546	0.062008	0.353807	
0.955955	0.083210	0.340876	
0.933483	0.173627	0.377197	
0.908877	0.204470	0.393249	
0.908877	0.204470	0.393249	
0.904320	0.203445	0.399573	
0.917780	0.128732	0.439828	
0.857216	0.390814	0.427630	
0.836000	0.419892	0.434511	
0.836000	0.419892	0.434511	
0.810056	0.442540	0.463413	
0.763859	0.570643	0.447829	
0.690360	0.613652	0.482736	
0.655690	0.677930	0.408750	
0.645578	0.713304	0.362826	
0.587202	0.759824	0.441587	
0.528253	0.806834	0.458704	
0.439961	0.896092	0.435421	
0.463952	0.943655	0.491036	
0.428524	0.947789	0.456385	
0.322022	0.961863	0.452484	
0.179715	0.982021	0.402600	
0.159595	1.028479	0.399489	
0.159595	1.028479	0.399489	
0.147444	1.144302	0.485327	
0.091479	1.213225	0.396405	
0.044372	1.227550	0.468520	
0.044372	1.227550	0.468520	
0.031330	1.336140	0.421585	
0.000000	1.388929	0.483925	
0.981898	0.000000	0.366815	
0.948627	0.018952	0.372690	
0.959228	0.022848	0.362769	
0.947546	0.062008	0.353807	
0.939759	0.133337	0.411185	
0.932090	0.092204	0.410684	
0.904320	0.203445	0.399573	
0.909950	0.261241	0.367389	
0.918655	0.000000	0.473266	
0.924174	0.263557	0.500063	
0.841001	0.382545	0.435667	
0.789795	0.425999	0.503791	
0.771289	0.511035	0.473004	
0.786803	0.554708	0.501559	
0.690360	0.613652	0.482736	
0.635161	0.634631	0.539187	
0.655690	0.677930	0.408750	
0.600928	0.746277	0.435001	
0.499752	0.752688	0.495156	
0.528253	0.806834	0.458704	
0.437004	0.897495	0.534281	
0.431904	0.920181	0.471978	
0.390692	0.945946	0.495933	
0.246012	0.919069	0.490592	
0.275473	1.043960	0.474458	
0.147503	0.980679	0.473867	
0.075589	1.059291	0.487244	
0.155255	1.077865	0.263227	
0.098703	1.001907	0.325053	
0.041109	1.137290	0.507240	
0.000000	1.279075	0.510265	
0.000000	1.279075	0.510265	
0.945467	0.000000	0.386573	
0.948627	0.018952	0.372690	
0.919128	0.000000	0.428801	
0.915880	0.000000	0.430927	
0.909762	0.128198	0.440748	
0.873262	0.177123	0.473701	
0.873262	0.177123	0.473701	
0.900443	0.000000	0.495133	
0.910729	0.000000	0.527655	
0.872701	0.201573	0.546348	
0.783316	0.418665	0.551561	
0.783316	0.418665	0.551561	
0.743242	0.508726	0.543300	
0.735452	0.520251	0.545301	
0.689125	0.541379	0.586527	
0.635161	0.634631	0.539187	
0.575365	0.678470	0.524966	
0.575929	0.705502	0.523802	
0.379744	0.814291	0.560827	
0.347268	0.837896	0.552692	
0.379744	0.814291	0.560827	
0.347268	0.837896	0.552692	
0.084521	0.924389	0.548835	
0.102504	0.899010	0.524464	
0.237537	0.942167	0.515866	
0.147503	0.980679	0.473867	
0.075589	1.059291	0.487244	
0.098703	1.001907	0.325053	
0.016401	1.126370	0.434771	
0.016401	1.126370	0.434771	
0.000000	1.092400	0.537500	
0.974852	0.000000	0.399531	
0.931284	0.000000	0.436210	
0.915880	0.000000	0.430927	
0.902471	0.000000	0.470615	
0.895259	0.046988	0.492164	
0.887436	0.020783	0.509371	
0.871159	0.065829	0.535275	
0.871159	0.065829	0.535275	
0.841546	0.032906	0.577168	
0.852874	0.198545	0.597926	
0.850542	0.047635	0.620222	
0.788142	0.388055	0.620645	
0.743242	0.508726	0.543300	
0.689125	0.541379	0.586527	
0.622508	0.621533	0.595295	
0.577865	0.657170	0.568478	
0.544847	0.651107	0.612152	
0.542930	0.729256	0.607385	
0.354856	0.814163	0.577172	
0.364498	0.797216	0.554748	
0.260938	0.833072	0.580810	
0.260938	0.833072	0.580810	
0.226327	0.939942	0.586506	
0.237537	0.942167	0.515866	
0.102504	0.899010	0.524464	
0.094405	0.985211	0.497241	
0.076151	0.944975	0.570945	
0.000000	1.080144	0.546576	
0.006963	1.090609	0.472253	
0.000000	1.092400	0.537500	
0.931284	0.000000	0.436210	
0.902471	0.000000	0.470615	
0.892906	0.040910	0.513727	
0.885703	0.008665	0.518561	
0.863181	0.079262	0.542503	
0.871773	0.080051	0.543792	
0.841546	0.032906	0.577168	
0.829843	0.080981	0.602996	
0.820618	0.233241	0.605469	
0.768607	0.316318	0.618445	
0.776130	0.402460	0.649703	
0.696042	0.470784	0.643662	
0.616738	0.480541	0.638488	
0.616738	0.480541	0.638488	
0.620386	0.625193	0.594580	
0.554083	0.662142	0.651367	
0.529707	0.696214	0.645277	
0.490683	0.722468	0.616386	
0.325365	0.769425	0.631958	
0.364498	0.797216	0.554748	
0.298335	0.816954	0.621885	
0.214772	0.893983	0.621361	
0.092937	0.901139	0.627127	
0.000000	0.904635	0.631082	
0.094405	0.985211	0.497241	
0.092524	0.991894	0.589915	
0.076151	0.944975	0.570945	
0.025329	1.012598	0.568555	
0.000000	0.994954	0.578211	
0.914515	0.000000	0.531179	
0.871811	0.022863	0.538688	
0.867549	0.000000	0.526536	
0.863181	0.079262	0.542503	
0.847328	0.058542	0.576608	
0.817605	0.157196	0.592634	
0.799101	0.158152	0.594469	
0.810537	0.215638	0.621060	
0.768607	0.316318	0.618445	
0.753272	0.387054	0.685088	
0.753847	0.048772	0.708230	
0.686710	0.431483	0.680641	
0.625070	0.438795	0.730437	
0.607103	0.578043	0.709130	
0.494390	0.620230	0.714150	
0.494390	0.620230	0.714150	
0.477913	0.674889	0.692735	
0.349987	0.738863	0.644491	
0.349987	0.738863	0.644491	
0.298335	0.816954	0.621885	
0.270491	0.828952	0.630957	
0.194439	0.854768	0.649996	
0.092937	0.901139	0.627127	
0.000000	0.904635	0.631082	
0.060454	0.951317	0.643781	
0.000000	0.994954	0.578211	
0.000000	0.992513	0.557515	
0.000000	0.992513	0.557515	
0.899565	0.000000	0.563537	
0.846371	0.022196	0.586947	
0.846371	0.022196	0.586947	
0.838483	0.021989	0.588436	
0.820775	0.000000	0.627362	
0.799101	0.158152	0.594469	
0.741118	0.188558	0.658904	
0.750606	0.095887	0.663878	
0.753847	0.048772	0.708230	
0.660917	0.288378	0.731883	
0.660917	0.288378	0.731883	
0.652979	0.426078	0.736080	
0.609548	0.439809	0.757585	
0.554127	0.556134	0.761241	
0.445356	0.593020	0.736665	
0.445356	0.593020	0.736665	
0.386069	0.638164	0.734737	
0.345303	0.695763	0.708625	
0.269761	0.714072	0.696970	
0.275390	0.748220	0.708689	
0.224916	0.794261	0.693834	
0.194439	0.854768	0.649996	
0.149325	0.912969	0.684966	
0.034470	0.910351	0.632885	
0.021328	0.916906	0.591637	
0.021328	0.916906	0.591637	
0.000000	0.972597	0.648353	
0.899565	0.000000	0.563537	
0.838483	0.021989	0.588436	
0.825642	0.007626	0.630482	
0.820047	0.015223	0.630528	
0.768226	0.034658	0.662268	
0.750606	0.095887	0.663878	
0.735429	0.097749	0.679412	
0.708122	0.140347	0.707516	
0.673314	0.168958	0.738072	
0.660128	0.357705	0.775490	
0.615842	0.419872	0.764661	
0.609548	0.439809	0.757585	
0.562279	0.442037	0.753100	
0.513080	0.408384	0.780162	
0.428396	0.565336	0.760137	
0.381428	0.575640	0.750510	
0.291239	0.663126	0.745438	
0.288962	0.697752	0.736483	
0.269761	0.714072	0.696970	
0.190825	0.693295	0.740315	
0.177329	0.769692	0.699789	
0.052446	0.816871	0.729636	
0.052446	0.816871	0.729636	
0.003060	0.872777	0.672531	
0.003060	0.872777	0.672531	
0.000000	0.964845	0.511069	
0.820456	0.000000	0.680221	
0.782047	0.000000	0.673606	
0.782047	0.000000	0.673606	
0.768226	0.034658	0.662268	
0.735429	0.097749	0.679412	
0.705512	0.116286	0.716357	
0.673314	0.168958	0.738072	
0.643877	0.237768	0.742670	
0.626432	0.231158	0.775613	
0.617312	0.284837	0.774264	
0.567774	0.397579	0.804243	
0.513080	0.408384	0.780162	
0.506045	0.471841	0.785327	
0.319342	0.546780	0.798909	
0.381428	0.575640	0.750510	
0.328958	0.563572	0.784817	
0.280435	0.654301	0.770111	
0.234124	0.663042	0.760414	
0.174643	0.668492	0.748315	
0.111797	0.708028	0.744212	
0.111797	0.708028	0.744212	
0.055422	0.817369	0.740033	
0.033458	0.836445	0.759107	
0.011488	0.785866	0.673981	
0.000000	0.964845	0.511069	
0.774081	0.000000	0.681420	
0.774081	0.000000	0.681420	
0.773729	0.045464	0.681145	
0.725990	0.053163	0.716013	
0.705512	0.116286	0.716357	
0.677965	0.181882	0.751497	
0.663159	0.099359	0.780897	
0.626432	0.231158	0.775613	
0.591025	0.232009	0.816829	
0.584726	0.232985	0.818035	
0.452691	0.398817	0.841393	
0.443815	0.448405	0.806627	
0.398166	0.489472	0.824873	
0.398166	0.489472	0.824873	
0.319342	0.546780	0.798909	
0.235366	0.567513	0.814082	
0.189233	0.640177	0.795009	
0.234124	0.663042	0.760414	
0.184236	0.672979	0.749358	
0.045846	0.708905	0.762444	
0.027950	0.753650	0.759481	
0.027950	0.753650	0.759481	
0.011488	0.785866	0.673981	
0.000000	0.732929	0.713895	
0.752602	0.000000	0.770639	
0.741433	0.025906	0.751708	
0.713245	0.000000	0.760619	
0.693918	0.050815	0.753843	
0.684599	0.128486	0.784952	
0.594571	0.190224	0.833348	
0.626768	0.201612	0.827652	
0.594571	0.190224	0.833348	
0.533568	0.319233	0.848656	
0.523201	0.239151	0.845216	
0.452691	0.398817	0.841393	
0.431316	0.444106	0.835923	
0.249739	0.461713	0.856507	
0.324367	0.503755	0.831529	
0.239257	0.535633	0.844647	
0.235366	0.567513	0.814082	
0.222744	0.604275	0.808187	
0.118403	0.621836	0.801007	
0.122894	0.670663	0.751828	
0.056122	0.669987	0.767685	
0.052201	0.681945	0.760409	
0.012281	0.786002	0.779268	
0.000000	0.732929	0.713895	
0.750860	0.000000	0.777124	
0.713245	0.000000	0.760619	
0.693446	0.038143	0.786107	
0.693446	0.038143	0.786107	
0.637860	0.034871	0.847113	
0.611559	0.149276	0.871827	
0.536404	0.197364	0.864317	
0.545433	0.267502	0.860161	
0.492603	0.275496	0.852939	
0.417182	0.326020	0.855732	
0.417182	0.326020	0.855732	
0.381827	0.425843	0.864126	
0.249739	0.461713	0.856507	
0.269493	0.502963	0.851114	
0.239257	0.535633	0.844647	
0.197325	0.536854	0.849130	
0.185789	0.583070	0.819894	
0.118403	0.621836	0.801007	
0.029287	0.673353	0.796606	
0.029287	0.673353	0.796606	
0.012107	0.688777	0.791823	
0.000000	0.750582	0.822389	
0.750860	0.000000	0.777124	
0.705374	0.000000	0.823982	
0.619670	0.013913	0.854710	
0.539029	0.083470	0.891328	
0.574418	0.070927	0.865466	
0.540367	0.183351	0.872378	
0.544673	0.229327	0.896160	
0.473035	0.186821	0.888268	
0.436508	0.284114	0.869352	
0.409935	0.310871	0.877892	
0.365532	0.358868	0.878736	
0.309613	0.412388	0.872753	
0.242894	0.461286	0.877719	
0.239712	0.483437	0.862802	
0.198126	0.521267	0.866819	
0.078823	0.560329	0.861145	
0.058176	0.585186	0.832769	
0.091618	0.587434	0.838797	
0.005568	0.649851	0.823166	
0.005568	0.649851	0.823166	
0.000000	0.695103	0.864061	
0.733324	0.000000	0.794651	
0.619670	0.013913	0.854710	
0.577548	0.038193	0.901149	
0.571136	0.020403	0.837872	
0.539029	0.083470	0.891328	
0.510386	0.100464	0.923021	
0.472104	0.222844	0.897523	
0.411817	0.252997	0.935998	
0.416912	0.287071	0.884362	
0.336305	0.331179	0.896198	
0.339341	0.370483	0.902843	
0.218251	0.406695	0.900766	
0.218251	0.406695	0.900766	
0.104667	0.463897	0.887640	
0.161363	0.497850	0.875182	
0.008210	0.536781	0.877268	
0.070248	0.533837	0.868149	
0.058176	0.585186	0.832769	
0.031072	0.627278	0.839602	
0.000000	0.653945	0.892993	
0.000000	0.000000	1.009318	
0.000000	0.000000	1.013911	
0.571136	0.020403	0.837872	
0.505104	0.049285	0.890406	
0.505104	0.049285	0.890406	
0.460274	0.078038	0.936745	
0.396806	0.179530	0.939877	
0.340527	0.232643	0.928432	
0.357222	0.236482	0.939379	
0.336305	0.331179	0.896198	
0.211371	0.361867	0.923688	
0.230421	0.402969	0.904874	
0.193077	0.411642	0.905731	
0.104667	0.463897	0.887640	
0.110411	0.489246	0.881613	
0.070248	0.533837	0.868149	
0.046106	0.550930	0.845227	
0.008210	0.536781	0.877268	
0.000000	0.572708	0.907387	
0.000000	0.000000	1.015815	
0.000000	0.000000	1.013911	
0.539375	0.032754	0.941447	
0.473774	0.044846	0.949043	
0.460274	0.078038	0.936745	
0.427867	0.121985	0.947871	
0.363223	0.132323	0.952284	
0.340527	0.232643	0.928432	
0.250286	0.267654	0.941833	
0.230963	0.318871	0.951852	
0.217255	0.341699	0.932016	
0.211371	0.361867	0.923688	
0.174061	0.378224	0.926287	
0.109988	0.453556	0.931346	
0.074002	0.502150	0.906013	
0.034269	0.503187	0.909984	
0.026810	0.530167	0.872439	
0.000000	0.572708	0.907387	
0.000000	0.000000	1.015815	
0.009972	0.029315	1.012237	
0.517211	0.041838	1.006034	
0.473774	0.044846	0.949043	
0.427867	0.121985	0.947871	
0.363223	0.132323	0.952284	
0.348785	0.184009	0.956078	
0.150212	0.250515	0.964586	
0.278948	0.265487	0.962642	
0.161410	0.303297	0.946240	
0.161067	0.326474	0.948374	
0.119770	0.377362	0.933499	
0.132074	0.406109	0.920835	
0.090666	0.389375	0.940019	
0.013073	0.464491	0.954007	
0.015058	0.518432	0.909016	
0.000000	0.549451	0.922445	
0.000000	0.000000	1.017261	
0.000000	0.000000	1.013268	
0.000000	0.004784	1.007676	
0.069656	0.088745	0.999805	
0.333900	0.138946	0.971663	
0.333900	0.138946	0.971663	
0.212750	0.164464	0.975992	
0.151210	0.238185	0.966432	
0.196745	0.260960	0.957215	
0.198118	0.300444	0.959335	
0.161067	0.326474	0.948374	
0.040428	0.366646	0.948554	
0.090666	0.389375	0.940019	
0.000000	0.406132	0.955170	
0.016368	0.408358	0.944293	
0.000000	0.416679	0.970095	
0.000000	0.000000	1.013268	
0.000000	0.000000	1.014133	
0.000000	0.000000	1.009429	
0.029123	0.100352	0.999801	
0.039806	0.109220	0.998828	
0.074552	0.149334	0.994625	
0.188912	0.175360	0.980057	
0.160514	0.214847	0.976691	
0.196745	0.260960	0.957215	
0.165429	0.261660	0.964169	
0.102483	0.320266	0.951295	
0.053493	0.334194	0.955960	
0.026677	0.379259	0.950072	
0.016368	0.408358	0.944293	
0.000000	0.416717	0.954115	
0.000000	0.000000	1.014648	
0.000657	0.002921	1.009664	
0.000657	0.002921	1.009664	
0.039224	0.091191	1.001064	
0.043593	0.106178	0.999220	
0.074552	0.149334	0.994625	
0.075665	0.189769	0.987104	
0.114485	0.219529	0.976447	
0.151210	0.238185	0.966432	
0.120591	0.250673	0.973526	
0.070665	0.310669	0.958963	
0.053493	0.334194	0.955960	
0.026677	0.379259	0.950072	
0.000000	0.406132	0.955170	
0.000000	0.000000	1.014648	
0.001567	0.024324	1.007501	
0.021288	0.051003	1.006213	
0.030611	0.080798	1.003081	
0.043593	0.106178	0.999220	
0.073078	0.148340	0.998336	
0.037915	0.191636	0.988575	
0.095114	0.219902	0.979189	
0.120591	0.250673	0.973526	
0.054860	0.271706	0.978301	
0.054860	0.271706	0.978301	
0.021120	0.282460	0.979772	
0.000000	0.355956	0.975006	
0.000000	0.000000	1.010947	
0.000146	0.024405	1.008804	
0.021288	0.051003	1.006213	
0.011147	0.056081	1.004114	
0.038676	0.112949	0.999230	
0.061914	0.149292	0.997219	
0.114826	0.182141	0.988585	
0.121096	0.202615	0.984983	
0.079449	0.228954	0.979875	
0.021830	0.249316	0.984660	
0.021120	0.282460	0.979772	
0.000000	0.000000	1.018465	
0.000000	0.000000	1.010947	
0.001567	0.024324	1.007501	
0.002311	0.011946	1.006006	
0.015469	0.081744	1.001286	
0.019020	0.106158	1.000402	
0.044211	0.147656	0.994766	
0.100828	0.166534	0.991524	
0.071554	0.209926	0.988728	
0.000000	0.232311	0.998726	
0.021614	0.254244	0.986505	
0.000000	0.267342	1.000582	
0.000000	0.000000	1.011392	
0.002311	0.011946	1.006006	
0.000000	0.000000	1.006704	
0.010612	0.065916	1.003973	
0.030768	0.078381	1.003999	
0.002683	0.120448	1.003864	
0.044211	0.147656	0.994766	
0.056610	0.200588	0.993356	
0.011702	0.198006	1.000912	
0.000000	0.249640	1.007266	
0.000000	0.000000	1.012257	
0.002108	0.019164	1.010303	
0.004759	0.033113	1.007203	
0.010612	0.065916	1.003973	
0.002282	0.061524	1.006620	
0.018758	0.134008	0.999487	
0.050946	0.162809	1.001783	
0.023937	0.176280	0.999617	
0.000000	0.000000	1.014581	
0.000000	0.000000	1.016238	
0.002218	0.020256	1.009407	
0.011083	0.037653	1.008981	
0.002282	0.061524	1.006620	
0.027598	0.067314	1.010236	
0.018758	0.134008	0.999487	
0.011699	0.153790	1.002849	
0.000000	0.000000	1.014581	
0.000000	0.000000	1.016738	
0.002218	0.020256	1.009407	
0.000000	0.000000	1.006469	
0.000000	0.000000	1.006469	
0.006884	0.085051	1.007267	
0.006884	0.085051	1.007267	
0.000000	0.145467	1.010146	
0.000000	0.000000	1.009322	
0.001401	0.011942	1.006460	
0.001295	0.014230	1.005187	
0.008142	0.075304	1.004179	
0.011314	0.052521	1.007088	
0.000000	0.000000	1.016356	
0.000000	0.000000	1.009322	
0.001295	0.014230	1.005187	
0.001401	0.011942	1.006460	
0.008142	0.075304	1.004179	
0.000000	0.005567	1.012378	
0.000000	0.000000	1.012262	
0.000000	0.000000	1.012262	
0.003613	0.021574	1.011216	
0.000000	0.000000	1.016011	
0.000000	0.000000	1.019356	
0.003613	0.021574	1.011216	
0.000000	0.000000	1.020235	
0.000000	0.000000	1.016275	
0.000000	0.000000	1.016275	
0.000000	0.000000	1.030568	
0.000000	0.000000	0.000000	
0.000000	0.000000	0.000000	
0.000000	0.000000	0.000000	
0.000000	0.000000	0.000000	
0.000000	0.000000	0.000000	
0.000000	0.000000	0.000000	
0.000000	0.000000	0.000000	
0.000000	0.000000	0.000000	
0.000000	0.000000	0.000000	
0.000000	0.000000	0.000000	
