60.363828	0.000000	0.000000	
60.363828	0.000000	0.000000	
33.736521	2.862461	0.000000	
33.736521	2.862461	0.000000	
62.550352	0.000000	0.000000	
60.584598	0.000000	0.000000	
58.730313	0.000000	0.000000	
58.730313	0.000000	0.000000	
59.574434	0.000000	0.000000	
59.574434	0.000000	0.000000	
60.119753	0.000000	0.000000	
62.550352	0.000000	0.000000	
60.119753	0.000000	0.000000	
0.000000	27.831935	0.000000	
74.600009	0.000000	0.000000	
0.000000	50.670746	0.000000	
0.000000	71.912747	0.000000	
104.548106	90.210853	0.000000	
104.548106	90.210853	0.000000	
4.622904	44.718116	0.000000	
36.998702	98.484947	0.000000	
36.998702	98.484947	0.000000	
0.000000	106.589250	0.000000	
0.000000	106.589250	0.000000	
70.910408	119.765201	0.000000	
70.910408	119.765201	0.000000	
0.000000	25.405206	0.000000	
52.649286	73.774369	0.000000	
42.652172	67.265776	0.000000	
23.968887	49.513666	0.000000	
25.681022	47.111057	0.000000	
23.325784	45.393563	0.000000	
2.927772	81.640320	0.000000	
2.899600	67.546654	0.000000	
0.000000	61.899907	0.000000	
2.926174	56.195365	0.000000	
3.213450	54.180001	0.000000	
2.231299	51.136741	0.000000	
3.213450	54.180001	0.000000	
2.926174	56.195365	0.000000	
2.141505	61.292219	0.000000	
0.000000	66.353295	0.000000	
0.000000	66.310517	0.000000	
0.000000	66.353295	0.000000	
52.062062	0.000000	0.146669	
52.062062	0.000000	0.146669	
58.074980	0.000000	0.327797	
56.066399	0.250596	0.638677	
52.857596	0.188925	0.646040	
52.870005	0.407354	0.898288	
8.615799	7.344334	0.867927	
8.615799	7.344334	0.867927	
8.259156	7.743228	0.867927	
54.348182	0.628130	0.198679	
0.393164	1.431692	1.778099	
0.393164	1.431692	1.778099	
2.019365	5.880902	1.992813	
74.600009	0.000000	0.000000	
0.000000	34.450239	0.508420	
0.046295	3.965838	2.875055	
0.046295	3.965838	2.875055	
0.000000	2.184684	2.936978	
0.000000	2.184684	2.936978	
4.622904	44.718116	0.000000	
0.034396	5.902095	3.185171	
17.312852	51.007136	0.000000	
17.312852	51.007136	0.000000	
37.799310	76.195546	2.598664	
1.154474	6.305380	0.626310	
1.640091	6.599223	0.401820	
0.364486	8.642386	0.176265	
0.000000	8.763004	0.135926	
2.782003	5.915969	0.856676	
4.686505	7.123828	1.111315	
4.686505	7.123828	1.111315	
2.105126	8.685619	0.869409	
0.000000	50.993269	0.828535	
1.449981	50.972650	0.828535	
3.995059	54.525364	0.900615	
3.219369	54.576656	0.900615	
2.055224	49.134358	0.536491	
2.135765	48.279002	0.439333	
2.055224	49.134358	0.536491	
0.832140	49.961371	0.308234	
1.537051	50.194418	0.150289	
0.404215	56.767623	0.982778	
0.000000	65.832832	0.569802	
52.062062	0.000000	0.146669	
52.062062	0.000000	0.146669	
16.698539	0.000000	1.581491	
38.916709	1.564513	0.000000	
52.237959	0.308934	2.419437	
52.237959	0.308934	2.419437	
24.273132	0.877679	2.351010	
21.409189	0.698166	1.772054	
8.259156	7.743228	0.867927	
3.506495	0.291741	0.209227	
4.097357	5.208378	3.349320	
4.097357	5.208378	3.349320	
2.848188	6.140927	2.629402	
2.848188	6.140927	2.629402	
0.264365	3.326471	2.971435	
0.264365	3.326471	2.971435	
2.935994	9.984472	0.371491	
7.019153	22.594455	0.000000	
0.000000	1.898436	3.427348	
0.000000	1.898436	3.427348	
1.307317	1.625156	2.770955	
1.307317	1.625156	2.770955	
5.453909	8.175840	0.640270	
0.287897	8.146415	0.670845	
1.154474	6.305380	0.626310	
0.796939	6.771187	0.486039	
1.640091	6.599223	0.401820	
0.728384	6.274774	0.618305	
0.000000	8.763004	0.135926	
2.417693	7.176064	0.493775	
1.937948	7.949586	0.555822	
1.849882	7.330109	0.746741	
1.449981	50.972650	0.828535	
0.000000	56.550971	0.000000	
0.000000	56.550971	0.000000	
2.372243	50.206391	0.182770	
2.135765	48.279002	0.439333	
2.058523	48.515296	0.353155	
2.014922	42.373962	2.148217	
1.706875	40.557113	2.105579	
0.991246	51.955576	2.060349	
0.000000	60.879915	2.413813	
22.019701	0.000000	4.052692	
29.950807	0.871066	0.493996	
38.916709	1.564513	0.000000	
51.557175	0.000000	3.650186	
51.557175	0.000000	3.650186	
51.770040	0.000000	3.283616	
21.409189	0.698166	1.772054	
18.701046	0.676201	1.811317	
18.701046	0.676201	1.811317	
0.000000	4.209322	5.296477	
0.000000	4.209322	5.296477	
0.983566	0.840626	6.300613	
10.893382	25.263332	4.748709	
0.000000	26.940227	5.910312	
0.000000	26.940227	5.910312	
0.205983	5.107362	7.345627	
2.935994	9.984472	0.371491	
18.760314	47.683251	8.451005	
0.127893	0.686303	4.384510	
1.454086	1.865170	3.141996	
1.454086	1.865170	3.141996	
8.625832	14.487204	0.036626	
3.442526	7.302906	0.599503	
2.782422	6.123550	0.446369	
0.728384	6.274774	0.618305	
0.494375	6.171856	0.502066	
0.494375	6.171856	0.502066	
1.783149	6.578150	0.203067	
1.783149	6.578150	0.203067	
2.743021	6.851429	0.695812	
1.849882	7.330109	0.746741	
1.335806	7.300657	0.555600	
0.000000	50.993269	0.828535	
1.021165	16.555709	0.731133	
2.396540	55.699599	0.866148	
1.919723	52.437804	1.981162	
2.058523	48.515296	0.353155	
1.537051	50.194418	0.150289	
1.706875	40.557113	2.105579	
0.727903	51.110426	1.770343	
0.000000	60.879915	2.413813	
53.831757	0.000000	3.894057	
29.753629	0.011754	1.060141	
39.918392	0.015770	3.221205	
37.416620	1.741209	3.135734	
35.418702	0.986933	0.878241	
21.409189	0.698166	1.772054	
20.591721	0.558826	2.438622	
3.506495	0.291741	0.209227	
30.281715	7.072246	1.382770	
53.768441	0.847722	5.951888	
59.219815	9.892637	5.540738	
0.000000	0.000000	8.711664	
0.000000	0.000000	8.711664	
9.665849	21.449389	13.151298	
0.000000	35.100322	11.084453	
7.019153	22.594455	0.000000	
72.659882	0.000000	11.617317	
30.448774	39.412500	13.492011	
7.404730	41.067237	7.523858	
7.404730	41.067237	7.523858	
4.648327	8.700687	0.861598	
6.479218	6.352363	0.374300	
3.442526	7.302906	0.599503	
2.782422	6.123550	0.446369	
0.897949	5.522728	0.831046	
0.306989	5.546746	0.883863	
0.897949	5.522728	0.831046	
1.656600	5.688162	0.402704	
2.130009	6.255791	0.846892	
1.064283	5.905492	0.802962	
1.728374	7.119512	0.197494	
1.335806	7.300657	0.555600	
2.028397	8.966554	1.004878	
1.021165	16.555709	0.731133	
5.794039	18.189811	3.828640	
2.092780	50.573300	1.441286	
1.954023	51.152627	1.774318	
1.858384	49.138719	1.078869	
0.430616	52.719766	2.220027	
0.000000	65.721554	5.769043	
29.931207	0.000000	1.475286	
29.753629	0.011754	1.060141	
37.416620	1.741209	3.135734	
31.647552	0.968438	0.225852	
35.418702	0.986933	0.878241	
19.646972	1.614638	1.724705	
19.646972	1.614638	1.724705	
30.302652	7.077136	0.757902	
30.281715	7.072246	1.382770	
48.207907	4.517468	3.874378	
56.192163	0.000000	8.874183	
0.000000	0.000000	15.289099	
0.000000	0.000000	15.289099	
90.876165	3.918713	19.399818	
0.000000	0.000000	20.906508	
72.659882	0.000000	11.617317	
0.000000	0.000000	20.906508	
14.654602	35.905769	13.000756	
7.880998	20.539325	3.232236	
5.036549	13.213517	1.238616	
4.719124	4.621958	1.122734	
4.994771	5.943695	0.788498	
0.216647	5.768858	1.271515	
2.408138	5.357784	0.449149	
1.404225	5.120306	0.929352	
2.458486	4.848391	0.588240	
2.178419	5.312215	1.016239	
1.998112	5.632939	0.996590	
1.767254	5.502270	1.054580	
1.064283	5.905492	0.802962	
0.924212	5.583831	0.327722	
0.388039	5.250136	0.673649	
0.000000	8.019849	0.744521	
2.634482	13.861840	3.582408	
3.700282	15.194404	0.380382	
3.700282	15.194404	0.380382	
0.377231	50.226907	6.069267	
1.005093	52.642066	1.666475	
0.000000	64.762353	6.156518	
53.149055	0.000000	4.963504	
38.710980	0.015293	2.687035	
31.507510	1.366633	2.709178	
38.026108	1.215653	0.075264	
38.026108	1.215653	0.075264	
19.646972	1.614638	1.724705	
1.198478	0.053351	0.024047	
1.196546	0.053265	0.072209	
44.938600	6.755595	0.000000	
44.938600	6.755595	0.000000	
59.219815	9.892637	5.540738	
0.000000	0.000000	21.054983	
0.000000	0.000000	21.054983	
14.621681	13.012179	19.573205	
0.000000	21.318767	29.527628	
0.000000	21.318767	29.527628	
37.799310	76.195546	2.598664	
14.654602	35.905769	13.000756	
5.036549	13.213517	1.238616	
4.044580	2.425506	2.056334	
4.719124	4.621958	1.122734	
0.216647	5.768858	1.271515	
1.755475	5.681531	1.171803	
1.404225	5.120306	0.929352	
2.458486	4.848391	0.588240	
2.209058	4.939716	0.849287	
1.947463	5.088071	1.124936	
1.467355	5.437521	0.582254	
1.767254	5.502270	1.054580	
1.596218	6.081048	0.613529	
0.924212	5.583831	0.327722	
0.388039	5.250136	0.673649	
0.000000	8.019849	0.744521	
2.634482	13.861840	3.582408	
0.000000	22.872040	3.210252	
0.058993	38.569465	6.769188	
0.377231	50.226907	6.069267	
0.000000	65.019633	5.554370	
53.149055	0.000000	4.963504	
31.647552	0.968438	0.225852	
33.719761	1.678129	4.241430	
38.768423	2.148156	0.381575	
19.646972	1.614638	1.724705	
1.198478	0.053351	0.024047	
1.196546	0.053265	0.072209	
34.842272	2.242402	1.259208	
37.225950	4.787185	0.000000	
59.219815	9.892637	5.540738	
43.483476	6.170359	13.055271	
2.282424	1.796108	32.787617	
0.000000	0.000000	33.685046	
0.000000	0.000000	33.685046	
61.857687	0.000000	34.623452	
0.000000	0.000000	34.735097	
40.550272	28.669222	0.000000	
0.434770	4.475486	6.123303	
0.936611	5.560758	2.779284	
4.044580	2.425506	2.056334	
3.332112	3.061452	1.533014	
1.755475	5.681531	1.171803	
1.037588	5.213190	1.596014	
2.000101	4.937874	1.142130	
2.209058	4.939716	0.849287	
1.829823	5.051822	1.358237	
1.329331	5.206438	1.126552	
1.428408	5.206517	1.148355	
1.467355	5.437521	0.582254	
0.000000	5.791094	1.273148	
1.130985	6.197475	0.489477	
0.647573	5.857481	1.051805	
0.647573	5.857481	1.051805	
0.813419	8.350385	1.493264	
0.813419	8.350385	1.493264	
0.354513	16.039973	2.515994	
0.000000	64.762353	6.156518	
51.813505	0.000000	11.067489	
31.507510	1.366633	2.709178	
33.719761	1.678129	4.241430	
43.177434	2.376531	1.812015	
32.833248	2.365896	7.607118	
37.225950	4.787185	0.000000	
34.842272	2.242402	1.259208	
34.842272	2.242402	1.259208	
33.348020	0.000000	0.000000	
35.903484	5.359391	5.346857	
39.809788	8.085091	12.232039	
14.621681	13.012179	19.573205	
1.537189	8.705293	6.479669	
17.463470	12.948308	12.168539	
81.673282	63.356210	35.879845	
28.979943	0.000000	41.938507	
2.772294	5.742128	2.519109	
2.772294	5.742128	2.519109	
2.712495	5.825967	2.384112	
3.600142	3.521449	1.380865	
3.332112	3.061452	1.533014	
1.059566	5.000510	2.004676	
2.783056	5.230944	1.356272	
2.474482	5.178180	1.401235	
2.000101	4.937874	1.142130	
1.726456	4.740173	1.478390	
1.726456	4.740173	1.478390	
1.207420	5.095497	0.903488	
0.998145	5.432108	1.439302	
0.000000	5.791094	1.273148	
0.618903	5.447375	1.421418	
0.434739	5.677730	1.543450	
0.346892	5.989694	1.300248	
0.633540	7.343818	1.333400	
0.248538	11.245134	0.768595	
0.000000	17.380065	5.322007	
46.667802	0.000000	12.922325	
46.667802	0.000000	12.922325	
37.193258	0.299496	0.000000	
31.693810	2.581208	4.850516	
32.833248	2.365896	7.607118	
29.835606	0.051611	1.719502	
31.297142	2.675007	0.000000	
31.297142	2.675007	0.000000	
31.047418	1.850325	0.540581	
35.545044	2.611787	0.000000	
36.262970	0.000000	0.501851	
1.537189	8.705293	6.479669	
2.278452	11.516263	7.483277	
2.635406	3.615951	3.085054	
2.140607	3.667220	3.044587	
0.835001	3.135794	2.383084	
2.635406	3.615951	3.085054	
1.045602	3.120436	2.914738	
2.653371	2.604062	1.402702	
2.653371	2.604062	1.402702	
2.995918	2.487376	1.940405	
0.392709	4.541160	1.469971	
0.392709	4.541160	1.469971	
1.163599	4.750999	1.905179	
2.136202	5.064720	1.431008	
1.303042	5.111446	1.629890	
1.477478	5.050228	1.606358	
1.074911	5.255313	1.305221	
1.148111	5.548796	1.318974	
0.759067	5.545835	0.966191	
0.618903	5.447375	1.421418	
0.434739	5.677730	1.543450	
0.307944	5.689157	2.113036	
0.248538	11.245134	0.768595	
0.000000	19.597857	4.451263	
46.667802	0.000000	12.922325	
37.193258	0.299496	0.000000	
36.096499	0.000000	0.000000	
28.562449	2.400804	6.770893	
27.856723	1.898918	6.309375	
29.835606	0.051611	1.719502	
31.084658	2.972455	0.000000	
31.084658	2.972455	0.000000	
31.047418	1.850325	0.540581	
36.262970	0.000000	0.501851	
17.463470	12.948308	12.168539	
1.793710	7.419190	6.316480	
2.140607	3.667220	3.044587	
1.037643	3.631690	2.374529	
0.835001	3.135794	2.383084	
1.840858	3.199825	2.418318	
1.213254	3.416500	2.267995	
1.782002	4.073831	2.136903	
3.105391	2.572521	1.488704	
1.580816	3.826531	2.074728	
2.508557	2.455278	1.519154	
2.380603	2.707229	1.030432	
1.635331	4.744884	2.134345	
0.995162	3.511295	1.748847	
1.492237	4.988936	1.989839	
1.477478	5.050228	1.606358	
1.014752	5.031244	1.845890	
0.674253	5.267539	1.833458	
0.406939	5.241970	1.497532	
0.674253	5.267539	1.833458	
0.458039	5.954688	1.851499	
0.346892	5.989694	1.300248	
0.000000	6.126737	2.732673	
0.000000	17.380065	5.322007	
48.601674	0.000000	10.908812	
36.096499	0.000000	0.000000	
30.485910	1.016187	2.354468	
28.562449	2.400804	6.770893	
26.000000	0.000000	0.000000	
29.575381	0.820888	0.000000	
31.360892	3.637605	0.000000	
29.628588	4.134056	0.000000	
33.523186	1.553805	0.000000	
35.790947	0.000000	0.000000	
1.793710	7.419190	6.316480	
1.546490	3.854585	2.491861	
0.955089	2.986677	1.413860	
0.955089	2.986677	1.413860	
1.629391	3.147301	2.291485	
1.840858	3.199825	2.418318	
0.464034	2.920773	1.935574	
0.366825	3.344311	2.354824	
2.508557	2.455278	1.519154	
2.380603	2.707229	1.030432	
2.170521	2.741847	1.786819	
1.883342	3.214879	0.863380	
1.539095	3.381018	0.977626	
0.995162	3.511295	1.748847	
1.158238	4.879888	2.185606	
1.158238	4.879888	2.185606	
1.014752	5.031244	1.845890	
0.796515	5.035471	2.028267	
0.406939	5.241970	1.497532	
0.097891	5.171963	2.090313	
0.135202	5.817794	2.374969	
0.042509	8.369707	3.076284	
0.000000	15.972941	2.777418	
48.223469	0.000000	10.365230	
30.485910	1.016187	2.354468	
27.856723	1.898918	6.309375	
26.000000	0.000000	0.000000	
29.771233	3.101987	8.897615	
29.575381	0.820888	0.000000	
28.737320	4.372069	8.936660	
28.737320	4.372069	8.936660	
0.152082	2.069649	7.341004	
29.489734	1.931785	3.383435	
0.303166	2.508551	2.323701	
0.849534	2.872400	2.140557	
0.605205	2.694248	1.896798	
0.605205	2.694248	1.896798	
0.464034	2.920773	1.935574	
0.841292	3.067749	2.582466	
1.155352	2.883408	2.294823	
0.795425	3.132982	1.888972	
0.819730	3.409481	2.257786	
2.170521	2.741847	1.786819	
0.749043	3.218126	1.501134	
1.036865	3.083591	1.488320	
1.539095	3.381018	0.977626	
0.568446	3.550103	2.164828	
1.096052	4.955999	2.221381	
1.053870	3.636747	1.923531	
0.796515	5.035471	2.028267	
0.683315	5.246511	2.238077	
0.569532	4.858401	2.336072	
0.241923	6.185601	1.829083	
0.187336	7.100242	1.033303	
0.000000	9.706439	1.949003	
48.427648	0.000000	13.412719	
29.579813	0.102337	3.076386	
30.485910	1.016187	2.354468	
28.533686	1.912441	5.105604	
29.229567	1.793386	0.000000	
28.863994	5.703949	6.942587	
29.163528	4.069834	9.084204	
0.152082	2.069649	7.341004	
0.040147	1.313026	7.083682	
0.303166	2.508551	2.323701	
0.605205	2.694248	1.896798	
0.047990	2.450836	2.996977	
0.605205	2.694248	1.896798	
0.568002	2.728525	2.118768	
0.283834	2.522135	2.763195	
0.660084	2.841749	2.679387	
1.155352	2.883408	2.294823	
0.795425	3.132982	1.888972	
2.137362	2.760248	2.132050	
0.749043	3.218126	1.501134	
1.297644	2.905350	1.554428	
1.297644	2.905350	1.554428	
1.528243	4.017117	1.573386	
0.383486	3.085699	2.406018	
1.053870	3.636747	1.923531	
0.857513	3.167781	2.341371	
0.683315	5.246511	2.238077	
0.445381	5.554069	2.594119	
0.241923	6.185601	1.829083	
0.198936	6.874867	3.080785	
0.000000	7.296239	2.649715	
37.326043	0.000000	0.000000	
30.485910	1.016187	2.354468	
29.399712	1.023130	3.655822	
28.503581	1.763791	1.647410	
29.163528	4.069834	9.084204	
28.293408	1.518334	3.661531	
0.789941	2.347997	10.240026	
0.885841	2.372808	2.835833	
0.151845	1.548243	3.250377	
0.111723	2.050839	2.727128	
0.111723	2.050839	2.727128	
0.000000	1.564976	3.292350	
0.047990	2.450836	2.996977	
0.000000	2.467598	1.993204	
0.000000	2.467598	1.993204	
0.000000	2.308381	1.718353	
0.306409	1.852866	1.614491	
0.352744	1.922951	2.098522	
0.000000	2.963850	2.196286	
0.000000	2.963850	2.196286	
0.000000	2.963850	2.196286	
0.084105	3.145355	2.065894	
0.479669	3.530037	2.510174	
0.383486	3.085699	2.406018	
0.000000	3.601064	2.520733	
0.000000	3.601064	2.520733	
0.039051	5.230498	2.641521	
0.000000	4.393525	3.022189	
0.114386	6.680698	1.316552	
0.000000	7.296239	2.649715	
42.952299	0.000000	0.000000	
29.399712	1.023130	3.655822	
28.975616	1.023596	3.921762	
28.503581	1.763791	1.647410	
27.557312	0.478070	0.517999	
0.789941	2.347997	10.240026	
0.047667	0.247316	6.900985	
0.493389	1.585601	3.746620	
0.151845	1.548243	3.250377	
0.000000	1.830633	3.091195	
0.306927	1.053873	3.271349	
0.223803	2.017675	3.007390	
0.236713	2.278503	3.001795	
0.000000	1.977654	2.679857	
0.000000	2.188675	2.136848	
0.575186	1.841245	1.897206	
0.575186	1.841245	1.897206	
0.352744	1.922951	2.098522	
0.000000	2.812979	2.303138	
0.000000	2.812979	2.303138	
0.214869	2.956205	2.254608	
0.214869	2.956205	2.254608	
0.000000	3.214607	2.292261	
0.218915	3.236932	2.270044	
0.279247	3.797870	2.349298	
0.000000	3.617868	2.756164	
0.016058	4.301703	2.604294	
0.039051	5.230498	2.641521	
0.000000	8.294660	2.190164	
35.549101	0.000000	1.051402	
28.975616	1.023596	3.921762	
0.188936	1.831539	16.791007	
0.188936	1.831539	16.791007	
0.096299	1.110023	17.275719	
0.000000	0.000000	8.692196	
0.098873	0.932865	5.276539	
0.000000	0.829358	4.074450	
0.484775	1.465072	3.346842	
0.000000	1.564976	3.292350	
0.000000	0.000000	3.351619	
0.223803	2.017675	3.007390	
0.000000	1.977654	2.679857	
0.000000	1.949924	2.229232	
0.254801	1.325580	1.956876	
0.438136	1.805746	1.861189	
0.254801	1.325580	1.956876	
1.543079	2.421950	2.538934	
0.232455	2.654525	2.366572	
0.232455	2.654525	2.366572	
0.000000	3.033253	2.235987	
0.135672	3.032709	2.378480	
0.000000	3.151123	2.342892	
0.000000	3.282491	2.280677	
0.055704	3.730305	2.464838	
0.028339	3.795704	2.520711	
0.016058	4.301703	2.604294	
0.000000	4.405520	3.032957	
36.129189	0.000000	1.216138	
31.523678	0.403623	3.024663	
28.277896	0.614164	0.000000	
0.096299	1.110023	17.275719	
0.000000	1.134440	6.802979	
0.393871	1.316463	6.012634	
0.098873	0.932865	5.276539	
0.484775	1.465072	3.346842	
0.306927	1.053873	3.271349	
0.102452	0.279758	2.783851	
0.000000	1.457188	2.171509	
0.563106	1.622138	1.864245	
0.319894	1.789663	2.394136	
0.443673	1.539361	2.444336	
0.000000	1.949924	2.229232	
0.443673	1.539361	2.444336	
0.719573	2.201466	2.657454	
0.000000	1.979601	2.610215	
0.587474	2.489614	2.530426	
0.000000	2.698782	2.443521	
0.000000	2.698782	2.443521	
0.016850	2.998821	2.395329	
0.135672	3.032709	2.378480	
0.218915	3.236932	2.270044	
0.006067	3.250544	2.033278	
0.006067	3.250544	2.033278	
0.000000	4.405520	3.032957	
35.549101	0.000000	1.051402	
0.000345	0.057971	21.354729	
0.367440	0.719759	9.178740	
0.000000	1.134440	6.802979	
0.000000	0.000000	6.292278	
0.109433	0.779598	3.837270	
0.000000	0.000000	4.715290	
0.000000	1.224315	4.221343	
0.105603	0.714495	2.753367	
0.021517	1.211184	2.321412	
0.139872	0.838970	2.713637	
0.000000	1.457188	2.171509	
0.000000	1.691814	2.504620	
0.118100	1.740110	1.974426	
0.133129	1.965690	2.285354	
0.393697	1.635787	1.735413	
0.000000	2.107200	2.565750	
0.000000	1.985251	2.621681	
0.000000	1.979601	2.610215	
0.000000	2.649280	2.415230	
0.009449	0.482234	2.500534	
0.010420	0.747850	2.148088	
0.002091	0.760176	2.256794	
0.000000	3.100017	2.404586	
0.000000	3.502466	2.171041	
0.000000	3.502466	2.171041	
36.865591	0.000000	0.732507	
0.000000	0.215776	9.267732	
2.108006	0.801015	7.614643	
0.641977	0.641977	3.395259	
0.000000	0.000000	4.715290	
0.919129	0.592227	4.269771	
0.109433	0.779598	3.837270	
0.176561	0.727008	3.407118	
0.105603	0.714495	2.753367	
0.475502	0.959390	2.494037	
0.021517	1.211184	2.321412	
0.563106	1.622138	1.864245	
0.054304	1.646039	2.046378	
0.000000	1.691814	2.504620	
0.232073	1.702138	1.576273	
0.232073	1.702138	1.576273	
0.000000	1.630592	2.307416	
0.000000	1.630592	2.307416	
0.006734	0.372611	2.512190	
0.007356	0.756932	2.128499	
0.031058	1.006452	2.162521	
0.008880	0.748083	2.166364	
0.002091	0.760176	2.256794	
0.044940	0.741370	2.456277	
0.000000	3.376546	2.766331	
0.000000	0.000000	13.209132	
0.000000	0.215776	9.267732	
0.000000	0.000000	7.444447	
0.000000	0.000000	4.859650	
0.919129	0.592227	4.269771	
0.037298	0.100887	3.657530	
0.864153	0.641527	3.452210	
0.176561	0.727008	3.407118	
0.111429	1.118227	3.278365	
0.207450	0.683014	2.921505	
0.201398	0.994852	2.293441	
0.155980	1.622836	2.955289	
0.000000	1.634746	1.919960	
0.118100	1.740110	1.974426	
0.393697	1.635787	1.735413	
0.160260	1.973722	2.812005	
0.000746	2.155721	2.372898	
0.006872	0.779549	2.136140	
0.024622	0.930271	2.258415	
0.007356	0.756932	2.128499	
0.010420	0.747850	2.148088	
0.031058	1.006452	2.162521	
0.027397	0.851303	2.331308	
0.000000	3.450202	2.247159	
7.318425	0.000000	9.856065	
6.228781	0.000000	8.904920	
3.867395	0.000000	5.956827	
0.641977	0.641977	3.395259	
0.037298	0.100887	3.657530	
0.864153	0.641527	3.452210	
1.065886	0.911151	3.426871	
0.083553	0.584140	3.273205	
0.083553	0.584140	3.273205	
0.196382	0.738245	2.439154	
0.201398	0.994852	2.293441	
0.507177	1.373386	3.130653	
0.000000	1.765962	3.047301	
0.000000	1.840217	2.925573	
0.116688	1.924716	2.763362	
0.044037	1.594944	2.652642	
0.006872	0.779549	2.136140	
0.031558	0.977201	2.248555	
0.024622	0.930271	2.258415	
0.008880	0.748083	2.166364	
0.027397	0.851303	2.331308	
0.044940	0.741370	2.456277	
0.000000	2.794871	2.333244	
7.318425	0.000000	9.856065	
0.000000	0.000000	6.339296	
0.000000	0.254219	4.768214	
0.269514	0.337835	3.915737	
0.002655	0.076188	3.792087	
0.287677	0.506240	3.469310	
1.065886	0.911151	3.426871	
0.198302	0.738752	3.278687	
0.089808	0.412596	3.149255	
0.055926	0.406655	3.041680	
0.055926	0.406655	3.041680	
0.049120	0.502737	3.125203	
0.002013	1.572647	3.023963	
0.044037	1.594944	2.652642	
0.090902	1.459658	2.644468	
0.027139	0.711099	2.140812	
0.017700	0.669994	2.239428	
0.033169	0.815122	2.124489	
0.033169	0.815122	2.124489	
0.045762	1.221874	2.167675	
0.041284	1.102318	2.443019	
0.000000	2.676021	2.706105	
0.000000	0.000000	6.339296	
0.233876	0.182940	5.930376	
0.000000	0.254219	4.768214	
0.102373	0.284607	3.698659	
0.287677	0.506240	3.469310	
0.132078	0.387875	3.472705	
0.198302	0.738752	3.278687	
0.040658	0.427381	3.199172	
0.029918	0.135557	3.085441	
0.029918	0.135557	3.085441	
0.021947	1.303721	3.044321	
0.021947	1.303721	3.044321	
0.123695	0.714159	3.019023	
0.049811	1.362082	2.693542	
0.090902	1.459658	2.644468	
0.027139	0.711099	2.140812	
0.029545	0.871359	2.122733	
0.029545	0.871359	2.122733	
0.054852	0.837765	2.189341	
0.045762	1.221874	2.167675	
0.000000	2.565860	2.839731	
0.000000	0.000000	6.361783	
1.227004	0.143603	5.110507	
0.352558	0.259662	3.283843	
0.636682	0.425095	3.632919	
0.441119	0.452407	3.150125	
0.000000	0.604175	3.344994	
0.059037	0.549185	3.072866	
0.029298	0.419587	3.117319	
0.059037	0.549185	3.072866	
0.089808	0.412596	3.149255	
0.017837	0.134063	3.107737	
0.123695	0.714159	3.019023	
0.074908	0.695894	2.791817	
0.119944	1.431936	2.736096	
0.049811	1.362082	2.693542	
0.013187	0.768570	2.345621	
0.054852	0.837765	2.189341	
0.013187	0.768570	2.345621	
0.056771	1.461809	2.549952	
0.000000	2.548257	3.038657	
0.000000	0.000000	6.185953	
1.227004	0.143603	5.110507	
0.222077	0.305043	3.007402	
0.410167	0.323822	3.253452	
0.496100	0.392058	3.201757	
0.000000	0.604175	3.344994	
0.029298	0.419587	3.117319	
0.015387	0.212559	3.138098	
0.051492	0.773642	3.108286	
0.110793	0.837216	3.090382	
0.176617	1.206324	3.011949	
0.036516	0.636858	2.750552	
0.036516	0.636858	2.750552	
0.110133	0.931307	2.752847	
0.033790	1.033079	2.570551	
0.080707	1.571774	2.686864	
0.061978	1.703390	2.548965	
0.090580	1.910289	2.742562	
0.000000	0.418492	3.178420	
0.000000	0.000000	6.185953	
0.517632	0.000000	4.257610	
0.352558	0.259662	3.283843	
0.222077	0.305043	3.007402	
0.441119	0.452407	3.150125	
0.362610	0.404642	3.283308	
0.040658	0.427381	3.199172	
0.051492	0.773642	3.108286	
0.110793	0.837216	3.090382	
0.160315	0.927227	3.011659	
0.031682	0.614328	2.747541	
0.031682	0.614328	2.747541	
0.153749	1.265430	2.755834	
0.061763	0.924612	2.717654	
0.061763	0.924612	2.717654	
0.104333	1.620450	2.846137	
0.104333	1.620450	2.846137	
0.000000	1.199350	3.352058	
0.000000	0.000000	6.269120	
0.103455	0.074154	3.217956	
0.401852	0.162615	3.747874	
0.410167	0.323822	3.253452	
0.094873	0.238024	3.341412	
0.530407	0.450556	3.429607	
0.048301	0.202580	3.198609	
0.103433	0.594593	3.183041	
0.299563	0.839206	2.971875	
0.398696	1.022870	3.057521	
0.110995	1.125531	2.992567	
0.057251	0.509820	2.873368	
0.057251	0.509820	2.873368	
0.110979	0.920670	2.855414	
0.110979	0.920670	2.855414	
0.022139	0.379947	2.870705	
0.000000	0.632280	3.458073	
0.517632	0.000000	4.257610	
0.028863	0.106286	3.276635	
0.401852	0.162615	3.747874	
0.081723	0.396380	3.694359	
0.160978	0.449122	3.380348	
0.260554	0.597512	3.272545	
0.196939	0.529245	3.036691	
0.196939	0.529245	3.036691	
0.695546	0.775677	3.123954	
0.599608	0.915390	3.093900	
0.496585	1.024281	3.057808	
0.024577	0.189707	3.069305	
0.208810	1.168822	3.102403	
0.019919	0.302884	2.964341	
0.022139	0.379947	2.870705	
0.000000	1.820379	3.407248	
0.000000	0.000000	4.151137	
0.103455	0.074154	3.217956	
0.000000	0.269869	4.009919	
0.155335	0.322396	3.503128	
0.258950	0.423538	3.498951	
0.119603	0.231215	3.095922	
0.114315	0.471796	3.017112	
0.114315	0.471796	3.017112	
0.299563	0.839206	2.971875	
0.421948	0.851803	3.082256	
0.035934	0.950476	3.136373	
0.161281	1.181363	3.123734	
0.161281	1.181363	3.123734	
0.019919	0.302884	2.964341	
0.000000	0.773347	3.345549	
0.000000	0.000000	4.272130	
0.083692	0.088862	3.929627	
0.000000	0.269869	4.009919	
0.051358	0.341195	3.867548	
0.646992	0.412531	3.640044	
0.048301	0.202580	3.198609	
0.119603	0.231215	3.095922	
0.011800	0.270583	3.157039	
0.365934	0.737766	3.281392	
0.119210	0.791677	3.148504	
0.035934	0.950476	3.136373	
0.010665	0.887247	3.059974	
0.045980	1.097366	3.092127	
0.000000	0.737258	3.432244	
0.000000	0.000000	7.747472	
0.000000	0.000000	3.894189	
0.000000	0.000000	3.894189	
0.412187	0.301594	4.028195	
0.000000	0.336767	3.583589	
0.139989	0.567812	3.397193	
0.140803	0.571114	3.034155	
0.365934	0.737766	3.281392	
0.119210	0.791677	3.148504	
0.025980	0.592522	3.245306	
0.105391	0.969416	3.181046	
0.010665	0.887247	3.059974	
0.000000	0.773347	3.345549	
0.000000	0.000000	5.405739	
0.000000	0.000000	5.003403	
0.739621	0.282727	4.525048	
0.065237	0.406164	4.378680	
0.000000	0.000000	4.011277	
0.000000	0.521182	3.378242	
0.140803	0.571114	3.034155	
0.004158	0.352216	3.394477	
0.004214	0.319853	3.209182	
0.117514	0.829219	3.188449	
0.053183	0.771099	3.176771	
0.000000	0.737258	3.432244	
0.000000	0.000000	7.613025	
0.000000	0.000000	5.405739	
0.000000	0.000000	5.011326	
0.000000	0.233030	4.022271	
0.000000	0.000000	3.877529	
0.000000	0.145749	3.386457	
0.000000	0.521182	3.378242	
0.076576	0.679337	3.288758	
0.076576	0.679337	3.288758	
0.053183	0.771099	3.176771	
0.000000	0.816239	3.399131	
0.662366	0.000000	5.499332	
0.210824	0.110211	5.404071	
0.000000	0.000000	5.011326	
0.000000	0.000000	4.011277	
0.000000	0.107963	3.863588	
0.000000	0.145749	3.386457	
0.027259	0.502033	3.322433	
0.027259	0.502033	3.322433	
0.000000	0.816239	3.399131	
0.000000	0.803797	3.519021	
0.000000	0.000000	7.613025	
0.190699	0.016026	6.077874	
0.000000	0.233030	4.022271	
0.000000	0.123006	3.587572	
0.000000	0.000000	3.784936	
0.000000	0.123006	3.587572	
0.060094	0.478719	3.437455	
0.060094	0.478719	3.437455	
0.000000	0.889229	4.186930	
0.000000	0.000000	17.076315	
0.190699	0.016026	6.077874	
0.137378	0.203168	5.031324	
0.234460	0.427110	5.012373	
0.115528	0.354842	4.125516	
0.000000	0.000000	3.784936	
0.015314	0.347118	3.793615	
0.000000	0.000000	4.735773	
0.000000	0.000000	17.076315	
0.226551	0.114272	6.945979	
0.081264	0.226017	5.858215	
0.000000	0.000000	4.896091	
0.013351	0.350786	3.832747	
0.013351	0.350786	3.832747	
0.000000	0.000000	4.735773	
1.755312	0.000000	23.995707	
0.138221	0.244101	11.764602	
0.000000	0.000000	7.315857	
0.012984	0.079236	3.990221	
0.012984	0.079236	3.990221	
0.000000	0.000000	4.871911	
0.000000	0.000000	20.362685	
0.020094	0.293914	8.010712	
0.046442	0.113334	5.977279	
0.052721	0.159688	4.176901	
0.000000	0.000000	4.356277	
0.000000	0.000000	27.319569	
0.060940	0.153264	10.329404	
0.046442	0.113334	5.977279	
0.000000	0.064786	7.026172	
0.000000	0.000000	20.362685	
0.060940	0.153264	10.329404	
0.000000	0.000000	20.283884	
0.000000	0.000000	20.283884	
0.000000	0.000000	20.283884	
0.000000	0.000000	44.427187	
0.000000	0.000000	0.000000	
0.000000	0.000000	0.000000	
0.000000	0.000000	0.000000	
0.000000	0.000000	0.000000	
0.000000	0.000000	0.000000	
0.000000	0.000000	0.000000	
0.000000	0.000000	0.000000	
0.000000	0.000000	0.000000	
0.000000	0.000000	0.000000	
0.000000	0.000000	0.000000	
