1.016950	0.000000	0.000000	
1.016950	0.000000	0.000000	
1.012617	0.000127	0.000000	
1.009002	0.027191	0.000000	
1.008117	0.000000	0.000000	
1.009002	0.027191	0.000000	
1.012617	0.000127	0.000000	
1.005570	0.167643	0.000000	
0.986891	0.214004	0.000000	
0.986646	0.221801	0.000000	
0.983694	0.290884	0.000000	
0.966289	0.314515	0.000000	
0.945321	0.362134	0.000000	
0.942104	0.371109	0.000000	
0.918943	0.425102	0.000000	
0.898338	0.467123	0.000000	
0.898338	0.467123	0.000000	
0.895755	0.573734	0.000000	
0.821654	0.604018	0.000000	
0.819392	0.624564	0.000000	
0.781125	0.683446	0.000000	
0.754139	0.728659	0.000000	
0.768331	0.741040	0.000000	
0.658425	0.857947	0.000000	
0.629030	0.882847	0.000000	
0.629030	0.882847	0.000000	
0.525916	0.946573	0.000000	
0.550670	0.983498	0.000000	
0.512668	0.954799	0.000000	
0.447340	0.973594	0.000000	
0.393936	1.080878	0.000000	
0.000000	1.086392	0.000000	
0.000000	1.086392	0.000000	
0.013542	1.104429	0.000000	
0.013542	1.104429	0.000000	
0.210418	1.173189	0.000000	
0.000000	1.273958	0.000000	
0.114054	1.282209	0.000000	
0.000000	1.349689	0.000000	
0.000000	1.349689	0.000000	
0.000000	1.497950	0.000000	
0.033743	1.544853	0.000000	
0.033743	1.544853	0.000000	
0.000000	1.628073	0.000000	
1.019430	0.000000	0.000000	
1.006102	0.003705	0.016315	
1.006102	0.003705	0.016315	
1.006748	0.039466	0.003945	
1.006283	0.026127	0.000547	
0.999462	0.117611	0.006362	
1.005131	0.144018	0.000357	
0.992666	0.187000	0.009987	
0.981552	0.217309	0.009254	
0.971136	0.258449	0.008867	
0.968718	0.292468	0.010977	
0.949809	0.337744	0.021874	
0.935703	0.364148	0.027236	
0.922966	0.414679	0.000000	
0.899217	0.449604	0.013211	
0.886998	0.481989	0.015431	
0.872667	0.536286	0.004019	
0.842483	0.576970	0.004262	
0.819392	0.624564	0.000000	
0.796705	0.652950	0.000000	
0.762668	0.692481	0.011374	
0.721396	0.734834	0.034484	
0.659300	0.822168	0.009112	
0.600180	0.883653	0.020572	
0.681965	0.917773	0.000000	
0.551921	0.933330	0.005869	
0.549072	0.925514	0.006984	
0.406070	0.934634	0.006682	
0.447340	0.973594	0.000000	
0.406070	0.934634	0.006682	
0.399992	0.980617	0.028948	
0.361494	1.032773	0.028752	
0.000000	1.130923	0.000000	
0.000000	1.130923	0.000000	
0.000000	1.053256	0.000000	
0.000000	1.273958	0.000000	
0.084950	1.305248	0.000000	
0.176361	1.154708	0.008159	
0.079673	1.267137	0.001844	
0.000541	1.252066	0.000000	
0.012318	1.484577	0.005736	
0.033743	1.544853	0.000000	
0.000000	1.628073	0.000000	
1.024703	0.000000	0.000000	
1.011404	0.001989	0.029180	
1.006067	0.030068	0.036085	
1.005940	0.003452	0.029273	
1.005940	0.003452	0.029273	
0.999462	0.117611	0.006362	
1.000749	0.160481	0.032027	
0.987625	0.197409	0.019702	
0.978545	0.233495	0.000000	
0.971136	0.258449	0.008867	
0.959502	0.308614	0.000000	
0.943955	0.345194	0.039916	
0.928970	0.378302	0.040825	
0.914524	0.423201	0.031190	
0.898017	0.453813	0.021336	
0.884754	0.500226	0.009711	
0.880071	0.534368	0.000000	
0.842483	0.576970	0.004262	
0.821611	0.625674	0.029133	
0.782639	0.666066	0.010658	
0.720023	0.702544	0.050739	
0.720023	0.702544	0.050739	
0.604386	0.860547	0.022938	
0.675616	0.902202	0.037493	
0.656821	0.918221	0.002662	
0.532688	0.934411	0.022557	
0.549072	0.925514	0.006984	
0.491871	0.969683	0.036532	
0.340713	0.973538	0.054492	
0.401021	0.978304	0.013866	
0.305175	1.021010	0.060769	
0.297576	0.995587	0.059256	
0.119034	1.078557	0.039291	
0.119034	1.078557	0.039291	
0.000000	1.053256	0.000000	
0.000000	1.091220	0.036591	
0.052351	1.141349	0.020751	
0.005701	1.104249	0.002613	
0.035184	1.228594	0.045972	
0.023837	1.136919	0.057609	
0.000108	1.523913	0.000000	
0.000000	1.545785	0.054833	
1.013383	0.000000	0.052632	
1.006129	0.000000	0.069531	
1.006067	0.030068	0.036085	
1.003920	0.026304	0.061269	
1.002332	0.075220	0.070375	
0.997729	0.109585	0.059007	
0.997729	0.109585	0.059007	
0.987625	0.197409	0.019702	
0.981552	0.217309	0.009254	
0.968242	0.275740	0.039691	
0.950482	0.316443	0.075595	
0.943955	0.345194	0.039916	
0.925760	0.390406	0.072291	
0.906930	0.435276	0.069391	
0.898017	0.453813	0.021336	
0.884754	0.500226	0.009711	
0.855122	0.566877	0.006818	
0.839226	0.610158	0.042210	
0.795354	0.645738	0.067676	
0.748629	0.669738	0.025315	
0.748629	0.669738	0.025315	
0.718628	0.758853	0.079180	
0.645081	0.835219	0.107788	
0.645081	0.835219	0.107788	
0.624514	0.906998	0.104214	
0.532688	0.934411	0.022557	
0.457316	0.970307	0.082467	
0.368191	0.969147	0.072247	
0.368191	0.969147	0.072247	
0.386106	1.005334	0.039067	
0.310034	0.982492	0.076678	
0.202810	1.025127	0.075776	
0.108836	1.082657	0.095793	
0.108836	1.082657	0.095793	
0.000000	1.091220	0.036591	
0.000000	1.113498	0.080943	
0.000000	1.113498	0.080943	
0.005701	1.104249	0.002613	
0.018463	1.112513	0.008598	
0.023837	1.136919	0.057609	
0.000000	1.406598	0.096405	
1.013252	0.000000	0.091099	
1.002747	0.000000	0.093197	
1.002309	0.000000	0.096410	
0.997057	0.071756	0.106502	
0.997057	0.071756	0.106502	
0.992462	0.132740	0.093200	
0.987466	0.169699	0.112503	
0.985152	0.191478	0.056691	
0.973302	0.240411	0.109658	
0.961861	0.278013	0.104935	
0.950482	0.316443	0.075595	
0.935703	0.364148	0.027236	
0.925760	0.390406	0.072291	
0.906930	0.435276	0.069391	
0.879917	0.502108	0.000000	
0.880071	0.534368	0.000000	
0.851984	0.579535	0.118496	
0.821611	0.625674	0.029133	
0.795729	0.670339	0.000000	
0.765636	0.696955	0.000000	
0.727803	0.762423	0.073574	
0.689636	0.805927	0.132504	
0.639462	0.840927	0.136286	
0.612960	0.869555	0.045815	
0.485566	0.923421	0.147867	
0.485566	0.923421	0.147867	
0.369266	1.001038	0.111728	
0.386106	1.005334	0.039067	
0.294193	1.026025	0.049711	
0.310112	1.035458	0.048489	
0.202810	1.025127	0.075776	
0.119986	1.144823	0.152498	
0.195554	1.128270	0.044314	
0.000000	1.119782	0.020059	
0.012663	1.108449	0.126893	
0.066415	1.228013	0.105752	
0.066415	1.228013	0.105752	
0.000541	1.252066	0.000000	
0.018463	1.112513	0.008598	
0.000000	1.406598	0.096405	
0.999709	0.000000	0.130810	
0.997822	0.013247	0.130620	
0.994501	0.042137	0.126562	
0.992463	0.069527	0.137560	
0.990910	0.114708	0.120855	
0.988896	0.117133	0.145308	
0.984344	0.160746	0.143063	
0.978480	0.183386	0.133208	
0.969060	0.243571	0.139810	
0.961861	0.278013	0.104935	
0.947831	0.292767	0.168477	
0.929258	0.376092	0.097743	
0.917504	0.419985	0.076541	
0.902156	0.465053	0.138999	
0.880528	0.505012	0.143961	
0.864355	0.551143	0.137557	
0.827258	0.615204	0.106021	
0.802312	0.627785	0.182251	
0.765636	0.696955	0.000000	
0.762478	0.747017	0.055207	
0.678784	0.795305	0.000000	
0.676526	0.827974	0.016640	
0.612960	0.869555	0.045815	
0.497962	0.882763	0.181291	
0.485566	0.923421	0.147867	
0.459598	0.954458	0.161207	
0.459598	0.954458	0.161207	
0.366367	1.020408	0.050494	
0.257752	1.061940	0.131921	
0.186462	1.046608	0.169202	
0.081254	1.131210	0.168831	
0.161644	1.143498	0.190581	
0.119986	1.144823	0.152498	
0.000000	1.119782	0.020059	
0.012663	1.108449	0.126893	
0.000000	1.327348	0.139431	
0.013938	1.304308	0.000000	
0.021645	1.256816	0.015396	
0.000000	1.376666	0.104667	
0.994591	0.000000	0.145178	
0.994591	0.000000	0.145178	
0.993031	0.026884	0.138249	
0.988125	0.057307	0.174796	
0.988125	0.057307	0.174796	
0.984144	0.097366	0.181866	
0.974730	0.178036	0.177923	
0.970713	0.203463	0.167233	
0.962359	0.239315	0.170756	
0.940257	0.297766	0.200099	
0.939781	0.298818	0.208043	
0.935879	0.334788	0.201119	
0.907448	0.426606	0.182211	
0.899229	0.476510	0.175665	
0.868213	0.533900	0.223163	
0.834504	0.580228	0.213431	
0.802312	0.627785	0.182251	
0.754213	0.679931	0.098272	
0.758938	0.681179	0.203297	
0.714593	0.758565	0.174787	
0.648467	0.809606	0.218809	
0.648467	0.809606	0.218809	
0.593966	0.865487	0.083052	
0.485566	0.923421	0.147867	
0.470222	0.956638	0.000000	
0.065783	1.004483	0.224340	
0.065783	1.004483	0.224340	
0.100639	1.045962	0.228609	
0.257752	1.061940	0.131921	
0.186462	1.046608	0.169202	
0.084340	1.115204	0.213045	
0.084340	1.115204	0.213045	
0.180935	1.194994	0.218159	
0.000000	1.327348	0.139431	
0.000000	1.383019	0.196289	
0.017395	1.330886	0.210523	
0.013938	1.304308	0.000000	
0.000000	1.317009	0.218386	
0.994923	0.000000	0.142911	
0.986850	0.026835	0.198224	
0.985850	0.031921	0.186570	
0.981843	0.000000	0.206941	
0.984251	0.058657	0.202286	
0.978836	0.153946	0.213413	
0.968327	0.168081	0.216727	
0.963670	0.178246	0.228010	
0.958654	0.233066	0.216492	
0.940079	0.313314	0.196758	
0.935879	0.334788	0.201119	
0.912635	0.364903	0.248570	
0.905462	0.433490	0.260080	
0.888428	0.469702	0.256602	
0.843089	0.535193	0.260349	
0.820745	0.586090	0.237899	
0.793226	0.625379	0.194725	
0.770692	0.645789	0.173215	
0.724603	0.717233	0.202526	
0.682058	0.808723	0.265172	
0.627520	0.839082	0.230511	
0.525409	0.861064	0.279514	
0.525409	0.861064	0.279514	
0.464006	0.873271	0.272715	
0.470222	0.956638	0.000000	
0.359422	0.999391	0.034131	
0.313658	1.033351	0.268940	
0.238908	1.073016	0.108643	
0.100639	1.045962	0.228609	
0.000000	1.126037	0.145069	
0.033902	1.151263	0.115687	
0.000000	1.168410	0.062677	
0.128625	1.194671	0.282596	
0.075198	1.334742	0.057641	
0.007777	1.345203	0.170721	
0.000000	1.125078	0.169370	
0.000000	1.125078	0.169370	
0.989319	0.000000	0.181445	
0.984665	0.000000	0.216906	
0.981843	0.000000	0.206941	
0.979201	0.086821	0.212827	
0.973298	0.060842	0.237150	
0.976354	0.110683	0.256906	
0.963670	0.178246	0.228010	
0.958030	0.211483	0.252887	
0.950376	0.255040	0.221671	
0.935841	0.322926	0.248209	
0.912916	0.367629	0.259266	
0.912635	0.364903	0.248570	
0.874618	0.463632	0.282595	
0.863125	0.498269	0.303835	
0.836249	0.552246	0.280284	
0.781992	0.601677	0.312867	
0.730983	0.656615	0.320645	
0.724603	0.717233	0.202526	
0.714593	0.758565	0.174787	
0.651549	0.762003	0.328559	
0.534445	0.864167	0.328531	
0.534445	0.864167	0.328531	
0.425769	0.945946	0.237922	
0.464006	0.873271	0.272715	
0.307969	0.953795	0.282363	
0.307969	0.953795	0.282363	
0.000000	1.063155	0.327284	
0.205013	1.094704	0.124453	
0.127741	1.051010	0.313242	
0.168849	1.107059	0.190078	
0.000000	1.168410	0.062677	
0.101471	1.188856	0.082964	
0.049898	1.315053	0.191550	
0.007777	1.345203	0.170721	
0.000000	1.150995	0.161163	
0.000000	1.376666	0.104667	
0.989319	0.000000	0.181445	
0.976955	0.010445	0.250090	
0.976328	0.005871	0.274652	
0.973298	0.060842	0.237150	
0.966692	0.088303	0.260905	
0.962942	0.163827	0.267544	
0.965441	0.180158	0.299398	
0.936265	0.240761	0.312406	
0.941002	0.290896	0.294671	
0.926242	0.332630	0.259266	
0.910102	0.372856	0.315386	
0.898997	0.403525	0.319460	
0.858727	0.440902	0.341016	
0.839668	0.442726	0.357365	
0.825982	0.561560	0.274414	
0.781992	0.601677	0.312867	
0.691972	0.653756	0.377231	
0.690208	0.671879	0.354996	
0.649534	0.709308	0.362662	
0.649534	0.709308	0.362662	
0.501829	0.860118	0.392075	
0.501829	0.860118	0.392075	
0.425769	0.945946	0.237922	
0.427278	0.921451	0.324703	
0.263741	0.963078	0.345756	
0.263741	0.963078	0.345756	
0.000000	1.073603	0.344426	
0.127741	1.051010	0.313242	
0.000000	1.073603	0.344426	
0.152337	1.097511	0.320144	
0.063777	1.214007	0.132191	
0.101471	1.188856	0.082964	
0.049898	1.315053	0.191550	
0.000000	1.255587	0.357968	
0.000000	1.150995	0.161163	
0.981969	0.000000	0.280876	
0.976955	0.010445	0.250090	
0.971188	0.025496	0.295464	
0.971188	0.025496	0.295464	
0.970424	0.047198	0.290005	
0.955955	0.083210	0.340876	
0.937572	0.158307	0.346938	
0.933823	0.188065	0.352599	
0.915799	0.291654	0.345101	
0.915799	0.291654	0.345101	
0.898053	0.313229	0.388276	
0.865301	0.434645	0.353118	
0.839668	0.442726	0.357365	
0.801766	0.490630	0.411909	
0.802754	0.558473	0.381380	
0.779692	0.605896	0.393218	
0.690208	0.671879	0.354996	
0.654039	0.661199	0.407332	
0.566422	0.751349	0.388773	
0.548538	0.764966	0.390758	
0.551166	0.816734	0.423250	
0.496051	0.850216	0.420029	
0.191813	0.942231	0.406543	
0.191813	0.942231	0.406543	
0.311945	0.990395	0.387312	
0.199458	0.952276	0.387894	
0.122509	0.980346	0.361009	
0.122509	0.980346	0.361009	
0.089001	1.004066	0.371652	
0.135945	1.097323	0.385924	
0.048089	1.242762	0.384503	
0.048089	1.242762	0.384503	
0.031877	1.255351	0.367636	
0.000000	1.363470	0.387136	
0.986088	0.000000	0.308415	
0.963141	0.004685	0.340054	
0.963141	0.004685	0.340054	
0.947546	0.062008	0.353807	
0.949279	0.057352	0.360472	
0.933896	0.152005	0.361536	
0.908877	0.204470	0.393249	
0.908877	0.204470	0.393249	
0.904320	0.203445	0.399573	
0.898053	0.313229	0.388276	
0.857216	0.390814	0.427630	
0.836000	0.419892	0.434511	
0.800119	0.499088	0.443459	
0.781582	0.485921	0.458758	
0.744150	0.570429	0.460660	
0.691972	0.653756	0.377231	
0.654039	0.661199	0.407332	
0.603073	0.683995	0.459551	
0.566422	0.751349	0.388773	
0.548538	0.764966	0.390758	
0.504930	0.809450	0.450175	
0.405713	0.830685	0.464741	
0.024565	0.937306	0.466296	
0.162661	0.950136	0.348947	
0.179715	0.982021	0.402600	
0.199458	0.952276	0.387894	
0.089001	1.004066	0.371652	
0.140399	1.091816	0.212140	
0.140399	1.091816	0.212140	
0.059393	1.145513	0.414793	
0.059393	1.145513	0.414793	
0.031330	1.336140	0.421585	
0.000000	1.363470	0.387136	
0.981898	0.000000	0.366815	
0.948627	0.018952	0.372690	
0.952129	0.033439	0.345645	
0.934954	0.092053	0.384395	
0.934954	0.092053	0.384395	
0.915792	0.139124	0.402131	
0.904320	0.203445	0.399573	
0.906630	0.162893	0.427328	
0.908208	0.202126	0.423636	
0.901705	0.261950	0.484495	
0.841001	0.382545	0.435667	
0.778722	0.427318	0.481742	
0.778722	0.427318	0.481742	
0.769486	0.502167	0.507707	
0.737942	0.525113	0.522784	
0.589161	0.646093	0.528475	
0.637143	0.680802	0.420241	
0.587607	0.710831	0.467977	
0.499752	0.752688	0.495156	
0.504930	0.809450	0.450175	
0.320854	0.876450	0.498716	
0.320854	0.876450	0.498716	
0.286410	0.892772	0.413980	
0.246012	0.919069	0.490592	
0.228573	1.010578	0.441172	
0.147503	0.980679	0.473867	
0.122412	1.014293	0.266734	
0.122412	1.014293	0.266734	
0.098703	1.001907	0.325053	
0.070197	1.091097	0.465963	
0.016401	1.126370	0.434771	
0.000000	1.029037	0.469560	
0.945467	0.000000	0.386573	
0.944252	0.000000	0.396976	
0.919128	0.000000	0.428801	
0.913986	0.069096	0.433972	
0.909762	0.128198	0.440748	
0.906630	0.162893	0.427328	
0.873262	0.177123	0.473701	
0.874418	0.154930	0.493152	
0.878965	0.281144	0.513754	
0.859612	0.285856	0.541296	
0.810497	0.402631	0.500304	
0.783316	0.418665	0.551561	
0.722509	0.484261	0.531374	
0.735452	0.520251	0.545301	
0.714416	0.491926	0.576873	
0.635161	0.634631	0.539187	
0.589161	0.646093	0.528475	
0.543008	0.742573	0.520103	
0.483856	0.778644	0.536226	
0.405713	0.830685	0.464741	
0.379744	0.814291	0.560827	
0.286410	0.892772	0.413980	
0.084521	0.924389	0.548835	
0.102504	0.899010	0.524464	
0.237537	0.942167	0.515866	
0.147503	0.980679	0.473867	
0.053982	0.969981	0.419035	
0.098703	1.001907	0.325053	
0.071682	1.051413	0.478750	
0.000000	1.029037	0.469560	
0.000000	1.175015	0.488196	
0.926811	0.000000	0.431409	
0.920502	0.000000	0.459431	
0.915880	0.000000	0.430927	
0.900910	0.017673	0.479505	
0.895259	0.046988	0.492164	
0.874418	0.154930	0.493152	
0.871159	0.065829	0.535275	
0.870743	0.151932	0.548624	
0.839017	0.286481	0.550720	
0.779129	0.353316	0.551195	
0.779129	0.353316	0.551195	
0.767087	0.441976	0.580354	
0.709988	0.478046	0.584018	
0.652424	0.526598	0.591769	
0.601719	0.613827	0.589696	
0.601719	0.613827	0.589696	
0.544847	0.651107	0.612152	
0.513204	0.722513	0.572504	
0.373557	0.764677	0.568779	
0.364498	0.797216	0.554748	
0.251138	0.824604	0.568834	
0.260938	0.833072	0.580810	
0.000000	0.899382	0.551038	
0.000000	0.899382	0.551038	
0.102504	0.899010	0.524464	
0.012568	0.967320	0.531190	
0.053982	0.969981	0.419035	
0.045427	1.032724	0.479739	
0.035019	0.956512	0.460615	
0.000000	1.076964	0.521362	
0.931284	0.000000	0.436210	
0.902471	0.000000	0.470615	
0.892906	0.040910	0.513727	
0.885703	0.008665	0.518561	
0.866595	0.024126	0.539814	
0.864299	0.000000	0.566629	
0.841546	0.032906	0.577168	
0.824059	0.087952	0.586190	
0.783523	0.319971	0.575527	
0.768607	0.316318	0.618445	
0.723390	0.401496	0.633915	
0.723390	0.401496	0.633915	
0.616738	0.480541	0.638488	
0.618013	0.545878	0.623709	
0.574440	0.561477	0.638347	
0.561389	0.640052	0.612016	
0.473143	0.700443	0.614274	
0.456140	0.729365	0.628759	
0.373557	0.764677	0.568779	
0.291118	0.786015	0.620085	
0.277343	0.818129	0.595967	
0.251138	0.824604	0.568834	
0.044732	0.919781	0.611168	
0.043733	0.912033	0.575278	
0.043733	0.912033	0.575278	
0.012568	0.967320	0.531190	
0.040645	0.977554	0.538555	
0.035019	0.956512	0.460615	
0.000000	1.076964	0.521362	
0.901301	0.000000	0.532773	
0.872027	0.031408	0.523471	
0.866595	0.024126	0.539814	
0.858157	0.066118	0.561614	
0.824059	0.087952	0.586190	
0.804020	0.140058	0.592606	
0.799101	0.158152	0.594469	
0.743645	0.268151	0.628297	
0.759802	0.137340	0.643716	
0.754234	0.146821	0.675712	
0.692079	0.424254	0.632255	
0.686710	0.431483	0.680641	
0.633033	0.508353	0.659298	
0.618013	0.545878	0.623709	
0.567110	0.577730	0.687816	
0.533997	0.578900	0.707261	
0.477913	0.674889	0.692735	
0.349987	0.738863	0.644491	
0.349987	0.738863	0.644491	
0.291118	0.786015	0.620085	
0.209330	0.820478	0.661539	
0.194439	0.854768	0.649996	
0.092937	0.901139	0.627127	
0.064911	0.904000	0.581465	
0.064911	0.904000	0.581465	
0.021893	0.875216	0.608240	
0.000000	0.992513	0.557515	
0.000000	0.992513	0.557515	
0.899565	0.000000	0.563537	
0.846371	0.022196	0.586947	
0.826178	0.027130	0.598556	
0.816496	0.029407	0.601495	
0.803174	0.010530	0.628813	
0.784496	0.068257	0.637999	
0.758703	0.131945	0.649417	
0.743645	0.268151	0.628297	
0.711222	0.314920	0.679351	
0.689593	0.338333	0.688306	
0.679112	0.312054	0.706555	
0.652979	0.426078	0.736080	
0.614994	0.431149	0.707897	
0.567110	0.577730	0.687816	
0.445356	0.593020	0.736665	
0.429422	0.636432	0.705015	
0.349824	0.674026	0.702964	
0.349824	0.674026	0.702964	
0.269761	0.714072	0.696970	
0.211730	0.768500	0.698689	
0.224916	0.794261	0.693834	
0.077781	0.853146	0.686624	
0.077781	0.853146	0.686624	
0.006063	0.882463	0.597848	
0.022976	0.906446	0.631220	
0.021328	0.916906	0.591637	
0.000000	0.972597	0.648353	
0.899565	0.000000	0.563537	
0.826178	0.027130	0.598556	
0.803174	0.010530	0.628813	
0.796900	0.074080	0.623825	
0.758703	0.131945	0.649417	
0.747505	0.094204	0.668428	
0.735429	0.097749	0.679412	
0.708122	0.140347	0.707516	
0.679112	0.312054	0.706555	
0.598289	0.368166	0.746699	
0.598289	0.368166	0.746699	
0.570845	0.456274	0.773381	
0.508003	0.497518	0.767752	
0.508003	0.497518	0.767752	
0.428396	0.565336	0.760137	
0.381428	0.575640	0.750510	
0.357618	0.662617	0.739679	
0.288962	0.697752	0.736483	
0.269761	0.714072	0.696970	
0.207957	0.738625	0.700773	
0.177329	0.769692	0.699789	
0.053728	0.802260	0.717084	
0.000000	0.860267	0.694905	
0.000000	0.845305	0.603006	
0.006063	0.882463	0.597848	
0.000000	0.964845	0.511069	
0.816573	0.000000	0.640124	
0.793963	0.000000	0.653493	
0.782047	0.000000	0.673606	
0.742947	0.053773	0.682685	
0.735429	0.097749	0.679412	
0.702539	0.100481	0.708660	
0.673314	0.168958	0.738072	
0.643877	0.237768	0.742670	
0.626432	0.231158	0.775613	
0.617312	0.284837	0.774264	
0.590071	0.352939	0.792331	
0.513080	0.408384	0.780162	
0.506045	0.471841	0.785327	
0.319342	0.546780	0.798909	
0.381428	0.575640	0.750510	
0.328958	0.563572	0.784817	
0.280435	0.654301	0.770111	
0.269205	0.670174	0.747740	
0.219549	0.670807	0.733856	
0.142077	0.730394	0.712929	
0.142077	0.730394	0.712929	
0.053728	0.802260	0.717084	
0.000000	0.845305	0.603006	
0.011488	0.785866	0.673981	
0.000000	0.936560	0.606694	
0.774081	0.000000	0.681420	
0.768295	0.000000	0.677772	
0.768295	0.000000	0.677772	
0.717396	0.004735	0.723200	
0.702539	0.100481	0.708660	
0.677965	0.181882	0.751497	
0.633500	0.189274	0.759934	
0.626432	0.231158	0.775613	
0.595671	0.264689	0.812049	
0.584264	0.370325	0.810438	
0.452691	0.398817	0.841393	
0.443815	0.448405	0.806627	
0.388379	0.458527	0.821843	
0.368361	0.513239	0.799676	
0.319342	0.546780	0.798909	
0.287070	0.567002	0.796091	
0.250186	0.582425	0.797725	
0.234124	0.663042	0.760414	
0.184236	0.672979	0.749358	
0.108789	0.707399	0.743598	
0.108789	0.707399	0.743598	
0.035613	0.756620	0.758325	
0.011488	0.785866	0.673981	
0.000000	0.732929	0.713895	
0.718888	0.000000	0.748280	
0.712170	0.000000	0.732096	
0.712170	0.000000	0.732096	
0.693918	0.050815	0.753843	
0.668562	0.085365	0.774695	
0.610794	0.167992	0.780037	
0.610794	0.167992	0.780037	
0.594571	0.190224	0.833348	
0.500111	0.273276	0.843909	
0.523201	0.239151	0.845216	
0.452691	0.398817	0.841393	
0.431316	0.444106	0.835923	
0.249739	0.461713	0.856507	
0.324367	0.503755	0.831529	
0.239257	0.535633	0.844647	
0.235366	0.567513	0.814082	
0.222744	0.604275	0.808187	
0.175428	0.644801	0.792544	
0.122894	0.670663	0.751828	
0.056122	0.669987	0.767685	
0.017891	0.718799	0.726371	
0.017891	0.718799	0.726371	
0.000000	0.732929	0.713895	
0.718888	0.000000	0.748280	
0.699985	0.000000	0.781515	
0.691363	0.030457	0.797286	
0.642726	0.040676	0.840523	
0.637860	0.034871	0.847113	
0.610316	0.039103	0.856056	
0.520614	0.160438	0.861836	
0.505432	0.258958	0.854810	
0.492603	0.275496	0.852939	
0.417182	0.326020	0.855732	
0.417182	0.326020	0.855732	
0.381827	0.425843	0.864126	
0.249739	0.461713	0.856507	
0.269493	0.502963	0.851114	
0.239257	0.535633	0.844647	
0.197325	0.536854	0.849130	
0.185789	0.583070	0.819894	
0.118403	0.621836	0.801007	
0.084738	0.672768	0.784887	
0.029287	0.673353	0.796606	
0.012107	0.688777	0.791823	
0.000000	0.717437	0.796387	
0.719432	0.000000	0.740345	
0.625772	0.000000	0.846172	
0.642726	0.040676	0.840523	
0.600783	0.000000	0.860274	
0.544183	0.056968	0.854947	
0.540367	0.183351	0.872378	
0.529612	0.184832	0.875009	
0.493340	0.212073	0.873308	
0.436508	0.284114	0.869352	
0.409935	0.310871	0.877892	
0.365532	0.358868	0.878736	
0.309613	0.412388	0.872753	
0.242894	0.461286	0.877719	
0.259021	0.479390	0.857234	
0.198126	0.521267	0.866819	
0.125402	0.535952	0.853770	
0.058176	0.585186	0.832769	
0.091618	0.587434	0.838797	
0.044657	0.630989	0.825348	
0.005568	0.649851	0.823166	
0.000000	0.717437	0.796387	
0.600783	0.000000	0.860274	
0.598784	0.015142	0.832670	
0.598784	0.015142	0.832670	
0.544183	0.056968	0.854947	
0.539029	0.083470	0.891328	
0.525367	0.123599	0.886662	
0.472104	0.222844	0.897523	
0.411817	0.252997	0.935998	
0.416912	0.287071	0.884362	
0.336305	0.331179	0.896198	
0.339341	0.370483	0.902843	
0.218251	0.406695	0.900766	
0.199858	0.446281	0.898684	
0.104667	0.463897	0.887640	
0.101151	0.504675	0.870743	
0.038032	0.530598	0.870537	
0.061958	0.552753	0.850957	
0.058176	0.585186	0.832769	
0.031072	0.627278	0.839602	
0.000000	0.609478	0.874498	
0.625772	0.000000	0.846172	
0.560522	0.031456	0.850727	
0.571136	0.020403	0.837872	
0.505104	0.049285	0.890406	
0.505104	0.049285	0.890406	
0.472687	0.085286	0.919370	
0.396806	0.179530	0.939877	
0.340527	0.232643	0.928432	
0.344890	0.261125	0.934555	
0.336305	0.331179	0.896198	
0.211371	0.361867	0.923688	
0.230421	0.402969	0.904874	
0.193077	0.411642	0.905731	
0.104667	0.463897	0.887640	
0.110411	0.489246	0.881613	
0.101151	0.504675	0.870743	
0.046106	0.550930	0.845227	
0.008210	0.536781	0.877268	
0.000000	0.609478	0.874498	
0.000000	0.000000	1.015815	
0.560522	0.031456	0.850727	
0.480961	0.037491	0.907146	
0.480961	0.037491	0.907146	
0.460274	0.078038	0.936745	
0.427867	0.121985	0.947871	
0.401201	0.196386	0.940323	
0.340527	0.232643	0.928432	
0.283513	0.285131	0.923769	
0.283513	0.285131	0.923769	
0.217255	0.341699	0.932016	
0.211371	0.361867	0.923688	
0.134077	0.413339	0.907637	
0.053819	0.447238	0.899066	
0.022098	0.486333	0.912899	
0.049911	0.503280	0.890936	
0.026810	0.530167	0.872439	
0.000000	0.576643	0.886855	
0.000000	0.000000	1.015815	
0.493256	0.030377	0.945882	
0.473861	0.044040	0.940717	
0.450972	0.063444	0.950579	
0.427867	0.121985	0.947871	
0.363223	0.132323	0.952284	
0.348785	0.184009	0.956078	
0.265346	0.247440	0.965648	
0.190952	0.274372	0.953961	
0.161410	0.303297	0.946240	
0.161067	0.326474	0.948374	
0.119770	0.377362	0.933499	
0.132074	0.406109	0.920835	
0.075349	0.411746	0.938704	
0.028703	0.464026	0.935204	
0.022098	0.486333	0.912899	
0.000000	0.549451	0.922445	
0.000000	0.000000	1.015951	
0.002433	0.015670	1.009878	
0.439773	0.000000	0.947320	
0.069656	0.088745	0.999805	
0.334740	0.131489	0.968459	
0.333900	0.138946	0.971663	
0.202686	0.191890	0.974657	
0.242774	0.211232	0.966003	
0.196745	0.260960	0.957215	
0.139457	0.286244	0.953104	
0.161067	0.326474	0.948374	
0.040428	0.366646	0.948554	
0.090666	0.389375	0.940019	
0.000000	0.420871	0.951590	
0.028703	0.464026	0.935204	
0.000000	0.482562	0.958394	
0.000000	0.000000	1.012389	
0.002433	0.015670	1.009878	
0.008173	0.049571	1.008159	
0.029123	0.100352	0.999801	
0.334740	0.131489	0.968459	
0.181293	0.132474	0.988913	
0.202686	0.191890	0.974657	
0.160514	0.214847	0.976691	
0.196745	0.260960	0.957215	
0.139457	0.286244	0.953104	
0.102483	0.320266	0.951295	
0.053493	0.334194	0.955960	
0.026677	0.379259	0.950072	
0.016368	0.408358	0.944293	
0.000000	0.420871	0.951590	
0.000000	0.000000	1.010803	
0.000657	0.002921	1.009664	
0.008173	0.049571	1.008159	
0.131251	0.098830	1.000141	
0.181293	0.132474	0.988913	
0.154922	0.161730	0.986117	
0.154922	0.161730	0.986117	
0.114485	0.219529	0.976447	
0.151210	0.238185	0.966432	
0.120591	0.250673	0.973526	
0.070665	0.310669	0.958963	
0.053493	0.334194	0.955960	
0.026677	0.379259	0.950072	
0.000000	0.406132	0.955170	
0.000000	0.000000	1.010803	
0.001567	0.024324	1.007501	
0.021288	0.051003	1.006213	
0.030611	0.080798	1.003081	
0.195887	0.111138	0.998385	
0.063038	0.150488	0.992077	
0.037915	0.191636	0.988575	
0.095114	0.219902	0.979189	
0.120591	0.250673	0.973526	
0.054860	0.271706	0.978301	
0.054860	0.271706	0.978301	
0.021120	0.282460	0.979772	
0.000000	0.355956	0.975006	
0.000000	0.000000	1.009485	
0.008708	0.030391	1.006363	
0.018693	0.044394	1.005396	
0.011147	0.056081	1.004114	
0.016160	0.108801	0.998985	
0.063038	0.150488	0.992077	
0.114826	0.182141	0.988585	
0.121096	0.202615	0.984983	
0.079449	0.228954	0.979875	
0.021830	0.249316	0.984660	
0.021120	0.282460	0.979772	
0.000000	0.102738	1.003336	
0.000000	0.000000	1.009485	
0.008708	0.030391	1.006363	
0.018693	0.044394	1.005396	
0.015469	0.081744	1.001286	
0.019020	0.106158	1.000402	
0.049320	0.146118	0.992884	
0.100828	0.166534	0.991524	
0.071554	0.209926	0.988728	
0.032221	0.223078	0.991786	
0.021614	0.254244	0.986505	
0.000000	0.267342	1.000582	
0.000000	0.000000	1.007097	
0.002311	0.011946	1.006006	
0.000000	0.004052	1.006369	
0.010612	0.065916	1.003973	
0.016160	0.108801	0.998985	
0.012402	0.077841	1.000400	
0.049320	0.146118	0.992884	
0.000000	0.162900	0.992625	
0.000000	0.181034	0.985276	
0.000000	0.102738	1.003336	
0.000000	0.000000	1.007097	
0.000000	0.002027	1.006928	
0.010211	0.052404	1.006707	
0.010612	0.065916	1.003973	
0.012402	0.077841	1.000400	
0.010147	0.123100	0.997780	
0.000000	0.162900	0.992625	
0.000000	0.194248	0.993760	
0.000000	0.181034	0.985276	
0.000000	0.000000	1.008393	
0.001130	0.004435	1.006459	
0.001130	0.004435	1.006459	
0.014393	0.062189	1.003439	
0.000000	0.101638	1.001976	
0.001699	0.134423	0.995996	
0.015305	0.095480	1.002298	
0.000000	0.194248	0.993760	
0.000000	0.000000	1.010192	
0.001270	0.007028	1.004867	
0.000000	0.000000	1.006469	
0.014393	0.062189	1.003439	
0.000000	0.101638	1.001976	
0.001699	0.134423	0.995996	
0.000000	0.145467	1.010146	
0.000000	0.000000	1.008867	
0.000653	0.007110	1.004579	
0.000653	0.007110	1.004579	
0.008142	0.075304	1.004179	
0.015305	0.095480	1.002298	
0.000000	0.000000	1.016356	
0.000000	0.000000	1.008867	
0.001270	0.007028	1.004867	
0.000653	0.003513	1.005594	
0.008142	0.075304	1.004179	
0.000000	0.005567	1.012378	
0.000000	0.000000	1.009277	
0.000653	0.003513	1.005594	
0.001730	0.017805	1.006759	
0.000000	0.000000	1.016011	
0.000000	0.000000	1.013353	
0.001730	0.017805	1.006759	
0.000000	0.023367	1.016670	
0.000000	0.000000	1.015095	
0.000000	0.000000	1.015095	
0.000000	0.000000	1.018834	
0.000000	0.000000	0.000000	
0.000000	0.000000	0.000000	
0.000000	0.000000	0.000000	
0.000000	0.000000	0.000000	
0.000000	0.000000	0.000000	
0.000000	0.000000	0.000000	
0.000000	0.000000	0.000000	
0.000000	0.000000	0.000000	
0.000000	0.000000	0.000000	
0.000000	0.000000	0.000000	
