60.363828	0.000000	0.000000	
60.363828	0.000000	0.000000	
33.736521	2.862461	0.000000	
33.736521	2.862461	0.000000	
62.550352	0.000000	0.000000	
60.584598	0.000000	0.000000	
58.730313	0.000000	0.000000	
58.730313	0.000000	0.000000	
59.574434	0.000000	0.000000	
59.574434	0.000000	0.000000	
60.119753	0.000000	0.000000	
62.550352	0.000000	0.000000	
60.119753	0.000000	0.000000	
0.000000	27.831935	0.000000	
74.600009	0.000000	0.000000	
0.000000	50.670746	0.000000	
0.000000	71.912747	0.000000	
104.548106	90.210853	0.000000	
104.548106	90.210853	0.000000	
112.813793	97.572489	0.000000	
36.998702	98.484947	0.000000	
36.998702	98.484947	0.000000	
0.000000	106.589250	0.000000	
0.000000	106.589250	0.000000	
70.910408	119.765201	0.000000	
70.910408	119.765201	0.000000	
0.000000	111.584904	0.000000	
52.649286	73.774369	0.000000	
42.652172	67.265776	0.000000	
23.968887	49.513666	0.000000	
25.681022	47.111057	0.000000	
23.325784	45.393563	0.000000	
2.927772	81.640320	0.000000	
2.899600	67.546654	0.000000	
0.000000	61.899907	0.000000	
2.926174	56.195365	0.000000	
3.213450	54.180001	0.000000	
2.231299	51.136741	0.000000	
3.213450	54.180001	0.000000	
2.926174	56.195365	0.000000	
2.141505	61.292219	0.000000	
0.000000	66.353295	0.000000	
0.000000	66.310517	0.000000	
0.000000	66.353295	0.000000	
52.062062	0.000000	0.146669	
52.062062	0.000000	0.146669	
59.964797	0.000000	0.845910	
56.066399	0.250596	0.638677	
52.857596	0.188925	0.646040	
52.870005	0.407354	0.898288	
8.615799	7.344334	0.867927	
8.615799	7.344334	0.867927	
12.280396	10.443353	0.960040	
54.348182	0.628130	0.198679	
0.393164	1.431692	1.778099	
0.393164	1.431692	1.778099	
2.019365	5.880902	1.992813	
74.600009	0.000000	0.000000	
0.000000	34.450239	0.508420	
0.000000	3.336959	2.971435	
0.000000	3.336959	2.971435	
2.203857	8.217511	3.119876	
2.203857	8.217511	3.119876	
0.034396	5.902095	3.185171	
0.034396	5.902095	3.185171	
17.312852	51.007136	0.000000	
17.312852	51.007136	0.000000	
0.000000	0.000000	3.766358	
11.011245	21.226624	1.329348	
1.068057	6.458741	0.539227	
0.364486	8.642386	0.176265	
0.000000	8.763004	0.135926	
3.787221	10.811477	1.698754	
2.127134	5.889463	1.433183	
23.325784	45.393563	0.000000	
0.000000	69.094980	1.122650	
0.000000	50.993269	0.828535	
1.449981	50.972650	0.828535	
3.995059	54.525364	0.900615	
3.219369	54.576656	0.900615	
2.055224	49.134358	0.536491	
2.058523	48.515296	0.353155	
2.055224	49.134358	0.536491	
0.832140	49.961371	0.308234	
2.694114	53.926088	0.572399	
0.404215	56.767623	0.982778	
0.000000	65.832832	0.569802	
52.062062	0.000000	0.146669	
52.062062	0.000000	0.146669	
16.698539	0.000000	1.581491	
38.916709	1.564513	0.000000	
52.237959	0.308934	2.419437	
52.237959	0.308934	2.419437	
24.273132	0.877679	2.351010	
21.409189	0.698166	1.772054	
24.273132	0.877679	2.351010	
3.506495	0.291741	0.209227	
61.998681	0.000000	1.752560	
0.003134	6.979667	4.195348	
2.848188	6.140927	2.629402	
2.848188	6.140927	2.629402	
0.264365	3.326471	2.971435	
0.264365	3.326471	2.971435	
0.878247	8.462456	3.119876	
0.878247	8.462456	3.119876	
0.000000	0.000000	4.972817	
0.000000	0.000000	4.972817	
1.307317	1.625156	2.770955	
1.307317	1.625156	2.770955	
11.011245	21.226624	1.329348	
4.257102	9.616521	0.609527	
0.364486	8.642386	0.176265	
0.796939	6.771187	0.486039	
0.796939	6.771187	0.486039	
0.728384	6.274774	0.618305	
0.000000	8.763004	0.135926	
2.267380	7.413819	0.891428	
20.690506	61.127361	3.004241	
20.690506	61.127361	3.004241	
1.449981	50.972650	0.828535	
0.000000	56.550971	0.000000	
0.000000	56.550971	0.000000	
2.372243	50.206391	0.182770	
2.058523	48.515296	0.353155	
2.058523	48.515296	0.353155	
2.014922	42.373962	2.148217	
1.706875	40.557113	2.105579	
0.991246	51.955576	2.060349	
0.000000	60.879915	2.413813	
22.019701	0.000000	4.052692	
29.950807	0.871066	0.493996	
38.916709	1.564513	0.000000	
51.557175	0.000000	3.650186	
51.557175	0.000000	3.650186	
51.770040	0.000000	3.283616	
21.409189	0.698166	1.772054	
18.701046	0.676201	1.811317	
18.701046	0.676201	1.811317	
59.219815	9.892637	5.540738	
59.219815	9.892637	5.540738	
0.983566	0.840626	6.300613	
10.893382	25.263332	4.748709	
0.000000	26.940227	5.910312	
0.000000	26.940227	5.910312	
0.205983	5.107362	7.345627	
0.205983	5.107362	7.345627	
0.170911	0.317235	10.614140	
0.170911	0.317235	10.614140	
1.454086	1.865170	3.141996	
1.454086	1.865170	3.141996	
10.573768	23.744998	3.347761	
3.442526	7.302906	0.599503	
2.782422	6.123550	0.446369	
0.728384	6.274774	0.618305	
0.494375	6.171856	0.502066	
0.494375	6.171856	0.502066	
2.267380	7.413819	0.891428	
2.011743	8.195876	0.802832	
2.743021	6.851429	0.695812	
0.468270	9.723911	0.000000	
0.468270	9.723911	0.000000	
0.000000	50.993269	0.828535	
1.021165	16.555709	0.731133	
2.396540	55.699599	0.866148	
1.919723	52.437804	1.981162	
2.058523	48.515296	0.353155	
1.919723	52.437804	1.981162	
1.706875	40.557113	2.105579	
0.727903	51.110426	1.770343	
0.000000	60.879915	2.413813	
53.831757	0.000000	3.894057	
29.753629	0.011754	1.060141	
39.918392	0.015770	3.221205	
37.416620	1.741209	3.135734	
35.418702	0.986933	0.878241	
21.409189	0.698166	1.772054	
20.591721	0.558826	2.438622	
3.506495	0.291741	0.209227	
30.281715	7.072246	1.382770	
53.768441	0.847722	5.951888	
59.219815	9.892637	5.540738	
70.748371	0.000000	0.469438	
0.000000	0.000000	11.951180	
9.665849	21.449389	13.151298	
0.000000	35.100322	11.084453	
5.042958	8.462386	17.831858	
30.448774	39.412500	13.492011	
30.448774	39.412500	13.492011	
7.404730	41.067237	7.523858	
7.404730	41.067237	7.523858	
10.573768	23.744998	3.347761	
4.875411	8.960607	0.890994	
3.442526	7.302906	0.599503	
2.782422	6.123550	0.446369	
0.897949	5.522728	0.831046	
0.306989	5.546746	0.883863	
0.897949	5.522728	0.831046	
1.656600	5.688162	0.402704	
2.743021	6.851429	0.695812	
1.728374	7.119512	0.197494	
1.728374	7.119512	0.197494	
1.052558	7.789553	0.244110	
1.678443	14.800765	0.000000	
1.021165	16.555709	0.731133	
5.794039	18.189811	3.828640	
2.092780	50.573300	1.441286	
1.954023	51.152627	1.774318	
1.858384	49.138719	1.078869	
0.430616	52.719766	2.220027	
0.000000	65.721554	5.769043	
29.931207	0.000000	1.475286	
29.753629	0.011754	1.060141	
37.416620	1.741209	3.135734	
31.647552	0.968438	0.225852	
35.418702	0.986933	0.878241	
19.646972	1.614638	1.724705	
21.191716	3.120417	0.695929	
30.302652	7.077136	0.757902	
30.281715	7.072246	1.382770	
48.207907	4.517468	3.874378	
56.192163	0.000000	8.874183	
95.816434	42.341533	7.006019	
90.876165	3.918713	19.399818	
90.876165	3.918713	19.399818	
53.219679	0.538962	21.135699	
85.213647	16.379175	0.000000	
53.219679	0.538962	21.135699	
14.654602	35.905769	13.000756	
16.044181	28.576137	9.884786	
7.572250	26.005564	5.832369	
4.415971	9.598723	1.321344	
4.994771	5.943695	0.788498	
1.949150	6.568192	0.801147	
0.306989	5.546746	0.883863	
2.930523	5.152535	0.765714	
2.126339	5.450945	0.851899	
2.178419	5.312215	1.016239	
1.656600	5.688162	0.402704	
1.075896	6.900741	0.434091	
0.449745	6.656355	0.315584	
0.449745	6.656355	0.315584	
0.388039	5.250136	0.673649	
1.678443	14.800765	0.000000	
2.634482	13.861840	3.582408	
5.794039	18.189811	3.828640	
1.819483	25.041743	6.284343	
0.377231	50.226907	6.069267	
1.005093	52.642066	1.666475	
0.000000	64.762353	6.156518	
53.149055	0.000000	4.963504	
38.710980	0.015293	2.687035	
31.507510	1.366633	2.709178	
39.063773	3.675902	0.896149	
40.297204	1.990711	2.778794	
19.646972	1.614638	1.724705	
1.198478	0.053351	0.024047	
1.196546	0.053265	0.072209	
59.219815	9.892637	5.540738	
48.207907	4.517468	3.874378	
59.219815	9.892637	5.540738	
0.009886	2.579960	24.698529	
0.000000	31.691974	29.230175	
14.621681	13.012179	19.573205	
0.000000	21.318767	29.527628	
0.000000	21.318767	29.527628	
0.000000	0.000000	31.696517	
14.654602	35.905769	13.000756	
0.119517	19.643118	5.462064	
2.903647	7.516229	2.154680	
4.994771	5.943695	0.788498	
3.694523	6.246583	1.235952	
1.755475	5.681531	1.171803	
1.154755	5.275030	1.135735	
1.090495	5.127346	1.226009	
2.209058	4.939716	0.849287	
1.947463	5.088071	1.124936	
1.875922	5.570785	1.082693	
0.449745	6.656355	0.315584	
0.449745	6.656355	0.315584	
0.737051	7.140007	0.093886	
0.388039	5.250136	0.673649	
0.163774	8.510160	0.500592	
2.634482	13.861840	3.582408	
0.000000	22.872040	3.210252	
0.058993	38.569465	6.769188	
0.377231	50.226907	6.069267	
0.000000	65.019633	5.554370	
53.149055	0.000000	4.963504	
31.647552	0.968438	0.225852	
33.719761	1.678129	4.241430	
38.768423	2.148156	0.381575	
21.191716	3.120417	0.695929	
1.198478	0.053351	0.024047	
1.196546	0.053265	0.072209	
34.842272	2.242402	1.259208	
37.225950	4.787185	0.000000	
59.219815	9.892637	5.540738	
43.483476	6.170359	13.055271	
2.282424	1.796108	32.787617	
0.000000	0.000000	33.685046	
0.000000	0.000000	33.685046	
61.857687	0.000000	34.623452	
0.000000	0.000000	34.735097	
40.550272	28.669222	0.000000	
7.572250	26.005564	5.832369	
0.936611	5.560758	2.779284	
1.320067	6.256862	1.973222	
3.694523	6.246583	1.235952	
1.755475	5.681531	1.171803	
1.037588	5.213190	1.596014	
2.474482	5.178180	1.401235	
2.209058	4.939716	0.849287	
1.829823	5.051822	1.358237	
1.329331	5.206438	1.126552	
1.189568	5.211134	1.372515	
1.341029	5.853508	1.440321	
1.158257	6.136667	1.473223	
1.158257	6.136667	1.473223	
0.000000	7.047835	1.541309	
0.163774	8.510160	0.500592	
0.856213	9.665920	0.563915	
0.000000	22.872040	3.210252	
0.058993	38.569465	6.769188	
0.000000	64.762353	6.156518	
51.813505	0.000000	11.067489	
31.507510	1.366633	2.709178	
33.719761	1.678129	4.241430	
43.177434	2.376531	1.812015	
34.687279	0.133134	0.824813	
37.225950	4.787185	0.000000	
34.842272	2.242402	1.259208	
34.842272	2.242402	1.259208	
33.348020	0.000000	0.000000	
35.903484	5.359391	5.346857	
39.809788	8.085091	12.232039	
14.621681	13.012179	19.573205	
85.000526	29.102170	0.000000	
81.673282	63.356210	35.879845	
81.673282	63.356210	35.879845	
28.979943	0.000000	41.938507	
3.868244	13.826114	11.294410	
5.275338	7.273664	0.320533	
2.712495	5.825967	2.384112	
1.167296	5.853046	2.281831	
2.712495	5.825967	2.384112	
1.059566	5.000510	2.004676	
2.420992	5.368873	0.281615	
2.474482	5.178180	1.401235	
2.128492	5.018892	1.158907	
1.329331	5.206438	1.126552	
1.189568	5.211134	1.372515	
1.074911	5.255313	1.305221	
1.424699	5.329257	1.622934	
1.152924	6.114627	1.638859	
0.618903	5.447375	1.421418	
0.133744	6.016211	1.721713	
0.360187	8.660289	2.006864	
0.788007	10.371894	2.560480	
0.000000	19.597857	4.451263	
0.000000	28.200231	11.029163	
46.667802	0.000000	12.922325	
46.667802	0.000000	12.922325	
38.768423	2.148156	0.381575	
31.693810	2.581208	4.850516	
33.091479	0.000000	0.000000	
29.835606	0.051611	1.719502	
31.297142	2.675007	0.000000	
31.297142	2.675007	0.000000	
31.047418	1.850325	0.540581	
35.545044	2.611787	0.000000	
40.211764	8.504943	0.291047	
59.426622	0.000000	21.391043	
2.278452	11.516263	7.483277	
2.278452	11.516263	7.483277	
1.280938	3.836470	3.393358	
0.835001	3.135794	2.383084	
1.482125	5.539636	3.603495	
1.045602	3.120436	2.914738	
2.653371	2.604062	1.402702	
2.653371	2.604062	1.402702	
2.995918	2.487376	1.940405	
3.105391	2.572521	1.488704	
1.059566	5.000510	2.004676	
1.163599	4.750999	1.905179	
2.136202	5.064720	1.431008	
1.303042	5.111446	1.629890	
1.025691	5.235274	1.617135	
1.074911	5.255313	1.305221	
1.148111	5.548796	1.318974	
0.759067	5.545835	0.966191	
0.618903	5.447375	1.421418	
0.255544	6.562617	1.148323	
0.335121	7.577594	0.475312	
0.386499	8.160020	3.475992	
0.000000	19.597857	4.451263	
46.667802	0.000000	12.922325	
46.667802	0.000000	12.922325	
36.096499	0.000000	0.000000	
31.693810	2.581208	4.850516	
30.485910	1.016187	2.354468	
29.835606	0.051611	1.719502	
31.084658	2.972455	0.000000	
31.084658	2.972455	0.000000	
31.047418	1.850325	0.540581	
43.483476	6.170359	13.055271	
40.211764	8.504943	0.291047	
59.322847	0.000000	0.000000	
1.351465	6.536967	4.363461	
1.351465	6.536967	4.363461	
0.835001	3.135794	2.383084	
0.082566	3.518614	2.953153	
1.213254	3.416500	2.267995	
1.782002	4.073831	2.136903	
3.105391	2.572521	1.488704	
1.580816	3.826531	2.074728	
2.787462	2.425083	1.287120	
0.465234	4.547268	1.468239	
1.635331	4.744884	2.134345	
1.163599	4.750999	1.905179	
1.492237	4.988936	1.989839	
1.303042	5.111446	1.629890	
1.014752	5.031244	1.845890	
0.000000	5.417959	1.797054	
0.000000	5.417959	1.797054	
0.759067	5.545835	0.966191	
0.458039	5.954688	1.851499	
0.387022	6.745988	1.643757	
0.125117	9.121831	1.821860	
0.000000	23.273813	10.904946	
48.601674	0.000000	10.908812	
36.096499	0.000000	0.000000	
30.485910	1.016187	2.354468	
30.485910	1.016187	2.354468	
26.000000	0.000000	0.000000	
29.575381	0.820888	0.000000	
31.360892	3.637605	0.000000	
29.628588	4.134056	0.000000	
33.523186	1.553805	0.000000	
35.790947	0.000000	0.000000	
35.214863	0.000000	0.000000	
2.283972	2.735538	5.975918	
0.000000	4.376968	5.017727	
1.629391	3.147301	2.291485	
1.629391	3.147301	2.291485	
0.423163	3.451460	2.562231	
1.213254	3.416500	2.267995	
2.091932	3.474795	2.457480	
2.332437	3.554294	1.968906	
2.332437	3.554294	1.968906	
2.170521	2.741847	1.786819	
0.465234	4.547268	1.468239	
0.203649	4.873018	2.234975	
1.635331	4.744884	2.134345	
1.158238	4.879888	2.185606	
1.158238	4.879888	2.185606	
1.014752	5.031244	1.845890	
0.796515	5.035471	2.028267	
0.820891	5.591966	1.157004	
0.556475	5.764815	2.197256	
0.135202	5.817794	2.374969	
0.042509	8.369707	3.076284	
0.000000	15.972941	2.777418	
48.223469	0.000000	10.365230	
30.485910	1.016187	2.354468	
28.533686	1.912441	5.105604	
26.000000	0.000000	0.000000	
29.771233	3.101987	8.897615	
29.575381	0.820888	0.000000	
28.737320	4.372069	8.936660	
28.737320	4.372069	8.936660	
29.489734	1.931785	3.383435	
29.489734	1.931785	3.383435	
0.303166	2.508551	2.323701	
0.849534	2.872400	2.140557	
0.605205	2.694248	1.896798	
0.605205	2.694248	1.896798	
0.013027	3.135816	2.659196	
0.841292	3.067749	2.582466	
1.155352	2.883408	2.294823	
0.819730	3.409481	2.257786	
0.819730	3.409481	2.257786	
2.170521	2.741847	1.786819	
0.603777	3.486173	1.908776	
1.257864	3.267424	1.280958	
1.796075	4.050362	1.966427	
0.763411	4.759727	1.810306	
1.341966	3.529294	2.494109	
1.053870	3.636747	1.923531	
0.796515	5.035471	2.028267	
0.683315	5.246511	2.238077	
0.135202	5.817794	2.374969	
0.330397	6.967258	2.166946	
0.187336	7.100242	1.033303	
0.000000	9.706439	1.949003	
48.427648	0.000000	13.412719	
29.579813	0.102337	3.076386	
30.485910	1.016187	2.354468	
28.533686	1.912441	5.105604	
29.229567	1.793386	0.000000	
28.863994	5.703949	6.942587	
29.163528	4.069834	9.084204	
28.947235	0.000000	0.000000	
26.920472	1.763480	3.088657	
0.303166	2.508551	2.323701	
0.605205	2.694248	1.896798	
0.047990	2.450836	2.996977	
0.605205	2.694248	1.896798	
0.568002	2.728525	2.118768	
0.440168	2.692535	2.774731	
0.660084	2.841749	2.679387	
1.155352	2.883408	2.294823	
0.370118	3.029081	2.462415	
2.137362	2.760248	2.132050	
0.000000	3.196925	2.222010	
1.257864	3.267424	1.280958	
0.000000	3.196925	2.222010	
0.087485	3.832790	2.522642	
0.383486	3.085699	2.406018	
1.053870	3.636747	1.923531	
0.857513	3.167781	2.341371	
0.683315	5.246511	2.238077	
0.445381	5.554069	2.594119	
0.140110	6.392555	2.735622	
0.198936	6.874867	3.080785	
0.000000	8.957407	0.704929	
37.326043	0.000000	0.000000	
30.485910	1.016187	2.354468	
29.399712	1.023130	3.655822	
28.503581	1.763791	1.647410	
29.163528	4.069834	9.084204	
28.293408	1.518334	3.661531	
27.322054	0.000000	0.000000	
26.920472	1.763480	3.088657	
0.581426	2.662622	2.566431	
0.020968	0.685791	3.699794	
0.000000	1.830633	3.091195	
0.581426	2.662622	2.566431	
0.047990	2.450836	2.996977	
0.949019	2.662861	2.750437	
1.207733	2.658928	2.571132	
0.000000	2.308381	1.718353	
0.306409	1.852866	1.614491	
0.526342	2.969162	2.432499	
0.000000	2.963850	2.196286	
0.000000	2.963850	2.196286	
0.000000	2.963850	2.196286	
0.000000	3.033253	2.235987	
0.479669	3.530037	2.510174	
0.383486	3.085699	2.406018	
0.000000	3.601064	2.520733	
0.000000	3.601064	2.520733	
0.445381	5.554069	2.594119	
0.000000	4.393525	3.022189	
0.114386	6.680698	1.316552	
0.000000	8.294660	2.190164	
42.952299	0.000000	0.000000	
29.399712	1.023130	3.655822	
28.975616	1.023596	3.921762	
28.503581	1.763791	1.647410	
27.557312	0.478070	0.517999	
27.297445	1.113381	3.181547	
27.413197	0.214638	2.586416	
0.493389	1.585601	3.746620	
0.433180	1.392107	3.289412	
0.000000	1.830633	3.091195	
0.000000	1.564976	3.292350	
0.223803	2.017675	3.007390	
0.236713	2.278503	3.001795	
0.344417	2.124431	2.800677	
0.000000	2.188675	2.136848	
0.575186	1.841245	1.897206	
0.575186	1.841245	1.897206	
0.091906	2.713067	2.206840	
0.000000	2.812979	2.303138	
0.000000	2.812979	2.303138	
0.214869	2.956205	2.254608	
0.214869	2.956205	2.254608	
0.000000	3.214607	2.292261	
0.000000	3.151123	2.342892	
0.279247	3.797870	2.349298	
0.000000	4.097144	3.005300	
0.016058	4.301703	2.604294	
0.103061	6.578414	2.985569	
0.000000	8.294660	2.190164	
35.549101	0.000000	1.051402	
28.975616	1.023596	3.921762	
28.094870	1.236046	2.527381	
28.094870	1.236046	2.527381	
0.096299	1.110023	17.275719	
0.000000	0.000000	8.692196	
0.776326	1.642417	6.040495	
0.326131	1.249527	4.706224	
0.493389	1.585601	3.746620	
0.020968	0.685791	3.699794	
0.360952	1.172429	3.611237	
0.223803	2.017675	3.007390	
0.028336	2.037992	2.514266	
0.000000	1.949924	2.229232	
0.438136	1.805746	1.861189	
0.438136	1.805746	1.861189	
0.262667	2.196540	2.056165	
1.543079	2.421950	2.538934	
0.496206	2.811499	2.493995	
0.400677	2.917409	2.461174	
0.000000	3.033253	2.235987	
0.000000	3.099295	2.462708	
0.000000	3.151123	2.342892	
0.000000	3.282491	2.280677	
0.055704	3.730305	2.464838	
0.028339	3.795704	2.520711	
0.016058	4.301703	2.604294	
0.000000	4.405520	3.032957	
36.129189	0.000000	1.216138	
31.523678	0.403623	3.024663	
28.277896	0.614164	0.000000	
0.096299	1.110023	17.275719	
0.000000	0.000000	8.692196	
3.092644	2.481054	7.755553	
0.776326	1.642417	6.040495	
0.009342	1.413095	5.879401	
0.433180	1.392107	3.289412	
0.102452	0.279758	2.783851	
0.102452	0.279758	2.783851	
0.556692	1.799562	3.117980	
0.319894	1.789663	2.394136	
0.133129	1.965690	2.285354	
0.000000	1.949924	2.229232	
0.262667	2.196540	2.056165	
0.719573	2.201466	2.657454	
0.000000	1.979601	2.610215	
0.587474	2.489614	2.530426	
0.000000	2.698782	2.443521	
0.000000	2.698782	2.443521	
0.016850	2.998821	2.395329	
0.000000	3.188319	2.467898	
0.000000	3.282491	2.280677	
0.000000	3.682468	2.629885	
0.028339	3.795704	2.520711	
0.000000	4.405520	3.032957	
35.549101	0.000000	1.051402	
29.329618	0.938149	0.000000	
0.367440	0.719759	9.178740	
2.108006	0.801015	7.614643	
0.000000	0.000000	6.292278	
0.000000	0.000000	6.292278	
0.636431	0.812271	4.861222	
0.000000	0.000000	4.225365	
0.105603	0.714495	2.753367	
0.000000	0.000000	2.786898	
0.139872	0.838970	2.713637	
0.319894	1.789663	2.394136	
0.000000	1.691814	2.504620	
0.118100	1.740110	1.974426	
0.133129	1.965690	2.285354	
0.027791	1.685234	1.600667	
0.000000	2.107200	2.565750	
0.000000	1.985251	2.621681	
0.000000	1.979601	2.610215	
0.000000	2.649280	2.415230	
0.009449	0.482234	2.500534	
0.010420	0.747850	2.148088	
0.009449	0.482234	2.500534	
0.000000	3.100017	2.404586	
0.000000	3.502466	2.171041	
0.000000	3.502466	2.171041	
36.865591	0.000000	0.732507	
0.000000	0.215776	9.267732	
2.108006	0.801015	7.614643	
0.000000	0.233363	6.944112	
0.000000	0.000000	5.675850	
0.636431	0.812271	4.861222	
0.060805	0.175554	3.951454	
0.000000	0.690349	3.890130	
0.105603	0.714495	2.753367	
0.475502	0.959390	2.494037	
0.475502	0.959390	2.494037	
0.000000	1.634746	1.919960	
0.054304	1.646039	2.046378	
0.000000	1.691814	2.504620	
0.232073	1.702138	1.576273	
0.232073	1.702138	1.576273	
0.000000	1.630592	2.307416	
0.000000	1.630592	2.307416	
0.006734	0.372611	2.512190	
0.007356	0.756932	2.128499	
0.008783	0.516060	2.360348	
0.008880	0.748083	2.166364	
0.007338	0.431164	2.618137	
0.000000	3.376546	2.766331	
0.000000	3.376546	2.766331	
36.288139	0.000000	0.721033	
0.000000	0.215776	9.267732	
0.000000	0.000000	7.444447	
0.000000	0.000000	5.675850	
0.000000	0.000000	4.780806	
0.037298	0.100887	3.657530	
0.000000	1.080864	3.531826	
0.000000	0.000000	3.597169	
0.111429	1.118227	3.278365	
0.207450	0.683014	2.921505	
0.507177	1.373386	3.130653	
0.155980	1.622836	2.955289	
0.000000	1.634746	1.919960	
0.118100	1.740110	1.974426	
0.027791	1.685234	1.600667	
0.160260	1.973722	2.812005	
0.000746	2.155721	2.372898	
0.000000	2.125833	2.616874	
0.004377	1.412824	2.403907	
0.007356	0.756932	2.128499	
0.010420	0.747850	2.148088	
0.018829	0.940990	2.296550	
0.027397	0.851303	2.331308	
0.000000	3.450202	2.247159	
36.865591	0.000000	0.732507	
6.228781	0.000000	8.904920	
3.867395	0.000000	5.956827	
0.000000	0.000000	4.780806	
0.037298	0.100887	3.657530	
0.000000	0.000000	3.812971	
0.000000	0.000000	3.597169	
0.083553	0.584140	3.273205	
0.083553	0.584140	3.273205	
0.196382	0.738245	2.439154	
0.196382	0.738245	2.439154	
0.507177	1.373386	3.130653	
0.000000	1.765962	3.047301	
0.000000	1.840217	2.925573	
0.116688	1.924716	2.763362	
0.044037	1.594944	2.652642	
0.000000	1.991141	2.573227	
0.000000	2.025824	2.549516	
0.007106	0.551089	2.283056	
0.008880	0.748083	2.166364	
0.027397	0.851303	2.331308	
0.056771	1.461809	2.549952	
0.000000	2.794871	2.333244	
3.930738	0.000000	10.691696	
0.773943	0.247265	8.669704	
0.000000	0.254219	4.768214	
1.871540	0.497604	4.753626	
0.002655	0.076188	3.792087	
0.001281	0.072654	3.614567	
0.132078	0.387875	3.472705	
0.198302	0.738752	3.278687	
0.000000	0.000000	3.248735	
0.055926	0.406655	3.041680	
0.055926	0.406655	3.041680	
0.049120	0.502737	3.125203	
0.002013	1.572647	3.023963	
0.044037	1.594944	2.652642	
0.090902	1.459658	2.644468	
0.036078	1.745908	2.549090	
0.055956	1.161203	2.291597	
0.033169	0.815122	2.124489	
0.033169	0.815122	2.124489	
0.045762	1.221874	2.167675	
0.041284	1.102318	2.443019	
0.000000	2.676021	2.706105	
0.000000	0.000000	8.792401	
0.233876	0.182940	5.930376	
0.000000	0.254219	4.768214	
0.704144	0.327875	3.989870	
0.625438	0.643865	3.479821	
0.625438	0.643865	3.479821	
0.198302	0.738752	3.278687	
0.108876	0.439667	3.233049	
0.029918	0.135557	3.085441	
0.029918	0.135557	3.085441	
0.021947	1.303721	3.044321	
0.021947	1.303721	3.044321	
0.123695	0.714159	3.019023	
0.119944	1.431936	2.736096	
0.090902	1.459658	2.644468	
0.055956	1.161203	2.291597	
0.029545	0.871359	2.122733	
0.029545	0.871359	2.122733	
0.054852	0.837765	2.189341	
0.045762	1.221874	2.167675	
0.000000	2.565860	2.839731	
0.000000	0.000000	6.361783	
0.233876	0.182940	5.930376	
1.078088	0.326061	4.748128	
0.704144	0.327875	3.989870	
0.591256	0.456368	3.572821	
0.132078	0.387875	3.472705	
0.031171	0.723340	3.393824	
0.029298	0.419587	3.117319	
0.017837	0.134063	3.107737	
0.115371	0.880962	3.156218	
0.017837	0.134063	3.107737	
0.123695	0.714159	3.019023	
0.074908	0.695894	2.791817	
0.119944	1.431936	2.736096	
0.099576	1.593513	2.608606	
0.114089	1.558076	2.615413	
0.054852	0.837765	2.189341	
0.091881	1.470369	2.634682	
0.056771	1.461809	2.549952	
0.000000	2.548257	3.038657	
0.000000	0.000000	6.185953	
0.190664	0.158119	5.313203	
0.222077	0.305043	3.007402	
0.496100	0.392058	3.201757	
0.496100	0.392058	3.201757	
0.591256	0.456368	3.572821	
0.029298	0.419587	3.117319	
0.000000	0.000000	3.289074	
0.115371	0.880962	3.156218	
0.110793	0.837216	3.090382	
0.176617	1.206324	3.011949	
0.036516	0.636858	2.750552	
0.036516	0.636858	2.750552	
0.110133	0.931307	2.752847	
0.153749	1.265430	2.755834	
0.108206	1.352295	2.762635	
0.061978	1.703390	2.548965	
0.090580	1.910289	2.742562	
0.000000	0.418492	3.178420	
0.000000	0.000000	6.185953	
0.517632	0.000000	4.257610	
0.592161	0.050003	3.930413	
0.222077	0.305043	3.007402	
0.362610	0.404642	3.283308	
0.362610	0.404642	3.283308	
0.031171	0.723340	3.393824	
0.067370	0.783488	3.196892	
0.110793	0.837216	3.090382	
0.160315	0.927227	3.011659	
0.036938	0.330213	2.860736	
0.064992	0.608377	2.814681	
0.153749	1.265430	2.755834	
0.061763	0.924612	2.717654	
0.061763	0.924612	2.717654	
0.104333	1.620450	2.846137	
0.104333	1.620450	2.846137	
0.000000	1.199350	3.352058	
0.000000	0.000000	6.269120	
0.028863	0.106286	3.276635	
0.592161	0.050003	3.930413	
0.240208	0.284741	3.671485	
0.160978	0.449122	3.380348	
0.496272	0.536584	3.669734	
0.159271	0.625823	3.316344	
0.103433	0.594593	3.183041	
0.299563	0.839206	2.971875	
0.398696	1.022870	3.057521	
0.110995	1.125531	2.992567	
0.057251	0.509820	2.873368	
0.057251	0.509820	2.873368	
0.110979	0.920670	2.855414	
0.110979	0.920670	2.855414	
0.022139	0.379947	2.870705	
0.000000	0.632280	3.458073	
0.517632	0.000000	4.257610	
0.028863	0.106286	3.276635	
0.148429	0.231539	4.081302	
0.081723	0.396380	3.694359	
0.160978	0.449122	3.380348	
0.260554	0.597512	3.272545	
0.196939	0.529245	3.036691	
0.196939	0.529245	3.036691	
0.423211	0.894357	3.078698	
0.599608	0.915390	3.093900	
0.024577	0.189707	3.069305	
0.024577	0.189707	3.069305	
0.208810	1.168822	3.102403	
0.103995	1.388263	2.909459	
0.022139	0.379947	2.870705	
0.000000	1.820379	3.407248	
0.000000	0.000000	4.151137	
0.000000	0.000000	4.151137	
0.000000	0.269869	4.009919	
0.155335	0.322396	3.503128	
0.082845	0.477102	3.559555	
0.483278	0.552944	3.255771	
0.485923	0.571029	3.210466	
0.665717	0.695698	3.197092	
0.299563	0.839206	2.971875	
0.421948	0.851803	3.082256	
0.035934	0.950476	3.136373	
0.161281	1.181363	3.123734	
0.161281	1.181363	3.123734	
0.063051	1.304106	3.046596	
0.000000	0.773347	3.345549	
0.000000	0.000000	4.272130	
0.000000	0.002377	5.181981	
0.000000	0.269869	4.009919	
0.266177	0.330572	3.930654	
0.081723	0.396380	3.694359	
0.483278	0.552944	3.255771	
0.209697	0.612601	3.210134	
0.665717	0.695698	3.197092	
0.241805	0.784713	3.293241	
0.119210	0.791677	3.148504	
0.035934	0.950476	3.136373	
0.010665	0.887247	3.059974	
0.045980	1.097366	3.092127	
0.000000	0.737258	3.432244	
0.000000	0.000000	7.747472	
0.000000	0.023560	5.085300	
0.148429	0.231539	4.081302	
0.412187	0.301594	4.028195	
0.412187	0.301594	4.028195	
0.174723	0.518726	3.832726	
0.004158	0.352216	3.394477	
0.168299	0.666541	3.330254	
0.119210	0.791677	3.148504	
0.001742	0.635880	3.288346	
0.014288	1.048555	3.212956	
0.010665	0.887247	3.059974	
0.000000	0.773347	3.345549	
1.934227	0.000000	9.090931	
0.000000	0.023560	5.085300	
0.739621	0.282727	4.525048	
0.739621	0.282727	4.525048	
0.060762	0.378301	4.042198	
0.174362	0.576595	3.609972	
0.007911	0.421264	3.412472	
0.004158	0.352216	3.394477	
0.124790	0.806949	3.366473	
0.117514	0.829219	3.188449	
0.053183	0.771099	3.176771	
0.000000	0.737258	3.432244	
1.035305	0.000000	8.295538	
0.303318	0.125266	5.888440	
0.210824	0.110211	5.404071	
0.000000	0.000000	5.354800	
0.000000	0.000000	3.877529	
0.000000	0.116969	3.577006	
0.000000	0.116969	3.577006	
0.007911	0.421264	3.412472	
0.124790	0.806949	3.366473	
0.053183	0.771099	3.176771	
0.000000	1.021916	3.624672	
0.662366	0.000000	5.499332	
0.210824	0.110211	5.404071	
0.441823	0.275972	5.489228	
0.000000	0.216720	4.190372	
0.000000	0.107963	3.863588	
0.000000	0.000000	3.707858	
0.027259	0.502033	3.322433	
0.027259	0.502033	3.322433	
0.054893	0.697663	3.555832	
0.000000	1.021916	3.624672	
1.035305	0.000000	8.295538	
0.190699	0.016026	6.077874	
0.190699	0.016026	6.077874	
0.000000	0.123006	3.587572	
0.000000	0.000000	3.784936	
0.000000	0.123006	3.587572	
0.162707	0.503022	3.635031	
0.015314	0.347118	3.793615	
0.000000	0.889229	4.186930	
0.000000	0.000000	17.076315	
0.190699	0.016026	6.077874	
0.081264	0.226017	5.858215	
0.049822	0.184526	5.475947	
0.068519	0.329385	4.171421	
0.000000	0.000000	3.784936	
0.015314	0.347118	3.793615	
0.000000	0.987847	5.268689	
0.000000	0.000000	17.076315	
0.226551	0.114272	6.945979	
0.081264	0.226017	5.858215	
0.000000	0.000000	4.896091	
0.174084	0.445836	4.205343	
0.068519	0.329385	4.171421	
0.000000	0.000000	4.871911	
0.000000	0.000000	28.493859	
0.138221	0.244101	11.764602	
0.317743	0.389296	5.716384	
0.052721	0.159688	4.176901	
0.000000	0.000000	4.356277	
0.000000	0.000000	4.871911	
0.000000	0.000000	27.319569	
0.138221	0.244101	11.764602	
0.214945	0.341397	5.580134	
0.052721	0.159688	4.176901	
0.000000	0.000000	4.356277	
0.000000	0.000000	27.319569	
0.317743	0.389296	5.716384	
0.214945	0.341397	5.580134	
0.000000	0.064786	7.026172	
0.000000	0.000000	34.472992	
0.341400	0.393023	7.153580	
0.000000	0.000000	20.283884	
0.000000	0.000000	24.126748	
0.000000	0.000000	24.126748	
0.000000	0.000000	46.963441	
0.000000	0.000000	0.000000	
0.000000	0.000000	0.000000	
0.000000	0.000000	0.000000	
0.000000	0.000000	0.000000	
0.000000	0.000000	0.000000	
0.000000	0.000000	0.000000	
0.000000	0.000000	0.000000	
0.000000	0.000000	0.000000	
0.000000	0.000000	0.000000	
0.000000	0.000000	0.000000	
