85.327720	0.000000	0.000000	
85.317842	0.000000	0.000000	
95.854247	0.000000	0.000000	
103.520747	0.000000	0.000000	
83.295763	8.926840	0.000000	
91.668615	9.824162	0.000000	
103.520747	0.000000	0.000000	
138.065029	0.000000	0.000000	
145.081159	0.000000	0.000000	
122.773487	38.374221	0.000000	
122.773487	38.374221	0.000000	
145.497581	41.758316	0.000000	
96.369767	53.184056	0.000000	
96.369767	53.184056	0.000000	
0.000000	66.596598	0.000000	
0.000000	66.596598	0.000000	
0.000000	71.912747	0.000000	
104.548106	90.210853	0.000000	
104.548106	90.210853	0.000000	
112.813793	97.572489	0.000000	
3.597626	101.000624	0.000000	
3.597626	101.000624	0.000000	
0.000000	110.680413	0.000000	
0.000000	110.680413	0.000000	
0.000000	137.452534	0.000000	
24.301098	132.632355	0.000000	
0.000000	111.584904	0.000000	
52.649286	73.774369	0.000000	
42.652172	67.265776	0.000000	
23.968887	49.513666	0.000000	
25.681022	47.111057	0.000000	
23.325784	45.393563	0.000000	
0.000000	137.452534	0.000000	
1.766647	81.673696	0.000000	
1.766647	81.673696	0.000000	
1.172868	69.841975	0.000000	
2.726876	68.522185	0.000000	
2.726876	68.522185	0.000000	
2.113633	58.939632	0.000000	
0.546363	58.089719	0.000000	
2.141505	61.292219	0.000000	
0.000000	66.353295	0.000000	
0.000000	66.310517	0.000000	
0.000000	66.353295	0.000000	
52.062062	0.000000	0.146669	
52.062062	0.000000	0.146669	
103.520747	0.000000	0.000000	
103.520747	0.000000	0.000000	
83.295763	8.926840	0.000000	
103.520747	0.000000	0.000000	
106.398229	12.155939	0.000000	
85.728521	14.521626	0.000000	
77.043920	0.000000	0.335606	
95.309330	23.727095	0.000000	
108.868635	21.404040	4.009194	
111.316671	20.201362	1.107544	
93.943124	0.000000	0.000000	
146.877365	0.000000	0.000000	
0.000000	71.912747	0.000000	
0.000000	71.912747	0.000000	
123.261910	34.263031	4.504904	
10.717509	77.801189	1.382289	
144.168487	104.334548	0.000000	
120.890666	53.637601	5.332099	
104.459466	121.867461	1.007228	
104.459466	121.867461	1.007228	
92.593407	130.731888	0.000000	
111.182173	135.021578	0.000000	
24.478573	133.600990	0.000000	
0.000000	112.568916	0.656381	
55.350243	87.291617	1.272998	
41.457940	63.821782	1.769846	
42.652172	67.265776	0.000000	
23.968887	49.513666	0.000000	
23.325784	45.393563	0.000000	
0.000000	69.094980	1.122650	
0.000000	50.993269	0.828535	
1.449981	50.972650	0.828535	
0.000000	69.094980	1.122650	
2.548100	62.891773	0.637620	
0.000000	65.425651	1.024291	
0.000000	60.200398	0.471214	
0.546363	58.089719	0.000000	
1.971378	58.447649	0.276302	
0.699866	58.533999	1.306665	
0.699866	58.533999	1.306665	
0.000000	66.310517	0.000000	
88.384381	0.000000	1.635989	
72.166946	0.000000	3.365867	
52.836662	0.000000	2.762734	
63.980430	0.000000	3.345422	
63.980430	0.000000	3.345422	
78.280810	0.106533	1.727750	
77.043920	0.000000	0.335606	
81.052246	15.751328	0.000000	
85.728521	14.521626	0.000000	
3.506495	0.291741	0.209227	
101.472442	21.877481	0.000000	
93.943124	0.000000	0.000000	
78.808920	46.494528	7.013597	
146.877365	0.000000	0.000000	
123.261910	34.263031	4.504904	
0.000000	68.212088	7.623258	
0.000000	68.212088	7.623258	
144.107580	104.290469	0.000000	
125.602272	89.935204	8.468491	
120.890666	53.637601	5.332099	
17.772016	117.687502	11.802187	
57.507040	32.194245	4.988565	
0.000000	118.100774	10.634936	
34.779839	130.010176	10.894704	
81.700190	117.796305	6.745446	
0.000000	112.568916	0.656381	
9.727812	109.955378	0.000000	
52.649286	73.774369	0.000000	
4.949506	9.053457	0.094086	
14.119900	36.926784	1.006276	
3.744001	121.167669	0.761248	
11.152005	72.412981	4.766327	
1.449981	50.972650	0.828535	
9.658051	66.901404	4.053658	
0.000000	65.534662	1.025997	
0.000000	65.534662	1.025997	
0.222262	65.424302	0.955242	
0.000000	60.200398	0.471214	
2.113633	58.939632	0.000000	
0.727903	51.110426	1.770343	
0.558675	58.570613	2.028632	
0.000000	66.030326	1.624988	
22.019701	0.000000	4.052692	
22.019701	0.000000	4.052692	
52.836662	0.000000	2.762734	
54.993442	0.141618	0.302348	
54.385844	0.000000	3.409352	
54.948021	1.537476	1.669506	
55.619857	0.437043	0.000000	
55.646665	0.000000	0.000000	
93.185250	3.934339	7.157194	
84.221524	16.367231	0.737644	
84.821323	17.365545	0.574986	
93.213467	16.187761	0.370184	
92.989664	0.000000	12.558881	
95.816434	42.341533	7.006019	
92.989664	0.000000	12.558881	
109.215544	57.521255	13.661443	
71.724877	63.243927	13.917897	
71.724877	63.243927	13.917897	
127.641685	0.000000	17.703716	
57.507040	32.194245	4.988565	
17.772016	117.687502	11.802187	
72.072963	123.248927	18.869286	
109.204193	95.679805	17.459550	
49.324031	135.565289	11.230925	
81.700190	117.796305	6.745446	
48.308396	117.864434	10.428014	
0.000000	126.023861	10.579103	
3.744001	121.167669	0.761248	
4.949506	9.053457	0.094086	
14.119900	36.926784	1.006276	
25.378461	88.693802	6.500529	
11.152005	72.412981	4.766327	
0.000000	50.993269	0.828535	
1.021165	16.555709	0.731133	
6.521405	66.128333	3.717862	
2.548100	62.891773	0.637620	
0.222262	65.424302	0.955242	
1.223179	60.694749	0.370280	
0.531772	59.522373	2.287419	
0.727903	51.110426	1.770343	
0.000000	65.993070	2.735892	
53.831757	0.000000	3.894057	
29.931207	0.000000	1.475286	
53.418638	0.145396	3.816474	
54.385844	0.000000	3.409352	
54.259287	0.000000	0.960987	
55.158171	0.000000	0.180375	
55.158171	0.000000	0.180375	
3.506495	0.291741	0.209227	
60.893964	1.112554	0.000000	
84.821323	17.365545	0.574986	
93.213467	16.187761	0.370184	
90.502865	15.717029	0.359419	
127.641685	0.000000	17.703716	
109.282202	59.361009	3.568378	
109.215544	57.521255	13.661443	
69.467896	0.000000	20.858420	
85.213647	16.379175	0.000000	
69.467896	0.000000	20.858420	
129.936076	44.495716	3.926144	
36.446887	118.963305	0.000000	
72.072963	123.248927	18.869286	
84.722589	64.164023	0.584575	
89.873463	133.920079	1.201620	
89.873463	133.920079	1.201620	
37.998197	120.112167	2.281284	
59.246437	114.017574	4.529138	
0.000000	117.440522	15.067888	
0.000000	117.341532	17.202840	
0.000000	117.456066	16.402602	
0.000000	116.459072	15.307603	
25.482723	84.496539	9.192785	
25.545136	84.703491	7.225918	
4.392172	66.455213	4.476004	
1.021165	16.555709	0.731133	
3.163298	66.072339	5.377714	
4.232105	64.549509	5.553349	
4.232105	64.549509	5.553349	
1.223179	60.694749	0.370280	
0.531772	59.522373	2.287419	
0.000000	65.721554	5.769043	
29.931207	0.000000	1.475286	
53.418638	0.145396	3.816474	
52.908559	1.311604	1.708116	
52.973375	0.159431	3.422948	
52.797488	0.061414	2.865694	
54.259287	0.000000	0.960987	
55.567114	0.000000	0.000000	
60.893964	1.112554	0.000000	
86.809913	16.870247	0.760314	
104.486300	13.846060	0.365005	
90.502865	15.717029	0.359419	
95.816434	42.341533	7.006019	
90.876165	3.918713	19.399818	
90.876165	3.918713	19.399818	
0.502056	3.639635	30.659437	
85.213647	16.379175	0.000000	
58.706707	86.645249	9.602285	
0.502056	3.639635	30.659437	
126.112548	54.395567	3.926144	
84.722589	64.164023	0.584575	
92.344254	84.339176	8.911152	
84.779778	93.085229	14.410171	
85.616517	94.003938	7.700854	
59.246437	114.017574	4.529138	
59.002408	113.547949	7.569461	
0.000000	107.815419	17.511538	
0.000000	110.513749	17.318209	
0.000000	115.581922	18.754415	
27.285352	97.986814	5.817200	
25.378461	88.693802	6.500529	
23.447882	85.569631	10.578973	
0.000000	93.315376	12.057034	
3.490148	65.864462	9.941119	
3.163298	66.072339	5.377714	
4.806343	64.582225	5.707006	
4.806343	64.582225	5.707006	
1.672093	64.251163	0.000000	
0.690529	64.481534	0.686864	
0.000000	65.670977	7.391229	
53.831757	0.000000	3.894057	
52.908559	1.311604	1.708116	
53.411939	1.406647	0.000000	
53.431136	0.475640	2.036378	
52.797488	0.061414	2.865694	
54.009682	2.381527	9.051370	
1.198478	0.053351	0.024047	
1.196546	0.053265	0.072209	
105.136965	17.240558	2.971749	
105.136965	17.240558	2.971749	
105.136965	17.240558	2.971749	
123.584927	0.000000	0.128409	
109.282202	59.361009	3.568378	
0.127435	3.541585	34.323380	
0.127435	3.541585	34.323380	
4.181670	15.403119	36.299185	
4.181670	15.403119	36.299185	
65.700302	100.767700	12.105513	
113.528085	103.210650	0.000000	
92.344254	84.339176	8.911152	
84.779778	93.085229	14.410171	
84.779778	93.085229	14.410171	
85.616517	94.003938	7.700854	
29.125447	78.093937	25.955296	
59.002408	113.547949	7.569461	
0.000000	107.815419	17.511538	
0.000000	112.608222	19.939055	
27.599567	99.115219	6.627219	
27.285352	97.986814	5.817200	
19.288731	88.681809	18.446562	
19.288731	88.681809	18.446562	
1.730717	67.408237	8.139197	
3.501859	66.013796	8.646210	
2.793999	65.924786	6.126455	
0.619614	65.623201	7.445543	
2.012112	65.692136	5.892577	
1.672093	64.251163	0.000000	
0.000000	65.019633	5.554370	
55.430510	0.000000	9.508981	
52.973375	0.159431	3.422948	
52.524638	2.579674	8.314183	
52.524638	2.579674	8.314183	
52.443774	6.272843	10.573038	
1.198478	0.053351	0.024047	
1.196546	0.053265	0.072209	
34.842272	2.242402	1.259208	
109.652741	18.230033	2.948667	
105.136965	17.240558	2.971749	
123.584927	0.000000	0.128409	
128.885971	0.000000	12.116442	
119.015840	0.000000	38.394593	
147.740310	60.159943	0.000000	
79.963906	87.544656	44.177740	
32.700202	85.996809	0.000000	
40.550272	28.669222	0.000000	
68.780508	73.961082	0.000000	
90.245198	99.086068	15.339138	
86.245730	94.694792	14.659341	
84.779778	93.085229	14.410171	
81.255124	99.010274	14.659341	
58.982778	113.510172	7.647058	
57.543240	103.031024	10.120460	
55.978632	114.986465	8.155386	
0.000000	110.100573	21.613012	
0.000000	112.608222	19.939055	
27.599567	99.115219	6.627219	
4.814125	76.340078	14.596291	
25.493909	91.411969	2.129368	
23.447882	85.569631	10.578973	
4.384683	69.821221	7.934501	
3.490148	65.864462	9.941119	
0.619614	65.623201	7.445543	
0.619614	65.623201	7.445543	
0.000000	65.041899	6.090371	
0.000000	65.041899	6.090371	
55.430510	0.000000	9.508981	
52.786965	0.446233	11.095608	
52.786965	0.446233	11.095608	
53.132516	0.956201	3.938214	
48.086424	5.141546	5.205812	
49.835068	2.329330	3.742289	
34.842272	2.242402	1.259208	
34.842272	2.242402	1.259208	
109.652741	18.230033	2.948667	
139.889912	24.744944	0.000000	
140.634971	21.610937	30.814582	
131.506091	0.000000	0.000000	
85.000526	29.102170	0.000000	
34.458813	13.965420	46.854859	
127.576510	0.000000	23.816100	
32.700202	85.996809	0.000000	
68.780508	73.961082	0.000000	
40.550272	28.669222	0.000000	
86.245730	94.694792	14.659341	
0.000000	102.081650	15.855530	
84.779778	93.085229	14.410171	
47.219207	113.522671	13.660152	
57.543240	103.031024	10.120460	
30.101161	78.381184	0.000000	
3.167695	112.559029	5.752451	
0.000000	110.100573	21.613012	
0.000000	118.552837	17.798613	
9.342224	104.315491	21.494505	
4.814125	76.340078	14.596291	
25.493909	91.411969	2.129368	
0.000000	122.010943	9.882516	
2.026840	66.172979	8.383994	
0.667460	63.030563	15.946189	
0.619614	65.623201	7.445543	
0.000000	66.010258	4.910083	
0.000000	66.010258	4.910083	
58.242321	0.000000	11.720980	
51.030853	0.341048	11.227795	
51.030853	0.341048	11.227795	
44.211865	2.811645	6.947240	
45.450982	3.345530	9.236157	
50.455677	5.978149	12.924615	
34.842272	2.242402	1.259208	
50.057545	7.804057	19.279191	
136.684293	32.535368	15.758831	
124.362011	3.196357	49.673417	
123.992863	3.186869	50.588425	
85.000526	29.102170	0.000000	
0.000000	10.378023	51.518444	
125.034535	42.437534	10.236359	
125.169527	6.865200	27.187683	
127.232999	23.701830	6.494957	
65.700302	100.767700	12.105513	
90.245198	99.086068	15.339138	
82.445456	84.477252	45.471482	
0.000000	92.720838	47.063465	
80.296893	83.767107	47.163126	
11.268761	91.959352	43.507505	
57.543240	103.031024	10.120460	
30.101161	78.381184	0.000000	
2.998408	52.626688	37.660241	
0.000000	118.552837	17.798613	
12.841542	113.705125	20.102827	
0.000000	125.799230	25.821159	
0.000000	130.711777	36.316084	
15.939451	129.185298	34.268076	
0.361151	99.714875	10.463069	
0.000000	66.910228	1.368805	
2.026840	66.172979	8.383994	
0.667460	63.030563	15.946189	
0.000000	66.581218	4.440044	
58.242321	0.000000	11.720980	
50.377086	0.115055	15.880472	
44.211865	2.811645	6.947240	
45.450982	3.345530	9.236157	
48.086424	5.141546	5.205812	
49.119404	5.973518	12.483902	
50.455677	5.978149	12.924615	
59.985287	0.000000	0.000000	
49.378746	9.307756	24.559579	
123.992863	3.186869	50.588425	
122.510245	13.291365	51.666977	
120.573738	31.343295	56.335236	
121.419599	16.456624	58.162337	
0.000000	24.476085	62.316425	
0.000000	24.476085	62.316425	
56.221759	0.000000	66.803926	
41.811913	106.244552	32.224606	
90.245198	99.086068	15.339138	
0.000000	98.211511	49.784497	
66.565668	107.407221	56.849406	
29.793206	91.927378	45.380072	
11.268761	91.959352	43.507505	
2.998408	52.626688	37.660241	
0.746618	14.686363	6.776639	
4.221699	28.334284	9.694750	
1.485493	17.221189	16.129726	
4.190651	35.585655	4.720216	
9.342224	104.315491	21.494505	
15.939451	129.185298	34.268076	
4.667506	102.189901	13.038658	
0.000000	70.921299	3.626700	
0.000000	69.244488	3.414809	
0.000000	66.910228	1.368805	
0.000000	66.581218	4.440044	
48.601674	0.000000	10.908812	
46.310101	1.174722	9.007936	
46.310101	1.174722	9.007936	
36.324429	4.417493	9.232006	
26.000000	0.000000	0.000000	
50.057545	7.804057	19.279191	
49.114008	0.000000	0.000000	
49.114008	0.000000	0.000000	
77.061557	10.689744	20.966049	
120.573738	31.343295	56.335236	
117.739877	38.783051	58.753472	
112.506539	4.166131	62.193877	
112.506539	4.166131	62.193877	
56.221759	0.000000	66.803926	
107.537532	3.982128	67.261829	
88.641346	0.000000	68.127868	
87.963555	93.374229	59.405223	
88.641346	0.000000	68.127868	
84.295388	111.734085	29.805266	
47.021387	64.150202	58.386508	
29.793206	91.927378	45.380072	
0.595834	7.520715	4.431771	
0.000000	6.448337	4.416731	
0.000000	6.448337	4.416731	
1.255063	9.530089	4.936081	
1.239494	9.162528	5.107923	
3.135245	18.186582	3.569522	
0.000000	12.131083	38.824690	
0.000000	12.131083	38.824690	
1.724115	35.504668	15.249238	
3.788125	59.333470	0.000000	
0.000000	17.550945	1.782551	
0.000000	69.244488	3.414809	
48.223469	0.000000	10.365230	
47.427129	0.000000	9.458769	
42.981594	1.280650	7.417908	
26.000000	0.000000	0.000000	
41.181331	0.000000	3.093119	
34.584876	1.561975	0.341316	
39.144431	0.414999	1.492516	
62.719703	0.000000	0.584628	
76.989271	4.031132	0.000000	
65.221488	1.260910	40.941166	
41.086265	0.000000	33.552000	
49.998636	0.378213	47.613796	
99.094482	0.000000	64.490574	
107.537532	3.982128	67.261829	
104.512634	15.222597	8.943204	
52.380544	82.753967	72.436971	
40.043281	86.417752	65.434417	
38.333750	89.569157	59.401266	
61.539280	119.198424	72.962143	
0.000000	117.435324	70.484149	
0.595834	7.520715	4.431771	
0.125163	6.857758	4.163988	
0.125163	6.857758	4.163988	
0.169184	7.448614	4.066653	
0.934656	8.114769	2.902516	
0.245515	5.647645	4.225129	
0.245515	5.647645	4.225129	
2.482245	28.759490	10.514454	
0.307307	18.842313	14.035985	
0.961427	16.945360	1.554989	
0.307307	18.842313	14.035985	
0.000000	17.550945	1.782551	
48.427648	0.000000	13.412719	
42.981594	1.280650	7.417908	
38.649961	2.182922	7.049116	
31.165023	0.404651	1.998001	
31.563007	1.022842	1.796563	
34.584876	1.561975	0.341316	
38.881992	2.460365	4.651595	
51.345361	0.705992	16.882636	
57.711297	0.785372	33.106665	
41.086265	0.000000	33.552000	
50.025627	0.000000	39.707200	
49.998636	0.378213	47.613796	
43.404615	47.884886	42.432585	
114.117728	8.267188	24.853984	
52.791275	54.226545	72.738368	
52.380544	82.753967	72.436971	
40.111361	86.564675	65.545665	
3.647038	27.406574	11.069527	
1.053753	7.165481	3.255177	
0.596238	5.892247	4.439385	
0.689371	6.295277	3.557401	
0.810804	6.420224	3.438673	
1.079567	6.509815	3.327472	
1.032533	6.410643	3.432974	
0.452988	6.710573	2.822062	
0.925111	7.390157	0.866694	
0.925111	7.390157	0.866694	
0.628925	9.697405	3.081862	
0.602352	13.224361	0.650421	
0.602352	13.224361	0.650421	
0.000000	18.171846	16.134531	
48.427648	0.000000	13.412719	
31.814113	0.220136	2.416202	
31.814113	0.220136	2.416202	
31.563427	0.677617	2.671755	
31.563007	1.022842	1.796563	
29.692138	0.828814	1.828630	
38.609597	2.464972	3.077201	
38.609597	2.464972	3.077201	
57.711297	0.785372	33.106665	
50.025627	0.000000	39.707200	
42.002027	0.000000	32.398266	
8.438109	5.368505	45.140117	
0.000000	13.529534	47.396695	
20.730690	15.986568	63.614735	
20.730690	15.986568	63.614735	
0.000000	84.438528	91.246460	
4.129813	13.683425	21.222632	
0.000000	7.744253	7.578222	
0.596238	5.892247	4.439385	
0.614995	5.201158	3.259445	
0.496810	5.985020	3.714482	
0.420860	5.400911	3.646683	
0.313359	5.504135	3.803662	
0.656784	6.098541	3.170023	
1.032533	6.410643	3.432974	
0.451411	6.812819	2.276029	
0.882773	7.310142	4.172850	
0.628925	9.697405	3.081862	
0.000000	11.670953	3.042606	
0.000000	19.155813	10.981862	
45.839731	0.000000	6.922130	
31.165023	0.404651	1.998001	
29.097106	1.416719	0.000000	
29.097106	1.416719	0.000000	
31.611207	1.189683	1.701120	
36.487938	1.626171	5.392165	
38.560962	0.096930	3.427333	
39.889679	3.042868	5.603120	
40.628369	17.552092	33.462975	
42.002027	0.000000	32.398266	
0.120658	0.210576	46.033031	
16.230913	18.529077	33.371959	
0.120658	0.210576	46.033031	
26.062733	17.818083	55.239850	
2.017029	34.387882	93.611832	
1.528041	10.173753	12.256511	
0.373406	3.963879	6.756067	
0.919651	4.741415	4.617438	
0.466709	5.487468	3.935927	
0.614995	5.201158	3.259445	
0.449659	5.361903	3.781352	
0.449659	5.361903	3.781352	
0.656784	6.098541	3.170023	
0.435234	6.346736	3.448441	
0.452988	6.710573	2.822062	
0.451411	6.812819	2.276029	
0.141401	4.616304	4.890953	
0.110016	10.031370	0.928305	
0.000000	11.670953	3.042606	
35.549101	0.000000	1.051402	
29.329618	0.938149	0.000000	
28.094870	1.236046	2.527381	
28.094870	1.236046	2.527381	
29.692138	0.828814	1.828630	
33.667153	6.999628	6.706899	
38.881992	2.460365	4.651595	
43.850086	0.000000	8.613892	
37.194536	0.076605	44.966255	
8.438109	5.368505	45.140117	
1.349504	2.376352	39.599810	
1.349504	2.376352	39.599810	
0.000000	13.529534	47.396695	
0.000000	3.229220	46.047243	
0.373406	3.963879	6.756067	
0.000000	5.299234	3.618820	
1.163346	5.430926	6.146387	
0.853700	4.720119	5.131658	
0.228271	5.176678	4.852317	
0.294782	5.190984	4.288195	
0.294782	5.190984	4.288195	
0.313359	5.504135	3.803662	
0.501614	5.113769	4.386191	
0.373426	5.208161	4.125096	
0.373426	5.208161	4.125096	
0.021391	8.166730	5.264156	
0.021391	8.166730	5.264156	
0.000000	11.670953	3.042606	
36.129189	0.000000	1.216138	
32.805804	0.806452	0.000000	
28.339635	1.486601	0.000000	
28.471718	1.806849	3.528275	
31.695120	3.787182	5.767429	
33.667153	6.999628	6.706899	
39.349662	0.136166	7.164502	
43.850086	0.000000	8.613892	
28.965634	16.737799	32.870761	
17.169122	8.339707	37.052956	
25.213357	12.754499	38.354334	
16.230913	18.529077	33.371959	
21.854553	23.532935	15.443178	
1.528041	10.173753	12.256511	
0.000000	5.187971	6.008192	
0.919651	4.741415	4.617438	
0.853700	4.720119	5.131658	
0.750214	3.946605	4.143080	
0.815948	3.656761	4.584476	
0.554929	5.385128	3.577021	
0.678648	5.599808	3.698678	
0.262041	5.461882	4.832651	
0.266365	6.241488	4.825550	
0.675292	6.333752	4.453633	
0.535527	6.776088	4.421088	
0.020105	7.675644	4.914660	
0.000000	9.479244	1.157340	
35.549101	0.000000	1.051402	
29.329618	0.938149	0.000000	
34.872556	3.009430	4.040121	
31.695120	3.787182	5.767429	
41.416161	4.237974	10.021931	
22.255672	9.383791	35.753869	
19.526773	7.508572	33.725176	
6.387054	7.807474	33.821306	
20.081032	13.649786	30.893596	
3.057778	5.482295	31.589915	
10.234165	8.615882	29.274469	
16.049656	6.261164	37.593200	
1.186500	4.107773	4.550711	
0.000000	3.606233	4.768803	
0.077708	3.407232	3.458438	
0.763913	3.082569	3.866555	
1.429522	3.391388	3.553747	
0.745882	3.074907	3.366368	
0.488896	3.216624	3.349400	
0.426007	3.235195	4.379018	
0.678648	5.599808	3.698678	
0.698234	4.549511	4.594112	
0.698234	4.549511	4.594112	
0.336554	5.152033	4.644002	
0.232276	6.523801	5.377517	
0.000000	10.031340	2.550158	
40.303080	0.000000	2.436346	
40.303080	0.000000	2.436346	
37.218453	2.728994	4.590891	
37.464442	2.812333	0.000000	
41.416161	4.237974	10.021931	
21.576852	5.042385	33.281539	
21.576852	5.042385	33.281539	
6.387054	7.807474	33.821306	
3.501125	5.810122	29.926630	
2.827059	5.068637	29.206348	
2.827059	5.068637	29.206348	
1.444769	3.962286	11.100914	
0.698691	2.734377	4.687794	
0.450770	3.260466	4.967929	
0.404529	2.487724	4.241408	
0.210790	3.110486	3.726052	
0.722463	2.961263	3.445854	
0.745882	3.074907	3.366368	
0.488896	3.216624	3.349400	
0.813177	3.348859	3.554603	
0.383521	2.158699	3.898070	
0.443751	4.663203	4.596875	
0.336554	5.152033	4.644002	
0.232276	6.523801	5.377517	
0.000000	9.479244	1.157340	
47.326003	0.000000	34.398456	
41.958938	1.607078	18.465039	
37.218453	2.728994	4.590891	
38.430683	2.678125	39.681283	
37.779988	5.338343	39.841323	
24.204398	7.366166	37.380061	
24.204398	7.366166	37.380061	
25.213357	12.754499	38.354334	
2.827059	5.068637	29.206348	
2.827059	5.068637	29.206348	
2.606272	10.682267	23.336055	
1.186500	4.107773	4.550711	
1.255415	2.412841	4.937880	
1.224273	3.011983	4.412128	
0.404529	2.487724	4.241408	
0.728405	2.951701	3.886572	
0.722463	2.961263	3.445854	
0.210790	3.110486	3.726052	
0.913963	3.209817	3.515301	
0.345969	2.024622	3.970142	
0.042415	0.937765	4.083011	
0.102374	1.545239	4.614159	
0.165385	6.018189	5.118981	
0.000000	6.269251	5.778411	
47.746542	0.000000	32.370182	
39.614825	1.773628	39.638440	
37.269891	2.074554	39.778693	
37.269891	2.074554	39.778693	
25.984422	6.660430	39.979535	
25.984422	6.660430	39.979535	
10.366786	7.898091	44.503651	
3.501125	5.810122	29.926630	
2.827059	5.068637	29.206348	
2.431443	5.896342	28.702549	
2.083838	2.618226	5.903941	
0.698691	2.734377	4.687794	
1.224273	3.011983	4.412128	
0.644133	2.823124	4.769378	
0.728405	2.951701	3.886572	
0.728405	2.951701	3.886572	
0.728405	2.951701	3.886572	
0.834212	3.097411	3.741539	
0.383521	2.158699	3.898070	
0.345969	2.024622	3.970142	
0.054802	0.772943	4.169627	
0.007756	0.895759	4.597639	
0.000000	6.269251	5.778411	
43.641244	0.000000	46.282565	
37.380086	0.227201	40.760844	
32.366456	1.784655	41.759655	
32.366456	1.784655	41.759655	
24.781650	5.513371	42.499245	
31.728028	0.000000	49.001538	
6.586814	9.834448	39.375017	
10.570616	11.839694	30.044140	
10.570616	11.839694	30.044140	
2.083838	2.618226	5.903941	
1.167504	1.939138	5.076350	
1.167504	1.939138	5.076350	
1.633095	2.401482	5.081312	
1.008884	2.770252	4.694806	
0.827610	2.950136	4.305830	
0.827610	2.950136	4.305830	
0.816359	3.030432	4.122721	
0.733821	3.194236	4.082355	
0.054802	0.772943	4.169627	
0.015482	1.397465	4.201174	
0.007756	0.895759	4.597639	
0.000000	0.159850	5.155450	
34.894927	0.000000	41.827952	
34.894927	0.000000	41.827952	
33.676724	2.830902	42.003626	
24.781650	5.513371	42.499245	
25.934987	2.139750	46.650424	
13.701576	9.386914	41.252654	
4.000849	7.466149	39.047822	
8.186979	8.908138	32.143504	
1.528494	2.285372	8.271538	
1.203165	1.385115	5.529397	
1.193683	1.830996	5.303307	
1.633095	2.401482	5.081312	
0.965997	2.431362	4.918365	
0.651426	2.454093	4.692822	
0.842145	2.779149	4.693511	
0.128477	2.422317	4.268230	
0.652087	2.997037	4.283772	
0.128477	2.422317	4.268230	
0.188237	2.671523	4.479803	
0.117408	1.544248	4.415381	
0.000000	0.159850	5.155450	
31.063809	0.000000	45.200944	
27.216316	0.000000	44.917143	
27.216316	0.000000	44.917143	
8.263650	3.278346	44.822400	
7.765948	4.327299	44.822400	
4.000849	7.466149	39.047822	
1.248069	8.169433	34.987115	
4.129289	6.067366	30.294455	
1.392730	2.772271	7.085976	
0.658706	1.656638	5.936162	
1.153520	2.064171	5.541407	
0.612779	2.255583	4.799803	
0.841193	2.320893	4.920638	
0.651426	2.454093	4.692822	
0.620579	1.961509	4.497997	
0.577252	2.339935	4.399015	
0.000000	1.787976	4.586409	
0.000000	1.787976	4.586409	
0.117408	1.544248	4.415381	
0.000000	3.209362	6.059292	
33.937864	0.000000	46.470228	
31.063809	0.000000	45.200944	
8.263650	3.278346	44.822400	
22.866724	2.200480	49.668448	
7.765948	4.327299	44.822400	
1.079506	3.224736	28.561321	
2.127347	5.021192	27.165112	
3.843402	2.238735	14.214178	
3.247143	1.891421	14.411979	
0.787362	2.406733	5.119236	
1.153520	2.064171	5.541407	
1.199706	2.219437	5.242262	
0.973555	1.823952	4.622200	
0.266591	2.320009	4.400420	
0.577252	2.339935	4.399015	
0.512721	2.220288	4.284594	
0.361050	2.313944	4.463780	
0.000000	1.967903	5.361291	
0.000000	3.645243	7.432937	
31.038218	0.000000	45.163707	
31.038218	0.000000	45.163707	
30.664804	0.000000	51.618155	
30.664804	0.000000	51.618155	
1.555819	4.971052	37.139278	
1.079506	3.224736	28.561321	
6.917811	0.295629	19.568902	
3.843402	2.238735	14.214178	
2.414029	4.124093	12.181848	
0.787362	2.406733	5.119236	
1.074654	1.828998	5.551100	
1.199706	2.219437	5.242262	
0.577691	2.300004	4.861921	
0.620579	1.961509	4.497997	
0.512721	2.220288	4.284594	
0.304913	2.372814	4.764943	
0.086255	2.584325	5.051617	
0.000000	6.536413	7.146289	
33.937864	0.000000	46.470228	
18.556041	0.631760	56.097928	
11.985313	0.408052	60.303639	
1.686769	5.015846	37.506169	
1.395979	4.627266	27.247945	
1.697909	5.243046	29.490772	
1.395979	4.627266	27.247945	
6.917811	0.295629	19.568902	
0.394332	2.688997	5.416250	
0.476800	3.192794	6.215339	
1.252421	2.107515	5.801482	
0.266591	2.320009	4.400420	
0.577691	2.300004	4.861921	
0.524485	2.365829	5.136876	
0.361050	2.313944	4.463780	
0.086255	2.584325	5.051617	
0.000000	5.964015	10.665858	
34.106996	0.000000	45.576393	
18.556041	0.631760	56.097928	
11.985313	0.408052	60.303639	
7.214745	9.734201	49.786359	
0.330740	4.035175	40.239387	
3.341065	7.251613	35.575700	
8.408033	8.147444	30.484316	
4.979415	6.432475	31.110540	
5.499369	7.094959	29.770216	
0.233937	3.714923	6.672022	
0.817903	2.363922	6.578382	
0.817903	2.363922	6.578382	
0.560415	2.671098	5.317706	
0.371639	2.707351	5.673350	
0.002317	3.859220	7.893098	
0.000000	1.661756	12.569805	
34.106996	0.000000	45.576393	
21.110718	0.359264	83.076502	
21.110718	0.359264	83.076502	
2.128326	1.748146	80.863014	
3.341065	7.251613	35.575700	
11.845630	8.663753	42.820920	
8.408033	8.147444	30.484316	
3.480216	4.731749	23.146410	
3.480216	4.731749	23.146410	
1.814466	3.721134	20.402205	
0.658260	2.834847	6.887006	
0.271706	2.420414	4.035940	
0.271706	2.420414	4.035940	
0.248249	3.201265	8.714856	
0.000000	6.821030	7.309849	
40.663115	0.000000	56.759584	
1.398672	1.434989	113.776639	
2.128326	1.748146	80.863014	
0.105101	0.114843	37.135260	
0.105101	0.114843	37.135260	
14.363014	9.459162	39.399688	
0.753963	1.634477	57.128728	
7.742229	9.439711	41.714021	
0.106374	4.831391	32.750224	
3.230799	8.949133	29.520008	
1.017847	3.682745	10.799350	
0.658260	2.834847	6.887006	
0.421126	8.134807	8.812387	
0.000000	0.000000	51.493299	
0.000000	0.000000	142.538017	
1.398672	1.434989	113.776639	
1.115833	1.364418	60.655646	
2.734340	2.376284	77.888797	
8.329736	5.065630	69.494377	
0.980985	1.846641	66.365806	
0.753963	1.634477	57.128728	
0.106374	4.831391	32.750224	
0.074439	3.380933	32.931666	
0.074439	3.380933	32.931666	
1.017847	3.682745	10.799350	
0.421126	8.134807	8.812387	
0.000000	0.000000	55.977871	
0.000000	0.000000	89.148877	
0.073585	0.080406	25.999772	
1.115833	1.364418	60.655646	
8.329736	5.065630	69.494377	
7.822192	4.756973	65.259979	
3.057131	6.960182	62.516025	
2.896960	6.722997	61.741382	
1.360560	7.020224	45.640975	
0.000000	8.345509	42.526137	
0.000000	8.345509	42.526137	
1.078723	20.837475	22.428425	
0.000000	0.000000	55.977871	
0.000000	0.000000	134.230207	
0.073585	0.080406	25.999772	
0.099885	0.107933	74.347191	
7.822192	4.756973	65.259979	
0.000000	0.000000	71.909442	
3.057131	6.960182	62.516025	
0.000000	0.000000	78.447517	
0.000000	0.000000	78.447517	
0.721418	4.036833	75.005850	
0.721418	4.036833	75.005850	
0.000000	8.359599	111.645296	
0.000000	0.000000	102.542180	
0.108444	0.136094	83.020279	
0.099885	0.107933	74.347191	
0.021046	0.017066	74.119863	
0.339943	0.244017	65.967571	
0.104524	0.156143	59.243213	
0.104524	0.156143	59.243213	
0.721418	4.036833	75.005850	
0.721418	4.036833	75.005850	
0.000000	6.274197	114.758778	
0.000000	0.000000	102.542180	
0.177735	0.177735	25.998785	
0.108444	0.136094	83.020279	
1.613488	1.115616	64.877934	
0.000000	0.000000	51.241277	
1.613488	1.115616	64.877934	
0.171562	0.048910	60.328832	
0.171562	0.048910	60.328832	
0.000000	0.000000	77.272014	
0.000000	0.000000	57.888460	
0.177735	0.177735	25.998785	
0.416414	0.370920	49.681069	
0.000000	0.000000	51.533967	
0.000000	0.000000	51.241277	
0.536128	0.392345	54.453541	
0.536128	0.392345	54.453541	
0.000000	0.000000	77.272014	
0.000000	0.000000	46.437985	
0.416414	0.370920	49.681069	
1.209877	1.668802	41.575847	
1.276495	0.925455	43.607359	
0.221015	0.160236	48.642151	
0.000000	0.000000	49.331565	
0.000000	0.000000	49.331565	
0.000000	0.000000	28.493859	
0.000000	0.000000	28.493859	
0.367309	0.351355	28.125950	
1.178008	1.178008	30.177426	
1.086653	0.787820	43.951781	
0.000000	0.000000	46.941375	
0.000000	0.000000	45.270969	
0.367309	0.351355	28.125950	
1.209877	1.668802	41.575847	
1.086653	0.787820	43.951781	
0.000000	0.000000	46.916045	
0.000000	0.000000	34.472992	
0.445422	0.445422	28.055942	
1.095221	0.794032	44.298335	
0.000000	0.000000	45.270969	
0.000000	0.000000	34.472992	
0.445422	0.445422	28.055942	
0.000000	0.000000	43.757105	
0.000000	0.000000	34.472992	
0.000000	0.000000	43.757105	
0.000000	0.000000	46.963441	
0.000000	0.000000	0.000000	
0.000000	0.000000	0.000000	
0.000000	0.000000	0.000000	
0.000000	0.000000	0.000000	
0.000000	0.000000	0.000000	
0.000000	0.000000	0.000000	
0.000000	0.000000	0.000000	
0.000000	0.000000	0.000000	
0.000000	0.000000	0.000000	
0.000000	0.000000	0.000000	
