94.015326	0.000000	0.000000	
94.015326	0.000000	0.000000	
127.659486	0.000000	0.000000	
130.444668	0.000000	0.000000	
132.745761	0.000000	0.000000	
132.745761	0.000000	0.000000	
138.065029	0.000000	0.000000	
138.065029	0.000000	0.000000	
145.081159	0.000000	0.000000	
122.773487	38.374221	0.000000	
122.773487	38.374221	0.000000	
145.497581	41.758316	0.000000	
149.683747	4.031374	0.000000	
149.683747	4.031374	0.000000	
157.303131	0.000000	0.000000	
143.057593	82.985620	0.000000	
146.275944	90.165093	0.000000	
146.275944	90.165093	0.000000	
37.792193	100.487936	0.000000	
37.792193	100.487936	0.000000	
106.000146	103.934384	0.000000	
106.000146	103.934384	0.000000	
92.593407	130.731888	0.000000	
0.000000	142.363224	0.000000	
0.000000	142.363224	0.000000	
24.301098	132.632355	0.000000	
0.000000	111.584904	0.000000	
52.649286	73.774369	0.000000	
42.652172	67.265776	0.000000	
23.968887	49.513666	0.000000	
25.681022	47.111057	0.000000	
23.325784	45.393563	0.000000	
0.000000	159.245819	0.000000	
4.399831	90.033834	0.000000	
0.000000	159.245819	0.000000	
0.000000	161.034635	0.000000	
3.902046	162.588407	0.000000	
1.245665	141.761975	0.000000	
2.368634	96.504870	0.000000	
2.136948	107.175894	0.000000	
0.574731	104.102968	0.000000	
2.699183	92.594043	0.000000	
1.346006	125.442584	0.000000	
0.000000	168.992679	0.000000	
95.854247	0.000000	0.000000	
95.854247	0.000000	0.000000	
120.511205	0.000000	2.773398	
126.414148	0.000000	0.074549	
125.472518	0.000000	1.012443	
138.365355	0.000000	3.028915	
145.081159	0.000000	0.000000	
85.728521	14.521626	0.000000	
77.043920	0.000000	0.335606	
95.309330	23.727095	0.000000	
136.980456	3.843648	1.341511	
111.316671	20.201362	1.107544	
93.943124	0.000000	0.000000	
157.542651	0.000000	0.000000	
155.254604	1.971210	0.000000	
133.563180	29.355953	3.264644	
123.261910	34.263031	4.504904	
10.717509	77.801189	1.382289	
144.168487	104.334548	0.000000	
120.890666	53.637601	5.332099	
104.459466	121.867461	1.007228	
104.459466	121.867461	1.007228	
92.593407	130.731888	0.000000	
0.311058	135.570254	0.597388	
24.478573	133.600990	0.000000	
0.000000	112.568916	0.656381	
55.350243	87.291617	1.272998	
41.457940	63.821782	1.769846	
42.652172	67.265776	0.000000	
23.968887	49.513666	0.000000	
23.325784	45.393563	0.000000	
0.000000	69.094980	1.122650	
0.000000	50.993269	0.828535	
1.449981	50.972650	0.828535	
0.000000	69.094980	1.122650	
0.311058	135.570254	0.597388	
1.039762	124.494616	0.139800	
1.039762	124.494616	0.139800	
2.368634	96.504870	0.000000	
0.178844	77.704009	2.243654	
0.711565	92.611464	1.664129	
0.000000	74.154576	1.998927	
0.000000	125.445337	0.941378	
127.659486	0.000000	0.000000	
128.772954	0.000000	2.963531	
52.836662	0.000000	2.762734	
76.751182	0.000000	6.456642	
83.383166	1.572214	5.360005	
123.843296	0.000000	4.836961	
77.043920	0.000000	0.335606	
81.052246	15.751328	0.000000	
85.728521	14.521626	0.000000	
3.506495	0.291741	0.209227	
111.316671	20.201362	1.107544	
93.943124	0.000000	0.000000	
78.808920	46.494528	7.013597	
151.991460	66.285301	6.856623	
123.261910	34.263031	4.504904	
133.563180	29.355953	3.264644	
149.642161	93.901213	10.892495	
144.168487	104.334548	0.000000	
125.602272	89.935204	8.468491	
120.890666	53.637601	5.332099	
0.000000	118.100774	10.634936	
57.507040	32.194245	4.988565	
0.000000	118.100774	10.634936	
34.779839	130.010176	10.894704	
34.779839	130.010176	10.894704	
0.000000	112.568916	0.656381	
9.727812	109.955378	0.000000	
52.649286	73.774369	0.000000	
4.949506	9.053457	0.094086	
14.119900	36.926784	1.006276	
0.000000	127.750654	4.857734	
0.000000	96.189534	4.868056	
1.449981	50.972650	0.828535	
0.000000	85.609960	2.839557	
7.382188	76.140040	5.383477	
0.000000	96.189534	4.868056	
0.103888	105.558723	5.479586	
0.000000	105.748940	6.248645	
0.178844	77.704009	2.243654	
0.000000	73.085694	2.110298	
0.000000	74.154576	1.998927	
0.000000	125.445337	0.941378	
120.511205	0.000000	2.773398	
52.836662	0.000000	2.762734	
52.836662	0.000000	2.762734	
138.365355	0.000000	3.028915	
83.383166	1.572214	5.360005	
101.662575	13.684530	1.046732	
74.767280	10.910596	0.179567	
81.052246	15.751328	0.000000	
93.185250	3.934339	7.157194	
84.221524	16.367231	0.737644	
135.593404	4.623995	1.328176	
141.809941	7.143090	1.390022	
109.215544	57.521255	13.661443	
95.816434	42.341533	7.006019	
109.215544	57.521255	13.661443	
147.403807	43.385544	6.182708	
147.778688	46.914031	15.176444	
58.706707	86.645249	9.602285	
51.990710	51.977349	19.269695	
57.507040	32.194245	4.988565	
104.459466	121.867461	1.007228	
0.000000	132.266074	12.318618	
90.194067	36.263704	20.347345	
67.592196	141.084136	0.000000	
24.478573	133.600990	0.000000	
48.308396	117.864434	10.428014	
0.000000	126.023861	10.579103	
0.000000	126.023861	10.579103	
4.949506	9.053457	0.094086	
14.119900	36.926784	1.006276	
0.000000	125.406538	12.214758	
0.000000	101.139555	6.283766	
0.000000	50.993269	0.828535	
13.738817	75.144043	6.738095	
11.013780	75.700060	5.383477	
11.037392	75.862352	4.482033	
11.037392	75.862352	4.482033	
0.946031	118.768963	0.000000	
0.241731	65.839042	5.702235	
0.000000	73.085694	2.110298	
0.000000	125.445337	0.941378	
121.337834	0.000000	0.496508	
52.836662	0.000000	2.762734	
137.663957	0.000000	0.000000	
129.307527	1.777555	0.760513	
138.365355	0.000000	3.028915	
74.767280	10.910596	0.179567	
67.753690	7.991915	2.347080	
3.506495	0.291741	0.209227	
84.221524	16.367231	0.737644	
86.809913	16.870247	0.760314	
133.499210	38.711619	1.764351	
90.194067	36.263704	20.347345	
149.161736	42.165576	0.000000	
138.599143	34.101958	3.827644	
138.882273	37.030299	3.854498	
140.746323	50.411091	5.012135	
85.213647	16.379175	0.000000	
136.119259	26.852784	2.521602	
129.936076	44.495716	3.926144	
36.446887	118.963305	0.000000	
129.936076	44.495716	3.926144	
84.722589	64.164023	0.584575	
80.804349	148.796111	10.878592	
38.709051	152.392964	1.192661	
37.998197	120.112167	2.281284	
48.308396	117.864434	10.428014	
0.000000	145.560849	12.219140	
0.000000	145.560849	12.219140	
0.000000	127.153199	18.006731	
0.000000	127.457766	15.676355	
0.044415	99.006419	8.739945	
0.000000	101.139555	6.283766	
5.514043	75.697942	3.926436	
13.738817	75.144043	6.738095	
11.013780	75.700060	5.383477	
11.013780	75.700060	5.383477	
0.998353	88.413351	7.544571	
0.998353	88.413351	7.544571	
0.024310	74.028060	1.661682	
0.000000	88.446227	1.297677	
121.337834	0.000000	0.496508	
138.365355	0.000000	3.028915	
137.663957	0.000000	0.000000	
129.307527	1.777555	0.760513	
101.662575	13.684530	1.046732	
67.753690	7.991915	2.347080	
93.185250	3.934339	7.157194	
90.143489	23.222827	1.054487	
86.809913	16.870247	0.760314	
122.334044	8.768323	0.384741	
122.334044	8.768323	0.384741	
95.816434	42.341533	7.006019	
138.599143	34.101958	3.827644	
138.882273	37.030299	3.854498	
147.403807	43.385544	6.182708	
85.213647	16.379175	0.000000	
58.706707	86.645249	9.602285	
2.099005	114.866135	0.000000	
126.112548	54.395567	3.926144	
84.722589	64.164023	0.584575	
126.112548	54.395567	3.926144	
114.821737	92.202404	0.628476	
80.804349	148.796111	10.878592	
37.998197	120.112167	2.281284	
0.000000	156.394605	5.073324	
74.683670	101.480784	0.000000	
0.000000	132.019434	23.900744	
50.240737	131.867518	0.000000	
0.000000	127.153199	18.006731	
0.000000	126.802382	20.330625	
0.044415	99.006419	8.739945	
0.000000	93.315376	12.057034	
7.392842	75.544215	3.797040	
11.013780	75.700060	5.383477	
11.013780	75.700060	5.383477	
0.105721	107.421206	3.024030	
0.000000	81.225731	0.890162	
0.241731	65.839042	5.702235	
0.000000	96.028072	4.454788	
166.655324	0.000000	18.229652	
138.663496	0.000000	0.000000	
136.703049	0.000000	7.531809	
165.771318	0.000000	3.628850	
135.395191	1.987563	8.397918	
92.606200	0.799418	13.177554	
1.198478	0.053351	0.024047	
1.196546	0.053265	0.072209	
122.334044	8.768323	0.384741	
122.334044	8.768323	0.384741	
146.122144	4.580603	15.616349	
151.285766	5.547201	20.652982	
141.671937	52.781016	2.026782	
147.740310	60.159943	0.000000	
140.746323	50.411091	5.012135	
151.138566	31.054068	0.000000	
10.747034	112.748653	5.349778	
65.700302	100.767700	12.105513	
36.446887	118.963305	0.000000	
67.538247	83.839583	38.084409	
79.963906	87.544656	44.177740	
54.963551	141.002478	39.903151	
7.356911	147.601582	30.994334	
9.247146	127.624981	33.933918	
15.245445	136.831246	0.000000	
38.709051	152.392964	1.192661	
1.039874	143.178225	17.697226	
0.000000	132.019434	23.900744	
0.000000	126.802382	20.330625	
19.288731	88.681809	18.446562	
19.288731	88.681809	18.446562	
0.000000	93.315376	12.057034	
13.431365	105.778836	6.555109	
13.431365	105.778836	6.555109	
9.456773	139.726022	2.901124	
0.683202	114.359458	4.785951	
0.049873	75.936624	3.102684	
0.000000	81.225731	0.890162	
154.550809	0.000000	0.000000	
154.550809	0.000000	0.000000	
98.391186	0.141261	0.000000	
137.429067	9.714206	18.900201	
119.426077	11.924734	5.926452	
1.198478	0.053351	0.024047	
1.196546	0.053265	0.072209	
34.842272	2.242402	1.259208	
133.499210	38.711619	1.764351	
149.320618	7.064672	20.904342	
149.929002	13.027449	40.719537	
141.671937	52.781016	2.026782	
146.205116	3.671107	11.312177	
147.740310	60.159943	0.000000	
79.963906	87.544656	44.177740	
32.700202	85.996809	0.000000	
40.550272	28.669222	0.000000	
68.780508	73.961082	0.000000	
101.594724	117.127249	44.021080	
0.000000	102.081650	15.855530	
54.963551	141.002478	39.903151	
44.027899	138.368774	47.304889	
7.625447	152.989213	29.628183	
9.247146	127.624981	33.933918	
0.000000	154.070974	43.569936	
4.231012	153.466532	22.565040	
1.039874	143.178225	17.697226	
50.240737	131.867518	0.000000	
4.814125	76.340078	14.596291	
0.000000	132.690926	21.859123	
11.275176	138.321117	30.800024	
11.275176	138.321117	30.800024	
7.673487	138.226229	27.786684	
7.673487	138.226229	27.786684	
0.069869	141.986260	28.289325	
0.683202	114.359458	4.785951	
0.000000	151.055332	15.753486	
136.703049	0.000000	7.531809	
98.391186	0.141261	0.000000	
108.433278	0.000000	11.984889	
148.577977	0.000000	27.139249	
64.688133	0.000000	4.315765	
119.426077	11.924734	5.926452	
34.842272	2.242402	1.259208	
34.842272	2.242402	1.259208	
148.871091	7.043404	23.902653	
148.555940	8.611472	39.194170	
150.331784	11.924506	40.803430	
0.000000	0.000000	49.684198	
85.000526	29.102170	0.000000	
139.488585	38.481503	0.000000	
127.576510	0.000000	23.816100	
32.700202	85.996809	0.000000	
68.780508	73.961082	0.000000	
40.550272	28.669222	0.000000	
99.065087	93.037554	52.920027	
0.000000	102.081650	15.855530	
99.065087	93.037554	52.920027	
56.541652	156.830183	52.346423	
44.640700	155.436510	33.842714	
44.640700	155.436510	33.842714	
15.245445	136.831246	0.000000	
4.231012	153.466532	22.565040	
4.231012	153.466532	22.565040	
9.342224	104.315491	21.494505	
4.814125	76.340078	14.596291	
0.000000	132.690926	21.859123	
17.342953	139.841051	33.166372	
11.673811	140.427987	33.166372	
4.461304	139.398668	27.506558	
0.066824	135.796886	18.019496	
0.066824	135.796886	18.019496	
0.000000	151.055332	15.753486	
154.550809	0.000000	0.000000	
108.433278	0.000000	11.984889	
140.776434	0.000000	20.219293	
64.688133	0.000000	4.315765	
119.411018	4.653569	6.226646	
126.025738	0.000000	0.000000	
34.842272	2.242402	1.259208	
141.790162	29.199061	18.841435	
140.634971	21.610937	30.814582	
142.535788	29.352609	11.401057	
0.000000	0.000000	51.548549	
85.000526	29.102170	0.000000	
0.000000	0.000000	51.548549	
125.034535	42.437534	10.236359	
125.169527	6.865200	27.187683	
127.232999	23.701830	6.494957	
65.700302	100.767700	12.105513	
44.915559	110.581353	60.179111	
0.000000	92.720838	47.063465	
0.000000	92.720838	47.063465	
0.000000	157.794478	68.666012	
11.268761	91.959352	43.507505	
71.850488	140.723226	54.902723	
4.231012	153.466532	22.565040	
4.231012	153.466532	22.565040	
4.231012	153.466532	22.565040	
12.841542	113.705125	20.102827	
30.459185	152.961967	49.822363	
16.663031	152.111811	49.061198	
5.578508	134.130678	0.000000	
0.361151	99.714875	10.463069	
3.527220	140.682089	38.311978	
3.333197	149.080359	12.975325	
0.034115	138.654423	1.104012	
0.000000	142.686899	22.713198	
156.843101	0.000000	0.000000	
120.497234	0.345998	0.000000	
152.830224	1.235475	4.007795	
139.180133	0.000000	21.488099	
104.885861	0.000000	0.000000	
104.885861	0.000000	0.000000	
132.273748	20.347070	42.208444	
131.038485	16.743614	32.286281	
123.572297	6.317931	51.037357	
149.717506	44.759954	0.000000	
111.443237	59.527245	0.000000	
146.736757	68.321786	0.000000	
121.419599	16.456624	58.162337	
125.416586	9.301137	36.020963	
121.419599	16.456624	58.162337	
41.811913	106.244552	32.224606	
41.811913	106.244552	32.224606	
44.915559	110.581353	60.179111	
0.000000	98.211511	49.784497	
43.158980	156.008907	73.531654	
29.793206	91.927378	45.380072	
11.268761	91.959352	43.507505	
44.640700	155.436510	33.842714	
24.316084	147.007689	52.143821	
0.000000	141.794733	0.000000	
12.841542	113.705125	20.102827	
4.190651	35.585655	4.720216	
9.342224	104.315491	21.494505	
17.342953	139.841051	33.166372	
4.667506	102.189901	13.038658	
0.361151	99.714875	10.463069	
3.527220	140.682089	38.311978	
0.015633	127.073003	0.000000	
0.000000	138.017982	31.041184	
140.776434	0.000000	20.219293	
150.090466	3.423729	27.035499	
139.180133	0.000000	21.488099	
136.483284	11.006401	27.133194	
26.000000	0.000000	0.000000	
127.850937	17.863534	11.588107	
123.572297	6.317931	51.037357	
123.572297	6.317931	51.037357	
140.634971	21.610937	30.814582	
131.636212	0.000000	61.847658	
141.858505	60.492516	0.000000	
112.506539	4.166131	62.193877	
112.506539	4.166131	62.193877	
117.782169	0.000000	63.632352	
108.490526	53.817954	76.458894	
52.791275	54.226545	72.738368	
87.963555	93.374229	59.405223	
84.295388	111.734085	29.805266	
84.295388	111.734085	29.805266	
47.021387	64.150202	58.386508	
29.793206	91.927378	45.380072	
0.000000	117.435324	70.484149	
40.214760	118.622942	66.058911	
4.187500	113.346665	67.092442	
32.402929	80.044634	63.785770	
4.190651	35.585655	4.720216	
3.135245	18.186582	3.569522	
4.866912	95.613542	26.277418	
16.663031	152.111811	49.061198	
4.667506	102.189901	13.038658	
0.000000	78.627806	2.732820	
0.000000	17.550945	1.782551	
0.000000	142.686899	22.713198	
73.851075	0.000000	15.869849	
67.778293	0.000000	21.861944	
67.778293	0.000000	21.861944	
26.000000	0.000000	0.000000	
125.929238	10.155292	20.352256	
122.504971	0.037957	56.787482	
110.606595	8.368594	0.000000	
110.606595	8.368594	0.000000	
131.636212	0.000000	61.847658	
136.217517	0.000000	73.592132	
41.086265	0.000000	33.552000	
49.998636	0.378213	47.613796	
99.094482	0.000000	64.490574	
0.000000	10.143796	82.862553	
104.512634	15.222597	8.943204	
52.380544	82.753967	72.436971	
40.043281	86.417752	65.434417	
38.333750	89.569157	59.401266	
68.065508	122.092551	76.586182	
0.000000	117.435324	70.484149	
43.958575	141.701748	81.222434	
7.442523	130.886365	75.749451	
18.078888	109.299491	38.768674	
12.995997	78.569868	27.868836	
24.316084	147.007689	52.143821	
2.836455	18.235571	3.569522	
3.433191	18.132697	3.569522	
22.276060	146.547787	63.293440	
0.000000	138.925399	15.194593	
0.000000	138.925399	15.194593	
0.000000	78.968522	2.744662	
0.000000	17.550945	1.782551	
56.040344	0.000000	7.271830	
50.845316	0.000000	13.014638	
56.040344	0.000000	7.271830	
72.903048	0.000000	10.295978	
76.783996	0.000000	2.102807	
119.851977	0.000000	17.260625	
149.032500	26.715098	0.000000	
93.562560	20.707912	36.652615	
131.091113	49.892621	79.539245	
41.086265	0.000000	33.552000	
50.025627	0.000000	39.707200	
49.998636	0.378213	47.613796	
0.000000	0.000000	87.380367	
114.117728	8.267188	24.853984	
52.791275	54.226545	72.738368	
52.380544	82.753967	72.436971	
40.111361	86.564675	65.545665	
0.000000	0.000000	87.380367	
53.710319	18.939896	89.547190	
53.710319	18.939896	89.547190	
13.918832	97.943741	51.927716	
13.918832	97.943741	51.927716	
18.078888	109.299491	38.768674	
12.995997	78.569868	27.868836	
31.166799	129.017666	58.173168	
3.135245	18.186582	3.569522	
3.433191	18.132697	3.569522	
4.866912	95.613542	26.277418	
1.947163	155.348393	38.846843	
3.724387	29.318563	2.669761	
0.000000	78.627806	2.732820	
50.845316	0.000000	13.014638	
50.845316	0.000000	13.014638	
50.845316	0.000000	13.014638	
72.903048	0.000000	10.295978	
76.783996	0.000000	2.102807	
117.612316	0.000000	14.521748	
93.562560	20.707912	36.652615	
125.968779	2.974705	85.393684	
61.183968	0.000000	47.875403	
50.025627	0.000000	39.707200	
42.002027	0.000000	32.398266	
116.372522	15.143693	87.903496	
71.261230	67.596690	80.676566	
66.011738	75.930505	79.494752	
47.417578	91.920833	96.277532	
47.417578	91.920833	96.277532	
91.589628	0.000000	63.858927	
68.065508	122.092551	76.586182	
41.192234	132.736105	101.698060	
3.058791	96.255037	50.147332	
0.000000	105.781729	65.332167	
0.000000	103.758563	64.082634	
2.987388	81.626643	0.179586	
3.872845	100.057569	0.000000	
2.215906	131.069533	0.000000	
16.893701	122.368039	46.440069	
5.749641	125.662698	10.726161	
5.921876	79.120961	23.274542	
0.000000	131.718822	0.000000	
0.000000	149.857572	0.000000	
50.845316	0.000000	13.014638	
50.642521	0.000000	5.992345	
60.679742	0.000000	1.242295	
74.610752	0.000000	6.045003	
91.624944	0.000000	2.000037	
103.996476	0.467188	39.275971	
149.032500	26.715098	0.000000	
125.968779	2.974705	85.393684	
61.183968	0.000000	47.875403	
42.002027	0.000000	32.398266	
95.033526	2.244181	60.640834	
15.642546	78.142881	110.066262	
71.261230	67.596690	80.676566	
68.243999	0.000000	103.048086	
91.589628	0.000000	63.858927	
0.000000	99.787277	114.851747	
22.566505	81.587415	32.173034	
20.339206	73.534789	25.641038	
5.585135	111.479549	44.295987	
3.058791	96.255037	50.147332	
0.000000	103.758563	64.082634	
0.000000	105.781729	65.332167	
2.987388	81.626643	0.179586	
5.081957	128.315858	37.438736	
15.428773	104.661163	59.058348	
9.741877	109.406028	55.304247	
5.921876	79.120961	23.274542	
3.479907	126.952088	13.737876	
0.000000	131.718822	0.000000	
50.845316	0.000000	13.014638	
60.679742	0.000000	1.242295	
61.349002	0.000000	6.569569	
83.643264	0.239354	2.176972	
88.134621	0.072879	18.444840	
103.996476	0.467188	39.275971	
144.966365	5.136182	83.273017	
85.785150	14.112560	48.759257	
97.936864	2.312742	56.023521	
91.521732	2.161251	65.824158	
0.000000	38.037707	88.597324	
0.000000	38.037707	88.597324	
66.011738	75.930505	79.494752	
0.000000	1.567739	120.750910	
10.745001	42.167713	92.461333	
10.745001	42.167713	92.461333	
22.566505	81.587415	32.173034	
44.831042	51.187883	99.047208	
0.000000	74.710821	80.219774	
0.000000	81.040425	74.820521	
0.000000	74.710821	80.219774	
3.727389	106.147144	66.219437	
3.872845	100.057569	0.000000	
2.554767	130.926890	0.000000	
8.782078	112.699440	39.332465	
8.782078	112.699440	39.332465	
0.000000	126.009167	0.000000	
0.000000	129.469790	1.422137	
50.642521	0.000000	5.992345	
61.349002	0.000000	6.569569	
83.643264	0.239354	2.176972	
67.797988	0.097005	14.004112	
83.189729	0.476116	19.062230	
88.530895	0.397711	34.377352	
126.022384	0.000000	111.702736	
0.000000	1.567739	120.750910	
117.521272	2.775220	105.171790	
128.819699	0.000000	127.749280	
67.095641	17.472503	126.416173	
0.100780	38.257810	115.827343	
10.745001	42.167713	92.461333	
10.745001	42.167713	92.461333	
10.745001	42.167713	92.461333	
20.339206	73.534789	25.641038	
49.109136	84.033567	57.786336	
49.109136	84.033567	57.786336	
0.000000	81.040425	74.820521	
0.000000	79.894492	78.576029	
3.720923	105.963009	66.104566	
3.720923	105.963009	66.104566	
0.000000	127.613510	0.000000	
15.428773	104.661163	59.058348	
9.741877	109.406028	55.304247	
3.632421	126.193553	1.967980	
0.000000	126.009167	0.000000	
73.722525	0.000000	0.000000	
73.722525	0.000000	0.000000	
67.797988	0.097005	14.004112	
77.876973	0.000000	17.291841	
85.833173	0.840555	22.939037	
72.301664	0.827629	14.101383	
3.302011	18.642719	123.878036	
131.494703	0.000000	127.995076	
21.214406	59.518461	133.729255	
19.497467	5.213086	76.570179	
0.100780	38.257810	115.827343	
0.000000	1.567739	120.750910	
10.745001	42.167713	92.461333	
10.745001	42.167713	92.461333	
48.968863	62.231233	63.524813	
48.968863	62.231233	63.524813	
46.033623	60.514678	85.927776	
30.136364	40.552729	77.977128	
0.000000	73.493290	95.165304	
0.000000	39.633265	103.424797	
0.000000	22.512917	61.340308	
0.649268	75.256313	107.229509	
8.424870	125.363852	18.463978	
8.424870	125.363852	18.463978	
3.632421	126.193553	1.967980	
0.000000	126.398664	0.000000	
89.787897	0.000000	0.000000	
66.413236	0.760225	2.402134	
79.155365	0.000000	10.917681	
83.189729	0.476116	19.062230	
30.522472	4.210237	65.717249	
55.304736	12.484763	105.711649	
3.302011	18.642719	123.878036	
0.000000	41.009648	144.987462	
5.067322	18.421890	134.046074	
0.000000	60.586367	121.783504	
19.497467	5.213086	76.570179	
41.919300	30.942191	105.468395	
58.921847	43.492401	81.515043	
10.745001	42.167713	92.461333	
42.726972	55.142529	68.422048	
37.978398	68.586154	52.448780	
31.629321	50.062234	60.115008	
3.975065	19.570549	94.942660	
0.000000	22.512917	61.340308	
0.000000	21.656289	41.625797	
4.213024	5.710232	47.215539	
0.587428	0.616160	99.796004	
0.633197	51.930850	106.472996	
1.020299	1.733726	37.784105	
0.000000	126.804485	0.000000	
80.790216	0.000000	5.337494	
66.052098	0.000000	0.000000	
67.917440	0.295723	1.204988	
36.668630	7.716712	61.864747	
24.025045	5.645164	72.712802	
29.055259	3.353252	54.307354	
29.055259	3.353252	54.307354	
0.000000	0.000000	143.002265	
83.450216	49.667451	116.136410	
21.214406	59.518461	133.729255	
19.591541	16.288879	114.666754	
2.298241	51.137997	147.408526	
14.425960	54.736065	97.717296	
23.702529	21.881070	86.092572	
33.568576	45.525880	97.631139	
6.560699	8.429214	47.374798	
6.560699	8.429214	47.374798	
3.150823	7.075869	49.979883	
0.000000	21.656289	41.625797	
3.190876	11.347669	33.053840	
2.913443	6.466063	28.956967	
2.054405	2.974235	28.870619	
1.020299	1.733726	37.784105	
0.000000	127.449244	0.000000	
66.052098	0.000000	0.000000	
66.413236	0.760225	2.402134	
36.413996	4.995002	68.270738	
34.561680	6.448671	61.367665	
34.561680	6.448671	61.367665	
23.378786	2.055826	50.056608	
20.868058	7.354407	50.664533	
3.952059	1.434405	156.631268	
83.450216	49.667451	116.136410	
0.000000	42.537151	147.143876	
19.591541	16.288879	114.666754	
0.000000	42.537151	147.143876	
23.702529	21.881070	86.092572	
32.949899	40.662833	92.255076	
20.857691	15.140959	71.697732	
3.662331	6.418842	41.412419	
4.159175	10.772645	39.452702	
3.190876	11.347669	33.053840	
0.030720	12.305744	30.913135	
2.913443	6.466063	28.956967	
2.054405	2.974235	28.870619	
1.114904	1.614086	29.029829	
0.000000	126.711900	0.000000	
118.634045	0.000000	94.111016	
67.917440	0.295723	1.204988	
23.230951	4.130146	58.173619	
27.259666	3.760169	58.692175	
22.114650	6.483037	49.152978	
22.114650	6.483037	49.152978	
23.378786	2.055826	50.056608	
20.868058	7.354407	50.664533	
0.656719	0.000000	53.234982	
0.000000	35.089143	150.817973	
0.000000	35.089143	150.817973	
25.501490	0.000000	153.001012	
34.827927	34.173568	73.125205	
6.305598	11.761540	68.351984	
3.662331	6.418842	41.412419	
8.744129	6.649366	24.682693	
2.849440	6.731675	30.443889	
2.591249	8.997234	29.907271	
2.048293	8.237677	29.512714	
0.789477	1.139237	28.381981	
0.789477	1.139237	28.381981	
0.000000	0.000000	38.121076	
102.883011	0.000000	111.112582	
37.483266	3.818651	85.969368	
26.407597	3.607218	49.612224	
26.407597	3.607218	49.612224	
22.114650	6.483037	49.152978	
23.378786	2.055826	50.056608	
23.378786	2.055826	50.056608	
64.666376	0.000000	122.573994	
0.656719	0.000000	53.234982	
1.163830	39.608938	96.723360	
1.163830	39.608938	96.723360	
25.075233	45.271471	146.031227	
6.305598	11.761540	68.351984	
5.589569	8.542586	37.237103	
2.365947	4.349313	34.501563	
2.674338	4.014109	30.176500	
2.849440	6.731675	30.443889	
2.048293	8.237677	29.512714	
2.095499	5.492530	28.563932	
1.114904	1.614086	29.029829	
0.000000	0.000000	29.133930	
107.871120	0.000000	147.243286	
12.877938	2.461160	37.497904	
7.765948	4.327299	44.822400	
8.263650	3.278346	44.822400	
7.765948	4.327299	44.822400	
7.765948	4.327299	44.822400	
75.332260	20.564714	151.116426	
30.986202	22.749123	95.339929	
23.487999	0.000000	118.913965	
30.986202	22.749123	95.339929	
23.487999	0.000000	118.913965	
0.835933	6.059489	40.101507	
1.144043	4.684705	32.251804	
0.835933	6.059489	40.101507	
2.365947	4.349313	34.501563	
2.674338	4.014109	30.176500	
2.849440	6.731675	30.443889	
2.095499	5.492530	28.563932	
0.957336	1.214771	30.112668	
0.000000	0.000000	33.549215	
107.871120	0.000000	147.243286	
12.877938	2.461160	37.497904	
8.263650	3.278346	44.822400	
88.429214	0.000000	139.304159	
7.765948	4.327299	44.822400	
64.666376	0.000000	122.573994	
0.253985	22.158774	130.998683	
0.253985	22.158774	130.998683	
4.937273	14.270162	131.065980	
28.762033	0.000000	107.227375	
7.506961	14.202757	36.910577	
4.755845	12.838680	36.273290	
2.028238	3.982011	30.787293	
1.144043	4.684705	32.251804	
2.531217	3.413278	29.944833	
1.741104	3.611981	28.182074	
0.944841	3.548083	25.739432	
0.944841	3.548083	25.739432	
0.000000	0.000000	124.627839	
0.000000	0.000000	162.484619	
77.045196	1.328181	113.869257	
0.000000	0.000000	132.595593	
81.615052	0.000000	157.005769	
70.498414	16.144602	153.717312	
0.000000	8.146690	148.098607	
0.000000	10.895968	139.082701	
4.937273	14.270162	131.065980	
0.000000	0.000000	122.576656	
0.000000	6.112074	126.332137	
7.506961	14.202757	36.910577	
4.755845	12.838680	36.273290	
2.028238	3.982011	30.787293	
2.161438	3.574753	29.847136	
1.741104	3.611981	28.182074	
1.655188	3.433745	26.791406	
0.747048	1.628945	31.907032	
0.000000	0.000000	121.127121	
37.643899	0.000000	153.342327	
62.264554	0.864969	120.703466	
38.120680	6.841946	158.202223	
38.120680	6.841946	158.202223	
41.735066	14.484801	144.501552	
0.000000	8.146690	148.098607	
0.000000	12.905883	116.828190	
0.000000	9.568082	130.212786	
0.000000	12.905883	116.828190	
0.000000	9.568082	130.212786	
0.000000	0.000000	101.956901	
2.264150	5.971360	43.223274	
2.424655	3.353154	29.819578	
2.475221	3.265058	30.628798	
2.475221	3.265058	30.628798	
2.475221	3.265058	30.628798	
0.000000	12.349508	85.287593	
30.630589	0.000000	120.192720	
30.630589	0.000000	120.192720	
29.433188	1.097093	125.428092	
41.735066	14.484801	144.501552	
17.470833	17.470833	102.303159	
0.000000	5.225805	121.631774	
0.000000	5.225805	121.631774	
0.000000	0.000000	131.114007	
3.711404	10.453674	98.166430	
3.756836	10.657030	98.649497	
3.711404	10.453674	98.166430	
5.212075	12.584116	87.983468	
2.424655	3.353154	29.819578	
2.882207	6.687627	58.467980	
2.475221	3.265058	30.628798	
0.000000	13.002485	122.143060	
31.817331	0.000000	124.849429	
4.491099	1.374498	122.938401	
4.491099	1.374498	122.938401	
0.000000	0.000000	162.484619	
0.000000	0.000000	147.117525	
0.485070	15.207392	129.955842	
11.601477	25.420600	111.306874	
3.892450	11.908929	98.426329	
5.371899	15.458237	98.014573	
5.371899	15.458237	98.014573	
0.106805	12.495280	118.619336	
0.263894	11.022819	114.414004	
3.226444	8.008479	68.745273	
3.226444	8.008479	68.745273	
0.000000	10.784913	110.722237	
37.643899	0.000000	153.342327	
1.398672	1.434989	113.776639	
0.000000	0.000000	163.794284	
0.105101	0.114843	37.135260	
0.105101	0.114843	37.135260	
1.786575	1.045539	62.220009	
3.892450	11.908929	98.426329	
5.793953	16.827657	97.643712	
6.994568	20.552840	96.452124	
8.787160	26.280988	95.266128	
0.106805	12.495280	118.619336	
0.263894	11.022819	114.414004	
0.375489	7.194991	32.587240	
0.000000	10.784913	110.722237	
0.000000	0.000000	163.794284	
1.398672	1.434989	113.776639	
1.115833	1.364418	60.655646	
7.901549	7.210820	116.765596	
7.901549	7.210820	116.765596	
2.053092	5.742128	116.023527	
5.793953	16.827657	97.643712	
6.009935	17.495535	96.967490	
7.485814	22.099783	96.245363	
8.787160	26.280988	95.266128	
0.661625	23.530263	110.286093	
0.375489	7.194991	32.587240	
0.000000	10.875467	123.808588	
0.000000	0.000000	89.148877	
0.073585	0.080406	25.999772	
1.115833	1.364418	60.655646	
4.274624	3.908519	117.563706	
2.053092	5.742128	116.023527	
1.254716	3.489544	116.008066	
4.395571	12.784808	101.454753	
4.395571	12.784808	101.454753	
8.314642	25.136141	101.234138	
0.760299	6.272612	113.193644	
0.661625	23.530263	110.286093	
0.000000	26.281473	122.788210	
0.000000	0.000000	137.796897	
0.073585	0.080406	25.999772	
6.527776	7.105247	108.800131	
6.527776	7.105247	108.800131	
0.000000	0.000000	105.289192	
0.000000	0.000000	105.289192	
6.236312	18.410975	110.863041	
6.236312	18.410975	110.863041	
0.721418	4.036833	75.005850	
0.721418	4.036833	75.005850	
0.000000	8.359599	111.645296	
0.000000	0.000000	137.796897	
2.731610	2.658751	74.989753	
2.731610	2.658751	74.989753	
0.260541	0.705548	103.702835	
0.339943	0.244017	65.967571	
0.339943	0.244017	65.967571	
0.000000	0.093713	109.644323	
0.721418	4.036833	75.005850	
0.721418	4.036833	75.005850	
0.000000	6.274197	114.758778	
0.000000	0.000000	137.444695	
0.177735	0.177735	25.998785	
0.105338	0.064331	92.445377	
1.613488	1.115616	64.877934	
0.325524	0.236004	71.642793	
1.613488	1.115616	64.877934	
2.409845	2.288512	71.721374	
0.000000	0.000000	77.272014	
0.000000	0.000000	77.272014	
0.000000	0.000000	120.976631	
0.177735	0.177735	25.998785	
0.416414	0.370920	49.681069	
0.493535	0.357811	54.308032	
0.967340	0.562801	56.968511	
3.096067	3.096067	46.711283	
0.000000	0.000000	59.077784	
0.000000	0.000000	77.272014	
0.000000	0.000000	120.976631	
0.416414	0.370920	49.681069	
1.977019	1.433333	46.609684	
1.977019	1.433333	46.609684	
0.221015	0.160236	48.642151	
0.000000	0.000000	59.077784	
0.000000	0.000000	77.272014	
0.000000	0.000000	120.976631	
0.227024	0.227024	28.602932	
1.178008	1.178008	30.177426	
1.178008	1.178008	30.177426	
0.000000	0.000000	46.916045	
0.000000	0.000000	90.025854	
0.000000	0.000000	110.643881	
0.227024	0.227024	28.602932	
1.977019	1.433333	46.609684	
0.000000	0.000000	46.916045	
0.000000	0.000000	46.916045	
0.000000	0.000000	34.472992	
0.445422	0.445422	28.055942	
0.214128	0.155242	47.126383	
0.000000	0.000000	46.875898	
0.000000	0.000000	34.472992	
0.445422	0.445422	28.055942	
0.000000	0.000000	46.875898	
0.000000	0.000000	34.472992	
0.000000	0.000000	47.127126	
0.000000	0.000000	46.963441	
0.000000	0.000000	0.000000	
0.000000	0.000000	0.000000	
0.000000	0.000000	0.000000	
0.000000	0.000000	0.000000	
0.000000	0.000000	0.000000	
0.000000	0.000000	0.000000	
0.000000	0.000000	0.000000	
0.000000	0.000000	0.000000	
0.000000	0.000000	0.000000	
0.000000	0.000000	0.000000	
