60.363828	0.000000	0.000000	
60.363828	0.000000	0.000000	
33.736521	2.862461	0.000000	
33.736521	2.862461	0.000000	
63.078102	0.000000	0.000000	
60.584598	0.000000	0.000000	
58.730313	0.000000	0.000000	
58.730313	0.000000	0.000000	
59.574434	0.000000	0.000000	
59.574434	0.000000	0.000000	
60.584598	0.000000	0.000000	
69.909998	0.000000	0.000000	
69.909998	0.000000	0.000000	
0.000000	27.831935	0.000000	
116.335057	0.000000	0.000000	
116.335057	0.000000	0.000000	
0.000000	71.912747	0.000000	
104.548106	90.210853	0.000000	
104.548106	90.210853	0.000000	
112.813793	97.572489	0.000000	
36.998702	98.484947	0.000000	
36.998702	98.484947	0.000000	
0.000000	106.589250	0.000000	
0.000000	106.589250	0.000000	
0.000000	137.452534	0.000000	
24.301098	132.632355	0.000000	
0.000000	111.584904	0.000000	
52.649286	73.774369	0.000000	
42.652172	67.265776	0.000000	
23.968887	49.513666	0.000000	
25.681022	47.111057	0.000000	
23.325784	45.393563	0.000000	
2.927772	81.640320	0.000000	
2.899600	67.546654	0.000000	
0.000000	61.899907	0.000000	
2.926174	56.195365	0.000000	
3.213450	54.180001	0.000000	
2.231299	51.136741	0.000000	
3.213450	54.180001	0.000000	
2.926174	56.195365	0.000000	
2.141505	61.292219	0.000000	
0.000000	66.353295	0.000000	
0.000000	66.310517	0.000000	
0.000000	66.353295	0.000000	
52.062062	0.000000	0.146669	
52.062062	0.000000	0.146669	
59.964797	0.000000	0.845910	
56.066399	0.250596	0.638677	
52.857596	0.188925	0.646040	
52.870005	0.407354	0.898288	
8.615799	7.344334	0.867927	
8.615799	7.344334	0.867927	
12.280396	10.443353	0.960040	
54.348182	0.628130	0.198679	
0.393164	1.431692	1.778099	
0.393164	1.431692	1.778099	
2.019365	5.880902	1.992813	
2.848188	6.140927	2.629402	
0.000000	34.450239	0.508420	
0.000000	3.336959	2.971435	
0.000000	3.336959	2.971435	
2.203857	8.217511	3.119876	
2.203857	8.217511	3.119876	
34.133432	64.088001	2.371932	
0.610237	3.449692	3.617829	
0.610237	3.449692	3.617829	
0.000000	0.000000	3.766358	
0.000000	0.000000	3.766358	
11.011245	21.226624	1.329348	
0.000000	0.639856	3.931934	
42.010988	60.902403	2.779618	
41.457940	63.821782	1.769846	
42.010988	60.902403	2.779618	
23.968887	49.513666	0.000000	
23.325784	45.393563	0.000000	
0.000000	69.094980	1.122650	
0.000000	50.993269	0.828535	
1.449981	50.972650	0.828535	
3.995059	54.525364	0.900615	
3.219369	54.576656	0.900615	
2.055224	49.134358	0.536491	
2.058523	48.515296	0.353155	
2.055224	49.134358	0.536491	
0.832140	49.961371	0.308234	
2.694114	53.926088	0.572399	
0.404215	56.767623	0.982778	
0.000000	65.832832	0.569802	
52.062062	0.000000	0.146669	
52.062062	0.000000	0.146669	
16.698539	0.000000	1.581491	
38.916709	1.564513	0.000000	
52.237959	0.308934	2.419437	
52.237959	0.308934	2.419437	
24.273132	0.877679	2.351010	
21.409189	0.698166	1.772054	
24.273132	0.877679	2.351010	
3.506495	0.291741	0.209227	
61.998681	0.000000	1.752560	
0.003134	6.979667	4.195348	
2.848188	6.140927	2.629402	
2.848188	6.140927	2.629402	
0.264365	3.326471	2.971435	
0.264365	3.326471	2.971435	
0.878247	8.462456	3.119876	
0.878247	8.462456	3.119876	
0.000000	0.000000	4.972817	
0.000000	0.000000	4.972817	
1.307317	1.625156	2.770955	
1.307317	1.625156	2.770955	
11.011245	21.226624	1.329348	
4.875411	8.960607	0.890994	
2.987469	8.432971	1.094169	
7.711835	12.677346	2.869172	
5.199876	10.484363	1.790693	
1.523652	10.480203	2.376942	
4.949506	9.053457	0.094086	
1.523652	10.480203	2.376942	
1.766647	81.673696	0.000000	
11.152005	72.412981	4.766327	
1.449981	50.972650	0.828535	
0.000000	56.550971	0.000000	
0.000000	56.550971	0.000000	
2.372243	50.206391	0.182770	
2.058523	48.515296	0.353155	
2.058523	48.515296	0.353155	
2.014922	42.373962	2.148217	
1.706875	40.557113	2.105579	
0.991246	51.955576	2.060349	
0.000000	60.879915	2.413813	
22.019701	0.000000	4.052692	
29.950807	0.871066	0.493996	
38.916709	1.564513	0.000000	
51.557175	0.000000	3.650186	
51.557175	0.000000	3.650186	
51.770040	0.000000	3.283616	
21.409189	0.698166	1.772054	
18.701046	0.676201	1.811317	
18.701046	0.676201	1.811317	
59.219815	9.892637	5.540738	
63.017043	0.000000	2.581008	
10.893382	25.263332	4.748709	
10.893382	25.263332	4.748709	
0.000000	26.940227	5.910312	
0.000000	26.940227	5.910312	
0.000000	35.100322	11.084453	
0.000000	0.000000	12.932333	
2.918570	19.160549	13.505390	
2.918570	19.160549	13.505390	
57.507040	32.194245	4.988565	
32.797896	91.576655	4.524578	
19.581486	36.406483	0.000000	
3.442526	7.302906	0.599503	
2.782422	6.123550	0.446369	
2.987469	8.432971	1.094169	
0.494375	6.171856	0.502066	
0.494375	6.171856	0.502066	
0.104980	7.145589	1.009215	
3.747931	6.671091	1.021259	
4.993206	10.021585	0.068588	
4.993206	10.021585	0.068588	
3.880022	15.982575	2.725233	
0.000000	50.993269	0.828535	
1.021165	16.555709	0.731133	
2.396540	55.699599	0.866148	
1.919723	52.437804	1.981162	
2.058523	48.515296	0.353155	
1.919723	52.437804	1.981162	
1.706875	40.557113	2.105579	
0.727903	51.110426	1.770343	
0.000000	60.879915	2.413813	
53.831757	0.000000	3.894057	
29.753629	0.011754	1.060141	
39.918392	0.015770	3.221205	
37.416620	1.741209	3.135734	
38.722159	2.793412	4.812081	
21.409189	0.698166	1.772054	
20.591721	0.558826	2.438622	
3.506495	0.291741	0.209227	
30.281715	7.072246	1.382770	
53.768441	0.847722	5.951888	
56.409869	0.000000	8.510246	
74.219077	0.000000	0.000000	
0.000000	0.000000	11.951180	
9.665849	21.449389	13.151298	
0.000000	35.100322	11.084453	
5.042958	8.462386	17.831858	
85.213647	16.379175	0.000000	
3.923851	46.237093	19.328849	
0.000000	15.433244	18.202760	
0.000000	15.433244	18.202760	
10.564111	27.394749	2.459845	
4.875411	8.960607	0.890994	
3.442526	7.302906	0.599503	
2.782422	6.123550	0.446369	
4.871130	8.205481	1.404042	
0.306989	5.546746	0.883863	
1.258185	5.549863	0.848661	
0.104980	7.145589	1.009215	
2.551593	7.019726	0.730446	
2.551593	7.019726	0.730446	
1.052558	7.789553	0.244110	
1.052558	7.789553	0.244110	
6.470554	48.257374	0.000000	
1.021165	16.555709	0.731133	
5.794039	18.189811	3.828640	
2.092780	50.573300	1.441286	
1.954023	51.152627	1.774318	
1.858384	49.138719	1.078869	
0.430616	52.719766	2.220027	
0.000000	65.721554	5.769043	
29.931207	0.000000	1.475286	
29.753629	0.011754	1.060141	
37.416620	1.741209	3.135734	
31.647552	0.968438	0.225852	
38.722159	2.793412	4.812081	
19.646972	1.614638	1.724705	
21.191716	3.120417	0.695929	
30.302652	7.077136	0.757902	
30.281715	7.072246	1.382770	
56.357300	16.698142	1.835504	
56.192163	0.000000	8.874183	
95.816434	42.341533	7.006019	
90.876165	3.918713	19.399818	
90.876165	3.918713	19.399818	
53.219679	0.538962	21.135699	
85.213647	16.379175	0.000000	
53.219679	0.538962	21.135699	
32.625532	71.560781	26.030309	
32.797896	91.576655	4.524578	
10.564111	27.394749	2.459845	
4.415971	9.598723	1.321344	
2.670008	6.448489	0.664622	
1.949150	6.568192	0.801147	
0.306989	5.546746	0.883863	
1.305594	5.336805	0.959841	
2.126339	5.450945	0.851899	
2.178419	5.312215	1.016239	
2.513197	5.534358	1.207978	
2.513197	5.534358	1.207978	
1.845372	7.111778	0.264130	
1.052558	7.789553	0.244110	
1.052558	7.789553	0.244110	
0.029247	8.844525	2.715612	
2.634482	13.861840	3.582408	
5.794039	18.189811	3.828640	
1.819483	25.041743	6.284343	
1.349841	30.520918	7.103291	
1.005093	52.642066	1.666475	
0.000000	64.762353	6.156518	
53.149055	0.000000	4.963504	
38.710980	0.015293	2.687035	
31.507510	1.366633	2.709178	
45.943587	3.974817	4.724159	
40.297204	1.990711	2.778794	
19.646972	1.614638	1.724705	
1.198478	0.053351	0.024047	
1.196546	0.053265	0.072209	
59.219815	9.892637	5.540738	
56.192163	0.000000	8.874183	
60.917393	0.000000	9.620418	
123.584927	0.000000	0.128409	
0.000000	31.691974	29.230175	
0.000000	31.691974	29.230175	
2.179017	3.520671	31.638698	
0.000000	0.000000	31.696517	
0.000000	0.000000	31.696517	
94.250762	82.273873	12.227604	
0.119517	19.643118	5.462064	
2.903647	7.516229	2.154680	
2.477561	6.836523	1.404127	
2.670008	6.448489	0.664622	
2.449098	6.225866	1.737774	
1.219528	5.400829	1.025001	
1.090495	5.127346	1.226009	
2.209058	4.939716	0.849287	
1.947463	5.088071	1.124936	
1.875922	5.570785	1.082693	
1.341029	5.853508	1.440321	
1.845372	7.111778	0.264130	
0.737051	7.140007	0.093886	
0.000000	7.707794	0.637953	
0.439947	6.282017	2.482200	
2.634482	13.861840	3.582408	
0.000000	22.872040	3.210252	
0.058993	38.569465	6.769188	
1.027445	55.174807	2.123355	
0.000000	65.019633	5.554370	
53.149055	0.000000	4.963504	
31.647552	0.968438	0.225852	
33.719761	1.678129	4.241430	
40.297204	1.990711	2.778794	
21.191716	3.120417	0.695929	
1.198478	0.053351	0.024047	
1.196546	0.053265	0.072209	
34.842272	2.242402	1.259208	
37.225950	4.787185	0.000000	
61.323948	10.741667	4.507294	
43.483476	6.170359	13.055271	
2.282424	1.796108	32.787617	
0.000000	0.000000	33.685046	
0.000000	0.000000	33.685046	
61.857687	0.000000	34.623452	
0.000000	0.000000	34.735097	
40.550272	28.669222	0.000000	
68.780508	73.961082	0.000000	
2.903647	7.516229	2.154680	
1.320067	6.256862	1.973222	
1.320067	6.256862	1.973222	
2.844378	6.461771	1.238466	
1.037588	5.213190	1.596014	
1.037588	5.213190	1.596014	
2.209058	4.939716	0.849287	
1.829823	5.051822	1.358237	
1.963324	5.445397	1.289897	
1.379480	5.781308	1.288046	
1.341029	5.853508	1.440321	
1.424699	5.329257	1.622934	
0.000000	6.850599	1.062393	
0.000000	7.047835	1.541309	
0.856213	9.665920	0.563915	
0.856213	9.665920	0.563915	
0.000000	22.872040	3.210252	
0.058993	38.569465	6.769188	
0.000000	64.762353	6.156518	
51.813505	0.000000	11.067489	
31.507510	1.366633	2.709178	
33.719761	1.678129	4.241430	
43.177434	2.376531	1.812015	
34.687279	0.133134	0.824813	
37.225950	4.787185	0.000000	
34.842272	2.242402	1.259208	
34.842272	2.242402	1.259208	
33.348020	0.000000	0.000000	
35.903484	5.359391	5.346857	
39.809788	8.085091	12.232039	
0.000000	0.000000	34.735097	
85.000526	29.102170	0.000000	
81.673282	63.356210	35.879845	
81.673282	63.356210	35.879845	
32.700202	85.996809	0.000000	
68.780508	73.961082	0.000000	
1.010308	8.269651	0.664060	
2.712495	5.825967	2.384112	
1.167296	5.853046	2.281831	
2.712495	5.825967	2.384112	
0.443990	5.344627	2.354269	
2.420992	5.368873	0.281615	
2.420992	5.368873	0.281615	
2.128492	5.018892	1.158907	
2.128492	5.018892	1.158907	
1.362579	5.333399	1.440018	
1.362579	5.333399	1.440018	
1.424699	5.329257	1.622934	
1.152924	6.114627	1.638859	
0.144968	6.611079	1.711755	
0.000000	7.047835	1.541309	
0.360187	8.660289	2.006864	
0.788007	10.371894	2.560480	
0.000000	19.597857	4.451263	
0.000000	28.200231	11.029163	
46.667802	0.000000	12.922325	
46.667802	0.000000	12.922325	
48.870132	0.534133	2.325558	
34.687279	0.133134	0.824813	
33.091479	0.000000	0.000000	
29.835606	0.051611	1.719502	
31.297142	2.675007	0.000000	
31.297142	2.675007	0.000000	
31.047418	1.850325	0.540581	
35.545044	2.611787	0.000000	
40.211764	8.504943	0.291047	
59.426622	0.000000	21.391043	
78.237803	21.853383	22.319104	
6.216014	0.809269	46.316034	
0.992195	21.761875	40.730793	
2.032056	9.331074	5.396240	
1.482125	5.539636	3.603495	
0.082566	3.518614	2.953153	
0.962355	5.452643	3.002704	
1.167296	5.853046	2.281831	
2.995918	2.487376	1.940405	
0.443990	5.344627	2.354269	
0.416451	5.505280	1.275502	
1.163599	4.750999	1.905179	
2.136202	5.064720	1.431008	
1.303042	5.111446	1.629890	
1.025691	5.235274	1.617135	
0.886919	5.326294	1.549876	
1.148111	5.548796	1.318974	
0.183869	6.254127	0.500602	
0.458039	5.954688	1.851499	
0.387022	6.745988	1.643757	
0.335121	7.577594	0.475312	
0.148508	15.647137	5.337212	
0.000000	19.597857	4.451263	
46.667802	0.000000	12.922325	
46.667802	0.000000	12.922325	
36.096499	0.000000	0.000000	
33.091479	0.000000	0.000000	
30.485910	1.016187	2.354468	
29.835606	0.051611	1.719502	
31.084658	2.972455	0.000000	
31.084658	2.972455	0.000000	
31.047418	1.850325	0.540581	
43.483476	6.170359	13.055271	
40.211764	8.504943	0.291047	
59.322847	0.000000	0.000000	
59.426622	0.000000	21.391043	
0.845096	7.852212	9.551636	
0.085779	3.718143	3.686030	
0.082566	3.518614	2.953153	
1.213254	3.416500	2.267995	
1.782002	4.073831	2.136903	
0.497200	4.557818	1.492105	
2.995918	2.487376	1.940405	
2.787462	2.425083	1.287120	
2.787462	2.425083	1.287120	
0.358944	5.151515	2.235092	
1.163599	4.750999	1.905179	
1.492237	4.988936	1.989839	
1.303042	5.111446	1.629890	
1.014752	5.031244	1.845890	
0.000000	5.417959	1.797054	
0.000000	5.417959	1.797054	
0.928807	5.497296	1.654150	
0.458039	5.954688	1.851499	
0.387022	6.745988	1.643757	
0.125117	9.121831	1.821860	
0.000000	23.273813	10.904946	
48.601674	0.000000	10.908812	
36.096499	0.000000	0.000000	
30.485910	1.016187	2.354468	
30.485910	1.016187	2.354468	
26.000000	0.000000	0.000000	
29.575381	0.820888	0.000000	
31.360892	3.637605	0.000000	
29.628588	4.134056	0.000000	
33.523186	1.553805	0.000000	
35.790947	0.000000	0.000000	
35.214863	0.000000	0.000000	
0.000000	3.431031	6.935866	
0.000000	4.376968	5.017727	
2.258944	3.850575	2.477369	
0.693746	3.406609	2.767703	
0.693746	3.406609	2.767703	
1.213254	3.416500	2.267995	
0.841292	3.067749	2.582466	
2.332437	3.554294	1.968906	
2.332437	3.554294	1.968906	
2.170521	2.741847	1.786819	
2.014483	3.712668	2.446169	
0.203649	4.873018	2.234975	
0.405650	4.932286	2.396121	
1.158238	4.879888	2.185606	
1.158238	4.879888	2.185606	
1.014752	5.031244	1.845890	
0.886919	5.326294	1.549876	
0.820891	5.591966	1.157004	
0.556475	5.764815	2.197256	
0.187336	7.100242	1.033303	
0.125117	9.121831	1.821860	
0.000000	15.972941	2.777418	
48.223469	0.000000	10.365230	
30.485910	1.016187	2.354468	
28.533686	1.912441	5.105604	
26.000000	0.000000	0.000000	
29.771233	3.101987	8.897615	
29.575381	0.820888	0.000000	
28.863994	5.703949	6.942587	
32.478137	0.000000	0.740988	
35.790947	0.000000	0.000000	
35.214863	0.000000	0.000000	
0.000000	3.431031	6.935866	
2.258944	3.850575	2.477369	
1.503748	3.064982	2.573168	
1.503748	3.064982	2.573168	
0.013027	3.135816	2.659196	
0.841292	3.067749	2.582466	
1.155352	2.883408	2.294823	
0.000000	3.627677	2.195071	
0.603777	3.486173	1.908776	
2.170521	2.741847	1.786819	
0.603777	3.486173	1.908776	
2.014483	3.712668	2.446169	
0.553008	4.390979	2.250170	
0.763411	4.759727	1.810306	
1.492237	4.988936	1.989839	
1.053870	3.636747	1.923531	
0.635331	5.159145	2.338040	
0.683315	5.246511	2.238077	
0.402661	5.740453	2.607485	
0.330397	6.967258	2.166946	
0.187336	7.100242	1.033303	
0.000000	9.706439	1.949003	
48.427648	0.000000	13.412719	
29.579813	0.102337	3.076386	
30.485910	1.016187	2.354468	
28.533686	1.912441	5.105604	
29.229567	1.793386	0.000000	
28.863994	5.703949	6.942587	
29.163528	4.069834	9.084204	
28.947235	0.000000	0.000000	
26.920472	1.763480	3.088657	
0.403522	2.965717	5.915730	
0.403522	2.965717	5.915730	
0.047990	2.450836	2.996977	
1.676342	2.700526	2.855432	
0.568002	2.728525	2.118768	
0.440168	2.692535	2.774731	
0.660084	2.841749	2.679387	
1.155352	2.883408	2.294823	
1.656248	3.326839	2.258406	
2.137362	2.760248	2.132050	
0.508434	3.472402	2.155968	
0.508434	3.472402	2.155968	
0.521020	4.061721	2.230098	
0.087485	3.832790	2.522642	
0.383486	3.085699	2.406018	
1.053870	3.636747	1.923531	
0.000000	3.601064	2.520733	
0.683315	5.246511	2.238077	
0.445381	5.554069	2.594119	
0.140110	6.392555	2.735622	
0.198936	6.874867	3.080785	
0.000000	8.957407	0.704929	
37.326043	0.000000	0.000000	
30.485910	1.016187	2.354468	
29.399712	1.023130	3.655822	
28.503581	1.763791	1.647410	
29.163528	4.069834	9.084204	
28.293408	1.518334	3.661531	
27.322054	0.000000	0.000000	
26.920472	1.763480	3.088657	
0.000000	5.721739	9.904873	
0.009342	1.413095	5.879401	
0.000000	1.830633	3.091195	
0.568002	2.728525	2.118768	
0.047990	2.450836	2.996977	
0.949019	2.662861	2.750437	
1.207733	2.658928	2.571132	
0.657914	2.534287	1.455879	
0.306409	1.852866	1.614491	
0.526342	2.969162	2.432499	
1.774271	3.007944	2.377652	
0.000000	2.963850	2.196286	
0.981146	2.920660	2.274238	
0.000000	3.033253	2.235987	
0.479669	3.530037	2.510174	
0.383486	3.085699	2.406018	
0.000000	3.601064	2.520733	
0.000000	3.601064	2.520733	
0.445381	5.554069	2.594119	
0.140110	6.392555	2.735622	
0.114386	6.680698	1.316552	
0.000000	8.294660	2.190164	
42.952299	0.000000	0.000000	
29.399712	1.023130	3.655822	
28.975616	1.023596	3.921762	
28.503581	1.763791	1.647410	
27.557312	0.478070	0.517999	
27.297445	1.113381	3.181547	
27.413197	0.214638	2.586416	
0.000000	5.721739	9.904873	
0.433180	1.392107	3.289412	
0.000000	1.830633	3.091195	
0.000000	1.564976	3.292350	
0.223803	2.017675	3.007390	
0.236713	2.278503	3.001795	
0.344417	2.124431	2.800677	
0.000000	2.188675	2.136848	
0.251241	2.010646	1.702056	
0.657914	2.534287	1.455879	
0.091906	2.713067	2.206840	
0.000000	2.812979	2.303138	
0.000000	2.812979	2.303138	
0.000000	3.148525	2.381493	
0.000000	3.214607	2.292261	
0.000000	3.214607	2.292261	
0.000000	3.601064	2.520733	
0.279247	3.797870	2.349298	
0.603384	5.581796	3.016992	
0.428860	5.590325	2.447097	
0.103061	6.578414	2.985569	
0.000000	8.294660	2.190164	
35.549101	0.000000	1.051402	
28.975616	1.023596	3.921762	
28.094870	1.236046	2.527381	
28.094870	1.236046	2.527381	
27.297445	1.113381	3.181547	
27.297445	1.113381	3.181547	
0.036736	0.751073	6.333545	
0.326131	1.249527	4.706224	
0.326131	1.249527	4.706224	
0.368733	2.138039	3.941277	
0.000000	2.033806	3.641651	
0.223803	2.017675	3.007390	
0.028336	2.037992	2.514266	
0.028336	2.037992	2.514266	
0.438136	1.805746	1.861189	
0.438136	1.805746	1.861189	
0.719573	2.201466	2.657454	
1.543079	2.421950	2.538934	
0.496206	2.811499	2.493995	
0.400677	2.917409	2.461174	
0.000000	3.033253	2.235987	
0.000000	3.099295	2.462708	
0.000000	3.099295	2.462708	
0.000000	3.282491	2.280677	
0.055704	3.730305	2.464838	
0.028339	3.795704	2.520711	
0.232692	5.511809	4.030170	
0.000000	8.593697	1.408537	
36.129189	0.000000	1.216138	
31.523678	0.403623	3.024663	
28.277896	0.614164	0.000000	
27.557312	0.478070	0.517999	
0.000000	0.000000	15.042406	
3.092644	2.481054	7.755553	
1.610264	2.138094	5.370579	
0.009342	1.413095	5.879401	
0.433180	1.392107	3.289412	
0.000000	1.809783	3.417880	
0.000000	1.448509	3.182991	
0.556692	1.799562	3.117980	
0.319894	1.789663	2.394136	
0.000000	2.087037	2.194328	
0.000000	2.003696	2.149743	
0.562701	2.245835	2.563367	
0.719573	2.201466	2.657454	
0.282682	2.395091	2.655560	
0.587474	2.489614	2.530426	
0.000000	2.698782	2.443521	
0.000000	2.698782	2.443521	
0.016850	2.998821	2.395329	
0.093415	3.029064	2.562762	
0.000000	3.282491	2.280677	
0.055704	3.730305	2.464838	
0.028339	3.795704	2.520711	
0.000000	6.955645	3.979996	
35.549101	0.000000	1.051402	
29.329618	0.938149	0.000000	
29.916503	0.153777	0.000000	
0.000000	0.000000	15.042406	
0.000000	0.000000	6.292278	
0.000000	0.000000	6.292278	
1.080149	1.368501	5.184932	
0.000000	0.000000	4.225365	
0.105603	0.714495	2.753367	
0.207450	0.683014	2.921505	
0.139872	0.838970	2.713637	
0.319894	1.789663	2.394136	
0.000000	1.691814	2.504620	
0.118100	1.740110	1.974426	
0.000000	2.087037	2.194328	
0.027791	1.685234	1.600667	
0.000000	2.107200	2.565750	
0.000000	2.439142	2.634427	
0.000000	2.352669	2.691402	
0.000000	2.649280	2.415230	
0.009449	0.482234	2.500534	
0.008783	0.516060	2.360348	
0.009449	0.482234	2.500534	
0.000000	3.100017	2.404586	
0.000000	3.502466	2.171041	
0.000000	3.502466	2.171041	
36.865591	0.000000	0.732507	
29.916503	0.153777	0.000000	
15.040535	0.000000	11.974148	
0.000000	0.000000	10.431114	
0.000000	0.000000	5.675850	
1.080149	1.368501	5.184932	
0.060805	0.175554	3.951454	
0.000000	0.690349	3.890130	
0.105603	0.714495	2.753367	
0.139872	0.838970	2.713637	
0.492135	1.509263	3.038787	
0.000000	1.634746	1.919960	
0.054304	1.646039	2.046378	
0.000000	1.691814	2.504620	
0.000000	1.910085	1.894539	
0.000000	2.107200	2.565750	
0.000000	1.630592	2.307416	
0.000000	1.630592	2.307416	
0.006734	0.372611	2.512190	
0.006734	0.372611	2.512190	
0.008783	0.516060	2.360348	
0.008880	0.748083	2.166364	
0.007338	0.431164	2.618137	
0.000000	3.376546	2.766331	
0.000000	3.376546	2.766331	
36.288139	0.000000	0.721033	
15.040535	0.000000	11.974148	
6.419579	0.000000	9.175178	
0.000000	0.000000	5.675850	
0.000000	0.000000	5.270851	
0.000000	0.000000	4.225365	
0.000000	1.080864	3.531826	
0.000000	0.000000	3.597169	
0.111429	1.118227	3.278365	
0.207450	0.683014	2.921505	
0.507177	1.373386	3.130653	
0.155980	1.622836	2.955289	
0.000000	1.634746	1.919960	
0.118100	1.740110	1.974426	
0.027791	1.685234	1.600667	
0.160260	1.973722	2.812005	
0.000746	2.155721	2.372898	
0.000000	2.125833	2.616874	
0.000000	0.907818	2.440992	
0.000000	0.907818	2.440992	
0.007106	0.551089	2.283056	
0.018829	0.940990	2.296550	
0.027397	0.851303	2.331308	
0.000000	3.450202	2.247159	
36.865591	0.000000	0.732507	
6.419579	0.000000	9.175178	
3.867395	0.000000	5.956827	
0.480038	0.601020	5.479651	
0.419294	0.303641	4.754979	
0.000000	0.000000	3.812971	
0.000000	0.000000	3.597169	
0.000000	1.080864	3.531826	
0.460775	1.015554	3.456401	
0.196382	0.738245	2.439154	
0.196382	0.738245	2.439154	
0.507177	1.373386	3.130653	
0.000000	1.765962	3.047301	
0.000000	1.840217	2.925573	
0.000000	1.840217	2.925573	
0.000000	1.991141	2.573227	
0.000000	1.991141	2.573227	
0.000000	2.025824	2.549516	
0.007106	0.551089	2.283056	
0.008880	0.748083	2.166364	
0.027397	0.851303	2.331308	
0.029912	1.074227	2.556136	
0.000000	2.794871	2.333244	
0.000000	0.000000	11.451977	
0.773943	0.247265	8.669704	
1.871540	0.497604	4.753626	
1.871540	0.497604	4.753626	
0.546178	0.481866	4.287636	
0.001281	0.072654	3.614567	
0.132078	0.387875	3.472705	
0.000000	0.000000	3.424518	
0.000000	0.000000	3.248735	
0.055926	0.406655	3.041680	
0.055926	0.406655	3.041680	
0.050636	0.781861	3.155039	
0.002013	1.572647	3.023963	
0.002013	1.572647	3.023963	
0.090902	1.459658	2.644468	
0.036078	1.745908	2.549090	
0.036078	1.745908	2.549090	
0.066846	1.337917	2.218387	
0.066846	1.337917	2.218387	
0.045762	1.221874	2.167675	
0.041284	1.102318	2.443019	
0.000000	2.676021	2.706105	
0.000000	0.000000	8.792401	
3.867395	0.000000	5.956827	
0.004383	0.014721	5.429365	
0.546178	0.481866	4.287636	
0.000000	0.000000	3.812971	
0.001281	0.072654	3.614567	
0.005708	0.023214	3.460827	
0.108876	0.439667	3.233049	
0.108876	0.439667	3.233049	
0.000000	0.000000	3.166860	
0.021947	1.303721	3.044321	
0.021947	1.303721	3.044321	
0.123695	0.714159	3.019023	
0.119944	1.431936	2.736096	
0.090902	1.459658	2.644468	
0.114089	1.558076	2.615413	
0.073065	1.758119	2.646508	
0.073065	1.758119	2.646508	
0.092628	1.780688	2.722516	
0.045762	1.221874	2.167675	
0.000000	2.565860	2.839731	
0.000000	0.000000	6.361783	
1.826152	0.000000	6.306176	
1.078088	0.326061	4.748128	
0.648932	0.125143	4.602194	
0.591256	0.456368	3.572821	
0.132078	0.387875	3.472705	
0.005708	0.023214	3.460827	
0.000000	0.000000	3.248735	
0.017837	0.134063	3.107737	
0.115371	0.880962	3.156218	
0.017837	0.134063	3.107737	
0.123695	0.714159	3.019023	
0.074908	0.695894	2.791817	
0.119944	1.431936	2.736096	
0.099576	1.593513	2.608606	
0.114089	1.558076	2.615413	
0.099576	1.593513	2.608606	
0.091881	1.470369	2.634682	
0.065573	2.134610	2.827126	
0.000000	2.548257	3.038657	
0.000000	0.000000	6.185953	
0.190664	0.158119	5.313203	
0.648932	0.125143	4.602194	
0.620392	0.452359	3.416853	
0.599618	0.390623	3.261069	
0.591256	0.456368	3.572821	
0.055003	0.847247	3.416752	
0.015832	0.221367	3.319782	
0.115371	0.880962	3.156218	
0.110793	0.837216	3.090382	
0.176617	1.206324	3.011949	
0.036938	0.330213	2.860736	
0.074908	0.695894	2.791817	
0.110463	1.046628	2.865491	
0.108206	1.352295	2.762635	
0.108206	1.352295	2.762635	
0.078424	0.865623	2.803616	
0.090580	1.910289	2.742562	
0.000000	0.418492	3.178420	
0.000000	0.000000	6.185953	
0.190758	0.158006	5.313203	
0.640759	0.291067	4.192610	
0.599618	0.390623	3.261069	
0.280439	0.431402	3.498882	
0.000000	0.000000	3.714308	
0.055003	0.847247	3.416752	
0.282219	0.827877	3.351503	
0.110793	0.837216	3.090382	
0.160315	0.927227	3.011659	
0.036938	0.330213	2.860736	
0.064992	0.608377	2.814681	
0.064992	0.608377	2.814681	
0.122105	1.347199	2.873014	
0.122105	1.347199	2.873014	
0.104333	1.620450	2.846137	
0.104333	1.620450	2.846137	
0.000000	1.199350	3.352058	
0.000000	0.000000	6.269120	
0.190758	0.158006	5.313203	
0.000000	0.000000	4.105214	
0.218040	0.407468	3.729580	
0.280439	0.431402	3.498882	
0.000000	0.000000	3.714308	
0.370073	0.786344	3.249336	
0.103433	0.594593	3.183041	
0.423211	0.894357	3.078698	
0.398696	1.022870	3.057521	
0.110995	1.125531	2.992567	
0.000000	1.253491	3.057869	
0.040064	1.287771	2.925009	
0.115062	1.417883	3.014522	
0.110959	1.428490	2.895357	
0.109706	1.568815	2.874468	
0.000000	0.632280	3.458073	
0.000000	0.000000	6.269120	
0.000000	0.000000	5.369159	
0.083651	0.227527	4.144640	
0.242817	0.318588	3.722209	
0.155335	0.322396	3.503128	
0.260554	0.597512	3.272545	
0.215086	0.567964	3.356556	
0.485923	0.571029	3.210466	
0.423211	0.894357	3.078698	
0.398696	1.022870	3.057521	
0.094622	0.896949	3.136328	
0.094622	0.896949	3.136328	
0.208810	1.168822	3.102403	
0.063051	1.304106	3.046596	
0.029210	0.795254	3.092306	
0.000000	1.820379	3.407248	
0.000000	0.000000	6.361783	
0.063734	0.051088	4.852593	
0.000000	0.269869	4.009919	
0.155335	0.322396	3.503128	
0.082845	0.477102	3.559555	
0.082845	0.477102	3.559555	
0.485923	0.571029	3.210466	
0.380959	0.675671	3.217149	
0.037930	0.848223	3.099851	
0.034213	0.985580	3.245349	
0.062814	1.069516	3.176844	
0.161281	1.181363	3.123734	
0.161281	1.181363	3.123734	
0.063051	1.304106	3.046596	
0.000000	0.773347	3.345549	
0.000000	0.000000	6.541496	
0.006815	0.025676	5.733997	
0.000000	0.269869	4.009919	
0.266177	0.330572	3.930654	
0.000000	0.525177	3.784034	
0.209697	0.612601	3.210134	
0.209697	0.612601	3.210134	
0.094195	0.735599	3.339058	
0.241805	0.784713	3.293241	
0.119210	0.791677	3.148504	
0.091511	0.717604	3.266200	
0.065573	1.096829	3.210784	
0.086328	1.051652	3.291085	
0.000000	0.737258	3.432244	
0.000000	0.000000	7.747472	
0.000000	0.000000	6.568992	
0.436231	0.013861	4.563797	
0.412187	0.301594	4.028195	
0.412187	0.301594	4.028195	
0.174723	0.518726	3.832726	
0.004158	0.352216	3.394477	
0.168299	0.666541	3.330254	
0.119210	0.791677	3.148504	
0.103892	0.749580	3.351855	
0.061985	1.072222	3.298240	
0.065573	1.096829	3.210784	
0.000000	0.773347	3.345549	
1.934227	0.000000	9.090931	
1.145517	0.000000	5.535329	
0.717424	0.311224	6.492774	
0.009629	0.011475	4.970206	
0.582597	0.495690	4.208508	
0.174362	0.576595	3.609972	
0.000000	0.023049	3.476732	
0.004158	0.352216	3.394477	
0.124790	0.806949	3.366473	
0.117514	0.829219	3.188449	
0.053183	0.771099	3.176771	
0.000000	0.737258	3.432244	
1.934227	0.000000	9.090931	
0.303318	0.125266	5.888440	
0.303318	0.125266	5.888440	
0.000000	0.000000	5.354800	
0.000000	0.000000	3.877529	
0.000000	0.000000	3.877529	
0.213754	0.585815	3.585760	
0.000000	0.023049	3.476732	
0.124790	0.806949	3.366473	
0.053183	0.771099	3.176771	
0.000000	1.021916	3.624672	
0.662366	0.000000	5.499332	
0.662366	0.000000	5.499332	
0.190699	0.016026	6.077874	
0.000000	0.000000	6.162801	
0.082283	0.479223	4.917105	
0.000000	0.000000	3.707858	
0.033666	0.388990	3.550703	
0.033666	0.388990	3.550703	
0.022811	0.858079	3.453031	
0.000000	1.021916	3.624672	
3.467987	0.000000	14.301202	
0.190699	0.016026	6.077874	
0.717424	0.311224	6.492774	
0.000000	0.000000	6.162801	
0.075136	0.265992	4.398994	
0.000000	0.000000	3.707858	
0.162707	0.503022	3.635031	
0.087479	0.383087	4.149596	
0.000000	0.889229	4.186930	
0.000000	0.000000	17.076315	
0.000000	0.000000	11.182739	
1.205468	0.346163	8.234301	
0.049822	0.184526	5.475947	
0.210224	0.433450	4.746133	
0.075136	0.265992	4.398994	
0.086308	0.269829	5.226055	
0.000000	0.987847	5.268689	
0.000000	0.000000	17.076315	
1.205468	0.346163	8.234301	
0.000000	0.000000	7.654033	
0.049822	0.184526	5.475947	
0.210224	0.433450	4.746133	
0.000000	0.000000	5.618353	
0.000000	0.000000	5.618353	
0.000000	0.000000	28.493859	
1.205468	0.346163	8.234301	
0.000000	0.000000	7.654033	
0.329342	0.657715	5.517639	
0.000000	0.000000	6.384707	
0.000000	0.000000	7.181556	
0.000000	0.000000	30.470327	
0.240236	0.227261	26.968941	
0.000000	0.000000	11.180846	
0.121766	0.685344	7.344398	
0.000000	0.000000	7.181556	
0.000000	0.000000	30.470327	
0.000000	0.502596	11.436931	
0.000000	0.502596	11.436931	
0.000000	0.000000	11.146016	
0.000000	0.000000	34.472992	
0.341400	0.393023	7.153580	
0.000000	0.000000	20.283884	
0.000000	0.000000	26.768543	
0.000000	0.000000	26.768543	
0.000000	0.000000	46.963441	
0.000000	0.000000	0.000000	
0.000000	0.000000	0.000000	
0.000000	0.000000	0.000000	
0.000000	0.000000	0.000000	
0.000000	0.000000	0.000000	
0.000000	0.000000	0.000000	
0.000000	0.000000	0.000000	
0.000000	0.000000	0.000000	
0.000000	0.000000	0.000000	
0.000000	0.000000	0.000000	
