1.002243	0.000000	0.000000	
1.002087	0.010252	0.000000	
1.000145	0.043012	0.000000	
0.999136	0.073845	0.000000	
0.996712	0.092887	0.000000	
0.995607	0.126086	0.000000	
0.988623	0.160770	0.000000	
0.985935	0.177746	0.000000	
0.978272	0.220252	0.000000	
0.973332	0.246788	0.000000	
0.961872	0.288219	0.000000	
0.952591	0.314613	0.000000	
0.945321	0.362134	0.000000	
0.922944	0.398746	0.000000	
0.907567	0.435141	0.000000	
0.894890	0.472777	0.000000	
0.870336	0.500047	0.000000	
0.850129	0.548563	0.000000	
0.818306	0.587320	0.000000	
0.792725	0.628061	0.000000	
0.763379	0.649504	0.000000	
0.730506	0.690538	0.000000	
0.698855	0.729951	0.000000	
0.659830	0.762905	0.000000	
0.628971	0.785640	0.000000	
0.591360	0.821996	0.000000	
0.537107	0.850578	0.000000	
0.515540	0.866360	0.000000	
0.468988	0.888074	0.000000	
0.435659	0.906190	0.000000	
0.402933	0.920068	0.000000	
0.350316	0.939132	0.000000	
0.315483	0.951939	0.000000	
0.286117	0.962644	0.000000	
0.253470	0.971336	0.000000	
0.201252	0.982952	0.000000	
0.187037	0.988878	0.000000	
0.136676	0.995834	0.000000	
0.103874	0.997213	0.000000	
0.077051	0.999303	0.000000	
0.072465	1.000542	0.000000	
0.046048	1.003135	0.000000	
0.017364	1.003795	0.000000	
0.000000	1.005803	0.000000	
1.002519	0.000000	0.003833	
1.001812	0.010020	0.014134	
1.000145	0.043012	0.000000	
0.999136	0.073845	0.000000	
0.996712	0.092887	0.000000	
0.992460	0.130339	0.012643	
0.991201	0.142298	0.000000	
0.984412	0.195737	0.000000	
0.977085	0.228364	0.000000	
0.971136	0.258449	0.008867	
0.959683	0.292774	0.024478	
0.949723	0.330174	0.010159	
0.935703	0.364148	0.027236	
0.921711	0.401460	0.003770	
0.899217	0.449604	0.013211	
0.886998	0.481989	0.015431	
0.860019	0.526120	0.000000	
0.834748	0.567629	0.000000	
0.802268	0.607054	0.000000	
0.779570	0.632287	0.000000	
0.740992	0.676322	0.000000	
0.715945	0.712059	0.000000	
0.677497	0.747521	0.000000	
0.641817	0.776192	0.024000	
0.605507	0.808388	0.000000	
0.568558	0.838240	0.002258	
0.528123	0.854234	0.000000	
0.479276	0.883469	0.002338	
0.445542	0.900528	0.024793	
0.403575	0.919139	0.000000	
0.367725	0.934484	0.030317	
0.335881	0.946697	0.000000	
0.290834	0.961462	0.000203	
0.259140	0.971187	0.022141	
0.229722	0.976468	0.000000	
0.192200	0.984164	0.009947	
0.134705	0.992704	0.023721	
0.130787	0.996236	0.011396	
0.104786	0.997792	0.022055	
0.072212	0.999314	0.008456	
0.046233	1.001280	0.023279	
0.020063	1.003925	0.002688	
0.000000	1.005277	0.000000	
1.001331	0.000000	0.038283	
1.000362	0.020481	0.040911	
0.999853	0.040948	0.030598	
0.997768	0.077321	0.032968	
0.995133	0.105947	0.032968	
0.992460	0.130339	0.012643	
0.988623	0.160770	0.000000	
0.984094	0.202236	0.000000	
0.977085	0.228364	0.000000	
0.967199	0.265871	0.000000	
0.956704	0.296814	0.051387	
0.943955	0.345194	0.039916	
0.928659	0.383489	0.000000	
0.910457	0.420391	0.026781	
0.895282	0.462371	0.000130	
0.870336	0.500047	0.000000	
0.851937	0.537295	0.000000	
0.821494	0.577223	0.031912	
0.793455	0.623996	0.000000	
0.762144	0.654702	0.000000	
0.725784	0.688793	0.063507	
0.698855	0.729951	0.000000	
0.657503	0.760248	0.035133	
0.614258	0.791571	0.065327	
0.581886	0.822508	0.059188	
0.541239	0.849790	0.000000	
0.501944	0.868442	0.000046	
0.458324	0.895217	0.040181	
0.423356	0.914386	0.000000	
0.373328	0.929552	0.050358	
0.340173	0.942756	0.014980	
0.305822	0.957096	0.019157	
0.272093	0.967720	0.000000	
0.229722	0.976468	0.000000	
0.201880	0.981435	0.043757	
0.167115	0.991816	0.040447	
0.120718	0.994245	0.036984	
0.103874	0.997213	0.000000	
0.072326	0.998624	0.043847	
0.046233	1.001280	0.023279	
0.000000	1.002119	0.033576	
0.000000	1.001922	0.045557	
1.001331	0.000000	0.038283	
1.000362	0.020481	0.040911	
0.998901	0.051331	0.048262	
0.997768	0.077321	0.032968	
0.995016	0.099890	0.065958	
0.992520	0.141488	0.000000	
0.988678	0.155565	0.068864	
0.983481	0.203385	0.000000	
0.972896	0.242999	0.036156	
0.963112	0.280352	0.018078	
0.950482	0.316443	0.075595	
0.943955	0.345194	0.039916	
0.925760	0.390406	0.072291	
0.906930	0.435276	0.069391	
0.890101	0.480413	0.007730	
0.863630	0.517374	0.015389	
0.850129	0.548563	0.000000	
0.813387	0.601972	0.000083	
0.779570	0.632287	0.000000	
0.740992	0.676322	0.000000	
0.705300	0.713070	0.000000	
0.676684	0.748032	0.009198	
0.633683	0.779700	0.020504	
0.587971	0.809392	0.085388	
0.553866	0.833962	0.072095	
0.515540	0.866360	0.000000	
0.479276	0.883469	0.002338	
0.433764	0.902817	0.055196	
0.394989	0.925029	0.003297	
0.353415	0.938616	0.080623	
0.315483	0.951939	0.000000	
0.279506	0.964899	0.059841	
0.234761	0.970378	0.089616	
0.201880	0.981435	0.043757	
0.174202	0.986540	0.070356	
0.130221	0.990417	0.079266	
0.096538	0.995794	0.058092	
0.072326	0.998624	0.043847	
0.046009	0.998814	0.063419	
0.013018	0.999472	0.075883	
0.000000	1.001922	0.045557	
0.999093	0.000000	0.094651	
0.999093	0.000000	0.094651	
0.997980	0.005266	0.100621	
0.995482	0.070110	0.083854	
0.993888	0.099353	0.103086	
0.992462	0.132740	0.093200	
0.985144	0.169077	0.104474	
0.980170	0.213561	0.047686	
0.968515	0.237484	0.114640	
0.961861	0.278013	0.104935	
0.947743	0.326092	0.102597	
0.933770	0.365552	0.109104	
0.921020	0.406722	0.014687	
0.896357	0.442044	0.123663	
0.874893	0.494771	0.000000	
0.855244	0.532846	0.132367	
0.828466	0.574028	0.064136	
0.794310	0.610542	0.087668	
0.762144	0.654702	0.000000	
0.725784	0.688793	0.063507	
0.691797	0.729245	0.000000	
0.653771	0.758044	0.125140	
0.614258	0.791571	0.065327	
0.571789	0.820690	0.102209	
0.528123	0.854234	0.000000	
0.491441	0.877419	0.004679	
0.445542	0.900528	0.024793	
0.407041	0.911498	0.129072	
0.366608	0.935175	0.000000	
0.319709	0.947871	0.068742	
0.286892	0.956940	0.110817	
0.249643	0.965745	0.098694	
0.204497	0.978119	0.085461	
0.174202	0.986540	0.070356	
0.120259	0.990199	0.115380	
0.067159	0.996382	0.083702	
0.067159	0.996382	0.083702	
0.035389	0.997436	0.106989	
0.020505	0.999155	0.089624	
0.000000	1.001483	0.098266	
0.999709	0.000000	0.130810	
0.997822	0.013247	0.130620	
0.994501	0.042137	0.126562	
0.991370	0.043646	0.138475	
0.990443	0.060606	0.140875	
0.985944	0.124696	0.146337	
0.983238	0.165330	0.123809	
0.978480	0.183386	0.133208	
0.967313	0.242624	0.160928	
0.953257	0.278816	0.158237	
0.945153	0.327039	0.138373	
0.925990	0.372773	0.170137	
0.917504	0.419985	0.076541	
0.895282	0.462371	0.000130	
0.874893	0.494771	0.000000	
0.849771	0.554117	0.000000	
0.805237	0.592157	0.164728	
0.784920	0.630673	0.000000	
0.758444	0.666436	0.109937	
0.701486	0.699919	0.177846	
0.669982	0.738850	0.133204	
0.627382	0.768613	0.156795	
0.594937	0.815983	0.000000	
0.551168	0.837319	0.141987	
0.508598	0.871838	0.000000	
0.461887	0.887861	0.157951	
0.411871	0.910641	0.149693	
0.373328	0.929552	0.050358	
0.336661	0.940297	0.120140	
0.294500	0.950242	0.115194	
0.244846	0.961117	0.143067	
0.218725	0.968669	0.150659	
0.182192	0.980494	0.127067	
0.144296	0.986234	0.117383	
0.114105	0.991756	0.101296	
0.019868	0.992621	0.140851	
0.041720	0.995836	0.128630	
0.016673	0.996006	0.121446	
0.000000	0.999645	0.123650	
0.993804	0.000000	0.157062	
0.991958	0.000000	0.164418	
0.991370	0.043646	0.138475	
0.986156	0.087094	0.169587	
0.983938	0.093001	0.176430	
0.981171	0.139041	0.181371	
0.974705	0.176098	0.173166	
0.968526	0.222378	0.174973	
0.959609	0.249240	0.168028	
0.940257	0.297766	0.200099	
0.939781	0.298818	0.208043	
0.923831	0.391058	0.131075	
0.907448	0.426606	0.182211	
0.870239	0.481669	0.197203	
0.841597	0.518631	0.191789	
0.836853	0.560675	0.162402	
0.796685	0.609750	0.169671	
0.764469	0.635483	0.195194	
0.714769	0.683184	0.229229	
0.672564	0.720158	0.221752	
0.633072	0.758807	0.181718	
0.587336	0.785253	0.227883	
0.565783	0.813803	0.214839	
0.514426	0.849824	0.196470	
0.456261	0.871586	0.202608	
0.419323	0.894978	0.206877	
0.381033	0.914995	0.159544	
0.341811	0.928212	0.198541	
0.302048	0.947623	0.199829	
0.259516	0.952906	0.197019	
0.216495	0.966337	0.159171	
0.187222	0.972510	0.175997	
0.111590	0.983044	0.181734	
0.038868	0.988295	0.166870	
0.038868	0.988295	0.166870	
0.045376	0.988817	0.168170	
0.016570	0.989860	0.153473	
0.000000	0.995823	0.142238	
0.989319	0.000000	0.181445	
0.985240	0.026583	0.195840	
0.985240	0.026583	0.195840	
0.981843	0.000000	0.206941	
0.977596	0.103025	0.206658	
0.975574	0.144778	0.208128	
0.968327	0.168081	0.216727	
0.958817	0.217539	0.221504	
0.946921	0.269209	0.222276	
0.939399	0.287199	0.224829	
0.913495	0.352197	0.237114	
0.907473	0.385241	0.247982	
0.881322	0.420478	0.255761	
0.864602	0.472432	0.259443	
0.837536	0.514817	0.227597	
0.806073	0.566221	0.228093	
0.778615	0.610652	0.237359	
0.716717	0.653319	0.256020	
0.686535	0.692516	0.273106	
0.650975	0.737133	0.238622	
0.587336	0.785253	0.227883	
0.550291	0.803100	0.262765	
0.528907	0.834946	0.240969	
0.478084	0.855595	0.253156	
0.425288	0.879077	0.240550	
0.399200	0.911110	0.177323	
0.353023	0.921996	0.225372	
0.288554	0.937969	0.240496	
0.258093	0.947285	0.225168	
0.212882	0.958215	0.211092	
0.174811	0.966273	0.219657	
0.147070	0.972480	0.209596	
0.094637	0.980122	0.209478	
0.032203	0.980997	0.204616	
0.025097	0.982877	0.199182	
0.000000	0.983364	0.195957	
0.000000	0.990634	0.174108	
0.981322	0.000000	0.213628	
0.979829	0.000000	0.214952	
0.973664	0.051872	0.234403	
0.973664	0.051872	0.234403	
0.971963	0.050521	0.238788	
0.967592	0.092587	0.255049	
0.957789	0.149000	0.261035	
0.945621	0.233589	0.239893	
0.938993	0.275708	0.276839	
0.934861	0.310364	0.243925	
0.907400	0.356829	0.244083	
0.878412	0.405696	0.272967	
0.865061	0.425278	0.298326	
0.840578	0.483948	0.283822	
0.807996	0.535383	0.306746	
0.769228	0.578391	0.299143	
0.751869	0.625197	0.313044	
0.714307	0.637753	0.315658	
0.672737	0.703343	0.283069	
0.620605	0.737648	0.287944	
0.578273	0.778533	0.292935	
0.504836	0.814707	0.305889	
0.486218	0.837952	0.277250	
0.438789	0.862022	0.258076	
0.385805	0.881188	0.285245	
0.348234	0.907305	0.285728	
0.288049	0.926090	0.284669	
0.269601	0.932500	0.267399	
0.211979	0.954653	0.252534	
0.161727	0.957273	0.261124	
0.139614	0.967997	0.254981	
0.000000	0.973767	0.249740	
0.073113	0.975131	0.236770	
0.008777	0.973965	0.229869	
0.008777	0.973965	0.229869	
0.000000	0.983364	0.195957	
0.975763	0.000000	0.249252	
0.970092	0.000000	0.260419	
0.966553	0.004549	0.268488	
0.963778	0.002767	0.275877	
0.959486	0.112747	0.286561	
0.954998	0.132174	0.281224	
0.944162	0.143324	0.300129	
0.936265	0.240761	0.312406	
0.934655	0.250559	0.303476	
0.917409	0.312565	0.314952	
0.891752	0.373293	0.303709	
0.860399	0.412550	0.333002	
0.833893	0.465246	0.305552	
0.819837	0.506456	0.335425	
0.781949	0.529567	0.358588	
0.751519	0.600306	0.336109	
0.714307	0.637753	0.315658	
0.664446	0.681025	0.360769	
0.636219	0.730216	0.339199	
0.590376	0.755727	0.292581	
0.551415	0.786515	0.322057	
0.504836	0.814707	0.305889	
0.432558	0.848441	0.334802	
0.405231	0.864130	0.327644	
0.357716	0.886656	0.299678	
0.291015	0.907120	0.321050	
0.266015	0.925534	0.294782	
0.232421	0.925798	0.305598	
0.187955	0.943952	0.290819	
0.153711	0.956240	0.285963	
0.083646	0.960733	0.281150	
0.042449	0.963320	0.276108	
0.023583	0.965851	0.268326	
0.005717	0.967551	0.259959	
0.000000	0.971672	0.250566	
0.964621	0.000000	0.283776	
0.959045	0.009561	0.296276	
0.953839	0.013861	0.305906	
0.950485	0.092547	0.311636	
0.945081	0.078555	0.319397	
0.938216	0.148367	0.330289	
0.929464	0.173797	0.334421	
0.917263	0.236387	0.350472	
0.906378	0.290571	0.340340	
0.888186	0.297098	0.361753	
0.870050	0.364152	0.366997	
0.851992	0.390828	0.362906	
0.831198	0.461013	0.381991	
0.788093	0.485562	0.391652	
0.744248	0.559556	0.399921	
0.720946	0.592661	0.392309	
0.673346	0.645169	0.383826	
0.654039	0.661199	0.407332	
0.594651	0.733978	0.352124	
0.548538	0.764966	0.390758	
0.507039	0.794623	0.388936	
0.467111	0.801779	0.384910	
0.385995	0.845705	0.386169	
0.372310	0.873264	0.347100	
0.327019	0.879800	0.370471	
0.282383	0.903325	0.353954	
0.225297	0.912205	0.345523	
0.147662	0.933799	0.330116	
0.147662	0.933799	0.330116	
0.030921	0.947209	0.325775	
0.055239	0.954466	0.314333	
0.049156	0.954986	0.306291	
0.014720	0.956201	0.299104	
0.000000	0.960005	0.286721	
0.948750	0.000000	0.327600	
0.948116	0.000000	0.334722	
0.941514	0.022047	0.341383	
0.936538	0.056560	0.352848	
0.928296	0.102162	0.363562	
0.924086	0.145165	0.368575	
0.910538	0.195829	0.378427	
0.908869	0.207297	0.385235	
0.894814	0.280696	0.389826	
0.858952	0.330145	0.403835	
0.836049	0.369171	0.413792	
0.815972	0.433058	0.402062	
0.796808	0.477228	0.400331	
0.758716	0.513581	0.427734	
0.719143	0.567347	0.440582	
0.681671	0.599065	0.445776	
0.650105	0.639925	0.433043	
0.597480	0.685595	0.432569	
0.551234	0.735096	0.434564	
0.523285	0.766023	0.433243	
0.472106	0.792286	0.436890	
0.431440	0.816938	0.399093	
0.340471	0.848001	0.421467	
0.318912	0.862401	0.413734	
0.285384	0.877880	0.394970	
0.207513	0.905609	0.384526	
0.206650	0.906991	0.383251	
0.106423	0.927952	0.371554	
0.063113	0.935953	0.363812	
0.000000	0.938845	0.355177	
0.020079	0.944110	0.337141	
0.012083	0.946602	0.334264	
0.000000	0.951931	0.325549	
0.940449	0.000000	0.362934	
0.936000	0.000000	0.361536	
0.927914	0.030615	0.380489	
0.921880	0.028208	0.391768	
0.915664	0.087729	0.406929	
0.912082	0.126617	0.408631	
0.896928	0.135407	0.433427	
0.882132	0.243221	0.438341	
0.861268	0.276715	0.440703	
0.825730	0.342739	0.458964	
0.820227	0.343070	0.470745	
0.770749	0.424812	0.479100	
0.762615	0.453537	0.476365	
0.733555	0.487428	0.486335	
0.673867	0.574274	0.495527	
0.663671	0.615199	0.496753	
0.598164	0.669097	0.456716	
0.571718	0.690821	0.466201	
0.530529	0.741106	0.470509	
0.474179	0.763711	0.461230	
0.423344	0.803137	0.472306	
0.385413	0.807612	0.458055	
0.316571	0.844307	0.456869	
0.301146	0.867329	0.438651	
0.213361	0.880538	0.438975	
0.214620	0.886436	0.419081	
0.169758	0.900721	0.417285	
0.127345	0.918350	0.404582	
0.062133	0.924875	0.395850	
0.000000	0.929916	0.380793	
0.015417	0.935788	0.372362	
0.000000	0.940190	0.361531	
0.925346	0.000000	0.391623	
0.914646	0.000000	0.411206	
0.912108	0.040005	0.419351	
0.903850	0.026419	0.431803	
0.899934	0.023761	0.447738	
0.891448	0.144352	0.464837	
0.867759	0.217983	0.471125	
0.855931	0.230422	0.475873	
0.841532	0.296718	0.463463	
0.810908	0.338155	0.489341	
0.787814	0.394699	0.495324	
0.756844	0.440753	0.497067	
0.728222	0.474009	0.528028	
0.704367	0.509374	0.538222	
0.651170	0.565719	0.528016	
0.612228	0.630033	0.545833	
0.575734	0.661082	0.531369	
0.504082	0.703837	0.518757	
0.482641	0.732730	0.523857	
0.424274	0.767959	0.505875	
0.378653	0.791396	0.506833	
0.321282	0.816867	0.508975	
0.273919	0.836131	0.487150	
0.261222	0.846480	0.472443	
0.214669	0.867104	0.466594	
0.154184	0.884898	0.456129	
0.084259	0.905022	0.451587	
0.020930	0.907459	0.428760	
0.058921	0.915285	0.412100	
0.028301	0.920151	0.401464	
0.000000	0.933825	0.395379	
0.908297	0.000000	0.438472	
0.903850	0.026419	0.431803	
0.895409	0.013044	0.463088	
0.880645	0.067766	0.477085	
0.865967	0.127764	0.485981	
0.865967	0.127764	0.485981	
0.847731	0.185543	0.516942	
0.832508	0.261011	0.524130	
0.805163	0.294233	0.529699	
0.779129	0.353316	0.551195	
0.758327	0.396675	0.540172	
0.724465	0.437021	0.549146	
0.699528	0.484442	0.565070	
0.636132	0.531627	0.574612	
0.619324	0.544532	0.575417	
0.564937	0.610986	0.579175	
0.536136	0.646108	0.568113	
0.483990	0.687093	0.578493	
0.454408	0.722346	0.567305	
0.384860	0.743649	0.555818	
0.352176	0.780638	0.551344	
0.287520	0.803151	0.536177	
0.234744	0.825811	0.521498	
0.218810	0.837811	0.519787	
0.168262	0.861920	0.489640	
0.139064	0.874491	0.487061	
0.076630	0.889024	0.478661	
0.041332	0.895530	0.459760	
0.000000	0.904913	0.450483	
0.000000	0.911296	0.441080	
0.889442	0.000000	0.476503	
0.877689	0.021671	0.484740	
0.869882	0.002063	0.497062	
0.859868	0.051504	0.519107	
0.847485	0.085246	0.531256	
0.839899	0.182088	0.529301	
0.833340	0.174994	0.550238	
0.794228	0.267116	0.578574	
0.779478	0.270841	0.583835	
0.749311	0.316961	0.591476	
0.719303	0.408689	0.592796	
0.690527	0.419678	0.611969	
0.665907	0.457015	0.611524	
0.611482	0.516736	0.612169	
0.571942	0.581025	0.603378	
0.539420	0.613106	0.594380	
0.491799	0.638664	0.618009	
0.436028	0.696002	0.589819	
0.400379	0.729375	0.586231	
0.345503	0.743760	0.598734	
0.314805	0.776671	0.592578	
0.244937	0.801071	0.569735	
0.209801	0.816716	0.558432	
0.171379	0.841732	0.528865	
0.127986	0.849413	0.528865	
0.000000	0.860735	0.518193	
0.000000	0.867943	0.500051	
0.000000	0.880009	0.487677	
0.000000	0.890728	0.473177	
0.875241	0.000000	0.500275	
0.859339	0.015844	0.528797	
0.846852	0.046283	0.536931	
0.840647	0.000000	0.553052	
0.821874	0.025967	0.575866	
0.814783	0.176588	0.574961	
0.799101	0.158152	0.594469	
0.769845	0.245762	0.613158	
0.746035	0.271815	0.627434	
0.723513	0.303979	0.630733	
0.690328	0.390438	0.629332	
0.641647	0.426425	0.656158	
0.626112	0.477853	0.642090	
0.563447	0.534018	0.636363	
0.505305	0.583858	0.650218	
0.484513	0.612101	0.657246	
0.401427	0.654236	0.663955	
0.392845	0.671670	0.649489	
0.313104	0.716026	0.632849	
0.285057	0.741609	0.618816	
0.265512	0.775210	0.606692	
0.222713	0.797483	0.598651	
0.162831	0.804275	0.585732	
0.141605	0.821289	0.564117	
0.061580	0.838958	0.555176	
0.000000	0.848492	0.542708	
0.000000	0.861772	0.530804	
0.000000	0.867943	0.500051	
0.845798	0.000000	0.548863	
0.837555	0.033461	0.560626	
0.821874	0.025967	0.575866	
0.811114	0.032673	0.594843	
0.795467	0.117924	0.604807	
0.778174	0.000000	0.636150	
0.756228	0.207531	0.643268	
0.743645	0.268151	0.628297	
0.711947	0.316326	0.658867	
0.666118	0.357942	0.675568	
0.652316	0.354885	0.690504	
0.607549	0.418989	0.687640	
0.570664	0.483163	0.688476	
0.532207	0.519183	0.678550	
0.495745	0.556873	0.685680	
0.381780	0.618402	0.696891	
0.401427	0.654236	0.663955	
0.338619	0.691144	0.681409	
0.283286	0.694843	0.676264	
0.254360	0.740156	0.648823	
0.094424	0.766605	0.636615	
0.131223	0.773678	0.631859	
0.126413	0.787625	0.614831	
0.000000	0.806431	0.596252	
0.022333	0.820299	0.579959	
0.000000	0.835579	0.564989	
0.000000	0.845841	0.549558	
0.829015	0.000000	0.588238	
0.808722	0.022938	0.606018	
0.793609	0.000000	0.619546	
0.778174	0.000000	0.636150	
0.758703	0.131945	0.649417	
0.736819	0.181987	0.668083	
0.716047	0.195414	0.690518	
0.694495	0.262283	0.705691	
0.665905	0.308027	0.704734	
0.645750	0.339259	0.719179	
0.594340	0.393604	0.718860	
0.557056	0.449687	0.711007	
0.529498	0.485023	0.731624	
0.494318	0.487091	0.749699	
0.449462	0.549725	0.739652	
0.357087	0.600956	0.722514	
0.357087	0.600956	0.722514	
0.280009	0.675031	0.709366	
0.269761	0.714072	0.696970	
0.199283	0.728184	0.685994	
0.028753	0.745507	0.669755	
0.112370	0.762744	0.651264	
0.094424	0.766605	0.636615	
0.066283	0.795520	0.615829	
0.000000	0.806431	0.596252	
0.000000	0.814932	0.583317	
0.790903	0.000000	0.622009	
0.777918	0.025684	0.643913	
0.765155	0.000000	0.659040	
0.744375	0.000000	0.674605	
0.718793	0.099169	0.693900	
0.703924	0.097288	0.708041	
0.685815	0.222745	0.726189	
0.654902	0.255284	0.724228	
0.625838	0.293855	0.743528	
0.594509	0.356877	0.750028	
0.566671	0.386304	0.766174	
0.506534	0.433731	0.764300	
0.453808	0.484180	0.771896	
0.441512	0.496021	0.772524	
0.372248	0.543519	0.768286	
0.322252	0.600996	0.748183	
0.270868	0.626336	0.741929	
0.270868	0.626336	0.741929	
0.222727	0.677633	0.725138	
0.074755	0.712686	0.700922	
0.082132	0.729081	0.685142	
0.028753	0.745507	0.669755	
0.057573	0.755760	0.660980	
0.000000	0.778989	0.632386	
0.000000	0.795395	0.632088	
0.761409	0.000000	0.664518	
0.749856	0.003186	0.672485	
0.732336	0.006224	0.698883	
0.703924	0.097288	0.708041	
0.691398	0.141812	0.719657	
0.665597	0.174148	0.742066	
0.633500	0.189274	0.759934	
0.618832	0.234234	0.767572	
0.588834	0.242107	0.790048	
0.553238	0.339849	0.793498	
0.510079	0.391259	0.778246	
0.478552	0.395850	0.797747	
0.433542	0.476569	0.799310	
0.397989	0.513607	0.780900	
0.320121	0.539128	0.797363	
0.289874	0.587803	0.782936	
0.238243	0.602144	0.771089	
0.218366	0.636277	0.747221	
0.171461	0.671049	0.743043	
0.102766	0.692814	0.731218	
0.074755	0.712686	0.700922	
0.000000	0.723088	0.697864	
0.025314	0.743587	0.677009	
0.000000	0.769300	0.647064	
0.717643	0.000000	0.704917	
0.716296	0.000000	0.705492	
0.693513	0.025397	0.728677	
0.674367	0.000000	0.746634	
0.650620	0.027781	0.767509	
0.620210	0.183197	0.775776	
0.595276	0.160790	0.792513	
0.574105	0.225209	0.794911	
0.535915	0.283899	0.815156	
0.482143	0.339184	0.818050	
0.450128	0.378876	0.832527	
0.433121	0.436002	0.809786	
0.387108	0.465481	0.832257	
0.354165	0.494537	0.822884	
0.305422	0.533146	0.812715	
0.178201	0.573475	0.807803	
0.195479	0.605473	0.786164	
0.140593	0.629062	0.774941	
0.058242	0.657148	0.767677	
0.095574	0.672432	0.742616	
0.027043	0.696888	0.731410	
0.000000	0.705990	0.716721	
0.000000	0.726438	0.693455	
0.702402	0.000000	0.722642	
0.668843	0.024917	0.750124	
0.661504	0.000000	0.756042	
0.637093	0.023734	0.777741	
0.606475	0.142357	0.794834	
0.588910	0.127754	0.803263	
0.561388	0.162873	0.817696	
0.510914	0.243019	0.839705	
0.475630	0.305684	0.835717	
0.447903	0.324318	0.852978	
0.423049	0.388752	0.855480	
0.363002	0.407256	0.859560	
0.331280	0.455938	0.855956	
0.279948	0.491140	0.842517	
0.150636	0.532281	0.835995	
0.221635	0.560013	0.808385	
0.169100	0.579047	0.804314	
0.118614	0.612826	0.789723	
0.059120	0.634310	0.778838	
0.015548	0.655058	0.762531	
0.000000	0.677668	0.747087	
0.000000	0.698274	0.724522	
0.661504	0.000000	0.756042	
0.637093	0.023734	0.777741	
0.612398	0.000000	0.796696	
0.599048	0.000000	0.805814	
0.568628	0.132531	0.820741	
0.540077	0.152423	0.833096	
0.517030	0.179031	0.847750	
0.487825	0.241885	0.859470	
0.449780	0.278058	0.863279	
0.387412	0.319973	0.875330	
0.365532	0.358868	0.878736	
0.309613	0.412388	0.872753	
0.267098	0.433599	0.867730	
0.259021	0.479390	0.857234	
0.097204	0.516446	0.854846	
0.134524	0.540588	0.833183	
0.123414	0.566835	0.823239	
0.087605	0.597269	0.810975	
0.027400	0.620132	0.793984	
0.015727	0.646116	0.778238	
0.000000	0.658680	0.764958	
0.627093	0.000000	0.789639	
0.601839	0.022315	0.803815	
0.581113	0.000000	0.819674	
0.558331	0.059609	0.833988	
0.527352	0.083946	0.850249	
0.497954	0.176580	0.859407	
0.468787	0.211834	0.870474	
0.442277	0.191661	0.884368	
0.391191	0.294200	0.882562	
0.336305	0.331179	0.896198	
0.332073	0.319890	0.899004	
0.239712	0.403642	0.890271	
0.210625	0.428698	0.881809	
0.209196	0.464617	0.865426	
0.160964	0.505088	0.856411	
0.140565	0.527843	0.844900	
0.095181	0.553680	0.838912	
0.033756	0.578307	0.826134	
0.000000	0.609763	0.810978	
0.000000	0.627985	0.802099	
0.581113	0.000000	0.819674	
0.565560	0.000000	0.833340	
0.541286	0.007288	0.847721	
0.512836	0.083732	0.861029	
0.481015	0.140545	0.869045	
0.460551	0.050641	0.889015	
0.410240	0.199497	0.900466	
0.383518	0.240816	0.910320	
0.350125	0.283004	0.900055	
0.273123	0.316853	0.913334	
0.252445	0.354757	0.908566	
0.252445	0.354757	0.908566	
0.210625	0.428698	0.881809	
0.127380	0.462678	0.887236	
0.000000	0.488306	0.879860	
0.053777	0.518083	0.857297	
0.027593	0.533086	0.852254	
0.000000	0.568909	0.837273	
0.000000	0.590649	0.818062	
0.555515	0.000000	0.839568	
0.519444	0.000000	0.857809	
0.499179	0.000000	0.872587	
0.475723	0.013416	0.882273	
0.443076	0.127805	0.892908	
0.397159	0.140995	0.917343	
0.384878	0.167576	0.920618	
0.333054	0.246541	0.918638	
0.283513	0.285131	0.923769	
0.269546	0.308318	0.921739	
0.247661	0.348183	0.915902	
0.211371	0.361867	0.923688	
0.134077	0.413339	0.907637	
0.053819	0.447238	0.899066	
0.000000	0.477951	0.885133	
0.029976	0.502599	0.871996	
0.000000	0.527295	0.859119	
0.000000	0.550847	0.840788	
0.514015	0.000000	0.862098	
0.483959	0.013034	0.880934	
0.460551	0.050641	0.889015	
0.436876	0.096190	0.906645	
0.410706	0.036494	0.913544	
0.368638	0.149744	0.925421	
0.318672	0.194989	0.934188	
0.306986	0.226009	0.942136	
0.258285	0.267832	0.939318	
0.221527	0.310017	0.930853	
0.198516	0.338748	0.934021	
0.057123	0.377677	0.926645	
0.008082	0.406162	0.915004	
0.000000	0.430232	0.903555	
0.000000	0.457095	0.893812	
0.000000	0.486253	0.880442	
0.000000	0.512024	0.863173	
0.454513	0.000000	0.898257	
0.440995	0.000000	0.904762	
0.423011	0.012915	0.910920	
0.393439	0.042096	0.921838	
0.366887	0.107809	0.926225	
0.323645	0.120127	0.945560	
0.300043	0.191659	0.943371	
0.221465	0.236755	0.950485	
0.218887	0.268543	0.944234	
0.201865	0.292851	0.945842	
0.107945	0.335485	0.939931	
0.049110	0.363936	0.932880	
0.057520	0.387959	0.922893	
0.000000	0.417928	0.910722	
0.018182	0.443977	0.899909	
0.000000	0.463508	0.886907	
0.430713	0.000000	0.912040	
0.412734	0.000000	0.919564	
0.376449	0.012753	0.930968	
0.353713	0.069547	0.935537	
0.323645	0.120127	0.945560	
0.293812	0.145141	0.946517	
0.259514	0.188333	0.955570	
0.223782	0.226391	0.959681	
0.190120	0.263702	0.949139	
0.139457	0.286244	0.953104	
0.092922	0.322829	0.943399	
0.037915	0.352428	0.936691	
0.035903	0.382910	0.925554	
0.008082	0.406162	0.915004	
0.000000	0.435569	0.901971	
0.393223	0.000000	0.926402	
0.373878	0.017326	0.934904	
0.339904	0.000000	0.946488	
0.312262	0.054728	0.954534	
0.286830	0.116269	0.955080	
0.251779	0.122069	0.964660	
0.221518	0.148405	0.968971	
0.192423	0.216950	0.967377	
0.135078	0.237295	0.963490	
0.044677	0.285432	0.959353	
0.047876	0.315136	0.950402	
0.033259	0.341542	0.940676	
0.000000	0.369521	0.933087	
0.000000	0.369521	0.933087	
0.350593	0.000000	0.945709	
0.324321	0.030083	0.949369	
0.309379	0.000000	0.956852	
0.262259	0.091369	0.962917	
0.243876	0.115362	0.968877	
0.214138	0.154357	0.970557	
0.161923	0.163752	0.977374	
0.139837	0.219149	0.969642	
0.090329	0.248456	0.967797	
0.085176	0.270877	0.960903	
0.051691	0.305835	0.953344	
0.024746	0.333570	0.944340	
0.000000	0.344980	0.942199	
0.327352	0.000000	0.955586	
0.296671	0.018097	0.960951	
0.272880	0.055695	0.968091	
0.243564	0.058364	0.975051	
0.202658	0.112331	0.978885	
0.163880	0.130398	0.979845	
0.113713	0.178147	0.979533	
0.094995	0.211447	0.975973	
0.078106	0.241465	0.968290	
0.041157	0.262797	0.966307	
0.021052	0.294912	0.956272	
0.000000	0.305516	0.957188	
0.281714	0.000000	0.964668	
0.257429	0.015250	0.974690	
0.220728	0.052445	0.979792	
0.185302	0.072163	0.982842	
0.167168	0.117716	0.985237	
0.128693	0.142183	0.984421	
0.113713	0.178147	0.979533	
0.079492	0.193187	0.981140	
0.047866	0.228011	0.975755	
0.016302	0.261635	0.967659	
0.000000	0.277118	0.964166	
0.251420	0.000000	0.983396	
0.227807	0.014978	0.983704	
0.194024	0.026714	0.984746	
0.160065	0.000000	0.990603	
0.124901	0.110709	0.989578	
0.100595	0.140249	0.989527	
0.079594	0.158148	0.986720	
0.039872	0.196397	0.982519	
0.007635	0.225132	0.976599	
0.000000	0.246609	0.974446	
0.169646	0.000000	0.988667	
0.189794	0.006731	0.986136	
0.169646	0.000000	0.988667	
0.136977	0.073988	0.991671	
0.102050	0.089134	0.993546	
0.054299	0.129303	0.991259	
0.000000	0.169670	0.989552	
0.004858	0.192948	0.985194	
0.000000	0.219381	0.978164	
0.144456	0.000000	0.992029	
0.164089	0.006337	0.993689	
0.134793	0.000000	0.993146	
0.055189	0.081303	0.996837	
0.059271	0.103644	0.994238	
0.054697	0.128468	0.991766	
0.005306	0.153876	0.991527	
0.000000	0.172429	0.988641	
0.155199	0.000000	0.994186	
0.134793	0.000000	0.993146	
0.083522	0.045825	0.998451	
0.032796	0.079840	0.997169	
0.044919	0.095674	0.995954	
0.000000	0.129614	0.993782	
0.000000	0.150557	0.992976	
0.000000	0.000000	1.001882	
0.007098	0.017298	1.000618	
0.045961	0.047748	0.998932	
0.012270	0.073743	0.998404	
0.007389	0.101219	0.996127	
0.000000	0.118169	0.995211	
0.000000	0.000000	1.001845	
0.009845	0.024177	1.000435	
0.045961	0.047748	0.998932	
0.012270	0.073743	0.998404	
0.000000	0.097805	0.997712	
0.000000	0.000000	1.001211	
0.012939	0.014005	1.000254	
0.010757	0.036587	0.999951	
0.000000	0.061486	0.999600	
0.000000	0.000000	1.001211	
0.012939	0.014005	1.000254	
0.000000	0.000000	1.001519	
0.000000	0.000000	1.001314	
0.000000	0.019085	1.001207	
0.000000	0.000000	1.001845	
0.000000	0.000000	0.000000	
0.000000	0.000000	0.000000	
0.000000	0.000000	0.000000	
0.000000	0.000000	0.000000	
0.000000	0.000000	0.000000	
0.000000	0.000000	0.000000	
0.000000	0.000000	0.000000	
0.000000	0.000000	0.000000	
0.000000	0.000000	0.000000	
0.000000	0.000000	0.000000	
