1.064944	0.000000	0.000000	
1.064944	0.000000	0.000000	
1.070331	0.000116	0.000000	
1.055808	0.021549	0.000000	
1.032359	0.008950	0.000000	
1.046933	0.009384	0.000000	
1.068456	0.000000	0.000000	
1.050332	0.000000	0.000000	
1.056196	0.000000	0.000000	
1.018670	0.207572	0.000000	
0.985535	0.301924	0.000000	
0.989550	0.317966	0.000000	
0.976298	0.378109	0.000000	
0.976298	0.378109	0.000000	
1.015388	0.350368	0.000000	
1.025903	0.425975	0.000000	
1.056347	0.436821	0.000000	
1.082209	0.072256	0.000000	
1.085566	0.000000	0.000000	
1.085566	0.000000	0.000000	
1.098530	0.904776	0.000000	
0.457532	1.028231	0.000000	
0.550893	0.984919	0.000000	
0.550893	0.984919	0.000000	
0.409924	1.069618	0.000000	
0.202492	1.107247	0.000000	
0.000000	1.245240	0.000000	
0.324574	1.301441	0.000000	
0.066012	1.377341	0.000000	
0.200916	1.338868	0.000000	
0.624524	2.211184	0.000000	
0.603864	2.114734	0.000000	
0.381563	2.350336	0.000000	
0.381563	2.350336	0.000000	
0.440460	3.186558	0.000000	
0.650303	3.629505	0.000000	
0.650303	3.629505	0.000000	
0.285770	3.645692	0.000000	
0.268983	3.654709	0.000000	
0.285770	3.645692	0.000000	
0.219353	3.803643	0.000000	
0.120337	4.214443	0.000000	
0.000000	4.455746	0.000000	
0.000000	5.553149	0.000000	
1.091351	0.000000	0.004997	
1.041564	0.001225	0.022093	
1.041564	0.001225	0.022093	
1.032359	0.008950	0.000000	
1.046933	0.009384	0.000000	
1.031362	0.075423	0.020870	
1.022574	0.037806	0.027272	
1.013860	0.119913	0.000000	
0.987133	0.234154	0.008917	
0.987133	0.234154	0.008917	
0.983770	0.217370	0.000000	
1.002275	0.209051	0.004990	
0.965281	0.352459	0.006824	
0.965281	0.352459	0.006824	
0.990045	0.357543	0.013980	
0.983905	0.458341	0.009833	
1.029744	0.581640	0.000000	
1.011416	0.614426	0.029462	
1.043016	0.298123	0.018458	
0.954682	0.778975	0.017762	
0.916589	0.835351	0.023464	
0.854309	0.888543	0.023322	
0.515723	0.937948	0.022644	
0.622176	0.942251	0.021746	
0.622176	0.942251	0.021746	
0.000000	1.192602	0.000000	
0.000000	1.245240	0.000000	
0.052664	1.352052	0.017816	
0.200916	1.338868	0.000000	
0.547314	1.467901	0.011989	
0.774054	2.084539	0.010932	
0.692115	1.998570	0.007107	
0.555636	2.176308	0.052237	
0.453867	2.303261	0.017929	
0.453867	2.303261	0.017929	
0.714469	3.711060	0.106030	
0.309765	3.703739	0.000000	
0.246670	3.586037	0.000000	
0.269898	3.577465	0.000000	
0.268983	3.654709	0.000000	
0.120337	4.214443	0.000000	
0.000000	4.390037	0.077131	
0.000000	4.390037	0.077131	
1.068229	0.000000	0.000000	
1.049196	0.000617	0.001150	
1.049196	0.000617	0.001150	
1.047249	0.056564	0.015736	
1.031362	0.075423	0.020870	
1.023021	0.112016	0.056626	
1.009188	0.074724	0.053980	
1.003066	0.131307	0.036551	
0.995999	0.187858	0.019197	
0.996581	0.230703	0.020357	
0.991679	0.253514	0.009919	
1.002275	0.209051	0.004990	
0.955618	0.404923	0.047616	
0.955618	0.404923	0.047616	
0.983905	0.458341	0.009833	
0.939426	0.440015	0.059155	
0.930301	0.592551	0.000000	
0.990596	0.701986	0.000000	
0.963648	0.472902	0.077101	
0.907101	0.769355	0.003171	
0.836384	0.850621	0.045966	
0.836384	0.850621	0.045966	
0.775152	0.841704	0.043456	
0.762521	0.959335	0.037464	
0.237111	1.160395	0.050945	
0.287023	1.281843	0.020043	
0.287023	1.281843	0.020043	
0.052664	1.352052	0.017816	
0.880739	1.190874	0.020960	
0.775166	1.908710	0.116930	
0.692115	1.998570	0.007107	
0.515753	2.094293	0.030695	
0.611375	2.237574	0.038507	
0.180338	2.252565	0.123732	
0.180338	2.252565	0.123732	
0.384446	1.425550	0.176739	
0.384446	1.425550	0.176739	
0.000000	3.240714	0.124977	
0.000000	3.240714	0.124977	
0.000000	3.779753	0.000000	
0.000000	4.484171	0.183137	
0.000000	4.484171	0.183137	
1.052166	0.000000	0.000996	
1.042522	0.000000	0.055178	
1.042522	0.000000	0.055178	
1.015534	0.000000	0.067246	
1.018227	0.056964	0.057707	
1.018227	0.056964	0.057707	
1.003066	0.131307	0.036551	
0.995999	0.187858	0.019197	
0.983770	0.217370	0.000000	
0.997971	0.231099	0.000000	
0.974914	0.320188	0.044553	
0.988718	0.335399	0.085808	
0.944635	0.406620	0.095148	
0.925717	0.443839	0.090125	
0.922468	0.440574	0.097657	
0.900988	0.503169	0.000000	
0.891529	0.602490	0.109485	
0.930301	0.592551	0.000000	
0.914393	0.739625	0.113183	
0.869424	0.700704	0.113121	
0.810568	0.909638	0.000000	
0.515723	0.937948	0.022644	
0.515839	0.938158	0.000328	
0.653471	1.117577	0.059060	
0.832688	1.073745	0.016702	
0.828931	0.820646	0.109782	
0.739895	1.033247	0.038791	
0.631299	0.946345	0.186476	
0.631299	0.946345	0.186476	
0.708666	1.995582	0.182761	
0.496239	1.878603	0.044597	
0.478857	1.960458	0.106334	
0.457445	2.065478	0.166980	
0.272128	1.260994	0.211426	
0.272128	1.260994	0.211426	
0.482517	1.085633	0.252575	
0.036326	3.515756	0.253549	
0.036326	3.515756	0.253549	
0.001649	3.897953	0.280513	
0.028115	4.209547	0.217892	
0.000000	5.062216	0.326833	
1.052166	0.000000	0.000996	
1.017144	0.000000	0.096010	
1.017144	0.000000	0.096010	
1.015534	0.000000	0.067246	
1.008202	0.055559	0.100996	
1.009188	0.074724	0.053980	
1.004405	0.180201	0.038669	
0.997949	0.190992	0.117777	
0.991679	0.253514	0.009919	
0.980765	0.235339	0.120356	
0.974966	0.304570	0.119502	
0.948652	0.361823	0.106614	
0.944782	0.388550	0.118260	
0.925717	0.443839	0.090125	
0.920369	0.489221	0.033063	
0.900988	0.503169	0.000000	
0.908506	0.572334	0.000000	
0.939438	0.612152	0.082955	
0.907101	0.769355	0.003171	
0.829636	0.839939	0.135038	
0.810568	0.909638	0.000000	
0.515839	0.938158	0.000328	
0.840118	1.014465	0.187524	
0.653471	1.117577	0.059060	
0.828931	0.820646	0.109782	
0.770608	1.422335	0.242181	
0.884261	1.413579	0.099798	
0.821156	1.867819	0.150060	
0.520344	1.473191	0.205209	
0.237371	1.979486	0.125753	
0.496239	1.878603	0.044597	
0.198328	1.684368	0.164772	
0.390512	1.973140	0.023330	
0.143683	2.211235	0.249115	
0.257761	2.649448	0.148757	
0.091030	2.477131	0.201135	
0.233278	2.835806	0.303714	
0.000000	3.252286	0.007286	
0.000718	3.928581	0.363441	
0.000000	4.551253	0.000000	
1.052166	0.000000	0.000996	
1.017144	0.000000	0.096010	
1.017144	0.000000	0.096010	
1.023550	0.013399	0.064180	
1.008202	0.055559	0.100996	
1.004816	0.136161	0.150247	
0.986298	0.138316	0.154984	
0.997945	0.191982	0.069208	
0.973346	0.192489	0.161598	
0.968503	0.287078	0.162817	
0.968503	0.287078	0.162817	
0.949260	0.347033	0.119852	
0.944407	0.411332	0.142323	
0.925842	0.458610	0.158214	
0.907331	0.485717	0.163591	
0.908506	0.572334	0.000000	
0.920709	0.534100	0.147218	
0.920709	0.534100	0.147218	
0.896777	0.721072	0.160574	
0.829636	0.839939	0.135038	
0.864616	0.890829	0.000000	
0.896777	0.721072	0.160574	
0.549373	1.137193	0.054641	
0.549373	1.137193	0.054641	
0.770608	1.422335	0.242181	
0.438518	1.508368	0.282083	
0.418232	1.059566	0.342300	
0.769733	1.890632	0.198901	
0.520344	1.473191	0.205209	
0.110154	1.868641	0.195015	
0.000000	1.634445	0.264873	
0.000000	1.634445	0.264873	
0.173601	1.673998	0.240515	
0.190934	1.950090	0.301195	
0.190934	1.950090	0.301195	
0.000000	2.244931	0.001294	
0.167410	2.854473	0.108324	
0.000000	2.433594	0.310555	
0.000000	3.252286	0.007286	
1.026571	0.000000	0.134369	
1.026571	0.000000	0.134369	
1.015641	0.000000	0.175153	
1.015641	0.000000	0.175153	
1.002140	0.025538	0.174448	
0.998686	0.140541	0.132545	
0.983351	0.188406	0.186058	
0.973346	0.192489	0.161598	
0.985283	0.190849	0.172932	
0.966954	0.294353	0.150474	
0.949260	0.347033	0.119852	
0.944782	0.388550	0.118260	
0.929210	0.427920	0.177974	
0.909537	0.452549	0.224771	
0.897443	0.497098	0.208275	
0.918118	0.558121	0.024776	
0.898752	0.659125	0.252971	
0.933076	0.486593	0.199451	
0.914871	0.907503	0.124958	
0.800368	0.895699	0.036235	
0.934847	0.347440	0.321484	
0.886027	1.159860	0.295860	
0.656504	1.184086	0.134557	
0.611707	0.915674	0.304378	
0.611707	0.915674	0.304378	
0.703034	1.637794	0.161245	
0.763406	1.236997	0.409643	
0.313174	1.857045	0.252614	
0.000000	1.836909	0.273362	
0.071405	1.725256	0.342908	
0.139736	1.693267	0.340281	
0.179285	1.593463	0.283781	
0.169421	1.684731	0.253797	
0.173601	1.673998	0.240515	
0.063059	1.603127	0.283149	
0.048029	1.837022	0.266291	
0.009142	3.057821	0.096830	
0.000000	2.433594	0.310555	
1.031737	0.000000	0.110982	
1.031737	0.000000	0.110982	
1.009882	0.012866	0.208249	
1.009882	0.012866	0.208249	
1.006770	0.099354	0.205258	
0.973331	0.148634	0.223478	
0.973331	0.148634	0.223478	
0.976360	0.232549	0.185947	
0.971872	0.263460	0.210968	
0.957020	0.299003	0.226423	
0.950973	0.316543	0.212390	
0.942077	0.406327	0.213204	
0.909537	0.452549	0.224771	
0.900927	0.516036	0.257319	
0.918580	0.530829	0.282321	
0.939438	0.612152	0.082955	
0.884214	0.577628	0.254599	
0.898752	0.659125	0.252971	
0.838705	0.686905	0.377628	
0.999107	0.760098	0.334283	
0.963417	1.066707	0.123934	
0.886027	1.159860	0.295860	
0.469536	1.251181	0.364069	
0.578404	1.187014	0.325171	
0.209948	1.409182	0.315561	
0.703034	1.637794	0.161245	
0.647720	1.821474	0.279799	
0.442708	1.591037	0.300997	
0.192583	1.760586	0.455682	
0.071405	1.725256	0.342908	
0.167737	1.606048	0.292695	
0.179285	1.593463	0.283781	
0.202696	1.631424	0.340797	
0.048029	1.837022	0.266291	
0.059027	1.559990	0.312111	
0.000000	2.289928	0.176524	
0.000000	1.635374	0.517349	
1.034392	0.000000	0.215580	
1.014055	0.000000	0.190201	
0.994411	0.008686	0.208716	
0.997418	0.068293	0.239774	
0.989915	0.073508	0.199634	
0.980257	0.159598	0.227961	
0.962942	0.163827	0.267544	
0.958030	0.211483	0.252887	
0.971872	0.263460	0.210968	
0.955973	0.302522	0.265943	
0.946999	0.345687	0.267707	
0.929210	0.427920	0.177974	
0.922880	0.461047	0.209042	
0.913181	0.528208	0.306136	
0.913181	0.528208	0.306136	
0.884214	0.577628	0.254599	
0.844906	0.667978	0.339580	
0.704074	0.732123	0.361035	
0.999107	0.760098	0.334283	
1.032026	0.783236	0.323100	
0.642190	0.804745	0.521144	
0.876155	1.265836	0.479287	
0.209948	1.409182	0.315561	
0.634027	1.246434	0.456516	
0.578404	1.187014	0.325171	
0.176701	1.575274	0.494399	
0.506312	1.230459	0.492642	
0.176701	1.575274	0.494399	
0.253092	1.634482	0.454422	
0.177328	1.516693	0.420342	
0.201311	1.455703	0.397449	
0.184500	1.511486	0.425424	
0.141616	1.690713	0.294020	
0.063059	1.603127	0.283149	
0.048029	1.837022	0.266291	
0.000000	2.759304	0.667057	
1.049028	0.000000	0.118018	
1.021267	0.027162	0.246350	
1.010522	0.053791	0.275591	
0.986183	0.081747	0.259596	
0.969434	0.059896	0.288153	
0.962942	0.163827	0.267544	
0.967895	0.156235	0.315529	
0.976360	0.232549	0.185947	
0.968306	0.079751	0.318581	
0.955973	0.302522	0.265943	
0.952580	0.099071	0.347133	
0.943814	0.381603	0.297986	
0.932356	0.483985	0.099013	
0.957526	0.327262	0.351572	
0.793514	0.641597	0.396066	
0.815935	0.655097	0.320947	
0.704074	0.732123	0.361035	
0.658486	0.889308	0.429489	
0.589099	0.931669	0.485355	
0.403253	0.910205	0.537810	
0.832166	0.416736	0.543142	
0.701929	0.612236	0.591136	
0.280478	1.170020	0.433215	
0.000000	1.340127	0.541515	
0.485149	1.265628	0.319227	
0.485149	1.265628	0.319227	
0.513234	1.443846	0.511971	
0.244859	1.620268	0.502733	
0.169528	1.543675	0.495463	
0.217777	1.583149	0.130928	
0.201311	1.455703	0.397449	
0.141616	1.690713	0.294020	
0.082402	1.286592	0.402309	
0.014124	1.596361	0.509688	
0.000000	2.289928	0.176524	
1.043879	0.000000	0.106913	
1.021267	0.027162	0.246350	
1.011230	0.064051	0.313320	
0.986183	0.081747	0.259596	
0.978522	0.034019	0.337519	
0.967895	0.156235	0.315529	
0.953290	0.101930	0.359709	
0.962442	0.053725	0.359600	
0.962442	0.053725	0.359600	
0.939947	0.117226	0.385379	
0.935307	0.135357	0.386787	
0.928731	0.231318	0.367573	
0.932356	0.483985	0.099013	
0.932455	0.593013	0.150619	
0.907675	0.424093	0.420020	
0.815935	0.655097	0.320947	
0.557472	0.840561	0.516169	
0.658486	0.889308	0.429489	
0.589099	0.931669	0.485355	
0.267698	1.100050	0.493293	
0.678120	0.790285	0.341340	
0.468097	1.204205	0.000000	
0.280478	1.170020	0.433215	
0.000000	0.986776	0.498598	
0.508149	1.004251	0.016659	
0.272408	1.146028	0.632673	
0.344668	1.586276	0.543321	
0.327323	1.622242	0.623042	
0.217777	1.583149	0.130928	
0.207082	1.652967	0.580865	
0.148503	1.644894	0.297060	
0.082402	1.286592	0.402309	
0.062270	1.257642	0.471567	
0.000000	0.886051	0.700371	
1.054877	0.000000	0.280316	
0.989420	0.005223	0.331024	
0.978522	0.034019	0.337519	
0.993435	0.080457	0.336705	
0.988746	0.079573	0.263702	
0.953290	0.101930	0.359709	
0.957996	0.129677	0.399466	
0.939947	0.117226	0.385379	
0.940122	0.087363	0.369711	
0.937733	0.000000	0.433030	
0.928731	0.231318	0.367573	
0.949604	0.336577	0.290272	
0.957526	0.327262	0.351572	
0.918647	0.544272	0.396587	
0.847796	0.281623	0.540518	
0.618363	0.732703	0.619238	
0.870575	0.000000	0.629810	
0.822483	0.723873	0.394191	
0.678120	0.790285	0.341340	
0.593889	0.923748	0.313591	
0.593889	0.923748	0.313591	
0.000000	1.139727	0.545008	
0.000000	0.972091	0.540245	
0.246012	0.919069	0.490592	
0.272408	1.146028	0.632673	
0.234382	1.493123	0.676380	
0.234382	1.493123	0.676380	
0.000000	0.886051	0.700371	
0.082939	1.684699	0.360384	
0.088734	1.716260	0.327306	
0.062936	1.862838	0.172680	
0.062936	1.862838	0.172680	
0.000000	2.272073	0.764141	
1.043468	0.000000	0.372142	
1.007157	0.011407	0.381425	
1.002202	0.027016	0.285195	
0.919676	0.078235	0.419146	
0.965348	0.068937	0.367367	
0.932090	0.092204	0.410684	
0.939425	0.028036	0.404635	
0.939425	0.028036	0.404635	
0.937733	0.000000	0.433030	
0.924647	0.000000	0.489533	
0.949604	0.336577	0.290272	
0.940728	0.000000	0.586271	
0.918647	0.544272	0.396587	
0.870575	0.000000	0.629810	
0.807307	0.516478	0.671326	
0.369264	0.767976	0.610207	
0.537658	0.847009	0.468729	
0.537658	0.847009	0.468729	
0.509324	0.742223	0.571973	
0.593889	0.923748	0.313591	
0.548942	0.956435	0.298159	
0.355350	0.950530	0.376591	
0.000000	1.139727	0.545008	
0.246012	0.919069	0.490592	
0.167755	1.070534	0.764604	
0.105712	1.140387	0.558552	
0.203217	1.196942	0.703861	
0.203217	1.196942	0.703861	
0.162670	1.791777	0.244501	
0.064109	1.897568	0.243620	
0.064109	1.897568	0.243620	
0.000000	2.234036	0.859528	
1.016536	0.000000	0.426741	
0.959552	0.023993	0.443249	
0.997639	0.039879	0.407097	
0.965348	0.068937	0.367367	
0.933938	0.030665	0.472202	
0.932090	0.092204	0.410684	
0.927249	0.066880	0.492928	
0.909017	0.000000	0.524997	
0.924647	0.000000	0.489533	
0.918703	0.000000	0.578777	
0.940728	0.000000	0.586271	
0.838848	0.537316	0.525380	
0.851299	0.371083	0.650949	
0.790855	0.508506	0.649853	
0.807307	0.516478	0.671326	
0.832839	0.603611	0.655698	
0.509324	0.742223	0.571973	
0.554337	0.816677	0.468585	
0.593889	0.923748	0.313591	
0.548942	0.956435	0.298159	
0.355350	0.950530	0.376591	
0.311906	0.849318	0.684500	
0.322297	1.211834	0.082376	
0.167755	1.070534	0.764604	
0.210783	1.432766	0.784581	
0.105712	1.140387	0.558552	
0.127751	1.634834	0.788054	
0.087676	1.965135	0.941170	
0.007677	1.999589	0.858259	
0.007677	1.999589	0.858259	
0.000000	2.014709	0.869747	
1.014381	0.000000	0.469536	
0.959552	0.023993	0.443249	
0.971161	0.026476	0.495895	
0.960666	0.085486	0.334835	
0.962357	0.003976	0.537567	
0.904447	0.010687	0.547599	
0.904447	0.010687	0.547599	
0.887886	0.000000	0.586076	
0.887886	0.000000	0.586076	
0.837463	0.000000	0.617475	
0.897025	0.364229	0.490205	
0.790855	0.508506	0.649853	
0.778137	0.427851	0.670242	
0.788277	0.430585	0.731584	
0.788277	0.430585	0.731584	
0.645335	0.796163	0.476021	
0.606115	0.768249	0.542078	
0.351246	0.737840	0.697401	
0.336869	0.872172	0.556896	
0.325225	0.788500	0.631239	
0.280961	0.939694	0.683946	
0.376012	0.885638	0.653692	
0.279524	0.950407	0.691757	
0.105516	1.058460	0.475523	
0.130692	1.339921	0.652615	
0.000000	1.641443	0.000000	
0.152451	0.528521	0.948744	
0.000000	1.921688	0.950716	
0.035326	1.969284	0.947866	
0.000000	2.014709	0.869747	
1.014381	0.000000	0.469536	
0.971161	0.026476	0.495895	
0.938115	0.046943	0.392329	
0.960666	0.085486	0.334835	
0.882404	0.019004	0.560270	
0.904447	0.010687	0.547599	
0.904447	0.010687	0.547599	
0.956392	0.000000	0.572983	
0.963346	0.118734	0.671766	
0.901711	0.297154	0.479741	
0.811600	0.277811	0.686005	
0.782974	0.355645	0.694149	
0.778137	0.427851	0.670242	
0.706250	0.621157	0.755818	
0.642860	0.445802	0.791494	
0.467975	0.749771	0.762987	
0.494052	0.752258	0.582535	
0.306917	0.812983	0.598099	
0.325225	0.788500	0.631239	
0.416445	0.879923	0.492284	
0.356027	0.856255	0.671446	
0.311906	0.849318	0.684500	
0.105516	1.058460	0.475523	
0.000000	1.335111	0.504359	
0.192773	0.948422	0.962741	
0.148051	1.502804	0.764337	
0.034154	1.225857	0.396949	
0.018165	0.558050	1.013585	
0.000000	0.000000	1.015497	
1.014381	0.000000	0.469536	
0.973508	0.004393	0.502062	
0.938115	0.046943	0.392329	
0.930087	0.009462	0.581196	
0.930135	0.000000	0.581196	
0.918525	0.045524	0.651733	
0.896838	0.016511	0.690706	
0.881018	0.042850	0.752619	
0.830264	0.293616	0.710016	
0.753272	0.387054	0.685088	
0.782974	0.355645	0.694149	
0.686710	0.431483	0.680641	
0.431983	0.544417	0.783587	
0.524754	0.407049	0.796880	
0.171660	0.672020	0.782721	
0.216169	0.726428	0.769688	
0.221666	0.751527	0.741471	
0.232288	0.740403	0.728309	
0.232288	0.740403	0.728309	
0.305312	0.752952	0.692354	
0.311186	0.828935	0.676084	
0.279524	0.950407	0.691757	
0.178581	0.886798	0.759836	
0.112928	1.090195	0.620679	
0.000000	1.025432	0.414187	
0.000000	1.025432	0.414187	
0.058505	1.049120	0.967308	
0.000000	0.049724	1.018090	
1.004150	0.000000	0.411804	
0.977152	0.005326	0.645524	
0.919376	0.000000	0.552807	
0.919376	0.000000	0.552807	
0.896838	0.016511	0.690706	
0.869605	0.127751	0.710134	
0.764185	0.070097	0.719501	
0.830264	0.293616	0.710016	
0.811600	0.277811	0.686005	
0.656137	0.408072	0.768262	
0.656137	0.408072	0.768262	
0.546514	0.414068	0.796413	
0.175559	0.593850	0.838632	
0.252240	0.635553	0.791212	
0.256528	0.617643	0.807989	
0.343801	0.680346	0.761867	
0.336111	0.703091	0.716977	
0.213945	0.745001	0.748641	
0.221666	0.751527	0.741471	
0.275390	0.748220	0.708689	
0.245777	0.815110	0.728078	
0.143735	0.866410	0.753220	
0.182189	0.717657	0.797159	
0.091602	1.061802	0.610777	
0.091602	1.061802	0.610777	
0.034154	1.225857	0.396949	
0.000000	0.049724	1.018090	
0.954272	0.000000	0.698694	
0.969223	0.009046	0.383981	
0.939559	0.000000	0.659298	
0.926921	0.049825	0.761163	
0.939559	0.000000	0.659298	
0.820643	0.017696	0.694466	
0.808821	0.056738	0.766457	
0.808821	0.056738	0.766457	
0.704955	0.342061	0.783073	
0.704955	0.342061	0.783073	
0.546514	0.414068	0.796413	
0.439144	0.365970	0.884660	
0.381864	0.557128	0.877306	
0.185770	0.595468	0.834592	
0.431824	0.624919	0.752209	
0.327253	0.642234	0.774077	
0.304968	0.677076	0.765495	
0.304086	0.694605	0.745570	
0.275390	0.748220	0.708689	
0.211749	0.752307	0.747078	
0.211749	0.752307	0.747078	
0.143735	0.866410	0.753220	
0.000000	0.937249	0.794701	
0.066435	0.770077	0.850544	
0.000000	0.000000	1.038576	
0.000000	0.590426	1.076004	
0.955434	0.000000	0.678943	
0.969223	0.009046	0.383981	
1.004122	0.042599	0.524056	
0.885189	0.021744	0.829292	
0.828505	0.155177	0.809815	
0.680313	0.151006	0.808927	
0.680313	0.151006	0.808927	
0.807109	0.334800	0.864700	
0.710467	0.297850	0.817028	
0.604240	0.388008	0.855014	
0.604240	0.388008	0.855014	
0.439144	0.365970	0.884660	
0.390792	0.448804	0.832517	
0.188094	0.578759	0.847761	
0.222744	0.604275	0.808187	
0.235552	0.614231	0.803679	
0.280435	0.654301	0.770111	
0.280435	0.654301	0.770111	
0.197041	0.705941	0.768803	
0.197041	0.705941	0.768803	
0.059787	0.745563	0.771914	
0.000000	0.607099	0.840535	
0.000000	0.937249	0.794701	
0.000000	0.000000	1.056180	
0.000000	0.590426	1.076004	
1.093059	0.000000	0.272861	
1.004122	0.042599	0.524056	
0.911412	0.024858	0.866605	
0.875449	0.078714	0.895060	
0.808647	0.018563	0.775942	
0.802283	0.026389	0.884188	
0.432843	0.221329	0.893827	
0.710467	0.297850	0.817028	
0.658464	0.328349	0.907225	
0.449250	0.399329	0.871939	
0.565495	0.413877	0.902413	
0.170272	0.477388	0.888941	
0.324367	0.503755	0.831529	
0.282246	0.547523	0.827694	
0.282246	0.547523	0.827694	
0.235366	0.567513	0.814082	
0.235552	0.614231	0.803679	
0.208982	0.710077	0.812913	
0.182189	0.717657	0.797159	
0.152300	0.692853	0.816919	
0.000686	0.630205	0.831176	
0.048489	0.844250	0.778168	
0.000000	0.812813	0.893432	
0.000000	0.000000	1.056180	
1.093059	0.000000	0.272861	
1.013285	0.025336	0.614439	
0.911412	0.024858	0.866605	
0.782210	0.102443	0.909592	
0.808647	0.018563	0.775942	
0.748251	0.021054	0.794800	
0.432843	0.221329	0.893827	
0.545433	0.267502	0.860161	
0.351049	0.328531	0.923123	
0.499017	0.377591	0.840246	
0.490399	0.288279	0.908263	
0.390792	0.448804	0.832517	
0.253284	0.456993	0.873419	
0.324367	0.503755	0.831529	
0.239257	0.535633	0.844647	
0.235366	0.567513	0.814082	
0.222744	0.604275	0.808187	
0.184691	0.563326	0.844499	
0.000686	0.630205	0.831176	
0.000000	0.607099	0.840535	
0.066435	0.770077	0.850544	
0.000000	0.812813	0.893432	
0.000000	1.092062	0.692728	
0.000000	0.000000	1.040612	
0.009360	0.035316	1.018984	
0.019491	0.070322	1.015286	
0.055991	0.117754	1.007618	
0.764479	0.000000	0.754645	
0.623883	0.200174	0.931778	
0.536404	0.197364	0.864317	
0.545433	0.267502	0.860161	
0.492603	0.275496	0.852939	
0.349730	0.369749	0.902815	
0.365532	0.358868	0.878736	
0.364661	0.327995	0.908799	
0.291246	0.473860	0.863158	
0.208570	0.491344	0.863890	
0.239257	0.535633	0.844647	
0.197325	0.536854	0.849130	
0.118145	0.571982	0.830030	
0.078823	0.560329	0.861145	
0.008348	0.643716	0.859255	
0.008348	0.643716	0.859255	
0.012408	0.533862	0.889751	
0.000000	0.000000	1.110911	
0.000000	0.000000	1.040612	
0.000000	0.000000	1.017598	
0.013851	0.030238	1.018065	
0.026048	0.104813	1.002708	
0.056075	0.130005	1.002495	
0.536404	0.197364	0.864317	
0.532666	0.188408	0.937656	
0.228077	0.254393	0.948395	
0.492603	0.275496	0.852939	
0.351049	0.328531	0.923123	
0.365532	0.358868	0.878736	
0.258646	0.424049	0.924277	
0.242894	0.461286	0.877719	
0.239712	0.483437	0.862802	
0.224867	0.496917	0.871238	
0.078823	0.560329	0.861145	
0.144368	0.566404	0.850659	
0.000000	0.532321	0.908327	
0.054913	0.650830	0.937376	
0.012408	0.533862	0.889751	
0.000000	0.000000	1.110911	
0.000000	0.000000	1.017598	
0.005904	0.026317	1.020974	
0.037519	0.073333	1.006539	
0.026048	0.104813	1.002708	
0.055765	0.143522	1.005724	
0.045081	0.186611	0.998323	
0.534056	0.163057	0.954464	
0.388518	0.281787	0.956410	
0.284768	0.305120	0.946760	
0.284768	0.305120	0.946760	
0.204635	0.365451	0.942467	
0.261051	0.415071	0.913994	
0.193077	0.411642	0.905731	
0.208990	0.469513	0.890801	
0.185159	0.479946	0.892363	
0.061693	0.533791	0.887553	
0.061693	0.533791	0.887553	
0.080352	0.628969	0.951454	
0.000000	0.532321	0.908327	
0.000000	0.646547	0.955226	
0.000000	0.000000	1.021243	
0.012428	0.030324	1.018310	
0.007746	0.073386	1.009214	
0.037519	0.073333	1.006539	
0.026805	0.105648	1.007975	
0.026805	0.105648	1.007975	
0.033559	0.237015	0.991566	
0.040025	0.255635	0.984058	
0.198118	0.300444	0.959335	
0.161410	0.303297	0.946240	
0.211371	0.361867	0.923688	
0.213256	0.398848	0.921897	
0.193077	0.411642	0.905731	
0.185159	0.479946	0.892363	
0.117058	0.444672	0.951768	
0.097057	0.547561	0.947991	
0.012036	0.501224	0.966824	
0.012036	0.501224	0.966824	
0.000000	0.467940	0.987747	
0.000000	0.000000	1.038240	
0.012428	0.030324	1.018310	
0.009972	0.029315	1.012237	
0.054112	0.115519	1.010885	
0.041758	0.146437	1.000936	
0.047358	0.179609	1.001375	
0.367381	0.228509	0.992337	
0.374380	0.229602	0.979984	
0.208524	0.288595	0.961510	
0.195875	0.305687	0.952797	
0.217255	0.341699	0.932016	
0.211371	0.361867	0.923688	
0.174061	0.378224	0.926287	
0.109253	0.351641	0.958329	
0.090614	0.480263	0.956564	
0.059492	0.504542	0.928536	
0.011639	0.468592	0.967031	
0.000000	0.626963	0.970313	
0.000000	0.000000	1.036160	
0.009972	0.029315	1.012237	
0.013911	0.041731	1.010933	
0.019153	0.107166	1.007842	
0.013911	0.041731	1.010933	
0.041758	0.146437	1.000936	
0.100967	0.208401	0.981383	
0.081693	0.250034	0.981293	
0.278948	0.265487	0.962642	
0.161410	0.303297	0.946240	
0.195875	0.305687	0.952797	
0.157658	0.361131	0.942844	
0.137937	0.399105	0.950925	
0.026029	0.397771	0.945528	
0.011639	0.468592	0.967031	
0.026029	0.397771	0.945528	
0.000000	0.467940	0.987747	
0.000000	0.000000	1.032131	
0.008011	0.028282	1.013647	
0.020716	0.065981	1.011041	
0.000000	0.000000	1.008298	
0.000000	0.000000	1.008298	
0.037809	0.173365	1.004426	
0.069173	0.201044	0.993899	
0.114485	0.219529	0.976447	
0.140714	0.266135	0.964702	
0.198118	0.300444	0.959335	
0.127987	0.310493	0.960085	
0.040842	0.329304	0.971699	
0.008479	0.363872	0.970924	
0.008479	0.363872	0.970924	
0.034961	0.486409	0.997614	
0.000000	0.405028	1.018673	
0.000000	0.000000	1.023597	
0.000920	0.003101	1.016744	
0.000000	0.000000	1.009429	
0.000000	0.000000	1.009429	
0.015485	0.076326	1.009634	
0.037809	0.173365	1.004426	
0.043464	0.206007	0.991765	
0.085376	0.226426	0.976702	
0.140714	0.266135	0.964702	
0.144594	0.244501	0.967841	
0.127987	0.310493	0.960085	
0.040842	0.329304	0.971699	
0.022193	0.273318	0.976759	
0.020099	0.375749	1.001624	
0.000000	0.405028	1.018673	
0.000000	0.000000	1.032131	
0.000000	0.000000	1.018812	
0.020716	0.065981	1.011041	
0.012083	0.053877	1.006585	
0.030611	0.080798	1.003081	
0.017757	0.079209	1.006721	
0.114826	0.182141	0.988585	
0.114485	0.219529	0.976447	
0.085376	0.226426	0.976702	
0.097039	0.230562	0.977014	
0.070665	0.310669	0.958963	
0.039819	0.233945	0.987933	
0.000000	0.369528	1.003232	
0.000000	0.388593	1.098842	
0.000000	0.000000	1.034596	
0.000000	0.000000	1.018812	
0.012083	0.053877	1.006585	
0.030611	0.080798	1.003081	
0.017757	0.079209	1.006721	
0.069317	0.125813	0.999708	
0.119319	0.179530	0.991588	
0.095114	0.219902	0.979189	
0.097039	0.230562	0.977014	
0.009227	0.261317	0.979132	
0.039819	0.233945	0.987933	
0.014410	0.209082	1.034543	
0.000000	0.369528	1.003232	
0.000000	0.000000	1.037635	
0.000000	0.000000	1.017829	
0.007908	0.041017	1.012362	
0.015485	0.076326	1.009634	
0.021443	0.073527	1.010877	
0.041929	0.146753	1.006054	
0.114826	0.182141	0.988585	
0.071554	0.209926	0.988728	
0.079449	0.228954	0.979875	
0.021830	0.249316	0.984660	
0.014410	0.209082	1.034543	
0.000000	0.354667	0.975699	
0.000000	0.000000	1.037635	
0.001473	0.005283	1.017962	
0.014623	0.049866	1.012197	
0.016531	0.050350	1.006829	
0.016531	0.050350	1.006829	
0.044211	0.147656	0.994766	
0.119319	0.179530	0.991588	
0.071554	0.209926	0.988728	
0.049008	0.190788	1.006312	
0.029798	0.187980	1.036157	
0.000000	0.075744	1.081879	
0.000000	0.000000	1.017578	
0.000000	0.000000	1.017578	
0.002339	0.007694	1.018050	
0.034006	0.068789	1.008069	
0.053922	0.114643	1.008559	
0.041929	0.146753	1.006054	
0.044211	0.147656	0.994766	
0.049008	0.190788	1.006312	
0.015196	0.056949	1.009817	
0.000000	0.075744	1.081879	
0.000000	0.000000	1.018668	
0.000000	0.000000	1.018668	
0.001398	0.006284	1.016909	
0.012082	0.038938	1.009395	
0.092192	0.111008	1.010679	
0.075593	0.070323	1.016208	
0.015461	0.128571	1.024151	
0.000000	0.000000	1.038857	
0.000000	0.000000	1.033503	
0.000000	0.000000	1.054999	
0.000000	0.000000	1.019970	
0.012082	0.038938	1.009395	
0.075057	0.074513	1.012678	
0.007039	0.031771	1.020317	
0.015461	0.128571	1.024151	
0.000000	0.057165	1.027171	
0.000000	0.057165	1.027171	
0.000000	0.000000	1.055126	
0.006222	0.019051	1.012920	
0.001398	0.006284	1.016909	
0.000000	0.003089	1.023023	
0.000000	0.000000	1.029161	
0.006892	0.058334	1.029495	
0.000000	0.000000	1.033503	
0.000000	0.000000	1.068416	
0.001919	0.012791	1.028087	
0.001919	0.012791	1.028087	
0.001020	0.008662	1.040591	
0.001020	0.008662	1.040591	
0.000000	0.000000	1.042734	
0.000000	0.000000	1.113556	
0.000142	0.003281	1.037473	
0.001389	0.025254	1.043834	
0.000000	0.000000	1.042734	
0.000000	0.059028	1.091451	
0.000000	0.000000	1.076537	
0.000000	0.000000	1.076537	
0.001389	0.025254	1.043834	
0.000000	0.000000	1.109166	
0.000000	0.000000	1.113556	
0.000000	0.000000	1.100149	
0.000000	0.000000	1.100149	
0.000000	0.000000	1.074757	
0.000000	0.000000	1.074757	
0.000000	0.000000	1.162698	
0.000000	0.000000	0.000000	
0.000000	0.000000	0.000000	
0.000000	0.000000	0.000000	
0.000000	0.000000	0.000000	
0.000000	0.000000	0.000000	
0.000000	0.000000	0.000000	
0.000000	0.000000	0.000000	
0.000000	0.000000	0.000000	
0.000000	0.000000	0.000000	
0.000000	0.000000	0.000000	
