36.589564	0.000000	0.000000	
36.589564	0.000000	0.000000	
33.736521	2.862461	0.000000	
33.736521	2.862461	0.000000	
2.522638	5.460385	0.000000	
2.522638	5.460385	0.000000	
0.144328	5.555786	0.000000	
0.144328	5.555786	0.000000	
59.574434	0.000000	0.000000	
59.574434	0.000000	0.000000	
59.203696	0.000000	0.000000	
7.973646	18.027255	0.000000	
7.973646	18.027255	0.000000	
0.000000	22.452022	0.000000	
74.600009	0.000000	0.000000	
79.481030	2.293330	0.000000	
79.481030	2.293330	0.000000	
0.129516	48.952369	0.000000	
35.624794	46.580492	0.000000	
4.622904	44.718116	0.000000	
32.713880	24.829998	0.000000	
0.000000	35.582866	0.000000	
0.019031	7.760712	0.000000	
0.000000	10.525229	0.000000	
1.229515	7.428413	0.000000	
0.000000	7.342291	0.000000	
1.565621	6.296704	0.000000	
0.022780	6.663037	0.000000	
0.000000	6.493470	0.000000	
0.768789	7.347101	0.000000	
0.318627	7.490268	0.000000	
0.000000	5.484145	0.000000	
0.000000	5.484145	0.000000	
0.056459	6.325333	0.000000	
0.201280	6.081782	0.000000	
0.056459	6.325333	0.000000	
3.922384	46.264020	0.000000	
2.231299	51.136741	0.000000	
3.213450	54.180001	0.000000	
2.926174	56.195365	0.000000	
2.141505	61.292219	0.000000	
0.000000	63.745513	0.000000	
0.000000	63.115009	0.000000	
0.000000	63.745513	0.000000	
52.062062	0.000000	0.146669	
52.062062	0.000000	0.146669	
0.641476	2.611738	1.372873	
2.878618	3.109850	0.340495	
2.878618	3.109850	0.340495	
3.530005	4.074030	0.731483	
3.530005	4.074030	0.731483	
0.018422	6.193048	0.344734	
1.115202	6.737718	0.140485	
1.115202	6.737718	0.140485	
0.433364	4.468358	1.498462	
5.449187	16.508409	1.046754	
5.449187	16.508409	1.046754	
2.778791	4.397441	1.660206	
2.778791	4.397441	1.660206	
0.000000	4.357255	2.111575	
0.000000	4.357255	2.111575	
0.084953	1.781888	2.229550	
0.084953	1.781888	2.229550	
34.124065	31.667630	0.000000	
0.000000	24.597087	0.316326	
6.461341	8.090092	0.127060	
0.019031	7.760712	0.000000	
1.229515	7.428413	0.000000	
0.000000	7.342291	0.000000	
2.121219	6.495131	0.023934	
1.565621	6.296704	0.000000	
0.000000	5.953012	0.129211	
1.068627	5.449021	0.000000	
0.015985	5.131177	0.026623	
0.057107	5.216053	0.157618	
0.146843	5.430635	0.026984	
0.239916	5.447473	0.097137	
0.146843	5.430635	0.026984	
0.227824	5.555195	0.112858	
0.315255	6.502277	0.039346	
0.043952	10.429682	0.273827	
0.802964	7.023595	0.564563	
1.232425	7.545531	0.587330	
0.832140	49.961371	0.308234	
1.537051	50.194418	0.150289	
0.404215	56.767623	0.982778	
0.000000	63.115009	0.000000	
52.062062	0.000000	0.146669	
52.062062	0.000000	0.146669	
16.698539	0.000000	1.581491	
38.916709	1.564513	0.000000	
2.850713	5.089557	0.791586	
2.850713	5.089557	0.791586	
24.273132	0.877679	2.351010	
21.409189	0.698166	1.772054	
8.878554	7.554598	1.065670	
3.506495	0.291741	0.209227	
0.000000	4.586646	2.956599	
0.000000	4.586646	2.956599	
2.848188	6.140927	2.629402	
2.848188	6.140927	2.629402	
0.264365	3.326471	2.971435	
0.000000	21.680123	2.248037	
2.935994	9.984472	0.371491	
2.040752	10.188739	0.000000	
32.713880	24.829998	0.000000	
24.425223	0.150458	0.000000	
0.000000	10.525229	0.000000	
3.150909	9.984292	0.081074	
4.112625	6.295307	0.424046	
0.412456	6.004696	0.522873	
2.993167	4.797174	0.037360	
0.636317	6.099182	0.439489	
0.411105	5.783496	0.249242	
0.000000	5.667889	0.000000	
0.059781	5.169499	0.112212	
0.015985	5.131177	0.026623	
0.057107	5.216053	0.157618	
0.372310	5.122252	0.269152	
0.271644	5.234761	0.224647	
0.460728	5.429033	0.319916	
0.227824	5.555195	0.112858	
1.025907	6.244161	0.226481	
1.025907	6.244161	0.226481	
1.232425	7.545531	0.587330	
2.014922	42.373962	2.148217	
1.706875	40.557113	2.105579	
0.991246	51.955576	2.060349	
0.000000	60.879915	2.413813	
0.000000	0.000000	3.329098	
29.950807	0.871066	0.493996	
38.916709	1.564513	0.000000	
4.531832	2.077525	3.237222	
4.531832	2.077525	3.237222	
34.720233	1.133713	1.101053	
21.409189	0.698166	1.772054	
18.701046	0.676201	1.811317	
18.701046	0.676201	1.811317	
0.000000	0.000000	3.329098	
0.157414	10.730995	3.459966	
0.157414	10.730995	3.459966	
12.503322	10.000602	3.466425	
0.000000	1.309073	4.381007	
0.000000	0.000000	4.640355	
0.000000	21.680123	2.248037	
2.935994	9.984472	0.371491	
0.000000	1.307797	3.719695	
24.425223	0.150458	0.000000	
6.082167	8.478484	0.000000	
6.082167	8.478484	0.000000	
5.772681	5.442837	0.732050	
0.269377	6.141484	0.704782	
3.401203	4.547106	0.602218	
2.284715	5.523884	0.050919	
2.108534	5.368679	0.492527	
1.479804	5.249166	0.556110	
0.111862	5.528794	0.075088	
0.059781	5.169499	0.112212	
0.460711	5.212109	0.358473	
0.218205	5.107294	0.281460	
0.412605	5.213519	0.425509	
0.080609	5.246792	0.196312	
0.460728	5.429033	0.319916	
0.535135	5.766525	0.321432	
0.551474	6.102365	0.454478	
0.802964	7.023595	0.564563	
1.207772	8.294720	0.000000	
1.706875	40.557113	2.105579	
0.643479	15.604933	0.000000	
0.000000	60.879915	2.413813	
0.000000	0.000000	4.640355	
29.753629	0.011754	1.060141	
0.000000	0.022220	3.259570	
34.720233	1.133713	1.101053	
35.418702	0.986933	0.878241	
21.409189	0.698166	1.772054	
20.591721	0.558826	2.438622	
3.506495	0.291741	0.209227	
30.281715	7.072246	1.382770	
0.157414	10.730995	3.459966	
0.157414	10.730995	3.459966	
0.000000	0.000000	5.821734	
0.000000	0.000000	5.821734	
1.781928	14.900154	0.531478	
0.479435	10.079977	1.655409	
2.040752	10.188739	0.000000	
1.489869	10.347744	1.153163	
2.153894	4.094340	2.213320	
6.818889	3.134591	0.000000	
6.818889	3.134591	0.000000	
5.772681	5.442837	0.732050	
4.667955	2.273570	1.067901	
3.753010	4.728048	0.604779	
3.401203	4.547106	0.602218	
2.993167	4.797174	0.037360	
1.852270	5.242673	0.578534	
1.479804	5.249166	0.556110	
0.999278	5.320333	0.581255	
0.271644	5.234761	0.224647	
0.809236	5.203697	0.633833	
0.218205	5.107294	0.281460	
0.618747	5.069437	0.621146	
0.158756	5.303609	0.402173	
0.400143	5.177283	0.698345	
0.535135	5.766525	0.321432	
0.438463	5.928415	0.012854	
0.204062	6.568111	0.000000	
0.503501	6.320599	0.627722	
0.643479	15.604933	0.000000	
0.000000	24.442646	2.818301	
29.931207	0.000000	1.475286	
0.000000	0.022220	3.259570	
0.035244	0.176161	4.763713	
31.647552	0.968438	0.225852	
33.805976	1.086058	0.467021	
19.646972	1.614638	1.724705	
19.646972	1.614638	1.724705	
30.302652	7.077136	0.757902	
30.281715	7.072246	1.382770	
0.157414	10.730995	3.459966	
0.157414	10.730995	3.459966	
0.000000	0.000000	8.194429	
0.000000	1.349370	9.226434	
1.321755	4.308641	0.870788	
0.479435	10.079977	1.655409	
2.153894	4.094340	2.213320	
0.000000	5.273990	2.010733	
5.463701	3.051455	1.135090	
4.296468	4.398507	0.181194	
4.296468	4.398507	0.181194	
4.537932	5.075346	0.000000	
2.517714	3.352841	0.700566	
3.270276	5.044175	0.822581	
3.270276	5.044175	0.822581	
2.506160	5.091439	0.216463	
2.458486	4.848391	0.588240	
1.852270	5.242673	0.578534	
0.942202	5.220308	0.881414	
0.080609	5.246792	0.196312	
0.809236	5.203697	0.633833	
0.400143	5.177283	0.698345	
0.618747	5.069437	0.621146	
0.254351	5.287869	0.471032	
0.352626	5.762159	0.025639	
0.218645	5.788384	0.000000	
0.438463	5.928415	0.012854	
0.215550	6.887431	0.202354	
0.181864	8.015045	0.000000	
0.000000	24.442646	2.818301	
53.149055	0.000000	4.963504	
38.710980	0.015293	2.687035	
31.507510	1.366633	2.709178	
33.614392	0.758059	0.000000	
33.614392	0.758059	0.000000	
19.646972	1.614638	1.724705	
1.198478	0.053351	0.024047	
1.196546	0.053265	0.072209	
0.000000	1.349370	9.226434	
44.938600	6.755595	0.000000	
1.504953	1.916922	10.620121	
0.000000	2.025823	5.478145	
1.321755	4.308641	0.870788	
2.819043	4.572557	2.350676	
7.250542	4.539749	0.000000	
7.250542	4.539749	0.000000	
2.464943	3.948120	1.487300	
5.463701	3.051455	1.135090	
4.537932	5.075346	0.000000	
4.162693	3.901521	0.336544	
2.820815	3.717826	1.157294	
2.517714	3.352841	0.700566	
3.361623	4.345253	0.609807	
1.906533	5.048585	1.117017	
2.458486	4.848391	0.588240	
2.209058	4.939716	0.849287	
1.915401	4.872644	0.866569	
1.608208	4.968494	1.076648	
1.523402	5.159275	0.989467	
0.458854	5.216787	0.882242	
0.458854	5.216787	0.882242	
0.278907	5.122346	0.383551	
0.408850	5.515731	0.902259	
0.591129	5.483418	0.177452	
0.381482	5.671329	0.886201	
0.218361	6.192372	0.172544	
0.041727	6.888759	0.087100	
0.000000	16.626488	0.000000	
53.149055	0.000000	4.963504	
31.647552	0.968438	0.225852	
33.719761	1.678129	4.241430	
34.962154	1.935222	2.294907	
19.646972	1.614638	1.724705	
1.198478	0.053351	0.024047	
1.196546	0.053265	0.072209	
34.842272	2.242402	1.259208	
0.503873	1.971545	5.655585	
0.000000	4.005604	2.273626	
5.753728	3.289506	1.968455	
5.753728	3.289506	1.968455	
7.020772	0.923131	2.102828	
2.800463	2.906607	1.254311	
2.769135	3.308434	1.066748	
1.649514	3.003277	1.334538	
2.769135	3.308434	1.066748	
1.065077	3.370576	1.366393	
4.570226	3.136145	1.724201	
2.820815	3.717826	1.157294	
2.606117	3.448023	0.964392	
2.813468	3.162743	0.708093	
2.693039	3.512983	1.287289	
0.344948	3.924369	1.349398	
0.344948	3.924369	1.349398	
1.950078	4.650286	1.350685	
1.455415	3.544303	1.023323	
1.608208	4.968494	1.076648	
1.416387	5.199513	1.310599	
0.000000	5.397870	0.000000	
0.305702	5.027852	0.305196	
0.418739	5.289442	0.612226	
0.000000	5.397870	0.000000	
0.194324	5.510707	0.477644	
0.000000	6.011637	0.000000	
0.041727	6.888759	0.087100	
0.000000	12.096139	1.682723	
51.813505	0.000000	11.067489	
34.964004	0.303682	1.269810	
33.719761	1.678129	4.241430	
32.928399	3.062555	7.825148	
32.833248	2.365896	7.607118	
32.928399	3.062555	7.825148	
34.842272	2.242402	1.259208	
0.503873	1.971545	5.655585	
0.009122	2.918618	2.688388	
0.000000	2.899536	2.324822	
7.152697	3.136659	2.675060	
1.180004	2.803702	2.176132	
2.800463	2.906607	1.254311	
0.872861	3.033723	1.586509	
2.816537	3.075169	1.042353	
1.649514	3.003277	1.334538	
1.065077	3.370576	1.366393	
3.758805	2.532447	1.316052	
2.687249	3.545578	0.463852	
2.687249	3.545578	0.463852	
2.606117	3.448023	0.964392	
0.943980	3.905824	1.304098	
0.671204	3.387297	1.278816	
0.376951	3.389166	1.187205	
0.806794	3.325548	1.154907	
1.455415	3.544303	1.023323	
0.853805	3.726276	0.910315	
1.427493	5.021292	1.502993	
0.655955	5.252378	1.441878	
0.418739	5.289442	0.612226	
0.305702	5.027852	0.305196	
0.278907	5.122346	0.383551	
0.408850	5.515731	0.902259	
0.163480	5.609136	1.090787	
0.000000	6.651632	0.780825	
0.000000	8.599045	0.808131	
46.667802	0.000000	12.922325	
30.520091	0.865274	6.449469	
30.520091	0.865274	6.449469	
29.605159	2.097131	6.278153	
29.605159	2.097131	6.278153	
27.279287	2.160590	8.144787	
0.987920	4.862334	3.644051	
0.009122	2.918618	2.688388	
0.745349	2.897506	3.223045	
0.000000	2.521046	2.603655	
0.701126	2.656652	2.353377	
1.180004	2.803702	2.176132	
0.874747	2.876355	1.974827	
0.874747	2.876355	1.974827	
0.846447	2.770401	1.718910	
2.863891	2.895308	1.299746	
2.206096	2.843672	1.495025	
2.397482	2.507954	1.254331	
2.653371	2.604062	1.402702	
2.101310	2.720283	1.177780	
1.048911	3.426642	1.258228	
1.048911	3.426642	1.258228	
1.609743	2.949597	1.313475	
0.747349	3.146817	1.270389	
0.376951	3.389166	1.187205	
1.313926	3.244844	0.969788	
1.313926	3.244844	0.969788	
1.142492	4.831764	1.750411	
0.977904	5.047834	1.522946	
0.557331	5.339672	1.386837	
0.374086	5.297641	0.927023	
0.375161	5.312863	0.929687	
0.194324	5.510707	0.477644	
0.163480	5.609136	1.090787	
0.000000	7.324529	0.510148	
41.879406	0.000000	0.000000	
32.020917	0.556281	2.372655	
31.316479	1.859792	5.450404	
27.279287	2.160590	8.144787	
27.279287	2.160590	8.144787	
0.987920	4.862334	3.644051	
0.000000	1.288726	3.863191	
0.561743	2.607614	3.487163	
0.000000	1.585695	3.266098	
0.000000	2.439368	2.695586	
0.701126	2.656652	2.353377	
0.701126	2.656652	2.353377	
0.811957	2.816445	2.123441	
0.623330	2.757260	2.074989	
1.310021	3.039106	2.155699	
3.037467	2.467456	2.056068	
2.397482	2.507954	1.254331	
2.206096	2.843672	1.495025	
2.101310	2.720283	1.177780	
2.151004	2.784615	1.205633	
0.000000	3.423605	1.500732	
1.303496	2.902023	1.397260	
1.253223	2.984989	1.317274	
1.253223	2.984989	1.317274	
0.806794	3.325548	1.154907	
1.146446	3.499018	1.448639	
1.144081	3.920449	1.184257	
0.977904	5.047834	1.522946	
0.741418	5.223637	1.758194	
0.674253	5.267539	1.833458	
0.374086	5.297641	0.927023	
0.164263	5.317153	0.368725	
0.182044	5.892734	1.112062	
0.000000	7.946087	0.553439	
32.286934	0.000000	0.000000	
32.020917	0.556281	2.372655	
28.213029	0.987726	6.953768	
27.374581	1.308772	6.269432	
26.000000	0.000000	0.000000	
0.762185	1.671617	4.175928	
0.218208	1.272068	3.837273	
0.000000	1.662022	3.323084	
0.000000	1.585695	3.266098	
0.669697	2.375697	2.934135	
0.000000	2.439368	2.695586	
0.237270	2.490149	2.533021	
0.502861	2.444465	2.430812	
0.408218	2.708757	2.224418	
0.000000	1.345252	2.078320	
1.175658	2.662128	2.019436	
0.358905	2.253498	1.712507	
2.290387	2.816155	1.655503	
1.889266	2.601239	1.549335	
1.792206	2.738226	1.739460	
1.645320	2.845443	1.309039	
1.451556	2.801933	1.535068	
1.065986	3.112962	1.385354	
0.971355	3.168763	1.109492	
0.971355	3.168763	1.109492	
0.318416	3.376204	1.592008	
0.436311	3.662065	1.774948	
0.032886	3.761528	2.007025	
0.741418	5.223637	1.758194	
0.557331	5.339672	1.386837	
0.000000	5.460997	0.000000	
0.164263	5.317153	0.368725	
0.000000	6.267473	0.732667	
32.791272	0.000000	0.000000	
29.314016	0.869670	2.528640	
27.856723	1.898918	6.309375	
26.000000	0.000000	0.000000	
0.762185	1.671617	4.175928	
0.218208	1.272068	3.837273	
0.000000	1.288726	3.863191	
0.154670	1.599481	3.574500	
0.511928	1.143368	3.083061	
0.304888	1.672392	3.232871	
0.000000	1.635644	2.709559	
0.091969	1.469118	2.531199	
0.067409	1.721055	2.465879	
0.526589	1.372972	1.836373	
0.358905	2.253498	1.712507	
1.999619	2.351984	1.994781	
0.360522	1.767844	1.543825	
0.000000	1.402718	1.985971	
1.792206	2.738226	1.739460	
1.630925	2.790763	1.662193	
1.522640	2.769074	1.550624	
1.303496	2.902023	1.397260	
1.167490	3.066702	1.429387	
0.954846	2.980182	1.472609	
0.954846	2.980182	1.472609	
0.682618	3.036895	1.510924	
0.436311	3.662065	1.774948	
0.683315	5.246511	2.238077	
0.569532	4.858401	2.336072	
0.317983	5.443698	1.235250	
0.182044	5.892734	1.112062	
0.000000	7.151331	2.617254	
32.286934	0.000000	0.000000	
29.314016	0.869670	2.528640	
27.374581	1.308772	6.269432	
0.400496	0.411865	7.499373	
1.895078	1.030033	4.638748	
0.606582	1.209862	4.568214	
0.000000	1.541560	3.582142	
0.511928	1.143368	3.083061	
0.600784	1.185159	3.413597	
2.467814	2.030094	1.800911	
0.091969	1.469118	2.531199	
0.526589	1.372972	1.836373	
0.165372	1.645381	2.247468	
1.027260	1.302079	1.906072	
0.478279	1.917756	1.923261	
0.478279	1.917756	1.923261	
0.360522	1.767844	1.543825	
0.519915	1.928703	1.594977	
1.631379	2.636346	1.657171	
1.604226	2.727295	1.863450	
1.451556	2.801933	1.535068	
1.112470	2.926238	1.668910	
0.897430	3.040212	1.795529	
0.893609	3.101799	1.704777	
0.711754	3.266498	1.733725	
0.478497	3.150439	1.581893	
0.478497	3.150439	1.581893	
0.265153	3.760250	2.020561	
0.265153	3.760250	2.020561	
0.053493	6.127035	0.000000	
0.000000	7.296239	2.649715	
32.791272	0.000000	0.000000	
30.485910	1.016187	2.354468	
0.400496	0.411865	7.499373	
1.895078	1.030033	4.638748	
0.699122	1.204835	4.528722	
0.247310	0.335854	3.676232	
0.199972	0.690003	3.415702	
0.406614	1.256014	3.267405	
3.036578	1.614963	1.845976	
3.272045	1.791054	2.464735	
0.138754	1.504497	2.462564	
0.889938	1.386962	2.114497	
2.241209	1.236515	1.891409	
0.610115	1.414170	1.756424	
0.255079	1.361429	1.907680	
0.255079	1.361429	1.907680	
0.306409	1.852866	1.614491	
0.355163	1.615080	1.535950	
0.519915	1.928703	1.594977	
0.431987	1.691978	1.526965	
0.853259	2.814674	2.042472	
0.623011	2.922579	1.916397	
0.897430	3.040212	1.795529	
0.297729	3.075409	1.851630	
0.522906	3.349455	1.744260	
0.100262	2.961681	1.939200	
0.133167	3.107304	1.993297	
0.166036	2.776567	1.748383	
0.166036	2.776567	1.748383	
0.000000	7.296239	2.649715	
39.691420	0.000000	0.000000	
0.000603	0.007322	6.238640	
0.384094	0.696732	5.489329	
0.428799	0.953804	4.884900	
0.452669	0.630667	4.172514	
0.199972	0.690003	3.415702	
0.360427	1.360373	3.380211	
4.306807	1.110627	2.084098	
0.518358	1.502167	3.144938	
3.036578	1.614963	1.845976	
0.889938	1.386962	2.114497	
1.027260	1.302079	1.906072	
0.610115	1.414170	1.756424	
1.066581	1.386354	1.795798	
0.901209	1.598477	1.807375	
0.301651	1.751483	1.836241	
0.439092	1.736374	1.739989	
0.355163	1.615080	1.535950	
0.673458	2.094382	1.687057	
0.431987	1.691978	1.526965	
0.104001	2.820907	2.004247	
0.104001	2.820907	2.004247	
0.619912	2.796779	1.972643	
0.514066	2.977093	1.605143	
0.514066	2.977093	1.605143	
0.100262	2.961681	1.939200	
0.000000	3.442848	1.848081	
0.000000	3.442848	1.848081	
0.000000	4.288744	2.796091	
0.000000	0.000000	6.539662	
0.000603	0.007322	6.238640	
0.036037	0.096203	5.000997	
0.440558	0.589938	4.167644	
1.774639	0.718052	3.186041	
0.692336	1.139084	3.657252	
0.632369	1.078654	3.500021	
2.309057	1.002303	3.145132	
0.518358	1.502167	3.144938	
2.529497	1.236784	2.368586	
2.241209	1.236515	1.891409	
1.466762	1.361214	1.979296	
1.066581	1.386354	1.795798	
0.586089	1.593843	1.963740	
0.901209	1.598477	1.807375	
0.439092	1.736374	1.739989	
0.057181	1.868016	1.818104	
0.191010	1.868831	1.793513	
0.117794	1.979807	1.908409	
0.112946	1.287237	1.822141	
0.000000	0.543398	2.137402	
0.022153	1.137066	2.160009	
0.619912	2.796779	1.972643	
0.035245	0.987778	2.086037	
0.005843	3.130695	2.082089	
0.073297	3.037137	2.034612	
0.000000	3.197524	1.996007	
0.000000	0.989561	2.778674	
0.000000	0.000000	6.469572	
0.036037	0.096203	5.000997	
0.310852	0.330367	4.942778	
0.293531	0.345032	3.929681	
1.774639	0.718052	3.186041	
3.216908	0.839252	2.906795	
3.216908	0.839252	2.906795	
2.309057	1.002303	3.145132	
1.478791	1.254934	2.422485	
2.014039	1.226413	1.981235	
1.932928	1.246562	2.105064	
1.507027	1.306299	2.040441	
0.433738	1.363936	1.990781	
0.254801	1.325580	1.956876	
0.106488	1.416834	1.907107	
0.301651	1.751483	1.836241	
0.057181	1.868016	1.818104	
0.117794	1.979807	1.908409	
0.112946	1.287237	1.822141	
0.001228	0.467458	2.105202	
0.000217	1.083846	2.105071	
0.001228	0.467458	2.105202	
0.124549	1.104408	2.127341	
0.035245	0.987778	2.086037	
0.105382	0.993525	2.209543	
0.078118	1.114027	2.145649	
0.000000	3.194024	2.065796	
0.843814	0.000000	5.180406	
0.496941	0.177984	3.668676	
0.220788	0.274094	3.400330	
0.228892	0.403458	3.750556	
0.062876	0.226803	3.408486	
0.078956	0.221776	3.721915	
0.143827	0.638754	3.554595	
0.842191	1.155850	2.298055	
0.124013	0.957081	2.208553	
0.251264	1.005779	2.243210	
0.000000	0.809034	2.164375	
0.806109	1.212696	2.069988	
1.146374	1.330233	2.002472	
0.212768	1.444854	1.987284	
0.035570	1.663514	1.485611	
0.393697	1.635787	1.735413	
0.264009	1.667881	1.551389	
0.264531	1.839444	1.563056	
0.000217	1.083846	2.105071	
0.000000	0.841764	2.095183	
0.000843	1.195558	2.077909	
0.009808	0.900699	2.087363	
0.055988	0.783562	2.164778	
0.105382	0.993525	2.209543	
0.078118	1.114027	2.145649	
0.000000	3.502466	2.171041	
0.843814	0.000000	5.180406	
0.496941	0.177984	3.668676	
0.220788	0.274094	3.400330	
0.126330	0.098609	3.338923	
0.198788	0.240652	3.256657	
0.143827	0.638754	3.554595	
0.234914	0.710302	3.407118	
0.011365	0.891129	2.319166	
0.124013	0.957081	2.208553	
0.000000	0.809034	2.164375	
0.251264	1.005779	2.243210	
0.228963	1.167995	2.046084	
0.512157	1.134778	2.012090	
0.143723	1.317389	2.165039	
0.948843	1.540204	2.171605	
0.035570	1.663514	1.485611	
0.539483	1.732393	1.782418	
0.264531	1.839444	1.563056	
0.008526	1.414362	2.049806	
0.003245	0.824717	1.980664	
0.000000	0.895584	2.079065	
0.006345	0.942355	2.123270	
0.000000	1.078646	2.184932	
0.042651	0.617974	2.227474	
0.000000	0.782595	2.639365	
0.000000	0.000000	4.841911	
0.467188	0.210772	3.416647	
0.198788	0.240652	3.256657	
0.068278	0.339729	3.139905	
0.264988	0.213238	3.093919	
0.060846	0.337934	3.163296	
0.145696	0.433805	3.167460	
0.000000	0.871491	3.131738	
0.011365	0.891129	2.319166	
0.407944	0.943096	2.326311	
0.201398	0.994852	2.293441	
0.512157	1.134778	2.012090	
0.228963	1.167995	2.046084	
0.820918	1.398768	2.449358	
0.148772	0.983801	2.297346	
0.510009	1.454998	2.092753	
0.510009	1.454998	2.092753	
0.001373	0.952153	2.111360	
0.005569	1.866648	2.028375	
0.003245	0.824717	1.980664	
0.138572	2.021911	1.822530	
0.005970	0.917747	2.143058	
0.079959	0.920439	2.149628	
0.000000	1.104210	2.372507	
0.000000	0.000000	4.841911	
0.126330	0.098609	3.338923	
0.153722	0.289862	3.176712	
0.264988	0.213238	3.093919	
0.270657	0.386068	3.115367	
0.125839	0.735365	2.990762	
0.270657	0.386068	3.115367	
0.136851	0.684780	2.643827	
0.177327	0.876001	2.608887	
0.196382	0.738245	2.439154	
0.201398	0.994852	2.293441	
0.079172	1.142526	2.166282	
0.711336	1.182850	1.854932	
0.711336	1.182850	1.854932	
0.000000	1.401095	2.225974	
0.004825	1.107059	2.189276	
0.001373	0.952153	2.111360	
0.010687	0.938919	2.087943	
0.008526	1.414362	2.049806	
0.005569	1.866648	2.028375	
0.138572	2.021911	1.822530	
0.046806	0.670300	2.137910	
0.000000	1.104210	2.372507	
0.000000	0.000000	3.588336	
0.000000	0.000000	3.324107	
0.230185	0.287909	3.171843	
0.036882	0.344548	3.095451	
0.036882	0.344548	3.095451	
0.120810	0.565360	3.028267	
0.125839	0.735365	2.990762	
0.027803	0.617907	2.701289	
0.027290	0.214578	3.096081	
0.177327	0.876001	2.608887	
0.079172	1.142526	2.166282	
0.070278	0.293976	2.255328	
0.148772	0.983801	2.297346	
0.139648	0.684379	2.268184	
0.149958	1.054691	2.134295	
0.007988	1.028495	2.117613	
0.086136	1.156807	2.039386	
0.107755	1.178695	1.910123	
0.107755	1.178695	1.910123	
0.031047	1.132129	2.022962	
0.000000	1.744150	2.200491	
0.000000	2.676021	2.706105	
0.000000	0.000000	3.588336	
0.032105	0.030303	3.101996	
0.032105	0.030303	3.101996	
0.137253	0.251291	3.005873	
0.137253	0.251291	3.005873	
0.148450	0.557872	3.002445	
0.084938	0.430653	2.556829	
0.084938	0.430653	2.556829	
0.094571	0.936458	2.978739	
0.000000	1.064603	2.670277	
0.176297	0.561339	2.491733	
0.070278	0.293976	2.255328	
0.096058	0.701447	2.244067	
0.149958	1.054691	2.134295	
0.086136	1.156807	2.039386	
0.077932	1.137743	2.035935	
0.131219	1.085201	2.021555	
0.131219	1.085201	2.021555	
0.000000	1.236376	1.951951	
0.000000	1.236376	1.951951	
0.000000	2.565860	2.839731	
0.000000	0.000000	3.324107	
0.071483	0.100576	3.107966	
0.091577	0.221969	3.115479	
0.191506	0.322829	3.032407	
0.132271	0.275431	3.052577	
0.191506	0.322829	3.032407	
0.000000	0.696784	2.944550	
0.050451	0.638997	2.979883	
0.094571	0.936458	2.978739	
0.176297	0.561339	2.491733	
0.000000	0.743960	2.362089	
0.097971	0.328774	2.249908	
0.039135	0.616779	2.237098	
0.103051	0.774670	2.119900	
0.046332	1.172127	2.085510	
0.077932	1.137743	2.035935	
0.248175	1.231148	2.038451	
0.022687	1.480884	2.063351	
0.022992	1.457271	2.093262	
0.000000	0.969059	2.261351	
0.000000	0.000000	3.742900	
0.083010	0.092441	3.178036	
0.092445	0.123227	3.056787	
0.200774	0.315521	3.007694	
0.085061	0.417383	3.010037	
0.109908	0.489352	2.997561	
0.000000	0.696784	2.944550	
0.205536	0.783452	2.958654	
0.205536	0.783452	2.958654	
0.000000	0.797887	2.384176	
0.097971	0.328774	2.249908	
0.092165	0.419069	2.204188	
0.145266	0.687735	2.180069	
0.000000	0.797821	2.185127	
0.103051	0.774670	2.119900	
0.046332	1.172127	2.085510	
0.139803	1.331856	1.984855	
0.022992	1.457271	2.093262	
0.000000	1.000295	2.530037	
0.000000	0.000000	3.415516	
0.016369	0.019797	3.175310	
0.120613	0.216205	3.014192	
0.222077	0.305043	3.007402	
0.200774	0.315521	3.007694	
0.029495	0.483128	2.977357	
0.029495	0.483128	2.977357	
0.114308	0.708655	2.969460	
0.000131	0.448414	3.062673	
0.000000	0.797887	2.384176	
0.033163	0.309640	2.140500	
0.033163	0.309640	2.140500	
0.145266	0.687735	2.180069	
0.171095	0.962391	2.084941	
0.171095	0.962391	2.084941	
0.119260	1.142860	2.036478	
0.046435	1.377209	2.260628	
0.000000	1.356087	2.303164	
0.000000	0.000000	3.742900	
0.000000	0.076228	2.969064	
0.100446	0.130115	3.077197	
0.381057	0.253050	3.058079	
0.195778	0.412852	2.988998	
0.125803	0.277977	3.011407	
0.035387	0.217914	2.307365	
0.050146	0.392189	2.623448	
0.050146	0.392189	2.623448	
0.038850	0.155033	2.089318	
0.092165	0.419069	2.204188	
0.038850	0.155033	2.089318	
0.226354	0.658225	2.210539	
0.113734	0.984624	2.156238	
0.113734	0.984624	2.156238	
0.000000	1.356087	2.303164	
0.000000	1.000295	2.530037	
0.000000	0.000000	3.415516	
0.000222	0.001881	2.971896	
0.000222	0.001881	2.971896	
0.000000	0.277079	3.139899	
0.195778	0.412852	2.988998	
0.008737	0.085717	2.257274	
0.005175	0.034383	2.294133	
0.035387	0.217914	2.307365	
0.000000	0.000000	2.189224	
0.000000	0.000000	2.189224	
0.161696	0.504206	2.022828	
0.152985	0.481401	1.722592	
0.152985	0.481401	1.722592	
0.161696	0.504206	2.022828	
0.080869	0.683396	2.555859	
0.000000	1.078348	2.967459	
0.000000	0.000000	4.066716	
0.000000	0.076228	2.969064	
0.000000	0.046510	2.522914	
0.009757	0.017215	3.111644	
0.008232	0.106066	2.192742	
0.008232	0.106066	2.192742	
0.052986	0.252593	2.055665	
0.052986	0.252593	2.055665	
0.036358	0.148447	2.269755	
0.036358	0.148447	2.269755	
0.175323	0.612752	1.918584	
0.139277	0.417309	1.951394	
0.139277	0.417309	1.951394	
0.012164	0.417858	2.757976	
0.000000	0.773347	3.345549	
0.000000	0.000000	2.780893	
0.000000	0.046510	2.522914	
0.000000	0.029960	2.355562	
0.000000	0.029960	2.355562	
0.006465	0.041659	2.431923	
0.006465	0.041659	2.431923	
0.003665	0.050061	2.715350	
0.000000	0.000000	2.987290	
0.031212	0.262985	2.289843	
0.031212	0.262985	2.289843	
0.143750	0.323896	1.873612	
0.143750	0.323896	1.873612	
0.022139	0.379947	2.870705	
0.000000	0.619445	3.432120	
0.000000	0.000000	2.852840	
0.000000	0.000000	2.422675	
0.000000	0.000000	2.422675	
0.000000	0.101221	2.605530	
0.003665	0.050061	2.715350	
0.080262	0.463516	3.073892	
0.019071	0.049278	2.984152	
0.101755	0.315317	2.593197	
0.151638	0.219666	2.591326	
0.170167	0.282358	2.454926	
0.170167	0.282358	2.454926	
0.000000	0.456934	2.677200	
0.000000	0.456934	2.677200	
0.000000	0.000000	3.304080	
0.009757	0.017215	3.111644	
0.000000	0.101221	2.605530	
0.167747	0.238772	3.263618	
0.088429	0.373021	3.164043	
0.080262	0.463516	3.073892	
0.089274	0.520776	3.033233	
0.123749	0.601141	3.003007	
0.191674	0.342666	2.565316	
0.155945	0.242507	2.498885	
0.094354	0.919363	3.041247	
0.000000	0.922579	3.221701	
0.000000	0.000000	4.740362	
0.038664	0.073096	3.166907	
0.146992	0.193699	3.349527	
0.000000	0.108646	3.249373	
0.153490	0.276022	3.176737	
0.080262	0.463516	3.073892	
0.048354	0.276876	3.053482	
0.123749	0.601141	3.003007	
0.051862	0.513118	3.067793	
0.074263	0.545757	3.081019	
0.000000	0.793042	3.169292	
0.000000	0.000000	4.266652	
0.043975	0.045957	3.616885	
0.068608	0.152424	3.348068	
0.153490	0.276022	3.176737	
0.060190	0.294976	3.091415	
0.060190	0.294976	3.091415	
0.041500	0.299836	3.043253	
0.041500	0.299836	3.043253	
0.074263	0.545757	3.081019	
0.000000	0.793042	3.169292	
0.000000	0.000000	4.266652	
0.027156	0.061295	3.193457	
0.000000	0.108646	3.249373	
0.027156	0.061295	3.193457	
0.018366	0.125213	3.074721	
0.020029	0.150482	3.060063	
0.018366	0.125213	3.074721	
0.020029	0.150482	3.060063	
0.000000	0.742070	3.267265	
0.000000	0.000000	3.446064	
0.000000	0.000000	3.526479	
0.013982	0.016746	3.428796	
0.004579	0.071831	3.248312	
0.093156	0.339913	3.198307	
0.000000	0.000000	3.190830	
0.012524	0.396637	3.223341	
0.000000	0.627835	3.354606	
0.000000	0.000000	3.419218	
0.000000	0.000000	3.419218	
0.011006	0.035421	3.339511	
0.000000	0.000000	3.197523	
0.000000	0.000000	3.197523	
0.012524	0.396637	3.223341	
0.000000	0.000000	3.393784	
0.000000	0.000000	3.977247	
0.000000	0.000000	3.340882	
0.000000	0.000000	3.347387	
0.022591	0.154284	3.315736	
0.022124	0.120102	3.398855	
0.000000	0.000000	3.733089	
0.000000	0.000000	3.977247	
0.000000	0.000000	3.340882	
0.022591	0.154284	3.315736	
0.009367	0.039086	3.269330	
0.000000	0.012274	3.676216	
0.000000	0.000000	5.330021	
0.000000	0.000000	3.391631	
0.009367	0.039086	3.269330	
0.000000	0.000000	3.391631	
0.000000	0.000000	5.330021	
0.000495	0.020443	3.701766	
0.000000	0.000000	3.786469	
0.000000	0.000000	4.263522	
0.000000	0.000000	4.263522	
0.000000	0.000000	5.330021	
0.000000	0.000000	0.000000	
0.000000	0.000000	0.000000	
0.000000	0.000000	0.000000	
0.000000	0.000000	0.000000	
0.000000	0.000000	0.000000	
0.000000	0.000000	0.000000	
0.000000	0.000000	0.000000	
0.000000	0.000000	0.000000	
0.000000	0.000000	0.000000	
0.000000	0.000000	0.000000	
