1.553391	0.000000	0.000000	
1.553391	0.000000	0.000000	
1.636600	0.024722	0.000000	
1.736396	0.000000	0.000000	
1.736396	0.000000	0.000000	
2.567053	0.000000	0.000000	
2.567053	0.000000	0.000000	
3.098758	0.000000	0.000000	
2.087026	0.642357	0.000000	
2.087026	0.642357	0.000000	
1.700089	0.202884	0.000000	
2.903804	0.937371	0.000000	
3.560803	0.900142	0.000000	
3.560803	0.900142	0.000000	
1.588332	1.788512	0.000000	
1.588332	1.788512	0.000000	
3.258345	2.644083	0.000000	
3.278887	2.225033	0.000000	
3.258345	2.644083	0.000000	
3.269415	2.892547	0.000000	
0.419978	3.425115	0.000000	
0.419978	3.425115	0.000000	
0.982732	3.597751	0.000000	
0.982732	3.597751	0.000000	
3.307041	4.815558	0.000000	
1.269229	2.051555	0.000000	
1.233594	1.770758	0.000000	
1.908631	4.157719	0.000000	
1.110262	3.388163	0.000000	
1.908631	4.157719	0.000000	
1.345880	5.054724	0.000000	
1.345880	5.054724	0.000000	
0.278517	4.756556	0.000000	
0.026132	4.662818	0.000000	
0.000000	4.500479	0.000000	
0.026132	4.662818	0.000000	
0.042527	4.514748	0.000000	
0.064062	4.682032	0.000000	
0.042527	4.514748	0.000000	
0.110521	4.564301	0.000000	
0.022868	4.674108	0.000000	
0.164531	5.067200	0.000000	
0.000000	5.487701	0.000000	
0.000000	5.553149	0.000000	
1.569376	0.000000	0.000000	
1.569376	0.000000	0.000000	
1.591980	0.004705	0.033272	
1.591980	0.004705	0.033272	
2.495744	0.000000	0.003476	
2.495744	0.000000	0.003476	
3.056585	0.222132	0.027263	
2.670289	0.334287	0.057927	
2.670289	0.334287	0.057927	
1.700089	0.202884	0.000000	
3.150190	0.900014	0.035257	
3.979097	1.201410	0.006884	
1.860438	1.522261	0.083596	
1.968406	1.117114	0.024097	
1.199553	0.428215	0.052758	
1.968406	1.117114	0.024097	
3.005580	1.101639	0.000000	
3.211162	1.681395	0.000000	
2.901182	2.656053	0.056758	
3.060179	2.765181	0.065003	
2.208132	2.547321	0.074907	
2.208132	2.547321	0.074907	
1.986951	1.699479	0.155110	
1.905120	1.826085	0.000000	
1.269229	2.051555	0.000000	
1.233594	1.770758	0.000000	
0.964672	1.347105	0.044638	
1.882415	2.901594	0.000000	
1.150044	3.191237	0.000000	
1.457666	3.431133	0.115254	
1.457666	3.431133	0.115254	
0.624194	4.297290	0.000000	
0.624194	4.297290	0.000000	
0.099018	4.282746	0.039174	
0.243659	4.388161	0.000000	
0.277835	4.327210	0.099144	
0.046620	4.314186	0.111018	
0.000000	4.314958	0.061690	
0.009198	4.315886	0.061703	
0.011987	4.410840	0.056740	
0.008484	4.717970	0.000000	
0.053866	5.042391	0.066717	
0.000000	5.181100	0.034437	
2.509852	0.000000	0.000664	
1.636600	0.024722	0.000000	
1.771625	0.002618	0.018511	
3.000104	0.022658	0.000000	
1.728238	0.284926	0.122905	
1.542349	0.126288	0.038995	
2.210706	0.373049	0.156720	
2.983938	0.000000	0.000000	
1.361944	0.171882	0.026592	
1.301340	0.247554	0.032718	
1.181136	0.249418	0.038016	
1.275307	0.187851	0.000000	
1.379550	0.304877	0.055891	
1.199553	0.428215	0.052758	
3.153517	1.695177	0.000000	
2.621076	1.467557	0.164981	
2.621076	1.467557	0.164981	
2.033162	1.525157	0.000000	
2.033162	1.525157	0.000000	
1.604274	1.596679	0.186865	
1.604274	1.596679	0.186865	
1.400379	1.692211	0.097650	
1.480636	1.634627	0.117441	
1.480636	1.634627	0.117441	
1.423571	1.979924	0.033351	
0.964672	1.347105	0.044638	
1.387595	2.288395	0.076839	
0.346976	2.580865	0.048844	
1.392237	3.060848	0.164966	
1.150044	3.191237	0.000000	
0.193039	4.139426	0.076990	
0.634553	4.579052	0.076738	
0.470253	4.203403	0.019338	
0.099018	4.282746	0.039174	
0.167970	4.457652	0.000000	
0.009198	4.315886	0.061703	
0.273735	3.853528	0.036727	
0.254314	4.010708	0.000000	
0.077513	4.411350	0.122591	
0.098909	4.530545	0.130971	
0.008484	4.717970	0.000000	
0.000000	5.194037	0.020794	
2.846549	0.000000	0.000000	
1.771625	0.002618	0.018511	
3.000104	0.022658	0.000000	
1.531815	0.010783	0.000405	
1.542349	0.126288	0.038995	
2.210706	0.373049	0.156720	
1.420597	0.209575	0.000000	
1.346037	0.141326	0.052455	
1.346037	0.141326	0.052455	
1.181136	0.249418	0.038016	
1.199583	0.299196	0.031032	
1.133580	0.155831	0.079911	
1.199583	0.299196	0.031032	
1.370473	0.364192	0.000000	
1.370473	0.364192	0.000000	
1.722972	0.387174	0.049323	
1.909133	0.655531	0.000000	
1.909133	0.655531	0.000000	
1.820293	1.480629	0.221633	
1.564912	1.581539	0.240812	
1.603906	1.596313	0.193049	
1.514738	1.628364	0.207930	
1.400379	1.692211	0.097650	
1.358206	1.740315	0.115328	
1.225783	1.985561	0.208709	
1.192969	2.075085	0.109857	
1.069376	2.265556	0.075939	
0.560237	2.369192	0.247234	
0.879230	1.932240	0.206343	
0.618310	2.263589	0.014904	
0.265985	2.284859	0.037046	
0.696383	2.285228	0.108891	
0.187980	3.184005	0.213803	
0.470253	4.203403	0.019338	
0.414124	4.419443	0.000000	
0.188983	4.453968	0.115917	
0.273735	3.853528	0.036727	
0.266628	3.930623	0.000822	
0.048654	4.219855	0.342212	
0.045986	4.341958	0.286605	
0.000000	5.062216	0.326833	
2.509852	0.000000	0.000664	
2.509852	0.000000	0.000664	
1.496475	0.000000	0.000792	
1.496475	0.000000	0.000792	
2.439658	0.048267	0.105097	
1.694942	0.067570	0.004525	
1.227887	0.133273	0.095236	
1.198243	0.219120	0.042015	
1.098524	0.202221	0.099866	
1.060970	0.234950	0.144193	
1.122521	0.149439	0.018752	
1.133580	0.155831	0.079911	
1.147434	0.218765	0.100310	
1.262162	0.315559	0.002686	
1.262162	0.315559	0.002686	
1.722972	0.387174	0.049323	
1.438379	0.773640	0.000000	
1.820293	1.480629	0.221633	
1.536300	1.553114	0.271921	
1.536300	1.553114	0.271921	
1.433289	1.573621	0.253578	
1.408361	1.667755	0.282882	
1.358206	1.740315	0.115328	
1.147647	1.850046	0.273619	
1.225783	1.985561	0.208709	
1.004189	1.980442	0.183355	
0.918870	1.945490	0.302300	
0.879230	1.932240	0.206343	
0.772626	2.051987	0.107284	
0.607158	2.090152	0.283307	
0.607261	2.197341	0.162767	
0.489284	2.368468	0.305511	
0.593817	1.978106	0.394985	
0.311430	3.386367	0.000000	
0.000000	3.938325	0.261993	
0.040725	4.639574	0.080340	
0.254314	4.010708	0.000000	
0.045986	4.341958	0.286605	
0.048654	4.219855	0.342212	
0.000000	4.913197	0.379231	
2.509852	0.000000	0.000664	
1.496475	0.000000	0.000792	
1.318750	0.004980	0.000349	
1.531815	0.010783	0.000405	
1.663047	0.043735	0.000000	
1.227887	0.133273	0.095236	
1.111248	0.153414	0.150461	
1.098524	0.202221	0.099866	
1.060970	0.234950	0.144193	
1.072937	0.156526	0.056773	
1.105481	0.243304	0.156992	
1.149695	0.156659	0.093770	
1.179148	0.461658	0.052060	
1.145125	0.141018	0.115334	
1.145125	0.141018	0.115334	
1.432573	0.732358	0.000000	
1.438379	0.773640	0.000000	
1.798545	1.264242	0.302306	
1.690955	1.473758	0.402729	
1.548429	1.542627	0.301852	
1.433289	1.573621	0.253578	
1.308860	1.686820	0.393645	
1.308860	1.686820	0.393645	
1.056199	1.920069	0.393266	
1.031642	1.855753	0.389753	
1.004189	1.980442	0.183355	
0.918870	1.945490	0.302300	
0.804751	1.940257	0.147000	
0.781779	2.098582	0.047202	
0.607158	2.090152	0.283307	
0.468640	2.253229	0.282914	
0.000000	2.360387	0.297689	
0.129599	2.874352	0.392440	
0.163923	3.125221	0.142681	
0.163923	3.125221	0.142681	
0.304642	3.630721	0.505710	
0.180713	4.013773	0.060835	
0.000000	4.422021	0.430166	
0.000000	4.913197	0.379231	
3.157036	0.000000	0.658399	
1.318750	0.004980	0.000349	
1.512363	0.059961	0.113295	
1.694942	0.067570	0.004525	
1.118540	0.185440	0.158236	
1.111248	0.153414	0.150461	
1.070886	0.143826	0.046903	
1.083100	0.116730	0.068899	
1.070471	0.215472	0.138985	
1.069757	0.213686	0.013909	
1.069332	0.217911	0.000000	
1.157267	0.000000	0.194254	
1.116533	0.381858	0.209121	
1.114924	0.307794	0.153886	
1.383708	0.486879	0.152004	
1.432573	0.732358	0.000000	
1.798545	1.264242	0.302306	
1.719472	1.452465	0.275834	
1.485495	1.480432	0.449604	
1.524752	1.611976	0.450912	
1.391479	1.621737	0.418631	
1.235794	1.694808	0.452782	
1.209520	1.708435	0.423514	
1.108241	1.884727	0.421255	
1.056199	1.920069	0.393266	
0.757869	1.978326	0.411073	
0.804751	1.940257	0.147000	
0.772626	2.051987	0.107284	
0.608514	2.201875	0.070875	
0.593817	1.978106	0.394985	
0.484566	2.049973	0.427511	
0.362189	2.200263	0.393224	
0.112587	2.523143	0.464002	
0.013426	2.729212	0.396340	
0.023292	2.544945	0.508764	
0.000000	3.166603	0.308097	
0.000000	4.194226	0.000000	
0.000000	4.422021	0.430166	
4.000353	0.000000	0.039047	
2.297150	0.058831	0.099528	
1.512363	0.059961	0.113295	
1.553634	0.065056	0.164810	
1.122420	0.105665	0.043775	
1.077147	0.158731	0.047978	
1.070886	0.143826	0.046903	
1.004736	0.230970	0.060062	
0.999990	0.164893	0.044264	
1.083740	0.034752	0.002042	
1.101176	0.000000	0.000000	
1.083950	0.008658	0.013239	
1.116533	0.381858	0.209121	
1.182739	0.352598	0.028486	
1.277473	0.878735	0.304435	
1.086442	0.595363	0.457057	
1.324957	0.427608	0.531631	
1.086442	0.595363	0.457057	
1.561323	1.526445	0.393255	
1.389435	1.609577	0.501865	
1.286940	1.628472	0.579639	
1.209520	1.708435	0.423514	
0.992611	1.830340	0.586758	
0.969051	1.853384	0.517123	
0.676190	1.883410	0.451361	
0.759433	1.990690	0.398989	
0.759433	1.990690	0.398989	
0.523419	2.077983	0.466888	
0.479219	2.025210	0.447946	
0.212408	1.929328	0.112726	
0.398206	2.122787	0.377807	
0.308265	2.240493	0.414898	
0.112587	2.523143	0.464002	
0.084832	2.535202	0.312003	
0.023292	2.544945	0.508764	
0.016881	2.152712	0.684534	
0.000000	3.307324	0.792427	
4.000353	0.000000	0.039047	
1.942279	0.054280	0.000000	
1.547027	0.000000	0.368322	
1.169981	0.117877	0.155209	
1.102230	0.102749	0.097483	
1.053077	0.141991	0.060560	
1.083100	0.116730	0.068899	
0.999990	0.164893	0.044264	
1.069332	0.217911	0.000000	
1.101176	0.000000	0.000000	
1.083950	0.008658	0.013239	
1.114924	0.307794	0.153886	
1.179322	0.069513	0.172738	
1.188541	0.626270	0.404124	
1.277473	0.878735	0.304435	
1.752855	1.363167	0.309248	
1.569059	1.450958	0.517890	
1.547387	1.493894	0.693218	
1.411228	1.584005	0.432367	
1.195611	1.578498	0.611810	
1.195611	1.578498	0.611810	
0.707207	1.482024	0.582277	
0.707207	1.482024	0.582277	
0.778867	1.802243	0.610612	
0.845879	1.858379	0.552657	
0.737233	1.955934	0.637872	
0.552983	2.004088	0.583159	
0.412510	2.036925	0.612447	
0.304844	1.972715	0.011732	
0.262323	1.743430	0.221241	
0.337643	2.175036	0.593358	
0.229460	2.342707	0.433945	
0.018076	2.326459	0.497606	
0.000000	2.516209	0.583834	
0.000000	2.828880	0.533799	
0.000000	3.481577	0.788488	
2.279600	0.000000	0.000000	
1.926143	0.000000	0.000000	
1.408435	0.048276	0.078703	
1.038214	0.105763	0.297536	
1.053077	0.141991	0.060560	
1.114363	0.058768	0.000000	
1.059776	0.144724	0.176142	
1.083740	0.034752	0.002042	
1.105941	0.000000	0.165881	
1.091531	0.122071	0.364104	
1.150214	0.119085	0.357583	
1.170522	0.294596	0.025676	
1.188541	0.626270	0.404124	
1.324397	0.081394	0.288968	
1.580452	1.254948	0.807684	
1.519451	1.125969	0.796737	
1.563052	1.381169	0.665634	
1.220915	1.513609	0.735868	
1.213346	1.502377	0.686423	
1.213346	1.502377	0.686423	
1.000629	1.699986	0.698052	
1.000629	1.699986	0.698052	
0.670307	1.746568	0.714678	
0.844440	1.791456	0.634471	
0.596649	1.817323	0.681698	
0.664744	1.946792	0.664045	
0.511172	1.951000	0.677194	
0.380877	1.830435	0.424215	
0.285686	1.741934	0.372316	
0.266215	1.757924	0.239680	
0.279041	2.072593	0.554878	
0.132201	2.342983	0.143028	
0.132201	2.342983	0.143028	
0.016881	2.152712	0.684534	
0.000000	1.379937	0.824883	
1.926143	0.000000	0.000000	
1.962545	0.026938	0.168151	
1.128518	0.085183	0.002859	
1.114363	0.058768	0.000000	
1.070621	0.090128	0.357929	
1.059776	0.144724	0.176142	
1.083740	0.034752	0.002042	
1.050430	0.273596	0.389269	
1.091531	0.122071	0.364104	
1.185735	0.213406	0.106939	
1.170522	0.294596	0.025676	
1.189842	0.225653	0.039745	
1.324397	0.081394	0.288968	
1.482465	0.117427	0.439523	
1.628375	1.240022	0.846842	
1.519451	1.125969	0.796737	
1.456716	1.186465	0.854480	
1.260685	1.452810	0.870808	
1.220915	1.513609	0.735868	
1.127641	1.566611	0.842851	
1.047162	1.660971	0.782217	
0.898054	1.694451	0.760207	
0.750725	1.746029	0.745094	
0.750725	1.746029	0.745094	
0.596649	1.817323	0.681698	
0.511172	1.951000	0.677194	
0.418217	1.962563	0.750161	
0.380877	1.830435	0.424215	
0.285686	1.741934	0.372316	
0.262323	1.743430	0.221241	
0.000000	2.338497	0.566113	
0.035537	2.286708	0.730292	
0.018076	2.326459	0.497606	
0.000000	3.189159	0.954498	
2.279600	0.000000	0.000000	
2.091976	0.000000	0.000000	
1.408435	0.048276	0.078703	
1.002202	0.027016	0.285195	
1.049407	0.077676	0.174034	
1.119296	0.087571	0.355612	
1.087353	0.198148	0.381238	
1.090323	0.211985	0.454751	
1.191612	0.074453	0.272310	
1.192704	0.024218	0.450461	
1.189842	0.225653	0.039745	
1.276826	0.173819	0.250595	
1.482465	0.117427	0.439523	
1.635330	1.127391	0.850416	
1.472001	1.084915	0.908952	
1.437111	1.257924	0.899290	
1.310544	1.253249	0.968345	
1.260685	1.452810	0.870808	
1.165705	1.520509	0.885405	
1.127641	1.566611	0.842851	
0.783898	1.673330	0.851075	
0.783898	1.673330	0.851075	
0.766179	1.708706	0.782746	
0.670307	1.746568	0.714678	
0.521655	1.791251	0.861366	
0.406287	1.908973	0.830658	
0.418217	1.962563	0.750161	
0.259372	2.054552	0.733168	
0.270677	2.056006	0.796790	
0.109249	2.084968	0.781524	
0.128509	2.104868	0.653908	
0.018441	2.373371	0.511112	
0.000000	3.056954	0.509003	
0.000000	0.000000	1.626537	
2.091976	0.000000	0.000000	
1.002202	0.027016	0.285195	
1.112828	0.060136	0.315778	
1.111671	0.117499	0.415916	
1.111671	0.117499	0.415916	
1.090323	0.211985	0.454751	
1.054188	0.199907	0.536476	
1.191939	0.283261	0.404001	
1.204213	0.157502	0.340396	
1.233981	0.162265	0.057086	
0.293581	0.752065	0.986756	
0.293581	0.752065	0.986756	
1.558814	1.056070	0.931967	
1.472001	1.084915	0.908952	
1.310544	1.253249	0.968345	
1.187900	1.355667	1.027227	
1.110759	1.443839	0.970296	
1.014085	1.449634	0.968681	
0.829312	1.559260	0.978137	
0.842731	1.566267	0.960768	
0.750965	1.660456	0.909368	
0.654409	1.740725	0.972316	
0.577086	1.789521	0.825090	
0.468474	1.789797	0.849888	
0.406287	1.908973	0.830658	
0.205671	1.992146	0.830069	
0.056279	1.969002	0.879158	
0.061327	2.049682	0.844611	
0.109249	2.084968	0.781524	
0.027714	2.377820	0.617567	
0.000000	3.056954	0.509003	
2.905341	0.000000	0.000000	
1.172407	0.000000	0.182547	
1.049407	0.077676	0.174034	
1.119296	0.087571	0.355612	
1.167578	0.017576	0.440685	
1.054188	0.199907	0.536476	
1.149159	0.147475	0.423035	
1.149159	0.147475	0.423035	
1.067731	0.207832	0.348444	
1.233132	0.261301	0.158989	
1.233132	0.261301	0.158989	
0.817185	0.616509	1.101159	
1.558814	1.056070	0.931967	
0.038146	1.060953	1.085846	
0.038146	1.060953	1.085846	
1.306361	1.251891	1.097039	
1.196813	1.365839	1.034935	
1.067247	1.388151	1.024108	
0.977972	1.494327	1.041995	
0.829312	1.559260	0.978137	
0.814465	1.560889	1.023709	
0.694214	1.693143	1.005220	
0.588176	1.704544	1.026034	
0.526553	1.759953	1.004267	
0.450889	1.809387	0.981610	
0.047335	1.850545	0.946957	
0.000000	1.921688	0.950716	
0.056279	1.969002	0.879158	
0.107229	2.009917	0.879010	
0.002353	1.769244	1.140383	
0.000000	2.785557	1.220721	
2.905341	0.000000	0.000000	
1.542338	0.019886	0.352081	
1.201251	0.110987	0.000000	
1.212486	0.120203	0.072587	
1.167578	0.017576	0.440685	
1.149159	0.147475	0.423035	
1.204213	0.157502	0.340396	
1.067731	0.207832	0.348444	
1.862514	0.280219	1.086046	
1.790288	0.444182	1.161325	
1.442770	0.870476	1.210239	
1.534315	0.934695	1.156941	
1.524885	1.023144	1.256248	
1.288488	1.132419	1.144625	
1.241868	1.178801	1.134462	
1.095427	1.305221	1.236132	
1.023547	1.353042	1.173408	
0.977065	1.406475	1.184433	
0.906970	1.449498	1.095012	
0.335380	1.556118	1.113158	
0.335380	1.556118	1.113158	
0.580820	1.674434	1.111376	
0.523652	1.672352	1.041571	
0.382048	1.711174	1.012930	
0.307093	1.780472	0.981146	
0.207513	1.832653	1.002027	
0.047335	1.850545	0.946957	
0.000000	1.921688	0.950716	
0.000000	2.121666	1.021999	
0.000000	2.195623	0.859845	
0.000000	0.000000	1.403465	
2.284219	0.003129	0.961828	
1.542338	0.019886	0.352081	
1.341477	0.078234	0.310646	
1.191226	0.187501	0.574458	
1.405453	0.183245	0.216900	
1.413251	0.315612	1.070399	
1.790288	0.444182	1.161325	
1.724037	0.614715	1.166663	
1.696362	0.601509	1.125535	
1.556442	0.865641	1.273364	
1.449993	0.925952	1.265584	
1.269800	1.001595	1.289497	
1.188824	1.148126	1.320713	
1.241868	1.178801	1.134462	
1.116477	1.253466	1.278850	
1.023547	1.353042	1.173408	
0.906970	1.449498	1.095012	
0.831431	1.487617	1.192404	
0.657622	1.565853	1.170955	
0.009548	1.460227	0.988727	
0.312730	1.599000	1.126010	
0.396675	1.685518	1.111502	
0.250102	1.696357	1.136347	
0.264899	1.788393	1.014976	
0.052675	1.788895	1.027581	
0.052675	1.788895	1.027581	
0.000000	1.943208	0.923828	
0.000000	2.195623	0.859845	
0.000000	0.000000	1.431477	
0.000000	0.000000	1.715379	
1.633144	0.000000	0.626067	
1.191226	0.187501	0.574458	
1.413251	0.315612	1.070399	
1.869710	0.216462	1.352345	
0.000000	0.161317	1.368358	
0.000000	0.161317	1.368358	
1.588560	0.601340	1.343472	
1.507253	0.401557	1.388878	
1.477092	0.852834	1.402403	
0.650125	0.948230	1.371627	
1.269800	1.001595	1.289497	
0.650125	0.948230	1.371627	
0.583772	0.939933	1.404001	
1.030090	1.275790	1.312431	
0.870226	1.376118	1.316379	
0.369434	0.449123	1.208316	
0.722915	1.492001	1.287602	
0.382223	1.490271	1.242289	
0.009548	1.460227	0.988727	
0.382223	1.490271	1.242289	
0.346212	1.672394	1.193271	
0.250102	1.696357	1.136347	
0.139912	1.744810	1.158958	
0.062776	1.749165	1.133346	
0.002353	1.769244	1.140383	
0.000000	2.121666	1.021999	
0.000000	0.000000	1.715379	
2.120549	0.000000	2.120549	
2.078128	0.051403	0.000000	
1.804037	0.000000	0.000000	
1.377094	0.278599	1.353993	
1.899243	0.366645	1.570100	
0.000000	0.133056	1.354386	
0.000000	0.133056	1.354386	
0.333692	0.544998	1.473870	
0.372925	0.745558	1.444111	
1.409702	0.867904	1.354149	
1.287814	0.970706	1.314132	
0.531473	1.012541	1.410790	
0.531473	1.012541	1.410790	
0.608079	1.030504	1.462166	
0.583772	0.939933	1.404001	
0.369434	0.449123	1.208316	
0.302341	0.414266	1.214593	
0.000986	1.012493	1.325013	
0.443726	1.532526	1.348416	
0.380689	1.453403	1.074678	
0.380689	1.453403	1.074678	
0.163163	1.618035	1.236367	
0.038158	1.602476	1.228203	
0.096127	1.682144	1.182770	
0.000000	1.704492	1.174432	
0.000000	1.704492	1.174432	
0.000000	0.000000	2.204629	
1.804037	0.000000	0.000000	
2.772345	0.000000	0.523731	
2.382193	0.000000	0.978458	
1.471590	0.386923	1.723379	
1.506800	0.442128	1.718596	
1.664661	0.368330	1.567268	
1.354782	0.534473	1.550094	
0.000000	0.352861	1.500454	
0.000000	0.352861	1.500454	
0.075823	0.257464	1.275114	
0.079778	0.392651	1.200289	
0.121164	0.314945	1.007748	
0.121492	0.336718	1.145427	
0.170879	0.353315	1.217597	
0.267152	0.766710	0.872196	
0.460183	0.900282	0.580006	
0.065327	0.186507	1.295685	
0.302341	0.414266	1.214593	
0.000986	1.012493	1.325013	
0.234284	1.526105	1.393094	
0.164257	1.530764	1.340739	
0.154242	1.569432	1.292024	
0.000000	1.619433	1.246970	
0.068473	1.872329	0.984276	
0.000000	1.924733	1.436146	
0.000000	0.000000	2.204629	
0.006615	0.062518	2.426081	
2.382193	0.000000	0.978458	
2.092603	0.232521	2.005390	
1.968977	0.256739	1.742608	
1.506800	0.442128	1.718596	
0.000000	0.000000	1.202786	
0.000000	0.000000	1.202786	
0.019459	0.334724	1.023738	
0.034554	0.133965	1.113193	
0.034554	0.133965	1.113193	
0.071912	0.291852	1.051060	
0.121164	0.314945	1.007748	
0.114358	0.575803	1.141224	
0.283860	0.782658	0.752262	
0.267152	0.766710	0.872196	
0.390288	0.885112	0.914046	
0.293008	0.977812	1.145616	
0.018337	0.858282	1.243578	
0.271318	1.441777	1.458367	
0.180457	1.522379	1.417514	
0.164257	1.530764	1.340739	
0.000000	1.619433	1.246970	
0.000000	1.537381	1.419065	
0.000000	2.008681	1.470100	
3.385210	0.000000	0.000000	
0.000000	0.000000	2.375184	
2.268708	0.221136	2.055630	
0.041033	0.038326	2.217797	
0.155985	0.198244	1.318855	
0.858030	0.489193	1.951416	
0.000000	0.000000	1.115230	
0.014590	0.139577	1.062756	
0.019459	0.334724	1.023738	
0.014590	0.139577	1.062756	
0.116043	0.349061	0.998571	
0.205549	0.475865	1.003276	
0.205549	0.475865	1.003276	
0.215853	0.662865	0.886696	
0.426634	0.641202	0.988458	
0.426634	0.641202	0.988458	
0.390288	0.885112	0.914046	
0.244719	0.536526	1.035875	
0.244719	0.536526	1.035875	
0.192476	1.443815	1.507361	
0.113699	1.496212	1.492142	
0.113699	1.496212	1.492142	
0.032654	1.829805	1.634128	
0.000000	1.941065	1.579268	
0.000000	0.000000	2.375184	
0.000000	0.000000	2.241524	
0.053193	0.101272	1.238150	
0.053193	0.101272	1.238150	
0.038603	0.059186	1.176198	
0.000000	0.000000	1.115230	
0.047048	0.163342	1.052641	
0.047048	0.163342	1.052641	
0.036127	0.124914	1.036551	
0.116043	0.349061	0.998571	
0.071912	0.291852	1.051060	
0.238035	0.496050	1.087249	
0.238035	0.496050	1.087249	
0.215853	0.662865	0.886696	
0.193980	0.723056	1.112091	
0.165264	0.515778	1.103821	
0.112901	0.673286	0.981949	
0.196578	0.481598	0.966268	
0.196578	0.481598	0.966268	
0.035055	0.049203	1.578258	
0.110787	1.498682	1.559234	
0.000000	1.597971	1.546904	
0.000000	1.877949	1.609202	
0.000000	0.000000	2.000099	
0.000000	0.000000	1.857397	
0.010692	0.033358	1.097514	
0.010692	0.033358	1.097514	
0.085043	0.153880	1.048104	
0.003547	0.011247	1.047947	
0.065081	0.238465	1.031362	
0.065081	0.238465	1.031362	
0.038686	0.142158	1.031080	
0.011706	0.038843	1.035111	
0.060148	0.226941	0.996890	
0.182850	0.474136	0.963587	
0.034781	0.113918	1.063181	
0.081416	0.291632	1.063867	
0.202311	0.570173	1.002485	
0.112901	0.673286	0.981949	
0.149694	0.504749	0.953488	
0.162328	0.639044	0.970275	
0.033060	0.938504	1.019028	
0.074892	0.308539	1.274411	
0.021910	0.025840	1.477101	
0.000000	0.000000	1.632319	
0.000000	0.000000	1.857397	
0.000000	0.000000	1.201863	
0.020309	0.066112	1.124647	
0.048785	0.107018	1.057144	
0.070687	0.154378	1.041093	
0.070687	0.154378	1.041093	
0.108203	0.239918	1.033210	
0.053088	0.182567	1.023710	
0.043002	0.150921	1.001793	
0.060148	0.226941	0.996890	
0.019833	0.074243	1.044616	
0.182850	0.474136	0.963587	
0.081416	0.291632	1.063867	
0.181263	0.505704	0.998356	
0.181263	0.505704	0.998356	
0.163561	0.653002	1.011559	
0.149694	0.504749	0.953488	
0.093117	0.337487	1.111202	
0.033060	0.938504	1.019028	
0.021910	0.025840	1.477101	
0.000000	0.000000	1.377649	
0.000000	0.000000	1.201863	
0.008874	0.042906	1.200085	
0.012833	0.044155	1.062862	
0.019972	0.075518	1.054454	
0.042157	0.131311	1.038226	
0.076937	0.162330	1.027887	
0.030255	0.102023	1.017781	
0.043002	0.150921	1.001793	
0.030255	0.102023	1.017781	
0.057262	0.170168	1.027129	
0.140318	0.359655	1.018583	
0.077108	0.212317	1.012841	
0.057883	0.209706	1.047571	
0.127842	0.408158	1.015759	
0.202311	0.570173	1.002485	
0.127842	0.408158	1.015759	
0.123462	0.368775	1.106156	
0.094765	0.399789	1.129264	
0.033524	0.058803	1.128349	
0.000000	0.487618	1.463754	
0.000000	0.000000	1.348700	
0.000000	0.000000	1.135984	
0.014634	0.039373	1.047964	
0.048785	0.107018	1.057144	
0.036420	0.116647	1.014324	
0.036420	0.116647	1.014324	
0.012064	0.037899	1.023484	
0.049842	0.179039	1.014523	
0.045942	0.201174	1.011028	
0.100221	0.343355	1.003174	
0.107451	0.386795	0.971899	
0.118992	0.331680	0.988445	
0.189025	0.421231	1.005007	
0.084762	0.180627	1.019633	
0.139293	0.268424	0.994791	
0.082356	0.334944	1.061662	
0.059476	0.100132	1.119092	
0.032364	0.099424	1.203565	
0.000000	0.000000	1.377649	
0.000000	0.000000	1.348700	
0.004309	0.025616	1.067514	
0.014634	0.039373	1.047964	
0.026097	0.080218	1.042374	
0.039549	0.130504	1.013304	
0.039549	0.130504	1.013304	
0.000000	0.000000	1.015130	
0.028277	0.094135	1.015858	
0.049842	0.179039	1.014523	
0.118992	0.331680	0.988445	
0.077108	0.212317	1.012841	
0.163960	0.282252	1.011931	
0.153244	0.231438	0.999487	
0.124254	0.252484	0.993489	
0.064533	0.282399	1.046454	
0.064533	0.282399	1.046454	
0.004201	0.284520	1.153102	
0.000000	0.337427	1.340780	
0.000000	0.000000	1.335995	
0.004391	0.026414	1.168849	
0.028341	0.080690	1.089943	
0.026097	0.080218	1.042374	
0.016332	0.066119	1.027779	
0.030769	0.157890	1.012862	
0.016332	0.066119	1.027779	
0.000000	0.000000	1.015130	
0.052272	0.166838	1.031604	
0.118158	0.235669	0.982171	
0.117060	0.240203	0.982016	
0.118158	0.235669	0.982171	
0.117060	0.240203	0.982016	
0.097854	0.173073	1.034039	
0.080883	0.241073	1.043558	
0.018806	0.394439	1.152563	
0.000000	0.334623	1.260634	
0.000000	0.000000	1.335995	
0.004391	0.026414	1.168849	
0.023364	0.076782	1.108081	
0.023030	0.102371	1.063218	
0.040531	0.147810	1.050477	
0.037809	0.173365	1.004426	
0.030769	0.157890	1.012862	
0.052272	0.166838	1.031604	
0.104466	0.229742	1.024444	
0.163960	0.282252	1.011931	
0.075837	0.227408	1.011588	
0.139293	0.268424	0.994791	
0.048031	0.361014	1.012173	
0.034744	0.107386	1.083393	
0.003159	0.006797	1.090429	
0.000000	0.337427	1.340780	
0.000000	0.000000	1.454413	
0.004391	0.026414	1.168849	
0.023364	0.076782	1.108081	
0.030705	0.111777	1.042735	
0.030705	0.111777	1.042735	
0.037809	0.173365	1.004426	
0.035577	0.145373	1.009517	
0.111246	0.218404	1.035195	
0.097678	0.191599	1.028509	
0.087102	0.208558	1.000092	
0.087102	0.208558	1.000092	
0.081698	0.260361	1.024097	
0.048031	0.361014	1.012173	
0.034744	0.107386	1.083393	
0.000000	0.328641	1.472209	
0.000000	0.000000	1.454413	
0.004391	0.026414	1.168849	
0.010602	0.028666	1.141143	
0.023030	0.102371	1.063218	
0.024648	0.119755	1.010950	
0.038651	0.152955	1.009270	
0.052814	0.195701	1.052163	
0.114619	0.229884	1.039441	
0.114619	0.229884	1.039441	
0.097678	0.191599	1.028509	
0.085512	0.228355	1.032824	
0.026212	0.338992	1.052046	
0.003159	0.006797	1.090429	
0.000000	0.661063	1.488632	
0.000000	0.000000	1.224288	
0.007833	0.025176	1.174648	
0.010602	0.028666	1.141143	
0.023351	0.106608	1.020676	
0.024648	0.119755	1.010950	
0.035577	0.145373	1.009517	
0.029127	0.189981	1.083835	
0.054856	0.229514	1.068320	
0.130461	0.223636	1.028964	
0.085512	0.228355	1.032824	
0.026212	0.338992	1.052046	
0.032619	0.331300	1.156948	
0.000000	0.492736	1.428417	
0.000000	0.000000	1.224288	
0.000030	0.000178	1.323264	
0.014941	0.066015	1.193093	
0.035923	0.085863	1.086316	
0.072784	0.077219	1.082804	
0.035923	0.085863	1.086316	
0.072784	0.077219	1.082804	
0.015829	0.228147	1.056612	
0.050064	0.244913	1.054448	
0.050064	0.244913	1.054448	
0.015837	0.031061	1.107378	
0.000000	0.309958	1.223855	
0.000000	0.000000	1.765022	
0.000572	0.002913	1.288315	
0.021471	0.066009	1.252649	
0.050230	0.037735	1.157041	
0.034157	0.057478	1.109901	
0.034157	0.057478	1.109901	
0.041920	0.181955	1.143677	
0.015829	0.228147	1.056612	
0.003741	0.237372	1.054474	
0.000000	0.311667	1.034099	
0.000000	0.000000	1.522497	
0.000000	0.000000	1.949315	
0.000572	0.002913	1.288315	
0.035725	0.070232	1.273844	
0.063203	0.100480	1.203675	
0.050230	0.037735	1.157041	
0.083744	0.169089	1.120451	
0.083744	0.169089	1.120451	
0.038695	0.182668	1.143677	
0.003741	0.237372	1.054474	
0.000000	0.000000	1.452560	
0.000000	0.000000	1.949315	
0.007699	0.003080	1.425764	
0.003810	0.002039	1.267051	
0.063203	0.100480	1.203675	
0.031482	0.088209	1.218172	
0.031482	0.088209	1.218172	
0.049585	0.193042	1.159432	
0.005079	0.020430	1.252674	
0.000000	0.000000	1.452560	
0.000000	0.000000	2.161540	
0.007699	0.003080	1.425764	
0.003054	0.017913	1.273577	
0.019326	0.018224	1.248291	
0.000133	0.000533	1.221498	
0.002864	0.038835	1.142926	
0.005079	0.020430	1.252674	
0.000000	0.000000	1.363365	
0.000000	0.000000	1.846199	
0.000000	0.000000	1.254761	
0.019326	0.018224	1.248291	
0.000133	0.000533	1.221498	
0.011164	0.074771	1.081859	
0.011164	0.074771	1.081859	
0.000000	0.000000	1.363365	
0.000000	0.000000	2.194589	
0.000384	0.016079	2.148616	
0.000000	0.000000	1.647985	
0.000000	0.036139	1.250009	
0.000027	0.000248	1.109937	
0.000000	0.000000	1.363365	
0.000000	0.000000	2.194589	
0.001115	0.030421	2.106867	
0.000000	0.000000	1.647985	
0.000027	0.000248	1.109937	
0.000000	0.000000	1.375623	
0.000000	0.000000	2.174291	
0.000277	0.008052	2.109349	
0.000944	0.045564	2.109137	
0.000000	0.068599	2.223325	
0.000000	0.000000	2.297227	
0.000384	0.016079	2.148616	
0.000000	0.068599	2.223325	
0.000000	0.000000	2.287700	
0.000000	0.000000	2.287700	
0.000000	0.000000	2.338740	
0.000000	0.000000	0.000000	
0.000000	0.000000	0.000000	
0.000000	0.000000	0.000000	
0.000000	0.000000	0.000000	
0.000000	0.000000	0.000000	
0.000000	0.000000	0.000000	
0.000000	0.000000	0.000000	
0.000000	0.000000	0.000000	
0.000000	0.000000	0.000000	
0.000000	0.000000	0.000000	
