1.002211	0.000000	0.000000	
1.001737	0.020504	0.000000	
1.000145	0.043012	0.000000	
0.999136	0.073845	0.000000	
0.996117	0.102010	0.000000	
0.994425	0.117377	0.000000	
0.990837	0.152317	0.000000	
0.985935	0.177746	0.000000	
0.978272	0.220252	0.000000	
0.973332	0.246788	0.000000	
0.961872	0.288219	0.000000	
0.952591	0.314613	0.000000	
0.945321	0.362134	0.000000	
0.922944	0.398746	0.000000	
0.907567	0.435141	0.000000	
0.883264	0.475190	0.000000	
0.870336	0.500047	0.000000	
0.850129	0.548563	0.000000	
0.810988	0.588274	0.000000	
0.791247	0.626402	0.000000	
0.762288	0.663424	0.000000	
0.725135	0.696393	0.000000	
0.698855	0.729951	0.000000	
0.657716	0.761307	0.000000	
0.621369	0.787570	0.000000	
0.583234	0.817195	0.000000	
0.544851	0.843343	0.000000	
0.515540	0.866360	0.000000	
0.472384	0.886818	0.000000	
0.435659	0.906190	0.000000	
0.402353	0.927902	0.000000	
0.350316	0.939132	0.000000	
0.315483	0.951939	0.000000	
0.286117	0.962644	0.000000	
0.249099	0.969750	0.000000	
0.216023	0.977620	0.000000	
0.184869	0.985579	0.000000	
0.160835	0.989590	0.000000	
0.129064	0.994233	0.000000	
0.099954	0.997205	0.000000	
0.059947	1.000419	0.000000	
0.048425	1.000937	0.000000	
0.023068	1.002104	0.000000	
0.000000	1.002741	0.000000	
1.001224	0.000000	0.000000	
1.001192	0.010245	0.015304	
1.000145	0.043012	0.000000	
0.999079	0.076157	0.006328	
0.996117	0.102010	0.000000	
0.992460	0.130339	0.012643	
0.990837	0.152317	0.000000	
0.984021	0.193055	0.007663	
0.976182	0.228272	0.000000	
0.969188	0.261684	0.000000	
0.959683	0.292774	0.024478	
0.949110	0.333859	0.000000	
0.931879	0.372928	0.000000	
0.921711	0.401460	0.003770	
0.897990	0.445033	0.017257	
0.883264	0.475190	0.000000	
0.852959	0.527688	0.000000	
0.829397	0.562086	0.031581	
0.801304	0.600328	0.002380	
0.769773	0.639741	0.031731	
0.743109	0.671044	0.031742	
0.713805	0.712521	0.000000	
0.675836	0.743663	0.000000	
0.641817	0.776192	0.024000	
0.602847	0.803101	0.010487	
0.565068	0.833643	0.008016	
0.524220	0.856589	0.007994	
0.484822	0.880057	0.000000	
0.446278	0.900110	0.000000	
0.403575	0.919139	0.000000	
0.371709	0.930417	0.003217	
0.335311	0.944831	0.002108	
0.297753	0.957419	0.009558	
0.263371	0.968887	0.000000	
0.228809	0.975818	0.021874	
0.193668	0.982714	0.018941	
0.163483	0.988066	0.018939	
0.133492	0.992100	0.007728	
0.099954	0.997205	0.000000	
0.072212	0.999314	0.008456	
0.049990	0.999971	0.009405	
0.023062	1.001841	0.015548	
0.000000	1.002215	0.021934	
1.001331	0.000000	0.038283	
1.000362	0.020481	0.040911	
0.999853	0.040948	0.030598	
0.997768	0.077321	0.032968	
0.995133	0.105947	0.032968	
0.992460	0.130339	0.012643	
0.988623	0.160770	0.000000	
0.982558	0.201142	0.000000	
0.974746	0.232283	0.000000	
0.967199	0.265871	0.000000	
0.956704	0.296814	0.051387	
0.943955	0.345194	0.039916	
0.928659	0.383489	0.000000	
0.910457	0.420391	0.026781	
0.892774	0.458574	0.034575	
0.870336	0.500047	0.000000	
0.851937	0.537295	0.000000	
0.820555	0.578040	0.009668	
0.793393	0.614811	0.043833	
0.762144	0.654702	0.000000	
0.725784	0.688793	0.063507	
0.696796	0.721154	0.060548	
0.657503	0.760248	0.035133	
0.614258	0.791571	0.065327	
0.579994	0.820503	0.041667	
0.539916	0.843619	0.000000	
0.501944	0.868442	0.000046	
0.458530	0.894502	0.021586	
0.422546	0.911087	0.000000	
0.381913	0.928141	0.012628	
0.340173	0.942756	0.014980	
0.300122	0.954278	0.056768	
0.269473	0.965224	0.009526	
0.233794	0.975400	0.000000	
0.196614	0.980786	0.005310	
0.163483	0.988066	0.018939	
0.133492	0.992100	0.007728	
0.105507	0.995503	0.040695	
0.072326	0.998624	0.043847	
0.049990	0.999971	0.009405	
0.000000	1.000804	0.044805	
0.000000	1.000804	0.044805	
1.001331	0.000000	0.038283	
1.000362	0.020481	0.040911	
0.998901	0.051331	0.048262	
0.997768	0.077321	0.032968	
0.995016	0.099890	0.065958	
0.991249	0.133437	0.080972	
0.987449	0.169858	0.000000	
0.977181	0.202916	0.083643	
0.972896	0.242999	0.036156	
0.964983	0.274991	0.000000	
0.950482	0.316443	0.075595	
0.938533	0.350381	0.062338	
0.925739	0.379555	0.081888	
0.906930	0.435276	0.069391	
0.879334	0.477518	0.077645	
0.861241	0.517943	0.000000	
0.838341	0.548000	0.015913	
0.809096	0.591268	0.070831	
0.777709	0.630216	0.015863	
0.743109	0.671044	0.031742	
0.708852	0.712223	0.079719	
0.674818	0.741549	0.101236	
0.633683	0.779700	0.020504	
0.593988	0.806103	0.056809	
0.553563	0.833914	0.104100	
0.515085	0.860048	0.028172	
0.469359	0.885435	0.040539	
0.433764	0.902817	0.055196	
0.394192	0.924526	0.036474	
0.353415	0.938616	0.080623	
0.314053	0.950193	0.053617	
0.279506	0.964899	0.059841	
0.234761	0.970378	0.089616	
0.196909	0.980925	0.052834	
0.174202	0.986540	0.070356	
0.130221	0.990417	0.079266	
0.105155	0.994261	0.075872	
0.074774	0.996268	0.075709	
0.046009	0.998814	0.063419	
0.013018	0.999472	0.075883	
0.000000	0.999741	0.070790	
0.999093	0.000000	0.094651	
0.999093	0.000000	0.094651	
0.997980	0.005266	0.100621	
0.995482	0.070110	0.083854	
0.993888	0.099353	0.103086	
0.991249	0.133437	0.080972	
0.985144	0.169077	0.104474	
0.978578	0.213376	0.008574	
0.967951	0.240233	0.115888	
0.961861	0.278013	0.104935	
0.947743	0.326092	0.102597	
0.933770	0.365552	0.109104	
0.921020	0.406722	0.014687	
0.896357	0.442044	0.123663	
0.875403	0.482583	0.054640	
0.848539	0.529237	0.073862	
0.822918	0.570837	0.031833	
0.794310	0.610542	0.087668	
0.763456	0.653349	0.007992	
0.725784	0.688793	0.063507	
0.691797	0.729245	0.000000	
0.653771	0.758044	0.125140	
0.610492	0.783583	0.141703	
0.571789	0.820690	0.102209	
0.530148	0.849033	0.000000	
0.491441	0.877419	0.004679	
0.435549	0.897592	0.107828	
0.407041	0.911498	0.129072	
0.356605	0.934231	0.064159	
0.325730	0.947118	0.027135	
0.286892	0.956940	0.110817	
0.249643	0.965745	0.098694	
0.204497	0.978119	0.085461	
0.168991	0.985983	0.107517	
0.136020	0.988264	0.087910	
0.111550	0.990950	0.101411	
0.079142	0.993044	0.106873	
0.018447	0.996499	0.102635	
0.018447	0.996499	0.102635	
0.000000	0.998761	0.091292	
0.999416	0.000000	0.115329	
0.997822	0.013247	0.130620	
0.994501	0.042137	0.126562	
0.991370	0.043646	0.138475	
0.990443	0.060606	0.140875	
0.985944	0.124696	0.146337	
0.980853	0.148708	0.150042	
0.971777	0.215781	0.154781	
0.962119	0.241007	0.154461	
0.953257	0.278816	0.158237	
0.945153	0.327039	0.138373	
0.922129	0.369905	0.153458	
0.909518	0.386994	0.163478	
0.883544	0.453362	0.146352	
0.868754	0.506777	0.013793	
0.838341	0.548000	0.015913	
0.811721	0.586817	0.012417	
0.778227	0.628361	0.156738	
0.743109	0.671044	0.031742	
0.701486	0.699919	0.177846	
0.669352	0.729835	0.157088	
0.626950	0.773998	0.137295	
0.580655	0.809020	0.139773	
0.545097	0.835099	0.110024	
0.504129	0.862809	0.076470	
0.461887	0.887861	0.157951	
0.417059	0.904076	0.134685	
0.357759	0.928662	0.155814	
0.336661	0.940297	0.120140	
0.294500	0.950242	0.115194	
0.244846	0.961117	0.143067	
0.218725	0.968669	0.150659	
0.183503	0.980245	0.094973	
0.136404	0.981410	0.149148	
0.093088	0.990506	0.122355	
0.019868	0.992621	0.140851	
0.017454	0.993819	0.126453	
0.018406	0.994258	0.132642	
0.000000	0.995760	0.130854	
0.993804	0.000000	0.157062	
0.991818	0.000000	0.164863	
0.991370	0.043646	0.138475	
0.986156	0.087094	0.169587	
0.983938	0.093001	0.176430	
0.976285	0.152534	0.178317	
0.974705	0.176098	0.173166	
0.968526	0.222378	0.174973	
0.959609	0.249240	0.168028	
0.940257	0.297766	0.200099	
0.931144	0.335381	0.192500	
0.914339	0.373417	0.180311	
0.887053	0.423256	0.200975	
0.883544	0.453362	0.146352	
0.847215	0.512215	0.177121	
0.826744	0.564089	0.000000	
0.795320	0.599796	0.127162	
0.754655	0.643388	0.186151	
0.719516	0.664162	0.210851	
0.672564	0.720158	0.221752	
0.626656	0.753721	0.227612	
0.605580	0.779626	0.227397	
0.547121	0.819146	0.223240	
0.514426	0.849824	0.196470	
0.456261	0.871586	0.202608	
0.419323	0.894978	0.206877	
0.381033	0.914995	0.159544	
0.341811	0.928212	0.198541	
0.296935	0.942791	0.201770	
0.259516	0.952906	0.197019	
0.216130	0.964826	0.173557	
0.187222	0.972510	0.175997	
0.103799	0.982377	0.158928	
0.103799	0.982377	0.158928	
0.055312	0.986002	0.172624	
0.045376	0.988817	0.168170	
0.000000	0.989561	0.160434	
0.000000	0.989561	0.160434	
0.986996	0.000000	0.187182	
0.985240	0.026583	0.195840	
0.985240	0.026583	0.195840	
0.981843	0.000000	0.206941	
0.977596	0.103025	0.206658	
0.975574	0.144778	0.208128	
0.968327	0.168081	0.216727	
0.958817	0.217539	0.221504	
0.946921	0.269209	0.222276	
0.939399	0.287199	0.224829	
0.913495	0.352197	0.237114	
0.907473	0.385241	0.247982	
0.876581	0.428259	0.234132	
0.864381	0.475675	0.224474	
0.837536	0.514817	0.227597	
0.806073	0.566221	0.228093	
0.772404	0.605826	0.262827	
0.716717	0.653319	0.256020	
0.689269	0.697476	0.267561	
0.650975	0.737133	0.238622	
0.607059	0.766501	0.253495	
0.568075	0.792109	0.260037	
0.524379	0.828796	0.245346	
0.480664	0.854712	0.234235	
0.425288	0.879077	0.240550	
0.358601	0.908155	0.239363	
0.346333	0.920927	0.199662	
0.282316	0.936508	0.225941	
0.258093	0.947285	0.225168	
0.212882	0.958215	0.211092	
0.174811	0.966273	0.219657	
0.147070	0.972480	0.209596	
0.018831	0.977865	0.213684	
0.011509	0.980273	0.201855	
0.011509	0.980273	0.201855	
0.000000	0.983364	0.195957	
0.000000	0.983996	0.188968	
0.981322	0.000000	0.213628	
0.979829	0.000000	0.214952	
0.973664	0.051872	0.234403	
0.973664	0.051872	0.234403	
0.971963	0.050521	0.238788	
0.967592	0.092587	0.255049	
0.957789	0.149000	0.261035	
0.945621	0.233589	0.239893	
0.938993	0.275708	0.276839	
0.927544	0.316325	0.270921	
0.902624	0.350788	0.280272	
0.880847	0.375741	0.290155	
0.865061	0.425278	0.298326	
0.837885	0.474357	0.282174	
0.807996	0.535383	0.306746	
0.769228	0.578391	0.299143	
0.751869	0.625197	0.313044	
0.691804	0.673508	0.278395	
0.672737	0.703343	0.283069	
0.620605	0.737648	0.287944	
0.578273	0.778533	0.292935	
0.520465	0.811509	0.296129	
0.483073	0.830061	0.298515	
0.438789	0.862022	0.258076	
0.385805	0.881188	0.285245	
0.348234	0.907305	0.285728	
0.288049	0.926090	0.284669	
0.269601	0.932500	0.267399	
0.230353	0.946259	0.259690	
0.161727	0.957273	0.261124	
0.094589	0.966625	0.254895	
0.036335	0.970459	0.248698	
0.059420	0.972217	0.240769	
0.055802	0.972712	0.232559	
0.008777	0.973965	0.229869	
0.000000	0.978661	0.211686	
0.975763	0.000000	0.249252	
0.969218	0.000000	0.263263	
0.966553	0.004549	0.268488	
0.963778	0.002767	0.275877	
0.959486	0.112747	0.286561	
0.954998	0.132174	0.281224	
0.944162	0.143324	0.300129	
0.936265	0.240761	0.312406	
0.922636	0.258918	0.301362	
0.917251	0.321597	0.310193	
0.891137	0.344634	0.299826	
0.860528	0.405136	0.323182	
0.836728	0.445634	0.331840	
0.819837	0.506456	0.335425	
0.787011	0.534204	0.338955	
0.757461	0.590900	0.352828	
0.706381	0.632194	0.358504	
0.664446	0.681025	0.360769	
0.624448	0.729177	0.301396	
0.579706	0.750654	0.338292	
0.535442	0.774098	0.347255	
0.496278	0.815083	0.319861	
0.432558	0.848441	0.334802	
0.407209	0.859590	0.321780	
0.363306	0.885113	0.310579	
0.291015	0.907120	0.321050	
0.266015	0.925534	0.294782	
0.232421	0.925798	0.305598	
0.187955	0.943952	0.290819	
0.092644	0.953544	0.289823	
0.103330	0.957619	0.283969	
0.073437	0.960573	0.278617	
0.054565	0.964090	0.268875	
0.005717	0.967551	0.259959	
0.000000	0.971672	0.250566	
0.964621	0.000000	0.283776	
0.959045	0.009561	0.296276	
0.953839	0.013861	0.305906	
0.950485	0.092547	0.311636	
0.945081	0.078555	0.319397	
0.938216	0.148367	0.330289	
0.926644	0.176375	0.341801	
0.917263	0.236387	0.350472	
0.900312	0.284347	0.355823	
0.888186	0.297098	0.361753	
0.870050	0.364152	0.366997	
0.840364	0.399591	0.373337	
0.810572	0.470908	0.370622	
0.788093	0.485562	0.391652	
0.744248	0.559556	0.399921	
0.720946	0.592661	0.392309	
0.673346	0.645169	0.383826	
0.641610	0.681705	0.374650	
0.590606	0.717780	0.390336	
0.551597	0.755078	0.394210	
0.497805	0.782664	0.393067	
0.464513	0.810096	0.372976	
0.410059	0.848397	0.367100	
0.373940	0.864229	0.356955	
0.327019	0.879800	0.370471	
0.282383	0.903325	0.353954	
0.225297	0.912205	0.345523	
0.204262	0.924278	0.335919	
0.147662	0.933799	0.330116	
0.107060	0.944380	0.325542	
0.074658	0.953111	0.311399	
0.025163	0.954700	0.304491	
0.014720	0.956201	0.299104	
0.000000	0.960005	0.286721	
0.948750	0.000000	0.327600	
0.948116	0.000000	0.334722	
0.941514	0.022047	0.341383	
0.936538	0.056560	0.352848	
0.926788	0.129745	0.364537	
0.920979	0.156116	0.372310	
0.910538	0.195829	0.378427	
0.900020	0.253738	0.381956	
0.894814	0.280696	0.389826	
0.858952	0.330145	0.403835	
0.836049	0.369171	0.413792	
0.816164	0.405708	0.420366	
0.783021	0.463122	0.422687	
0.758716	0.513581	0.427734	
0.719143	0.567347	0.440582	
0.681671	0.599065	0.445776	
0.643930	0.647566	0.432671	
0.597480	0.685595	0.432569	
0.565075	0.730634	0.431263	
0.523285	0.766023	0.433243	
0.472106	0.792286	0.436890	
0.431440	0.816938	0.399093	
0.370312	0.843810	0.414399	
0.318912	0.862401	0.413734	
0.285384	0.877880	0.394970	
0.207513	0.905609	0.384526	
0.206650	0.906991	0.383251	
0.115721	0.925620	0.365209	
0.087947	0.929004	0.361304	
0.093689	0.936560	0.342025	
0.013715	0.943872	0.335710	
0.012083	0.946602	0.334264	
0.000000	0.949286	0.321879	
0.940449	0.000000	0.362934	
0.936000	0.000000	0.361536	
0.927914	0.030615	0.380489	
0.921880	0.028208	0.391768	
0.915102	0.133166	0.394475	
0.910755	0.164310	0.381211	
0.890475	0.207607	0.413236	
0.882132	0.243221	0.438341	
0.852135	0.295502	0.446897	
0.825730	0.342739	0.458964	
0.822918	0.359734	0.454653	
0.788303	0.430856	0.466645	
0.762615	0.453537	0.476365	
0.733555	0.487428	0.486335	
0.697083	0.534374	0.493648	
0.663671	0.615199	0.496753	
0.603719	0.659104	0.490223	
0.552307	0.688657	0.485127	
0.530529	0.741106	0.470509	
0.474179	0.763711	0.461230	
0.410507	0.794159	0.476297	
0.385413	0.807612	0.458055	
0.316571	0.844307	0.456869	
0.266608	0.866769	0.448546	
0.213361	0.880538	0.438975	
0.205866	0.893024	0.427655	
0.165194	0.900677	0.410479	
0.024035	0.917103	0.400890	
0.000000	0.922372	0.394349	
0.009231	0.927396	0.379956	
0.018040	0.933092	0.366215	
0.000000	0.938011	0.351878	
0.925346	0.000000	0.391623	
0.914646	0.000000	0.411206	
0.911330	0.045378	0.419515	
0.903850	0.026419	0.431803	
0.896304	0.045874	0.448940	
0.877471	0.167592	0.461168	
0.868410	0.211067	0.453932	
0.851044	0.244403	0.479372	
0.833827	0.274918	0.483984	
0.806756	0.344867	0.494949	
0.787814	0.394699	0.495324	
0.756844	0.440753	0.497067	
0.728222	0.474009	0.528028	
0.689829	0.523531	0.518757	
0.651170	0.565719	0.528016	
0.612228	0.630033	0.545833	
0.575734	0.661082	0.531369	
0.528660	0.687819	0.513883	
0.482641	0.732730	0.523857	
0.424274	0.767959	0.505875	
0.378653	0.791396	0.506833	
0.339370	0.820841	0.490235	
0.273919	0.836131	0.487150	
0.261222	0.846480	0.472443	
0.214669	0.867104	0.466594	
0.155276	0.883272	0.457116	
0.067488	0.897088	0.439349	
0.099146	0.902494	0.433117	
0.003145	0.913715	0.421211	
0.023891	0.917118	0.410033	
0.000000	0.920809	0.397230	
0.908297	0.000000	0.438472	
0.903850	0.026419	0.431803	
0.892018	0.051245	0.461467	
0.884275	0.008910	0.475062	
0.865967	0.127764	0.485981	
0.857592	0.150095	0.496864	
0.847731	0.185543	0.516942	
0.829254	0.264864	0.512795	
0.805163	0.294233	0.529699	
0.779129	0.353316	0.551195	
0.758327	0.396675	0.540172	
0.724465	0.437021	0.549146	
0.699528	0.484442	0.565070	
0.636132	0.531627	0.574612	
0.619324	0.544532	0.575417	
0.564937	0.610986	0.579175	
0.536136	0.646108	0.568113	
0.483990	0.687093	0.578493	
0.412910	0.741669	0.547099	
0.384860	0.743649	0.555818	
0.352176	0.780638	0.551344	
0.287520	0.803151	0.536177	
0.234744	0.825811	0.521498	
0.218810	0.837811	0.519787	
0.168262	0.861920	0.489640	
0.139064	0.874491	0.487061	
0.034236	0.882691	0.471899	
0.038833	0.891844	0.455460	
0.000000	0.902015	0.440708	
0.000000	0.907928	0.437566	
0.889442	0.000000	0.476503	
0.877689	0.021671	0.484740	
0.869882	0.002063	0.497062	
0.861823	0.089139	0.504605	
0.847485	0.085246	0.531256	
0.830491	0.146886	0.541522	
0.823317	0.135658	0.562397	
0.804616	0.256972	0.550637	
0.779478	0.270841	0.583835	
0.749311	0.316961	0.591476	
0.719303	0.408689	0.592796	
0.690527	0.419678	0.611969	
0.665907	0.457015	0.611524	
0.611482	0.516736	0.612169	
0.571942	0.581025	0.603378	
0.521620	0.602466	0.622071	
0.491799	0.638664	0.618009	
0.439914	0.679990	0.600447	
0.400379	0.729375	0.586231	
0.345503	0.743760	0.598734	
0.314805	0.776671	0.592578	
0.244937	0.801071	0.569735	
0.209801	0.816716	0.558432	
0.103506	0.840142	0.540285	
0.127986	0.849413	0.528865	
0.000000	0.860735	0.518193	
0.000000	0.867943	0.500051	
0.000000	0.879643	0.482947	
0.000000	0.888331	0.473353	
0.874151	0.000000	0.500268	
0.859339	0.015844	0.528797	
0.846852	0.046283	0.536931	
0.833742	0.072754	0.552942	
0.823042	0.070549	0.571042	
0.805609	0.155122	0.577076	
0.789364	0.208017	0.584159	
0.769845	0.245762	0.613158	
0.730024	0.309796	0.620999	
0.713647	0.323968	0.637663	
0.690328	0.390438	0.629332	
0.641647	0.426425	0.656158	
0.616428	0.467024	0.659998	
0.574039	0.520738	0.656416	
0.523068	0.563856	0.651959	
0.484513	0.612101	0.657246	
0.449498	0.614066	0.654990	
0.392845	0.671670	0.649489	
0.313104	0.716026	0.632849	
0.285057	0.741609	0.618816	
0.265512	0.775210	0.606692	
0.219344	0.778543	0.603161	
0.169155	0.800572	0.579545	
0.141605	0.821289	0.564117	
0.010854	0.833484	0.558876	
0.009231	0.843741	0.542184	
0.004259	0.855790	0.525629	
0.000000	0.867943	0.500051	
0.840478	0.000000	0.552344	
0.833127	0.010284	0.560018	
0.821874	0.025967	0.575866	
0.808505	0.068364	0.589880	
0.795467	0.117924	0.604807	
0.780775	0.185505	0.613217	
0.756228	0.207531	0.643268	
0.743645	0.268151	0.628297	
0.704734	0.312304	0.658669	
0.666118	0.357942	0.675568	
0.647843	0.372637	0.683124	
0.607549	0.418989	0.687640	
0.570664	0.483163	0.688476	
0.532207	0.519183	0.678550	
0.495745	0.556873	0.685680	
0.449498	0.614066	0.654990	
0.397129	0.633708	0.687500	
0.357357	0.670142	0.657203	
0.304228	0.696823	0.665507	
0.227443	0.728870	0.656795	
0.154976	0.758674	0.644236	
0.154668	0.772763	0.621198	
0.126413	0.787625	0.614831	
0.064297	0.806341	0.594492	
0.022333	0.820299	0.579959	
0.010854	0.833484	0.558876	
0.000000	0.843170	0.549836	
0.818223	0.000000	0.590526	
0.808722	0.022938	0.606018	
0.792193	0.000000	0.619315	
0.778174	0.000000	0.636150	
0.758703	0.131945	0.649417	
0.736819	0.181987	0.668083	
0.716047	0.195414	0.690518	
0.704223	0.273893	0.671539	
0.665905	0.308027	0.704734	
0.623690	0.344736	0.716676	
0.594845	0.389015	0.712416	
0.562883	0.446720	0.719727	
0.529498	0.485023	0.731624	
0.493238	0.481561	0.736707	
0.399470	0.569800	0.727069	
0.382983	0.598053	0.716512	
0.356646	0.631579	0.696615	
0.269023	0.660197	0.712251	
0.247742	0.682548	0.700131	
0.167396	0.716999	0.688742	
0.182800	0.736945	0.667128	
0.112370	0.762744	0.651264	
0.078309	0.776542	0.632445	
0.028380	0.793610	0.614163	
0.030469	0.801092	0.600894	
0.000000	0.814932	0.583317	
0.790903	0.000000	0.622009	
0.775944	0.000000	0.642933	
0.760850	0.000000	0.659261	
0.742520	0.100152	0.670303	
0.718793	0.099169	0.693900	
0.704690	0.185548	0.696701	
0.685815	0.222745	0.726189	
0.654902	0.255284	0.724228	
0.625838	0.293855	0.743528	
0.594509	0.356877	0.750028	
0.540019	0.386150	0.764596	
0.510053	0.441291	0.751105	
0.473373	0.485394	0.751877	
0.436094	0.516936	0.741810	
0.387756	0.538832	0.757567	
0.328558	0.586756	0.755663	
0.289269	0.618508	0.741699	
0.269023	0.660197	0.712251	
0.222727	0.677633	0.725138	
0.175892	0.705713	0.698605	
0.127826	0.726421	0.690975	
0.028753	0.745507	0.669755	
0.055859	0.763125	0.649736	
0.000000	0.776732	0.636577	
0.000000	0.786201	0.622457	
0.759941	0.000000	0.662885	
0.749491	0.011515	0.668986	
0.729220	0.013348	0.688633	
0.703924	0.097288	0.708041	
0.691398	0.141812	0.719657	
0.665597	0.174148	0.742066	
0.633227	0.177834	0.758623	
0.610330	0.201352	0.770618	
0.584435	0.293243	0.769620	
0.553238	0.339849	0.793498	
0.510079	0.391259	0.778246	
0.471841	0.424595	0.780613	
0.433542	0.476569	0.799310	
0.397989	0.513607	0.780900	
0.320121	0.539128	0.797363	
0.289874	0.587803	0.782936	
0.231456	0.615413	0.765909	
0.218366	0.636277	0.747221	
0.146738	0.666527	0.742678	
0.109358	0.686399	0.722994	
0.074755	0.712686	0.700922	
0.045332	0.722849	0.695295	
0.025314	0.743587	0.677009	
0.000000	0.761159	0.661294	
0.718402	0.000000	0.698661	
0.707217	0.000000	0.710132	
0.693513	0.025397	0.728677	
0.674429	0.012558	0.742047	
0.648564	0.074994	0.763411	
0.620210	0.183197	0.775776	
0.597830	0.210114	0.788516	
0.574105	0.225209	0.794911	
0.535730	0.282175	0.809900	
0.482143	0.339184	0.818050	
0.467946	0.359295	0.826068	
0.433121	0.436002	0.809786	
0.373700	0.447938	0.825639	
0.354165	0.494537	0.822884	
0.305422	0.533146	0.812715	
0.178201	0.573475	0.807803	
0.195479	0.605473	0.786164	
0.140593	0.629062	0.774941	
0.106730	0.657567	0.757957	
0.095574	0.672432	0.742616	
0.000000	0.690634	0.731406	
0.014218	0.713441	0.709294	
0.000000	0.726438	0.693455	
0.691851	0.000000	0.728872	
0.674429	0.012558	0.742047	
0.653286	0.016421	0.761946	
0.637093	0.023734	0.777741	
0.606475	0.142357	0.794834	
0.588910	0.127754	0.803263	
0.561388	0.162873	0.817696	
0.533989	0.229001	0.817447	
0.489816	0.288112	0.837027	
0.447903	0.324318	0.852978	
0.423049	0.388752	0.855480	
0.383769	0.429600	0.842263	
0.321361	0.453389	0.855315	
0.292747	0.481597	0.838168	
0.150636	0.532281	0.835995	
0.221635	0.560013	0.808385	
0.169100	0.579047	0.804314	
0.118614	0.612826	0.789723	
0.059120	0.634310	0.778838	
0.015548	0.655058	0.762531	
0.000000	0.677668	0.747087	
0.000000	0.690634	0.731406	
0.661504	0.000000	0.756042	
0.639987	0.000000	0.770599	
0.618357	0.019588	0.789982	
0.599048	0.000000	0.805814	
0.568628	0.132531	0.820741	
0.540077	0.152423	0.833096	
0.517030	0.179031	0.847750	
0.479891	0.224386	0.861935	
0.449780	0.278058	0.863279	
0.408835	0.319100	0.869008	
0.365532	0.358868	0.878736	
0.309613	0.412388	0.872753	
0.291110	0.425977	0.859495	
0.237170	0.471308	0.856554	
0.213305	0.512864	0.838144	
0.134524	0.540588	0.833183	
0.123414	0.566835	0.823239	
0.000000	0.596342	0.804995	
0.027400	0.620132	0.793984	
0.000000	0.641609	0.774197	
0.000000	0.663973	0.757881	
0.623505	0.000000	0.787416	
0.601839	0.022315	0.803815	
0.581113	0.000000	0.819674	
0.552751	0.000000	0.834614	
0.527352	0.083946	0.850249	
0.497954	0.176580	0.859407	
0.468787	0.211834	0.870474	
0.429050	0.230584	0.876470	
0.391191	0.294200	0.882562	
0.351728	0.326812	0.894822	
0.332073	0.319890	0.899004	
0.270881	0.394820	0.881550	
0.210625	0.428698	0.881809	
0.209196	0.464617	0.865426	
0.177504	0.488719	0.864751	
0.140565	0.527843	0.844900	
0.000000	0.557618	0.834394	
0.000000	0.580309	0.820046	
0.000000	0.601272	0.802937	
0.000000	0.631630	0.795587	
0.588893	0.000000	0.812759	
0.565108	0.000000	0.828394	
0.541286	0.007288	0.847721	
0.512836	0.083732	0.861029	
0.485508	0.119874	0.876734	
0.460551	0.050641	0.889015	
0.410240	0.199497	0.900466	
0.387748	0.236614	0.898754	
0.350125	0.283004	0.900055	
0.273123	0.316853	0.913334	
0.252445	0.354757	0.908566	
0.252858	0.389828	0.903819	
0.210625	0.428698	0.881809	
0.127380	0.462678	0.887236	
0.000000	0.488306	0.879860	
0.053777	0.518083	0.857297	
0.027759	0.536300	0.847940	
0.000000	0.557618	0.834394	
0.000000	0.580309	0.820046	
0.552336	0.000000	0.842600	
0.519444	0.000000	0.857809	
0.499179	0.000000	0.872587	
0.475723	0.013416	0.882273	
0.443076	0.127805	0.892908	
0.413212	0.163163	0.908300	
0.384878	0.167576	0.920618	
0.340634	0.235675	0.918597	
0.306356	0.257024	0.919791	
0.269546	0.308318	0.921739	
0.230791	0.345797	0.911108	
0.122751	0.379886	0.918576	
0.134077	0.413339	0.907637	
0.102273	0.444105	0.895812	
0.034006	0.471626	0.885938	
0.054190	0.493263	0.869671	
0.000000	0.527295	0.859119	
0.000000	0.550847	0.840788	
0.514015	0.000000	0.862098	
0.483959	0.013034	0.880934	
0.460551	0.050641	0.889015	
0.436876	0.096190	0.906645	
0.406841	0.001239	0.918373	
0.372443	0.149474	0.921648	
0.330831	0.203878	0.929165	
0.299276	0.223071	0.940639	
0.258285	0.267832	0.939318	
0.221527	0.310017	0.930853	
0.151317	0.332959	0.933662	
0.110302	0.376599	0.921897	
0.008082	0.406162	0.915004	
0.091925	0.432827	0.900620	
0.000000	0.457095	0.893812	
0.000000	0.486253	0.880442	
0.000000	0.512024	0.863173	
0.460492	0.000000	0.895756	
0.446552	0.024477	0.899497	
0.423011	0.012915	0.910920	
0.393439	0.042096	0.921838	
0.366887	0.107809	0.926225	
0.322356	0.165487	0.937544	
0.300043	0.191659	0.943371	
0.221465	0.236755	0.950485	
0.218887	0.268543	0.944234	
0.199643	0.301312	0.934948	
0.107945	0.335485	0.939931	
0.050227	0.365662	0.931801	
0.067083	0.389291	0.921388	
0.000000	0.422383	0.910201	
0.018182	0.443977	0.899909	
0.000000	0.463508	0.886907	
0.435096	0.000000	0.908127	
0.411142	0.000000	0.914336	
0.375456	0.046614	0.929011	
0.353713	0.069547	0.935537	
0.325207	0.078404	0.945329	
0.293812	0.145141	0.946517	
0.259514	0.188333	0.955570	
0.223782	0.226391	0.959681	
0.190120	0.263702	0.949139	
0.156899	0.285856	0.948451	
0.092922	0.322829	0.943399	
0.084901	0.352081	0.933413	
0.035903	0.382910	0.925554	
0.008082	0.406162	0.915004	
0.000000	0.435569	0.901971	
0.392906	0.000000	0.924241	
0.370606	0.000000	0.932631	
0.341471	0.006811	0.940324	
0.311041	0.058450	0.950332	
0.286830	0.116269	0.955080	
0.251779	0.122069	0.964660	
0.225212	0.157108	0.967805	
0.192423	0.216950	0.967377	
0.135078	0.237295	0.963490	
0.118588	0.285686	0.954433	
0.089038	0.307539	0.949276	
0.033259	0.341542	0.940676	
0.000000	0.369521	0.933087	
0.000000	0.399884	0.920125	
0.358037	0.000000	0.937128	
0.331478	0.013347	0.946742	
0.306473	0.000000	0.954113	
0.271468	0.086875	0.962759	
0.247682	0.058784	0.968214	
0.214138	0.154357	0.970557	
0.161923	0.163752	0.977374	
0.139837	0.219149	0.969642	
0.079701	0.248802	0.967571	
0.085176	0.270877	0.960903	
0.051691	0.305835	0.953344	
0.024746	0.333570	0.944340	
0.000000	0.350592	0.939881	
0.323998	0.000000	0.950750	
0.297179	0.009056	0.956987	
0.263306	0.009950	0.967378	
0.240480	0.004542	0.972849	
0.202658	0.112331	0.978885	
0.163880	0.130398	0.979845	
0.112692	0.183575	0.977800	
0.094995	0.211447	0.975973	
0.078106	0.241465	0.968290	
0.041157	0.262797	0.966307	
0.021052	0.294912	0.956272	
0.000000	0.320838	0.949278	
0.276627	0.000000	0.963282	
0.263306	0.009950	0.967378	
0.233797	0.008835	0.974595	
0.201492	0.082355	0.979968	
0.167168	0.117716	0.985237	
0.128693	0.142183	0.984421	
0.113713	0.178147	0.979533	
0.000000	0.204663	0.980128	
0.047866	0.228011	0.975755	
0.024223	0.261687	0.966645	
0.000000	0.277118	0.964166	
0.247522	0.000000	0.972843	
0.220123	0.005767	0.977467	
0.201718	0.003325	0.982192	
0.172651	0.006123	0.986644	
0.124901	0.110709	0.989578	
0.100595	0.140249	0.989527	
0.079594	0.158148	0.986720	
0.039872	0.196397	0.982519	
0.007635	0.225132	0.976599	
0.000000	0.255280	0.968481	
0.208342	0.000000	0.979345	
0.194337	0.000000	0.982884	
0.166365	0.050531	0.987592	
0.140758	0.000000	0.991118	
0.102187	0.083265	0.993278	
0.054299	0.129303	0.991259	
0.000000	0.169670	0.989552	
0.004858	0.192948	0.985194	
0.000000	0.219381	0.978164	
0.190117	0.000000	0.983512	
0.158196	0.010839	0.988199	
0.136326	0.044172	0.992612	
0.055189	0.081303	0.996837	
0.059271	0.103644	0.994238	
0.054697	0.128468	0.991766	
0.019244	0.154925	0.990999	
0.000000	0.171015	0.986844	
0.140758	0.000000	0.991118	
0.134307	0.011442	0.993146	
0.082719	0.031575	0.997454	
0.032796	0.079840	0.997169	
0.044919	0.095674	0.995954	
0.010699	0.133171	0.992752	
0.000000	0.135281	0.991937	
0.119105	0.000000	0.997055	
0.096226	0.013339	0.997910	
0.055196	0.043681	0.998833	
0.042238	0.075611	0.997600	
0.007389	0.101219	0.996127	
0.000000	0.118169	0.995211	
0.092452	0.000000	0.997984	
0.071147	0.020272	0.999778	
0.045961	0.047748	0.998932	
0.012270	0.073743	0.998404	
0.000000	0.097805	0.997712	
0.000000	0.000000	1.000765	
0.007640	0.019081	1.000161	
0.024632	0.046600	0.999237	
0.000000	0.061486	0.999600	
0.000000	0.000000	1.001211	
0.007640	0.019081	1.000161	
0.000000	0.000000	1.001000	
0.000000	0.000000	1.001000	
0.000000	0.000000	1.001000	
0.000000	0.000000	1.001000	
0.000000	0.000000	0.000000	
0.000000	0.000000	0.000000	
0.000000	0.000000	0.000000	
0.000000	0.000000	0.000000	
0.000000	0.000000	0.000000	
0.000000	0.000000	0.000000	
0.000000	0.000000	0.000000	
0.000000	0.000000	0.000000	
0.000000	0.000000	0.000000	
0.000000	0.000000	0.000000	
