94.015326	0.000000	0.000000	
94.015326	0.000000	0.000000	
127.659486	0.000000	0.000000	
130.444668	0.000000	0.000000	
134.083777	0.000000	0.000000	
134.083777	0.000000	0.000000	
138.065029	0.000000	0.000000	
138.065029	0.000000	0.000000	
145.081159	0.000000	0.000000	
145.081159	0.000000	0.000000	
145.497581	41.758316	0.000000	
145.497581	41.758316	0.000000	
153.160690	18.485552	0.000000	
153.160690	18.485552	0.000000	
162.428437	17.472615	0.000000	
143.057593	82.985620	0.000000	
146.275944	90.165093	0.000000	
146.275944	90.165093	0.000000	
37.792193	100.487936	0.000000	
37.792193	100.487936	0.000000	
106.000146	103.934384	0.000000	
106.000146	103.934384	0.000000	
132.728733	118.644136	0.000000	
0.000000	151.000000	0.000000	
0.000000	156.897007	0.000000	
103.091046	126.897076	0.000000	
0.000000	111.584904	0.000000	
24.480286	133.610338	0.000000	
0.000000	156.897007	0.000000	
25.681022	47.111057	0.000000	
25.681022	47.111057	0.000000	
23.325784	45.393563	0.000000	
0.000000	159.245819	0.000000	
4.399831	90.033834	0.000000	
0.000000	159.245819	0.000000	
0.000000	161.034635	0.000000	
3.902046	162.588407	0.000000	
0.000000	147.216357	0.000000	
1.389994	145.093656	0.000000	
1.346006	125.442584	0.000000	
3.450314	118.361187	0.000000	
2.699183	92.594043	0.000000	
1.346006	125.442584	0.000000	
0.000000	168.992679	0.000000	
109.301357	0.000000	1.198741	
109.301357	0.000000	1.198741	
120.511205	0.000000	2.773398	
126.414148	0.000000	0.074549	
125.472518	0.000000	1.012443	
160.032850	9.811990	0.140839	
145.283042	10.976938	0.591634	
85.728521	14.521626	0.000000	
77.043920	0.000000	0.335606	
95.309330	23.727095	0.000000	
136.980456	3.843648	1.341511	
153.886627	0.000000	0.000000	
153.886627	0.000000	0.000000	
161.832131	28.868395	2.948651	
155.254604	1.971210	0.000000	
133.563180	29.355953	3.264644	
123.261910	34.263031	4.504904	
10.717509	77.801189	1.382289	
132.728733	118.644136	0.000000	
120.890666	53.637601	5.332099	
104.459466	121.867461	1.007228	
104.459466	121.867461	1.007228	
144.093977	150.514938	0.000000	
0.000000	162.208355	0.201647	
0.000000	162.208355	0.201647	
0.000000	112.568916	0.656381	
9.727812	109.955378	0.000000	
41.457940	63.821782	1.769846	
24.480286	133.610338	0.000000	
25.681022	47.111057	0.000000	
23.325784	45.393563	0.000000	
0.000000	69.094980	1.122650	
0.000000	50.993269	0.828535	
1.449981	50.972650	0.828535	
0.000000	69.094980	1.122650	
23.995975	158.756567	2.715308	
0.000000	156.149317	0.000000	
0.000000	147.216357	0.000000	
0.538133	133.848394	0.601204	
0.033317	106.789826	0.640520	
0.711565	92.611464	1.664129	
0.000000	74.154576	1.998927	
0.000000	125.445337	0.941378	
127.659486	0.000000	0.000000	
128.772954	0.000000	2.963531	
52.836662	0.000000	2.762734	
125.472518	0.000000	1.012443	
83.383166	1.572214	5.360005	
123.843296	0.000000	4.836961	
77.043920	0.000000	0.335606	
81.052246	15.751328	0.000000	
85.728521	14.521626	0.000000	
3.506495	0.291741	0.209227	
136.980456	3.843648	1.341511	
78.808920	46.494528	7.013597	
78.808920	46.494528	7.013597	
151.991460	66.285301	6.856623	
123.261910	34.263031	4.504904	
133.563180	29.355953	3.264644	
149.642161	93.901213	10.892495	
149.642161	93.901213	10.892495	
125.602272	89.935204	8.468491	
120.890666	53.637601	5.332099	
0.000000	118.100774	10.634936	
57.507040	32.194245	4.988565	
0.000000	118.100774	10.634936	
34.779839	130.010176	10.894704	
34.779839	130.010176	10.894704	
0.000000	112.568916	0.656381	
9.727812	109.955378	0.000000	
0.000000	132.266074	12.318618	
4.949506	9.053457	0.094086	
14.119900	36.926784	1.006276	
0.000000	127.750654	4.857734	
0.000000	96.189534	4.868056	
1.449981	50.972650	0.828535	
0.000000	85.609960	2.839557	
7.382188	76.140040	5.383477	
0.000000	96.189534	4.868056	
0.103888	105.558723	5.479586	
0.000000	105.748940	6.248645	
2.612830	117.387838	0.527395	
0.711565	92.611464	1.664129	
0.000000	74.154576	1.998927	
0.000000	125.445337	0.941378	
120.511205	0.000000	2.773398	
52.836662	0.000000	2.762734	
52.836662	0.000000	2.762734	
147.697235	0.000000	4.869709	
83.383166	1.572214	5.360005	
101.662575	13.684530	1.046732	
74.767280	10.910596	0.179567	
81.052246	15.751328	0.000000	
93.185250	3.934339	7.157194	
136.980456	3.843648	1.341511	
136.980456	3.843648	1.341511	
145.827826	34.840596	12.959235	
147.126174	28.870590	12.959235	
95.816434	42.341533	7.006019	
133.635430	71.759152	8.716568	
147.403807	43.385544	6.182708	
147.778688	46.914031	15.176444	
58.706707	86.645249	9.602285	
51.990710	51.977349	19.269695	
57.507040	32.194245	4.988565	
104.459466	121.867461	1.007228	
0.000000	132.266074	12.318618	
127.597386	137.810007	0.000000	
67.592196	141.084136	0.000000	
0.000000	138.122925	9.292990	
48.308396	117.864434	10.428014	
0.000000	126.023861	10.579103	
0.000000	126.023861	10.579103	
4.949506	9.053457	0.094086	
14.119900	36.926784	1.006276	
0.000000	125.406538	12.214758	
0.000000	101.139555	6.283766	
0.000000	50.993269	0.828535	
5.514043	75.697942	3.926436	
11.013780	75.700060	5.383477	
0.103888	105.558723	5.479586	
0.103888	105.558723	5.479586	
0.000000	152.206040	8.872838	
0.033317	106.789826	0.640520	
0.000000	88.446227	1.297677	
0.000000	125.445337	0.941378	
121.337834	0.000000	0.496508	
52.836662	0.000000	2.762734	
137.663957	0.000000	0.000000	
137.663957	0.000000	0.000000	
138.147583	0.000000	16.793198	
74.767280	10.910596	0.179567	
67.753690	7.991915	2.347080	
3.506495	0.291741	0.209227	
104.050123	22.433230	0.000000	
127.141197	20.420101	0.000000	
167.419348	20.206484	0.000000	
147.126174	28.870590	12.959235	
149.161736	42.165576	0.000000	
138.599143	34.101958	3.827644	
138.882273	37.030299	3.854498	
140.746323	50.411091	5.012135	
85.213647	16.379175	0.000000	
136.119259	26.852784	2.521602	
129.936076	44.495716	3.926144	
36.446887	118.963305	0.000000	
129.936076	44.495716	3.926144	
84.722589	64.164023	0.584575	
80.804349	148.796111	10.878592	
19.476995	153.444034	8.947825	
37.998197	120.112167	2.281284	
48.308396	117.864434	10.428014	
9.268990	150.987467	20.337682	
9.268990	150.987467	20.337682	
0.000000	127.457766	15.676355	
0.000000	127.457766	15.676355	
0.044415	99.006419	8.739945	
0.000000	101.139555	6.283766	
5.514043	75.697942	3.926436	
11.013780	75.700060	5.383477	
11.013780	75.700060	5.383477	
11.013780	75.700060	5.383477	
0.000000	153.074457	0.000000	
0.000000	137.053489	2.363106	
0.024310	74.028060	1.661682	
0.000000	88.446227	1.297677	
121.337834	0.000000	0.496508	
138.663496	0.000000	0.000000	
137.663957	0.000000	0.000000	
138.147583	0.000000	16.793198	
101.662575	13.684530	1.046732	
67.753690	7.991915	2.347080	
93.185250	3.934339	7.157194	
120.855253	20.980397	0.000000	
120.855253	20.980397	0.000000	
146.281486	35.291209	0.000000	
164.296815	38.266168	0.000000	
95.816434	42.341533	7.006019	
138.599143	34.101958	3.827644	
138.882273	37.030299	3.854498	
147.403807	43.385544	6.182708	
85.213647	16.379175	0.000000	
58.706707	86.645249	9.602285	
2.099005	114.866135	0.000000	
2.099005	114.866135	0.000000	
84.722589	64.164023	0.584575	
28.934948	149.895615	0.000000	
114.821737	92.202404	0.628476	
80.804349	148.796111	10.878592	
37.998197	120.112167	2.281284	
0.000000	156.394605	5.073324	
74.683670	101.480784	0.000000	
0.000000	157.135584	12.454471	
50.240737	131.867518	0.000000	
0.000000	133.562179	18.670840	
0.000000	133.562179	18.670840	
0.044415	99.006419	8.739945	
0.000000	93.315376	12.057034	
7.392842	75.544215	3.797040	
11.013780	75.700060	5.383477	
11.013780	75.700060	5.383477	
0.105721	107.421206	3.024030	
0.000000	81.225731	0.890162	
0.024310	74.028060	1.661682	
0.000000	125.445337	0.941378	
166.831949	0.000000	10.102847	
138.663496	0.000000	0.000000	
122.825807	0.000000	24.480165	
168.996434	0.000000	0.000000	
135.395191	1.987563	8.397918	
92.606200	0.799418	13.177554	
1.198478	0.053351	0.024047	
1.196546	0.053265	0.072209	
137.180890	37.166227	0.000000	
160.538916	9.306099	25.137128	
151.784101	8.798601	23.766302	
152.031869	49.392076	0.000000	
141.671937	52.781016	2.026782	
147.740310	60.159943	0.000000	
140.746323	50.411091	5.012135	
151.138566	31.054068	0.000000	
10.747034	112.748653	5.349778	
65.700302	100.767700	12.105513	
36.446887	118.963305	0.000000	
67.538247	83.839583	38.084409	
0.000000	157.135584	12.454471	
114.821737	92.202404	0.628476	
7.356911	147.601582	30.994334	
7.356911	147.601582	30.994334	
15.245445	136.831246	0.000000	
4.153097	150.640399	37.003798	
1.039874	143.178225	17.697226	
5.479133	158.967866	22.092654	
0.000000	166.509200	33.030142	
19.288731	88.681809	18.446562	
19.288731	88.681809	18.446562	
0.000000	93.315376	12.057034	
4.461304	139.398668	27.506558	
4.458210	139.301986	26.507157	
0.070050	142.352704	26.360867	
0.000000	151.055332	15.753486	
0.049873	75.936624	3.102684	
0.000000	81.225731	0.890162	
158.438210	0.000000	14.087054	
158.438210	0.000000	14.087054	
98.391186	0.141261	0.000000	
137.429067	9.714206	18.900201	
119.426077	11.924734	5.926452	
1.198478	0.053351	0.024047	
1.196546	0.053265	0.072209	
34.842272	2.242402	1.259208	
160.538916	9.306099	25.137128	
153.154014	8.878012	12.009862	
150.400407	11.929949	40.822055	
141.671937	52.781016	2.026782	
146.205116	3.671107	11.312177	
147.740310	60.159943	0.000000	
139.488585	38.481503	0.000000	
32.700202	85.996809	0.000000	
40.550272	28.669222	0.000000	
68.780508	73.961082	0.000000	
101.594724	117.127249	44.021080	
0.000000	102.081650	15.855530	
0.000000	0.000000	49.684198	
44.027899	138.368774	47.304889	
7.625447	152.989213	29.628183	
0.000000	130.443502	47.195428	
0.000000	130.443502	47.195428	
4.231012	153.466532	22.565040	
1.039874	143.178225	17.697226	
50.240737	131.867518	0.000000	
5.388844	156.535699	18.273510	
0.000000	132.690926	21.859123	
11.275176	138.321117	30.800024	
11.275176	138.321117	30.800024	
7.673487	138.226229	27.786684	
7.673487	138.226229	27.786684	
0.069869	141.986260	28.289325	
0.000000	151.055332	15.753486	
0.000000	151.055332	15.753486	
154.550809	0.000000	0.000000	
98.391186	0.141261	0.000000	
108.433278	0.000000	11.984889	
148.577977	0.000000	27.139249	
64.688133	0.000000	4.315765	
119.426077	11.924734	5.926452	
34.842272	2.242402	1.259208	
34.842272	2.242402	1.259208	
151.784101	8.798601	23.766302	
148.555940	8.611472	39.194170	
150.400407	11.929949	40.822055	
0.000000	0.000000	49.684198	
85.000526	29.102170	0.000000	
139.488585	38.481503	0.000000	
127.576510	0.000000	23.816100	
32.700202	85.996809	0.000000	
68.780508	73.961082	0.000000	
40.550272	28.669222	0.000000	
48.033690	145.139684	0.000000	
0.000000	102.081650	15.855530	
0.000000	150.726797	38.190438	
6.676105	148.077164	61.419675	
1.558005	166.501911	33.030142	
0.000000	165.284752	37.728714	
15.245445	136.831246	0.000000	
4.231012	153.466532	22.565040	
4.231012	153.466532	22.565040	
9.342224	104.315491	21.494505	
2.622563	133.627145	13.321135	
0.000000	132.690926	21.859123	
11.673811	140.427987	33.166372	
11.673811	140.427987	33.166372	
4.461304	139.398668	27.506558	
0.066824	135.796886	18.019496	
0.066824	135.796886	18.019496	
0.000000	151.055332	15.753486	
154.550809	0.000000	0.000000	
108.433278	0.000000	11.984889	
140.776434	0.000000	20.219293	
64.688133	0.000000	4.315765	
119.411018	4.653569	6.226646	
126.025738	0.000000	0.000000	
34.842272	2.242402	1.259208	
141.790162	29.199061	18.841435	
144.424207	24.663794	35.779816	
147.264114	32.855154	5.500751	
111.443237	59.527245	0.000000	
85.000526	29.102170	0.000000	
127.576510	0.000000	23.816100	
125.034535	42.437534	10.236359	
125.169527	6.865200	27.187683	
127.232999	23.701830	6.494957	
65.700302	100.767700	12.105513	
123.099143	44.390172	64.584750	
126.252089	21.921535	70.029448	
0.000000	150.726797	38.190438	
0.000000	157.794478	68.666012	
11.268761	91.959352	43.507505	
43.927007	158.687423	30.663997	
4.231012	153.466532	22.565040	
4.231012	153.466532	22.565040	
4.231012	153.466532	22.565040	
12.841542	113.705125	20.102827	
5.388844	156.535699	18.273510	
16.663031	152.111811	49.061198	
5.578508	134.130678	0.000000	
0.361151	99.714875	10.463069	
3.527220	140.682089	38.311978	
3.333197	149.080359	12.975325	
0.034115	138.654423	1.104012	
0.000000	142.686899	22.713198	
156.843101	0.000000	0.000000	
120.497234	0.345998	0.000000	
152.830224	1.235475	4.007795	
154.732903	1.250856	0.000000	
104.885861	0.000000	0.000000	
104.885861	0.000000	0.000000	
132.915597	24.261165	46.123404	
141.790162	29.199061	18.841435	
140.426030	18.288530	34.582451	
149.717506	44.759954	0.000000	
111.443237	59.527245	0.000000	
151.759466	76.615739	0.000000	
121.419599	16.456624	58.162337	
125.416586	9.301137	36.020963	
121.419599	16.456624	58.162337	
41.811913	106.244552	32.224606	
41.811913	106.244552	32.224606	
84.295388	111.734085	29.805266	
67.049726	133.217038	41.256234	
0.000000	157.803881	83.046254	
29.793206	91.927378	45.380072	
11.268761	91.959352	43.507505	
43.927007	158.687423	30.663997	
4.231012	153.466532	22.565040	
0.000000	141.794733	0.000000	
12.841542	113.705125	20.102827	
4.190651	35.585655	4.720216	
9.342224	104.315491	21.494505	
24.654319	141.829840	47.805434	
5.578508	134.130678	0.000000	
0.361151	99.714875	10.463069	
3.527220	140.682089	38.311978	
0.015633	127.073003	0.000000	
0.000000	138.017982	31.041184	
140.776434	0.000000	20.219293	
152.601587	1.233627	0.794319	
152.571797	1.233386	0.000000	
147.314793	11.583911	21.050095	
26.000000	0.000000	0.000000	
127.850937	17.863534	11.588107	
126.450963	0.909400	41.150540	
140.426030	18.288530	34.582451	
147.264114	32.855154	5.500751	
131.636212	0.000000	61.847658	
136.217517	0.000000	73.592132	
117.782169	0.000000	63.632352	
117.782169	0.000000	63.632352	
117.782169	0.000000	63.632352	
108.490526	53.817954	76.458894	
52.791275	54.226545	72.738368	
87.963555	93.374229	59.405223	
84.295388	111.734085	29.805266	
0.000000	122.200396	52.635384	
47.021387	64.150202	58.386508	
29.793206	91.927378	45.380072	
0.000000	117.435324	70.484149	
30.122190	141.960423	29.616440	
0.000000	131.742109	67.489044	
32.402929	80.044634	63.785770	
4.190651	35.585655	4.720216	
3.135245	18.186582	3.569522	
4.866912	95.613542	26.277418	
16.663031	152.111811	49.061198	
15.774438	144.000111	46.444901	
3.333197	149.080359	12.975325	
0.000000	17.550945	1.782551	
0.000000	142.686899	22.713198	
145.690960	0.000000	0.887921	
145.690960	0.000000	0.887921	
143.010746	3.262232	10.254762	
26.000000	0.000000	0.000000	
125.929238	10.155292	20.352256	
125.257936	0.000000	30.597238	
126.450963	0.909400	41.150540	
148.973385	30.437322	0.000000	
131.636212	0.000000	61.847658	
136.217517	0.000000	73.592132	
41.086265	0.000000	33.552000	
100.233356	0.000000	70.486954	
125.169527	6.865200	27.187683	
124.674389	0.000000	56.058439	
104.512634	15.222597	8.943204	
52.380544	82.753967	72.436971	
40.043281	86.417752	65.434417	
38.333750	89.569157	59.401266	
0.000000	94.559890	89.709470	
0.000000	117.435324	70.484149	
43.958575	141.701748	81.222434	
7.442523	130.886365	75.749451	
0.000000	131.742109	67.489044	
12.995997	78.569868	27.868836	
17.831358	145.745630	82.115473	
2.836455	18.235571	3.569522	
3.433191	18.132697	3.569522	
22.276060	146.547787	63.293440	
15.774438	144.000111	46.444901	
3.078228	155.499807	58.485616	
0.000000	78.968522	2.744662	
0.000000	17.550945	1.782551	
145.490697	0.000000	7.767743	
51.950266	0.000000	9.125271	
143.010746	3.262232	10.254762	
125.929238	10.155292	20.352256	
125.257936	0.000000	30.597238	
125.366540	5.093004	20.212410	
149.994675	23.161593	0.000000	
139.926896	0.000000	78.484702	
131.091113	49.892621	79.539245	
41.086265	0.000000	33.552000	
94.910292	0.000000	77.505953	
100.233356	0.000000	70.486954	
116.372522	15.143693	87.903496	
114.117728	8.267188	24.853984	
52.791275	54.226545	72.738368	
52.380544	82.753967	72.436971	
40.111361	86.564675	65.545665	
87.279181	125.666323	13.972332	
53.710319	18.939896	89.547190	
53.710319	18.939896	89.547190	
13.918832	97.943741	51.927716	
13.918832	97.943741	51.927716	
0.000000	129.937063	40.596919	
12.995997	78.569868	27.868836	
32.402929	80.044634	63.785770	
3.135245	18.186582	3.569522	
3.433191	18.132697	3.569522	
4.866912	95.613542	26.277418	
10.416939	169.135543	51.185994	
3.724387	29.318563	2.669761	
0.000000	78.968522	2.744662	
51.950266	0.000000	9.125271	
51.991063	0.000000	8.786671	
132.159358	0.000000	9.506273	
74.610752	0.000000	6.045003	
125.366540	5.093004	20.212410	
148.973385	30.437322	0.000000	
139.926896	0.000000	78.484702	
125.968779	2.974705	85.393684	
94.910292	0.000000	77.505953	
91.521732	2.161251	65.824158	
97.936864	2.312742	56.023521	
116.372522	15.143693	87.903496	
71.261230	67.596690	80.676566	
66.011738	75.930505	79.494752	
114.117728	8.267188	24.853984	
109.416436	0.000000	107.642433	
91.589628	0.000000	63.858927	
87.279181	125.666323	13.972332	
2.212562	139.286358	109.334152	
3.058791	96.255037	50.147332	
0.000000	105.781729	65.332167	
0.000000	103.758563	64.082634	
2.987388	81.626643	0.179586	
8.487013	155.240822	0.341824	
4.754651	147.952240	0.325458	
23.051703	148.779808	74.682091	
17.061576	149.770280	42.100163	
5.921876	79.120961	23.274542	
3.011586	141.639393	0.000000	
0.000000	165.199071	0.000000	
145.490697	0.000000	7.767743	
50.642521	0.000000	5.992345	
60.679742	0.000000	1.242295	
74.610752	0.000000	6.045003	
149.994675	23.161593	0.000000	
99.884208	0.000000	87.171386	
149.042201	12.197051	2.435937	
125.968779	2.974705	85.393684	
101.674764	0.000000	88.096784	
95.033526	2.244181	60.640834	
95.033526	2.244181	60.640834	
15.642546	78.142881	110.066262	
71.261230	67.596690	80.676566	
68.243999	0.000000	103.048086	
91.589628	0.000000	63.858927	
0.000000	99.787277	114.851747	
22.566505	81.587415	32.173034	
20.339206	73.534789	25.641038	
5.585135	111.479549	44.295987	
3.058791	96.255037	50.147332	
0.000000	103.758563	64.082634	
0.000000	105.781729	65.332167	
2.987388	81.626643	0.179586	
4.754651	147.952240	0.325458	
10.134948	140.709379	86.141645	
11.602562	145.888436	43.920590	
5.921876	79.120961	23.274542	
0.000000	165.199071	0.000000	
0.000000	157.993560	0.000000	
132.159358	0.000000	9.506273	
60.679742	0.000000	1.242295	
61.349002	0.000000	6.569569	
99.990138	0.314126	3.299399	
99.884208	0.000000	87.171386	
92.160173	6.847851	106.175100	
126.022384	0.000000	111.702736	
101.674764	0.000000	88.096784	
97.936864	2.312742	56.023521	
91.521732	2.161251	65.824158	
49.835620	73.779999	94.156897	
109.416436	0.000000	107.642433	
66.011738	75.930505	79.494752	
0.000000	1.567739	120.750910	
10.745001	42.167713	92.461333	
10.745001	42.167713	92.461333	
22.566505	81.587415	32.173034	
0.000000	111.004968	84.346913	
12.281313	111.305571	80.450580	
0.000000	79.894492	78.576029	
3.727389	106.147144	66.219437	
3.727389	106.147144	66.219437	
3.857051	128.887857	92.108580	
2.423180	147.336341	37.089113	
14.149101	136.400346	88.028620	
3.257515	145.181295	0.000000	
3.011586	141.639393	0.000000	
0.000000	157.521501	0.000000	
50.642521	0.000000	5.992345	
61.349002	0.000000	6.569569	
92.462747	0.000000	0.000000	
92.350202	0.305462	0.000000	
99.990138	0.314126	3.299399	
134.607363	0.000000	111.141521	
126.022384	0.000000	111.702736	
0.000000	1.567739	120.750910	
117.521272	2.775220	105.171790	
128.819699	0.000000	127.749280	
67.095641	17.472503	126.416173	
0.100780	38.257810	115.827343	
10.745001	42.167713	92.461333	
10.745001	42.167713	92.461333	
10.745001	42.167713	92.461333	
20.339206	73.534789	25.641038	
49.109136	84.033567	57.786336	
49.109136	84.033567	57.786336	
12.281313	111.305571	80.450580	
0.000000	79.894492	78.576029	
0.000000	126.050988	87.161961	
0.000000	126.050988	87.161961	
3.521147	134.704214	64.682735	
0.000000	129.710652	0.000000	
6.614263	129.038121	0.000000	
3.257515	145.181295	0.000000	
0.000000	156.897007	0.000000	
73.722525	0.000000	0.000000	
73.722525	0.000000	0.000000	
82.618655	0.000000	0.000000	
82.618655	0.000000	0.000000	
111.076237	0.697915	7.338518	
147.576921	0.000000	0.000000	
3.302011	18.642719	123.878036	
139.259903	0.000000	139.259903	
26.522886	62.017596	142.355990	
19.497467	5.213086	76.570179	
0.100780	38.257810	115.827343	
0.000000	60.586367	121.783504	
10.745001	42.167713	92.461333	
10.745001	42.167713	92.461333	
48.968863	62.231233	63.524813	
48.968863	62.231233	63.524813	
46.033623	60.514678	85.927776	
30.136364	40.552729	77.977128	
33.182770	45.603168	112.457245	
0.000000	39.633265	103.424797	
0.000000	39.678075	105.431857	
3.857051	128.887857	92.108580	
0.000000	129.710652	0.000000	
6.614263	129.038121	0.000000	
0.000000	128.146423	2.815541	
0.000000	128.146423	2.815541	
89.787897	0.000000	0.000000	
78.836573	0.431735	5.208502	
86.903954	0.000000	0.000000	
92.350202	0.305462	0.000000	
23.618693	23.618693	129.727913	
0.000000	18.351208	127.360688	
3.302011	18.642719	123.878036	
0.000000	41.009648	144.987462	
0.000000	0.000000	143.002265	
0.000000	60.586367	121.783504	
19.497467	5.213086	76.570179	
41.919300	30.942191	105.468395	
58.921847	43.492401	81.515043	
10.745001	42.167713	92.461333	
53.655344	69.579267	56.801549	
46.033623	60.514678	85.927776	
30.136364	40.552729	77.977128	
41.053664	53.551363	69.004840	
0.000000	39.678075	105.431857	
6.881641	114.876051	117.034357	
5.760856	96.166656	98.563567	
13.962670	18.332109	113.404682	
0.633197	51.930850	106.472996	
0.000000	127.600509	0.000000	
0.000000	128.177350	0.000000	
80.790216	0.000000	5.337494	
66.052098	0.000000	0.000000	
88.728763	0.000000	0.000000	
95.724901	0.000000	0.000000	
51.043774	9.628311	110.790251	
3.790350	2.391874	98.863868	
6.837716	6.148407	90.739136	
0.000000	0.000000	143.002265	
83.450216	49.667451	116.136410	
26.522886	62.017596	142.355990	
19.591541	16.288879	114.666754	
2.298241	51.137997	147.408526	
41.919300	30.942191	105.468395	
49.456115	64.100089	81.316284	
33.568576	45.525880	97.631139	
39.263084	51.627907	59.441976	
19.300629	26.799929	83.744204	
39.172251	51.097205	66.239115	
0.000000	39.633265	103.424797	
0.164993	77.499764	113.903966	
2.578755	10.273741	63.748042	
10.843504	14.418350	114.307366	
0.000000	126.711900	0.000000	
0.000000	127.600509	0.000000	
66.052098	0.000000	0.000000	
78.836573	0.431735	5.208502	
90.939278	2.082217	23.047300	
95.724901	0.000000	0.000000	
47.811058	14.016086	106.266927	
27.259666	3.760169	58.692175	
7.419611	6.671642	98.461113	
3.952059	1.434405	156.631268	
83.450216	49.667451	116.136410	
0.000000	64.544721	150.420104	
19.591541	16.288879	114.666754	
2.298241	51.137997	147.408526	
47.752952	61.695086	102.378747	
49.456115	64.100089	81.316284	
39.263084	51.627907	59.441976	
33.182770	45.603168	112.457245	
17.590288	28.167391	130.605174	
18.611993	29.932098	124.268854	
2.578755	10.273741	63.748042	
4.397218	12.298317	54.698645	
1.226001	2.311609	30.655343	
1.114904	1.614086	29.029829	
0.000000	126.711900	0.000000	
118.634045	0.000000	94.111016	
92.671061	0.253746	3.057886	
51.043774	9.628311	110.790251	
27.259666	3.760169	58.692175	
22.114650	6.483037	49.152978	
22.114650	6.483037	49.152978	
23.432388	12.277350	56.423095	
21.901375	4.048242	63.282123	
0.656719	0.000000	53.234982	
9.545859	0.000000	156.547809	
25.501490	0.000000	153.001012	
25.501490	0.000000	153.001012	
1.571633	3.566332	152.882111	
0.000000	0.000000	143.810772	
5.723187	11.789077	85.546568	
5.575026	5.306273	79.161132	
4.297560	5.667767	56.184668	
4.834569	13.554089	56.420413	
4.397218	12.298317	54.698645	
0.789477	1.139237	28.381981	
0.789477	1.139237	28.381981	
0.000000	0.000000	38.121076	
102.883011	0.000000	111.112582	
92.671061	0.253746	3.057886	
28.060314	8.226042	62.368068	
22.114650	6.483037	49.152978	
22.114650	6.483037	49.152978	
23.378786	2.055826	50.056608	
23.378786	2.055826	50.056608	
3.952059	1.434405	156.631268	
0.656719	0.000000	53.234982	
1.163830	39.608938	96.723360	
1.163830	39.608938	96.723360	
25.075233	45.271471	146.031227	
0.000000	0.000000	151.000000	
5.723187	11.789077	85.546568	
5.575026	5.306273	79.161132	
4.297560	5.667767	56.184668	
2.849440	6.731675	30.443889	
2.849440	6.731675	30.443889	
4.720615	13.234611	56.505843	
1.114904	1.614086	29.029829	
0.000000	0.000000	29.133930	
107.871120	0.000000	147.243286	
12.877938	2.461160	37.497904	
7.765948	4.327299	44.822400	
8.263650	3.278346	44.822400	
7.765948	4.327299	44.822400	
7.765948	4.327299	44.822400	
81.615052	0.000000	157.005769	
30.986202	22.749123	95.339929	
23.487999	0.000000	118.913965	
30.986202	22.749123	95.339929	
23.487999	0.000000	118.913965	
28.762033	0.000000	107.227375	
3.563015	26.623036	103.074075	
3.079480	10.183873	48.866222	
3.079480	10.183873	48.866222	
2.574547	3.322530	37.044985	
2.846971	3.674101	36.991812	
2.574547	3.322530	37.044985	
1.226001	2.311609	30.655343	
0.000000	0.000000	132.764475	
107.871120	0.000000	147.243286	
12.877938	2.461160	37.497904	
8.263650	3.278346	44.822400	
88.429214	0.000000	139.304159	
7.765948	4.327299	44.822400	
75.446606	26.403167	147.739480	
75.446606	26.403167	147.739480	
9.545859	0.000000	156.547809	
4.937273	14.270162	131.065980	
28.762033	0.000000	107.227375	
25.075233	45.271471	146.031227	
0.000000	12.041753	51.078300	
2.657891	8.444056	41.144546	
2.657891	8.444056	41.144546	
2.531217	3.413278	29.944833	
1.741104	3.611981	28.182074	
0.944841	3.548083	25.739432	
0.944841	3.548083	25.739432	
0.000000	0.000000	132.764475	
74.341505	0.000000	162.771461	
77.045196	1.328181	113.869257	
0.000000	0.000000	132.595593	
81.615052	0.000000	157.005769	
65.008705	24.816557	154.516447	
65.008705	24.816557	154.516447	
7.188728	0.675540	155.593155	
4.937273	14.270162	131.065980	
25.075233	45.271471	146.031227	
0.000000	0.000000	143.985916	
0.519196	10.477757	51.452998	
0.000000	12.041753	51.078300	
2.493482	5.832965	41.651644	
2.161438	3.574753	29.847136	
1.741104	3.611981	28.182074	
1.655188	3.433745	26.791406	
1.655188	3.433745	26.791406	
0.000000	0.000000	132.764475	
37.643899	0.000000	153.342327	
62.264554	0.864969	120.703466	
38.120680	6.841946	158.202223	
38.120680	6.841946	158.202223	
41.735066	14.484801	144.501552	
2.161323	2.213348	163.765067	
30.544432	0.000000	162.527917	
0.000000	18.309987	137.463336	
0.000000	18.309987	137.463336	
0.000000	0.000000	143.985916	
3.563015	26.623036	103.074075	
0.519196	10.477757	51.452998	
2.424655	3.353154	29.819578	
2.475221	3.265058	30.628798	
2.475221	3.265058	30.628798	
2.475221	3.265058	30.628798	
0.000000	12.349508	85.287593	
30.630589	0.000000	120.192720	
30.630589	0.000000	120.192720	
29.433188	1.097093	125.428092	
41.735066	14.484801	144.501552	
17.470833	17.470833	102.303159	
0.361552	16.512460	131.992879	
0.230562	16.514808	131.992879	
0.230562	16.514808	131.992879	
0.000000	3.683314	130.711647	
0.000000	3.683314	130.711647	
0.021635	3.785918	133.934620	
5.212075	12.584116	87.983468	
2.424655	3.353154	29.819578	
2.882207	6.687627	58.467980	
2.475221	3.265058	30.628798	
0.000000	13.002485	122.143060	
31.817331	0.000000	124.849429	
4.491099	1.374498	122.938401	
4.491099	1.374498	122.938401	
4.317784	4.429897	163.677427	
4.317784	4.429897	163.677427	
0.361552	16.512460	131.992879	
7.361516	15.981494	127.832990	
0.000000	23.912196	124.889464	
0.000000	11.076677	130.476201	
0.000000	11.076677	130.476201	
0.021635	3.785918	133.934620	
0.263894	11.022819	114.414004	
5.902896	7.057675	69.871597	
3.581299	2.902685	25.588058	
0.000000	10.784913	110.722237	
37.643899	0.000000	153.342327	
1.398672	1.434989	113.776639	
0.000000	0.000000	163.794284	
0.105101	0.114843	37.135260	
0.105101	0.114843	37.135260	
1.786575	1.045539	62.220009	
0.000000	10.690779	119.580159	
0.000000	10.690779	119.580159	
0.000000	0.523895	124.859802	
2.529940	7.870949	121.318552	
0.000000	0.523895	124.859802	
0.263894	11.022819	114.414004	
0.375489	7.194991	32.587240	
0.000000	10.784913	110.722237	
0.000000	0.000000	163.794284	
1.398672	1.434989	113.776639	
1.115833	1.364418	60.655646	
0.000000	11.095350	140.164262	
7.901549	7.210820	116.765596	
7.361516	15.981494	127.832990	
6.267958	18.591769	102.006796	
0.000000	0.000000	116.492457	
0.000000	0.000000	116.492457	
0.000000	0.000000	120.665728	
0.000000	26.786570	125.148044	
0.375489	7.194991	32.587240	
0.000000	10.875467	123.808588	
0.000000	0.000000	89.148877	
0.073585	0.080406	25.999772	
1.115833	1.364418	60.655646	
4.274624	3.908519	117.563706	
7.901549	7.210820	116.765596	
0.000000	0.000000	117.326348	
4.255096	12.387020	102.604070	
6.267958	18.591769	102.006796	
4.255096	12.387020	102.604070	
0.000000	2.559303	114.202197	
0.000000	26.281473	122.788210	
0.000000	26.281473	122.788210	
0.000000	0.000000	178.739473	
0.073585	0.080406	25.999772	
6.527776	7.105247	108.800131	
6.527776	7.105247	108.800131	
0.000000	0.000000	105.289192	
0.000000	0.000000	105.289192	
0.000000	0.000000	111.357048	
0.000000	0.000000	111.357048	
0.000000	6.251524	114.568628	
0.721418	4.036833	75.005850	
0.000000	8.359599	111.645296	
0.000000	0.000000	178.739473	
2.731610	2.658751	74.989753	
2.731610	2.658751	74.989753	
0.260541	0.705548	103.702835	
0.260541	0.705548	103.702835	
1.265453	3.426862	105.713409	
0.000000	0.093713	109.644323	
0.000000	0.093713	109.644323	
0.721418	4.036833	75.005850	
0.000000	6.274197	114.758778	
0.000000	0.000000	168.430186	
0.177735	0.177735	25.998785	
4.274624	3.908519	117.563706	
0.703161	0.907225	112.688025	
0.000000	0.000000	114.660248	
0.023854	2.087054	112.694977	
0.138423	0.100561	102.093125	
0.138423	0.100561	102.093125	
0.000000	0.000000	119.721723	
0.000000	0.000000	168.430186	
0.177735	0.177735	25.998785	
0.416414	0.370920	49.681069	
0.493535	0.357811	54.308032	
0.967340	0.562801	56.968511	
3.096067	3.096067	46.711283	
0.000000	0.000000	97.401312	
0.000000	0.000000	97.401312	
0.000000	0.000000	168.430186	
0.416414	0.370920	49.681069	
0.416414	0.370920	49.681069	
0.493535	0.357811	54.308032	
3.096067	3.096067	46.711283	
0.000000	0.000000	80.346996	
0.000000	0.000000	97.401312	
0.000000	0.000000	120.976631	
0.227024	0.227024	28.602932	
0.858633	0.499555	58.996318	
0.000000	0.000000	46.916045	
0.000000	0.000000	46.916045	
0.000000	0.000000	90.025854	
0.000000	0.000000	110.643881	
0.227024	0.227024	28.602932	
0.858633	0.499555	58.996318	
0.000000	0.000000	46.916045	
0.000000	0.000000	46.916045	
0.000000	0.000000	34.472992	
0.445422	0.445422	28.055942	
1.206309	0.701834	62.159175	
0.000000	0.000000	80.346996	
0.000000	0.000000	34.472992	
0.445422	0.445422	28.055942	
0.000000	0.000000	47.716536	
0.000000	0.000000	34.472992	
0.000000	0.000000	47.716536	
0.000000	0.000000	116.327185	
0.000000	0.000000	0.000000	
0.000000	0.000000	0.000000	
0.000000	0.000000	0.000000	
0.000000	0.000000	0.000000	
0.000000	0.000000	0.000000	
0.000000	0.000000	0.000000	
0.000000	0.000000	0.000000	
0.000000	0.000000	0.000000	
0.000000	0.000000	0.000000	
0.000000	0.000000	0.000000	
