1.087540	0.000000	0.000000	
1.068229	0.000000	0.000000	
1.073955	0.000631	0.000000	
1.055808	0.021549	0.000000	
1.032359	0.008950	0.000000	
1.046933	0.009384	0.000000	
1.068456	0.000000	0.000000	
1.056196	0.000000	0.000000	
1.056196	0.000000	0.000000	
1.018670	0.207572	0.000000	
0.985535	0.301924	0.000000	
0.989550	0.317966	0.000000	
0.989550	0.317966	0.000000	
1.068784	0.288596	0.000000	
1.068784	0.288596	0.000000	
1.082209	0.072256	0.000000	
1.056347	0.436821	0.000000	
1.082209	0.072256	0.000000	
1.099537	0.694037	0.000000	
1.099537	0.694037	0.000000	
1.098530	0.904776	0.000000	
0.457532	1.028231	0.000000	
0.457532	1.028231	0.000000	
0.943535	1.125116	0.000000	
0.220914	1.162632	0.000000	
0.220914	1.162632	0.000000	
1.104715	0.916244	0.000000	
0.167074	1.716673	0.000000	
0.167074	1.716673	0.000000	
0.780439	2.122262	0.000000	
0.624524	2.211184	0.000000	
0.603864	2.114734	0.000000	
0.274415	2.386209	0.000000	
0.274415	2.386209	0.000000	
0.440460	3.186558	0.000000	
0.650303	3.629505	0.000000	
0.650303	3.629505	0.000000	
0.285770	3.645692	0.000000	
0.268983	3.654709	0.000000	
0.285770	3.645692	0.000000	
0.219353	3.803643	0.000000	
0.000000	4.455746	0.000000	
0.000000	4.455746	0.000000	
0.000000	5.553149	0.000000	
1.091351	0.000000	0.004997	
1.041564	0.001225	0.022093	
1.041564	0.001225	0.022093	
1.032359	0.008950	0.000000	
1.046933	0.009384	0.000000	
1.031362	0.075423	0.020870	
1.050495	0.000000	0.000000	
1.013860	0.119913	0.000000	
0.987133	0.234154	0.008917	
0.987133	0.234154	0.008917	
1.011462	0.217372	0.026880	
1.011462	0.217372	0.026880	
1.010174	0.163746	0.016383	
1.007700	0.330241	0.019467	
0.990045	0.357543	0.013980	
0.983905	0.458341	0.009833	
1.046467	0.303018	0.036067	
1.011416	0.614426	0.029462	
1.043016	0.298123	0.018458	
0.954682	0.778975	0.017762	
0.916589	0.835351	0.023464	
0.854309	0.888543	0.023322	
0.515723	0.937948	0.022644	
0.775152	0.841704	0.043456	
1.000454	1.223084	0.014541	
0.826238	1.212451	0.014428	
0.833468	1.198967	0.018355	
0.547314	1.467901	0.011989	
0.820087	1.593548	0.008811	
0.547314	1.467901	0.011989	
0.774054	2.084539	0.010932	
0.692115	1.998570	0.007107	
0.555636	2.176308	0.052237	
0.453867	2.303261	0.017929	
0.453867	2.303261	0.017929	
0.315660	3.772777	0.000000	
0.309765	3.703739	0.000000	
0.246670	3.586037	0.000000	
0.269898	3.577465	0.000000	
0.268983	3.654709	0.000000	
0.215870	3.628880	0.062072	
0.000000	4.390037	0.077131	
0.000000	4.390037	0.077131	
1.068229	0.000000	0.000000	
1.049196	0.000617	0.001150	
1.049196	0.000617	0.001150	
1.047249	0.056564	0.015736	
1.031362	0.075423	0.020870	
1.023021	0.112016	0.056626	
1.009188	0.074724	0.053980	
1.003948	0.198627	0.000000	
0.995999	0.187858	0.019197	
0.996581	0.230703	0.020357	
0.991679	0.253514	0.009919	
1.005978	0.267633	0.061413	
1.011952	0.259638	0.010604	
0.990045	0.357543	0.013980	
0.983905	0.458341	0.009833	
0.939426	0.440015	0.059155	
1.051065	0.668559	0.041969	
0.990596	0.701986	0.000000	
0.963648	0.472902	0.077101	
0.954682	0.778975	0.017762	
0.916589	0.835351	0.023464	
0.854309	0.888543	0.023322	
0.775152	0.841704	0.043456	
0.523575	1.003295	0.016273	
0.891529	0.602490	0.109485	
0.826238	1.212451	0.014428	
0.833468	1.198967	0.018355	
0.820087	1.593548	0.008811	
0.798758	1.902056	0.081705	
0.775166	1.908710	0.116930	
0.692115	1.998570	0.007107	
0.515753	2.094293	0.030695	
0.611375	2.237574	0.038507	
0.180338	2.252565	0.123732	
0.180338	2.252565	0.123732	
0.309765	3.703739	0.000000	
0.307093	3.692096	0.000000	
0.246670	3.586037	0.000000	
0.269898	3.577465	0.000000	
0.000000	3.779753	0.000000	
0.000000	4.484171	0.183137	
0.000000	4.484171	0.183137	
1.054230	0.000000	0.073328	
1.052166	0.000000	0.000996	
1.047621	0.054755	0.080169	
1.015534	0.000000	0.067246	
1.022459	0.054574	0.077457	
1.023021	0.112016	0.056626	
1.013860	0.119913	0.000000	
0.995999	0.187858	0.019197	
0.997971	0.231099	0.000000	
0.997971	0.231099	0.000000	
0.974914	0.320188	0.044553	
1.011952	0.259638	0.010604	
0.944635	0.406620	0.095148	
0.925717	0.443839	0.090125	
0.922468	0.440574	0.097657	
0.939426	0.440015	0.059155	
0.891529	0.602490	0.109485	
0.957695	0.482478	0.096198	
0.914393	0.739625	0.113183	
0.916325	0.699634	0.061710	
0.916325	0.699634	0.061710	
0.515723	0.937948	0.022644	
0.925090	0.877220	0.024448	
0.946650	0.997004	0.165794	
0.877837	1.191311	0.146301	
0.828931	0.820646	0.109782	
0.834640	1.241572	0.000000	
0.840118	1.014465	0.187524	
0.798758	1.902056	0.081705	
0.708666	1.995582	0.182761	
0.468624	2.041915	0.000000	
0.478857	1.960458	0.106334	
0.117620	2.015704	0.197787	
0.167655	2.536931	0.131160	
0.257761	2.649448	0.148757	
0.482517	1.085633	0.252575	
0.036326	3.515756	0.253549	
0.036326	3.515756	0.253549	
0.001649	3.897953	0.280513	
0.028115	4.209547	0.217892	
0.000000	5.062216	0.326833	
1.052166	0.000000	0.000996	
1.017144	0.000000	0.096010	
1.017144	0.000000	0.096010	
1.015534	0.000000	0.067246	
1.027976	0.098672	0.081423	
1.009188	0.074724	0.053980	
1.004405	0.180201	0.038669	
0.997949	0.190992	0.117777	
0.991679	0.253514	0.009919	
0.980765	0.235339	0.120356	
0.974966	0.304570	0.119502	
0.948652	0.361823	0.106614	
0.946152	0.425407	0.119070	
0.925717	0.443839	0.090125	
0.921832	0.511954	0.143105	
0.918118	0.558121	0.024776	
0.908506	0.572334	0.000000	
0.957695	0.482478	0.096198	
0.990596	0.701986	0.000000	
0.829636	0.839939	0.135038	
0.711603	0.942529	0.092360	
0.864616	0.890829	0.000000	
0.840118	1.014465	0.187524	
0.768711	0.651230	0.233141	
0.828931	0.820646	0.109782	
0.770608	1.422335	0.242181	
0.866632	1.842485	0.143138	
0.821156	1.867819	0.150060	
0.769733	1.890632	0.198901	
0.237371	1.979486	0.125753	
0.396388	2.029750	0.081343	
0.198328	1.684368	0.164772	
0.251096	2.050689	0.228835	
0.143683	2.211235	0.249115	
0.257761	2.649448	0.148757	
0.091030	2.477131	0.201135	
0.233278	2.835806	0.303714	
0.001649	3.897953	0.280513	
0.048654	4.219855	0.342212	
0.000000	4.551253	0.000000	
1.067847	0.000000	0.015043	
1.072699	0.000296	0.009333	
1.045433	0.015580	0.000000	
1.045923	0.075448	0.134915	
1.021828	0.116079	0.067674	
1.004816	0.136161	0.150247	
0.986298	0.138316	0.154984	
0.997945	0.191982	0.069208	
0.980765	0.235339	0.120356	
0.968503	0.287078	0.162817	
0.968503	0.287078	0.162817	
0.956775	0.384080	0.163656	
0.944407	0.411332	0.142323	
0.925842	0.458610	0.158214	
0.907331	0.485717	0.163591	
0.908506	0.572334	0.000000	
0.926030	0.538745	0.195096	
0.943030	0.762509	0.162279	
0.800368	0.895699	0.036235	
0.829636	0.839939	0.135038	
0.864616	0.890829	0.000000	
0.981327	0.974627	0.187000	
0.581195	1.194483	0.295864	
0.614443	1.218941	0.245081	
0.770608	1.422335	0.242181	
0.418232	1.059566	0.342300	
0.418232	1.059566	0.342300	
0.769733	1.890632	0.198901	
0.642515	1.903912	0.191600	
0.430177	1.958886	0.251911	
0.430177	1.958886	0.251911	
0.198328	1.684368	0.164772	
0.229431	1.836255	0.310886	
0.190934	1.950090	0.301195	
0.190934	1.950090	0.301195	
0.000000	2.244931	0.001294	
0.167410	2.854473	0.108324	
0.009142	3.057821	0.096830	
0.000000	3.692839	0.071718	
1.098305	0.000000	0.000000	
1.045433	0.015580	0.000000	
1.041838	0.026440	0.085546	
1.023809	0.076837	0.167995	
1.002140	0.025538	0.174448	
0.998686	0.140541	0.132545	
0.983351	0.188406	0.186058	
0.983351	0.188406	0.186058	
0.987179	0.208032	0.193918	
0.966954	0.294353	0.150474	
0.950973	0.316543	0.212390	
0.947360	0.350971	0.213132	
0.951934	0.398318	0.171383	
0.925842	0.458610	0.158214	
0.897443	0.497098	0.208275	
0.918118	0.558121	0.024776	
0.898752	0.659125	0.252971	
0.992178	0.545042	0.141496	
0.914871	0.907503	0.124958	
0.800368	0.895699	0.036235	
0.971223	0.069621	0.351933	
0.748620	1.266712	0.342087	
0.748620	1.266712	0.342087	
0.611707	0.915674	0.304378	
0.611707	0.915674	0.304378	
0.822329	0.894187	0.433364	
0.794373	1.894457	0.294839	
0.313174	1.857045	0.252614	
0.000000	1.836909	0.273362	
0.071405	1.725256	0.342908	
0.139736	1.693267	0.340281	
0.217934	1.712468	0.313874	
0.169421	1.684731	0.253797	
0.139736	1.693267	0.340281	
0.059027	1.559990	0.312111	
0.000000	2.244931	0.001294	
0.009142	3.057821	0.096830	
0.000000	1.635374	0.517349	
1.100771	0.000000	0.187764	
1.056820	0.013408	0.052432	
0.994411	0.008686	0.208716	
1.015563	0.020220	0.197936	
1.006770	0.099354	0.205258	
0.973331	0.148634	0.223478	
0.973331	0.148634	0.223478	
0.978867	0.222423	0.229746	
0.975507	0.262171	0.226816	
0.957020	0.299003	0.226423	
0.950973	0.316543	0.212390	
0.944407	0.411332	0.142323	
0.922880	0.461047	0.209042	
0.900927	0.516036	0.257319	
0.918580	0.530829	0.282321	
0.844906	0.667978	0.339580	
0.716468	0.718515	0.314325	
0.898752	0.659125	0.252971	
1.002892	0.947397	0.072374	
1.002892	0.947397	0.072374	
1.068791	0.639565	0.167690	
0.502897	1.351065	0.159535	
0.469536	1.251181	0.364069	
0.578404	1.187014	0.325171	
0.634027	1.246434	0.456516	
0.655923	1.499672	0.492187	
0.647720	1.821474	0.279799	
0.442708	1.591037	0.300997	
0.000000	1.836909	0.273362	
0.071405	1.725256	0.342908	
0.167737	1.606048	0.292695	
0.194923	1.652799	0.368789	
0.202696	1.631424	0.340797	
0.048029	1.837022	0.266291	
0.059027	1.559990	0.312111	
0.054288	2.412493	0.215296	
0.000000	1.635374	0.517349	
1.097026	0.000000	0.230782	
1.041838	0.026440	0.085546	
0.994411	0.008686	0.208716	
0.997418	0.068293	0.239774	
0.989915	0.073508	0.199634	
0.980257	0.159598	0.227961	
0.962942	0.163827	0.267544	
0.978867	0.222423	0.229746	
0.973566	0.270839	0.273955	
0.957020	0.299003	0.226423	
0.946999	0.345687	0.267707	
0.964639	0.403327	0.289249	
0.922880	0.461047	0.209042	
0.997588	0.487844	0.134965	
0.898774	0.500180	0.364283	
0.716468	0.718515	0.314325	
0.844906	0.667978	0.339580	
1.054257	0.650788	0.132037	
1.068791	0.639565	0.167690	
0.642190	0.804745	0.521144	
0.642190	0.804745	0.521144	
0.876155	1.265836	0.479287	
0.000000	1.571680	0.408879	
0.634027	1.246434	0.456516	
0.578404	1.187014	0.325171	
0.655923	1.499672	0.492187	
0.542282	1.464169	0.546354	
0.513234	1.443846	0.511971	
0.266590	1.703055	0.480628	
0.177328	1.516693	0.420342	
0.177328	1.516693	0.420342	
0.184500	1.511486	0.425424	
0.141616	1.690713	0.294020	
0.048029	1.837022	0.266291	
0.052995	2.010643	0.280359	
0.000000	2.759304	0.667057	
1.097026	0.000000	0.230782	
1.021267	0.027162	0.246350	
1.010522	0.053791	0.275591	
0.987393	0.079383	0.234942	
0.969434	0.059896	0.288153	
0.962942	0.163827	0.267544	
0.990847	0.164003	0.205703	
0.992058	0.227269	0.170373	
0.968306	0.079751	0.318581	
0.952580	0.099071	0.347133	
0.952580	0.099071	0.347133	
0.943814	0.381603	0.297986	
0.935307	0.135357	0.386787	
1.001361	0.050373	0.287591	
0.793514	0.641597	0.396066	
0.793514	0.641597	0.396066	
0.697769	0.731116	0.463537	
0.557472	0.840561	0.516169	
0.992672	0.409984	0.530069	
0.403253	0.910205	0.537810	
0.000000	1.290625	0.507415	
0.862393	0.651374	0.605348	
0.000000	1.340127	0.541515	
0.000000	1.340127	0.541515	
0.485149	1.265628	0.319227	
0.485149	1.265628	0.319227	
0.513234	1.443846	0.511971	
0.442708	1.591037	0.300997	
0.169528	1.543675	0.495463	
0.169528	1.543675	0.495463	
0.184500	1.511486	0.425424	
0.141616	1.690713	0.294020	
0.014124	1.596361	0.509688	
0.014124	1.596361	0.509688	
0.000000	2.515422	0.591645	
1.122026	0.000000	0.269632	
1.021267	0.027162	0.246350	
1.011230	0.064051	0.313320	
0.989420	0.005223	0.331024	
0.997418	0.068293	0.239774	
1.003384	0.064315	0.267875	
0.982122	0.065621	0.335975	
0.968306	0.079751	0.318581	
0.946171	0.033770	0.387378	
0.946171	0.033770	0.387378	
0.935307	0.135357	0.386787	
0.928731	0.231318	0.367573	
0.984550	0.148499	0.454300	
1.035252	0.494530	0.015433	
0.907675	0.424093	0.420020	
0.830258	0.738773	0.340380	
0.557472	0.840561	0.516169	
0.412435	0.902860	0.586495	
0.403253	0.910205	0.537810	
0.862393	0.651374	0.605348	
0.000000	1.167689	0.626317	
0.468097	1.204205	0.000000	
0.000000	0.972091	0.540245	
0.000000	0.986776	0.498598	
0.415111	1.389471	0.280965	
0.272408	1.146028	0.632673	
0.367545	1.692552	0.402101	
0.327323	1.622242	0.623042	
0.207082	1.652967	0.580865	
0.207082	1.652967	0.580865	
0.148503	1.644894	0.297060	
0.088734	1.716260	0.327306	
0.018543	2.089196	0.184351	
0.000000	2.446294	0.675209	
1.122026	0.000000	0.269632	
0.989420	0.005223	0.331024	
1.011230	0.064051	0.313320	
1.002202	0.027016	0.285195	
0.988746	0.079573	0.263702	
0.982122	0.065621	0.335975	
0.976348	0.100187	0.386858	
0.960117	0.018419	0.410968	
0.940122	0.087363	0.369711	
0.940122	0.087363	0.369711	
0.928731	0.231318	0.367573	
0.949604	0.336577	0.290272	
0.955177	0.025225	0.533885	
0.847796	0.281623	0.540518	
0.847796	0.281623	0.540518	
0.954878	0.000000	0.630536	
0.780362	0.719127	0.642519	
0.369264	0.767976	0.610207	
0.147826	0.894388	0.635491	
0.641675	1.068375	0.616025	
0.380284	1.048579	0.269205	
0.000000	1.167689	0.626317	
0.000000	0.972091	0.540245	
0.246012	0.919069	0.490592	
0.272408	1.146028	0.632673	
0.234382	1.493123	0.676380	
0.234382	1.493123	0.676380	
0.327323	1.622242	0.623042	
0.162670	1.791777	0.244501	
0.088734	1.716260	0.327306	
0.062936	1.862838	0.172680	
0.062936	1.862838	0.172680	
0.000000	2.325607	0.046444	
1.016536	0.000000	0.426741	
1.007157	0.011407	0.381425	
1.002202	0.027016	0.285195	
0.919676	0.078235	0.419146	
0.981741	0.089216	0.233388	
0.946062	0.000000	0.445220	
0.939425	0.028036	0.404635	
0.939425	0.028036	0.404635	
0.937995	0.136018	0.486444	
0.924647	0.000000	0.489533	
0.949604	0.336577	0.290272	
0.940728	0.000000	0.586271	
0.952184	0.415059	0.433183	
0.954878	0.000000	0.630536	
1.015068	0.000000	0.654377	
0.369264	0.767976	0.610207	
0.073928	0.880096	0.676819	
0.147826	0.894388	0.635491	
0.509324	0.742223	0.571973	
0.380284	1.048579	0.269205	
0.548942	0.956435	0.298159	
0.426445	0.966892	0.390189	
0.322297	1.211834	0.082376	
0.246012	0.919069	0.490592	
0.167755	1.070534	0.764604	
0.359988	1.746459	0.590093	
0.346408	1.743677	0.692573	
0.136799	1.870278	0.767588	
0.162670	1.791777	0.244501	
0.064109	1.897568	0.243620	
0.064109	1.897568	0.243620	
0.000000	2.234036	0.859528	
1.016536	0.000000	0.426741	
0.959552	0.023993	0.443249	
1.000379	0.032312	0.422564	
0.980970	0.082794	0.378148	
0.952855	0.094684	0.453835	
0.946062	0.000000	0.445220	
0.927249	0.066880	0.492928	
0.909017	0.000000	0.524997	
0.924647	0.000000	0.489533	
0.918703	0.000000	0.578777	
0.940728	0.000000	0.586271	
0.851299	0.371083	0.650949	
0.851299	0.371083	0.650949	
0.821527	0.417695	0.749385	
0.875826	0.463086	0.719136	
0.821527	0.417695	0.749385	
0.509324	0.742223	0.571973	
0.554337	0.816677	0.468585	
0.201029	0.971395	0.585219	
0.548942	0.956435	0.298159	
0.426445	0.966892	0.390189	
0.419393	1.124589	0.181535	
0.322297	1.211834	0.082376	
0.167755	1.070534	0.764604	
0.174222	0.643833	0.888391	
0.047335	1.850545	0.946957	
0.218860	1.897467	0.835300	
0.087676	1.965135	0.941170	
0.007677	1.999589	0.858259	
0.007677	1.999589	0.858259	
0.000000	2.014709	0.869747	
1.014381	0.000000	0.469536	
0.959552	0.023993	0.443249	
1.004150	0.000000	0.411804	
0.981174	0.072182	0.372993	
0.962357	0.003976	0.537567	
0.904447	0.010687	0.547599	
0.904447	0.010687	0.547599	
0.887886	0.000000	0.586076	
0.887886	0.000000	0.586076	
0.837463	0.000000	0.617475	
0.897025	0.364229	0.490205	
0.825020	0.383835	0.736572	
0.686710	0.431483	0.680641	
0.576598	0.662170	0.803040	
0.216720	0.753011	0.796556	
0.691250	0.838646	0.409000	
0.606115	0.768249	0.542078	
0.606115	0.768249	0.542078	
0.336869	0.872172	0.556896	
0.325225	0.788500	0.631239	
0.280961	0.939694	0.683946	
0.392088	0.990857	0.545037	
0.369425	1.156083	0.663993	
0.294896	0.744301	0.788109	
0.130692	1.339921	0.652615	
0.000000	1.641443	0.000000	
0.016475	1.833704	0.954781	
0.000000	1.921688	0.950716	
0.035326	1.969284	0.947866	
0.000000	2.014709	0.869747	
1.014381	0.000000	0.469536	
0.993512	0.002242	0.508424	
0.938115	0.046943	0.392329	
0.980970	0.082794	0.378148	
0.882404	0.019004	0.560270	
0.904447	0.010687	0.547599	
0.904447	0.010687	0.547599	
0.963346	0.118734	0.671766	
0.963346	0.118734	0.671766	
0.901711	0.297154	0.479741	
0.882815	0.423039	0.712722	
0.782974	0.355645	0.694149	
0.827031	0.401664	0.682704	
0.706250	0.621157	0.755818	
0.752031	0.643543	0.802217	
0.467975	0.749771	0.762987	
0.494052	0.752258	0.582535	
0.306917	0.812983	0.598099	
0.325225	0.788500	0.631239	
0.301004	0.893699	0.684441	
0.301004	0.893699	0.684441	
0.305312	0.752952	0.692354	
0.294896	0.744301	0.788109	
0.000000	1.335111	0.504359	
0.192773	0.948422	0.962741	
0.192773	0.948422	0.962741	
0.000000	0.247640	1.012752	
0.009525	0.188367	1.017301	
0.000000	0.000000	1.035649	
1.014381	0.000000	0.469536	
0.973508	0.004393	0.502062	
0.938115	0.046943	0.392329	
0.936608	0.000000	0.621890	
0.973997	0.136016	0.637041	
0.918525	0.045524	0.651733	
0.896838	0.016511	0.690706	
0.881018	0.042850	0.752619	
0.830264	0.293616	0.710016	
0.753272	0.387054	0.685088	
0.782974	0.355645	0.694149	
0.686710	0.431483	0.680641	
0.431983	0.544417	0.783587	
0.576598	0.662170	0.803040	
0.454699	0.713513	0.775991	
0.216169	0.726428	0.769688	
0.221666	0.751527	0.741471	
0.232288	0.740403	0.728309	
0.232288	0.740403	0.728309	
0.305312	0.752952	0.692354	
0.311186	0.828935	0.676084	
0.281148	0.854244	0.723036	
0.211231	1.007882	0.803822	
0.211231	1.007882	0.803822	
0.158661	0.678720	1.002315	
0.000000	1.336776	1.040968	
0.009525	0.188367	1.017301	
0.000000	1.336776	1.040968	
1.004150	0.000000	0.411804	
0.977152	0.005326	0.645524	
0.954272	0.000000	0.698694	
0.981975	0.102890	0.659047	
0.896838	0.016511	0.690706	
0.869605	0.127751	0.710134	
0.764185	0.070097	0.719501	
0.830264	0.293616	0.710016	
0.819207	0.064810	0.777443	
0.656137	0.408072	0.768262	
0.656137	0.408072	0.768262	
0.431983	0.544417	0.783587	
0.648078	0.314634	0.859904	
0.252240	0.635553	0.791212	
0.256528	0.617643	0.807989	
0.343801	0.680346	0.761867	
0.267442	0.695348	0.768845	
0.213945	0.745001	0.748641	
0.221666	0.751527	0.741471	
0.275390	0.748220	0.708689	
0.245777	0.815110	0.728078	
0.143735	0.866410	0.753220	
0.182189	0.717657	0.797159	
0.070884	1.214013	0.877397	
0.000000	0.000000	1.025707	
0.000000	0.015762	1.059461	
0.000000	0.000000	1.095435	
0.954272	0.000000	0.698694	
0.969223	0.009046	0.383981	
0.984700	0.078764	0.457738	
0.926921	0.049825	0.761163	
0.885189	0.021744	0.829292	
0.807647	0.100453	0.800144	
0.819207	0.064810	0.777443	
0.807109	0.334800	0.864700	
0.782974	0.355645	0.694149	
0.604184	0.422583	0.812737	
0.384433	0.431148	0.880161	
0.154325	0.490918	0.922515	
0.381864	0.557128	0.877306	
0.235568	0.605622	0.832701	
0.256528	0.617643	0.807989	
0.327253	0.642234	0.774077	
0.304968	0.677076	0.765495	
0.304086	0.694605	0.745570	
0.275390	0.748220	0.708689	
0.211749	0.752307	0.747078	
0.211749	0.752307	0.747078	
0.143735	0.866410	0.753220	
0.000000	0.937249	0.794701	
0.022777	0.233201	1.063930	
0.022777	0.233201	1.063930	
0.000000	0.000000	1.095886	
0.955434	0.000000	0.678943	
0.969223	0.009046	0.383981	
1.013080	0.000000	0.313228	
0.885189	0.021744	0.829292	
0.828505	0.155177	0.809815	
0.680313	0.151006	0.808927	
0.680313	0.151006	0.808927	
0.807109	0.334800	0.864700	
0.650228	0.337337	0.878400	
0.384433	0.431148	0.880161	
0.366526	0.450675	0.931276	
0.170272	0.477388	0.888941	
0.272095	0.534108	0.858657	
0.188094	0.578759	0.847761	
0.235568	0.605622	0.832701	
0.235552	0.614231	0.803679	
0.305955	0.660558	0.786789	
0.282774	0.704602	0.725703	
0.197041	0.705941	0.768803	
0.197041	0.705941	0.768803	
0.059787	0.745563	0.771914	
0.000000	0.607099	0.840535	
0.000000	0.937249	0.794701	
0.000000	0.000000	1.056180	
0.000000	0.000000	1.095886	
1.133868	0.000000	0.286235	
1.013080	0.000000	0.313228	
0.003813	0.087957	1.022332	
0.782210	0.102443	0.909592	
0.828505	0.155177	0.809815	
0.802283	0.026389	0.884188	
0.432843	0.221329	0.893827	
0.472431	0.337064	0.942666	
0.472431	0.337064	0.942666	
0.490399	0.288279	0.908263	
0.420317	0.320112	0.911512	
0.170272	0.477388	0.888941	
0.324367	0.503755	0.831529	
0.260246	0.515099	0.848524	
0.230942	0.586742	0.832968	
0.235366	0.567513	0.814082	
0.235552	0.614231	0.803679	
0.208982	0.710077	0.812913	
0.182189	0.717657	0.797159	
0.152300	0.692853	0.816919	
0.076333	0.717377	0.863095	
0.048489	0.844250	0.778168	
0.053407	0.095882	1.077890	
0.000000	0.000000	1.056180	
0.000000	0.000000	1.071352	
0.007866	0.027828	1.045710	
0.003813	0.087957	1.022332	
0.782210	0.102443	0.909592	
0.850360	0.000000	0.829089	
0.404327	0.231631	0.932061	
0.432843	0.221329	0.893827	
0.657484	0.235705	0.952750	
0.220209	0.357070	0.946245	
0.499017	0.377591	0.840246	
0.490399	0.288279	0.908263	
0.253284	0.456993	0.873419	
0.253284	0.456993	0.873419	
0.324367	0.503755	0.831529	
0.239257	0.535633	0.844647	
0.235366	0.567513	0.814082	
0.188255	0.617419	0.838096	
0.184691	0.563326	0.844499	
0.142207	0.633895	0.867712	
0.000000	0.607099	0.840535	
0.048489	0.844250	0.778168	
0.004384	1.003676	1.010822	
0.000000	1.092062	0.692728	
0.000000	0.000000	1.040612	
0.009360	0.035316	1.018984	
0.019491	0.070322	1.015286	
0.055991	0.117754	1.007618	
0.063109	0.178674	1.004963	
0.532666	0.188408	0.937656	
0.536404	0.197364	0.864317	
0.531539	0.288907	0.919250	
0.401510	0.339155	0.926310	
0.349730	0.369749	0.902815	
0.203495	0.410587	0.919393	
0.203495	0.410587	0.919393	
0.291246	0.473860	0.863158	
0.208570	0.491344	0.863890	
0.239257	0.535633	0.844647	
0.171966	0.581068	0.850157	
0.188255	0.617419	0.838096	
0.119902	0.682990	0.857956	
0.039475	0.521408	0.888339	
0.054913	0.650830	0.937376	
0.012408	0.533862	0.889751	
0.000000	0.000000	1.115224	
0.000000	0.000000	1.040612	
0.000000	0.000000	1.017598	
0.013851	0.030238	1.018065	
0.031967	0.097199	1.008985	
0.055765	0.143522	1.005724	
0.536404	0.197364	0.864317	
0.532666	0.188408	0.937656	
0.531539	0.288907	0.919250	
0.366454	0.293515	0.952176	
0.401510	0.339155	0.926310	
0.161248	0.382402	0.930405	
0.258646	0.424049	0.924277	
0.242894	0.461286	0.877719	
0.239712	0.483437	0.862802	
0.224867	0.496917	0.871238	
0.171966	0.581068	0.850157	
0.039475	0.521408	0.888339	
0.119902	0.682990	0.857956	
0.054913	0.650830	0.937376	
0.012408	0.533862	0.889751	
0.000000	0.000000	1.115224	
0.000000	0.000000	1.017598	
0.005904	0.026317	1.020974	
0.037519	0.073333	1.006539	
0.055991	0.117754	1.007618	
0.055765	0.143522	1.005724	
0.045081	0.186611	0.998323	
0.534056	0.163057	0.954464	
0.388518	0.281787	0.956410	
0.390585	0.295399	0.948572	
0.347945	0.321455	0.953934	
0.204635	0.365451	0.942467	
0.261051	0.415071	0.913994	
0.193077	0.411642	0.905731	
0.208990	0.469513	0.890801	
0.185159	0.479946	0.892363	
0.122042	0.583290	0.917759	
0.097057	0.547561	0.947991	
0.080352	0.628969	0.951454	
0.017011	0.482859	0.969293	
0.000000	0.646547	0.955226	
0.000000	0.000000	1.021243	
0.005904	0.026317	1.020974	
0.007746	0.073386	1.009214	
0.037519	0.073333	1.006539	
0.026805	0.105648	1.007975	
0.026805	0.105648	1.007975	
0.033559	0.237015	0.991566	
0.040025	0.255635	0.984058	
0.198118	0.300444	0.959335	
0.161410	0.303297	0.946240	
0.211371	0.361867	0.923688	
0.213256	0.398848	0.921897	
0.193077	0.411642	0.905731	
0.185159	0.479946	0.892363	
0.117058	0.444672	0.951768	
0.097057	0.547561	0.947991	
0.075351	0.497023	0.968324	
0.015561	0.528679	0.986774	
0.000000	0.491627	1.022047	
0.000000	0.000000	1.038240	
0.000000	0.000000	1.021243	
0.023379	0.054466	1.016207	
0.054112	0.115519	1.010885	
0.041758	0.146437	1.000936	
0.009030	0.018228	1.011168	
0.367381	0.228509	0.992337	
0.040025	0.255635	0.984058	
0.208524	0.288595	0.961510	
0.195875	0.305687	0.952797	
0.250993	0.347149	0.935481	
0.211371	0.361867	0.923688	
0.174061	0.378224	0.926287	
0.134531	0.282887	0.960771	
0.090614	0.480263	0.956564	
0.059492	0.504542	0.928536	
0.011639	0.468592	0.967031	
0.000000	0.646547	0.955226	
0.000000	0.000000	1.036160	
0.002050	0.006138	1.017080	
0.000000	0.000000	1.019505	
0.019153	0.107166	1.007842	
0.009030	0.018228	1.011168	
0.041758	0.146437	1.000936	
0.100967	0.208401	0.981383	
0.119893	0.214057	0.982686	
0.278948	0.265487	0.962642	
0.161410	0.303297	0.946240	
0.195875	0.305687	0.952797	
0.134531	0.282887	0.960771	
0.137937	0.399105	0.950925	
0.087554	0.461075	0.972629	
0.011639	0.468592	0.967031	
0.027329	0.485161	0.972541	
0.000000	0.551951	1.010622	
0.000000	0.000000	1.033761	
0.000000	0.000000	1.023597	
0.000000	0.000000	1.013755	
0.000000	0.000000	1.013755	
0.021655	0.094874	1.012190	
0.037809	0.173365	1.004426	
0.069173	0.201044	0.993899	
0.100967	0.208401	0.981383	
0.242211	0.275867	0.964834	
0.198118	0.300444	0.959335	
0.035696	0.332557	0.965460	
0.040842	0.329304	0.971699	
0.101896	0.330711	0.976952	
0.062849	0.454105	0.973770	
0.034961	0.486409	0.997614	
0.000000	0.405028	1.018673	
0.000000	0.000000	1.023597	
0.002050	0.006138	1.017080	
0.000000	0.000000	1.009429	
0.000000	0.000000	1.009429	
0.015485	0.076326	1.009634	
0.037809	0.173365	1.004426	
0.043464	0.206007	0.991765	
0.085376	0.226426	0.976702	
0.085376	0.226426	0.976702	
0.084429	0.234398	0.976614	
0.035696	0.332557	0.965460	
0.040842	0.329304	0.971699	
0.020099	0.375749	1.001624	
0.020099	0.375749	1.001624	
0.000000	0.405028	1.018673	
0.000000	0.000000	1.033761	
0.000000	0.000000	1.019505	
0.006761	0.026825	1.011943	
0.012083	0.053877	1.006585	
0.014777	0.070728	1.005980	
0.017757	0.079209	1.006721	
0.114826	0.182141	0.988585	
0.079449	0.228954	0.979875	
0.085376	0.226426	0.976702	
0.097039	0.230562	0.977014	
0.070665	0.310669	0.958963	
0.059779	0.297968	1.019192	
0.000000	0.386180	1.033683	
0.000000	0.388593	1.098842	
0.000000	0.000000	1.034596	
0.002189	0.009892	1.031972	
0.012083	0.053877	1.006585	
0.014777	0.070728	1.005980	
0.017757	0.079209	1.006721	
0.069317	0.125813	0.999708	
0.119319	0.179530	0.991588	
0.095114	0.219902	0.979189	
0.097039	0.230562	0.977014	
0.009227	0.261317	0.979132	
0.000000	0.235087	0.997871	
0.014410	0.209082	1.034543	
0.000000	0.386180	1.033683	
0.000000	0.000000	1.052471	
0.000000	0.000000	1.017829	
0.007908	0.041017	1.012362	
0.015485	0.076326	1.009634	
0.021443	0.073527	1.010877	
0.041929	0.146753	1.006054	
0.114826	0.182141	0.988585	
0.043464	0.206007	0.991765	
0.079449	0.228954	0.979875	
0.021830	0.249316	0.984660	
0.014410	0.209082	1.034543	
0.000000	0.354667	0.975699	
0.000000	0.000000	1.050534	
0.001473	0.005283	1.017962	
0.014623	0.049866	1.012197	
0.016531	0.050350	1.006829	
0.016531	0.050350	1.006829	
0.021949	0.125870	1.007569	
0.119319	0.179530	0.991588	
0.086916	0.174642	1.000884	
0.021949	0.125870	1.007569	
0.000000	0.000000	1.038857	
0.000000	0.075744	1.081879	
0.000000	0.000000	1.045933	
0.001473	0.005283	1.017962	
0.002339	0.007694	1.018050	
0.034006	0.068789	1.008069	
0.053922	0.114643	1.008559	
0.041929	0.146753	1.006054	
0.086916	0.174642	1.000884	
0.015196	0.056949	1.009817	
0.015196	0.056949	1.009817	
0.000000	0.075744	1.081879	
0.000000	0.000000	1.045933	
0.007665	0.028065	1.019880	
0.006439	0.025135	1.021217	
0.006439	0.025135	1.021217	
0.053459	0.090296	1.017550	
0.000000	0.029486	1.021982	
0.020664	0.126723	1.034686	
0.000000	0.000000	1.038857	
0.000000	0.000000	1.033503	
0.000000	0.000000	1.079807	
0.002192	0.005032	1.023770	
0.006222	0.019051	1.012920	
0.000000	0.000000	1.029657	
0.000000	0.000000	1.038779	
0.006892	0.058334	1.029495	
0.000000	0.057165	1.027171	
0.000000	0.057165	1.027171	
0.000000	0.000000	1.057955	
0.006222	0.019051	1.012920	
0.000000	0.003089	1.023023	
0.000000	0.003089	1.023023	
0.039473	0.074646	1.039349	
0.006892	0.058334	1.029495	
0.000000	0.000000	1.033503	
0.000000	0.000000	1.068416	
0.000000	0.000000	1.063863	
0.000000	0.000000	1.063863	
0.000000	0.059028	1.091451	
0.022924	0.089318	1.057856	
0.000000	0.015742	1.079387	
0.000000	0.000000	1.126211	
0.000000	0.006315	1.045706	
0.000000	0.006315	1.045706	
0.000000	0.015742	1.079387	
0.000000	0.059028	1.091451	
0.000000	0.000000	1.076537	
0.000000	0.000000	1.076537	
0.000000	0.004744	1.101986	
0.000000	0.002917	1.137256	
0.000000	0.000000	1.161683	
0.000000	0.015709	1.127287	
0.000000	0.004744	1.101986	
0.000000	0.000000	1.134921	
0.000000	0.015709	1.127287	
0.000000	0.000000	1.162698	
0.000000	0.000000	0.000000	
0.000000	0.000000	0.000000	
0.000000	0.000000	0.000000	
0.000000	0.000000	0.000000	
0.000000	0.000000	0.000000	
0.000000	0.000000	0.000000	
0.000000	0.000000	0.000000	
0.000000	0.000000	0.000000	
0.000000	0.000000	0.000000	
0.000000	0.000000	0.000000	
