1.020869	0.000000	0.000000	
1.020869	0.000000	0.000000	
1.015341	0.035679	0.000000	
1.029331	0.000000	0.000000	
1.027842	0.081286	0.000000	
1.027842	0.081286	0.000000	
1.019441	0.155417	0.000000	
1.005570	0.167643	0.000000	
1.005570	0.167643	0.000000	
0.993526	0.248717	0.000000	
0.983694	0.290884	0.000000	
0.972583	0.329404	0.000000	
0.950765	0.368104	0.000000	
0.943801	0.372912	0.000000	
0.918943	0.425102	0.000000	
0.940628	0.424621	0.000000	
0.952073	0.440887	0.000000	
0.910272	0.505188	0.000000	
0.821654	0.604018	0.000000	
0.764998	0.703937	0.000000	
0.779112	0.706415	0.000000	
0.785130	0.719882	0.000000	
0.799905	0.780320	0.000000	
0.734572	0.919425	0.000000	
0.734572	0.919425	0.000000	
0.531805	0.951302	0.000000	
0.525916	0.946573	0.000000	
0.599154	0.971420	0.000000	
0.383766	1.008599	0.000000	
0.488677	1.061666	0.000000	
0.167257	1.120134	0.000000	
0.167257	1.120134	0.000000	
0.044338	1.191178	0.000000	
0.044338	1.191178	0.000000	
0.003272	1.233697	0.000000	
0.000000	1.383838	0.000000	
0.000000	1.383838	0.000000	
0.000000	1.486992	0.000000	
0.000000	1.493517	0.000000	
0.000000	1.497950	0.000000	
0.000000	1.497950	0.000000	
0.033743	1.544853	0.000000	
0.000000	1.950694	0.000000	
0.000000	1.980789	0.000000	
1.029331	0.000000	0.000000	
1.041564	0.001225	0.022093	
1.015341	0.035679	0.000000	
1.016079	0.023697	0.025462	
1.006283	0.026127	0.000547	
1.013268	0.125665	0.002243	
1.008379	0.071179	0.001393	
1.003443	0.173124	0.000863	
0.987133	0.234154	0.008917	
0.971136	0.258449	0.008867	
0.968718	0.292468	0.010977	
0.949809	0.337744	0.021874	
0.935703	0.364148	0.027236	
0.933496	0.402616	0.000000	
0.918943	0.425102	0.000000	
0.918138	0.437239	0.023316	
0.872667	0.536286	0.004019	
0.857686	0.591199	0.019500	
0.795310	0.650639	0.000000	
0.782639	0.666066	0.010658	
0.788635	0.714759	0.011213	
0.797665	0.743843	0.026561	
0.659300	0.822168	0.009112	
0.600180	0.883653	0.020572	
0.551921	0.933330	0.005869	
0.551921	0.933330	0.005869	
0.525916	0.946573	0.000000	
0.431896	0.948968	0.036478	
0.431896	0.948968	0.036478	
0.171593	1.155440	0.000000	
0.171593	1.155440	0.000000	
0.150639	1.204249	0.000000	
0.193384	1.297895	0.000000	
0.003272	1.233697	0.000000	
0.109029	1.594787	0.022331	
0.010331	1.406172	0.000000	
0.000000	1.493517	0.000000	
0.176361	1.154708	0.008159	
0.075090	1.776022	0.000000	
0.022158	1.611087	0.046861	
0.000000	1.810492	0.000000	
0.032912	1.557552	0.000000	
0.000000	2.198934	0.000000	
1.047034	0.000000	0.000000	
1.021446	0.000000	0.000708	
1.006067	0.030068	0.036085	
1.005940	0.003452	0.029273	
1.005940	0.003452	0.029273	
1.004287	0.000000	0.054635	
1.000749	0.160481	0.032027	
0.995551	0.188724	0.040612	
0.978545	0.233495	0.000000	
0.971136	0.258449	0.008867	
0.959502	0.308614	0.000000	
0.949809	0.337744	0.021874	
0.935703	0.364148	0.027236	
0.916146	0.429156	0.027442	
0.918138	0.437239	0.023316	
0.910272	0.505188	0.000000	
0.847218	0.563437	0.022693	
0.847218	0.563437	0.022693	
0.795310	0.650639	0.000000	
0.782639	0.666066	0.010658	
0.739658	0.780058	0.052388	
0.739658	0.780058	0.052388	
0.604386	0.860547	0.022938	
0.710712	0.857225	0.042289	
0.656821	0.918221	0.002662	
0.593473	0.940897	0.034487	
0.586088	0.980182	0.064292	
0.546428	1.037639	0.003174	
0.462071	1.137129	0.067058	
0.305175	1.021010	0.060769	
0.305175	1.021010	0.060769	
0.150639	1.204249	0.000000	
0.160623	1.173003	0.064459	
0.096558	1.090212	0.075056	
0.037833	1.175672	0.063065	
0.037833	1.175672	0.063065	
0.176361	1.154708	0.008159	
0.075421	1.166705	0.066932	
0.075090	1.776022	0.000000	
0.038613	1.701194	0.091383	
0.032912	1.557552	0.000000	
0.000000	1.924803	0.001751	
1.016135	0.000000	0.072029	
1.006129	0.000000	0.069531	
1.006067	0.030068	0.036085	
1.004287	0.000000	0.054635	
1.002332	0.075220	0.070375	
1.000365	0.026462	0.082106	
1.000689	0.161155	0.027571	
0.991824	0.185822	0.004278	
0.983770	0.217370	0.000000	
0.979316	0.265628	0.011007	
0.956658	0.319188	0.054753	
0.948251	0.349595	0.000000	
0.931724	0.401677	0.033030	
0.916146	0.429156	0.027442	
0.888184	0.493909	0.074891	
0.888184	0.493909	0.074891	
0.855122	0.566877	0.006818	
0.839226	0.610158	0.042210	
0.805006	0.654189	0.049491	
0.805006	0.654189	0.049491	
0.718628	0.758853	0.079180	
0.718628	0.758853	0.079180	
0.688803	0.832815	0.090346	
0.659570	0.921334	0.047395	
0.593473	0.940897	0.034487	
0.586088	0.980182	0.064292	
0.495530	1.025101	0.085778	
0.440960	1.082949	0.112836	
0.463226	1.181720	0.114581	
0.204096	1.208253	0.080551	
0.422020	1.241766	0.094994	
0.193384	1.297895	0.000000	
0.108836	1.082657	0.095793	
0.108836	1.082657	0.095793	
0.120290	1.453347	0.051122	
0.145379	1.713015	0.069243	
0.075421	1.166705	0.066932	
0.000000	1.639367	0.120770	
0.000000	1.639367	0.120770	
0.001779	1.815200	0.103612	
0.000000	1.810492	0.000000	
1.013252	0.000000	0.091099	
1.003449	0.006887	0.045571	
1.002309	0.000000	0.096410	
1.002332	0.075220	0.070375	
1.004675	0.053190	0.068353	
0.992462	0.132740	0.093200	
0.996385	0.162124	0.093069	
0.986871	0.167007	0.115210	
0.984419	0.216964	0.031823	
0.970529	0.257175	0.099147	
0.956658	0.319188	0.054753	
0.948652	0.361823	0.106614	
0.943801	0.372912	0.000000	
0.918391	0.420721	0.130309	
0.880528	0.505012	0.143961	
0.880528	0.505012	0.143961	
0.861092	0.588310	0.074248	
0.840881	0.638337	0.067875	
0.797515	0.695763	0.156511	
0.797515	0.695763	0.156511	
0.727803	0.762423	0.073574	
0.689636	0.805927	0.132504	
0.659570	0.921334	0.047395	
0.641933	0.918536	0.050555	
0.578438	0.967463	0.000000	
0.320159	1.045445	0.138982	
0.320159	1.045445	0.138982	
0.473960	1.117348	0.147490	
0.251731	1.198608	0.158157	
0.251731	1.198608	0.158157	
0.048302	1.352333	0.183677	
0.048302	1.352333	0.183677	
0.195554	1.128270	0.044314	
0.190872	1.350666	0.156335	
0.079787	1.513140	0.098488	
0.065000	1.343092	0.177351	
0.000000	1.349778	0.135981	
0.021579	1.650959	0.152234	
0.014635	1.385362	0.131507	
0.000000	2.220411	0.000000	
1.006669	0.000000	0.127626	
1.001589	0.003075	0.108944	
1.002309	0.000000	0.096410	
0.993466	0.084338	0.127543	
0.992379	0.111761	0.120404	
0.992386	0.057576	0.136749	
0.986871	0.167007	0.115210	
0.978480	0.183386	0.133208	
0.973346	0.192489	0.161598	
0.964664	0.295955	0.051762	
0.958932	0.316109	0.082773	
0.949260	0.347033	0.119852	
0.918391	0.420721	0.130309	
0.902156	0.465053	0.138999	
0.880528	0.505012	0.143961	
0.866150	0.539404	0.146946	
0.861092	0.588310	0.074248	
0.754213	0.679931	0.098272	
0.844494	0.749258	0.126272	
0.762478	0.747017	0.055207	
0.678784	0.795305	0.000000	
0.650386	0.874499	0.131364	
0.579246	0.889368	0.071422	
0.528970	0.967374	0.015895	
0.578438	0.967463	0.000000	
0.464914	1.044022	0.171211	
0.446726	1.081415	0.113754	
0.420976	1.162534	0.132048	
0.290613	1.242022	0.215095	
0.279069	1.286345	0.084266	
0.089971	1.399717	0.233932	
0.089971	1.399717	0.233932	
0.209192	1.469967	0.207934	
0.168890	1.530726	0.201160	
0.154861	1.424866	0.208740	
0.003780	1.458923	0.195917	
0.065000	1.343092	0.177351	
0.014635	1.385362	0.131507	
0.000000	1.651610	0.211059	
0.994967	0.000000	0.160183	
0.994923	0.000000	0.142911	
0.997801	0.000000	0.150697	
0.993466	0.084338	0.127543	
0.992386	0.057576	0.136749	
0.984144	0.097366	0.181866	
0.974730	0.178036	0.177923	
0.973346	0.192489	0.161598	
0.962359	0.239315	0.170756	
0.947314	0.300145	0.175541	
0.949260	0.347033	0.119852	
0.944782	0.388550	0.118260	
0.907448	0.426606	0.182211	
0.899229	0.476510	0.175665	
0.866150	0.539404	0.146946	
0.820745	0.586090	0.237899	
0.852665	0.651987	0.074758	
0.754213	0.679931	0.098272	
0.762478	0.747017	0.055207	
0.678784	0.795305	0.000000	
0.730519	0.753577	0.236450	
0.650386	0.874499	0.131364	
0.579246	0.889368	0.071422	
0.564058	0.994617	0.094537	
0.537010	1.097053	0.000000	
0.464914	1.044022	0.171211	
0.327424	1.137169	0.245888	
0.387965	1.074158	0.281707	
0.045328	1.117282	0.170045	
0.056856	1.251667	0.211104	
0.238857	1.242368	0.238288	
0.024128	1.301957	0.208274	
0.195554	1.128270	0.044314	
0.006809	1.381080	0.156641	
0.011978	1.436615	0.154359	
0.017395	1.330886	0.210523	
0.000000	1.317009	0.218386	
0.000000	1.317009	0.218386	
0.994923	0.000000	0.142911	
0.996849	0.021332	0.180851	
0.996283	0.000768	0.203830	
0.984251	0.058657	0.202286	
0.984251	0.058657	0.202286	
0.978836	0.153946	0.213413	
0.968327	0.168081	0.216727	
0.963670	0.178246	0.228010	
0.962359	0.239315	0.170756	
0.950376	0.255040	0.221671	
0.947016	0.351758	0.184881	
0.912635	0.364903	0.248570	
0.905462	0.433490	0.260080	
0.888428	0.469702	0.256602	
0.853893	0.529221	0.256888	
0.820745	0.586090	0.237899	
0.793226	0.625379	0.194725	
0.770692	0.645789	0.173215	
0.759417	0.753195	0.034395	
0.682058	0.808723	0.265172	
0.627520	0.839082	0.230511	
0.619252	0.887882	0.114685	
0.608714	0.937477	0.133961	
0.564058	0.994617	0.094537	
0.495388	1.118830	0.049678	
0.265003	1.083154	0.320782	
0.440203	1.128757	0.314906	
0.101410	1.180042	0.294526	
0.045328	1.117282	0.170045	
0.056856	1.251667	0.211104	
0.196222	1.268941	0.253067	
0.122844	1.302129	0.223887	
0.137001	1.351230	0.300705	
0.006809	1.381080	0.156641	
0.011978	1.436615	0.154359	
0.026854	1.302171	0.221644	
0.000000	1.580179	0.229564	
0.997684	0.000000	0.214811	
0.987876	0.004556	0.217633	
0.987876	0.004556	0.217633	
0.987666	0.057248	0.210201	
0.973298	0.060842	0.237150	
0.966692	0.088303	0.260905	
0.963670	0.178246	0.228010	
0.958030	0.211483	0.252887	
0.950376	0.255040	0.221671	
0.935841	0.322926	0.248209	
0.912916	0.367629	0.259266	
0.912635	0.364903	0.248570	
0.900111	0.436501	0.233979	
0.873989	0.514292	0.231346	
0.836249	0.552246	0.280284	
0.793226	0.625379	0.194725	
0.730983	0.656615	0.320645	
0.769334	0.700324	0.211342	
0.683301	0.713895	0.337857	
0.651549	0.762003	0.328559	
0.652158	0.883317	0.112286	
0.612499	0.895462	0.283147	
0.573977	0.973232	0.357573	
0.338944	1.049708	0.169198	
0.141815	1.183414	0.368768	
0.265003	1.083154	0.320782	
0.340565	1.049263	0.351902	
0.073194	1.143862	0.294686	
0.229941	1.182939	0.170066	
0.246339	1.174491	0.238615	
0.196222	1.268941	0.253067	
0.135126	1.283257	0.318455	
0.112127	1.435568	0.354559	
0.028352	1.401976	0.328362	
0.026854	1.302171	0.221644	
0.000000	1.381803	0.244360	
0.994413	0.000000	0.240665	
0.994413	0.000000	0.240665	
0.985728	0.047862	0.262768	
0.973298	0.060842	0.237150	
0.966692	0.088303	0.260905	
0.962942	0.163827	0.267544	
0.965441	0.180158	0.299398	
0.936265	0.240761	0.312406	
0.953470	0.274130	0.283168	
0.926242	0.332630	0.259266	
0.912916	0.367629	0.259266	
0.905462	0.433490	0.260080	
0.873504	0.470737	0.243378	
0.839668	0.442726	0.357365	
0.825982	0.561560	0.274414	
0.802754	0.558473	0.381380	
0.769334	0.700324	0.211342	
0.683301	0.713895	0.337857	
0.649534	0.709308	0.362662	
0.649534	0.709308	0.362662	
0.588934	0.893246	0.254290	
0.547436	0.917362	0.234193	
0.518199	0.956909	0.189342	
0.299827	0.986168	0.385471	
0.058407	1.040703	0.396936	
0.373526	1.090702	0.206224	
0.000000	1.129124	0.419043	
0.077634	1.125590	0.371289	
0.160032	1.081941	0.368176	
0.160032	1.081941	0.368176	
0.062560	1.249386	0.374820	
0.062560	1.249386	0.374820	
0.082402	1.286592	0.402309	
0.000000	1.580179	0.229564	
0.000000	1.253947	0.381299	
0.992165	0.000000	0.277594	
0.986088	0.000000	0.308415	
0.971188	0.025496	0.295464	
0.971188	0.025496	0.295464	
0.970424	0.047198	0.290005	
0.955955	0.083210	0.340876	
0.937572	0.158307	0.346938	
0.933823	0.188065	0.352599	
0.926954	0.285246	0.321505	
0.926242	0.332630	0.259266	
0.911480	0.397166	0.268714	
0.839925	0.421081	0.398236	
0.839668	0.442726	0.357365	
0.801766	0.490630	0.411909	
0.802754	0.558473	0.381380	
0.815935	0.655097	0.320947	
0.717366	0.710402	0.393753	
0.672956	0.714388	0.364181	
0.651549	0.762003	0.328559	
0.570293	0.855060	0.321886	
0.439961	0.896092	0.435421	
0.518098	0.912728	0.180766	
0.388583	0.955348	0.348695	
0.179715	0.982021	0.402600	
0.397287	0.977182	0.451845	
0.000000	1.048155	0.422644	
0.076774	1.084920	0.430635	
0.076774	1.084920	0.430635	
0.132963	1.243831	0.069848	
0.035713	1.231628	0.418284	
0.136004	1.244246	0.345994	
0.082402	1.286592	0.402309	
0.044537	1.494607	0.434158	
0.000000	1.437658	0.478397	
0.986088	0.000000	0.308415	
0.963141	0.004685	0.340054	
0.963141	0.004685	0.340054	
0.947546	0.062008	0.353807	
0.955955	0.083210	0.340876	
0.933483	0.173627	0.377197	
0.933483	0.173627	0.377197	
0.932639	0.133293	0.392841	
0.908726	0.275234	0.377197	
0.917780	0.128732	0.439828	
0.841001	0.382545	0.435667	
0.836000	0.419892	0.434511	
0.836000	0.419892	0.434511	
0.825982	0.561560	0.274414	
0.763859	0.570643	0.447829	
0.742962	0.673092	0.470816	
0.672956	0.714388	0.364181	
0.637449	0.745553	0.457644	
0.645193	0.824476	0.386178	
0.566929	0.812200	0.517807	
0.439961	0.896092	0.435421	
0.463952	0.943655	0.491036	
0.428524	0.947789	0.456385	
0.322022	0.961863	0.452484	
0.179715	0.982021	0.402600	
0.275473	1.043960	0.474458	
0.060333	1.127612	0.452328	
0.147444	1.144302	0.485327	
0.035713	1.231628	0.418284	
0.000000	1.277123	0.297085	
0.000000	1.015225	0.494535	
0.000000	1.363386	0.487649	
0.000000	1.388929	0.483925	
0.981898	0.000000	0.366815	
0.948627	0.018952	0.372690	
0.959228	0.022848	0.362769	
0.947546	0.062008	0.353807	
0.939759	0.133337	0.411185	
0.932090	0.092204	0.410684	
0.928536	0.131480	0.438279	
0.930774	0.031510	0.438109	
0.918655	0.000000	0.473266	
0.924174	0.263557	0.500063	
0.841001	0.382545	0.435667	
0.839925	0.421081	0.398236	
0.771289	0.511035	0.473004	
0.786803	0.554708	0.501559	
0.702635	0.624454	0.512096	
0.685726	0.656485	0.552333	
0.678985	0.726600	0.519169	
0.499752	0.752688	0.495156	
0.499752	0.752688	0.495156	
0.290249	0.875990	0.557688	
0.437004	0.897495	0.534281	
0.431904	0.920181	0.471978	
0.390692	0.945946	0.495933	
0.246012	0.919069	0.490592	
0.275473	1.043960	0.474458	
0.147503	0.980679	0.473867	
0.075589	1.059291	0.487244	
0.155255	1.077865	0.263227	
0.098703	1.001907	0.325053	
0.041109	1.137290	0.507240	
0.000000	1.279075	0.510265	
0.000000	1.279075	0.510265	
0.945467	0.000000	0.386573	
0.948627	0.018952	0.372690	
0.919128	0.000000	0.428801	
0.915880	0.000000	0.430927	
0.909762	0.128198	0.440748	
0.918655	0.000000	0.473266	
0.895259	0.046988	0.492164	
0.910943	0.000000	0.508667	
0.910943	0.000000	0.508667	
0.898313	0.000000	0.540143	
0.841018	0.100007	0.580507	
0.837510	0.485895	0.416229	
0.735452	0.520251	0.545301	
0.735452	0.520251	0.545301	
0.685726	0.656485	0.552333	
0.575365	0.678470	0.524966	
0.575365	0.678470	0.524966	
0.575929	0.705502	0.523802	
0.379744	0.814291	0.560827	
0.347268	0.837896	0.552692	
0.379744	0.814291	0.560827	
0.347268	0.837896	0.552692	
0.084521	0.924389	0.548835	
0.102504	0.899010	0.524464	
0.210270	0.903769	0.530016	
0.147503	0.980679	0.473867	
0.075589	1.059291	0.487244	
0.098703	1.001907	0.325053	
0.041109	1.137290	0.507240	
0.008990	1.059589	0.528402	
0.000000	1.388929	0.483925	
0.974852	0.000000	0.399531	
0.929534	0.000000	0.474357	
0.915880	0.000000	0.430927	
0.919800	0.008060	0.467319	
0.895259	0.046988	0.492164	
0.887436	0.020783	0.509371	
0.871811	0.022863	0.538688	
0.898313	0.000000	0.540143	
0.884112	0.314940	0.572943	
0.852874	0.198545	0.597926	
0.850542	0.047635	0.620222	
0.788142	0.388055	0.620645	
0.696042	0.470784	0.643662	
0.734039	0.461120	0.622054	
0.622508	0.621533	0.595295	
0.622508	0.621533	0.595295	
0.544847	0.651107	0.612152	
0.544847	0.651107	0.612152	
0.354856	0.814163	0.577172	
0.354856	0.814163	0.577172	
0.260938	0.833072	0.580810	
0.260938	0.833072	0.580810	
0.226327	0.939942	0.586506	
0.032976	0.942815	0.586115	
0.102504	0.899010	0.524464	
0.092524	0.991894	0.589915	
0.076151	0.944975	0.570945	
0.006963	1.090609	0.472253	
0.006963	1.090609	0.472253	
0.000000	0.882214	0.613578	
0.974852	0.000000	0.399531	
0.959367	0.004595	0.480945	
0.892906	0.040910	0.513727	
0.887436	0.020783	0.509371	
0.871773	0.080051	0.543792	
0.871773	0.080051	0.543792	
0.860528	0.200327	0.573669	
0.829843	0.080981	0.602996	
0.820618	0.233241	0.605469	
0.833053	0.000359	0.642945	
0.776130	0.402460	0.649703	
0.696042	0.470784	0.643662	
0.647285	0.451244	0.653632	
0.687505	0.449573	0.677780	
0.628738	0.627521	0.673564	
0.571974	0.673964	0.659221	
0.529707	0.696214	0.645277	
0.476708	0.713785	0.688552	
0.325365	0.769425	0.631958	
0.325365	0.769425	0.631958	
0.298335	0.816954	0.621885	
0.214772	0.893983	0.621361	
0.092937	0.901139	0.627127	
0.133621	0.976410	0.520496	
0.051642	1.031619	0.521256	
0.000000	1.032534	0.563918	
0.076151	0.944975	0.570945	
0.025329	1.012598	0.568555	
0.000000	0.908469	0.662822	
0.928844	0.000000	0.549643	
0.871811	0.022863	0.538688	
0.867549	0.000000	0.526536	
0.867549	0.000000	0.526536	
0.856853	0.000000	0.591976	
0.833663	0.167584	0.605541	
0.820618	0.233241	0.605469	
0.807361	0.049371	0.654054	
0.776046	0.209830	0.657729	
0.753272	0.387054	0.685088	
0.755154	0.000000	0.708440	
0.686710	0.431483	0.680641	
0.625070	0.438795	0.730437	
0.607103	0.578043	0.709130	
0.488850	0.642865	0.698661	
0.477913	0.674889	0.692735	
0.477913	0.674889	0.692735	
0.232288	0.740403	0.728309	
0.309761	0.781848	0.647038	
0.298335	0.816954	0.621885	
0.270491	0.828952	0.630957	
0.194439	0.854768	0.649996	
0.092937	0.901139	0.627127	
0.141076	0.893621	0.655718	
0.047103	0.923126	0.655946	
0.080525	0.999250	0.636271	
0.007669	1.045993	0.637207	
0.000000	0.908469	0.662822	
0.928844	0.000000	0.549643	
0.846371	0.022196	0.586947	
0.846371	0.022196	0.586947	
0.839268	0.016315	0.580375	
0.820775	0.000000	0.627362	
0.810139	0.000709	0.642052	
0.741118	0.188558	0.658904	
0.745952	0.139980	0.682920	
0.753847	0.048772	0.708230	
0.660917	0.288378	0.731883	
0.660917	0.288378	0.731883	
0.652979	0.426078	0.736080	
0.609548	0.439809	0.757585	
0.577020	0.548714	0.769492	
0.487714	0.587511	0.737822	
0.429036	0.651400	0.735139	
0.429036	0.651400	0.735139	
0.345303	0.695763	0.708625	
0.269761	0.714072	0.696970	
0.275390	0.748220	0.708689	
0.224916	0.794261	0.693834	
0.194439	0.854768	0.649996	
0.000000	0.902985	0.719515	
0.034470	0.910351	0.632885	
0.021328	0.916906	0.591637	
0.021328	0.916906	0.591637	
0.000000	0.972597	0.648353	
0.913713	0.000000	0.633263	
0.856853	0.000000	0.591976	
0.832102	0.015447	0.640780	
0.820047	0.015223	0.630528	
0.783892	0.122420	0.659699	
0.741118	0.188558	0.658904	
0.735429	0.097749	0.679412	
0.708122	0.140347	0.707516	
0.643877	0.237768	0.742670	
0.660128	0.357705	0.775490	
0.615842	0.419872	0.764661	
0.609548	0.439809	0.757585	
0.562279	0.442037	0.753100	
0.513080	0.408384	0.780162	
0.428396	0.565336	0.760137	
0.403461	0.611894	0.758705	
0.291239	0.663126	0.745438	
0.288962	0.697752	0.736483	
0.269761	0.714072	0.696970	
0.190825	0.693295	0.740315	
0.055422	0.817369	0.740033	
0.052446	0.816871	0.729636	
0.052446	0.816871	0.729636	
0.012530	0.892893	0.698221	
0.034470	0.910351	0.632885	
0.000000	0.964845	0.511069	
0.820456	0.000000	0.680221	
0.820047	0.015223	0.630528	
0.812703	0.015798	0.642459	
0.798163	0.000000	0.719898	
0.735429	0.097749	0.679412	
0.705512	0.116286	0.716357	
0.700047	0.183056	0.739233	
0.643877	0.237768	0.742670	
0.663159	0.099359	0.780897	
0.617312	0.284837	0.774264	
0.567774	0.397579	0.804243	
0.513080	0.408384	0.780162	
0.506045	0.471841	0.785327	
0.319342	0.546780	0.798909	
0.399085	0.577047	0.771772	
0.328958	0.563572	0.784817	
0.280435	0.654301	0.770111	
0.234124	0.663042	0.760414	
0.174643	0.668492	0.748315	
0.174643	0.668492	0.748315	
0.059787	0.745563	0.771914	
0.055422	0.817369	0.740033	
0.033458	0.836445	0.759107	
0.012650	0.881939	0.719492	
0.000000	0.964845	0.511069	
0.820456	0.000000	0.680221	
0.812703	0.015798	0.642459	
0.770151	0.000000	0.749564	
0.693918	0.050815	0.753843	
0.705512	0.116286	0.716357	
0.677965	0.181882	0.751497	
0.663159	0.099359	0.780897	
0.591025	0.232009	0.816829	
0.591025	0.232009	0.816829	
0.584726	0.232985	0.818035	
0.452691	0.398817	0.841393	
0.443815	0.448405	0.806627	
0.456797	0.440135	0.813893	
0.406715	0.537036	0.776874	
0.319342	0.546780	0.798909	
0.235366	0.567513	0.814082	
0.189233	0.640177	0.795009	
0.234124	0.663042	0.760414	
0.122894	0.670663	0.751828	
0.045846	0.708905	0.762444	
0.027950	0.753650	0.759481	
0.027950	0.753650	0.759481	
0.033458	0.836445	0.759107	
0.000000	0.877841	0.746301	
0.752602	0.000000	0.770639	
0.752602	0.000000	0.770639	
0.713245	0.000000	0.760619	
0.693918	0.050815	0.753843	
0.677080	0.148488	0.802041	
0.641833	0.200345	0.826583	
0.626768	0.201612	0.827652	
0.584617	0.246498	0.850137	
0.546750	0.314045	0.850364	
0.523201	0.239151	0.845216	
0.452691	0.398817	0.841393	
0.431316	0.444106	0.835923	
0.249739	0.461713	0.856507	
0.324367	0.503755	0.831529	
0.239257	0.535633	0.844647	
0.235366	0.567513	0.814082	
0.222744	0.604275	0.808187	
0.118403	0.621836	0.801007	
0.122894	0.670663	0.751828	
0.056122	0.669987	0.767685	
0.052201	0.681945	0.760409	
0.012281	0.786002	0.779268	
0.000000	0.832919	0.812267	
0.750860	0.000000	0.777124	
0.713245	0.000000	0.760619	
0.744504	0.000000	0.799080	
0.600043	0.092403	0.856193	
0.600043	0.092403	0.856193	
0.540367	0.183351	0.872378	
0.536404	0.197364	0.864317	
0.545433	0.267502	0.860161	
0.492603	0.275496	0.852939	
0.417182	0.326020	0.855732	
0.417182	0.326020	0.855732	
0.381827	0.425843	0.864126	
0.249739	0.461713	0.856507	
0.269493	0.502963	0.851114	
0.239257	0.535633	0.844647	
0.197325	0.536854	0.849130	
0.185789	0.583070	0.819894	
0.118403	0.621836	0.801007	
0.034645	0.661513	0.824044	
0.050475	0.704860	0.818164	
0.000000	0.716826	0.838710	
0.000000	0.818115	0.736069	
0.750860	0.000000	0.777124	
0.717145	0.000000	0.936588	
0.717145	0.000000	0.936588	
0.577548	0.038193	0.901149	
0.574418	0.070927	0.865466	
0.540367	0.183351	0.872378	
0.544673	0.229327	0.896160	
0.473035	0.186821	0.888268	
0.436508	0.284114	0.869352	
0.409935	0.310871	0.877892	
0.365532	0.358868	0.878736	
0.309613	0.412388	0.872753	
0.242894	0.461286	0.877719	
0.239712	0.483437	0.862802	
0.222591	0.517194	0.870861	
0.078823	0.560329	0.861145	
0.091618	0.587434	0.838797	
0.091618	0.587434	0.838797	
0.022914	0.650965	0.835379	
0.008214	0.711061	0.848753	
0.000000	0.695103	0.864061	
0.593272	0.000000	0.955859	
0.000000	0.000000	1.009318	
0.577548	0.038193	0.901149	
0.562101	0.000000	0.864762	
0.562101	0.000000	0.864762	
0.510386	0.100464	0.923021	
0.472104	0.222844	0.897523	
0.411817	0.252997	0.935998	
0.416912	0.287071	0.884362	
0.336305	0.331179	0.896198	
0.197624	0.371870	0.920170	
0.218251	0.406695	0.900766	
0.218251	0.406695	0.900766	
0.208990	0.469513	0.890801	
0.161363	0.497850	0.875182	
0.061693	0.533791	0.887553	
0.062209	0.557889	0.873586	
0.035925	0.583413	0.871882	
0.031072	0.627278	0.839602	
0.000000	0.653945	0.892993	
0.000000	0.000000	1.009318	
0.000000	0.000000	1.013911	
0.539375	0.032754	0.941447	
0.505104	0.049285	0.890406	
0.505104	0.049285	0.890406	
0.460274	0.078038	0.936745	
0.396806	0.179530	0.939877	
0.340527	0.232643	0.928432	
0.357222	0.236482	0.939379	
0.336305	0.331179	0.896198	
0.211371	0.361867	0.923688	
0.197624	0.371870	0.920170	
0.193077	0.411642	0.905731	
0.082205	0.447487	0.917850	
0.110411	0.489246	0.881613	
0.074002	0.502150	0.906013	
0.062209	0.557889	0.873586	
0.000000	0.591771	0.912641	
0.000000	0.653945	0.892993	
0.000000	0.000000	1.024991	
0.000000	0.000000	1.013911	
0.539375	0.032754	0.941447	
0.075100	0.107762	0.997989	
0.460274	0.078038	0.936745	
0.427867	0.121985	0.947871	
0.403415	0.210034	0.951706	
0.340527	0.232643	0.928432	
0.250286	0.267654	0.941833	
0.230963	0.318871	0.951852	
0.217255	0.341699	0.932016	
0.211371	0.361867	0.923688	
0.174061	0.378224	0.926287	
0.109988	0.453556	0.931346	
0.074002	0.502150	0.906013	
0.034269	0.503187	0.909984	
0.026810	0.530167	0.872439	
0.000000	0.557961	0.918178	
0.000000	0.000000	1.017261	
0.009972	0.029315	1.012237	
0.517211	0.041838	1.006034	
0.069055	0.110531	0.995921	
0.427867	0.121985	0.947871	
0.084044	0.182764	0.983691	
0.348785	0.184009	0.956078	
0.150212	0.250515	0.964586	
0.278948	0.265487	0.962642	
0.161410	0.303297	0.946240	
0.161067	0.326474	0.948374	
0.119770	0.377362	0.933499	
0.132074	0.406109	0.920835	
0.090666	0.389375	0.940019	
0.029586	0.495059	0.953075	
0.018666	0.500896	0.944732	
0.000000	0.549451	0.922445	
0.000000	0.000000	1.017261	
0.008011	0.028282	1.013647	
0.000000	0.004784	1.007676	
0.039224	0.091191	1.001064	
0.069055	0.110531	0.995921	
0.212750	0.164464	0.975992	
0.212750	0.164464	0.975992	
0.211463	0.241855	0.969647	
0.196745	0.260960	0.957215	
0.198118	0.300444	0.959335	
0.161067	0.326474	0.948374	
0.040428	0.366646	0.948554	
0.090666	0.389375	0.940019	
0.000000	0.406132	0.955170	
0.016368	0.408358	0.944293	
0.000000	0.416679	0.970095	
0.000000	0.000000	1.015568	
0.000000	0.000000	1.014133	
0.000000	0.000000	1.009429	
0.029123	0.100352	0.999801	
0.039806	0.109220	0.998828	
0.074552	0.149334	0.994625	
0.132889	0.200501	0.980474	
0.160514	0.214847	0.976691	
0.196745	0.260960	0.957215	
0.165429	0.261660	0.964169	
0.102483	0.320266	0.951295	
0.053493	0.334194	0.955960	
0.026677	0.379259	0.950072	
0.016368	0.408358	0.944293	
0.000000	0.416717	0.954115	
0.000000	0.000000	1.015568	
0.000000	0.000000	1.014133	
0.031928	0.060629	1.009820	
0.039224	0.091191	1.001064	
0.043593	0.106178	0.999220	
0.074552	0.149334	0.994625	
0.075665	0.189769	0.987104	
0.114485	0.219529	0.976447	
0.148261	0.243157	0.967493	
0.120591	0.250673	0.973526	
0.070665	0.310669	0.958963	
0.053493	0.334194	0.955960	
0.026677	0.379259	0.950072	
0.000000	0.406132	0.955170	
0.000000	0.000000	1.018054	
0.001567	0.024324	1.007501	
0.021288	0.051003	1.006213	
0.030611	0.080798	1.003081	
0.043593	0.106178	0.999220	
0.073078	0.148340	0.998336	
0.037915	0.191636	0.988575	
0.095114	0.219902	0.979189	
0.120591	0.250673	0.973526	
0.054860	0.271706	0.978301	
0.054860	0.271706	0.978301	
0.021120	0.282460	0.979772	
0.000000	0.355956	0.975006	
0.000000	0.000000	1.011392	
0.000146	0.024405	1.008804	
0.021288	0.051003	1.006213	
0.011147	0.056081	1.004114	
0.038676	0.112949	0.999230	
0.061914	0.149292	0.997219	
0.114826	0.182141	0.988585	
0.121096	0.202615	0.984983	
0.079449	0.228954	0.979875	
0.021830	0.249316	0.984660	
0.021120	0.282460	0.979772	
0.000000	0.289412	1.019749	
0.000000	0.000000	1.013527	
0.001567	0.024324	1.007501	
0.000000	0.000000	1.006704	
0.015469	0.081744	1.001286	
0.019020	0.106158	1.000402	
0.044211	0.147656	0.994766	
0.119319	0.179530	0.991588	
0.071554	0.209926	0.988728	
0.000000	0.232311	0.998726	
0.021614	0.254244	0.986505	
0.000000	0.267342	1.000582	
0.000000	0.000000	1.011392	
0.000146	0.024405	1.008804	
0.000000	0.000000	1.006704	
0.010612	0.065916	1.003973	
0.030768	0.078381	1.003999	
0.030768	0.078381	1.003999	
0.044211	0.147656	0.994766	
0.056610	0.200588	0.993356	
0.011702	0.198006	1.000912	
0.000000	0.249640	1.007266	
0.000000	0.000000	1.018668	
0.002108	0.019164	1.010303	
0.004759	0.033113	1.007203	
0.010612	0.065916	1.003973	
0.002282	0.061524	1.006620	
0.018758	0.134008	0.999487	
0.050946	0.162809	1.001783	
0.023937	0.176280	0.999617	
0.000000	0.000000	1.014581	
0.000000	0.000000	1.016238	
0.002218	0.020256	1.009407	
0.011083	0.037653	1.008981	
0.002282	0.061524	1.006620	
0.027598	0.067314	1.010236	
0.018758	0.134008	0.999487	
0.000000	0.145467	1.010146	
0.000000	0.000000	1.014581	
0.000000	0.000000	1.020823	
0.002218	0.020256	1.009407	
0.012082	0.038938	1.009395	
0.012120	0.056056	1.007646	
0.005296	0.086579	1.007337	
0.005400	0.078851	1.010512	
0.000000	0.145467	1.010146	
0.000000	0.000000	1.009322	
0.001401	0.011942	1.006460	
0.001295	0.014230	1.005187	
0.008142	0.075304	1.004179	
0.005296	0.086579	1.007337	
0.000000	0.000000	1.016356	
0.000000	0.000000	1.009322	
0.001295	0.014230	1.005187	
0.001401	0.011942	1.006460	
0.008142	0.075304	1.004179	
0.000000	0.000000	1.016785	
0.000000	0.000000	1.012262	
0.000000	0.000000	1.012262	
0.006723	0.033395	1.011818	
0.000000	0.008394	1.029377	
0.000000	0.000000	1.019356	
0.000000	0.000000	1.019356	
0.000000	0.020221	1.022694	
0.000000	0.000000	1.034600	
0.000000	0.020221	1.022694	
0.000000	0.000000	1.036096	
0.000000	0.000000	0.000000	
0.000000	0.000000	0.000000	
0.000000	0.000000	0.000000	
0.000000	0.000000	0.000000	
0.000000	0.000000	0.000000	
0.000000	0.000000	0.000000	
0.000000	0.000000	0.000000	
0.000000	0.000000	0.000000	
0.000000	0.000000	0.000000	
0.000000	0.000000	0.000000	
