1.016950	0.000000	0.000000	
1.011191	0.003597	0.000000	
1.010835	0.000000	0.000000	
1.008269	0.000000	0.000000	
1.008117	0.000000	0.000000	
1.007239	0.057951	0.000000	
1.007239	0.057951	0.000000	
0.993206	0.189373	0.000000	
0.986891	0.214004	0.000000	
0.984729	0.228742	0.000000	
0.983694	0.290884	0.000000	
0.966289	0.314515	0.000000	
0.945321	0.362134	0.000000	
0.922944	0.398746	0.000000	
0.918943	0.425102	0.000000	
0.896415	0.465219	0.000000	
0.896415	0.465219	0.000000	
0.851937	0.537295	0.000000	
0.821654	0.604018	0.000000	
0.819392	0.624564	0.000000	
0.771542	0.661701	0.000000	
0.754139	0.728659	0.000000	
0.722726	0.778634	0.000000	
0.722726	0.778634	0.000000	
0.665936	0.851564	0.000000	
0.629030	0.882847	0.000000	
0.525916	0.946573	0.000000	
0.507800	0.911424	0.000000	
0.492918	0.949203	0.000000	
0.435666	0.965142	0.000000	
0.308397	1.005769	0.000000	
0.308397	1.005769	0.000000	
0.268922	1.011550	0.000000	
0.268922	1.011550	0.000000	
0.137601	1.083895	0.000000	
0.119474	1.086157	0.000000	
0.119474	1.086157	0.000000	
0.162693	1.103659	0.000000	
0.000000	1.090335	0.000000	
0.000000	1.053275	0.000000	
0.000000	1.117269	0.000000	
0.000000	1.165061	0.000000	
0.000000	1.165061	0.000000	
0.000000	1.209868	0.000000	
1.015556	0.000000	0.018117	
1.006102	0.003705	0.016315	
1.006102	0.003705	0.016315	
1.006748	0.039466	0.003945	
1.004863	0.104417	0.017351	
0.999462	0.117611	0.006362	
1.004814	0.160032	0.019904	
0.992666	0.187000	0.009987	
0.981552	0.217309	0.009254	
0.971136	0.258449	0.008867	
0.959683	0.292774	0.024478	
0.949809	0.337744	0.021874	
0.935703	0.364148	0.027236	
0.919553	0.413214	0.015267	
0.899217	0.449604	0.013211	
0.886998	0.481989	0.015431	
0.872667	0.536286	0.004019	
0.842483	0.576970	0.004262	
0.813998	0.616009	0.000000	
0.796705	0.652950	0.000000	
0.762668	0.692481	0.011374	
0.721396	0.734834	0.034484	
0.689449	0.784207	0.000000	
0.684879	0.835684	0.032239	
0.636923	0.908152	0.000000	
0.551921	0.933330	0.005869	
0.507800	0.911424	0.000000	
0.511465	0.876961	0.023087	
0.451811	0.939786	0.000000	
0.406070	0.934634	0.006682	
0.399992	0.980617	0.028948	
0.341201	1.021457	0.000000	
0.239591	1.037244	0.014313	
0.137601	1.083895	0.000000	
0.000000	1.053256	0.000000	
0.162693	1.103659	0.000000	
0.005610	1.086766	0.009019	
0.005610	1.086766	0.009019	
0.000000	1.053275	0.000000	
0.000000	1.073057	0.012731	
0.004295	1.199478	0.000000	
0.000000	1.224436	0.007051	
0.000000	1.231329	0.000000	
1.015952	0.000000	0.018124	
1.003333	0.021507	0.010101	
1.003333	0.021507	0.010101	
1.005940	0.003452	0.029273	
1.004863	0.104417	0.017351	
0.999043	0.125392	0.030865	
1.000749	0.160481	0.032027	
0.987625	0.197409	0.019702	
0.978368	0.233452	0.019141	
0.971136	0.258449	0.008867	
0.956704	0.296814	0.051387	
0.943955	0.345194	0.039916	
0.928970	0.378302	0.040825	
0.910457	0.420391	0.026781	
0.892851	0.464846	0.046228	
0.884754	0.500226	0.009711	
0.851937	0.537295	0.000000	
0.842483	0.576970	0.004262	
0.814245	0.640761	0.008010	
0.771542	0.661701	0.000000	
0.720023	0.702544	0.050739	
0.720023	0.702544	0.050739	
0.684879	0.835684	0.032239	
0.679269	0.816233	0.064954	
0.636923	0.908152	0.000000	
0.519636	0.924409	0.066360	
0.511465	0.876961	0.023087	
0.449894	0.918721	0.058911	
0.447952	0.936532	0.053512	
0.401021	0.978304	0.013866	
0.305175	1.021010	0.060769	
0.297576	0.995587	0.059256	
0.140492	1.016661	0.028714	
0.119034	1.078557	0.039291	
0.010127	1.025469	0.038851	
0.000000	1.091220	0.036591	
0.028551	1.085241	0.000000	
0.000000	1.090335	0.000000	
0.000000	1.073057	0.012731	
0.000000	1.092775	0.022690	
0.011785	1.124346	0.027571	
0.000000	1.231329	0.000000	
1.006007	0.000000	0.051680	
1.006007	0.000000	0.051680	
1.006067	0.030068	0.036085	
1.003920	0.026304	0.061269	
0.997095	0.090605	0.082717	
0.997095	0.090605	0.082717	
0.991662	0.157866	0.021403	
0.987625	0.197409	0.019702	
0.978368	0.233452	0.019141	
0.966480	0.276427	0.008602	
0.950482	0.316443	0.075595	
0.943955	0.345194	0.039916	
0.925760	0.390406	0.072291	
0.906930	0.435276	0.069391	
0.898017	0.453813	0.021336	
0.884754	0.500226	0.009711	
0.855122	0.566877	0.006818	
0.813998	0.616009	0.000000	
0.795354	0.645738	0.067676	
0.748629	0.669738	0.025315	
0.748629	0.669738	0.025315	
0.718628	0.758853	0.079180	
0.679269	0.816233	0.064954	
0.645081	0.835219	0.107788	
0.508251	0.882787	0.112534	
0.479074	0.894544	0.040745	
0.479074	0.894544	0.040745	
0.449894	0.918721	0.058911	
0.368191	0.969147	0.072247	
0.360382	0.974109	0.076830	
0.310034	0.982492	0.076678	
0.202810	1.025127	0.075776	
0.147080	1.035867	0.067224	
0.112294	1.049855	0.084291	
0.010127	1.025469	0.038851	
0.000390	1.049149	0.074276	
0.000000	1.074992	0.000000	
0.028551	1.085241	0.000000	
0.000000	1.092775	0.022690	
0.000000	1.114854	0.006613	
0.000000	1.311379	0.046154	
1.013252	0.000000	0.091099	
1.002747	0.000000	0.093197	
1.002309	0.000000	0.096410	
0.997057	0.071756	0.106502	
0.996437	0.086039	0.105431	
0.992462	0.132740	0.093200	
0.987466	0.169699	0.112503	
0.980170	0.213561	0.047686	
0.971982	0.242984	0.109554	
0.961861	0.278013	0.104935	
0.947743	0.326092	0.102597	
0.933770	0.365552	0.109104	
0.921020	0.406722	0.014687	
0.896357	0.442044	0.123663	
0.889326	0.484336	0.006634	
0.861815	0.516782	0.132711	
0.838698	0.555216	0.113083	
0.821611	0.625674	0.029133	
0.787850	0.665520	0.021116	
0.763024	0.688722	0.018571	
0.727803	0.762423	0.073574	
0.689636	0.805927	0.132504	
0.639462	0.840927	0.136286	
0.612960	0.869555	0.045815	
0.485566	0.923421	0.147867	
0.508251	0.882787	0.112534	
0.427813	0.951523	0.034569	
0.427813	0.951523	0.034569	
0.352653	0.969310	0.097170	
0.247620	0.997369	0.125548	
0.247620	0.997369	0.125548	
0.249884	1.043732	0.068254	
0.140492	1.016661	0.028714	
0.112294	1.049855	0.084291	
0.005413	1.096316	0.000000	
0.000000	1.117208	0.014794	
0.000000	1.074992	0.000000	
0.023130	1.103233	0.090767	
0.023130	1.103233	0.090767	
0.000000	1.318192	0.000000	
0.999709	0.000000	0.130810	
0.997822	0.013247	0.130620	
0.994501	0.042137	0.126562	
0.991370	0.043646	0.138475	
0.990910	0.114708	0.120855	
0.988896	0.117133	0.145308	
0.984344	0.160746	0.143063	
0.978480	0.183386	0.133208	
0.969060	0.243571	0.139810	
0.958409	0.297625	0.165118	
0.945153	0.327039	0.138373	
0.929258	0.376092	0.097743	
0.917504	0.419985	0.076541	
0.901458	0.467949	0.061827	
0.880528	0.505012	0.143961	
0.838698	0.555216	0.113083	
0.844864	0.604574	0.043550	
0.802312	0.627785	0.182251	
0.761450	0.688695	0.119060	
0.757131	0.753598	0.182114	
0.669659	0.791366	0.153607	
0.653552	0.806063	0.088886	
0.620795	0.846537	0.148113	
0.497962	0.882763	0.181291	
0.521452	0.919375	0.138534	
0.478543	0.929250	0.049005	
0.431442	0.981844	0.125444	
0.346695	1.000688	0.014886	
0.352653	0.969310	0.097170	
0.314017	1.005219	0.117612	
0.249884	1.043732	0.068254	
0.145978	1.106139	0.074984	
0.115171	1.102488	0.067402	
0.000000	1.084648	0.052231	
0.005413	1.096316	0.000000	
0.000390	1.049149	0.074276	
0.000000	1.117208	0.014794	
0.011785	1.124346	0.027571	
0.000000	1.318192	0.000000	
0.994591	0.000000	0.145178	
0.994591	0.000000	0.145178	
0.991370	0.043646	0.138475	
0.988125	0.057307	0.174796	
0.988125	0.057307	0.174796	
0.981171	0.139041	0.181371	
0.974730	0.178036	0.177923	
0.970713	0.203463	0.167233	
0.962359	0.239315	0.170756	
0.940257	0.297766	0.200099	
0.939781	0.298818	0.208043	
0.923831	0.391058	0.131075	
0.907448	0.426606	0.182211	
0.898638	0.447886	0.137780	
0.868213	0.533900	0.223163	
0.834504	0.580228	0.213431	
0.802312	0.627785	0.182251	
0.776262	0.651061	0.168345	
0.755491	0.668177	0.197910	
0.714593	0.758565	0.174787	
0.651234	0.788493	0.110441	
0.620795	0.846537	0.148113	
0.593966	0.865487	0.083052	
0.536168	0.885780	0.230263	
0.497896	0.920720	0.086592	
0.431442	0.981844	0.125444	
0.065783	1.004483	0.224340	
0.306338	1.016170	0.184533	
0.314017	1.005219	0.117612	
0.183055	1.042973	0.208062	
0.183055	1.042973	0.208062	
0.084340	1.115204	0.213045	
0.115171	1.102488	0.067402	
0.000000	1.114822	0.109290	
0.000000	1.117208	0.014794	
0.000000	1.117208	0.014794	
0.000000	1.185369	0.023137	
0.000000	1.233440	0.196052	
0.989319	0.000000	0.181445	
0.989319	0.000000	0.181445	
0.985850	0.031921	0.186570	
0.981843	0.000000	0.206941	
0.977596	0.103025	0.206658	
0.977596	0.103025	0.206658	
0.968327	0.168081	0.216727	
0.963670	0.178246	0.228010	
0.958654	0.233066	0.216492	
0.940079	0.313314	0.196758	
0.935879	0.334788	0.201119	
0.912635	0.364903	0.248570	
0.898638	0.447886	0.137780	
0.888428	0.469702	0.256602	
0.843089	0.535193	0.260349	
0.820745	0.586090	0.237899	
0.793226	0.625379	0.194725	
0.755491	0.668177	0.197910	
0.724603	0.717233	0.202526	
0.651234	0.788493	0.110441	
0.595068	0.783567	0.283605	
0.582303	0.826268	0.198514	
0.525710	0.842452	0.258475	
0.464006	0.873271	0.272715	
0.470222	0.956638	0.000000	
0.359422	0.999391	0.034131	
0.377819	1.009863	0.015989	
0.306338	1.016170	0.184533	
0.030901	1.033045	0.222286	
0.030901	1.033045	0.222286	
0.137394	1.041879	0.231608	
0.000000	1.040911	0.253597	
0.000000	1.172851	0.056478	
0.000000	1.114822	0.109290	
0.000563	1.168515	0.190981	
0.000000	1.125078	0.169370	
0.000000	1.125078	0.169370	
0.989319	0.000000	0.181445	
0.982874	0.000000	0.223291	
0.981843	0.000000	0.206941	
0.978387	0.035497	0.243457	
0.973298	0.060842	0.237150	
0.974624	0.062478	0.236233	
0.963670	0.178246	0.228010	
0.958030	0.211483	0.252887	
0.950376	0.255040	0.221671	
0.935051	0.305116	0.268676	
0.912916	0.367629	0.259266	
0.912635	0.364903	0.248570	
0.883471	0.450345	0.288680	
0.844678	0.493915	0.294932	
0.836249	0.552246	0.280284	
0.781992	0.601677	0.312867	
0.762614	0.644104	0.257104	
0.734950	0.638779	0.288881	
0.695693	0.757325	0.310294	
0.651549	0.762003	0.328559	
0.616703	0.816310	0.180629	
0.527215	0.826903	0.314943	
0.518711	0.855742	0.175920	
0.464006	0.873271	0.272715	
0.307969	0.953795	0.282363	
0.307969	0.953795	0.282363	
0.335356	1.029135	0.000000	
0.161950	1.042106	0.287059	
0.099156	1.068125	0.169783	
0.216153	1.023000	0.114145	
0.142465	1.142165	0.260652	
0.101471	1.188856	0.082964	
0.000000	1.233603	0.000000	
0.000000	1.142876	0.006796	
0.000000	1.142876	0.006796	
0.000000	1.260609	0.309276	
0.982874	0.000000	0.223291	
0.976955	0.010445	0.250090	
0.966553	0.004549	0.268488	
0.965209	0.083922	0.278307	
0.959486	0.112747	0.286561	
0.959486	0.112747	0.286561	
0.961249	0.001045	0.310069	
0.936265	0.240761	0.312406	
0.934820	0.247193	0.306324	
0.926242	0.332630	0.259266	
0.907285	0.285161	0.340117	
0.898997	0.403525	0.319460	
0.858727	0.440902	0.341016	
0.828945	0.515227	0.324548	
0.825982	0.561560	0.274414	
0.781992	0.601677	0.312867	
0.734950	0.638779	0.288881	
0.664446	0.681025	0.360769	
0.649534	0.709308	0.362662	
0.558150	0.776064	0.380261	
0.514634	0.822151	0.330238	
0.527215	0.826903	0.314943	
0.470395	0.867670	0.254172	
0.427278	0.921451	0.324703	
0.263741	0.963078	0.345756	
0.263741	0.963078	0.345756	
0.303500	1.002579	0.326305	
0.142488	1.027548	0.343658	
0.216153	1.023000	0.114145	
0.103438	1.035811	0.309783	
0.106901	1.189930	0.056531	
0.101471	1.188856	0.082964	
0.000563	1.168515	0.190981	
0.000000	1.153997	0.242596	
0.000000	1.150995	0.161163	
0.981969	0.000000	0.280876	
0.976955	0.010445	0.250090	
0.971188	0.025496	0.295464	
0.967171	0.000000	0.317368	
0.954679	0.038882	0.329511	
0.944393	0.139273	0.335920	
0.937550	0.208097	0.292915	
0.926178	0.239272	0.336257	
0.911568	0.282440	0.342204	
0.899685	0.325116	0.355400	
0.898053	0.313229	0.388276	
0.865301	0.434645	0.353118	
0.839668	0.442726	0.357365	
0.801766	0.490630	0.411909	
0.795290	0.579458	0.349415	
0.744583	0.615925	0.343215	
0.690208	0.671879	0.354996	
0.654039	0.661199	0.407332	
0.566422	0.751349	0.388773	
0.548538	0.764966	0.390758	
0.478497	0.795155	0.400469	
0.478497	0.795155	0.400469	
0.424981	0.897564	0.388732	
0.346013	0.909166	0.347045	
0.162661	0.950136	0.348947	
0.199458	0.952276	0.387894	
0.122509	0.980346	0.361009	
0.122509	0.980346	0.361009	
0.103438	1.035811	0.309783	
0.000000	1.054907	0.358510	
0.106901	1.189930	0.056531	
0.000000	1.171158	0.390430	
0.001181	1.166405	0.149067	
0.000000	1.153997	0.242596	
0.986088	0.000000	0.308415	
0.963141	0.004685	0.340054	
0.963141	0.004685	0.340054	
0.947546	0.062008	0.353807	
0.946409	0.042163	0.367990	
0.924086	0.145165	0.368575	
0.924086	0.145165	0.368575	
0.908869	0.207297	0.385235	
0.894814	0.280696	0.389826	
0.898053	0.313229	0.388276	
0.857216	0.390814	0.427630	
0.836000	0.419892	0.434511	
0.801227	0.455673	0.425057	
0.781582	0.485921	0.458758	
0.714994	0.568223	0.435420	
0.716296	0.639300	0.330896	
0.655706	0.637895	0.452857	
0.603073	0.683995	0.459551	
0.580784	0.747726	0.453382	
0.536038	0.771389	0.414748	
0.504930	0.809450	0.450175	
0.405713	0.830685	0.464741	
0.346013	0.909166	0.347045	
0.266792	0.941581	0.431553	
0.266792	0.941581	0.431553	
0.199458	0.952276	0.387894	
0.120806	0.940095	0.419265	
0.120806	0.940095	0.419265	
0.000000	1.059357	0.409835	
0.000000	1.059357	0.409835	
0.059393	1.145513	0.414793	
0.000000	1.040381	0.435282	
0.000000	1.171158	0.390430	
0.981898	0.000000	0.366815	
0.948627	0.018952	0.372690	
0.946409	0.042163	0.367990	
0.934954	0.092053	0.384395	
0.927073	0.043361	0.407854	
0.915792	0.139124	0.402131	
0.904320	0.203445	0.399573	
0.894594	0.236597	0.449033	
0.890492	0.287526	0.431858	
0.875613	0.315701	0.447824	
0.830604	0.363169	0.446210	
0.778722	0.427318	0.481742	
0.778722	0.427318	0.481742	
0.737716	0.488939	0.495224	
0.714994	0.568223	0.435420	
0.655706	0.637895	0.452857	
0.629510	0.635136	0.503214	
0.587607	0.710831	0.467977	
0.499752	0.752688	0.495156	
0.470984	0.783800	0.506319	
0.389510	0.835211	0.483767	
0.389510	0.835211	0.483767	
0.286410	0.892772	0.413980	
0.246012	0.919069	0.490592	
0.106365	0.924678	0.445456	
0.106365	0.924678	0.445456	
0.054318	0.991500	0.458284	
0.122412	1.014293	0.266734	
0.098703	1.001907	0.325053	
0.023194	1.039244	0.432856	
0.000000	1.040381	0.435282	
0.000000	1.148717	0.439393	
0.945467	0.000000	0.386573	
0.944027	0.030930	0.412263	
0.919128	0.000000	0.428801	
0.913986	0.069096	0.433972	
0.909762	0.128198	0.440748	
0.904838	0.143480	0.460177	
0.867759	0.217983	0.471125	
0.855931	0.230422	0.475873	
0.867759	0.217983	0.471125	
0.811829	0.340034	0.512171	
0.810497	0.402631	0.500304	
0.762020	0.438366	0.503186	
0.722509	0.484261	0.531374	
0.653489	0.559367	0.528181	
0.651170	0.565719	0.528016	
0.629510	0.635136	0.503214	
0.568870	0.672454	0.537259	
0.557837	0.728419	0.498046	
0.483856	0.778644	0.536226	
0.370823	0.795051	0.531927	
0.395967	0.808611	0.505745	
0.365338	0.820832	0.519735	
0.322879	0.854353	0.505653	
0.102504	0.899010	0.524464	
0.179328	0.934438	0.515438	
0.147503	0.980679	0.473867	
0.039558	0.954096	0.468748	
0.054318	0.991500	0.458284	
0.023194	1.039244	0.432856	
0.000000	1.029037	0.469560	
0.000000	1.030095	0.448856	
0.926811	0.000000	0.431409	
0.914982	0.023995	0.444273	
0.914758	0.052431	0.468117	
0.900910	0.017673	0.479505	
0.895259	0.046988	0.492164	
0.874418	0.154930	0.493152	
0.860326	0.113199	0.526891	
0.855931	0.230422	0.475873	
0.839017	0.286481	0.550720	
0.779129	0.353316	0.551195	
0.779129	0.353316	0.551195	
0.747116	0.450076	0.526131	
0.709988	0.478046	0.584018	
0.652424	0.526598	0.591769	
0.651170	0.565719	0.528016	
0.562782	0.630425	0.595280	
0.505166	0.678435	0.603591	
0.513204	0.722513	0.572504	
0.446560	0.719176	0.583869	
0.375152	0.749807	0.577731	
0.365338	0.820832	0.519735	
0.251138	0.824604	0.568834	
0.166603	0.855750	0.563886	
0.000000	0.899382	0.551038	
0.102504	0.899010	0.524464	
0.000000	0.943868	0.530250	
0.053982	0.969981	0.419035	
0.013458	1.014999	0.436229	
0.035019	0.956512	0.460615	
0.000000	1.053600	0.487204	
0.931284	0.000000	0.436210	
0.902471	0.000000	0.470615	
0.876668	0.038084	0.511337	
0.876668	0.038084	0.511337	
0.858783	0.046421	0.539092	
0.865108	0.080082	0.553985	
0.841546	0.032906	0.577168	
0.815201	0.153899	0.580926	
0.783523	0.319971	0.575527	
0.760486	0.362957	0.592375	
0.760486	0.362957	0.592375	
0.699281	0.459977	0.595551	
0.616738	0.480541	0.638488	
0.618013	0.545878	0.623709	
0.574440	0.561477	0.638347	
0.533014	0.647375	0.619667	
0.505166	0.678435	0.603591	
0.454784	0.716664	0.619094	
0.375152	0.749807	0.577731	
0.291118	0.786015	0.620085	
0.304011	0.801043	0.593797	
0.251138	0.824604	0.568834	
0.226688	0.831295	0.590987	
0.043203	0.888244	0.559249	
0.000000	0.909723	0.561541	
0.000000	0.920665	0.545561	
0.040645	0.977554	0.538555	
0.035019	0.956512	0.460615	
0.000000	1.053600	0.487204	
0.901301	0.000000	0.532773	
0.872027	0.031408	0.523471	
0.846065	0.050677	0.548361	
0.846065	0.050677	0.548361	
0.824059	0.087952	0.586190	
0.804020	0.140058	0.592606	
0.799101	0.158152	0.594469	
0.781433	0.243083	0.616547	
0.759802	0.137340	0.643716	
0.747746	0.234407	0.641643	
0.692079	0.424254	0.632255	
0.683117	0.319391	0.685272	
0.633033	0.508353	0.659298	
0.565705	0.548690	0.685781	
0.551816	0.558259	0.664414	
0.484513	0.612101	0.657246	
0.427892	0.670259	0.667304	
0.374140	0.697323	0.659846	
0.365581	0.734361	0.645423	
0.277613	0.772097	0.612874	
0.233117	0.788782	0.602721	
0.233117	0.788782	0.602721	
0.182003	0.794874	0.626724	
0.000000	0.857221	0.595190	
0.000000	0.857221	0.595190	
0.000000	0.920665	0.545561	
0.000000	0.992513	0.557515	
0.000000	0.992513	0.557515	
0.877313	0.000000	0.531234	
0.846371	0.022196	0.586947	
0.826178	0.027130	0.598556	
0.816496	0.029407	0.601495	
0.802314	0.065973	0.619497	
0.784496	0.068257	0.637999	
0.758703	0.131945	0.649417	
0.743645	0.268151	0.628297	
0.711222	0.314920	0.679351	
0.683117	0.319391	0.685272	
0.668084	0.409307	0.705234	
0.558005	0.458508	0.714149	
0.558005	0.458508	0.714149	
0.551816	0.558259	0.664414	
0.491280	0.571902	0.717565	
0.429422	0.636432	0.705015	
0.349824	0.674026	0.702964	
0.349824	0.674026	0.702964	
0.269761	0.714072	0.696970	
0.239232	0.728158	0.690783	
0.182003	0.794874	0.626724	
0.141416	0.796393	0.643839	
0.005837	0.849616	0.611499	
0.000000	0.867342	0.612691	
0.005837	0.849616	0.611499	
0.000000	0.891198	0.510696	
0.000000	0.918065	0.647732	
0.878037	0.000000	0.575986	
0.826178	0.027130	0.598556	
0.802314	0.065973	0.619497	
0.784029	0.057638	0.641798	
0.758703	0.131945	0.649417	
0.736819	0.181987	0.668083	
0.730570	0.144880	0.678491	
0.708122	0.140347	0.707516	
0.671296	0.295141	0.706368	
0.598289	0.368166	0.746699	
0.598289	0.368166	0.746699	
0.587714	0.400847	0.758222	
0.508003	0.497518	0.767752	
0.508003	0.497518	0.767752	
0.428396	0.565336	0.760137	
0.381428	0.575640	0.750510	
0.357618	0.662617	0.739679	
0.304804	0.653673	0.726513	
0.269761	0.714072	0.696970	
0.207957	0.738625	0.700773	
0.180329	0.768580	0.691626	
0.009427	0.757613	0.702535	
0.000000	0.779309	0.679148	
0.000000	0.845305	0.603006	
0.000000	0.850801	0.573808	
0.000000	0.891198	0.510696	
0.816573	0.000000	0.640124	
0.793963	0.000000	0.653493	
0.775286	0.029179	0.657091	
0.742947	0.053773	0.682685	
0.718793	0.099169	0.693900	
0.702539	0.100481	0.708660	
0.685815	0.222745	0.726189	
0.654902	0.255284	0.724228	
0.645410	0.285413	0.752736	
0.617312	0.284837	0.774264	
0.590071	0.352939	0.792331	
0.513080	0.408384	0.780162	
0.506045	0.471841	0.785327	
0.319342	0.546780	0.798909	
0.381428	0.575640	0.750510	
0.328958	0.563572	0.784817	
0.304804	0.653673	0.726513	
0.269205	0.670174	0.747740	
0.219549	0.670807	0.733856	
0.142077	0.730394	0.712929	
0.142077	0.730394	0.712929	
0.009427	0.757613	0.702535	
0.000000	0.779309	0.679148	
0.000000	0.801537	0.626851	
0.000000	0.801537	0.626851	
0.772169	0.000000	0.671613	
0.768295	0.000000	0.677772	
0.732336	0.006224	0.698883	
0.707723	0.100116	0.713353	
0.702539	0.100481	0.708660	
0.667717	0.173652	0.751244	
0.633500	0.189274	0.759934	
0.626432	0.231158	0.775613	
0.603704	0.268129	0.807640	
0.554236	0.371242	0.804806	
0.501609	0.370550	0.834232	
0.443815	0.448405	0.806627	
0.433121	0.436002	0.809786	
0.368361	0.513239	0.799676	
0.319342	0.546780	0.798909	
0.287070	0.567002	0.796091	
0.250186	0.582425	0.797725	
0.234124	0.663042	0.760414	
0.184236	0.672979	0.749358	
0.108789	0.707399	0.743598	
0.000000	0.739077	0.731491	
0.017882	0.718437	0.726730	
0.000000	0.770438	0.688548	
0.000000	0.770438	0.688548	
0.756541	0.000000	0.720444	
0.720639	0.002378	0.729036	
0.701886	0.026825	0.735347	
0.679085	0.084118	0.759208	
0.668562	0.085365	0.774695	
0.610794	0.167992	0.780037	
0.610794	0.167992	0.780037	
0.594571	0.190224	0.833348	
0.552032	0.162188	0.836987	
0.523201	0.239151	0.845216	
0.452691	0.398817	0.841393	
0.433121	0.436002	0.809786	
0.249739	0.461713	0.856507	
0.324367	0.503755	0.831529	
0.282338	0.559146	0.817347	
0.235366	0.567513	0.814082	
0.222744	0.604275	0.808187	
0.175428	0.644801	0.792544	
0.122894	0.670663	0.751828	
0.056122	0.669987	0.767685	
0.037985	0.712421	0.746298	
0.017891	0.718799	0.726371	
0.000000	0.732929	0.713895	
0.706940	0.000000	0.740884	
0.701886	0.026825	0.735347	
0.668452	0.018923	0.781467	
0.659427	0.000000	0.788321	
0.614816	0.115945	0.804803	
0.614816	0.115945	0.804803	
0.552032	0.162188	0.836987	
0.520529	0.257077	0.852075	
0.492603	0.275496	0.852939	
0.417182	0.326020	0.855732	
0.417182	0.326020	0.855732	
0.381827	0.425843	0.864126	
0.249739	0.461713	0.856507	
0.269493	0.502963	0.851114	
0.239257	0.535633	0.844647	
0.174103	0.571478	0.823496	
0.185789	0.583070	0.819894	
0.118403	0.621836	0.801007	
0.000000	0.652225	0.801961	
0.056706	0.674183	0.780897	
0.018566	0.680277	0.779736	
0.000000	0.721579	0.759893	
0.699334	0.000000	0.800870	
0.659427	0.000000	0.788321	
0.610754	0.021142	0.837935	
0.610754	0.021142	0.837935	
0.544183	0.056968	0.854947	
0.530620	0.111101	0.870765	
0.529612	0.184832	0.875009	
0.489277	0.241010	0.865122	
0.436508	0.284114	0.869352	
0.409935	0.310871	0.877892	
0.365532	0.358868	0.878736	
0.309613	0.412388	0.872753	
0.242894	0.461286	0.877719	
0.259021	0.479390	0.857234	
0.113821	0.512890	0.866078	
0.125402	0.535952	0.853770	
0.058176	0.585186	0.832769	
0.091618	0.587434	0.838797	
0.044657	0.630989	0.825348	
0.000000	0.652225	0.801961	
0.000000	0.657588	0.819470	
0.617890	0.000000	0.852758	
0.598784	0.015142	0.832670	
0.598784	0.015142	0.832670	
0.544183	0.056968	0.854947	
0.530620	0.111101	0.870765	
0.514187	0.078424	0.887449	
0.472104	0.222844	0.897523	
0.383518	0.240816	0.910320	
0.416912	0.287071	0.884362	
0.336305	0.331179	0.896198	
0.339341	0.370483	0.902843	
0.218251	0.406695	0.900766	
0.150460	0.440122	0.890064	
0.104667	0.463897	0.887640	
0.027677	0.499935	0.870464	
0.000000	0.527295	0.859119	
0.061958	0.552753	0.850957	
0.058176	0.585186	0.832769	
0.031072	0.627278	0.839602	
0.000000	0.672816	0.820684	
0.617890	0.000000	0.852758	
0.560522	0.031456	0.850727	
0.571136	0.020403	0.837872	
0.505104	0.049285	0.890406	
0.505104	0.049285	0.890406	
0.472687	0.085286	0.919370	
0.416482	0.190424	0.919838	
0.383518	0.240816	0.910320	
0.344890	0.261125	0.934555	
0.273123	0.316853	0.913334	
0.273123	0.316853	0.913334	
0.168602	0.401810	0.911805	
0.193077	0.411642	0.905731	
0.150460	0.440122	0.890064	
0.110411	0.489246	0.881613	
0.053777	0.518083	0.857297	
0.000000	0.547967	0.853795	
0.008210	0.536781	0.877268	
0.000000	0.609478	0.874498	
0.476929	0.000000	0.901810	
0.508976	0.009439	0.887074	
0.508976	0.009439	0.887074	
0.480961	0.037491	0.907146	
0.461904	0.105718	0.919658	
0.427867	0.121985	0.947871	
0.401201	0.196386	0.940323	
0.340527	0.232643	0.928432	
0.283513	0.285131	0.923769	
0.283513	0.285131	0.923769	
0.217255	0.341699	0.932016	
0.211371	0.361867	0.923688	
0.134077	0.413339	0.907637	
0.053819	0.447238	0.899066	
0.100502	0.452583	0.891380	
0.053295	0.499957	0.878405	
0.000000	0.527295	0.859119	
0.000000	0.576643	0.886855	
0.506530	0.000000	0.915541	
0.476929	0.000000	0.901810	
0.473861	0.044040	0.940717	
0.450972	0.063444	0.950579	
0.427867	0.121985	0.947871	
0.363223	0.132323	0.952284	
0.348785	0.184009	0.956078	
0.316490	0.244587	0.946105	
0.190952	0.274372	0.953961	
0.161410	0.303297	0.946240	
0.161067	0.326474	0.948374	
0.169419	0.375327	0.930077	
0.132074	0.406109	0.920835	
0.080277	0.443166	0.902128	
0.000999	0.432781	0.907569	
0.028246	0.485379	0.884998	
0.000000	0.549451	0.922445	
0.526732	0.000000	0.978943	
0.444021	0.000000	0.951780	
0.401962	0.000000	0.936907	
0.391896	0.049041	0.980097	
0.334740	0.131489	0.968459	
0.333900	0.138946	0.971663	
0.258948	0.192457	0.962521	
0.197607	0.238754	0.960942	
0.196745	0.260960	0.957215	
0.191066	0.285183	0.952013	
0.161067	0.326474	0.948374	
0.040428	0.366646	0.948554	
0.090666	0.389375	0.940019	
0.000999	0.432781	0.907569	
0.010584	0.462441	0.927987	
0.000000	0.472261	0.948876	
0.460452	0.000000	0.995129	
0.444021	0.000000	0.951780	
0.401962	0.000000	0.936907	
0.261232	0.092188	0.970478	
0.261232	0.092188	0.970478	
0.254430	0.112352	0.986035	
0.202686	0.191890	0.974657	
0.214423	0.191525	0.974554	
0.196745	0.260960	0.957215	
0.139457	0.286244	0.953104	
0.102483	0.320266	0.951295	
0.053493	0.334194	0.955960	
0.026677	0.379259	0.950072	
0.016368	0.408358	0.944293	
0.000000	0.420871	0.951590	
0.000000	0.000000	1.010803	
0.000657	0.002921	1.009664	
0.000341	0.052686	1.005198	
0.263948	0.094308	0.993208	
0.254430	0.112352	0.986035	
0.248277	0.133949	0.983208	
0.154922	0.161730	0.986117	
0.114485	0.219529	0.976447	
0.151210	0.238185	0.966432	
0.120591	0.250673	0.973526	
0.070665	0.310669	0.958963	
0.053493	0.334194	0.955960	
0.026677	0.379259	0.950072	
0.000000	0.406132	0.955170	
0.000000	0.000000	1.008428	
0.001567	0.024324	1.007501	
0.000341	0.052686	1.005198	
0.263948	0.094308	0.993208	
0.195887	0.111138	0.998385	
0.063038	0.150488	0.992077	
0.037915	0.191636	0.988575	
0.095114	0.219902	0.979189	
0.120591	0.250673	0.973526	
0.054860	0.271706	0.978301	
0.052334	0.310706	0.976048	
0.021120	0.282460	0.979772	
0.000000	0.355956	0.975006	
0.000000	0.000000	1.008428	
0.008708	0.030391	1.006363	
0.018693	0.044394	1.005396	
0.000000	0.086617	1.002051	
0.016160	0.108801	0.998985	
0.063038	0.150488	0.992077	
0.114826	0.182141	0.988585	
0.121096	0.202615	0.984983	
0.079449	0.228954	0.979875	
0.001835	0.250995	0.984561	
0.021120	0.282460	0.979772	
0.000000	0.310827	0.986491	
0.000000	0.000000	1.009485	
0.004406	0.026562	1.004768	
0.004406	0.026562	1.004768	
0.015469	0.081744	1.001286	
0.019020	0.106158	1.000402	
0.049320	0.146118	0.992884	
0.100828	0.166534	0.991524	
0.071554	0.209926	0.988728	
0.032221	0.223078	0.991786	
0.001835	0.250995	0.984561	
0.000000	0.240030	0.996899	
0.000000	0.000000	1.007097	
0.003186	0.029129	1.005087	
0.003505	0.009794	1.006195	
0.000000	0.086617	1.002051	
0.016160	0.108801	0.998985	
0.012402	0.077841	1.000400	
0.000997	0.157777	0.989895	
0.007991	0.202115	0.991803	
0.000000	0.181034	0.985276	
0.000000	0.240030	0.996899	
0.000000	0.000000	1.007097	
0.003505	0.009794	1.006195	
0.010211	0.052404	1.006707	
0.000000	0.059603	1.003497	
0.012402	0.077841	1.000400	
0.010147	0.123100	0.997780	
0.000000	0.162900	0.992625	
0.000997	0.157777	0.989895	
0.000000	0.181034	0.985276	
0.000000	0.000000	1.007991	
0.001130	0.004435	1.006459	
0.001130	0.004435	1.006459	
0.015476	0.081726	0.999648	
0.015476	0.081726	0.999648	
0.001699	0.134423	0.995996	
0.004564	0.137429	0.998481	
0.000000	0.194248	0.993760	
0.000000	0.000000	1.007991	
0.001270	0.007028	1.004867	
0.004942	0.038728	1.003883	
0.014393	0.062189	1.003439	
0.000000	0.101638	1.001976	
0.001699	0.134423	0.995996	
0.000000	0.144247	0.999279	
0.000000	0.000000	1.008867	
0.000653	0.007110	1.004579	
0.004942	0.038728	1.003883	
0.008142	0.075304	1.004179	
0.000000	0.097430	1.001232	
0.000000	0.097430	1.001232	
0.000000	0.000000	1.008867	
0.001270	0.007028	1.004867	
0.000653	0.003513	1.005594	
0.008142	0.075304	1.004179	
0.000000	0.005567	1.012378	
0.000000	0.000000	1.009277	
0.003049	0.021224	1.005539	
0.003049	0.021224	1.005539	
0.000000	0.067128	1.007669	
0.000000	0.000000	1.013353	
0.001730	0.017805	1.006759	
0.000000	0.000000	1.016385	
0.000000	0.000000	1.013448	
0.000000	0.000000	1.013448	
0.000000	0.000000	1.017199	
0.000000	0.000000	0.000000	
0.000000	0.000000	0.000000	
0.000000	0.000000	0.000000	
0.000000	0.000000	0.000000	
0.000000	0.000000	0.000000	
0.000000	0.000000	0.000000	
0.000000	0.000000	0.000000	
0.000000	0.000000	0.000000	
0.000000	0.000000	0.000000	
0.000000	0.000000	0.000000	
