89.147078	0.000000	0.000000	
89.147078	0.000000	0.000000	
95.854247	0.000000	0.000000	
130.444668	0.000000	0.000000	
132.745761	0.000000	0.000000	
132.745761	0.000000	0.000000	
132.745761	0.000000	0.000000	
138.065029	0.000000	0.000000	
145.081159	0.000000	0.000000	
122.773487	38.374221	0.000000	
122.773487	38.374221	0.000000	
145.497581	41.758316	0.000000	
96.369767	53.184056	0.000000	
96.369767	53.184056	0.000000	
152.836309	67.250401	0.000000	
143.057593	82.985620	0.000000	
146.275944	90.165093	0.000000	
104.548106	90.210853	0.000000	
104.548106	90.210853	0.000000	
112.813793	97.572489	0.000000	
106.000146	103.934384	0.000000	
106.000146	103.934384	0.000000	
0.000000	122.688200	0.000000	
0.000000	122.688200	0.000000	
0.000000	142.363224	0.000000	
24.301098	132.632355	0.000000	
0.000000	111.584904	0.000000	
52.649286	73.774369	0.000000	
42.652172	67.265776	0.000000	
23.968887	49.513666	0.000000	
25.681022	47.111057	0.000000	
23.325784	45.393563	0.000000	
0.000000	159.245819	0.000000	
4.399831	90.033834	0.000000	
0.000000	159.245819	0.000000	
0.000000	147.375351	0.000000	
0.000000	87.126126	0.000000	
7.257690	97.425537	0.000000	
2.368634	96.504870	0.000000	
0.037287	80.044019	0.000000	
7.257690	97.425537	0.000000	
0.099485	86.448368	0.000000	
0.099485	86.448368	0.000000	
0.000000	168.992679	0.000000	
95.854247	0.000000	0.000000	
95.854247	0.000000	0.000000	
103.520747	0.000000	0.000000	
109.238222	0.000000	2.630348	
109.813432	7.174292	2.536355	
132.745761	0.000000	0.000000	
108.868635	21.404040	4.009194	
85.728521	14.521626	0.000000	
77.043920	0.000000	0.335606	
95.309330	23.727095	0.000000	
108.868635	21.404040	4.009194	
111.316671	20.201362	1.107544	
93.943124	0.000000	0.000000	
146.877365	0.000000	0.000000	
155.254604	1.971210	0.000000	
133.563180	29.355953	3.264644	
123.261910	34.263031	4.504904	
10.717509	77.801189	1.382289	
144.168487	104.334548	0.000000	
120.890666	53.637601	5.332099	
104.459466	121.867461	1.007228	
104.459466	121.867461	1.007228	
92.593407	130.731888	0.000000	
0.311058	135.570254	0.597388	
24.478573	133.600990	0.000000	
0.000000	112.568916	0.656381	
55.350243	87.291617	1.272998	
41.457940	63.821782	1.769846	
42.652172	67.265776	0.000000	
23.968887	49.513666	0.000000	
23.325784	45.393563	0.000000	
0.000000	69.094980	1.122650	
0.000000	50.993269	0.828535	
1.449981	50.972650	0.828535	
0.000000	69.094980	1.122650	
0.000000	87.126126	0.000000	
2.248040	92.469569	0.930842	
0.306609	69.106913	1.789913	
0.128882	70.206177	1.229752	
0.000000	67.869559	1.514360	
0.128882	70.206177	1.229752	
0.000000	65.976192	1.616204	
0.000000	95.110782	0.854425	
95.854247	0.000000	0.000000	
103.520747	0.000000	0.000000	
52.836662	0.000000	2.762734	
76.751182	0.000000	6.456642	
83.383166	1.572214	5.360005	
123.843296	0.000000	4.836961	
77.043920	0.000000	0.335606	
81.052246	15.751328	0.000000	
85.728521	14.521626	0.000000	
3.506495	0.291741	0.209227	
101.472442	21.877481	0.000000	
93.943124	0.000000	0.000000	
78.808920	46.494528	7.013597	
146.877365	0.000000	0.000000	
123.261910	34.263031	4.504904	
133.563180	29.355953	3.264644	
149.642161	93.901213	10.892495	
144.107580	104.290469	0.000000	
125.602272	89.935204	8.468491	
120.890666	53.637601	5.332099	
0.000000	118.100774	10.634936	
57.507040	32.194245	4.988565	
0.000000	118.100774	10.634936	
34.779839	130.010176	10.894704	
81.700190	117.796305	6.745446	
0.000000	112.568916	0.656381	
9.727812	109.955378	0.000000	
52.649286	73.774369	0.000000	
4.949506	9.053457	0.094086	
14.119900	36.926784	1.006276	
3.744001	121.167669	0.761248	
0.000000	96.189534	4.868056	
1.449981	50.972650	0.828535	
17.386835	79.607059	4.880830	
0.000000	80.392120	3.130516	
9.680495	76.238830	3.353523	
0.306609	69.106913	1.789913	
0.650026	73.253586	2.160233	
0.000000	67.875528	1.217758	
0.000000	67.869559	1.514360	
0.000000	65.976192	1.616204	
0.000000	98.475603	4.268863	
109.238222	0.000000	2.630348	
52.836662	0.000000	2.762734	
52.836662	0.000000	2.762734	
138.365355	0.000000	3.028915	
83.383166	1.572214	5.360005	
101.662575	13.684530	1.046732	
74.767280	10.910596	0.179567	
81.052246	15.751328	0.000000	
93.185250	3.934339	7.157194	
84.221524	16.367231	0.737644	
84.821323	17.365545	0.574986	
93.213467	16.187761	0.370184	
108.019619	0.000000	13.089056	
95.816434	42.341533	7.006019	
109.282202	59.361009	3.568378	
109.215544	57.521255	13.661443	
71.724877	63.243927	13.917897	
71.724877	63.243927	13.917897	
51.990710	51.977349	19.269695	
57.507040	32.194245	4.988565	
104.459466	121.867461	1.007228	
0.000000	132.266074	12.318618	
109.204193	95.679805	17.459550	
49.324031	135.565289	11.230925	
81.700190	117.796305	6.745446	
48.308396	117.864434	10.428014	
0.000000	126.023861	10.579103	
3.744001	121.167669	0.761248	
4.949506	9.053457	0.094086	
14.119900	36.926784	1.006276	
0.000000	125.406538	12.214758	
0.000000	101.139555	6.283766	
0.000000	50.993269	0.828535	
13.738817	75.144043	6.738095	
11.013780	75.700060	5.383477	
4.217604	68.351753	6.488417	
2.631897	65.994644	5.560726	
5.263983	66.320995	5.294443	
2.631897	65.994644	5.560726	
0.000000	73.085694	2.110298	
0.000000	98.466461	4.699656	
121.337834	0.000000	0.496508	
52.836662	0.000000	2.762734	
137.663957	0.000000	0.000000	
129.307527	1.777555	0.760513	
138.365355	0.000000	3.028915	
74.767280	10.910596	0.179567	
67.753690	7.991915	2.347080	
3.506495	0.291741	0.209227	
84.221524	16.367231	0.737644	
84.821323	17.365545	0.574986	
93.213467	16.187761	0.370184	
90.502865	15.717029	0.359419	
133.637852	9.578526	0.098187	
109.282202	59.361009	3.568378	
109.215544	57.521255	13.661443	
140.746323	50.411091	5.012135	
85.213647	16.379175	0.000000	
136.119259	26.852784	2.521602	
129.936076	44.495716	3.926144	
36.446887	118.963305	0.000000	
129.936076	44.495716	3.926144	
84.722589	64.164023	0.584575	
109.204193	95.679805	17.459550	
38.709051	152.392964	1.192661	
37.998197	120.112167	2.281284	
48.308396	117.864434	10.428014	
0.000000	116.682263	21.218439	
0.000000	126.802382	20.330625	
0.000000	127.153199	18.006731	
0.000000	127.457766	15.676355	
0.044415	99.006419	8.739945	
0.000000	101.139555	6.283766	
5.514043	75.697942	3.926436	
13.738817	75.144043	6.738095	
11.013780	75.700060	5.383477	
4.217604	68.351753	6.488417	
0.241731	65.839042	5.702235	
0.241731	65.839042	5.702235	
0.000000	67.593591	6.507752	
0.000000	78.929509	8.634683	
121.337834	0.000000	0.496508	
138.365355	0.000000	3.028915	
137.663957	0.000000	0.000000	
129.307527	1.777555	0.760513	
101.662575	13.684530	1.046732	
67.753690	7.991915	2.347080	
93.185250	3.934339	7.157194	
90.143489	23.222827	1.054487	
86.809913	16.870247	0.760314	
104.486300	13.846060	0.365005	
90.502865	15.717029	0.359419	
95.816434	42.341533	7.006019	
120.179437	29.939241	22.979486	
138.882273	37.030299	3.854498	
147.403807	43.385544	6.182708	
85.213647	16.379175	0.000000	
58.706707	86.645249	9.602285	
2.099005	114.866135	0.000000	
126.112548	54.395567	3.926144	
84.722589	64.164023	0.584575	
126.112548	54.395567	3.926144	
114.821737	92.202404	0.628476	
55.693353	146.446518	27.822710	
37.998197	120.112167	2.281284	
55.693353	146.446518	27.822710	
0.000000	111.397202	19.731269	
0.000000	116.682263	21.218439	
0.000000	126.802382	20.330625	
0.000000	126.802382	20.330625	
0.000000	126.802382	20.330625	
23.447882	85.569631	10.578973	
0.000000	93.315376	12.057034	
7.392842	75.544215	3.797040	
11.013780	75.700060	5.383477	
0.139149	75.798732	7.111338	
5.263983	66.320995	5.294443	
0.241731	65.839042	5.702235	
0.241731	65.839042	5.702235	
0.000000	78.929509	8.634683	
166.655324	0.000000	18.229652	
138.663496	0.000000	0.000000	
136.703049	0.000000	7.531809	
161.020442	1.066209	15.660971	
135.395191	1.987563	8.397918	
92.606200	0.799418	13.177554	
1.198478	0.053351	0.024047	
1.196546	0.053265	0.072209	
105.136965	17.240558	2.971749	
107.235824	17.584733	8.591612	
105.136965	17.240558	2.971749	
123.584927	0.000000	0.128409	
141.671937	52.781016	2.026782	
147.740310	60.159943	0.000000	
140.746323	50.411091	5.012135	
151.138566	31.054068	0.000000	
10.747034	112.748653	5.349778	
65.700302	100.767700	12.105513	
36.446887	118.963305	0.000000	
67.538247	83.839583	38.084409	
79.963906	87.544656	44.177740	
105.713084	131.964143	22.846436	
73.450459	133.377619	36.129782	
9.247146	127.624981	33.933918	
15.245445	136.831246	0.000000	
0.000000	111.397202	19.731269	
0.000000	127.683580	27.974766	
0.000000	126.426690	22.549292	
0.000000	126.426690	22.549292	
19.288731	88.681809	18.446562	
19.288731	88.681809	18.446562	
17.628361	88.448597	3.993915	
13.431365	105.778836	6.555109	
6.617805	83.377816	6.656098	
0.139149	75.798732	7.111338	
2.037430	70.163398	5.753177	
0.241731	65.839042	5.702235	
0.000000	81.225731	0.890162	
154.550809	0.000000	0.000000	
154.550809	0.000000	0.000000	
98.391186	0.141261	0.000000	
82.253985	0.000000	24.647245	
70.597548	0.000000	17.401878	
1.198478	0.053351	0.024047	
1.196546	0.053265	0.072209	
34.842272	2.242402	1.259208	
133.637852	9.578526	0.098187	
107.235824	17.584733	8.591612	
123.584927	0.000000	0.128409	
141.671937	52.781016	2.026782	
146.205116	3.671107	11.312177	
147.740310	60.159943	0.000000	
79.963906	87.544656	44.177740	
32.700202	85.996809	0.000000	
40.550272	28.669222	0.000000	
68.780508	73.961082	0.000000	
101.594724	117.127249	44.021080	
0.000000	102.081650	15.855530	
10.154692	120.452775	45.649298	
73.450459	133.377619	36.129782	
47.219207	113.522671	13.660152	
54.552226	106.176960	29.245169	
73.476207	120.705556	27.103165	
4.231012	153.466532	22.565040	
0.000000	140.430016	21.199438	
0.000000	127.683580	27.974766	
4.814125	76.340078	14.596291	
0.000000	132.690926	21.859123	
23.447882	85.569631	10.578973	
17.628361	88.448597	3.993915	
7.673487	138.226229	27.786684	
0.000000	123.783545	17.604583	
6.617805	83.377816	6.656098	
0.274484	74.759650	6.474837	
0.000000	95.055016	14.345026	
136.703049	0.000000	7.531809	
61.541724	0.212548	18.292554	
61.541724	0.212548	18.292554	
69.465503	3.637267	15.808797	
62.833147	3.497500	15.167039	
70.597548	0.000000	17.401878	
34.842272	2.242402	1.259208	
34.842272	2.242402	1.259208	
132.515557	39.851538	2.864369	
140.634971	21.610937	30.814582	
140.634971	21.610937	30.814582	
148.675578	11.328158	39.808345	
85.000526	29.102170	0.000000	
139.488585	38.481503	0.000000	
127.576510	0.000000	23.816100	
32.700202	85.996809	0.000000	
68.780508	73.961082	0.000000	
40.550272	28.669222	0.000000	
99.065087	93.037554	52.920027	
0.000000	102.081650	15.855530	
80.296893	83.767107	47.163126	
47.219207	113.522671	13.660152	
54.552226	106.176960	29.245169	
30.101161	78.381184	0.000000	
15.245445	136.831246	0.000000	
4.231012	153.466532	22.565040	
0.000000	140.430016	21.199438	
9.342224	104.315491	21.494505	
4.814125	76.340078	14.596291	
0.000000	132.690926	21.859123	
2.376487	136.530343	6.857823	
2.376487	136.530343	6.857823	
0.000000	129.168476	18.381687	
1.368526	114.714809	28.549856	
0.000000	115.001270	21.101026	
0.000000	115.001270	21.101026	
82.253985	0.000000	24.647245	
60.195830	0.000000	16.781345	
57.601420	0.757030	15.581901	
54.665120	2.775104	12.998620	
62.833147	3.497500	15.167039	
126.025738	0.000000	0.000000	
34.842272	2.242402	1.259208	
136.684293	32.535368	15.758831	
136.684293	32.535368	15.758831	
123.992863	3.186869	50.588425	
0.000000	0.000000	51.548549	
85.000526	29.102170	0.000000	
0.000000	0.000000	51.548549	
125.034535	42.437534	10.236359	
125.169527	6.865200	27.187683	
127.232999	23.701830	6.494957	
65.700302	100.767700	12.105513	
44.915559	110.581353	60.179111	
0.000000	92.720838	47.063465	
0.000000	92.720838	47.063465	
80.296893	83.767107	47.163126	
11.268761	91.959352	43.507505	
54.552226	106.176960	29.245169	
30.101161	78.381184	0.000000	
0.000000	138.470488	0.000000	
4.231012	153.466532	22.565040	
12.841542	113.705125	20.102827	
30.459185	152.961967	49.822363	
17.342953	139.841051	33.166372	
5.578508	134.130678	0.000000	
0.361151	99.714875	10.463069	
3.527220	140.682089	38.311978	
3.333197	149.080359	12.975325	
1.368526	114.714809	28.549856	
0.000000	142.686899	22.713198	
60.195830	0.000000	16.781345	
51.509803	0.344249	10.625902	
51.744095	0.000000	12.970684	
51.744095	0.000000	12.970684	
49.119404	5.973518	12.483902	
49.119404	5.973518	12.483902	
132.273748	20.347070	42.208444	
131.038485	16.743614	32.286281	
123.992863	3.186869	50.588425	
140.634971	21.610937	30.814582	
111.443237	59.527245	0.000000	
112.506539	4.166131	62.193877	
121.419599	16.456624	58.162337	
125.416586	9.301137	36.020963	
121.419599	16.456624	58.162337	
41.811913	106.244552	32.224606	
41.811913	106.244552	32.224606	
44.915559	110.581353	60.179111	
0.000000	98.211511	49.784497	
66.565668	107.407221	56.849406	
29.793206	91.927378	45.380072	
11.268761	91.959352	43.507505	
56.617782	135.381171	53.031413	
0.000000	131.028288	0.000000	
0.000000	129.465070	0.000000	
12.841542	113.705125	20.102827	
4.190651	35.585655	4.720216	
9.342224	104.315491	21.494505	
0.000000	129.777675	20.693808	
4.667506	102.189901	13.038658	
0.361151	99.714875	10.463069	
0.370374	129.111754	41.938942	
0.015633	127.073003	0.000000	
0.000000	138.017982	31.041184	
54.203917	0.000000	13.694021	
46.310101	1.174722	9.007936	
46.310101	1.174722	9.007936	
36.324429	4.417493	9.232006	
26.000000	0.000000	0.000000	
127.850937	17.863534	11.588107	
106.174291	10.551689	0.000000	
123.572297	6.317931	51.037357	
140.634971	21.610937	30.814582	
131.636212	0.000000	61.847658	
112.506539	4.166131	62.193877	
112.506539	4.166131	62.193877	
112.506539	4.166131	62.193877	
107.537532	3.982128	67.261829	
107.537532	3.982128	67.261829	
52.791275	54.226545	72.738368	
87.963555	93.374229	59.405223	
84.295388	111.734085	29.805266	
84.295388	111.734085	29.805266	
47.021387	64.150202	58.386508	
29.793206	91.927378	45.380072	
0.000000	117.435324	70.484149	
0.000000	129.465070	0.000000	
0.000000	129.465070	0.000000	
0.000000	129.465070	0.000000	
4.190651	35.585655	4.720216	
3.135245	18.186582	3.569522	
4.866912	95.613542	26.277418	
0.370374	129.111754	41.938942	
4.667506	102.189901	13.038658	
0.000000	78.627806	2.732820	
0.000000	17.550945	1.782551	
0.000000	142.686899	22.713198	
48.223469	0.000000	10.365230	
47.427129	0.000000	9.458769	
48.601752	0.555235	9.756550	
26.000000	0.000000	0.000000	
44.401413	5.570937	11.285875	
78.342103	2.784121	0.000000	
106.174291	10.551689	0.000000	
110.606595	8.368594	0.000000	
131.636212	0.000000	61.847658	
107.537532	3.982128	67.261829	
41.086265	0.000000	33.552000	
49.998636	0.378213	47.613796	
99.094482	0.000000	64.490574	
107.537532	3.982128	67.261829	
104.512634	15.222597	8.943204	
52.380544	82.753967	72.436971	
40.043281	86.417752	65.434417	
38.333750	89.569157	59.401266	
68.065508	122.092551	76.586182	
0.000000	117.435324	70.484149	
43.958575	141.701748	81.222434	
55.099209	125.711422	72.682660	
18.078888	109.299491	38.768674	
12.995997	78.569868	27.868836	
0.000000	129.465070	0.000000	
2.836455	18.235571	3.569522	
3.433191	18.132697	3.569522	
15.580176	118.591685	52.201897	
0.746206	115.408449	38.933985	
0.746206	115.408449	38.933985	
0.000000	78.968522	2.744662	
0.000000	17.550945	1.782551	
50.589174	0.000000	12.428886	
48.601752	0.555235	9.756550	
48.595853	0.000000	11.630836	
36.324429	4.417493	9.232006	
44.401413	5.570937	11.285875	
76.810419	0.000000	0.602786	
140.634971	21.610937	30.814582	
93.562560	20.707912	36.652615	
75.269552	0.000000	66.961214	
41.086265	0.000000	33.552000	
50.025627	0.000000	39.707200	
49.998636	0.378213	47.613796	
88.238653	0.667478	84.029837	
114.117728	8.267188	24.853984	
52.791275	54.226545	72.738368	
52.380544	82.753967	72.436971	
40.111361	86.564675	65.545665	
0.000000	0.000000	87.380367	
2.263773	70.164149	88.418893	
2.263773	70.164149	88.418893	
13.918832	97.943741	51.927716	
13.918832	97.943741	51.927716	
18.078888	109.299491	38.768674	
12.995997	78.569868	27.868836	
3.872845	100.057569	0.000000	
3.135245	18.186582	3.569522	
3.433191	18.132697	3.569522	
4.866912	95.613542	26.277418	
4.155273	122.247558	36.519080	
3.724387	29.318563	2.669761	
0.000000	78.627806	2.732820	
49.286578	0.000000	11.838201	
48.463044	0.000000	13.206113	
48.608019	0.941957	12.636699	
50.296351	1.950081	9.096761	
71.258246	0.920527	36.772355	
76.096406	0.641962	10.391849	
93.562560	20.707912	36.652615	
95.412775	17.367846	44.095764	
61.183968	0.000000	47.875403	
50.025627	0.000000	39.707200	
42.002027	0.000000	32.398266	
88.238653	0.667478	84.029837	
71.261230	67.596690	80.676566	
66.011738	75.930505	79.494752	
0.000000	84.438528	91.246460	
0.000000	84.438528	91.246460	
3.535069	28.101112	96.429545	
3.535069	28.101112	96.429545	
0.000000	70.761972	89.125877	
3.058791	96.255037	50.147332	
0.000000	105.781729	65.332167	
0.000000	103.758563	64.082634	
2.987388	81.626643	0.179586	
3.872845	100.057569	0.000000	
0.000000	98.091108	0.000000	
0.000000	102.931025	0.000000	
8.127056	109.002387	53.971705	
5.921876	79.120961	23.274542	
4.155273	122.247558	36.519080	
0.000000	123.298984	54.338801	
48.463044	0.000000	13.206113	
48.608019	0.941957	12.636699	
50.462559	0.000000	12.535072	
50.777392	0.000000	10.413918	
72.982100	0.000000	44.623676	
76.096406	0.641962	10.391849	
78.695566	6.501660	33.465047	
62.469867	0.000000	48.923164	
61.183968	0.000000	47.875403	
42.002027	0.000000	32.398266	
64.991616	23.296308	40.774855	
16.230913	18.529077	33.371959	
71.261230	67.596690	80.676566	
68.243999	0.000000	103.048086	
91.589628	0.000000	63.858927	
0.000000	99.787277	114.851747	
22.566505	81.587415	32.173034	
20.339206	73.534789	25.641038	
0.000000	70.761972	89.125877	
3.058791	96.255037	50.147332	
5.410840	7.355254	42.223793	
5.441493	8.443363	32.714109	
2.987388	81.626643	0.179586	
0.000000	93.366665	0.000000	
0.000000	93.366665	0.000000	
9.741877	109.406028	55.304247	
5.921876	79.120961	23.274542	
1.078514	118.429374	44.900689	
0.000000	123.374166	27.454392	
50.845316	0.000000	13.014638	
50.194353	0.648420	10.550206	
50.777392	0.000000	10.413918	
76.834248	1.144507	9.075242	
62.728091	0.000000	25.940907	
61.547445	0.000000	18.604492	
90.298676	0.000000	15.637208	
75.269552	0.000000	66.961214	
62.469867	0.000000	48.923164	
64.991616	23.296308	40.774855	
0.000000	38.037707	88.597324	
69.460451	0.000000	72.998232	
66.011738	75.930505	79.494752	
0.000000	0.000000	119.063842	
10.745001	42.167713	92.461333	
10.745001	42.167713	92.461333	
22.566505	81.587415	32.173034	
44.831042	51.187883	99.047208	
0.000000	81.040425	74.820521	
5.410840	7.355254	42.223793	
5.441493	8.443363	32.714109	
3.419128	9.346519	30.295732	
3.793809	54.643475	27.956890	
0.898525	97.368416	0.000000	
4.403966	27.144792	64.862142	
4.776125	8.246612	36.093596	
0.000000	111.456346	0.000000	
0.000000	123.298984	54.338801	
50.642521	0.000000	5.992345	
50.859592	0.985589	8.220484	
50.859592	0.985589	8.220484	
62.728091	0.000000	25.940907	
61.547445	0.000000	18.604492	
32.114184	8.307596	61.011498	
90.298676	0.000000	15.637208	
57.833024	12.682256	62.004693	
48.474324	0.000000	85.446120	
0.000000	0.000000	79.371973	
0.000000	0.000000	79.371973	
16.230913	18.529077	33.371959	
69.460451	0.000000	72.998232	
10.745001	42.167713	92.461333	
10.745001	42.167713	92.461333	
20.339206	73.534789	25.641038	
49.109136	84.033567	57.786336	
23.544659	26.750810	78.220774	
3.829148	7.948538	17.464368	
3.829148	7.948538	17.464368	
3.103551	10.095245	8.728189	
1.807869	5.253810	8.023649	
0.225418	3.311287	10.426746	
1.902792	19.559546	29.752986	
4.776125	8.246612	36.093596	
4.403966	27.144792	64.862142	
0.000000	124.922322	24.572352	
73.722525	0.000000	0.000000	
68.629992	0.885929	0.000000	
67.797988	0.097005	14.004112	
64.651245	0.256879	15.486943	
42.069092	7.298878	52.147010	
37.155865	10.683278	59.480166	
41.632306	7.680576	61.039935	
0.000000	0.000000	55.558222	
9.012885	3.243092	55.505048	
9.012885	3.243092	55.505048	
0.096568	0.019150	58.770323	
0.779726	0.191265	60.644895	
10.745001	42.167713	92.461333	
49.129229	62.871756	71.858870	
11.744736	5.580048	33.339709	
6.229021	5.517873	32.741306	
11.744736	5.580048	33.339709	
1.463668	6.251883	29.492711	
3.103551	10.095245	8.728189	
3.111969	6.968545	8.205888	
1.807869	5.253810	8.023649	
0.471154	2.999869	7.038010	
0.225418	3.311287	10.426746	
1.667933	7.160793	12.952845	
0.000000	0.000000	40.958422	
0.000000	0.000000	42.614118	
89.787897	0.000000	0.000000	
66.413236	0.760225	2.402134	
68.629992	0.885929	0.000000	
34.223156	8.461607	58.599367	
48.275779	7.308960	47.155507	
37.155865	10.683278	59.480166	
0.000000	0.000000	55.558222	
1.513419	0.650631	52.915109	
1.513419	0.650631	52.915109	
0.000000	0.000000	55.435503	
0.096568	0.019150	58.770323	
15.982771	54.818553	104.970913	
9.598132	13.662151	36.095561	
0.000000	4.287010	34.618064	
8.621225	8.235496	30.845229	
8.621225	8.235496	30.845229	
1.463668	6.251883	29.492711	
1.463668	6.251883	29.492711	
3.111969	6.968545	8.205888	
0.471154	2.999869	7.038010	
0.314566	5.783727	6.092492	
0.471154	2.999869	7.038010	
1.667933	7.160793	12.952845	
1.335419	14.353392	19.433913	
0.000000	0.000000	40.958422	
80.790216	0.000000	5.337494	
66.052098	0.000000	0.000000	
23.427699	5.949626	58.112309	
36.572630	7.474578	55.521676	
42.069092	7.298878	52.147010	
29.055259	3.353252	54.307354	
0.822940	0.183258	53.848309	
0.822940	0.183258	53.848309	
1.513419	0.650631	52.915109	
18.286868	9.154169	54.159156	
0.779726	0.191265	60.644895	
38.209462	7.993520	44.217529	
3.387529	10.068994	32.112285	
2.724642	7.813781	28.543066	
9.741831	10.571668	30.948017	
3.025318	5.611465	11.747734	
3.025318	5.611465	11.747734	
3.303877	2.277636	5.897610	
0.391892	5.874443	6.336901	
0.391892	5.874443	6.336901	
0.799235	5.982421	6.596093	
0.468925	15.753591	11.294314	
0.000000	0.000000	19.641911	
0.000000	41.775041	13.274478	
66.052098	0.000000	0.000000	
13.374640	2.309342	58.742061	
17.343183	6.051375	56.362677	
23.427699	5.949626	58.112309	
48.275779	7.308960	47.155507	
23.378786	2.055826	50.056608	
20.868058	7.354407	50.664533	
1.531995	0.378902	53.235485	
1.513419	0.650631	52.915109	
18.286868	9.154169	54.159156	
0.000000	15.040655	44.304190	
0.941190	3.179327	32.278542	
2.724642	7.813781	28.543066	
1.860484	7.085028	32.078574	
3.375472	6.034850	26.770938	
4.647619	13.393602	19.976205	
2.395462	5.600351	11.182701	
2.254436	3.965324	7.691398	
0.314566	5.783727	6.092492	
0.569417	5.239404	6.442158	
0.599281	9.223671	12.284990	
0.711945	17.547209	11.799934	
0.000000	0.000000	29.322047	
118.634045	0.000000	94.111016	
18.773764	2.572836	54.500627	
23.660502	2.895218	51.786381	
18.773764	2.572836	54.500627	
22.114650	6.483037	49.152978	
22.114650	6.483037	49.152978	
23.378786	2.055826	50.056608	
20.868058	7.354407	50.664533	
0.656719	0.000000	53.234982	
21.781681	10.605295	41.181742	
2.084893	5.990118	34.444999	
5.778804	11.462908	26.514753	
3.708361	8.434405	26.057925	
3.708361	8.434405	26.057925	
5.381867	10.462152	17.175701	
3.605376	7.008720	11.506205	
0.894638	3.132677	5.207515	
0.894638	3.132677	5.207515	
0.589988	4.866010	6.450535	
0.569417	5.239404	6.442158	
0.516068	6.045592	7.924936	
0.000000	0.000000	38.121076	
56.644397	0.000000	80.662920	
13.374640	2.309342	58.742061	
28.569202	2.791250	49.393871	
28.569202	2.791250	49.393871	
22.114650	6.483037	49.152978	
23.378786	2.055826	50.056608	
23.378786	2.055826	50.056608	
18.264219	8.687874	54.272712	
0.656719	0.000000	53.234982	
20.295743	11.937290	38.717366	
5.778804	11.462908	26.514753	
12.152489	12.524684	28.667137	
3.708361	8.434405	26.057925	
3.708361	8.434405	26.057925	
3.605376	7.008720	11.506205	
3.605376	7.008720	11.506205	
0.320331	4.930288	6.566641	
0.320331	4.930288	6.566641	
0.320331	4.930288	6.566641	
0.110221	5.064899	6.558466	
0.000000	0.000000	29.133930	
107.871120	0.000000	147.243286	
12.877938	2.461160	37.497904	
7.765948	4.327299	44.822400	
8.263650	3.278346	44.822400	
7.765948	4.327299	44.822400	
7.765948	4.327299	44.822400	
15.981780	10.053319	58.631004	
15.981780	10.053319	58.631004	
21.781681	10.605295	41.181742	
5.504236	7.187054	34.230019	
0.941190	3.179327	32.278542	
6.981224	9.693891	30.800768	
1.914665	10.727966	28.230239	
6.981224	9.693891	30.800768	
5.381867	10.462152	17.175701	
4.831510	7.640763	14.214939	
0.320331	4.930288	6.566641	
0.110221	5.064899	6.558466	
0.087696	5.278533	6.704200	
0.000000	0.000000	33.549215	
107.871120	0.000000	147.243286	
12.877938	2.461160	37.497904	
8.263650	3.278346	44.822400	
43.563308	4.552133	58.636179	
7.765948	4.327299	44.822400	
64.666376	0.000000	122.573994	
0.000000	22.605685	102.621747	
0.000000	22.605685	102.621747	
6.960788	6.029704	36.831973	
6.319561	10.251739	33.029898	
6.319561	10.251739	33.029898	
6.319561	10.251739	33.029898	
1.914665	10.727966	28.230239	
1.144043	4.684705	32.251804	
2.531217	3.413278	29.944833	
1.741104	3.611981	28.182074	
0.944841	3.548083	25.739432	
0.599281	9.223671	12.284990	
0.000000	0.000000	72.849754	
0.000000	0.000000	156.268625	
77.045196	1.328181	113.869257	
0.000000	0.000000	132.595593	
0.000000	0.023555	136.227474	
0.000000	3.531355	134.877700	
1.366345	20.301204	98.338829	
1.366345	20.301204	98.338829	
0.000000	24.076085	88.250971	
5.504236	7.187054	34.230019	
6.319561	10.251739	33.029898	
6.319561	10.251739	33.029898	
2.082934	13.545888	28.897506	
2.082934	13.545888	28.897506	
2.161438	3.574753	29.847136	
1.741104	3.611981	28.182074	
1.655188	3.433745	26.791406	
0.527181	0.894769	28.909575	
0.000000	0.000000	38.672302	
37.643899	0.000000	153.342327	
62.264554	0.864969	120.703466	
0.000000	0.000000	141.656384	
0.000000	0.023555	136.227474	
0.000000	3.531355	134.877700	
0.880062	13.075993	99.562919	
5.358422	17.775022	97.329043	
0.000000	24.076085	88.250971	
8.269851	13.783752	33.404062	
6.319561	10.251739	33.029898	
2.558140	6.903318	27.599280	
2.858440	8.653988	35.618469	
2.558140	6.903318	27.599280	
2.475221	3.265058	30.628798	
2.475221	3.265058	30.628798	
0.000000	0.000000	38.672302	
0.000000	0.000000	79.022011	
30.630589	0.000000	120.192720	
30.630589	0.000000	120.192720	
29.433188	1.097093	125.428092	
0.000000	14.742768	111.693966	
0.192187	11.917752	103.522045	
5.358422	17.775022	97.329043	
2.872055	19.821226	86.805857	
2.872055	19.821226	86.805857	
8.940940	21.540273	75.235355	
8.269851	13.783752	33.404062	
4.647804	14.813041	38.563027	
7.790652	25.114576	58.026860	
2.424655	3.353154	29.819578	
1.465499	2.487347	41.399913	
1.465499	2.487347	41.399913	
0.000000	0.000000	76.758668	
31.817331	0.000000	124.849429	
4.491099	1.374498	122.938401	
4.491099	1.374498	122.938401	
0.192187	11.917752	103.522045	
0.000000	14.581121	102.777018	
0.000000	16.775853	96.288622	
3.353409	19.269631	94.765834	
7.285426	18.563536	76.411370	
8.940940	21.540273	75.235355	
7.805299	21.260832	70.454955	
7.805299	21.260832	70.454955	
8.837746	26.432281	95.814551	
3.226444	8.008479	68.745273	
0.084967	0.079749	47.520880	
0.000000	0.000000	76.758668	
37.643899	0.000000	153.342327	
1.398672	1.434989	113.776639	
0.000000	0.000000	155.268779	
0.105101	0.114843	37.135260	
0.105101	0.114843	37.135260	
1.786575	1.045539	62.220009	
6.778095	19.098442	96.855439	
6.789231	22.171854	96.445344	
6.925230	25.581133	95.818111	
7.912771	26.282988	94.396323	
9.002335	25.945829	95.284581	
6.032692	17.695654	97.000371	
0.375489	7.194991	32.587240	
0.000000	10.784913	110.722237	
0.000000	0.000000	161.767341	
1.398672	1.434989	113.776639	
1.115833	1.364418	60.655646	
4.163071	9.974474	115.458845	
1.662941	3.648640	98.356578	
3.516680	8.425759	97.531796	
6.338352	18.451003	96.973517	
6.666449	20.091150	96.706910	
10.278096	23.925507	95.877291	
7.912771	26.282988	94.396323	
5.365957	16.736928	97.203883	
0.375489	7.194991	32.587240	
0.000000	10.875467	123.808588	
0.000000	0.000000	89.148877	
0.073585	0.080406	25.999772	
1.115833	1.364418	60.655646	
1.662941	3.648640	98.356578	
0.166990	0.040035	97.094667	
5.217541	1.264293	88.592088	
5.214377	1.263526	88.538370	
5.217541	1.264293	88.592088	
7.125111	22.223897	95.983563	
6.032692	17.695654	97.000371	
2.600467	9.956945	99.572280	
0.000000	26.281473	122.788210	
0.000000	0.000000	137.796897	
0.073585	0.080406	25.999772	
6.527776	7.105247	108.800131	
6.527776	7.105247	108.800131	
0.000000	0.000000	71.909442	
0.000000	0.000000	71.909442	
0.000000	0.000000	78.447517	
0.000000	0.000000	78.447517	
0.721418	4.036833	75.005850	
0.721418	4.036833	75.005850	
0.000000	8.359599	111.645296	
0.000000	0.000000	137.796897	
2.731610	2.658751	74.989753	
2.731610	2.658751	74.989753	
0.166990	0.040035	97.094667	
0.339943	0.244017	65.967571	
0.104524	0.156143	59.243213	
0.104524	0.156143	59.243213	
0.721418	4.036833	75.005850	
0.721418	4.036833	75.005850	
0.000000	6.274197	114.758778	
0.000000	0.000000	134.194569	
0.177735	0.177735	25.998785	
4.120218	1.782761	86.912835	
1.613488	1.115616	64.877934	
0.325524	0.236004	71.642793	
1.613488	1.115616	64.877934	
2.409845	2.288512	71.721374	
0.000000	0.000000	77.272014	
0.000000	0.000000	77.272014	
0.000000	0.000000	120.976631	
0.177735	0.177735	25.998785	
0.416414	0.370920	49.681069	
0.493535	0.357811	54.308032	
0.967340	0.562801	56.968511	
3.096067	3.096067	46.711283	
0.000000	0.000000	59.077784	
0.000000	0.000000	77.272014	
0.000000	0.000000	120.976631	
0.416414	0.370920	49.681069	
1.209877	1.668802	41.575847	
1.977019	1.433333	46.609684	
0.221015	0.160236	48.642151	
0.000000	0.000000	59.077784	
0.000000	0.000000	77.272014	
0.000000	0.000000	49.011111	
0.227024	0.227024	28.602932	
1.178008	1.178008	30.177426	
1.178008	1.178008	30.177426	
1.086653	0.787820	43.951781	
0.000000	0.000000	48.045446	
0.000000	0.000000	48.045446	
0.227024	0.227024	28.602932	
1.209877	1.668802	41.575847	
1.086653	0.787820	43.951781	
0.000000	0.000000	46.916045	
0.000000	0.000000	34.472992	
0.445422	0.445422	28.055942	
1.095221	0.794032	44.298335	
0.000000	0.000000	46.875898	
0.000000	0.000000	34.472992	
0.445422	0.445422	28.055942	
0.000000	0.000000	46.875898	
0.000000	0.000000	34.472992	
0.000000	0.000000	47.127126	
0.000000	0.000000	46.963441	
0.000000	0.000000	0.000000	
0.000000	0.000000	0.000000	
0.000000	0.000000	0.000000	
0.000000	0.000000	0.000000	
0.000000	0.000000	0.000000	
0.000000	0.000000	0.000000	
0.000000	0.000000	0.000000	
0.000000	0.000000	0.000000	
0.000000	0.000000	0.000000	
0.000000	0.000000	0.000000	
