4.854298	5.592884	265.531200	
22.727544	10.362376	235.838347	
102.024095	206.291059	107.933792	
38.118995	57.117089	308.421723	
25.287428	27.854725	326.721410	
44.392847	27.353428	436.523947	
283.667824	9.536750	38.799841	
36.863385	55.855104	99.439371	
138.786753	331.095308	23.673725	
18.742477	52.054750	326.237883	
11.231537	129.797534	143.599661	
13.376705	35.405362	273.652684	
33.300934	242.713737	4.576318	
64.223987	10.399625	487.794641	
101.118445	369.452820	47.004039	
132.347778	52.551159	260.644119	
346.041100	51.416240	222.696934	
58.384933	9.300657	226.933193	
276.941284	2.346863	16.359212	
405.923866	58.442246	41.859649	
228.135622	149.800367	12.385811	
48.026922	188.573856	59.856090	
105.383541	93.516737	189.305767	
19.053058	183.745505	247.795440	
2.187757	135.077829	180.626480	
210.574299	171.383819	23.249360	
276.912456	19.431817	118.530051	
0.887368	43.468172	383.623701	
108.773265	242.525913	23.042645	
8.858467	11.956755	272.033537	
180.618901	40.741355	189.835568	
2.384447	175.743491	188.563000	
0.679779	328.869947	121.172529	
153.293441	171.711411	180.467228	
0.637925	0.089262	375.629706	
14.604146	192.428110	286.500054	
39.395786	8.387998	144.713360	
93.906214	299.952314	165.490937	
74.414861	202.935303	6.505243	
181.839702	102.650950	325.193612	
27.623948	33.422924	436.791368	
77.309954	37.714585	155.620936	
120.515753	204.222430	103.657716	
139.065884	7.744184	262.212583	
23.874021	54.457243	346.582457	
60.442234	131.668502	208.523738	
54.800374	377.913654	95.173233	
70.256188	116.655324	61.767407	
266.886125	138.635685	9.405033	
79.620030	9.942718	533.288155	
170.350282	268.860872	151.897594	
201.929066	36.193051	293.335905	
46.967938	334.446415	63.568112	
15.843379	97.249725	367.755297	
58.519480	170.227661	346.124493	
10.262809	31.791612	476.062059	
75.191685	65.136117	199.238756	
225.937991	40.086346	170.888313	
0.168714	0.926826	399.469836	
186.757792	65.883290	44.207928	
383.931897	30.540299	93.610196	
27.321762	148.563969	239.419814	
62.624887	0.335068	254.603009	
48.139454	81.051115	232.861087	
21.705449	344.199511	21.599191	
324.439207	28.487539	198.128552	
38.062053	50.416907	278.874986	
111.156670	204.075805	244.010378	
233.052871	125.839143	240.059770	
18.030373	32.577753	264.197307	
140.256959	37.629124	303.461549	
37.333609	11.243852	299.848869	
228.208790	105.880032	79.012621	
2.073141	313.148754	41.894582	
9.394635	2.267855	388.573960	
14.176082	18.066571	308.862644	
54.088595	95.648796	237.818780	
159.762114	36.187074	206.428624	
159.882199	39.285945	348.851882	
13.724511	60.939204	174.583175	
263.221946	135.295004	142.075602	
190.228074	101.688929	191.398038	
203.714010	134.299805	77.669194	
354.169447	52.607017	162.273949	
63.688956	172.447741	196.424671	
412.995878	32.249686	9.868053	
173.941424	36.871444	143.407761	
45.472136	1.521664	515.550358	
291.475145	201.845744	117.474835	
14.755783	4.117709	346.585575	
15.956635	104.810519	246.942560	
389.845561	99.200472	169.258857	
25.898369	38.048187	432.436473	
142.004498	24.566899	140.770545	
37.112453	43.861701	201.711366	
161.545299	7.299892	252.457206	
65.339377	207.713292	172.919662	
356.306184	204.085983	33.808993	
3.886670	98.777534	272.097138	
399.422842	21.979542	15.278271	
55.407391	373.317795	25.986117	
452.710014	23.721701	12.094082	
35.728902	185.722110	153.822502	
41.450642	235.932563	83.206860	
65.977007	38.537122	378.011696	
2.024378	16.083457	229.527516	
162.426217	317.635853	4.368265	
32.162543	21.796565	338.417481	
106.048632	7.985827	298.569072	
231.492903	12.696089	346.988377	
26.300936	30.860511	363.792041	
258.781860	81.096906	227.059100	
11.346813	11.735502	478.352886	
426.951092	58.991587	26.538508	
8.529553	143.100824	406.272430	
143.653641	188.010259	68.302696	
19.121526	242.391863	24.023759	
65.402266	20.879148	197.160342	
235.294403	82.692900	171.612751	
89.826819	151.295488	443.187250	
258.041892	74.854876	75.679498	
416.998313	22.481172	104.564721	
196.387619	33.480813	125.501885	
22.885171	204.824962	244.122328	
48.369487	0.600222	312.082370	
334.646458	107.156984	93.068292	
27.205676	235.163445	169.865861	
139.029290	185.501524	138.479503	
56.912320	29.335561	396.735247	
221.164554	126.643258	128.196329	
109.219176	45.019314	231.528072	
95.745716	111.222835	208.130779	
58.159015	89.707165	88.419096	
115.901317	75.866848	286.875097	
66.696653	256.503849	287.676352	
43.475834	17.254538	323.446266	
438.095511	129.866579	17.380260	
13.592182	98.695487	310.902762	
58.991477	65.459422	412.374244	
133.651895	66.462410	124.303914	
422.518924	26.876237	187.927539	
43.667985	148.959442	337.625839	
132.113390	11.607013	277.863359	
7.782024	46.118950	263.742025	
27.101527	156.643793	141.919379	
108.398954	70.653504	174.066953	
70.631136	315.871085	35.769705	
8.767569	5.033693	610.099792	
92.446932	25.493369	191.389643	
49.178825	170.808958	178.442346	
71.175213	115.307375	207.150989	
58.251447	36.789193	396.666562	
219.047846	22.698409	199.412089	
304.282480	59.614557	18.733114	
416.896243	77.489281	80.289281	
50.227037	5.267205	354.318179	
37.728217	3.263483	412.760651	
100.266874	93.946640	52.677186	
284.652645	268.144453	3.959628	
204.356821	324.061416	86.606421	
253.992578	96.512481	177.128579	
54.684101	314.722740	59.251768	
86.799015	212.293804	170.925908	
238.512352	128.895052	19.950693	
170.462485	30.644847	241.070985	
1.908163	26.710782	404.370800	
79.168639	52.647526	207.681396	
125.806487	322.161807	40.224459	
443.804091	125.316244	37.080638	
173.875005	111.466974	273.273438	
297.049078	14.360700	93.771595	
4.972761	6.025469	420.029843	
8.109095	334.032983	20.337615	
204.213796	67.191854	213.805329	
266.839774	15.399895	137.233677	
2.356403	16.222487	458.134381	
41.401148	106.036544	158.492709	
153.317020	115.811418	70.871577	
92.662482	70.026498	230.678630	
47.920789	89.932121	265.921164	
242.228444	253.688510	8.082949	
8.154963	77.259586	416.290728	
86.923434	18.721171	128.366467	
20.488615	201.258360	192.602490	
93.544128	126.938768	247.628889	
48.687677	12.383368	278.465163	
195.964987	31.628290	280.139134	
200.657576	161.589691	167.042475	
26.728930	154.608710	225.464541	
270.453346	96.094795	49.217878	
80.613592	10.556324	437.236269	
35.681885	270.437813	56.524132	
172.794436	70.695146	65.691850	
72.012456	311.071471	50.704668	
54.917569	41.229056	327.696005	
17.514969	46.113412	184.156198	
39.333515	315.870841	70.779163	
367.224123	7.606975	59.604334	
4.109919	199.707879	125.603425	
67.451502	118.352482	192.191286	
28.769913	20.332663	495.432735	
155.457307	210.899765	199.807904	
291.192304	8.280792	155.791962	
51.302737	30.111563	112.319938	
254.668311	18.329484	146.874568	
107.408622	386.848539	68.027387	
47.674333	46.107656	78.750929	
195.415669	137.620112	123.666015	
4.310991	26.033597	206.540113	
60.430443	421.599633	2.828013	
185.723563	13.961169	375.697808	
48.463958	67.915288	360.688756	
67.948652	95.525681	206.306616	
35.360087	63.809679	157.658639	
98.433596	162.935189	154.626736	
28.529679	8.945837	504.880435	
1.197649	2.941953	475.582736	
195.765015	130.623747	96.864354	
4.481698	44.214269	306.473388	
194.201704	147.387130	232.958277	
35.175855	57.677086	470.564189	
13.390337	96.009595	303.711958	
18.890089	34.632152	322.499045	
71.807835	343.943073	138.209259	
4.944868	8.123501	360.348789	
183.399574	56.292628	247.589916	
30.639208	222.515132	118.736503	
3.329311	117.354841	207.966138	
286.900247	85.212253	348.136962	
20.053631	27.404273	357.694252	
59.562066	125.829440	247.552253	
114.645684	45.726232	203.007055	
272.664693	120.812653	22.079133	
19.781248	93.135430	427.000487	
114.334855	97.251937	67.532172	
290.297790	26.491230	286.090405	
154.502847	104.579353	9.792033	
306.877135	13.863848	28.308987	
109.586817	196.151848	195.666611	
10.899485	4.202899	449.271045	
28.475614	430.290241	106.065369	
41.898950	5.691303	387.443144	
167.219509	58.013412	5.739755	
62.659707	38.320941	231.653326	
17.293925	17.517035	564.324544	
62.527748	226.343252	63.567633	
397.475865	18.410893	79.404777	
170.931900	233.258790	10.397909	
81.782796	365.767477	31.088713	
83.953787	123.139714	282.364858	
224.276947	195.097243	43.648812	
78.975154	265.054568	115.569244	
180.523811	116.375074	15.807689	
141.853571	0.472187	363.473409	
122.846516	90.407430	384.697364	
188.462206	21.659753	262.630587	
121.785172	125.456193	96.032735	
344.443243	99.195744	121.927546	
70.908466	109.163948	248.107564	
143.306809	106.307223	80.496887	
220.013046	85.012976	130.165274	
39.314421	4.897123	329.843324	
120.816867	3.434491	343.432087	
50.336983	15.780792	252.908466	
4.672607	113.078578	175.354187	
203.824964	3.620895	206.440646	
16.669136	490.910894	68.470875	
76.218562	6.140277	171.671189	
217.213185	43.237666	219.338919	
86.349197	7.784622	213.951309	
36.540736	36.981298	380.228974	
250.597686	29.865109	161.365938	
4.799887	0.741776	535.185778	
29.206057	8.770069	559.970403	
399.234947	169.184707	57.556500	
2.351480	7.935079	385.619093	
113.030551	92.095907	216.592045	
358.323701	9.898526	19.315934	
264.063811	52.938975	23.007766	
33.701126	20.334862	285.039666	
55.713059	52.885262	252.862362	
57.172849	151.908967	307.724728	
19.498833	4.945381	393.435527	
73.025761	210.019939	272.926674	
2.031098	221.671169	137.549359	
318.208270	88.861861	50.215514	
7.983573	1.448190	439.164517	
10.633817	16.624462	322.264480	
228.114628	119.563929	12.047830	
16.889086	65.085924	383.109528	
278.283192	38.906484	31.630739	
15.779992	182.438382	341.192550	
186.015421	13.074058	206.772253	
100.830577	118.697984	128.006985	
25.560115	15.416009	404.678783	
55.006974	0.123725	570.990324	
119.713375	5.602682	278.890424	
205.826476	46.575116	263.407505	
63.677390	288.407536	5.510379	
17.436548	49.334314	271.084793	
