0.000000	0.500020	0.000000	
0.000000	0.000000	0.500019	
0.500020	0.000000	0.000000	
0.000000	0.500020	0.000000	
0.500019	0.000000	0.000000	
0.000000	0.000000	0.500019	
0.347025	0.004422	0.148572	
0.000000	0.500020	0.000000	
0.500020	0.000000	0.000000	
0.000000	0.000000	0.500019	
0.500019	0.000000	0.000000	
0.000000	0.000000	0.500019	
0.500020	0.000000	0.000000	
0.000000	0.000000	0.500019	
0.000000	0.500020	0.000000	
0.000000	0.000000	0.500019	
0.000000	0.500020	0.000000	
0.000000	0.000000	0.500019	
0.000000	0.000000	0.500019	
0.000000	0.000000	0.500019	
0.500020	0.000000	0.000000	
0.500019	0.000000	0.000000	
0.000000	0.500020	0.000000	
0.000000	0.500020	0.000000	
0.500020	0.000000	0.000000	
0.500020	0.000000	0.000000	
0.000000	0.000000	0.500019	
0.000000	0.000000	0.500019	
0.500019	0.000000	0.000000	
0.500019	0.000000	0.000000	
0.000000	0.000000	0.500019	
0.000000	0.000000	0.500019	
0.000000	0.000000	0.500019	
0.000000	0.000000	0.500019	
0.500020	0.000000	0.000000	
0.000000	0.500020	0.000000	
0.000000	0.000000	0.500019	
0.500019	0.000000	0.000000	
0.000000	0.500019	0.000000	
0.000000	0.500020	0.000000	
0.500020	0.000000	0.000000	
0.500020	0.000000	0.000000	
0.000000	0.500020	0.000000	
0.500020	0.000000	0.000000	
0.000000	0.000000	0.500019	
0.500019	0.000000	0.000000	
0.000000	0.000000	0.500019	
0.000000	0.500020	0.000000	
0.000000	0.000000	0.500019	
0.500020	0.000000	0.000000	
0.000000	0.500020	0.000000	
0.000000	0.500020	0.000000	
0.500020	0.000000	0.000000	
0.000000	0.500019	0.000000	
0.500019	0.000000	0.000000	
0.000000	0.500020	0.000000	
0.000000	0.000000	0.500019	
0.500020	0.000000	0.000000	
0.000000	0.500019	0.000000	
0.500020	0.000000	0.000000	
0.000000	0.500020	0.000000	
0.000000	0.000000	0.500019	
0.000000	0.500020	0.000000	
0.000000	0.500020	0.000000	
0.000000	0.500019	0.000000	
0.500020	0.000000	0.000000	
0.000000	0.000000	0.500019	
0.000000	0.000000	0.500019	
0.000000	0.000000	0.500019	
0.500020	0.000000	0.000000	
0.500020	0.000000	0.000000	
0.000000	0.500020	0.000000	
0.500020	0.000000	0.000000	
0.500019	0.000000	0.000000	
0.000000	0.500019	0.000000	
0.500019	0.000000	0.000000	
0.500020	0.000000	0.000000	
0.000000	0.000000	0.500019	
0.500019	0.000000	0.000000	
0.000000	0.000000	0.500019	
0.500019	0.000000	0.000000	
0.000000	0.500019	0.000000	
0.000000	0.500019	0.000000	
0.000000	0.000000	0.500019	
0.000000	0.000000	0.500019	
0.500019	0.000000	0.000000	
0.500020	0.000000	0.000000	
0.000000	0.000000	0.500019	
0.000000	0.500020	0.000000	
0.000000	0.500020	0.000000	
0.500019	0.000000	0.000000	
0.000000	0.000000	0.500019	
0.000000	0.000000	0.500019	
0.000000	0.500019	0.000000	
0.000000	0.500019	0.000000	
0.500019	0.000000	0.000000	
0.500020	0.000000	0.000000	
0.000000	0.000000	0.500019	
0.500020	0.000000	0.000000	
0.500019	0.000000	0.000000	
0.000000	0.000000	0.500019	
0.000000	0.500020	0.000000	
0.000000	0.000000	0.500019	
0.000000	0.500020	0.000000	
0.000000	0.000000	0.500019	
0.000000	0.000000	0.500019	
0.000000	0.000000	0.500019	
0.500019	0.000000	0.000000	
0.500019	0.000000	0.000000	
0.000000	0.500019	0.000000	
0.500020	0.000000	0.000000	
0.500019	0.000000	0.000000	
0.000000	0.500020	0.000000	
0.000000	0.000000	0.500019	
0.000000	0.500020	0.000000	
0.000000	0.000000	0.500019	
0.000000	0.500020	0.000000	
0.000000	0.000000	0.500019	
0.000000	0.500020	0.000000	
0.500020	0.000000	0.000000	
0.000000	0.500019	0.000000	
0.500019	0.000000	0.000000	
0.000000	0.000000	0.500019	
0.500020	0.000000	0.000000	
0.500019	0.000000	0.000000	
0.000000	0.500019	0.000000	
0.000000	0.500020	0.000000	
0.000000	0.500020	0.000000	
0.000000	0.000000	0.500019	
0.000000	0.000000	0.500019	
0.500019	0.000000	0.000000	
0.500019	0.000000	0.000000	
0.000000	0.500020	0.000000	
0.000000	0.500019	0.000000	
0.000000	0.500020	0.000000	
0.000000	0.000000	0.500019	
0.000000	0.000000	0.500019	
0.000000	0.000000	0.500019	
0.500019	0.000000	0.000000	
0.000000	0.500019	0.000000	
0.000000	0.000000	0.500019	
0.500020	0.000000	0.000000	
0.000000	0.500019	0.000000	
0.500019	0.000000	0.000000	
0.000000	0.500020	0.000000	
0.000000	0.500020	0.000000	
0.000000	0.000000	0.500019	
0.000000	0.500019	0.000000	
0.000000	0.000000	0.500019	
0.000000	0.000000	0.500019	
0.500019	0.000000	0.000000	
0.500019	0.000000	0.000000	
0.000000	0.500020	0.000000	
0.500019	0.000000	0.000000	
0.500020	0.000000	0.000000	
0.500020	0.000000	0.000000	
0.000000	0.000000	0.500019	
0.000000	0.000000	0.500019	
0.000000	0.000000	0.500019	
0.000000	0.500019	0.000000	
0.000000	0.500020	0.000000	
0.000000	0.500020	0.000000	
0.500019	0.000000	0.000000	
0.500019	0.000000	0.000000	
0.000000	0.500020	0.000000	
0.500019	0.000000	0.000000	
0.000000	0.000000	0.500019	
0.500020	0.000000	0.000000	
0.000000	0.500020	0.000000	
0.500019	0.000000	0.000000	
0.000000	0.000000	0.500019	
0.500020	0.000000	0.000000	
0.000000	0.500019	0.000000	
0.500020	0.000000	0.000000	
0.500019	0.000000	0.000000	
0.000000	0.000000	0.500019	
0.500020	0.000000	0.000000	
0.000000	0.372818	0.127202	
0.000000	0.500020	0.000000	
0.089966	0.333925	0.076129	
0.000000	0.000000	0.500019	
0.500019	0.000000	0.000000	
0.000000	0.000000	0.500019	
0.000000	0.500019	0.000000	
0.000000	0.500020	0.000000	
0.000000	0.500019	0.000000	
0.000000	0.000000	0.500019	
0.500020	0.000000	0.000000	
0.500019	0.000000	0.000000	
0.000000	0.500020	0.000000	
0.500019	0.000000	0.000000	
0.500020	0.000000	0.000000	
0.000000	0.500020	0.000000	
0.000000	0.500020	0.000000	
0.000000	0.000000	0.500019	
0.000000	0.000000	0.500019	
0.500020	0.000000	0.000000	
0.000000	0.000000	0.500019	
0.000000	0.000000	0.500019	
0.500020	0.000000	0.000000	
0.000000	0.500020	0.000000	
0.000000	0.500019	0.000000	
0.000000	0.000000	0.500019	
0.000000	0.000000	0.500019	
0.000000	0.500020	0.000000	
0.000000	0.000000	0.500019	
0.500019	0.000000	0.000000	
0.000000	0.500019	0.000000	
0.500020	0.000000	0.000000	
0.000000	0.500020	0.000000	
0.000000	0.500020	0.000000	
0.000000	0.500020	0.000000	
0.000000	0.500020	0.000000	
0.000000	0.000000	0.500019	
0.000000	0.000000	0.500019	
0.000000	0.000000	0.500019	
0.000000	0.500020	0.000000	
0.500019	0.000000	0.000000	
0.500020	0.000000	0.000000	
0.000000	0.500019	0.000000	
0.000000	0.000000	0.500019	
0.000000	0.000000	0.500019	
0.000000	0.000000	0.500019	
0.000000	0.500019	0.000000	
0.000000	0.500019	0.000000	
0.500019	0.000000	0.000000	
0.500019	0.000000	0.000000	
0.500019	0.000000	0.000000	
0.000000	0.000000	0.500019	
0.000000	0.000000	0.500019	
0.500019	0.000000	0.000000	
0.000018	0.061895	0.438106	
0.000000	0.000000	0.500019	
0.000000	0.000000	0.500019	
0.000000	0.000000	0.500019	
0.000000	0.000000	0.500019	
0.000000	0.000000	0.500019	
0.000000	0.000000	0.500019	
0.000000	0.500019	0.000000	
0.000000	0.500020	0.000000	
0.500020	0.000000	0.000000	
0.500019	0.000000	0.000000	
0.500020	0.000000	0.000000	
0.000000	0.000000	0.500019	
0.000000	0.500019	0.000000	
0.000000	0.000000	0.500019	
0.500020	0.000000	0.000000	
0.000000	0.500019	0.000000	
0.500020	0.000000	0.000000	
0.500020	0.000000	0.000000	
0.000000	0.500019	0.000000	
0.000000	0.500020	0.000000	
0.000000	0.000000	0.500019	
0.000000	0.000000	0.500019	
0.000000	0.000000	0.500019	
0.449187	0.050833	0.000000	
0.000000	0.000000	0.500019	
0.000000	0.500019	0.000000	
0.000000	0.500019	0.000000	
0.000000	0.500019	0.000000	
0.000000	0.500020	0.000000	
0.000000	0.500019	0.000000	
0.000000	0.500020	0.000000	
0.500019	0.000000	0.000000	
0.000000	0.000000	0.500019	
0.000000	0.500019	0.000000	
0.000000	0.000000	0.500019	
0.000000	0.000000	0.500019	
0.000000	0.500019	0.000000	
0.500020	0.000000	0.000000	
0.000000	0.500019	0.000000	
0.000000	0.500019	0.000000	
0.000000	0.000000	0.500019	
0.500020	0.000000	0.000000	
0.500020	0.000000	0.000000	
0.000000	0.500020	0.000000	
0.000000	0.000000	0.500019	
0.000000	0.000000	0.500019	
0.000000	0.000000	0.500019	
0.000000	0.000000	0.500019	
0.000000	0.000000	0.500019	
0.500020	0.000000	0.000000	
0.500019	0.000000	0.000000	
0.000000	0.500020	0.000000	
0.000000	0.000000	0.500019	
0.000000	0.500019	0.000000	
0.000000	0.500019	0.000000	
0.000000	0.500020	0.000000	
0.000000	0.500019	0.000000	
0.000000	0.000000	0.500019	
0.034808	0.002655	0.462557	
0.000000	0.000000	0.500019	
0.500019	0.000000	0.000000	
0.500020	0.000000	0.000000	
0.500019	0.000000	0.000000	
0.500019	0.000000	0.000000	
0.500019	0.000000	0.000000	
0.500020	0.000000	0.000000	
0.000000	0.500020	0.000000	
0.000000	0.500019	0.000000	
