0.000000	0.500020	0.000000	
0.000000	0.000000	0.500020	
0.000000	0.500020	0.000000	
0.000000	0.500020	0.000000	
0.000000	0.000000	0.500020	
0.500020	0.000000	0.000000	
0.000000	0.500020	0.000000	
0.000000	0.000000	0.500020	
0.500020	0.000000	0.000000	
0.000000	0.500020	0.000000	
0.000000	0.500020	0.000000	
0.000000	0.500020	0.000000	
0.000000	0.500020	0.000000	
0.000000	0.500020	0.000000	
0.500020	0.000000	0.000000	
0.000000	0.500020	0.000000	
0.500020	0.000000	0.000000	
0.500020	0.000000	0.000000	
0.082668	0.275311	0.142041	
0.500020	0.000000	0.000000	
0.000000	0.500020	0.000000	
0.000000	0.500020	0.000000	
0.000000	0.000000	0.500020	
0.500020	0.000000	0.000000	
0.000000	0.500020	0.000000	
0.500020	0.000000	0.000000	
0.000000	0.500020	0.000000	
0.500020	0.000000	0.000000	
0.500020	0.000000	0.000000	
0.500020	0.000000	0.000000	
0.000000	0.000000	0.500020	
0.000000	0.000000	0.500020	
0.000000	0.000000	0.500020	
0.500020	0.000000	0.000000	
0.000000	0.000000	0.500020	
0.000000	0.500020	0.000000	
0.000000	0.000000	0.500020	
0.000000	0.500020	0.000000	
0.000000	0.500020	0.000000	
0.500020	0.000000	0.000000	
0.000000	0.000000	0.500020	
0.500020	0.000000	0.000000	
0.000000	0.500020	0.000000	
0.500020	0.000000	0.000000	
0.500020	0.000000	0.000000	
0.000000	0.000000	0.500020	
0.000000	0.500020	0.000000	
0.000000	0.500020	0.000000	
0.000000	0.000000	0.500020	
0.000000	0.000000	0.500020	
0.000000	0.500020	0.000000	
0.000000	0.000000	0.500020	
0.000000	0.000000	0.500020	
0.000000	0.500020	0.000000	
0.000000	0.000000	0.500020	
0.000000	0.500020	0.000000	
0.500020	0.000000	0.000000	
0.500020	0.000000	0.000000	
0.500020	0.000000	0.000000	
0.500020	0.000000	0.000000	
0.500020	0.000000	0.000000	
0.000000	0.500020	0.000000	
0.000000	0.000000	0.500020	
0.000000	0.500020	0.000000	
0.500020	0.000000	0.000000	
0.000000	0.500020	0.000000	
0.500020	0.000000	0.000000	
0.000000	0.500020	0.000000	
0.000000	0.000000	0.500020	
0.500020	0.000000	0.000000	
0.000000	0.500020	0.000000	
0.500020	0.000000	0.000000	
0.000000	0.500020	0.000000	
0.000000	0.500020	0.000000	
0.000000	0.500020	0.000000	
0.500020	0.000000	0.000000	
0.500020	0.000000	0.000000	
0.500020	0.000000	0.000000	
0.500020	0.000000	0.000000	
0.500020	0.000000	0.000000	
0.500020	0.000000	0.000000	
0.000000	0.000000	0.500020	
0.000000	0.000000	0.500020	
0.000000	0.000000	0.500020	
0.114518	0.319542	0.065960	
0.000000	0.500020	0.000000	
0.500020	0.000000	0.000000	
0.000000	0.500020	0.000000	
0.000000	0.000000	0.500020	
0.000000	0.500020	0.000000	
0.000000	0.500020	0.000000	
0.500020	0.000000	0.000000	
0.000000	0.000000	0.500020	
0.000000	0.000000	0.500020	
0.000000	0.000000	0.500020	
0.000000	0.000000	0.500020	
0.500020	0.000000	0.000000	
0.000000	0.000000	0.500020	
0.000000	0.000000	0.500020	
0.500020	0.000000	0.000000	
0.000000	0.000000	0.500020	
0.500020	0.000000	0.000000	
0.500020	0.000000	0.000000	
0.000000	0.500020	0.000000	
0.500020	0.000000	0.000000	
0.000000	0.500020	0.000000	
0.000000	0.500020	0.000000	
0.500020	0.000000	0.000000	
0.000000	0.500020	0.000000	
0.500020	0.000000	0.000000	
0.000000	0.000000	0.500020	
0.000000	0.000000	0.500020	
0.000000	0.500020	0.000000	
0.500020	0.000000	0.000000	
0.500020	0.000000	0.000000	
0.000000	0.500020	0.000000	
0.500020	0.000000	0.000000	
0.500020	0.000000	0.000000	
0.000000	0.500020	0.000000	
0.000000	0.500020	0.000000	
0.000000	0.500020	0.000000	
0.000000	0.500020	0.000000	
0.500020	0.000000	0.000000	
0.000000	0.000000	0.500020	
0.500020	0.000000	0.000000	
0.500020	0.000000	0.000000	
0.000000	0.500020	0.000000	
0.000000	0.500020	0.000000	
0.000000	0.500020	0.000000	
0.000000	0.000000	0.500020	
0.000000	0.500020	0.000000	
0.500020	0.000000	0.000000	
0.000000	0.500020	0.000000	
0.500020	0.000000	0.000000	
0.000000	0.000000	0.500020	
0.000000	0.000000	0.500020	
0.000000	0.000000	0.500020	
0.000000	0.500020	0.000000	
0.500020	0.000000	0.000000	
0.500020	0.000000	0.000000	
0.500020	0.000000	0.000000	
0.500020	0.000000	0.000000	
0.000000	0.500020	0.000000	
0.000000	0.000000	0.500020	
0.000000	0.000000	0.500020	
0.000000	0.500020	0.000000	
0.000000	0.500020	0.000000	
0.000000	0.000000	0.500020	
0.000000	0.000000	0.500020	
0.000000	0.000000	0.500020	
0.000000	0.000000	0.500020	
0.000000	0.000000	0.500020	
0.500020	0.000000	0.000000	
0.500020	0.000000	0.000000	
0.500020	0.000000	0.000000	
0.401080	0.014404	0.084535	
0.000000	0.500020	0.000000	
0.000000	0.500020	0.000000	
0.000000	0.000000	0.500020	
0.000000	0.000000	0.500020	
0.500020	0.000000	0.000000	
0.500020	0.000000	0.000000	
0.500020	0.000000	0.000000	
0.000000	0.500020	0.000000	
0.500020	0.000000	0.000000	
0.000000	0.500020	0.000000	
0.500020	0.000000	0.000000	
0.500020	0.000000	0.000000	
0.500020	0.000000	0.000000	
0.500020	0.000000	0.000000	
0.000000	0.000000	0.500020	
0.500020	0.000000	0.000000	
0.500020	0.000000	0.000000	
0.000000	0.000000	0.500020	
0.000000	0.000000	0.500020	
0.000000	0.000000	0.500020	
0.000000	0.500020	0.000000	
0.000000	0.000000	0.500020	
0.500020	0.000000	0.000000	
0.000000	0.500020	0.000000	
0.000000	0.500020	0.000000	
0.000000	0.500020	0.000000	
0.500020	0.000000	0.000000	
0.000000	0.000000	0.500020	
0.000000	0.500020	0.000000	
0.000000	0.000000	0.500020	
0.000000	0.000000	0.500020	
0.500020	0.000000	0.000000	
0.000000	0.500020	0.000000	
0.500020	0.000000	0.000000	
0.500020	0.000000	0.000000	
0.000000	0.000000	0.500020	
0.000000	0.000000	0.500020	
0.000000	0.000000	0.500020	
0.000000	0.000000	0.500020	
0.000000	0.000000	0.500020	
0.000000	0.000000	0.500020	
0.000000	0.000000	0.500020	
0.500020	0.000000	0.000000	
0.000000	0.000000	0.500020	
0.500020	0.000000	0.000000	
0.500020	0.000000	0.000000	
0.000000	0.000000	0.500020	
0.500020	0.000000	0.000000	
0.000000	0.500020	0.000000	
0.000000	0.500020	0.000000	
0.000000	0.500020	0.000000	
0.000000	0.500020	0.000000	
0.000000	0.500020	0.000000	
0.000000	0.500020	0.000000	
0.000000	0.500020	0.000000	
0.000000	0.000000	0.500020	
0.500020	0.000000	0.000000	
0.000000	0.500020	0.000000	
0.500020	0.000000	0.000000	
0.000000	0.500020	0.000000	
0.500020	0.000000	0.000000	
0.000000	0.500020	0.000000	
0.000000	0.000000	0.500020	
0.500020	0.000000	0.000000	
0.000000	0.000000	0.500020	
0.000000	0.500020	0.000000	
0.000000	0.500020	0.000000	
0.500020	0.000000	0.000000	
0.500020	0.000000	0.000000	
0.000000	0.000000	0.500020	
0.000000	0.000000	0.500020	
0.000000	0.000000	0.500020	
0.000000	0.000000	0.500020	
0.500020	0.000000	0.000000	
0.000000	0.000000	0.500020	
0.000000	0.000000	0.500020	
0.000000	0.000000	0.500020	
0.500020	0.000000	0.000000	
0.062851	0.003862	0.433306	
0.000000	0.500020	0.000000	
0.000000	0.000000	0.500020	
0.000000	0.500020	0.000000	
0.000000	0.500020	0.000000	
0.500020	0.000000	0.000000	
0.000000	0.500020	0.000000	
0.000000	0.000000	0.500020	
0.000000	0.500020	0.000000	
0.500020	0.000000	0.000000	
0.500020	0.000000	0.000000	
0.000000	0.000000	0.500020	
0.000000	0.500020	0.000000	
0.000000	0.000000	0.500020	
0.000000	0.000000	0.500020	
0.000000	0.500020	0.000000	
0.000000	0.000000	0.500020	
0.000000	0.500020	0.000000	
0.000000	0.000000	0.500020	
0.500020	0.000000	0.000000	
0.000000	0.000000	0.500020	
0.000000	0.000000	0.500020	
0.000000	0.500020	0.000000	
0.000000	0.500020	0.000000	
0.000000	0.000000	0.500020	
0.500020	0.000000	0.000000	
0.000000	0.500020	0.000000	
0.000000	0.500020	0.000000	
0.000000	0.000000	0.500020	
0.500020	0.000000	0.000000	
0.000000	0.000000	0.500020	
0.000000	0.000000	0.500020	
0.000000	0.000000	0.500020	
0.000000	0.000000	0.500020	
0.000000	0.500020	0.000000	
0.000000	0.000000	0.500020	
0.000000	0.000000	0.500020	
0.500020	0.000000	0.000000	
0.500020	0.000000	0.000000	
0.500020	0.000000	0.000000	
0.500020	0.000000	0.000000	
0.000000	0.000000	0.500020	
0.000000	0.000000	0.500020	
0.000000	0.500020	0.000000	
0.000000	0.500020	0.000000	
0.000000	0.000000	0.500020	
0.000000	0.000000	0.500020	
0.000000	0.000000	0.500020	
0.000000	0.000000	0.500020	
0.500020	0.000000	0.000000	
0.500020	0.000000	0.000000	
0.000000	0.500020	0.000000	
0.000000	0.500020	0.000000	
0.500020	0.000000	0.000000	
0.000000	0.000000	0.500020	
0.500020	0.000000	0.000000	
0.500020	0.000000	0.000000	
0.000000	0.500020	0.000000	
0.000000	0.500020	0.000000	
0.000000	0.500020	0.000000	
0.000000	0.000000	0.500020	
0.000000	0.500020	0.000000	
0.000000	0.500020	0.000000	
0.000000	0.000000	0.500020	
0.000000	0.500020	0.000000	
0.500020	0.000000	0.000000	
