0.500020	0.000000	0.000000	
0.000000	0.000000	0.500020	
0.000000	0.000000	0.500020	
0.500020	0.000000	0.000000	
0.000000	0.500020	0.000000	
0.000000	0.000000	0.500020	
0.000000	0.000000	0.500020	
0.000000	0.000000	0.500020	
0.000000	0.500020	0.000000	
0.000000	0.500020	0.000000	
0.000000	0.000000	0.500020	
0.000000	0.500020	0.000000	
0.500020	0.000000	0.000000	
0.500020	0.000000	0.000000	
0.000000	0.000000	0.500020	
0.000000	0.500020	0.000000	
0.500020	0.000000	0.000000	
0.000000	0.500020	0.000000	
0.500020	0.000000	0.000000	
0.000000	0.000000	0.500020	
0.000000	0.000000	0.500020	
0.000000	0.000000	0.500020	
0.000000	0.500020	0.000000	
0.500020	0.000000	0.000000	
0.500020	0.000000	0.000000	
0.500020	0.000000	0.000000	
0.000000	0.000000	0.500020	
0.000000	0.500020	0.000000	
0.000000	0.000000	0.500020	
0.000000	0.000000	0.500020	
0.000000	0.500020	0.000000	
0.000000	0.000000	0.500020	
0.500020	0.000000	0.000000	
0.000000	0.500020	0.000000	
0.000000	0.500020	0.000000	
0.000000	0.000000	0.500020	
0.000000	0.000000	0.500020	
0.000000	0.500020	0.000000	
0.000000	0.000000	0.500020	
0.500020	0.000000	0.000000	
0.000000	0.000000	0.500020	
0.000000	0.500020	0.000000	
0.500020	0.000000	0.000000	
0.000000	0.000000	0.500020	
0.500020	0.000000	0.000000	
0.500020	0.000000	0.000000	
0.000000	0.000000	0.500020	
0.000000	0.000000	0.500020	
0.000000	0.500020	0.000000	
0.000000	0.500020	0.000000	
0.500020	0.000000	0.000000	
0.000000	0.000000	0.500020	
0.500020	0.000000	0.000000	
0.500020	0.000000	0.000000	
0.500020	0.000000	0.000000	
0.000000	0.500020	0.000000	
0.500020	0.000000	0.000000	
0.000000	0.000000	0.500020	
0.000000	0.000000	0.500020	
0.000000	0.500020	0.000000	
0.000000	0.000000	0.500020	
0.000000	0.000000	0.500020	
0.500020	0.000000	0.000000	
0.500020	0.000000	0.000000	
0.500020	0.000000	0.000000	
0.500020	0.000000	0.000000	
0.000000	0.000000	0.500020	
0.000000	0.500020	0.000000	
0.500020	0.000000	0.000000	
0.000000	0.000000	0.500020	
0.000000	0.500020	0.000000	
0.000000	0.500020	0.000000	
0.000000	0.500020	0.000000	
0.000000	0.000000	0.500020	
0.000000	0.000000	0.500020	
0.000000	0.500020	0.000000	
0.000000	0.500020	0.000000	
0.000000	0.500020	0.000000	
0.000000	0.500020	0.000000	
0.500020	0.000000	0.000000	
0.500020	0.000000	0.000000	
0.500020	0.000000	0.000000	
0.500020	0.000000	0.000000	
0.500020	0.000000	0.000000	
0.000000	0.000000	0.500020	
0.000000	0.000000	0.500020	
0.000000	0.000000	0.500020	
0.500020	0.000000	0.000000	
0.000000	0.000000	0.500020	
0.500020	0.000000	0.000000	
0.000000	0.000000	0.500020	
0.000000	0.500020	0.000000	
0.000000	0.000000	0.500020	
0.000000	0.500020	0.000000	
0.500020	0.000000	0.000000	
0.000000	0.000000	0.500020	
0.000000	0.000000	0.500020	
0.000000	0.000000	0.500020	
0.000000	0.000000	0.500020	
0.098305	0.335754	0.065960	
0.000000	0.000000	0.500020	
0.500020	0.000000	0.000000	
0.000000	0.500020	0.000000	
0.500020	0.000000	0.000000	
0.000000	0.500020	0.000000	
0.000000	0.500020	0.000000	
0.500020	0.000000	0.000000	
0.000000	0.000000	0.500020	
0.000000	0.500020	0.000000	
0.000000	0.500020	0.000000	
0.500020	0.000000	0.000000	
0.500020	0.000000	0.000000	
0.000000	0.000000	0.500020	
0.000000	0.500020	0.000000	
0.500020	0.000000	0.000000	
0.500020	0.000000	0.000000	
0.000000	0.500020	0.000000	
0.000000	0.000000	0.500020	
0.000000	0.500020	0.000000	
0.000000	0.000000	0.500020	
0.500020	0.000000	0.000000	
0.000000	0.500020	0.000000	
0.000000	0.000000	0.500020	
0.000000	0.500020	0.000000	
0.000000	0.000000	0.500020	
0.000000	0.500020	0.000000	
0.000000	0.000000	0.500020	
0.500020	0.000000	0.000000	
0.000000	0.500020	0.000000	
0.000000	0.500020	0.000000	
0.500020	0.000000	0.000000	
0.000000	0.000000	0.500020	
0.000000	0.000000	0.500020	
0.000000	0.000000	0.500020	
0.500020	0.000000	0.000000	
0.000000	0.500020	0.000000	
0.000000	0.500020	0.000000	
0.000000	0.500020	0.000000	
0.000000	0.000000	0.500020	
0.500020	0.000000	0.000000	
0.000000	0.000000	0.500020	
0.000000	0.500020	0.000000	
0.000000	0.500020	0.000000	
0.500020	0.000000	0.000000	
0.000000	0.000000	0.500020	
0.000000	0.500020	0.000000	
0.500020	0.000000	0.000000	
0.000000	0.000000	0.500020	
0.000000	0.000000	0.500020	
0.000000	0.500020	0.000000	
0.000000	0.500020	0.000000	
0.500020	0.000000	0.000000	
0.000000	0.500020	0.000000	
0.000000	0.500020	0.000000	
0.000000	0.500020	0.000000	
0.000000	0.500020	0.000000	
0.000000	0.500020	0.000000	
0.500020	0.000000	0.000000	
0.500020	0.000000	0.000000	
0.000000	0.000000	0.500020	
0.500020	0.000000	0.000000	
0.000000	0.500020	0.000000	
0.000000	0.000000	0.500020	
0.000000	0.500020	0.000000	
0.000000	0.500020	0.000000	
0.000000	0.500020	0.000000	
0.000000	0.500020	0.000000	
0.000000	0.500020	0.000000	
0.500020	0.000000	0.000000	
0.500020	0.000000	0.000000	
0.000000	0.000000	0.500020	
0.500020	0.000000	0.000000	
0.000000	0.500020	0.000000	
0.212720	0.000488	0.286812	
0.000000	0.000000	0.500020	
0.000000	0.000000	0.500020	
0.000000	0.500020	0.000000	
0.000000	0.000000	0.500020	
0.500020	0.000000	0.000000	
0.500020	0.000000	0.000000	
0.232761	0.202126	0.065134	
0.500020	0.000000	0.000000	
0.000000	0.000000	0.500020	
0.000000	0.000000	0.500020	
0.500020	0.000000	0.000000	
0.000000	0.500020	0.000000	
0.000000	0.500020	0.000000	
0.500020	0.000000	0.000000	
0.500020	0.000000	0.000000	
0.000000	0.000000	0.500020	
0.000000	0.500020	0.000000	
0.500020	0.000000	0.000000	
0.000000	0.018799	0.481221	
0.500020	0.000000	0.000000	
0.000000	0.000000	0.500020	
0.000000	0.500020	0.000000	
0.000000	0.000000	0.500020	
0.500020	0.000000	0.000000	
0.000000	0.500020	0.000000	
0.000000	0.500020	0.000000	
0.000000	0.500020	0.000000	
0.000000	0.500020	0.000000	
0.500020	0.000000	0.000000	
0.500020	0.000000	0.000000	
0.500020	0.000000	0.000000	
0.500020	0.000000	0.000000	
0.500020	0.000000	0.000000	
0.000000	0.500020	0.000000	
0.000000	0.000000	0.500020	
0.000000	0.500020	0.000000	
0.000000	0.500020	0.000000	
0.000000	0.500020	0.000000	
0.500020	0.000000	0.000000	
0.500020	0.000000	0.000000	
0.500020	0.000000	0.000000	
0.000000	0.500020	0.000000	
0.500020	0.000000	0.000000	
0.500020	0.000000	0.000000	
0.000000	0.000000	0.500020	
0.500020	0.000000	0.000000	
0.000000	0.500020	0.000000	
0.000000	0.000000	0.500020	
0.500020	0.000000	0.000000	
0.000000	0.000000	0.500020	
0.000000	0.500020	0.000000	
0.000000	0.000000	0.500020	
0.500020	0.000000	0.000000	
0.500020	0.000000	0.000000	
0.000000	0.000000	0.500020	
0.500020	0.000000	0.000000	
0.000000	0.500020	0.000000	
0.000000	0.500020	0.000000	
0.000000	0.000000	0.500020	
0.000000	0.000000	0.500020	
0.500020	0.000000	0.000000	
0.000000	0.000000	0.500020	
0.500020	0.000000	0.000000	
0.000000	0.500020	0.000000	
0.500020	0.000000	0.000000	
0.000000	0.000000	0.500020	
0.000000	0.000000	0.500020	
0.000000	0.000000	0.500020	
0.500020	0.000000	0.000000	
0.500020	0.000000	0.000000	
0.000000	0.000000	0.500020	
0.500020	0.000000	0.000000	
0.000000	0.000000	0.500020	
0.500020	0.000000	0.000000	
0.500020	0.000000	0.000000	
0.000000	0.000000	0.500020	
0.500020	0.000000	0.000000	
0.000000	0.000000	0.500020	
0.000000	0.500020	0.000000	
0.000000	0.500020	0.000000	
0.000000	0.500020	0.000000	
0.000000	0.500020	0.000000	
0.000000	0.500020	0.000000	
0.000000	0.500020	0.000000	
0.000000	0.000000	0.500020	
0.000000	0.000000	0.500020	
0.000000	0.000000	0.500020	
0.000000	0.000000	0.500020	
0.000000	0.000000	0.500020	
0.500020	0.000000	0.000000	
0.000000	0.000000	0.500020	
0.000000	0.500020	0.000000	
0.000000	0.000000	0.500020	
0.000000	0.000000	0.500020	
0.500020	0.000000	0.000000	
0.000000	0.000000	0.500020	
0.000000	0.500020	0.000000	
0.000000	0.500020	0.000000	
0.000000	0.000000	0.500020	
0.500020	0.000000	0.000000	
0.000000	0.000000	0.500020	
0.000000	0.463209	0.036810	
0.500020	0.000000	0.000000	
0.000000	0.500020	0.000000	
0.000000	0.500020	0.000000	
0.000000	0.500020	0.000000	
0.000000	0.500020	0.000000	
0.000000	0.500020	0.000000	
0.500020	0.000000	0.000000	
0.000000	0.000000	0.500020	
0.500020	0.000000	0.000000	
0.500020	0.000000	0.000000	
0.000000	0.000000	0.500020	
0.500020	0.000000	0.000000	
0.000000	0.500020	0.000000	
0.500020	0.000000	0.000000	
0.387715	0.000000	0.112305	
0.500020	0.000000	0.000000	
0.000000	0.500020	0.000000	
0.500020	0.000000	0.000000	
0.000000	0.000000	0.500020	
0.000000	0.500020	0.000000	
0.000000	0.000000	0.500020	
0.500020	0.000000	0.000000	
0.000000	0.500020	0.000000	
0.000000	0.500020	0.000000	
