0.000000	0.000000	0.500019	
0.000000	0.500019	0.000000	
0.500019	0.000000	0.000000	
0.000000	0.000000	0.500019	
0.000000	0.000000	0.500019	
0.000000	0.500019	0.000000	
0.000000	0.500019	0.000000	
0.000000	0.500019	0.000000	
0.500019	0.000000	0.000000	
0.500019	0.000000	0.000000	
0.000000	0.500019	0.000000	
0.500019	0.000000	0.000000	
0.500019	0.000000	0.000000	
0.000000	0.500019	0.000000	
0.500019	0.000000	0.000000	
0.000000	0.000000	0.500019	
0.000000	0.000000	0.500019	
0.500019	0.000000	0.000000	
0.000000	0.000000	0.500019	
0.000000	0.000000	0.500019	
0.000000	0.000000	0.500019	
0.500019	0.000000	0.000000	
0.500019	0.000000	0.000000	
0.000000	0.500019	0.000000	
0.500019	0.000000	0.000000	
0.500019	0.000000	0.000000	
0.000000	0.000000	0.500019	
0.500019	0.000000	0.000000	
0.500019	0.000000	0.000000	
0.000000	0.000000	0.500019	
0.000000	0.000000	0.500019	
0.500019	0.000000	0.000000	
0.500019	0.000000	0.000000	
0.000000	0.500019	0.000000	
0.000000	0.500019	0.000000	
0.500019	0.000000	0.000000	
0.000000	0.000000	0.500019	
0.500019	0.000000	0.000000	
0.000000	0.500019	0.000000	
0.000000	0.000000	0.500019	
0.000000	0.500019	0.000000	
0.000000	0.500019	0.000000	
0.000000	0.000000	0.500019	
0.500019	0.000000	0.000000	
0.000000	0.500019	0.000000	
0.500019	0.000000	0.000000	
0.500019	0.000000	0.000000	
0.000000	0.500019	0.000000	
0.500019	0.000000	0.000000	
0.000000	0.500019	0.000000	
0.500019	0.000000	0.000000	
0.500019	0.000000	0.000000	
0.000000	0.000000	0.500019	
0.000000	0.000000	0.500019	
0.000000	0.500019	0.000000	
0.000000	0.000000	0.500019	
0.000000	0.000000	0.500019	
0.500019	0.000000	0.000000	
0.500019	0.000000	0.000000	
0.000000	0.500019	0.000000	
0.500019	0.000000	0.000000	
0.000000	0.500019	0.000000	
0.000000	0.000000	0.500019	
0.500019	0.000000	0.000000	
0.000000	0.000000	0.500019	
0.000000	0.000000	0.500019	
0.500019	0.000000	0.000000	
0.000000	0.500019	0.000000	
0.000000	0.500019	0.000000	
0.000000	0.500019	0.000000	
0.500019	0.000000	0.000000	
0.500019	0.000000	0.000000	
0.500019	0.000000	0.000000	
0.000000	0.500019	0.000000	
0.000000	0.500019	0.000000	
0.500019	0.000000	0.000000	
0.500019	0.000000	0.000000	
0.000000	0.000000	0.500019	
0.500019	0.000000	0.000000	
0.000000	0.500019	0.000000	
0.500019	0.000000	0.000000	
0.000000	0.500019	0.000000	
0.000000	0.500019	0.000000	
0.000000	0.000000	0.500019	
0.000000	0.500019	0.000000	
0.500019	0.000000	0.000000	
0.500019	0.000000	0.000000	
0.000000	0.000000	0.500019	
0.000000	0.000000	0.500019	
0.000000	0.500019	0.000000	
0.500019	0.000000	0.000000	
0.032094	0.423597	0.044328	
0.500019	0.000000	0.000000	
0.000000	0.000000	0.500019	
0.000000	0.000000	0.500019	
0.000000	0.000000	0.500019	
0.000000	0.000000	0.500019	
0.000000	0.000000	0.500019	
0.500019	0.000000	0.000000	
0.500019	0.000000	0.000000	
0.000000	0.500019	0.000000	
0.000000	0.500019	0.000000	
0.000000	0.500019	0.000000	
0.000000	0.000000	0.500019	
0.500019	0.000000	0.000000	
0.000000	0.500019	0.000000	
0.000000	0.500019	0.000000	
0.000000	0.500019	0.000000	
0.500019	0.000000	0.000000	
0.000000	0.500019	0.000000	
0.500019	0.000000	0.000000	
0.500019	0.000000	0.000000	
0.000000	0.500019	0.000000	
0.000000	0.500019	0.000000	
0.000000	0.500019	0.000000	
0.000000	0.500019	0.000000	
0.000000	0.000000	0.500019	
0.000000	0.000000	0.500019	
0.000000	0.000000	0.500019	
0.000000	0.500019	0.000000	
0.500019	0.000000	0.000000	
0.500019	0.000000	0.000000	
0.000000	0.500019	0.000000	
0.500019	0.000000	0.000000	
0.000000	0.000000	0.500019	
0.000000	0.000000	0.500019	
0.000000	0.500019	0.000000	
0.500019	0.000000	0.000000	
0.000000	0.000000	0.500019	
0.000000	0.500019	0.000000	
0.000000	0.000000	0.500019	
0.500019	0.000000	0.000000	
0.000000	0.500019	0.000000	
0.000000	0.000000	0.500019	
0.000000	0.000000	0.500019	
0.500019	0.000000	0.000000	
0.500019	0.000000	0.000000	
0.500019	0.000000	0.000000	
0.000000	0.000000	0.500019	
0.000000	0.500019	0.000000	
0.000000	0.500019	0.000000	
0.500019	0.000000	0.000000	
0.000000	0.500019	0.000000	
0.000000	0.500019	0.000000	
0.500019	0.000000	0.000000	
0.000000	0.000000	0.500019	
0.000000	0.000000	0.500019	
0.000000	0.500019	0.000000	
0.500019	0.000000	0.000000	
0.000000	0.000000	0.500019	
0.000000	0.000000	0.500019	
0.000000	0.000000	0.500019	
0.000000	0.000000	0.500019	
0.000000	0.000000	0.500019	
0.000000	0.500019	0.000000	
0.500019	0.000000	0.000000	
0.000000	0.000000	0.500019	
0.000000	0.500019	0.000000	
0.500019	0.000000	0.000000	
0.000000	0.500019	0.000000	
0.000000	0.000000	0.500019	
0.500019	0.000000	0.000000	
0.000000	0.500019	0.000000	
0.500019	0.000000	0.000000	
0.000000	0.000000	0.500019	
0.000000	0.500019	0.000000	
0.500019	0.000000	0.000000	
0.000000	0.500019	0.000000	
0.000000	0.000000	0.500019	
0.000000	0.500019	0.000000	
0.500019	0.000000	0.000000	
0.500019	0.000000	0.000000	
0.000000	0.500019	0.000000	
0.000000	0.500019	0.000000	
0.000000	0.500019	0.000000	
0.000000	0.500019	0.000000	
0.500019	0.000000	0.000000	
0.500019	0.000000	0.000000	
0.500019	0.000000	0.000000	
0.500019	0.000000	0.000000	
0.500019	0.000000	0.000000	
0.500019	0.000000	0.000000	
0.500019	0.000000	0.000000	
0.000000	0.000000	0.500019	
0.000000	0.500019	0.000000	
0.000000	0.000000	0.500019	
0.500019	0.000000	0.000000	
0.500019	0.000000	0.000000	
0.000000	0.000000	0.500019	
0.000000	0.000000	0.500019	
0.000000	0.000000	0.500019	
0.000000	0.000000	0.500019	
0.000000	0.000000	0.500019	
0.500019	0.000000	0.000000	
0.000000	0.000000	0.500019	
0.000000	0.500019	0.000000	
0.000000	0.500019	0.000000	
0.000000	0.500019	0.000000	
0.000000	0.000000	0.500019	
0.500019	0.000000	0.000000	
0.000000	0.500019	0.000000	
0.500019	0.000000	0.000000	
0.500019	0.000000	0.000000	
0.000000	0.500019	0.000000	
0.000000	0.500019	0.000000	
0.000000	0.000000	0.500019	
0.000000	0.000000	0.500019	
0.000000	0.000000	0.500019	
0.000000	0.000000	0.500019	
0.500019	0.000000	0.000000	
0.000000	0.500019	0.000000	
0.000000	0.000000	0.500019	
0.000000	0.000000	0.500019	
0.000000	0.500019	0.000000	
0.000000	0.500019	0.000000	
0.500019	0.000000	0.000000	
0.000000	0.000000	0.500019	
0.000000	0.000000	0.500019	
0.000000	0.000000	0.500019	
0.000000	0.000000	0.500019	
0.000000	0.500019	0.000000	
0.000000	0.500019	0.000000	
0.000000	0.000000	0.500019	
0.500019	0.000000	0.000000	
0.000000	0.500019	0.000000	
0.500019	0.000000	0.000000	
0.000000	0.000000	0.500019	
0.000000	0.000000	0.500019	
0.000000	0.500019	0.000000	
0.500019	0.000000	0.000000	
0.000000	0.500019	0.000000	
0.000000	0.000000	0.500019	
0.500019	0.000000	0.000000	
0.000000	0.000000	0.500019	
0.000000	0.500019	0.000000	
0.000000	0.500019	0.000000	
0.500019	0.000000	0.000000	
0.500019	0.000000	0.000000	
0.000000	0.500019	0.000000	
0.000000	0.500019	0.000000	
0.000000	0.500019	0.000000	
0.000000	0.500019	0.000000	
0.500019	0.000000	0.000000	
0.500019	0.000000	0.000000	
0.000000	0.000000	0.500019	
0.000000	0.500019	0.000000	
0.500019	0.000000	0.000000	
0.000000	0.000000	0.500019	
0.000000	0.000000	0.500019	
0.500019	0.000000	0.000000	
0.000000	0.500019	0.000000	
0.000000	0.000000	0.500019	
0.000000	0.500019	0.000000	
0.500019	0.000000	0.000000	
0.000000	0.500019	0.000000	
0.000000	0.000000	0.500019	
0.000000	0.500019	0.000000	
0.500019	0.000000	0.000000	
0.000000	0.000000	0.500019	
0.000000	0.500019	0.000000	
0.000000	0.500019	0.000000	
0.018347	0.000136	0.481537	
0.000000	0.500019	0.000000	
0.000000	0.000000	0.500019	
0.000000	0.000000	0.500019	
0.000000	0.000000	0.500019	
0.000000	0.500019	0.000000	
0.000000	0.000000	0.500019	
0.000000	0.000000	0.500019	
0.000000	0.500019	0.000000	
0.000000	0.000000	0.500019	
0.428919	0.071100	0.000000	
0.000000	0.000000	0.500019	
0.000000	0.000000	0.500019	
0.000000	0.000000	0.500019	
0.000000	0.500019	0.000000	
0.000000	0.000000	0.500019	
0.000000	0.000000	0.500019	
0.000000	0.000000	0.500019	
0.000000	0.500019	0.000000	
0.500019	0.000000	0.000000	
0.000000	0.000000	0.500019	
0.000000	0.474997	0.025022	
0.500019	0.000000	0.000000	
0.000000	0.041913	0.458107	
0.000000	0.500019	0.000000	
0.500019	0.000000	0.000000	
0.369592	0.045088	0.085339	
0.000000	0.500019	0.000000	
0.500019	0.000000	0.000000	
0.000000	0.000000	0.500019	
0.000000	0.000000	0.500019	
0.000000	0.500019	0.000000	
0.000000	0.000000	0.500019	
0.000000	0.500019	0.000000	
0.500019	0.000000	0.000000	
0.500019	0.000000	0.000000	
0.500019	0.000000	0.000000	
0.500019	0.000000	0.000000	
0.000000	0.500019	0.000000	
