0.500026	0.000000	0.000000	
0.000000	0.000000	0.500027	
0.000000	0.500026	0.000000	
0.500028	0.000000	0.000000	
0.000000	0.500025	0.000000	
0.500029	0.000000	0.000000	
0.000000	0.500026	0.000000	
0.500026	0.000000	0.000000	
0.500030	0.000000	0.000000	
0.500028	0.000000	0.000000	
0.000000	0.000000	0.500027	
0.000000	0.500038	0.000000	
0.000000	0.000000	0.500027	
0.500029	0.000000	0.000000	
0.500027	0.000000	0.000000	
0.500026	0.000000	0.000000	
0.000000	0.500028	0.000000	
0.000000	0.000000	0.500027	
0.000000	0.000000	0.500025	
0.000000	0.500025	0.000000	
0.000000	0.500026	0.000000	
0.000000	0.500027	0.000000	
0.500028	0.000000	0.000000	
0.000000	0.000000	0.500026	
0.000000	0.500024	0.000000	
0.500029	0.000000	0.000000	
0.000000	0.500027	0.000000	
0.000000	0.000000	0.500032	
0.000000	0.000000	0.500026	
0.500029	0.000000	0.000000	
0.000000	0.000000	0.500024	
0.500029	0.000000	0.000000	
0.500027	0.000000	0.000000	
0.000000	0.000000	0.500032	
0.000000	0.000000	0.500030	
0.000000	0.500027	0.000000	
0.000000	0.500032	0.000000	
0.000000	0.000000	0.500027	
0.000000	0.500025	0.000000	
0.000000	0.000000	0.500024	
0.000000	0.500027	0.000000	
0.500025	0.000000	0.000000	
0.000000	0.000000	0.500024	
0.000000	0.500025	0.000000	
0.000000	0.500026	0.000000	
0.000000	0.500024	0.000000	
0.000000	0.500032	0.000000	
0.500033	0.000000	0.000000	
0.000000	0.500027	0.000000	
0.000000	0.000000	0.500027	
0.500024	0.000000	0.000000	
0.500029	0.000000	0.000000	
0.000000	0.000000	0.500023	
0.000000	0.500026	0.000000	
0.500028	0.000000	0.000000	
0.000000	0.500026	0.000000	
0.500028	0.000000	0.000000	
0.000000	0.000000	0.500025	
0.500026	0.000000	0.000000	
0.000000	0.000000	0.500024	
0.000000	0.500027	0.000000	
0.000000	0.500030	0.000000	
0.000000	0.000000	0.500029	
0.000000	0.500032	0.000000	
0.500031	0.000000	0.000000	
0.500025	0.000000	0.000000	
0.500025	0.000000	0.000000	
0.000000	0.000000	0.500025	
0.000000	0.500026	0.000000	
0.500029	0.000000	0.000000	
0.500026	0.000000	0.000000	
0.500033	0.000000	0.000000	
0.500028	0.000000	0.000000	
0.500029	0.000000	0.000000	
0.500028	0.000000	0.000000	
0.273513	0.179729	0.046795	
0.000000	0.500024	0.000000	
0.500027	0.000000	0.000000	
0.000000	0.500028	0.000000	
0.500025	0.000000	0.000000	
0.000000	0.500026	0.000000	
0.500025	0.000000	0.000000	
0.000000	0.500026	0.000000	
0.000000	0.000000	0.500025	
0.000000	0.000000	0.500024	
0.500026	0.000000	0.000000	
0.000000	0.000000	0.500024	
0.500025	0.000000	0.000000	
0.000000	0.500027	0.000000	
0.000000	0.500024	0.000000	
0.500031	0.000000	0.000000	
0.500031	0.000000	0.000000	
0.000000	0.000000	0.500023	
0.166124	0.007229	0.326688	
0.000000	0.500027	0.000000	
0.500027	0.000000	0.000000	
0.500026	0.000000	0.000000	
0.000000	0.000000	0.500027	
0.000000	0.000000	0.500024	
0.000000	0.500027	0.000000	
0.000000	0.500033	0.000000	
0.000000	0.000000	0.500028	
0.500026	0.000000	0.000000	
0.000000	0.500027	0.000000	
0.000000	0.500032	0.000000	
0.000000	0.000000	0.500025	
0.500028	0.000000	0.000000	
0.500026	0.000000	0.000000	
0.000000	0.000000	0.500024	
0.000000	0.500025	0.000000	
0.000000	0.500026	0.000000	
0.000000	0.000000	0.500025	
0.000000	0.000000	0.500024	
0.000000	0.000000	0.500024	
0.500025	0.000000	0.000000	
0.000000	0.000000	0.500027	
0.000000	0.000000	0.500031	
0.000000	0.000000	0.500027	
0.000000	0.500035	0.000000	
0.500027	0.000000	0.000000	
0.000000	0.500033	0.000000	
0.019460	0.153892	0.326686	
0.500028	0.000000	0.000000	
0.500024	0.000000	0.000000	
0.500026	0.000000	0.000000	
0.000000	0.500024	0.000000	
0.500029	0.000000	0.000000	
0.000000	0.500025	0.000000	
0.500015	0.000009	0.000000	
0.000000	0.000000	0.500023	
0.500025	0.000000	0.000000	
0.000000	0.000000	0.500027	
0.500026	0.000000	0.000000	
0.000000	0.000000	0.500027	
0.500025	0.000000	0.000000	
0.000000	0.000000	0.500025	
0.000000	0.500025	0.000000	
0.000000	0.500024	0.000000	
0.000000	0.500027	0.000000	
0.000000	0.000000	0.500024	
0.000000	0.500027	0.000000	
0.000000	0.500026	0.000000	
0.500025	0.000000	0.000000	
0.000000	0.500025	0.000000	
0.000000	0.000000	0.500024	
0.000000	0.000000	0.500025	
0.000000	0.500028	0.000000	
0.000000	0.500028	0.000000	
0.000000	0.500027	0.000000	
0.500026	0.000000	0.000000	
0.000000	0.000000	0.500025	
0.000000	0.000000	0.500027	
0.000000	0.500033	0.000000	
0.000000	0.500026	0.000000	
0.000000	0.000000	0.500027	
0.000000	0.500027	0.000000	
0.500029	0.000000	0.000000	
0.000000	0.500024	0.000000	
0.500029	0.000000	0.000000	
0.500024	0.000000	0.000000	
0.500029	0.000000	0.000000	
0.500029	0.000000	0.000000	
0.500028	0.000000	0.000000	
0.500033	0.000000	0.000000	
0.000000	0.000000	0.500024	
0.000000	0.000000	0.500024	
0.000000	0.000000	0.500025	
0.000000	0.000000	0.500024	
0.500027	0.000000	0.000000	
0.000000	0.000000	0.500027	
0.000000	0.000000	0.500024	
0.000000	0.000000	0.500024	
0.000000	0.000000	0.500025	
0.000000	0.000000	0.500023	
0.000000	0.500027	0.000000	
0.500025	0.000000	0.000000	
0.000000	0.500026	0.000000	
0.500026	0.000000	0.000000	
0.000000	0.000000	0.500027	
0.000000	0.000000	0.500024	
0.500027	0.000000	0.000000	
0.000000	0.500024	0.000000	
0.000000	0.500025	0.000000	
0.500027	0.000000	0.000000	
0.000000	0.000000	0.500024	
0.000000	0.500032	0.000000	
0.000000	0.500026	0.000000	
0.000000	0.500027	0.000000	
0.500026	0.000000	0.000000	
0.500028	0.000000	0.000000	
0.000000	0.000000	0.500026	
0.500024	0.000000	0.000000	
0.000000	0.500023	0.000000	
0.500031	0.000000	0.000000	
0.000000	0.500026	0.000000	
0.000000	0.500036	0.000000	
0.000000	0.500034	0.000000	
0.500034	0.000000	0.000000	
0.500024	0.000000	0.000000	
0.000000	0.000000	0.500026	
0.500027	0.000000	0.000000	
0.000000	0.000000	0.500025	
0.500028	0.000000	0.000000	
0.000000	0.500024	0.000000	
0.500015	0.000009	0.000000	
0.500029	0.000000	0.000000	
0.500029	0.000000	0.000000	
0.500026	0.000000	0.000000	
0.000000	0.000000	0.500024	
0.000000	0.000000	0.500025	
0.500026	0.000000	0.000000	
0.065882	0.433972	0.000170	
0.000000	0.000000	0.500023	
0.000000	0.500025	0.000000	
0.000000	0.000000	0.500023	
0.000000	0.000000	0.500028	
0.000000	0.000000	0.500024	
0.000000	0.500025	0.000000	
0.000000	0.000000	0.500027	
0.000000	0.000000	0.500028	
0.500029	0.000000	0.000000	
0.000000	0.000000	0.500025	
0.000000	0.500026	0.000000	
0.000000	0.500035	0.000000	
0.500025	0.000000	0.000000	
0.000000	0.500032	0.000000	
0.000000	0.000000	0.500025	
0.000000	0.000000	0.500024	
0.000000	0.000000	0.500026	
0.000000	0.500028	0.000000	
0.000000	0.500032	0.000000	
0.000000	0.500027	0.000000	
0.500028	0.000000	0.000000	
0.000004	0.000000	0.500020	
0.000000	0.500027	0.000000	
0.000000	0.000000	0.500025	
0.000000	0.000000	0.500024	
0.000000	0.000000	0.500024	
0.000000	0.000000	0.500028	
0.000000	0.500026	0.000000	
0.000000	0.000000	0.500023	
0.500016	0.000010	0.000000	
0.500023	0.000000	0.000000	
0.000000	0.500024	0.000000	
0.000000	0.000000	0.500024	
0.000000	0.000000	0.500025	
0.000000	0.500025	0.000000	
0.000000	0.500028	0.000000	
0.000000	0.000000	0.500027	
0.000000	0.000000	0.500024	
0.000000	0.500024	0.000000	
0.000000	0.500027	0.000000	
0.000000	0.000000	0.500025	
0.000000	0.000000	0.500025	
0.000000	0.000000	0.500027	
0.500026	0.000000	0.000000	
0.000000	0.500027	0.000000	
0.000000	0.000000	0.500025	
0.000000	0.000000	0.500027	
0.000000	0.000000	0.500025	
0.500026	0.000000	0.000000	
0.000000	0.000000	0.500028	
0.019460	0.153892	0.326686	
0.500024	0.000000	0.000000	
0.000000	0.500027	0.000000	
0.000000	0.500025	0.000000	
0.000000	0.500032	0.000000	
0.454645	0.004782	0.040602	
0.000000	0.500025	0.000000	
0.500026	0.000000	0.000000	
0.500026	0.000000	0.000000	
0.000000	0.500025	0.000000	
0.032497	0.419546	0.047990	
0.500027	0.000000	0.000000	
0.000000	0.500028	0.000000	
0.500024	0.000000	0.000000	
0.500025	0.000000	0.000000	
0.000000	0.500027	0.000000	
0.000000	0.500025	0.000000	
0.000000	0.500027	0.000000	
0.000000	0.500027	0.000000	
0.500027	0.000000	0.000000	
0.000000	0.000000	0.500029	
0.014427	0.000002	0.485596	
0.500027	0.000000	0.000000	
0.500026	0.000000	0.000000	
0.000000	0.000000	0.500023	
0.000000	0.000000	0.500026	
0.000000	0.000000	0.500027	
0.000000	0.000000	0.500024	
0.000000	0.000000	0.500028	
0.000000	0.500024	0.000000	
0.000000	0.000000	0.500028	
0.000000	0.500024	0.000000	
0.500028	0.000000	0.000000	
0.500026	0.000000	0.000000	
0.000000	0.000000	0.500025	
0.433260	0.041537	0.025228	
0.000000	0.500026	0.000000	
0.000000	0.500026	0.000000	
