0.000000	0.500020	0.000000	
0.500020	0.000000	0.000000	
0.000000	0.500020	0.000000	
0.500020	0.000000	0.000000	
0.500020	0.000000	0.000000	
0.500020	0.000000	0.000000	
0.000000	0.500020	0.000000	
0.000000	0.500020	0.000000	
0.000000	0.500020	0.000000	
0.000000	0.500020	0.000000	
0.000000	0.500020	0.000000	
0.000000	0.500020	0.000000	
0.000000	0.000000	0.500020	
0.500020	0.000000	0.000000	
0.500020	0.000000	0.000000	
0.000000	0.000000	0.500020	
0.000000	0.000000	0.500020	
0.000000	0.500020	0.000000	
0.000000	0.500020	0.000000	
0.500020	0.000000	0.000000	
0.000000	0.500020	0.000000	
0.000000	0.000000	0.500020	
0.000000	0.500020	0.000000	
0.500020	0.000000	0.000000	
0.000000	0.500020	0.000000	
0.000000	0.500020	0.000000	
0.000000	0.500020	0.000000	
0.000000	0.000000	0.500020	
0.500020	0.000000	0.000000	
0.500020	0.000000	0.000000	
0.500020	0.000000	0.000000	
0.000000	0.000000	0.500020	
0.000000	0.000000	0.500020	
0.000000	0.500020	0.000000	
0.000000	0.000000	0.500020	
0.500020	0.000000	0.000000	
0.000000	0.000000	0.500020	
0.000000	0.500020	0.000000	
0.000000	0.500020	0.000000	
0.024553	0.328105	0.147362	
0.000000	0.500020	0.000000	
0.500020	0.000000	0.000000	
0.000000	0.000000	0.500020	
0.000000	0.000000	0.500020	
0.500020	0.000000	0.000000	
0.500020	0.000000	0.000000	
0.000000	0.000000	0.500020	
0.500020	0.000000	0.000000	
0.000000	0.500020	0.000000	
0.500020	0.000000	0.000000	
0.000000	0.500020	0.000000	
0.000000	0.500020	0.000000	
0.000000	0.500020	0.000000	
0.500020	0.000000	0.000000	
0.500020	0.000000	0.000000	
0.000000	0.000000	0.500020	
0.000000	0.000000	0.500020	
0.000000	0.000000	0.500020	
0.000000	0.500020	0.000000	
0.500020	0.000000	0.000000	
0.000000	0.500020	0.000000	
0.000000	0.000000	0.500020	
0.500020	0.000000	0.000000	
0.000000	0.500020	0.000000	
0.000000	0.000000	0.500020	
0.000000	0.000000	0.500020	
0.000000	0.500020	0.000000	
0.000000	0.500020	0.000000	
0.000000	0.500020	0.000000	
0.000000	0.500020	0.000000	
0.000000	0.000000	0.500020	
0.000000	0.000000	0.500020	
0.500020	0.000000	0.000000	
0.000000	0.000000	0.500020	
0.000000	0.000000	0.500020	
0.000000	0.500020	0.000000	
0.500020	0.000000	0.000000	
0.000000	0.500020	0.000000	
0.000000	0.000000	0.500020	
0.000000	0.500020	0.000000	
0.000000	0.500020	0.000000	
0.000000	0.500020	0.000000	
0.000000	0.500020	0.000000	
0.000000	0.500020	0.000000	
0.000000	0.000000	0.500020	
0.000000	0.000000	0.500020	
0.500020	0.000000	0.000000	
0.500020	0.000000	0.000000	
0.500020	0.000000	0.000000	
0.000000	0.500020	0.000000	
0.000000	0.000000	0.500019	
0.000000	0.000000	0.500020	
0.000000	0.000000	0.500020	
0.000000	0.500020	0.000000	
0.121371	0.309964	0.068685	
0.000000	0.000000	0.500020	
0.000000	0.000000	0.500020	
0.000000	0.000000	0.500020	
0.500020	0.000000	0.000000	
0.500020	0.000000	0.000000	
0.000000	0.000000	0.500020	
0.000000	0.000000	0.500020	
0.500020	0.000000	0.000000	
0.500020	0.000000	0.000000	
0.500020	0.000000	0.000000	
0.000000	0.500020	0.000000	
0.000000	0.000000	0.500020	
0.000000	0.000000	0.500020	
0.000000	0.000000	0.500020	
0.500020	0.000000	0.000000	
0.000000	0.000000	0.500020	
0.000000	0.500020	0.000000	
0.500020	0.000000	0.000000	
0.500020	0.000000	0.000000	
0.000000	0.500020	0.000000	
0.000000	0.500020	0.000000	
0.000000	0.500020	0.000000	
0.000000	0.000000	0.500020	
0.000000	0.500020	0.000000	
0.500020	0.000000	0.000000	
0.500020	0.000000	0.000000	
0.000000	0.500020	0.000000	
0.000000	0.500020	0.000000	
0.000000	0.500020	0.000000	
0.000000	0.500020	0.000000	
0.000000	0.000000	0.500020	
0.000000	0.500020	0.000000	
0.000000	0.500020	0.000000	
0.000000	0.500020	0.000000	
0.500020	0.000000	0.000000	
0.500020	0.000000	0.000000	
0.500020	0.000000	0.000000	
0.000000	0.500020	0.000000	
0.000000	0.500020	0.000000	
0.000000	0.000000	0.500020	
0.000000	0.000000	0.500020	
0.500020	0.000000	0.000000	
0.000000	0.000000	0.500020	
0.500020	0.000000	0.000000	
0.000000	0.500020	0.000000	
0.500020	0.000000	0.000000	
0.500020	0.000000	0.000000	
0.000000	0.000000	0.500020	
0.000000	0.000000	0.500020	
0.500020	0.000000	0.000000	
0.000000	0.000000	0.500020	
0.500020	0.000000	0.000000	
0.000000	0.000000	0.500020	
0.500020	0.000000	0.000000	
0.000000	0.500020	0.000000	
0.000000	0.000000	0.500020	
0.000000	0.000000	0.500020	
0.000000	0.000000	0.500020	
0.000000	0.000000	0.500019	
0.500020	0.000000	0.000000	
0.000000	0.500020	0.000000	
0.500020	0.000000	0.000000	
0.000000	0.500020	0.000000	
0.000000	0.500020	0.000000	
0.500020	0.000000	0.000000	
0.000000	0.500020	0.000000	
0.500020	0.000000	0.000000	
0.500020	0.000000	0.000000	
0.000000	0.000000	0.500020	
0.000000	0.000000	0.500020	
0.500020	0.000000	0.000000	
0.000000	0.500020	0.000000	
0.500020	0.000000	0.000000	
0.000000	0.000000	0.500020	
0.000000	0.000000	0.500020	
0.000000	0.000000	0.500020	
0.000000	0.500020	0.000000	
0.500020	0.000000	0.000000	
0.000000	0.500020	0.000000	
0.000000	0.000000	0.500020	
0.500020	0.000000	0.000000	
0.500020	0.000000	0.000000	
0.500020	0.000000	0.000000	
0.000000	0.000000	0.500020	
0.500020	0.000000	0.000000	
0.000000	0.000000	0.500020	
0.500020	0.000000	0.000000	
0.000000	0.500020	0.000000	
0.500020	0.000000	0.000000	
0.000000	0.000000	0.500020	
0.000000	0.500020	0.000000	
0.000000	0.000000	0.500020	
0.000000	0.500020	0.000000	
0.000000	0.000000	0.500020	
0.000000	0.000000	0.500020	
0.000000	0.000000	0.500020	
0.000000	0.000000	0.500020	
0.000000	0.000000	0.500020	
0.000000	0.500020	0.000000	
0.500020	0.000000	0.000000	
0.500020	0.000000	0.000000	
0.500020	0.000000	0.000000	
0.500020	0.000000	0.000000	
0.000000	0.000000	0.500020	
0.000000	0.500020	0.000000	
0.000000	0.500020	0.000000	
0.000000	0.000000	0.500020	
0.500020	0.000000	0.000000	
0.000000	0.000000	0.500020	
0.500020	0.000000	0.000000	
0.500020	0.000000	0.000000	
0.500020	0.000000	0.000000	
0.500020	0.000000	0.000000	
0.052680	0.012144	0.435196	
0.500020	0.000000	0.000000	
0.000000	0.500020	0.000000	
0.000000	0.500020	0.000000	
0.000000	0.000000	0.500019	
0.500020	0.000000	0.000000	
0.000000	0.500020	0.000000	
0.500020	0.000000	0.000000	
0.000000	0.500020	0.000000	
0.500020	0.000000	0.000000	
0.500020	0.000000	0.000000	
0.000000	0.000000	0.500020	
0.500020	0.000000	0.000000	
0.000000	0.000000	0.500020	
0.500020	0.000000	0.000000	
0.500020	0.000000	0.000000	
0.500020	0.000000	0.000000	
0.000000	0.000000	0.500020	
0.000000	0.000000	0.500020	
0.000000	0.000000	0.500020	
0.000000	0.500020	0.000000	
0.500020	0.000000	0.000000	
0.000000	0.000000	0.500020	
0.500020	0.000000	0.000000	
0.000000	0.500020	0.000000	
0.000000	0.000000	0.500020	
0.000000	0.500020	0.000000	
0.500020	0.000000	0.000000	
0.000000	0.500020	0.000000	
0.000000	0.500020	0.000000	
0.000000	0.000000	0.500020	
0.500020	0.000000	0.000000	
0.000000	0.500020	0.000000	
0.500020	0.000000	0.000000	
0.000000	0.500020	0.000000	
0.000000	0.000000	0.500020	
0.000000	0.000000	0.500020	
0.500020	0.000000	0.000000	
0.500020	0.000000	0.000000	
0.500020	0.000000	0.000000	
0.000000	0.500020	0.000000	
0.000000	0.500020	0.000000	
0.000000	0.000000	0.500020	
0.000000	0.500020	0.000000	
0.000000	0.500020	0.000000	
0.000000	0.000000	0.500020	
0.000000	0.000000	0.500020	
0.000000	0.000000	0.500019	
0.000000	0.000000	0.500020	
0.000000	0.000000	0.500020	
0.000000	0.000000	0.500020	
0.500020	0.000000	0.000000	
0.000000	0.000000	0.500020	
0.000000	0.000000	0.500020	
0.052886	0.012191	0.434942	
0.000000	0.000000	0.500020	
0.000000	0.000000	0.500020	
0.000000	0.500020	0.000000	
0.500020	0.000000	0.000000	
0.500020	0.000000	0.000000	
0.000000	0.500020	0.000000	
0.000000	0.500020	0.000000	
0.000000	0.500020	0.000000	
0.000000	0.500020	0.000000	
0.000000	0.500020	0.000000	
0.000000	0.500020	0.000000	
0.000000	0.500020	0.000000	
0.000000	0.500020	0.000000	
0.032411	0.467609	0.000000	
0.000000	0.000000	0.500020	
0.000765	0.430520	0.068734	
0.000000	0.000000	0.500020	
0.500020	0.000000	0.000000	
0.500020	0.000000	0.000000	
0.000000	0.500020	0.000000	
0.000000	0.000000	0.500020	
0.000000	0.000000	0.500020	
0.000000	0.500020	0.000000	
0.000000	0.000000	0.500020	
0.000000	0.000000	0.500020	
0.500020	0.000000	0.000000	
0.500020	0.000000	0.000000	
0.500020	0.000000	0.000000	
0.000000	0.500020	0.000000	
0.000000	0.000000	0.500020	
0.500020	0.000000	0.000000	
0.464214	0.000000	0.035805	
0.500020	0.000000	0.000000	
0.488418	0.011602	0.000000	
0.000000	0.000000	0.500020	
0.500020	0.000000	0.000000	
0.000000	0.500020	0.000000	
