0.000000	0.500020	0.000000	
0.500020	0.000000	0.000000	
0.500020	0.000000	0.000000	
0.000000	0.500020	0.000000	
0.000000	0.500020	0.000000	
0.000000	0.000000	0.500020	
0.000000	0.500020	0.000000	
0.500020	0.000000	0.000000	
0.500020	0.000000	0.000000	
0.500020	0.000000	0.000000	
0.000000	0.500020	0.000000	
0.000000	0.000000	0.500020	
0.500020	0.000000	0.000000	
0.000000	0.000000	0.500020	
0.000000	0.500020	0.000000	
0.000000	0.000000	0.500020	
0.500020	0.000000	0.000000	
0.500020	0.000000	0.000000	
0.000000	0.000000	0.500020	
0.000000	0.000000	0.500020	
0.000000	0.500020	0.000000	
0.000000	0.000000	0.500020	
0.000000	0.000000	0.500020	
0.000000	0.500020	0.000000	
0.000000	0.500020	0.000000	
0.500020	0.000000	0.000000	
0.000000	0.500020	0.000000	
0.000000	0.500020	0.000000	
0.500020	0.000000	0.000000	
0.000000	0.000000	0.500020	
0.000000	0.000000	0.500020	
0.500020	0.000000	0.000000	
0.500020	0.000000	0.000000	
0.000000	0.000000	0.500020	
0.000000	0.000000	0.500020	
0.500020	0.000000	0.000000	
0.000000	0.000000	0.500020	
0.000000	0.500020	0.000000	
0.500020	0.000000	0.000000	
0.000000	0.500020	0.000000	
0.000000	0.000000	0.500020	
0.500020	0.000000	0.000000	
0.000000	0.000000	0.500020	
0.000000	0.500020	0.000000	
0.500020	0.000000	0.000000	
0.000000	0.000000	0.500020	
0.000000	0.000000	0.500020	
0.500020	0.000000	0.000000	
0.000000	0.000000	0.500020	
0.000000	0.500020	0.000000	
0.500020	0.000000	0.000000	
0.000000	0.500020	0.000000	
0.000000	0.500020	0.000000	
0.000000	0.500020	0.000000	
0.500020	0.000000	0.000000	
0.500020	0.000000	0.000000	
0.000000	0.000000	0.500020	
0.000000	0.500020	0.000000	
0.500020	0.000000	0.000000	
0.000000	0.500020	0.000000	
0.000000	0.500020	0.000000	
0.500020	0.000000	0.000000	
0.000000	0.500020	0.000000	
0.500020	0.000000	0.000000	
0.500020	0.000000	0.000000	
0.000000	0.000000	0.500020	
0.500020	0.000000	0.000000	
0.000000	0.500020	0.000000	
0.500020	0.000000	0.000000	
0.500020	0.000000	0.000000	
0.500020	0.000000	0.000000	
0.000000	0.500020	0.000000	
0.500020	0.000000	0.000000	
0.500020	0.000000	0.000000	
0.000000	0.000000	0.500020	
0.000000	0.000000	0.500020	
0.000000	0.000000	0.500020	
0.000000	0.000000	0.500020	
0.000000	0.000000	0.500020	
0.500020	0.000000	0.000000	
0.500020	0.000000	0.000000	
0.500020	0.000000	0.000000	
0.000000	0.000000	0.500020	
0.000000	0.000000	0.500020	
0.500020	0.000000	0.000000	
0.000000	0.500020	0.000000	
0.000000	0.000000	0.500020	
0.000000	0.000000	0.500020	
0.000000	0.500020	0.000000	
0.000000	0.000000	0.500020	
0.000000	0.500020	0.000000	
0.000000	0.000000	0.500020	
0.000000	0.000000	0.500020	
0.000000	0.000000	0.500020	
0.000000	0.500020	0.000000	
0.000000	0.500020	0.000000	
0.500020	0.000000	0.000000	
0.000000	0.500020	0.000000	
0.000000	0.500020	0.000000	
0.500020	0.000000	0.000000	
0.000000	0.500020	0.000000	
0.000000	0.000000	0.500020	
0.500020	0.000000	0.000000	
0.000000	0.500020	0.000000	
0.000000	0.500020	0.000000	
0.500020	0.000000	0.000000	
0.500020	0.000000	0.000000	
0.500020	0.000000	0.000000	
0.500020	0.000000	0.000000	
0.500020	0.000000	0.000000	
0.000000	0.500020	0.000000	
0.500020	0.000000	0.000000	
0.500020	0.000000	0.000000	
0.000000	0.500020	0.000000	
0.000000	0.500020	0.000000	
0.000000	0.500020	0.000000	
0.500020	0.000000	0.000000	
0.500020	0.000000	0.000000	
0.000000	0.500020	0.000000	
0.500020	0.000000	0.000000	
0.000000	0.000000	0.500020	
0.000000	0.500020	0.000000	
0.500020	0.000000	0.000000	
0.000000	0.500020	0.000000	
0.000000	0.000000	0.500020	
0.000000	0.000000	0.500020	
0.500020	0.000000	0.000000	
0.000000	0.000000	0.500020	
0.000000	0.000000	0.500020	
0.000000	0.500020	0.000000	
0.000000	0.000000	0.500020	
0.000000	0.000000	0.500020	
0.000000	0.000000	0.500020	
0.000000	0.000000	0.500020	
0.500020	0.000000	0.000000	
0.500020	0.000000	0.000000	
0.000000	0.000000	0.500020	
0.500020	0.000000	0.000000	
0.000000	0.000000	0.500020	
0.000000	0.000000	0.500020	
0.040876	0.168615	0.290530	
0.500020	0.000000	0.000000	
0.000000	0.500020	0.000000	
0.000000	0.000000	0.500020	
0.000000	0.500020	0.000000	
0.000000	0.500020	0.000000	
0.000000	0.500020	0.000000	
0.500020	0.000000	0.000000	
0.000000	0.500020	0.000000	
0.000000	0.000000	0.500020	
0.000000	0.000000	0.500020	
0.000000	0.000000	0.500020	
0.000000	0.500020	0.000000	
0.500020	0.000000	0.000000	
0.000000	0.000000	0.500020	
0.500020	0.000000	0.000000	
0.000000	0.500020	0.000000	
0.000000	0.000000	0.500020	
0.000000	0.500020	0.000000	
0.500020	0.000000	0.000000	
0.000000	0.000000	0.500020	
0.500020	0.000000	0.000000	
0.500021	0.000000	0.000000	
0.000000	0.500020	0.000000	
0.000000	0.500020	0.000000	
0.500020	0.000000	0.000000	
0.000000	0.500020	0.000000	
0.000000	0.500020	0.000000	
0.500020	0.000000	0.000000	
0.000000	0.500020	0.000000	
0.000000	0.500020	0.000000	
0.000000	0.000000	0.500020	
0.500020	0.000000	0.000000	
0.000000	0.000000	0.500020	
0.000000	0.500020	0.000000	
0.000000	0.500020	0.000000	
0.000000	0.000000	0.500020	
0.000000	0.000000	0.500020	
0.000000	0.500020	0.000000	
0.500020	0.000000	0.000000	
0.500020	0.000000	0.000000	
0.500020	0.000000	0.000000	
0.000000	0.000000	0.500020	
0.500020	0.000000	0.000000	
0.500020	0.000000	0.000000	
0.000000	0.500020	0.000000	
0.000000	0.000000	0.500020	
0.000000	0.000000	0.500020	
0.000000	0.500020	0.000000	
0.000000	0.000000	0.500020	
0.000000	0.000000	0.500020	
0.000000	0.000000	0.500020	
0.500020	0.000000	0.000000	
0.269318	0.176915	0.053788	
0.000000	0.500020	0.000000	
0.000000	0.500020	0.000000	
0.000000	0.000000	0.500020	
0.000000	0.000000	0.500020	
0.000000	0.500020	0.000000	
0.000000	0.000000	0.500020	
0.000000	0.000000	0.500020	
0.500020	0.000000	0.000000	
0.000000	0.000000	0.500020	
0.000000	0.500020	0.000000	
0.000000	0.000000	0.500020	
0.000000	0.000000	0.500020	
0.500020	0.000000	0.000000	
0.000000	0.500020	0.000000	
0.000000	0.500020	0.000000	
0.000000	0.500020	0.000000	
0.000000	0.000000	0.500020	
0.000000	0.500020	0.000000	
0.500020	0.000000	0.000000	
0.500020	0.000000	0.000000	
0.500020	0.000000	0.000000	
0.000000	0.000000	0.500020	
0.000000	0.000000	0.500020	
0.000000	0.000000	0.500020	
0.007717	0.061963	0.430340	
0.000000	0.000000	0.500020	
0.500020	0.000000	0.000000	
0.500020	0.000000	0.000000	
0.000000	0.000000	0.500020	
0.500020	0.000000	0.000000	
0.000000	0.000000	0.500020	
0.000000	0.000000	0.500020	
0.000000	0.500020	0.000000	
0.000000	0.000000	0.500020	
0.000000	0.000000	0.500020	
0.000000	0.500020	0.000000	
0.218790	0.000000	0.281230	
0.000000	0.500020	0.000000	
0.000000	0.500020	0.000000	
0.000000	0.000000	0.500020	
0.000000	0.500020	0.000000	
0.000000	0.500020	0.000000	
0.000000	0.500020	0.000000	
0.000000	0.000000	0.500020	
0.500020	0.000000	0.000000	
0.500020	0.000000	0.000000	
0.238941	0.208389	0.052691	
0.000000	0.000000	0.500020	
0.000000	0.000000	0.500020	
0.000000	0.000000	0.500020	
0.500020	0.000000	0.000000	
0.000000	0.500020	0.000000	
0.500020	0.000000	0.000000	
0.000000	0.000000	0.500020	
0.000000	0.500020	0.000000	
0.000000	0.500020	0.000000	
0.500020	0.000000	0.000000	
0.500020	0.000000	0.000000	
0.500020	0.000000	0.000000	
0.500020	0.000000	0.000000	
0.000000	0.500020	0.000000	
0.500020	0.000000	0.000000	
0.000000	0.500020	0.000000	
0.500020	0.000000	0.000000	
0.000000	0.000000	0.500020	
0.500020	0.000000	0.000000	
0.000000	0.000000	0.500020	
0.000000	0.500020	0.000000	
0.000000	0.500020	0.000000	
0.500020	0.000000	0.000000	
0.000000	0.500020	0.000000	
0.000000	0.000000	0.500020	
0.000000	0.500020	0.000000	
0.000000	0.500020	0.000000	
0.000000	0.000000	0.500020	
0.000000	0.000000	0.500020	
0.000000	0.000000	0.500020	
0.000000	0.000000	0.500020	
0.000000	0.000000	0.500020	
0.500020	0.000000	0.000000	
0.500020	0.000000	0.000000	
0.000000	0.500020	0.000000	
0.500020	0.000000	0.000000	
0.500020	0.000000	0.000000	
0.000000	0.500020	0.000000	
0.500020	0.000000	0.000000	
0.000000	0.500020	0.000000	
0.000000	0.500020	0.000000	
0.000000	0.500020	0.000000	
0.000000	0.500020	0.000000	
0.000000	0.500020	0.000000	
0.000000	0.500020	0.000000	
0.000000	0.500020	0.000000	
0.000000	0.500020	0.000000	
0.000000	0.500020	0.000000	
0.500020	0.000000	0.000000	
0.500020	0.000000	0.000000	
0.000000	0.000000	0.500020	
0.500020	0.000000	0.000000	
0.500020	0.000000	0.000000	
0.000000	0.500020	0.000000	
0.012573	0.487447	0.000000	
0.000000	0.000000	0.500020	
0.500020	0.000000	0.000000	
0.000000	0.000000	0.500020	
0.000000	0.000000	0.500020	
