3.203163	0.024729	0.024006	
3.024248	0.003377	0.008299	
0.000135	0.001181	3.232243	
3.298036	0.031821	0.009289	
0.016241	3.317354	0.002117	
4.088896	0.003483	0.003821	
0.009220	2.656554	0.284041	
0.008342	3.645019	0.001920	
0.015622	3.190894	0.002905	
0.087794	2.932337	0.018436	
0.001308	0.021317	2.927124	
2.955189	0.022815	0.021584	
0.000691	0.006034	2.875629	
0.016100	3.288568	0.002324	
3.197533	0.031763	0.019752	
0.002391	4.106097	0.003067	
0.097779	2.898183	0.022278	
2.538332	0.117698	0.291691	
0.060705	2.889211	0.008087	
3.282653	0.025343	0.008885	
0.008231	0.070481	2.843154	
0.180348	2.703535	0.018328	
3.086947	0.086679	0.002963	
4.050906	0.003451	0.003785	
0.153204	2.450215	0.025082	
0.001254	0.020439	2.806486	
2.860178	0.087615	0.065444	
0.000800	0.000255	3.347621	
3.014718	0.023302	0.002061	
0.001687	0.000013	3.250775	
0.009908	3.075405	0.009552	
0.084716	2.829544	0.010382	
0.154762	2.522439	0.023897	
0.007529	3.289556	0.019706	
0.000013	0.001598	3.082014	
0.042864	0.002732	2.853220	
2.825209	0.086544	0.064644	
0.001731	0.000013	3.336628	
2.952992	0.022798	0.021568	
2.989507	0.023514	0.025831	
0.064277	0.018807	2.856897	
0.001804	3.434154	0.009225	
0.009084	3.422428	0.013530	
0.288670	2.503942	0.026905	
0.070716	0.014583	2.933065	
0.008567	3.387151	0.014385	
3.519562	0.005167	0.014519	
3.794540	0.003233	0.003426	
0.012384	3.180759	0.044364	
0.089241	2.854307	0.027431	
0.001251	0.020386	2.875547	
2.947018	0.092413	0.008768	
0.006341	0.053248	2.836731	
3.121330	0.007884	0.052459	
0.000015	0.002490	3.024389	
0.011794	0.192224	2.538311	
0.017361	0.150302	2.526904	
0.007979	3.211884	0.002793	
0.013245	3.158626	0.005356	
0.035430	3.065373	0.043621	
0.009093	3.425860	0.013544	
0.088987	2.846163	0.005596	
2.744860	0.052275	0.063380	
0.000185	0.002261	3.258640	
0.007822	3.417548	0.001800	
0.176644	2.648016	0.078636	
0.001574	0.000087	3.178657	
0.001594	0.000021	3.091127	
0.006483	3.170222	0.026282	
0.119163	2.457095	0.336404	
3.468113	0.003872	0.020053	
2.865074	0.022119	0.007755	
3.299614	0.025474	0.008931	
0.010614	3.048631	0.021404	
0.000386	0.003914	3.193949	
2.671658	0.217413	0.063534	
0.041314	0.012088	2.884823	
0.129599	2.703268	0.039358	
2.992610	0.028496	0.008281	
0.061292	2.917133	0.008165	
0.003315	0.099835	2.841796	
0.062937	2.995434	0.008384	
3.334069	0.002111	0.009306	
0.001487	0.012932	2.734429	
0.011923	0.194327	2.566083	
0.000440	0.003843	3.181385	
3.112702	0.024717	0.022739	
3.536504	0.008260	0.006829	
0.006533	0.072721	2.845450	
0.000039	0.000380	3.159252	
3.241118	0.025022	0.008756	
3.152546	0.007962	0.014244	
0.000155	0.003136	3.221298	
0.024924	0.000321	3.112938	
0.171212	2.790549	0.005189	
0.274418	2.385423	0.213257	
0.000466	0.004068	2.880563	
2.090129	0.776021	0.090779	
2.494545	0.081311	0.176321	
0.040092	2.688682	0.156499	
2.643542	0.061324	0.235818	
0.045912	0.001820	2.986872	
0.090400	2.220659	0.054983	
0.010579	3.038376	0.021332	
2.837319	0.122299	0.081832	
0.092135	2.946858	0.006999	
0.001641	0.008786	2.978725	
0.007740	3.115625	0.007780	
0.007249	3.167333	0.018974	
2.518445	0.115334	0.289248	
0.009078	3.420164	0.007852	
2.966950	0.114560	0.027846	
0.155733	2.518600	0.023871	
3.701764	0.000264	0.014488	
2.780492	0.066916	0.018097	
0.000027	0.021624	2.877397	
0.219789	0.000555	2.384086	
0.185773	2.606649	0.020765	
0.013082	0.117151	2.536979	
0.057861	0.002797	2.667732	
0.000294	0.002564	3.213306	
3.646081	0.000207	0.014729	
3.447298	0.003849	0.019933	
0.000139	0.001213	3.319575	
0.366588	0.122890	2.464814	
0.412413	0.011580	2.540833	
0.000446	0.003892	3.246971	
0.003585	0.001176	3.120304	
2.840366	0.174668	0.004348	
0.087772	2.931600	0.018431	
0.002571	3.047740	0.036809	
2.980880	0.067169	0.019756	
2.299711	0.635467	0.032351	
0.181978	2.769946	0.005523	
0.041212	2.950385	0.050474	
0.009112	3.432866	0.013571	
3.026024	0.006614	0.008769	
0.047022	0.000127	2.780993	
0.283440	2.474683	0.027005	
2.905719	0.055339	0.067094	
0.000791	0.000283	3.220852	
2.792176	0.036670	0.162238	
2.635234	0.000952	0.021739	
2.324338	0.133315	0.211455	
3.281529	0.006170	0.024940	
0.064108	3.051167	0.008540	
0.268224	2.291678	0.024663	
0.155467	2.514290	0.023823	
2.999027	0.115799	0.000852	
2.910827	0.022472	0.041756	
2.613145	0.030754	0.180979	
0.000430	0.003758	3.223556	
3.144682	0.066979	0.008804	
3.234549	0.007186	0.018724	
2.690879	0.035704	0.268516	
0.000507	0.000162	3.406230	
0.000229	0.022546	2.905863	
0.007987	3.239439	0.010053	
0.111011	2.461952	0.176123	
3.067551	0.023062	0.040606	
0.120953	2.690926	0.070432	
2.701895	0.100607	0.009052	
0.010666	3.063621	0.021510	
0.002195	0.066112	2.851006	
2.270768	0.627469	0.031944	
3.026654	0.044891	0.034233	
0.000045	0.003752	3.125548	
3.510226	0.001802	0.009797	
0.000490	0.004277	3.028263	
3.236438	0.024986	0.024255	
3.092367	0.007810	0.026982	
0.001573	0.000027	3.059951	
0.007486	3.013368	0.026400	
0.001948	0.018766	3.116173	
2.778552	0.066869	0.018084	
2.167861	0.169371	0.310570	
0.006561	0.058788	2.664774	
0.006279	0.071944	2.808430	
0.011068	0.096271	2.635186	
0.001415	0.000019	2.742648	
2.915954	0.028134	0.060729	
3.204049	0.024736	0.022707	
0.009462	2.844720	0.040525	
0.182603	2.531425	0.010701	
0.017120	3.166038	0.008312	
2.643078	0.061313	0.235776	
0.043477	0.002771	2.894018	
0.063260	0.000488	2.955820	
0.044616	0.001769	2.902586	
2.946146	0.017406	0.062144	
0.000097	0.001226	3.247941	
0.046490	2.812195	0.019494	
0.000103	0.000897	3.193360	
0.074079	2.812341	0.063476	
0.006371	3.870979	0.002895	
0.178905	2.614103	0.014977	
0.005371	0.002010	2.944979	
0.041387	0.000308	2.846499	
0.110368	2.741282	0.021205	
0.000488	0.004258	3.014887	
2.536670	0.117621	0.291500	
0.000345	0.005613	2.964417	
0.173291	2.746187	0.017660	
0.115458	2.380694	0.325944	
2.764398	0.007452	0.006634	
0.003568	0.058156	2.825574	
2.656350	0.000905	0.116878	
2.318482	0.132979	0.210922	
3.476879	0.007297	0.014983	
0.008471	3.701354	0.001949	
2.839546	0.021922	0.007686	
0.230134	1.957983	0.055194	
0.007992	3.217240	0.002798	
2.236942	0.326810	0.019448	
2.928057	0.021902	0.021941	
2.559048	0.133870	0.023673	
0.000015	0.002472	3.002487	
3.361393	0.018009	0.006081	
2.983348	0.007786	0.026029	
0.069490	2.303589	0.015155	
2.957358	0.114190	0.027756	
3.283650	0.025351	0.008723	
3.147758	0.067045	0.004586	
0.406040	2.375658	0.071704	
3.196384	0.024727	0.036131	
0.001378	0.012190	2.830715	
0.019713	0.006617	3.056090	
0.002116	0.063728	2.615734	
0.008965	0.002942	2.963797	
0.116584	2.494382	0.211746	
0.160140	2.610085	0.068583	
0.170083	2.724379	0.031468	
0.087123	2.623549	0.153577	
0.078297	3.027439	0.000220	
0.181851	2.722650	0.008902	
0.222579	2.343716	0.335103	
2.735705	0.094047	0.008163	
0.006382	2.759488	0.007324	
0.000142	0.013408	2.826984	
0.001655	0.013267	3.113113	
3.442488	0.018444	0.006200	
2.759826	0.015132	0.273280	
0.040748	2.732725	0.159063	
0.006087	2.659774	0.015934	
2.614579	0.136775	0.008643	
3.205009	0.024744	0.023421	
3.193561	0.024655	0.023934	
0.000005	0.004345	2.893332	
0.002345	0.020474	3.004136	
0.172988	2.739165	0.018157	
0.274691	2.405530	0.092340	
0.106850	2.215949	0.055262	
0.000295	0.004748	3.203505	
0.002158	0.018980	2.734792	
0.190277	2.637802	0.010760	
0.001159	0.007461	3.049823	
3.295879	0.002559	0.036383	
0.008273	0.070847	2.844367	
0.056551	0.002734	2.607335	
2.927523	0.022601	0.007924	
0.292076	2.538912	0.010939	
0.152966	0.007093	2.737281	
0.083120	2.636615	0.126329	
0.016657	3.402273	0.002427	
2.717630	0.173229	0.050828	
0.000314	0.010422	2.388001	
0.148912	2.413196	0.024684	
0.154905	0.025955	2.574763	
0.003181	0.053018	2.816655	
0.011886	0.000029	2.965817	
0.083472	0.000644	2.757559	
2.976195	0.022376	0.039397	
2.168446	0.169416	0.310654	
0.001846	0.008772	3.033462	
0.002603	0.000941	2.879077	
0.246487	2.611140	0.027531	
2.834535	0.021883	0.063689	
0.174957	2.454888	0.019556	
0.094201	2.832463	0.005580	
0.150951	2.527231	0.023898	
0.012067	0.137685	2.760678	
2.816207	0.021898	0.037255	
0.063333	3.014304	0.008437	
0.009977	3.096876	0.009618	
0.000264	0.007941	2.873025	
2.461784	0.241710	0.167147	
0.064438	0.018854	2.864055	
0.117356	0.004057	2.783581	
0.002521	0.036796	2.774609	
0.074995	2.864572	0.017930	
2.932289	0.022734	0.042065	
0.000216	0.189511	2.263237	
0.000518	0.000001	2.641261	
0.164681	2.679973	0.058003	
0.041723	0.000310	2.789329	
2.717352	0.061231	0.101139	
0.076490	0.030996	2.638797	
0.083065	2.774384	0.009687	
0.062433	2.971470	0.012580	
0.000778	0.006692	2.884610	
