0.500193	0.000000	0.000000	
0.500191	0.000000	0.000000	
0.000001	0.500186	0.000000	
0.000000	0.000000	0.500185	
0.500187	0.000000	0.000001	
0.500191	0.000000	0.000000	
0.500191	0.000000	0.000000	
0.500188	0.000000	0.000001	
0.000001	0.500185	0.000000	
0.500191	0.000000	0.000000	
0.000000	0.500192	0.000000	
0.000002	0.500189	0.000000	
0.000000	0.000000	0.500184	
0.500185	0.000000	0.000001	
0.500190	0.000000	0.000000	
0.000002	0.500189	0.000000	
0.000000	0.000000	0.500186	
0.000000	0.000000	0.500188	
0.000005	0.000000	0.500179	
0.500184	0.000000	0.000000	
0.000001	0.500188	0.000002	
0.500183	0.000000	0.000000	
0.000001	0.500191	0.000000	
0.000000	0.000000	0.500186	
0.500193	0.000000	0.000000	
0.500187	0.000000	0.000000	
0.000000	0.500197	0.000000	
0.000001	0.500191	0.000000	
0.000000	0.000000	0.500181	
0.000000	0.000000	0.500182	
0.500185	0.000000	0.000000	
0.500186	0.000000	0.000000	
0.500185	0.000000	0.000000	
0.500188	0.000000	0.000000	
0.000002	0.500184	0.000000	
0.000002	0.500184	0.000002	
0.000000	0.000000	0.500184	
0.000000	0.000000	0.500186	
0.000000	0.500196	0.000000	
0.000000	0.500200	0.000000	
0.000000	0.000000	0.500185	
0.500193	0.000000	0.000000	
0.500185	0.000000	0.000000	
0.000000	0.000000	0.500187	
0.000000	0.000000	0.500185	
0.500191	0.000000	0.000000	
0.000001	0.500189	0.000001	
0.000000	0.500196	0.000000	
0.000000	0.500179	0.000005	
0.000000	0.000000	0.500182	
0.000000	0.000000	0.500187	
0.500191	0.000000	0.000000	
0.000000	0.000000	0.500187	
0.500185	0.000000	0.000000	
0.000000	0.500197	0.000000	
0.000001	0.500188	0.000000	
0.500187	0.000000	0.000001	
0.000000	0.500188	0.000001	
0.500185	0.000000	0.000000	
0.000001	0.500187	0.000001	
0.000000	0.000000	0.500185	
0.000000	0.500195	0.000000	
0.500191	0.000000	0.000000	
0.500192	0.000000	0.000000	
0.024449	0.367460	0.108283	
0.000002	0.500187	0.000000	
0.000002	0.500185	0.000000	
0.500190	0.000000	0.000000	
0.500187	0.000000	0.000001	
0.000000	0.000000	0.500183	
0.000000	0.000000	0.500186	
0.000000	0.000000	0.500184	
0.000001	0.500188	0.000001	
0.000000	0.000000	0.500183	
0.000000	0.500197	0.000000	
0.000001	0.500185	0.000001	
0.000008	0.500173	0.000001	
0.000000	0.500187	0.000002	
0.000000	0.000000	0.500186	
0.000000	0.000000	0.500181	
0.000002	0.500187	0.000000	
0.000000	0.000000	0.500184	
0.500198	0.000000	0.000000	
0.500189	0.000000	0.000000	
0.500191	0.000000	0.000000	
0.000001	0.500193	0.000000	
0.000000	0.000000	0.500187	
0.500184	0.000000	0.000002	
0.500190	0.000000	0.000000	
0.500187	0.000000	0.000000	
0.500184	0.000000	0.000000	
0.500184	0.000000	0.000000	
0.000000	0.000000	0.500186	
0.000000	0.500186	0.000001	
0.500185	0.000002	0.000001	
0.000001	0.500185	0.000001	
0.500192	0.000000	0.000000	
0.000001	0.500193	0.000000	
0.000001	0.500188	0.000001	
0.500189	0.000000	0.000000	
0.000001	0.500190	0.000000	
0.000001	0.500186	0.000002	
0.000000	0.000000	0.500181	
0.000000	0.500196	0.000000	
0.500191	0.000000	0.000000	
0.500191	0.000000	0.000000	
0.500191	0.000000	0.000000	
0.000008	0.500172	0.000002	
0.000000	0.000000	0.500187	
0.500192	0.000000	0.000000	
0.500188	0.000000	0.000000	
0.000000	0.500182	0.000002	
0.000001	0.500187	0.000001	
0.000000	0.000000	0.500185	
0.500187	0.000000	0.000001	
0.000002	0.500180	0.000000	
0.500182	0.000000	0.000000	
0.000000	0.000000	0.500186	
0.500191	0.000000	0.000000	
0.000000	0.000000	0.500182	
0.500189	0.000000	0.000000	
0.000001	0.500188	0.000000	
0.000000	0.000000	0.500187	
0.500191	0.000000	0.000000	
0.000002	0.500183	0.000000	
0.000000	0.000000	0.500185	
0.000000	0.000000	0.500188	
0.500190	0.000000	0.000000	
0.500190	0.000000	0.000000	
0.000000	0.000000	0.500186	
0.000001	0.000000	0.500180	
0.000000	0.000000	0.500184	
0.000000	0.000000	0.500187	
0.000000	0.500197	0.000000	
0.000000	0.000000	0.500181	
0.000000	0.000000	0.500182	
0.500189	0.000000	0.000000	
0.500186	0.000000	0.000000	
0.000000	0.500199	0.000000	
0.000000	0.000000	0.500182	
0.500186	0.000000	0.000001	
0.000000	0.500192	0.000000	
0.000000	0.000000	0.500182	
0.000000	0.000000	0.500181	
0.000000	0.000000	0.500185	
0.000000	0.000000	0.500183	
0.000000	0.500198	0.000000	
0.000000	0.000000	0.500183	
0.000000	0.000000	0.500182	
0.000000	0.000000	0.500185	
0.500184	0.000000	0.000000	
0.000000	0.500195	0.000000	
0.000002	0.500188	0.000000	
0.000000	0.000000	0.500186	
0.000000	0.000000	0.500186	
0.000000	0.000000	0.500184	
0.000001	0.500182	0.000001	
0.000001	0.500186	0.000000	
0.500189	0.000000	0.000000	
0.500188	0.000000	0.000000	
0.000000	0.000000	0.500186	
0.500190	0.000000	0.000000	
0.500184	0.000000	0.000000	
0.000000	0.000000	0.500182	
0.000001	0.500190	0.000001	
0.000000	0.000000	0.500186	
0.500181	0.000000	0.000000	
0.500182	0.000000	0.000000	
0.500187	0.000000	0.000000	
0.500190	0.000000	0.000000	
0.000000	0.000000	0.500181	
0.000000	0.000000	0.500187	
0.000000	0.500188	0.000002	
0.500190	0.000000	0.000000	
0.000000	0.000000	0.500184	
0.000000	0.500190	0.000000	
0.000001	0.500193	0.000000	
0.000001	0.500191	0.000000	
0.000000	0.500188	0.000000	
0.000000	0.500195	0.000000	
0.000000	0.000000	0.500186	
0.500184	0.000000	0.000001	
0.500187	0.000000	0.000001	
0.000002	0.500186	0.000000	
0.500183	0.000000	0.000002	
0.000000	0.000000	0.500184	
0.000000	0.000000	0.500184	
0.500188	0.000000	0.000000	
0.500192	0.000000	0.000000	
0.500186	0.000000	0.000002	
0.000000	0.000000	0.500185	
0.500189	0.000000	0.000000	
0.000000	0.500200	0.000000	
0.500189	0.000000	0.000000	
0.000000	0.000000	0.500183	
0.000000	0.500197	0.000000	
0.000000	0.000000	0.500180	
0.406166	0.002353	0.091672	
0.000002	0.500185	0.000000	
0.000000	0.000000	0.500185	
0.000000	0.000000	0.500187	
0.000000	0.500190	0.000000	
0.000000	0.000000	0.500184	
0.000000	0.000000	0.500186	
0.000000	0.000000	0.500187	
0.000000	0.000000	0.500186	
0.000000	0.500184	0.000001	
0.500188	0.000000	0.000001	
0.000002	0.500184	0.000002	
0.041925	0.437983	0.020273	
0.000000	0.000000	0.500185	
0.000000	0.500196	0.000000	
0.500193	0.000000	0.000000	
0.500191	0.000000	0.000000	
0.500191	0.000000	0.000000	
0.500185	0.000000	0.000000	
0.500181	0.000000	0.000002	
0.000000	0.500198	0.000000	
0.000000	0.000000	0.500185	
0.000001	0.500186	0.000002	
0.000000	0.000000	0.500186	
0.000046	0.500136	0.000001	
0.500188	0.000000	0.000001	
0.000000	0.000000	0.500184	
0.000000	0.000000	0.500183	
0.000000	0.000000	0.500182	
0.500184	0.000000	0.000000	
0.000001	0.500187	0.000000	
0.000000	0.000000	0.500187	
0.000012	0.500171	0.000002	
0.000000	0.000000	0.500186	
0.000000	0.000000	0.500182	
0.500185	0.000000	0.000000	
0.000001	0.500189	0.000000	
0.000000	0.500194	0.000000	
0.000000	0.500191	0.000000	
0.000000	0.500190	0.000000	
0.000000	0.000000	0.500186	
0.000000	0.500182	0.000001	
0.000046	0.500137	0.000001	
0.000008	0.500173	0.000001	
0.500185	0.000000	0.000000	
0.000000	0.000000	0.500186	
0.000000	0.000000	0.500180	
0.000000	0.500202	0.000000	
0.000000	0.000000	0.500185	
0.000000	0.000000	0.500187	
0.500192	0.000000	0.000000	
0.000002	0.500186	0.000000	
0.000000	0.500204	0.000000	
0.500186	0.000000	0.000001	
0.000000	0.500189	0.000000	
0.500186	0.000000	0.000000	
0.500188	0.000000	0.000000	
0.000001	0.500184	0.000000	
0.000000	0.500187	0.000000	
0.047442	0.013495	0.439252	
0.500189	0.000000	0.000000	
0.000000	0.000000	0.500187	
0.000000	0.500188	0.000000	
0.500184	0.000000	0.000002	
0.500188	0.000000	0.000000	
0.355251	0.125658	0.019272	
0.000000	0.000000	0.500179	
0.000000	0.000000	0.500186	
0.000001	0.500186	0.000000	
0.000001	0.500185	0.000001	
0.000000	0.000000	0.500181	
0.000002	0.500187	0.000001	
0.000001	0.500188	0.000000	
0.000001	0.500191	0.000000	
0.000002	0.500187	0.000000	
0.000000	0.000000	0.500185	
0.500113	0.000072	0.000000	
0.000000	0.000000	0.500184	
0.000000	0.000000	0.500185	
0.000000	0.000000	0.500186	
0.000000	0.000000	0.500186	
0.500188	0.000000	0.000001	
0.001125	0.029096	0.469966	
0.000036	0.469929	0.030221	
0.000000	0.000000	0.500186	
0.000000	0.000000	0.500188	
0.000001	0.500193	0.000000	
0.500185	0.000000	0.000000	
0.500195	0.000000	0.000000	
0.500189	0.000000	0.000000	
0.486249	0.000000	0.013940	
0.500184	0.000000	0.000001	
0.000000	0.000000	0.500184	
0.000000	0.000000	0.500182	
0.000000	0.500192	0.000000	
0.500184	0.000000	0.000002	
0.000000	0.500196	0.000000	
0.000000	0.000000	0.500183	
0.500187	0.000000	0.000001	
0.000002	0.500184	0.000002	
0.000000	0.500192	0.000000	
0.000000	0.500198	0.000000	
0.000000	0.000000	0.500186	
