11.360262	0.024220	17.273695	
0.869735	11.773405	13.947405	
1.202706	42.558087	0.476062	
0.863690	0.006536	39.932364	
0.187589	34.015258	0.363854	
13.287431	0.028329	20.204027	
56.282673	0.006189	0.098434	
26.661078	1.189504	0.154571	
1.121651	0.082994	41.322980	
2.730442	24.556273	8.470869	
33.501980	4.160683	0.050092	
3.213037	35.470419	0.980221	
0.014996	0.001094	58.123293	
0.436119	27.827914	2.119683	
2.702629	24.306137	8.384583	
28.622141	1.762748	0.007095	
0.185430	55.316318	0.722370	
55.324677	0.012443	0.461070	
0.387148	43.976032	0.840849	
0.054087	17.548712	19.418702	
10.156155	0.795243	23.000845	
2.366795	21.339197	4.377518	
0.333874	69.739958	0.020289	
10.272863	0.804382	23.265156	
2.864465	36.852698	0.903004	
5.173505	0.639239	32.433729	
0.103787	41.759851	0.349333	
21.325988	0.049779	13.283132	
12.712146	0.029356	19.332705	
0.078018	0.564573	25.037976	
42.289963	0.082219	0.592579	
33.447152	1.492270	0.178828	
0.470499	50.092046	0.658085	
35.035494	0.003853	0.574418	
0.308647	32.860336	5.096618	
9.181667	28.366527	0.398034	
0.287620	0.046825	44.828646	
0.206507	83.090788	0.113310	
37.659356	0.299508	0.238881	
1.988353	24.769321	8.767171	
0.934777	0.072760	29.843543	
0.851235	14.416727	18.337650	
12.895085	0.027492	21.712400	
29.516444	0.010204	0.197978	
0.525241	0.022078	34.871316	
0.084751	0.895141	35.010091	
1.701913	28.494529	2.043188	
0.625291	40.577742	1.044065	
59.814233	0.111082	0.149406	
3.601265	16.324742	13.178502	
29.357650	2.831589	2.034489	
0.417123	45.912564	0.824572	
3.408708	29.867907	1.014996	
6.028593	20.205054	8.726416	
0.235588	0.017985	51.537077	
7.310795	22.592672	0.866319	
39.879527	0.381173	0.019693	
0.816946	0.042960	29.708968	
1.098699	0.085519	35.076881	
0.980450	12.251446	21.142400	
7.976216	0.624551	18.063894	
4.942257	29.359146	0.695302	
3.899959	20.335839	8.564526	
0.085578	49.471834	0.527198	
2.320937	25.887502	8.065313	
0.085554	0.894338	35.010091	
56.092049	0.006168	0.488863	
3.388075	28.069154	0.079307	
6.914380	20.825165	0.076753	
3.550887	31.688736	1.130987	
19.890142	1.936094	14.317214	
36.962684	2.656482	0.159138	
9.559513	0.730019	21.982706	
0.196663	0.032550	49.117326	
2.021736	19.828863	13.752902	
36.830759	0.131529	0.597053	
13.668237	2.853366	16.922871	
0.805015	13.633935	17.341962	
2.358093	29.667028	0.073634	
0.471292	43.386815	0.310635	
7.036232	12.130534	12.558222	
0.001794	2.150335	32.307694	
3.132899	25.955095	0.095270	
0.262153	27.910366	1.993768	
0.132612	39.111654	1.355137	
1.142125	0.174696	31.123128	
31.316587	1.235628	0.446942	
1.336387	0.104020	42.665299	
0.070001	0.645749	38.911372	
3.990195	35.656508	0.109700	
33.486880	0.354519	1.764303	
37.086950	0.563840	1.134174	
0.053588	0.009299	49.005829	
1.073934	0.017951	32.341964	
9.735692	0.103926	11.753522	
0.144897	0.748559	34.344569	
43.304426	0.142004	0.712916	
27.930556	7.754635	0.497961	
32.161485	2.893118	0.574668	
7.316321	22.035755	0.081215	
0.530849	33.872514	0.225118	
36.483044	0.008205	3.630789	
26.840420	0.371975	0.001562	
1.148792	40.650305	0.455722	
28.725780	0.651914	0.203227	
7.547024	22.041884	0.198395	
29.115962	0.782360	0.866170	
0.039384	0.001339	54.402060	
9.581330	1.608030	26.259674	
27.070831	1.824579	0.071161	
0.246211	2.395616	34.843593	
40.440808	0.428139	1.533328	
30.302585	0.222029	1.937106	
27.574169	1.384055	0.098563	
15.256959	0.759435	18.690222	
36.913937	0.004064	2.007451	
19.428053	0.706366	6.597057	
27.693944	3.355844	0.105923	
50.945799	0.098769	0.511546	
0.175999	1.542149	35.359772	
0.824325	0.080692	42.034799	
6.619334	30.005826	0.088677	
11.631756	0.521050	14.596179	
1.257253	35.719175	0.148523	
12.975742	0.029964	19.567475	
0.064088	0.556726	39.182055	
2.909927	36.254619	0.320770	
0.535962	38.995698	0.554415	
4.121074	0.149834	35.469271	
0.006802	3.295924	34.288297	
12.455300	0.029073	18.298497	
8.566367	1.424120	21.343819	
0.680783	32.288417	0.586783	
0.150366	44.347818	1.536559	
0.182532	47.218172	1.156278	
26.812362	1.733489	2.106380	
1.353318	16.175219	5.441547	
25.425243	1.548981	0.007744	
32.629733	0.241357	1.500007	
5.833896	19.552520	8.444592	
18.185097	0.324565	11.924691	
13.277306	0.521201	23.184129	
13.809574	0.025807	20.946665	
27.924763	0.750352	0.830733	
1.376528	36.319118	2.679866	
1.153155	0.063136	39.931071	
7.014420	31.796775	0.093969	
0.138147	0.998728	44.297314	
0.965636	16.354254	20.802127	
0.067924	0.660896	46.793937	
22.142468	0.234935	13.853914	
23.274477	0.399480	13.210331	
2.093320	0.000230	37.192836	
12.404238	0.594202	15.168441	
5.092364	0.711550	32.384454	
3.000363	32.758511	0.816164	
7.324150	22.132541	0.081505	
0.374190	3.039741	37.872479	
0.470050	0.001474	29.759755	
1.850899	27.917343	0.191000	
1.885367	23.854463	7.950153	
36.459602	1.645562	0.195031	
11.281992	16.407556	5.451489	
0.793135	38.705900	0.938884	
7.511620	23.213283	0.890116	
0.586399	0.030836	21.324915	
29.671402	2.214801	0.340057	
20.073206	1.468384	13.386176	
0.211184	1.383264	35.551135	
0.052484	0.003883	56.085511	
0.927571	15.709574	19.982114	
0.085743	32.471742	0.794197	
0.034723	0.002692	49.981903	
0.189697	0.586223	37.650777	
0.530861	33.873255	0.224365	
28.321637	6.873803	0.824607	
7.476049	0.358126	27.335228	
70.446601	0.007747	0.139613	
0.150612	0.778083	35.699176	
17.274739	0.397593	19.792154	
0.020059	3.298188	33.205513	
35.743825	1.742919	1.223395	
0.370373	39.432036	0.171886	
18.042965	1.697066	12.995035	
12.685640	0.275619	19.606619	
0.129939	0.003815	43.647615	
0.690551	0.029026	35.641160	
0.069278	0.731715	28.618301	
3.284723	34.879601	0.992039	
1.178645	41.706681	0.465232	
30.399452	2.639431	1.891592	
1.519829	35.869408	2.529875	
12.647460	1.059561	20.752328	
19.005367	0.911510	6.525779	
38.983653	0.696311	1.143697	
0.278770	0.016458	38.691729	
35.089908	0.317028	0.023274	
25.238683	0.228444	0.417892	
5.818293	0.015378	32.550496	
44.735089	0.257597	0.867778	
0.092511	37.223085	0.311382	
0.966193	0.016414	29.105111	
18.372016	1.238277	0.048295	
35.656412	3.264781	0.089668	
1.007651	27.027289	2.102502	
3.629009	32.385911	1.193043	
8.311721	24.807748	0.084023	
31.445078	4.775909	0.087985	
2.471089	0.069664	35.930139	
27.487162	2.462017	1.384571	
0.146570	0.004303	49.234245	
0.991751	16.796537	21.364699	
45.569016	0.462349	0.289683	
2.140927	18.705432	11.912702	
0.618910	39.491482	0.262461	
31.413696	3.881482	0.098985	
0.079058	3.749582	37.710788	
1.633174	0.100582	33.600971	
0.048616	58.282420	0.017168	
1.460548	0.002840	40.913765	
14.902327	2.172544	19.925404	
15.077185	0.260081	17.197630	
8.863449	26.784084	0.020802	
0.411849	1.211400	33.446510	
2.082573	17.123092	5.603712	
0.002076	2.489228	37.399387	
0.087189	0.911424	35.678932	
0.040514	21.069292	13.069141	
0.789886	0.033202	40.768075	
9.392701	0.717281	17.599046	
39.590873	0.702863	0.401131	
46.489481	0.492175	0.500133	
0.276918	22.820763	1.647582	
3.573303	33.348409	1.093184	
29.331144	0.941542	0.382097	
23.645924	0.859720	8.029291	
23.642187	2.198913	7.427170	
0.532969	49.064680	0.143994	
0.098425	1.045953	45.177383	
1.844184	25.109746	7.266355	
1.936696	18.994798	13.174411	
2.866628	23.931413	8.780397	
18.968276	0.909731	6.513043	
29.614750	1.321284	0.171695	
0.535575	24.739593	7.565287	
34.824297	2.177269	0.146038	
2.642936	24.380790	0.391292	
0.182106	33.021049	0.353219	
0.080070	46.287799	0.493267	
8.268976	24.987673	0.092019	
7.167753	21.393382	0.072458	
2.473269	22.107306	1.278582	
12.619185	0.470746	15.721717	
1.137603	16.023174	5.327380	
33.946426	1.532132	0.181587	
37.918631	1.909881	0.135561	
0.005086	0.044184	39.875747	
0.143341	0.442968	42.216079	
0.044506	0.141238	35.142723	
26.219305	2.351721	1.320858	
34.572722	3.096669	0.148446	
1.585086	36.950914	0.509174	
32.840764	3.041039	0.230226	
9.182034	27.868822	0.102517	
1.709596	22.255847	6.852162	
36.067080	2.430928	0.094810	
30.907383	3.829747	0.026946	
0.563963	0.032049	38.037784	
41.740715	0.376780	0.311354	
37.633628	2.292751	0.006713	
30.151552	5.057520	0.490440	
1.089879	0.084833	34.795306	
41.852292	0.137242	0.689010	
0.164976	1.080600	27.772398	
3.078450	28.398359	0.455770	
0.211383	1.384566	35.584600	
38.213883	0.031740	0.018707	
36.967652	1.186677	0.481577	
9.915415	0.031856	15.344684	
0.288233	36.572333	2.054871	
2.817827	10.304029	14.466450	
40.295644	1.095031	0.105334	
12.013964	0.921359	22.517286	
27.824608	0.473901	8.776431	
0.525920	0.022106	34.916379	
0.114293	0.590451	27.090425	
2.635906	21.837666	0.080619	
41.362972	0.374390	0.684872	
33.385293	0.451102	1.544056	
20.855993	0.176148	13.542089	
18.192530	0.661445	12.567535	
0.190424	0.031517	47.559092	
0.591191	0.032368	38.070684	
0.976974	44.091866	0.802132	
1.242640	15.703319	20.353016	
5.769672	9.946971	10.297673	
2.469293	20.797116	0.058657	
0.309215	64.589042	0.006545	
30.388359	6.343841	1.005825	
44.456033	0.033437	1.328171	
