0.500193	0.000000	0.000000	
0.000000	0.500183	0.000005	
0.000000	0.000000	0.500188	
0.500191	0.000000	0.000000	
0.000001	0.500186	0.000000	
0.000000	0.000000	0.500185	
0.500191	0.000000	0.000000	
0.000000	0.000000	0.500186	
0.500187	0.000000	0.000001	
0.500191	0.000000	0.000000	
0.500191	0.000000	0.000000	
0.000000	0.500194	0.000000	
0.500188	0.000000	0.000001	
0.000001	0.500185	0.000000	
0.500191	0.000000	0.000000	
0.000000	0.000000	0.500187	
0.000000	0.500192	0.000000	
0.000002	0.500189	0.000000	
0.000000	0.000000	0.500184	
0.500185	0.000000	0.000001	
0.500190	0.000000	0.000000	
0.000002	0.500189	0.000000	
0.500192	0.000000	0.000000	
0.500191	0.000000	0.000000	
0.000000	0.000000	0.500186	
0.000000	0.000000	0.500188	
0.000000	0.000000	0.500188	
0.000000	0.500203	0.000000	
0.000000	0.500190	0.000001	
0.000005	0.000000	0.500179	
0.000000	0.000000	0.500187	
0.500184	0.000000	0.000000	
0.000001	0.500188	0.000002	
0.000002	0.500191	0.000000	
0.000046	0.500139	0.000001	
0.500183	0.000000	0.000000	
0.000000	0.000001	0.500186	
0.000002	0.500191	0.000000	
0.500191	0.000000	0.000000	
0.000000	0.000000	0.500187	
0.000000	0.000000	0.500186	
0.000000	0.000000	0.500187	
0.000001	0.500191	0.000000	
0.000000	0.000000	0.500186	
0.500193	0.000000	0.000000	
0.000000	0.000000	0.500187	
0.500193	0.000000	0.000000	
0.500187	0.000000	0.000000	
0.500189	0.000000	0.000001	
0.000000	0.500197	0.000000	
0.500192	0.000000	0.000000	
0.000001	0.500191	0.000000	
0.500144	0.000042	0.000001	
0.000000	0.000000	0.500181	
0.000001	0.500194	0.000000	
0.000000	0.000000	0.500182	
0.000000	0.500207	0.000000	
0.500187	0.000000	0.000001	
0.500185	0.000000	0.000000	
0.500186	0.000000	0.000000	
0.500185	0.000000	0.000000	
0.500188	0.000000	0.000000	
0.500192	0.000000	0.000000	
0.000002	0.500184	0.000000	
0.000002	0.500184	0.000002	
0.000000	0.000000	0.500188	
0.000001	0.500195	0.000000	
0.500197	0.000000	0.000000	
0.000000	0.000000	0.500186	
0.000000	0.000000	0.500184	
0.000000	0.000000	0.500186	
0.000000	0.500196	0.000000	
0.000000	0.500199	0.000000	
0.000000	0.500200	0.000000	
0.000000	0.000000	0.500185	
0.500193	0.000000	0.000000	
0.500185	0.000000	0.000000	
0.000000	0.000000	0.500187	
0.000000	0.000000	0.500185	
0.500191	0.000000	0.000000	
0.500197	0.000000	0.000000	
0.000001	0.500189	0.000001	
0.000000	0.500196	0.000000	
0.000000	0.500179	0.000005	
0.000000	0.000000	0.500182	
0.000000	0.000000	0.500187	
0.000000	0.500185	0.000005	
0.500191	0.000000	0.000000	
0.000000	0.000000	0.500187	
0.500185	0.000000	0.000000	
0.000000	0.500197	0.000000	
0.000000	0.500208	0.000000	
0.000001	0.500188	0.000000	
0.500187	0.000000	0.000001	
0.000000	0.500188	0.000001	
0.000002	0.500187	0.000001	
0.500185	0.000000	0.000000	
0.000001	0.500187	0.000001	
0.000000	0.000000	0.500188	
0.000001	0.500194	0.000000	
0.500187	0.000000	0.000002	
0.000000	0.000000	0.500185	
0.000002	0.500188	0.000000	
0.500186	0.000000	0.000002	
0.000000	0.500209	0.000000	
0.000000	0.500195	0.000000	
0.000000	0.000000	0.500187	
0.500191	0.000000	0.000000	
0.000000	0.000000	0.500188	
0.500192	0.000000	0.000000	
0.024449	0.367460	0.108283	
0.000002	0.500187	0.000000	
0.000002	0.500185	0.000000	
0.000000	0.500202	0.000000	
0.000000	0.000000	0.500188	
0.500190	0.000000	0.000000	
0.500187	0.000000	0.000001	
0.000000	0.000000	0.500183	
0.000000	0.000000	0.500186	
0.000002	0.500191	0.000000	
0.500193	0.000000	0.000000	
0.000000	0.000000	0.500184	
0.000001	0.500188	0.000001	
0.000000	0.000000	0.500183	
0.000000	0.500197	0.000000	
0.000001	0.500185	0.000001	
0.000008	0.500173	0.000001	
0.000000	0.500187	0.000002	
0.000001	0.500195	0.000000	
0.000000	0.000000	0.500187	
0.000000	0.000000	0.500186	
0.000000	0.000000	0.500181	
0.500192	0.000000	0.000000	
0.000001	0.500193	0.000001	
0.000002	0.500186	0.000002	
0.000002	0.500170	0.000018	
0.000002	0.500187	0.000000	
0.000000	0.000000	0.500188	
0.000000	0.000000	0.500185	
0.000000	0.000000	0.500184	
0.500198	0.000000	0.000000	
0.500189	0.000000	0.000000	
0.500191	0.000000	0.000000	
0.000001	0.500193	0.000000	
0.500188	0.000000	0.000002	
0.000000	0.000000	0.500189	
0.000000	0.000000	0.500187	
0.500184	0.000000	0.000002	
0.500190	0.000000	0.000000	
0.500194	0.000000	0.000000	
0.500187	0.000000	0.000000	
0.500184	0.000000	0.000000	
0.500184	0.000000	0.000000	
0.000000	0.000000	0.500187	
0.000000	0.000000	0.500186	
0.000000	0.500186	0.000001	
0.500145	0.000042	0.000000	
0.500187	0.000000	0.000002	
0.500185	0.000002	0.000001	
0.000001	0.500185	0.000001	
0.500191	0.000000	0.000000	
0.500192	0.000000	0.000000	
0.000001	0.500193	0.000000	
0.000000	0.000000	0.500188	
0.000001	0.500188	0.000001	
0.000000	0.500206	0.000000	
0.500194	0.000000	0.000000	
0.000001	0.500190	0.000001	
0.500189	0.000000	0.000000	
0.000001	0.500190	0.000000	
0.000000	0.000000	0.500188	
0.000001	0.500186	0.000002	
0.000000	0.000000	0.500181	
0.000000	0.500196	0.000000	
0.500191	0.000000	0.000000	
0.500191	0.000000	0.000000	
0.500191	0.000000	0.000000	
0.000008	0.500172	0.000002	
0.000000	0.000000	0.500187	
0.500192	0.000000	0.000000	
0.500188	0.000000	0.000000	
0.000000	0.500182	0.000002	
0.000001	0.500187	0.000001	
0.000000	0.000000	0.500189	
0.000001	0.500194	0.000000	
0.000000	0.000000	0.500185	
0.500187	0.000000	0.000001	
0.000002	0.500180	0.000000	
0.000000	0.000000	0.500188	
0.500182	0.000000	0.000000	
0.000000	0.000000	0.500186	
0.000001	0.500194	0.000000	
0.500191	0.000000	0.000000	
0.000000	0.000000	0.500182	
0.000001	0.500194	0.000000	
0.500189	0.000000	0.000000	
0.000001	0.500188	0.000000	
0.000000	0.000000	0.500187	
0.500191	0.000000	0.000000	
0.000002	0.500183	0.000000	
0.000000	0.000000	0.500185	
0.000000	0.000000	0.500188	
0.000000	0.000000	0.500188	
0.500190	0.000000	0.000000	
0.500190	0.000000	0.000000	
0.000000	0.000000	0.500186	
0.000001	0.000000	0.500180	
0.000000	0.000000	0.500184	
0.000000	0.000000	0.500187	
0.000000	0.500197	0.000000	
0.000000	0.000000	0.500181	
0.000000	0.000000	0.500186	
0.000000	0.000000	0.500182	
0.500189	0.000000	0.000000	
0.500186	0.000000	0.000000	
0.500187	0.000000	0.000002	
0.500189	0.000000	0.000001	
0.000000	0.500185	0.000005	
0.000000	0.500199	0.000000	
0.000000	0.000000	0.500187	
0.000000	0.000000	0.500182	
0.500186	0.000000	0.000001	
0.000000	0.500192	0.000000	
0.000008	0.500178	0.000001	
0.000000	0.000000	0.500182	
0.000000	0.000000	0.500181	
0.000000	0.000000	0.500185	
0.000000	0.000000	0.500183	
0.500194	0.000000	0.000000	
0.000000	0.000000	0.500188	
0.000001	0.500195	0.000000	
0.000000	0.500198	0.000000	
0.000000	0.000000	0.500183	
0.000000	0.000000	0.500182	
0.000000	0.000000	0.500185	
0.500184	0.000000	0.000000	
0.000000	0.500195	0.000000	
0.000002	0.500188	0.000000	
0.000000	0.000000	0.500186	
0.000000	0.000000	0.500186	
0.000000	0.000000	0.500184	
0.000000	0.000000	0.500185	
0.000001	0.500182	0.000001	
0.000001	0.500186	0.000000	
0.500189	0.000000	0.000000	
0.000002	0.500190	0.000000	
0.500188	0.000000	0.000000	
0.000000	0.000000	0.500188	
0.000000	0.000000	0.500186	
0.500190	0.000000	0.000000	
0.500184	0.000000	0.000000	
0.000000	0.000000	0.500182	
0.000001	0.500190	0.000001	
0.000000	0.000000	0.500186	
0.500181	0.000000	0.000000	
0.500182	0.000000	0.000000	
0.000000	0.000000	0.500188	
0.500187	0.000000	0.000000	
0.066651	0.003061	0.430477	
0.500190	0.000000	0.000000	
0.000002	0.000001	0.500182	
0.000000	0.000000	0.500181	
0.000000	0.000000	0.500187	
0.000000	0.500188	0.000002	
0.500190	0.000000	0.000000	
0.000000	0.000000	0.500184	
0.000000	0.500190	0.000000	
0.389078	0.098843	0.012266	
0.000046	0.500139	0.000001	
0.000000	0.500207	0.000000	
0.000001	0.500193	0.000000	
0.000001	0.500191	0.000000	
0.053341	0.439970	0.006873	
0.000000	0.500188	0.000000	
0.000000	0.500195	0.000000	
0.000000	0.000000	0.500186	
0.000000	0.000000	0.500186	
0.500184	0.000000	0.000001	
0.500187	0.000000	0.000001	
0.000078	0.021619	0.478486	
0.000002	0.500186	0.000000	
0.000002	0.500191	0.000000	
0.000001	0.500194	0.000000	
0.500183	0.000000	0.000002	
0.000000	0.000000	0.500184	
0.000000	0.000000	0.500184	
0.500188	0.000000	0.000000	
0.500193	0.000000	0.000000	
0.500192	0.000000	0.000000	
0.500186	0.000000	0.000002	
0.000001	0.000000	0.500186	
0.000000	0.500200	0.000000	
0.000000	0.000000	0.500185	
0.500189	0.000000	0.000000	
0.000000	0.500200	0.000000	
0.500189	0.000000	0.000000	
0.000000	0.000000	0.500183	
0.000000	0.500197	0.000000	
0.000000	0.000000	0.500180	
0.406166	0.002353	0.091672	
