0.000000	0.500021	0.000000	
0.000000	0.000000	0.500020	
0.000000	0.500020	0.000000	
0.000000	0.500021	0.000000	
0.266566	0.175108	0.058347	
0.000000	0.000000	0.500020	
0.000000	0.500021	0.000000	
0.500021	0.000000	0.000000	
0.000000	0.500021	0.000000	
0.000000	0.000000	0.500020	
0.000000	0.500020	0.000000	
0.500020	0.000000	0.000000	
0.000000	0.500020	0.000000	
0.500021	0.000000	0.000000	
0.500020	0.000000	0.000000	
0.500020	0.000000	0.000000	
0.500021	0.000000	0.000000	
0.000000	0.500021	0.000000	
0.000000	0.000000	0.500020	
0.000000	0.000000	0.500021	
0.000000	0.500020	0.000000	
0.000000	0.500021	0.000000	
0.500020	0.000000	0.000000	
0.000000	0.500020	0.000000	
0.000000	0.000000	0.500020	
0.500021	0.000000	0.000000	
0.500021	0.000000	0.000000	
0.000000	0.500021	0.000000	
0.000000	0.500020	0.000000	
0.000000	0.000000	0.500020	
0.500021	0.000000	0.000000	
0.500021	0.000000	0.000000	
0.000000	0.000000	0.500020	
0.000000	0.000000	0.500020	
0.000000	0.500021	0.000000	
0.500021	0.000000	0.000000	
0.500020	0.000000	0.000000	
0.500021	0.000000	0.000000	
0.000000	0.500021	0.000000	
0.000000	0.000000	0.500021	
0.000000	0.000000	0.500021	
0.000000	0.000000	0.500020	
0.000000	0.500021	0.000000	
0.500020	0.000000	0.000000	
0.500020	0.000000	0.000000	
0.000000	0.500020	0.000000	
0.000000	0.000000	0.500020	
0.000000	0.500020	0.000000	
0.000000	0.500020	0.000000	
0.000000	0.500020	0.000000	
0.000000	0.500021	0.000000	
0.500021	0.000000	0.000000	
0.500021	0.000000	0.000000	
0.000000	0.500021	0.000000	
0.500021	0.000000	0.000000	
0.000000	0.000000	0.500020	
0.500021	0.000000	0.000000	
0.000000	0.500020	0.000000	
0.000000	0.500020	0.000000	
0.500021	0.000000	0.000000	
0.000000	0.500021	0.000000	
0.000000	0.000000	0.500021	
0.500021	0.000000	0.000000	
0.000000	0.500021	0.000000	
0.000000	0.500020	0.000000	
0.500021	0.000000	0.000000	
0.500021	0.000000	0.000000	
0.000000	0.500021	0.000000	
0.000000	0.500021	0.000000	
0.000000	0.000000	0.500021	
0.000000	0.500021	0.000000	
0.000000	0.500020	0.000000	
0.000000	0.000000	0.500020	
0.500021	0.000000	0.000000	
0.500020	0.000000	0.000000	
0.000000	0.500021	0.000000	
0.000000	0.500021	0.000000	
0.000000	0.500020	0.000000	
0.000000	0.500021	0.000000	
0.500020	0.000000	0.000000	
0.500020	0.000000	0.000000	
0.000000	0.500020	0.000000	
0.500020	0.000000	0.000000	
0.000000	0.000000	0.500020	
0.000000	0.000000	0.500021	
0.000000	0.500020	0.000000	
0.000000	0.500020	0.000000	
0.500020	0.000000	0.000000	
0.500021	0.000000	0.000000	
0.500021	0.000000	0.000000	
0.000000	0.000000	0.500021	
0.000000	0.000000	0.500020	
0.000000	0.000000	0.500021	
0.000000	0.500021	0.000000	
0.000000	0.500021	0.000000	
0.000000	0.000000	0.500020	
0.000000	0.500020	0.000000	
0.000000	0.000000	0.500020	
0.000000	0.000000	0.500020	
0.000000	0.000000	0.500020	
0.000000	0.000000	0.500020	
0.000000	0.500021	0.000000	
0.500021	0.000000	0.000000	
0.500020	0.000000	0.000000	
0.500020	0.000000	0.000000	
0.000000	0.500020	0.000000	
0.000000	0.000000	0.500020	
0.000000	0.500021	0.000000	
0.000000	0.500020	0.000000	
0.000000	0.500020	0.000000	
0.500021	0.000000	0.000000	
0.000000	0.500021	0.000000	
0.000000	0.500020	0.000000	
0.000000	0.500021	0.000000	
0.000000	0.000000	0.500020	
0.500021	0.000000	0.000000	
0.000000	0.000000	0.500021	
0.500021	0.000000	0.000000	
0.000000	0.000000	0.500020	
0.500021	0.000000	0.000000	
0.000000	0.000000	0.500020	
0.000000	0.000000	0.500020	
0.000000	0.000000	0.500020	
0.000000	0.000000	0.500020	
0.000000	0.500021	0.000000	
0.000000	0.000000	0.500021	
0.000000	0.000000	0.500020	
0.000000	0.000000	0.500020	
0.000000	0.000000	0.500020	
0.500020	0.000000	0.000000	
0.500020	0.000000	0.000000	
0.000000	0.500020	0.000000	
0.500020	0.000000	0.000000	
0.000000	0.500020	0.000000	
0.500021	0.000000	0.000000	
0.000000	0.500020	0.000000	
0.500021	0.000000	0.000000	
0.500021	0.000000	0.000000	
0.500021	0.000000	0.000000	
0.500020	0.000000	0.000000	
0.500021	0.000000	0.000000	
0.000000	0.500021	0.000000	
0.000000	0.000000	0.500020	
0.000000	0.500020	0.000000	
0.500021	0.000000	0.000000	
0.000000	0.000000	0.500021	
0.500021	0.000000	0.000000	
0.000000	0.500020	0.000000	
0.000000	0.500021	0.000000	
0.500021	0.000000	0.000000	
0.000000	0.500021	0.000000	
0.500020	0.000000	0.000000	
0.500021	0.000000	0.000000	
0.500020	0.000000	0.000000	
0.500021	0.000000	0.000000	
0.000000	0.000000	0.500021	
0.500020	0.000000	0.000000	
0.500021	0.000000	0.000000	
0.500021	0.000000	0.000000	
0.000000	0.500021	0.000000	
0.000000	0.500020	0.000000	
0.500020	0.000000	0.000000	
0.042699	0.167112	0.290210	
0.000000	0.000000	0.500020	
0.500020	0.000000	0.000000	
0.000000	0.000000	0.500020	
0.000000	0.000000	0.500021	
0.000000	0.000000	0.500020	
0.000000	0.000000	0.500020	
0.500020	0.000000	0.000000	
0.000000	0.000000	0.500020	
0.000000	0.500020	0.000000	
0.000000	0.000000	0.500020	
0.000000	0.000000	0.500020	
0.000000	0.000000	0.500020	
0.500020	0.000000	0.000000	
0.500021	0.000000	0.000000	
0.000000	0.000000	0.500020	
0.000000	0.500021	0.000000	
0.000000	0.000000	0.500020	
0.500020	0.000000	0.000000	
0.000000	0.000000	0.500020	
0.000000	0.500020	0.000000	
0.500021	0.000000	0.000000	
0.000000	0.500020	0.000000	
0.451083	0.000000	0.048937	
0.500020	0.000000	0.000000	
0.000000	0.000000	0.500020	
0.000000	0.000000	0.500020	
0.000000	0.000000	0.500020	
0.500021	0.000000	0.000000	
0.500021	0.000000	0.000000	
0.500021	0.000000	0.000000	
0.500021	0.000000	0.000000	
0.000000	0.000000	0.500020	
0.000000	0.500020	0.000000	
0.000000	0.500020	0.000000	
0.000000	0.500020	0.000000	
0.000000	0.500020	0.000000	
0.000000	0.500021	0.000000	
0.000000	0.000000	0.500021	
0.000000	0.000000	0.500020	
0.500021	0.000000	0.000000	
0.500018	0.000003	0.000000	
0.000000	0.000000	0.500020	
0.500021	0.000000	0.000000	
0.000000	0.500020	0.000000	
0.000000	0.500021	0.000000	
0.000000	0.500020	0.000000	
0.000000	0.500020	0.000000	
0.000000	0.000000	0.500020	
0.000000	0.500020	0.000000	
0.000000	0.500021	0.000000	
0.000000	0.000000	0.500020	
0.000000	0.500021	0.000000	
0.000000	0.500020	0.000000	
0.500020	0.000000	0.000000	
0.000000	0.000000	0.500021	
0.000000	0.000000	0.500020	
0.500020	0.000000	0.000000	
0.000000	0.000000	0.500021	
0.000000	0.000000	0.500020	
0.000000	0.500020	0.000000	
0.500020	0.000000	0.000000	
0.500021	0.000000	0.000000	
0.000000	0.000000	0.500020	
0.000000	0.500020	0.000000	
0.000000	0.000000	0.500020	
0.000000	0.000000	0.500020	
0.000000	0.000000	0.500020	
0.000000	0.500021	0.000000	
0.000000	0.000000	0.500020	
0.000000	0.000000	0.500020	
0.000000	0.500020	0.000000	
0.500021	0.000000	0.000000	
0.000000	0.500021	0.000000	
0.000000	0.500020	0.000000	
0.500021	0.000000	0.000000	
0.000000	0.500020	0.000000	
0.500021	0.000000	0.000000	
0.500021	0.000000	0.000000	
0.000000	0.000000	0.500020	
0.500020	0.000000	0.000000	
0.500021	0.000000	0.000000	
0.000000	0.500020	0.000000	
0.500020	0.000000	0.000000	
0.000000	0.500021	0.000000	
0.000000	0.000000	0.500020	
0.257745	0.183928	0.058347	
0.015795	0.425878	0.058347	
0.000000	0.500021	0.000000	
0.500020	0.000000	0.000000	
0.000000	0.500020	0.000000	
0.000000	0.000000	0.500020	
0.500020	0.000000	0.000000	
0.000000	0.500021	0.000000	
0.000000	0.500020	0.000000	
0.000000	0.000000	0.500020	
0.000000	0.000000	0.500020	
0.000000	0.000000	0.500020	
0.500021	0.000000	0.000000	
0.000000	0.000000	0.500021	
0.000000	0.000000	0.500021	
0.000000	0.500021	0.000000	
0.500018	0.000003	0.000000	
0.000000	0.500020	0.000000	
0.500021	0.000000	0.000000	
0.000000	0.500020	0.000000	
0.500020	0.000000	0.000000	
0.000000	0.500021	0.000000	
0.000000	0.000000	0.500020	
0.000000	0.000000	0.500020	
0.000000	0.500021	0.000000	
0.500021	0.000000	0.000000	
0.500021	0.000000	0.000000	
0.000000	0.500021	0.000000	
0.000000	0.500020	0.000000	
0.500020	0.000000	0.000000	
0.000000	0.000000	0.500020	
0.000000	0.000000	0.500020	
0.000000	0.000000	0.500020	
0.000000	0.000000	0.500021	
0.213923	0.000000	0.286097	
0.000000	0.000000	0.500021	
0.500020	0.000000	0.000000	
0.000000	0.000000	0.500021	
0.500020	0.000000	0.000000	
0.000000	0.000000	0.500020	
0.000000	0.000000	0.500020	
0.500021	0.000000	0.000000	
0.000209	0.035676	0.464136	
0.000000	0.000000	0.500020	
0.000000	0.000000	0.500020	
0.000000	0.000000	0.500020	
0.000000	0.000000	0.500020	
0.000000	0.000000	0.500021	
0.000000	0.000000	0.500020	
0.000000	0.500020	0.000000	
0.500021	0.000000	0.000000	
0.500021	0.000000	0.000000	
