0.000000	0.500020	0.000000	
0.000000	0.500020	0.000000	
0.500020	0.000000	0.000000	
0.000000	0.500020	0.000000	
0.500020	0.000000	0.000000	
0.000000	0.500020	0.000000	
0.000000	0.000000	0.500020	
0.500020	0.000000	0.000000	
0.000000	0.500020	0.000000	
0.098305	0.335754	0.065960	
0.000000	0.500020	0.000000	
0.000000	0.000000	0.500020	
0.000000	0.000000	0.500020	
0.500020	0.000000	0.000000	
0.000000	0.000000	0.500020	
0.000000	0.000000	0.500020	
0.000000	0.500020	0.000000	
0.500020	0.000000	0.000000	
0.500020	0.000000	0.000000	
0.500020	0.000000	0.000000	
0.500020	0.000000	0.000000	
0.000000	0.500020	0.000000	
0.000000	0.500020	0.000000	
0.000000	0.500020	0.000000	
0.000000	0.500020	0.000000	
0.500020	0.000000	0.000000	
0.000000	0.500020	0.000000	
0.000000	0.000000	0.500020	
0.000000	0.500020	0.000000	
0.000000	0.500020	0.000000	
0.000000	0.000000	0.500020	
0.500020	0.000000	0.000000	
0.000000	0.000000	0.500020	
0.000000	0.500020	0.000000	
0.000000	0.500020	0.000000	
0.000000	0.000000	0.500020	
0.500020	0.000000	0.000000	
0.000000	0.500020	0.000000	
0.500020	0.000000	0.000000	
0.500020	0.000000	0.000000	
0.000000	0.500020	0.000000	
0.500020	0.000000	0.000000	
0.500020	0.000000	0.000000	
0.000000	0.500020	0.000000	
0.500020	0.000000	0.000000	
0.000000	0.500020	0.000000	
0.000000	0.500020	0.000000	
0.000000	0.500020	0.000000	
0.500020	0.000000	0.000000	
0.000000	0.000000	0.500020	
0.000000	0.500020	0.000000	
0.000000	0.000000	0.500020	
0.000000	0.500020	0.000000	
0.000000	0.500020	0.000000	
0.000000	0.500020	0.000000	
0.500020	0.000000	0.000000	
0.500020	0.000000	0.000000	
0.500020	0.000000	0.000000	
0.000000	0.000000	0.500020	
0.000000	0.500020	0.000000	
0.500020	0.000000	0.000000	
0.000000	0.500020	0.000000	
0.500020	0.000000	0.000000	
0.500020	0.000000	0.000000	
0.500020	0.000000	0.000000	
0.000000	0.000000	0.500020	
0.000000	0.500020	0.000000	
0.000000	0.000000	0.500020	
0.000000	0.500020	0.000000	
0.000000	0.000000	0.500020	
0.000000	0.000000	0.500020	
0.500020	0.000000	0.000000	
0.000000	0.000000	0.500020	
0.000000	0.500020	0.000000	
0.000000	0.500020	0.000000	
0.500020	0.000000	0.000000	
0.000000	0.500020	0.000000	
0.500020	0.000000	0.000000	
0.500020	0.000000	0.000000	
0.500020	0.000000	0.000000	
0.000000	0.500020	0.000000	
0.000000	0.000000	0.500020	
0.000000	0.500020	0.000000	
0.500020	0.000000	0.000000	
0.000000	0.500020	0.000000	
0.000000	0.000000	0.500020	
0.000000	0.000000	0.500020	
0.000000	0.000000	0.500020	
0.000000	0.500020	0.000000	
0.000000	0.500020	0.000000	
0.000000	0.000000	0.500020	
0.000000	0.500020	0.000000	
0.500020	0.000000	0.000000	
0.000000	0.000000	0.500020	
0.000000	0.000000	0.500020	
0.000000	0.000000	0.500020	
0.000000	0.000000	0.500020	
0.000000	0.000000	0.500020	
0.500020	0.000000	0.000000	
0.000000	0.000000	0.500020	
0.000000	0.000000	0.500020	
0.000000	0.000000	0.500020	
0.500020	0.000000	0.000000	
0.500020	0.000000	0.000000	
0.500020	0.000000	0.000000	
0.000000	0.500020	0.000000	
0.500020	0.000000	0.000000	
0.000000	0.500020	0.000000	
0.500020	0.000000	0.000000	
0.500020	0.000000	0.000000	
0.000000	0.000000	0.500020	
0.000000	0.500020	0.000000	
0.000000	0.500020	0.000000	
0.500020	0.000000	0.000000	
0.500020	0.000000	0.000000	
0.000000	0.000000	0.500020	
0.000000	0.000000	0.500020	
0.500020	0.000000	0.000000	
0.000000	0.500020	0.000000	
0.500020	0.000000	0.000000	
0.000000	0.500020	0.000000	
0.000000	0.000000	0.500020	
0.000000	0.000000	0.500020	
0.000000	0.500020	0.000000	
0.500020	0.000000	0.000000	
0.500020	0.000000	0.000000	
0.000000	0.000000	0.500020	
0.000000	0.500020	0.000000	
0.000000	0.000000	0.500020	
0.000000	0.000000	0.500020	
0.000000	0.500020	0.000000	
0.500020	0.000000	0.000000	
0.000000	0.000000	0.500020	
0.000000	0.000000	0.500020	
0.500020	0.000000	0.000000	
0.000000	0.500020	0.000000	
0.500020	0.000000	0.000000	
0.000000	0.500020	0.000000	
0.500020	0.000000	0.000000	
0.000000	0.500020	0.000000	
0.500020	0.000000	0.000000	
0.000000	0.000000	0.500020	
0.500020	0.000000	0.000000	
0.000000	0.500020	0.000000	
0.000000	0.000000	0.500020	
0.500020	0.000000	0.000000	
0.500020	0.000000	0.000000	
0.000000	0.500020	0.000000	
0.000000	0.000000	0.500020	
0.500020	0.000000	0.000000	
0.082668	0.275311	0.142041	
0.500020	0.000000	0.000000	
0.000000	0.000000	0.500020	
0.000000	0.500020	0.000000	
0.500020	0.000000	0.000000	
0.000000	0.000000	0.500020	
0.500020	0.000000	0.000000	
0.500020	0.000000	0.000000	
0.500020	0.000000	0.000000	
0.500020	0.000000	0.000000	
0.000000	0.500020	0.000000	
0.000000	0.500020	0.000000	
0.000000	0.000000	0.500020	
0.000000	0.000000	0.500020	
0.000000	0.500020	0.000000	
0.000000	0.500020	0.000000	
0.000000	0.000000	0.500020	
0.000000	0.500020	0.000000	
0.000000	0.500020	0.000000	
0.000000	0.000000	0.500020	
0.000000	0.000000	0.500020	
0.500020	0.000000	0.000000	
0.500020	0.000000	0.000000	
0.000000	0.500020	0.000000	
0.000000	0.500020	0.000000	
0.000000	0.000000	0.500020	
0.500020	0.000000	0.000000	
0.500020	0.000000	0.000000	
0.500020	0.000000	0.000000	
0.000000	0.500020	0.000000	
0.000000	0.000000	0.500020	
0.000000	0.000000	0.500020	
0.500020	0.000000	0.000000	
0.500020	0.000000	0.000000	
0.000000	0.500020	0.000000	
0.000000	0.500020	0.000000	
0.500020	0.000000	0.000000	
0.500020	0.000000	0.000000	
0.000000	0.000000	0.500020	
0.000000	0.500020	0.000000	
0.000000	0.000000	0.500020	
0.500020	0.000000	0.000000	
0.000000	0.500020	0.000000	
0.000000	0.500020	0.000000	
0.000000	0.500020	0.000000	
0.000000	0.000000	0.500020	
0.000000	0.500020	0.000000	
0.000000	0.500020	0.000000	
0.500020	0.000000	0.000000	
0.500020	0.000000	0.000000	
0.000000	0.000000	0.500020	
0.500020	0.000000	0.000000	
0.000000	0.000000	0.500020	
0.000000	0.000000	0.500020	
0.000000	0.000000	0.500020	
0.000000	0.500020	0.000000	
0.480051	0.000000	0.019969	
0.000000	0.000000	0.500020	
0.000000	0.000000	0.500020	
0.500020	0.000000	0.000000	
0.000000	0.500020	0.000000	
0.500020	0.000000	0.000000	
0.000000	0.000000	0.500020	
0.500020	0.000000	0.000000	
0.500020	0.000000	0.000000	
0.000000	0.000000	0.500020	
0.000000	0.000000	0.500020	
0.370730	0.072228	0.057061	
0.000000	0.000000	0.500020	
0.000000	0.000000	0.500020	
0.500020	0.000000	0.000000	
0.000000	0.500020	0.000000	
0.000000	0.000000	0.500020	
0.000000	0.500020	0.000000	
0.500020	0.000000	0.000000	
0.000000	0.000000	0.500020	
0.000000	0.000000	0.500020	
0.000000	0.000000	0.500020	
0.000000	0.000000	0.500020	
0.500020	0.000000	0.000000	
0.000000	0.500020	0.000000	
0.000000	0.000000	0.500020	
0.000000	0.500020	0.000000	
0.000000	0.500020	0.000000	
0.500020	0.000000	0.000000	
0.500020	0.000000	0.000000	
0.500020	0.000000	0.000000	
0.000000	0.000000	0.500020	
0.500020	0.000000	0.000000	
0.000000	0.500020	0.000000	
0.000000	0.500020	0.000000	
0.000000	0.500020	0.000000	
0.000000	0.000000	0.500020	
0.000000	0.000000	0.500020	
0.000000	0.500020	0.000000	
0.500020	0.000000	0.000000	
0.000000	0.000000	0.500020	
0.000000	0.000000	0.500020	
0.500020	0.000000	0.000000	
0.000000	0.500020	0.000000	
0.500020	0.000000	0.000000	
0.000000	0.000000	0.500020	
0.000000	0.000000	0.500020	
0.000000	0.500020	0.000000	
0.000000	0.500020	0.000000	
0.500020	0.000000	0.000000	
0.500020	0.000000	0.000000	
0.000000	0.500020	0.000000	
0.500020	0.000000	0.000000	
0.030611	0.000000	0.469409	
0.500020	0.000000	0.000000	
0.000000	0.500020	0.000000	
0.000000	0.487845	0.012175	
0.000000	0.000000	0.500020	
0.000000	0.000000	0.500020	
0.000000	0.000000	0.500020	
0.000000	0.000000	0.500020	
0.500020	0.000000	0.000000	
0.000000	0.500020	0.000000	
0.000000	0.000000	0.500020	
0.000000	0.500020	0.000000	
0.500020	0.000000	0.000000	
0.113533	0.378103	0.008384	
0.000000	0.500020	0.000000	
0.000000	0.500020	0.000000	
0.000000	0.000000	0.500020	
0.000000	0.000000	0.500020	
0.000000	0.500020	0.000000	
0.000000	0.000000	0.500020	
0.500020	0.000000	0.000000	
0.500020	0.000000	0.000000	
0.500020	0.000000	0.000000	
0.000000	0.000000	0.500020	
0.000000	0.000000	0.500020	
0.000000	0.000000	0.500020	
0.000000	0.500020	0.000000	
0.500020	0.000000	0.000000	
0.000000	0.500020	0.000000	
0.055669	0.000000	0.444351	
0.428980	0.015370	0.055669	
0.000000	0.500020	0.000000	
0.000000	0.000000	0.500020	
0.000000	0.000000	0.500020	
0.000000	0.000000	0.500020	
0.000000	0.000000	0.500020	
0.000000	0.000000	0.500020	
0.500020	0.000000	0.000000	
0.000000	0.500020	0.000000	
0.000000	0.500020	0.000000	
0.000000	0.000000	0.500020	
