0.000000	4.644391	0.000000	
0.000000	2.384416	2.290512	
3.616034	0.001086	0.000002	
3.659003	0.000937	0.000003	
3.983788	0.000008	0.000423	
5.273811	0.000001	0.000000	
0.000000	0.000000	11.025242	
4.116438	0.000008	0.000036	
2.603600	0.000005	0.012882	
0.068381	0.000000	2.413048	
0.000000	3.182017	0.000363	
2.083894	0.001163	0.000000	
1.930107	0.107565	0.014366	
0.054076	2.572761	0.022694	
1.532077	0.000000	1.681182	
0.023298	0.517279	2.213179	
0.000000	0.000000	5.031539	
3.609650	0.006699	0.000000	
0.019044	0.000443	2.763897	
0.009142	2.734034	0.000636	
6.927727	0.000001	0.000000	
4.160823	0.000000	0.000000	
0.165971	2.970295	0.000004	
0.044704	2.782999	0.000632	
4.038978	0.000001	0.000299	
2.507442	0.000845	0.000182	
0.000000	93.011874	0.000000	
0.270858	3.336175	0.000000	
4.160823	0.000000	0.000000	
0.000000	0.000000	5.959029	
3.238123	0.666722	0.000000	
0.016671	2.045227	0.058390	
0.000000	0.000000	7.430605	
3.206030	0.000037	0.000250	
3.616034	0.001086	0.000002	
5.830897	0.000000	0.000000	
1.930107	0.107565	0.014366	
3.328909	0.000000	0.120024	
0.000000	0.000000	10.521467	
0.000277	0.840032	2.476451	
0.000000	0.000000	4.026118	
0.000000	0.000000	8.030635	
0.000000	0.000000	12.129078	
0.037443	2.995928	0.000002	
0.001398	5.769817	0.000000	
0.000000	0.000000	5.760034	
0.044704	2.782999	0.000632	
0.000000	7.542367	0.000000	
4.930599	0.000000	0.000014	
0.031732	2.028013	0.029211	
25.180502	0.000000	0.000000	
0.000000	0.000000	12.129078	
0.000000	4.582658	0.000000	
0.033227	0.000000	2.468987	
1.939863	0.002000	0.000000	
1.532077	0.000000	1.681182	
0.274530	3.139872	0.000000	
0.050188	1.354259	1.472390	
0.002881	7.717513	0.000000	
7.284649	0.000000	0.000000	
0.055226	0.000671	2.171645	
0.192757	2.729339	0.000219	
0.000000	6.396695	0.020696	
0.000000	8.726158	0.000000	
0.000000	8.247266	0.000000	
0.000000	4.644391	0.000000	
0.000000	4.644391	0.000000	
0.000000	0.000000	9.195681	
4.116438	0.000008	0.000036	
15.336430	0.000000	0.000000	
0.000000	9.389188	0.000000	
5.523734	0.000000	0.000041	
1.540506	0.000000	1.494472	
0.000000	4.644391	0.000000	
0.001509	3.171227	0.000000	
149.334682	0.000000	0.001075	
0.000000	0.000000	4.026118	
0.002172	8.842390	0.000000	
0.000000	19.992309	0.000000	
10.504088	0.307703	0.000000	
0.000000	6.798448	0.000000	
0.000000	3.054674	0.137011	
5.230378	0.000018	0.000000	
7.096589	0.000349	0.000000	
0.000000	41.311763	0.000000	
0.000000	0.000000	35.757549	
0.000000	0.000000	67.696509	
0.009728	2.803303	0.000033	
0.000000	0.000000	2.962032	
10.514524	0.000000	0.136284	
0.000004	14.216682	0.000000	
16.387021	0.000007	0.000000	
0.000000	115.865326	0.000000	
0.002070	2.639790	0.298950	
5.797768	0.869376	0.000000	
0.000000	2.808836	1.833945	
0.467116	4.946333	0.000000	
12.901752	0.000004	0.000000	
0.000000	0.000000	6.547092	
0.081726	6.604639	0.000000	
0.000000	0.000000	8.045297	
0.000000	7.597787	0.000000	
0.002661	4.108122	0.000000	
0.001340	4.262937	0.000000	
0.000009	2.773041	0.496721	
8.901300	0.000000	0.000000	
14.357622	0.000000	0.007614	
2.958828	0.000000	0.147349	
0.037443	2.995928	0.000002	
0.046190	2.956118	0.000014	
3.903228	0.000000	0.000918	
0.000000	9.029532	0.000000	
3.504053	0.000000	0.049694	
0.001485	4.618430	0.000000	
19.334178	2.899164	0.000000	
0.000000	8.635962	1.508519	
4.930599	0.000000	0.000014	
0.000000	0.000000	9.963344	
0.000000	0.000000	13.918358	
0.000000	0.000000	10.062902	
3.890857	0.051095	0.000000	
0.000000	9.158130	0.000000	
0.000000	19.227549	0.000000	
0.000000	12.193029	0.000000	
0.000000	0.000000	11.033064	
0.000212	12.282973	0.000000	
0.000000	3.294024	0.000000	
0.000000	0.000000	76.288781	
18.806511	0.000000	0.000000	
0.000000	113.229362	0.000000	
208.088795	0.027441	0.000000	
41.697533	0.064578	0.000000	
0.000024	7.854412	0.000000	
14.357622	0.000000	0.007614	
0.000006	12.803118	0.000000	
0.000000	7.542367	0.000000	
0.000000	7.517143	0.000000	
0.000000	87.037721	0.000000	
2.507442	0.000845	0.000182	
0.000000	6.199969	0.000126	
17.903554	0.000000	0.000000	
0.000000	0.000000	10.579870	
18.174714	0.000008	0.000000	
0.000000	0.000000	8.684481	
0.000000	4.972042	0.000000	
0.000134	0.040918	4.730271	
0.089829	7.259452	0.000000	
0.000000	0.000000	8.131818	
2.142915	0.055969	0.000000	
0.000000	0.000000	10.755396	
0.000000	3.024842	2.041275	
0.000000	34.238092	0.000000	
0.000009	24.258633	0.000000	
0.017955	0.003215	3.002567	
3.201021	0.020865	0.000675	
0.000000	34.238092	0.000000	
0.011985	3.453874	0.000041	
7.270545	0.000358	0.000000	
0.000000	11.727821	0.046288	
0.001708	3.589019	0.000000	
0.000000	7.652465	0.000000	
0.063116	4.839573	0.000000	
18.074690	0.000000	0.014566	
0.025124	5.136454	0.000000	
0.000000	12.803035	0.000000	
4.095086	0.000000	0.000963	
0.063116	4.839573	0.000000	
0.000000	12.228602	2.124960	
57.389812	0.000000	0.000003	
0.000000	0.000000	17.833137	
32.461053	4.867541	0.000000	
0.000000	42.929027	0.000000	
0.000000	0.000000	8.822875	
0.121818	6.878842	0.000000	
0.000000	0.000000	7.379461	
5.788503	0.000000	0.004600	
0.000000	0.000000	8.116945	
0.089829	7.259452	0.000000	
0.000000	10.878973	0.000000	
0.004725	3.518147	0.000051	
0.000000	165.221547	0.000000	
2.302836	14.525615	0.000000	
0.000000	0.000000	24.862780	
0.000000	39.167733	0.000000	
0.000000	13.672850	0.000000	
0.000000	6.644315	0.000000	
0.000000	3.404328	0.109054	
0.000000	13.672850	0.000000	
4.582614	0.453013	0.000000	
0.000000	6.355843	0.000084	
0.000457	3.605039	0.000053	
0.000000	11.432942	0.000000	
0.000000	105.247287	0.000000	
23.598647	3.923815	0.000000	
0.000000	9.389652	0.000000	
16.428634	0.000000	0.000012	
0.000000	38.738730	0.000000	
0.001315	4.508144	0.000013	
4.492839	0.375935	0.000000	
3.814266	0.944307	0.000000	
2.420172	0.015776	0.170564	
0.000001	14.045447	0.000000	
0.000000	13.329281	0.000000	
0.006678	6.699721	0.000000	
20.069729	0.000002	0.000000	
0.003517	12.738178	0.000000	
6.215910	0.002328	0.000000	
0.000000	5.344293	0.000002	
0.035407	2.832982	0.000041	
3.313828	0.000000	1.361094	
0.000000	10.930240	0.000000	
45.890510	0.808434	0.000000	
8.507312	0.000000	0.000000	
0.000000	6.933827	1.557637	
0.002132	4.225394	0.000000	
47.300022	0.149078	0.000000	
0.000000	4.539786	0.000000	
0.000000	3.434007	0.000820	
0.000000	8.158428	0.000000	
0.004367	3.652000	0.000000	
4.999858	0.065658	0.000000	
0.000000	5.792180	0.000699	
0.000000	7.365306	0.000213	
0.000000	11.432942	0.000000	
0.000254	14.715972	0.000000	
0.001229	4.206742	0.000043	
86.076933	0.000000	0.000000	
0.000000	0.000000	5.783762	
5.795337	0.000000	0.000017	
0.003517	12.738178	0.000000	
5.777961	0.000012	0.000613	
0.056590	0.000688	2.225274	
2.058620	0.025028	0.000015	
0.329460	3.376678	0.000000	
0.015734	3.211196	0.000047	
0.056590	0.000688	2.225274	
1.747492	0.000290	1.519490	
0.000009	24.258633	0.000000	
0.002732	8.528861	0.000000	
5.122764	0.014380	0.000000	
3.814266	0.944307	0.000000	
0.001598	3.991445	0.000030	
3.703000	0.000000	0.191799	
0.000000	78.487090	0.000000	
6.558137	0.000000	0.000000	
0.000000	37.848330	0.000000	
16.016073	0.000000	0.011410	
0.000000	174.018762	0.000000	
0.000000	0.000000	21.765245	
0.178252	4.305049	0.000000	
30.745459	0.000000	0.000000	
0.000000	7.258114	1.255853	
2.302836	14.525615	0.000000	
0.000000	0.000000	10.755396	
0.000000	37.729328	0.000000	
0.056590	0.000688	2.225274	
0.001598	3.991445	0.000030	
10.758797	1.613284	0.000000	
279.688000	0.000000	0.002014	
0.000000	10.930240	0.000000	
0.000000	42.929027	0.000000	
0.000000	36.498844	0.000000	
4.255620	0.000013	0.000000	
0.000000	0.000000	17.833137	
0.001708	3.589019	0.000000	
3.201021	0.020865	0.000675	
0.000000	0.000000	6.112879	
0.000000	7.258114	1.255853	
0.000000	10.854016	0.000072	
0.000000	0.000000	15.329928	
0.055458	3.424842	0.000000	
15.778960	0.000000	1.792720	
3.642010	0.000000	0.051651	
5.525455	0.004356	0.000000	
3.814266	0.944307	0.000000	
0.000000	0.000000	61.817775	
0.000000	15.655250	0.000000	
0.000000	0.000000	17.833137	
0.489484	6.029001	0.000000	
0.000000	0.000000	424.094891	
0.023621	6.637608	0.000000	
0.000379	0.029698	3.465613	
0.000000	0.000000	10.755396	
0.000000	11.655103	0.000000	
0.628634	0.000000	2.619253	
0.068649	2.594248	0.301331	
0.000000	3.192593	0.000623	
6.263596	0.000000	0.000000	
0.000000	0.000000	10.755396	
0.002732	8.528861	0.000000	
1.213485	4.339193	0.000000	
30.745459	0.000000	0.000000	
0.003967	10.627252	0.000000	
0.000000	0.000000	5.259569	
0.000000	0.839085	4.345089	
0.000000	15.515099	0.000000	
6.960085	0.000025	0.000000	
4.270356	0.365346	0.000000	
5.795337	0.000000	0.000017	
0.007808	0.000000	3.061651	
