0.000000	3.104663	0.000000	
0.000000	0.020343	1.318572	
2.224985	0.000000	0.000000	
0.000000	1.713056	0.000000	
0.000180	0.877900	0.000017	
5.468809	0.000000	0.000000	
0.658999	0.000000	0.033762	
0.000000	0.000000	1.997119	
0.000000	0.000000	2.046388	
0.546469	0.000008	0.097653	
0.574148	0.000008	0.159714	
0.530450	0.000000	0.572531	
0.000000	0.000000	2.046388	
0.829196	0.000000	0.000032	
2.963048	0.000000	0.000000	
0.021360	0.410565	0.184877	
0.804809	0.006792	0.000000	
0.000000	1.273290	0.000000	
0.000000	0.000000	1.909664	
0.000180	0.877900	0.000017	
0.812623	0.000026	0.000000	
0.000000	0.000000	1.356635	
0.014651	0.327041	0.215131	
0.000000	0.000000	2.042798	
0.000000	0.020343	1.318572	
0.000000	0.346476	0.282605	
3.356760	0.000000	0.000000	
0.440978	0.002686	0.219642	
0.000000	0.000000	1.356635	
0.000000	1.161438	0.000005	
0.812623	0.000026	0.000000	
1.574551	0.000000	0.000000	
0.000000	0.044267	1.243923	
0.000000	0.000000	3.700919	
0.000001	2.274766	0.000000	
0.761988	0.000000	0.000000	
0.000912	0.733402	0.000193	
0.000000	1.196839	0.000000	
0.503993	0.012117	0.082500	
0.025689	0.573441	0.006140	
0.000912	0.733402	0.000193	
0.000000	0.000000	2.229098	
0.000000	2.346951	0.000000	
0.043658	0.568989	0.000133	
0.716618	0.000000	0.005063	
0.875674	0.000000	0.000000	
0.000000	0.000000	1.457274	
0.000000	10.142824	0.000000	
0.011628	0.235312	0.313757	
0.025689	0.573441	0.006140	
0.521120	0.000503	0.091127	
0.000025	0.543502	0.096136	
0.487100	0.011710	0.097810	
0.736477	0.014502	0.000000	
0.390797	0.022394	0.153588	
0.000000	0.000000	1.529357	
0.000014	0.529665	0.218741	
0.648228	0.000021	0.000000	
0.559752	0.032265	0.001834	
0.000000	0.000000	2.196782	
0.000163	0.693161	0.000523	
0.000053	0.385969	0.240468	
0.027403	0.470871	0.072658	
0.041633	0.542598	0.001657	
0.000000	0.000000	1.356635	
0.809344	0.000000	0.000000	
0.447272	0.000000	0.581537	
0.000000	0.000000	1.780567	
0.006650	0.288003	0.400191	
0.028000	0.538086	0.021911	
0.000901	0.585757	0.000378	
0.687017	0.000010	0.000481	
0.552931	0.176648	0.000470	
0.059365	0.000000	0.583170	
0.000000	0.974183	0.377138	
0.000000	5.873600	0.000000	
0.000172	0.000014	0.604776	
0.000000	0.000000	0.666928	
0.000356	0.304978	0.370122	
0.006650	0.288003	0.400191	
0.000025	0.293553	0.400666	
0.530450	0.000000	0.572531	
0.000917	0.761519	0.000000	
0.703979	0.000000	0.000000	
2.224985	0.000000	0.000000	
0.648228	0.000021	0.000000	
0.013256	0.728445	0.000000	
0.000000	0.044267	1.243923	
0.001998	0.295743	0.377154	
0.008903	0.000022	0.604054	
1.574551	0.000000	0.000000	
0.563042	0.000561	0.000164	
0.744449	0.012045	0.000000	
0.000173	0.000013	0.607184	
0.322106	0.000062	0.404500	
0.000011	0.925824	0.021203	
0.000000	1.273290	0.000000	
0.611863	0.000000	0.396979	
0.080829	0.374327	0.184860	
0.000251	0.733571	0.000193	
1.600961	0.000000	0.000000	
0.000000	0.822826	0.667595	
0.423525	0.000427	0.254148	
0.492960	0.010705	0.098762	
0.000003	0.927401	0.000000	
0.006692	0.000546	0.569260	
0.000000	0.000000	1.355969	
0.003706	0.729963	0.000243	
0.000025	0.293553	0.400666	
0.000000	0.000000	1.372065	
0.000000	0.000000	1.359671	
0.454941	0.007780	0.139960	
0.000000	1.976518	0.000000	
0.015241	0.001202	0.567589	
0.436534	0.017921	0.134493	
5.468809	0.000000	0.000000	
0.000290	0.602057	0.070532	
0.000014	0.653612	0.033689	
0.000000	0.315751	0.289019	
0.000000	0.346476	0.282605	
0.443202	0.009624	0.147474	
0.000043	0.525992	0.217236	
0.658999	0.000000	0.033762	
0.000000	0.000000	0.607372	
0.000000	0.000000	1.381125	
0.011628	0.235312	0.313757	
0.553223	0.053539	0.003087	
0.289471	0.003597	0.300634	
0.000000	0.000000	1.046313	
0.000000	0.000000	2.042798	
0.000356	0.304978	0.370122	
0.565884	0.004922	0.000002	
0.074029	0.555203	0.000000	
0.000086	0.609488	0.004061	
0.000251	0.732495	0.000285	
0.000022	0.612072	0.000719	
0.000000	0.000000	0.746870	
0.015384	0.299958	0.288684	
0.245990	0.000248	0.351532	
0.812623	0.000026	0.000000	
1.022952	0.000000	0.000000	
0.003673	0.497684	0.052994	
0.000172	0.000013	0.606461	
0.562449	0.047432	0.000270	
0.533927	0.000017	0.211435	
0.005213	0.371002	0.237948	
0.000000	1.090739	0.003502	
0.416118	0.008238	0.268416	
0.000186	0.537245	0.212051	
1.921930	0.000000	0.000000	
0.017686	0.605536	0.000036	
0.003907	0.607354	0.000160	
0.512393	0.003699	0.087226	
0.054712	0.001318	0.550405	
0.042180	0.543308	0.059762	
0.431637	0.000000	0.641444	
0.000551	0.329680	0.418310	
0.026919	0.600443	0.000404	
0.000000	0.000000	0.660351	
0.089263	0.669450	0.000000	
0.584442	0.014051	0.000116	
0.584442	0.014051	0.000116	
0.319332	0.018186	0.346232	
0.000549	0.328646	0.422386	
0.001901	0.899630	0.000000	
0.003857	0.762657	0.000000	
0.004147	0.761535	0.000161	
0.000053	0.386694	0.242433	
0.001223	1.015663	0.000000	
0.000000	0.000000	2.000893	
0.000173	0.000014	0.607628	
0.000000	6.790594	0.000000	
0.013536	0.260181	0.352473	
0.000076	0.636681	0.118110	
0.550832	0.000018	0.111125	
0.000194	0.951424	0.000002	
0.000283	0.818519	0.000215	
0.496853	0.004193	0.317205	
0.840193	0.000000	0.000033	
0.447051	0.032586	0.138733	
0.000000	0.000000	1.476688	
0.508307	0.002448	0.316181	
0.443865	0.025293	0.141907	
2.235749	0.000000	0.000000	
0.747160	0.122529	0.000000	
0.984038	0.000612	0.000000	
0.000000	0.000000	1.503292	
0.000000	1.475919	0.000000	
0.000053	0.386694	0.242433	
0.001223	1.015663	0.000000	
13.602698	0.000000	0.000000	
0.001901	0.899630	0.000000	
0.000016	0.334312	0.454154	
0.750914	0.121240	0.000000	
0.037954	0.235764	0.352473	
0.000085	0.620369	0.002772	
0.000000	0.000000	1.145890	
0.004377	0.680452	0.000210	
0.405255	0.033557	0.178222	
0.015402	0.343803	0.226158	
0.000000	2.355002	0.000000	
0.699761	0.000038	0.004640	
6.456719	0.000000	0.000000	
0.000209	1.027751	0.000000	
0.004360	0.677737	0.000218	
0.000000	0.000000	0.760879	
0.026116	0.501977	0.088710	
0.421533	0.009695	0.271064	
0.003969	0.688411	0.000222	
1.066162	0.000000	0.000000	
0.000085	0.708804	0.032432	
0.028778	0.642385	0.000185	
0.000000	0.000000	1.231608	
0.813866	0.000026	0.000000	
0.732060	0.000000	0.036225	
0.661093	0.000667	0.013407	
0.065746	0.736614	0.000145	
1.866227	0.000000	0.000000	
0.000007	0.477361	0.306463	
0.760939	0.000079	0.000000	
0.002158	0.319369	0.407285	
0.744497	0.000010	0.000521	
0.682644	0.000688	0.000110	
0.608908	0.000614	0.040466	
0.006792	0.000562	0.578453	
0.000000	0.000000	2.000893	
0.803952	0.000816	0.000000	
0.000000	0.000000	0.672815	
0.000082	1.768231	0.000000	
0.618290	0.003120	0.000443	
0.568218	0.013942	0.031346	
0.000003	0.939941	0.002875	
1.943959	0.000000	0.000000	
0.000000	0.000000	1.558773	
0.000549	0.328646	0.422386	
0.006762	0.292834	0.406904	
0.000000	0.000000	1.850785	
0.261923	0.000263	0.355878	
0.879848	0.053272	0.000000	
0.660020	0.000666	0.013407	
0.000000	1.111477	0.294734	
0.564067	0.033740	0.083612	
0.000000	0.372252	0.438641	
0.530474	0.000000	0.572558	
0.879848	0.053272	0.000000	
0.606322	0.000009	0.108348	
0.000551	0.329680	0.418310	
0.017610	0.602923	0.002808	
0.000000	1.475919	0.000000	
0.491840	0.011824	0.098762	
0.013536	0.260181	0.352473	
0.000028	0.337670	0.400031	
0.004118	0.594618	0.016283	
0.537661	0.001095	0.225955	
0.430496	0.024561	0.195707	
0.813866	0.000026	0.000000	
0.000003	0.954433	0.000082	
4.081835	0.000000	0.000000	
0.000393	0.336697	0.346200	
0.000000	0.000000	1.140736	
0.037855	0.245936	0.439334	
0.271609	0.003126	0.353783	
0.014418	0.583726	0.062192	
0.124518	0.654714	0.000000	
0.000941	0.757364	0.000199	
0.863352	0.000962	0.000000	
0.000000	1.999665	0.000000	
0.492426	0.007504	0.316499	
0.752379	0.116786	0.000000	
0.000000	1.188695	0.030653	
1.279901	0.000000	0.000000	
0.747160	0.122529	0.000000	
0.000000	0.000000	2.234314	
0.050089	0.488976	0.091071	
0.041028	0.554570	0.050888	
0.000000	0.372252	0.438641	
0.000051	0.553704	0.228684	
0.000000	1.294844	0.000000	
0.000827	0.326922	0.393863	
0.661007	0.000000	0.181153	
0.803952	0.000816	0.000000	
0.457743	0.010379	0.190126	
0.000029	0.001307	0.637501	
0.000173	0.358951	0.349051	
0.000000	0.000000	2.000893	
0.000099	0.000008	0.640293	
0.319332	0.018186	0.346232	
0.007161	0.328289	0.344111	
0.537661	0.001095	0.225955	
0.491362	0.010114	0.205746	
0.025696	0.573579	0.006141	
0.000000	0.451891	0.358860	
0.802228	0.000265	0.000000	
0.570086	0.004973	0.000434	
0.803952	0.000816	0.000000	
0.000000	0.000000	2.116238	
0.000000	1.475919	0.000000	
0.000176	1.283264	0.000000	
0.000027	0.328073	0.447782	
0.417736	0.030450	0.182029	
