0.521686	0.000000	0.000000	
0.478340	0.039136	0.000000	
0.449518	0.080188	0.000000	
0.391043	0.146016	0.000000	
0.338942	0.183847	0.000000	
0.290217	0.249145	0.000000	
0.235895	0.289420	0.000000	
0.194408	0.323451	0.000000	
0.141903	0.390188	0.000000	
0.086836	0.454031	0.000000	
0.044184	0.485814	0.000000	
0.000000	0.541403	0.000000	
0.486170	0.000000	0.032975	
0.431038	0.035266	0.049672	
0.374602	0.094163	0.047084	
0.355052	0.111318	0.046844	
0.304965	0.191280	0.050992	
0.253078	0.241379	0.035531	
0.198344	0.314512	0.024259	
0.109530	0.379005	0.045578	
0.109530	0.379005	0.045578	
0.044184	0.485814	0.000000	
0.000000	0.520996	0.024644	
0.466616	0.000000	0.049705	
0.378946	0.045580	0.092061	
0.350045	0.097882	0.086443	
0.295544	0.151119	0.086199	
0.242742	0.200074	0.093198	
0.207974	0.263953	0.068783	
0.139404	0.301867	0.088938	
0.084070	0.378584	0.095209	
0.047104	0.429141	0.111384	
0.000000	0.487301	0.105267	
0.371736	0.000000	0.150353	
0.353352	0.049721	0.138034	
0.295137	0.094266	0.143003	
0.246314	0.151961	0.151785	
0.192753	0.201989	0.142530	
0.141763	0.246096	0.142203	
0.101810	0.304153	0.152941	
0.037335	0.374299	0.161880	
0.000000	0.427739	0.162484	
0.358593	0.000000	0.205044	
0.285185	0.050127	0.198750	
0.255501	0.092419	0.209134	
0.204762	0.150145	0.204315	
0.147508	0.196014	0.194866	
0.097118	0.248637	0.204580	
0.041476	0.300898	0.198949	
0.000000	0.358351	0.208233	
0.300775	0.000000	0.260694	
0.253406	0.048555	0.239707	
0.209596	0.093105	0.262363	
0.132875	0.151251	0.258360	
0.099095	0.195134	0.248955	
0.037439	0.273306	0.238275	
0.000000	0.287109	0.279487	
0.247128	0.000000	0.315043	
0.200608	0.041001	0.306124	
0.140603	0.088124	0.309873	
0.077476	0.152563	0.311651	
0.019950	0.209907	0.311404	
0.000000	0.259417	0.313632	
0.193048	0.000000	0.337805	
0.164650	0.046581	0.369260	
0.102062	0.104210	0.347494	
0.040168	0.122193	0.386184	
0.000000	0.192920	0.358332	
0.166628	0.000000	0.426756	
0.082720	0.051845	0.421264	
0.031695	0.096419	0.411843	
0.000000	0.130059	0.414661	
0.077523	0.000000	0.490615	
0.038329	0.044600	0.444879	
0.000000	0.101620	0.451179	
0.024249	0.000000	0.532626	
0.000000	0.037534	0.535418	
0.000000	0.000000	0.577088	
0.182458	0.187824	0.179831	
0.182458	0.187824	0.179831	
0.182459	0.187825	0.179832	
0.182699	0.187703	0.179889	
0.182459	0.187825	0.179832	
0.182699	0.187703	0.179889	
0.182458	0.187824	0.179831	
0.182515	0.187883	0.179888	
0.182515	0.187883	0.179888	
0.182799	0.187439	0.179810	
0.182458	0.187824	0.179831	
0.182515	0.187883	0.179888	
0.182799	0.187439	0.179810	
0.000000	0.000000	0.000000	
0.000000	0.000000	0.000000	
0.000000	0.000000	0.000000	
0.000000	0.000000	0.000000	
0.000000	0.000000	0.000000	
0.000000	0.000000	0.000000	
0.000000	0.000000	0.000000	
0.000000	0.000000	0.000000	
0.000000	0.000000	0.000000	
0.000000	0.000000	0.000000	
0.000000	0.000000	0.000000	
0.000000	0.000000	0.000000	
0.000000	0.000000	0.000000	
0.000000	0.000000	0.000000	
0.000000	0.000000	0.000000	
0.000000	0.000000	0.000000	
0.000000	0.000000	0.000000	
0.000000	0.000000	0.000000	
0.000000	0.000000	0.000000	
0.000000	0.000000	0.000000	
0.000000	0.000000	0.000000	
0.000000	0.000000	0.000000	
0.000000	0.000000	0.000000	
0.000000	0.000000	0.000000	
0.000000	0.000000	0.000000	
0.000000	0.000000	0.000000	
0.000000	0.000000	0.000000	
0.000000	0.000000	0.000000	
0.000000	0.000000	0.000000	
0.000000	0.000000	0.000000	
0.000000	0.000000	0.000000	
0.000000	0.000000	0.000000	
0.000000	0.000000	0.000000	
0.000000	0.000000	0.000000	
0.000000	0.000000	0.000000	
0.000000	0.000000	0.000000	
0.000000	0.000000	0.000000	
0.000000	0.000000	0.000000	
0.000000	0.000000	0.000000	
0.000000	0.000000	0.000000	
0.000000	0.000000	0.000000	
0.000000	0.000000	0.000000	
0.000000	0.000000	0.000000	
0.000000	0.000000	0.000000	
0.000000	0.000000	0.000000	
0.000000	0.000000	0.000000	
0.000000	0.000000	0.000000	
0.000000	0.000000	0.000000	
0.000000	0.000000	0.000000	
0.000000	0.000000	0.000000	
0.000000	0.000000	0.000000	
0.000000	0.000000	0.000000	
0.000000	0.000000	0.000000	
0.000000	0.000000	0.000000	
0.000000	0.000000	0.000000	
0.000000	0.000000	0.000000	
0.000000	0.000000	0.000000	
0.000000	0.000000	0.000000	
0.000000	0.000000	0.000000	
0.000000	0.000000	0.000000	
0.000000	0.000000	0.000000	
0.000000	0.000000	0.000000	
0.000000	0.000000	0.000000	
0.000000	0.000000	0.000000	
0.000000	0.000000	0.000000	
0.000000	0.000000	0.000000	
0.000000	0.000000	0.000000	
0.000000	0.000000	0.000000	
0.000000	0.000000	0.000000	
0.000000	0.000000	0.000000	
0.000000	0.000000	0.000000	
0.000000	0.000000	0.000000	
0.000000	0.000000	0.000000	
0.000000	0.000000	0.000000	
0.000000	0.000000	0.000000	
0.000000	0.000000	0.000000	
0.000000	0.000000	0.000000	
0.000000	0.000000	0.000000	
0.000000	0.000000	0.000000	
0.000000	0.000000	0.000000	
0.000000	0.000000	0.000000	
0.000000	0.000000	0.000000	
0.000000	0.000000	0.000000	
0.000000	0.000000	0.000000	
0.000000	0.000000	0.000000	
0.000000	0.000000	0.000000	
0.000000	0.000000	0.000000	
0.000000	0.000000	0.000000	
0.000000	0.000000	0.000000	
0.000000	0.000000	0.000000	
0.000000	0.000000	0.000000	
0.000000	0.000000	0.000000	
0.000000	0.000000	0.000000	
0.000000	0.000000	0.000000	
0.000000	0.000000	0.000000	
0.000000	0.000000	0.000000	
0.000000	0.000000	0.000000	
0.000000	0.000000	0.000000	
0.000000	0.000000	0.000000	
0.000000	0.000000	0.000000	
0.000000	0.000000	0.000000	
0.000000	0.000000	0.000000	
0.000000	0.000000	0.000000	
0.000000	0.000000	0.000000	
0.000000	0.000000	0.000000	
0.000000	0.000000	0.000000	
0.000000	0.000000	0.000000	
0.000000	0.000000	0.000000	
0.000000	0.000000	0.000000	
0.000000	0.000000	0.000000	
0.000000	0.000000	0.000000	
0.000000	0.000000	0.000000	
0.000000	0.000000	0.000000	
0.000000	0.000000	0.000000	
0.000000	0.000000	0.000000	
0.000000	0.000000	0.000000	
0.000000	0.000000	0.000000	
0.000000	0.000000	0.000000	
0.000000	0.000000	0.000000	
0.000000	0.000000	0.000000	
0.000000	0.000000	0.000000	
0.000000	0.000000	0.000000	
0.000000	0.000000	0.000000	
0.000000	0.000000	0.000000	
0.000000	0.000000	0.000000	
0.000000	0.000000	0.000000	
0.000000	0.000000	0.000000	
0.000000	0.000000	0.000000	
0.000000	0.000000	0.000000	
0.000000	0.000000	0.000000	
0.000000	0.000000	0.000000	
0.000000	0.000000	0.000000	
0.000000	0.000000	0.000000	
0.000000	0.000000	0.000000	
0.000000	0.000000	0.000000	
0.000000	0.000000	0.000000	
0.000000	0.000000	0.000000	
0.000000	0.000000	0.000000	
0.000000	0.000000	0.000000	
0.000000	0.000000	0.000000	
0.000000	0.000000	0.000000	
0.000000	0.000000	0.000000	
0.000000	0.000000	0.000000	
0.000000	0.000000	0.000000	
0.000000	0.000000	0.000000	
0.000000	0.000000	0.000000	
0.000000	0.000000	0.000000	
0.000000	0.000000	0.000000	
0.000000	0.000000	0.000000	
0.000000	0.000000	0.000000	
0.000000	0.000000	0.000000	
0.000000	0.000000	0.000000	
0.000000	0.000000	0.000000	
0.000000	0.000000	0.000000	
0.000000	0.000000	0.000000	
0.000000	0.000000	0.000000	
0.000000	0.000000	0.000000	
0.000000	0.000000	0.000000	
0.000000	0.000000	0.000000	
0.000000	0.000000	0.000000	
0.000000	0.000000	0.000000	
0.000000	0.000000	0.000000	
0.000000	0.000000	0.000000	
0.000000	0.000000	0.000000	
0.000000	0.000000	0.000000	
0.000000	0.000000	0.000000	
0.000000	0.000000	0.000000	
0.000000	0.000000	0.000000	
0.000000	0.000000	0.000000	
0.000000	0.000000	0.000000	
0.000000	0.000000	0.000000	
0.000000	0.000000	0.000000	
0.000000	0.000000	0.000000	
0.000000	0.000000	0.000000	
0.000000	0.000000	0.000000	
0.000000	0.000000	0.000000	
0.000000	0.000000	0.000000	
0.000000	0.000000	0.000000	
0.000000	0.000000	0.000000	
0.000000	0.000000	0.000000	
0.000000	0.000000	0.000000	
0.000000	0.000000	0.000000	
0.000000	0.000000	0.000000	
0.000000	0.000000	0.000000	
0.000000	0.000000	0.000000	
0.000000	0.000000	0.000000	
0.000000	0.000000	0.000000	
0.000000	0.000000	0.000000	
0.000000	0.000000	0.000000	
0.000000	0.000000	0.000000	
0.000000	0.000000	0.000000	
0.000000	0.000000	0.000000	
0.000000	0.000000	0.000000	
0.000000	0.000000	0.000000	
0.000000	0.000000	0.000000	
0.000000	0.000000	0.000000	
0.000000	0.000000	0.000000	
0.000000	0.000000	0.000000	
0.000000	0.000000	0.000000	
0.000000	0.000000	0.000000	
0.000000	0.000000	0.000000	
0.000000	0.000000	0.000000	
0.000000	0.000000	0.000000	
0.000000	0.000000	0.000000	
0.000000	0.000000	0.000000	
0.000000	0.000000	0.000000	
0.000000	0.000000	0.000000	
0.000000	0.000000	0.000000	
0.000000	0.000000	0.000000	
