1.246127	0.000000	0.000000	
1.158468	0.084074	0.000000	
1.158468	0.084074	0.000000	
1.158468	0.084074	0.000000	
1.101963	0.572779	0.000000	
0.893882	0.807605	0.000000	
0.666490	0.882549	0.000000	
0.583243	1.131948	0.000000	
0.365996	0.952378	0.000000	
0.313391	1.439899	0.000000	
0.000000	1.765318	0.000000	
0.000000	1.811645	0.000000	
1.156126	0.000000	0.118235	
1.112760	0.038965	0.117785	
0.896168	0.240345	0.114401	
0.896168	0.240345	0.114401	
0.905554	0.242863	0.115599	
0.699600	0.736497	0.130081	
0.645650	0.898066	0.127456	
0.365996	0.952378	0.000000	
0.254875	0.915353	0.000000	
0.025743	1.599672	0.102755	
0.000000	1.652089	0.104441	
1.015792	0.000000	0.227387	
1.015792	0.000000	0.227387	
0.829179	0.200295	0.230450	
0.703844	0.387876	0.244384	
0.703844	0.387876	0.244384	
0.592381	0.751763	0.292957	
0.431477	0.908147	0.292325	
0.254875	0.915353	0.000000	
0.133317	1.261881	0.188307	
0.000000	1.652089	0.104441	
0.833524	0.000000	0.310970	
0.833524	0.000000	0.310970	
0.687281	0.226539	0.345512	
0.652391	0.309068	0.363524	
0.630580	0.516089	0.414991	
0.440603	0.753171	0.438404	
0.298998	0.865701	0.436847	
0.112679	1.035048	0.440585	
0.000000	1.161551	0.445892	
0.833524	0.000000	0.310970	
0.833524	0.000000	0.310970	
0.771353	0.301930	0.537257	
0.580720	0.430703	0.541188	
0.444423	0.560703	0.537819	
0.262513	0.760063	0.569166	
0.121904	0.976337	0.659060	
0.000000	1.100072	0.599684	
0.833524	0.000000	0.310970	
0.730767	0.090459	0.768935	
0.585146	0.261413	0.743613	
0.493079	0.453799	0.828390	
0.343881	0.441505	0.861530	
0.181168	0.877399	0.523854	
0.000000	1.100072	0.599684	
0.742124	0.000000	0.872680	
0.609955	0.121571	0.860218	
0.395420	0.294238	0.952991	
0.309075	0.396818	0.941061	
0.185820	0.372151	1.126235	
0.000000	0.927483	1.162193	
0.632490	0.000000	1.040379	
0.388976	0.123907	1.204774	
0.243610	0.312767	1.123016	
0.160935	0.418952	1.130758	
0.000000	0.730192	1.372381	
0.360019	0.000000	1.400943	
0.319373	0.035714	1.286200	
0.155174	0.229007	1.299650	
0.000000	0.601534	1.664770	
0.360019	0.000000	1.400943	
0.114778	0.158967	1.788947	
0.000000	0.411656	1.667547	
0.000000	0.000000	2.020456	
0.000000	0.115022	1.974827	
0.000000	0.000000	2.020456	
0.555604	0.454725	0.540603	
0.551453	0.462069	0.542311	
0.555604	0.454725	0.540603	
0.550310	0.461112	0.541188	
0.555604	0.454725	0.540603	
0.550310	0.461112	0.541188	
0.551453	0.462069	0.542311	
0.555604	0.454725	0.540603	
0.555604	0.454725	0.540603	
0.550310	0.461112	0.541188	
0.555604	0.454725	0.540603	
0.555604	0.454725	0.540603	
0.550310	0.461112	0.541188	
0.000000	0.000000	0.000000	
0.000000	0.000000	0.000000	
0.000000	0.000000	0.000000	
0.000000	0.000000	0.000000	
0.000000	0.000000	0.000000	
0.000000	0.000000	0.000000	
0.000000	0.000000	0.000000	
0.000000	0.000000	0.000000	
0.000000	0.000000	0.000000	
0.000000	0.000000	0.000000	
0.000000	0.000000	0.000000	
0.000000	0.000000	0.000000	
0.000000	0.000000	0.000000	
0.000000	0.000000	0.000000	
0.000000	0.000000	0.000000	
0.000000	0.000000	0.000000	
0.000000	0.000000	0.000000	
0.000000	0.000000	0.000000	
0.000000	0.000000	0.000000	
0.000000	0.000000	0.000000	
0.000000	0.000000	0.000000	
0.000000	0.000000	0.000000	
0.000000	0.000000	0.000000	
0.000000	0.000000	0.000000	
0.000000	0.000000	0.000000	
0.000000	0.000000	0.000000	
0.000000	0.000000	0.000000	
0.000000	0.000000	0.000000	
0.000000	0.000000	0.000000	
0.000000	0.000000	0.000000	
0.000000	0.000000	0.000000	
0.000000	0.000000	0.000000	
0.000000	0.000000	0.000000	
0.000000	0.000000	0.000000	
0.000000	0.000000	0.000000	
0.000000	0.000000	0.000000	
0.000000	0.000000	0.000000	
0.000000	0.000000	0.000000	
0.000000	0.000000	0.000000	
0.000000	0.000000	0.000000	
0.000000	0.000000	0.000000	
0.000000	0.000000	0.000000	
0.000000	0.000000	0.000000	
0.000000	0.000000	0.000000	
0.000000	0.000000	0.000000	
0.000000	0.000000	0.000000	
0.000000	0.000000	0.000000	
0.000000	0.000000	0.000000	
0.000000	0.000000	0.000000	
0.000000	0.000000	0.000000	
0.000000	0.000000	0.000000	
0.000000	0.000000	0.000000	
0.000000	0.000000	0.000000	
0.000000	0.000000	0.000000	
0.000000	0.000000	0.000000	
0.000000	0.000000	0.000000	
0.000000	0.000000	0.000000	
0.000000	0.000000	0.000000	
0.000000	0.000000	0.000000	
0.000000	0.000000	0.000000	
0.000000	0.000000	0.000000	
0.000000	0.000000	0.000000	
0.000000	0.000000	0.000000	
0.000000	0.000000	0.000000	
0.000000	0.000000	0.000000	
0.000000	0.000000	0.000000	
0.000000	0.000000	0.000000	
0.000000	0.000000	0.000000	
0.000000	0.000000	0.000000	
0.000000	0.000000	0.000000	
0.000000	0.000000	0.000000	
0.000000	0.000000	0.000000	
0.000000	0.000000	0.000000	
0.000000	0.000000	0.000000	
0.000000	0.000000	0.000000	
0.000000	0.000000	0.000000	
0.000000	0.000000	0.000000	
0.000000	0.000000	0.000000	
0.000000	0.000000	0.000000	
0.000000	0.000000	0.000000	
0.000000	0.000000	0.000000	
0.000000	0.000000	0.000000	
0.000000	0.000000	0.000000	
0.000000	0.000000	0.000000	
0.000000	0.000000	0.000000	
0.000000	0.000000	0.000000	
0.000000	0.000000	0.000000	
0.000000	0.000000	0.000000	
0.000000	0.000000	0.000000	
0.000000	0.000000	0.000000	
0.000000	0.000000	0.000000	
0.000000	0.000000	0.000000	
0.000000	0.000000	0.000000	
0.000000	0.000000	0.000000	
0.000000	0.000000	0.000000	
0.000000	0.000000	0.000000	
0.000000	0.000000	0.000000	
0.000000	0.000000	0.000000	
0.000000	0.000000	0.000000	
0.000000	0.000000	0.000000	
0.000000	0.000000	0.000000	
0.000000	0.000000	0.000000	
0.000000	0.000000	0.000000	
0.000000	0.000000	0.000000	
0.000000	0.000000	0.000000	
0.000000	0.000000	0.000000	
0.000000	0.000000	0.000000	
0.000000	0.000000	0.000000	
0.000000	0.000000	0.000000	
0.000000	0.000000	0.000000	
0.000000	0.000000	0.000000	
0.000000	0.000000	0.000000	
0.000000	0.000000	0.000000	
0.000000	0.000000	0.000000	
0.000000	0.000000	0.000000	
0.000000	0.000000	0.000000	
0.000000	0.000000	0.000000	
0.000000	0.000000	0.000000	
0.000000	0.000000	0.000000	
0.000000	0.000000	0.000000	
0.000000	0.000000	0.000000	
0.000000	0.000000	0.000000	
0.000000	0.000000	0.000000	
0.000000	0.000000	0.000000	
0.000000	0.000000	0.000000	
0.000000	0.000000	0.000000	
0.000000	0.000000	0.000000	
0.000000	0.000000	0.000000	
0.000000	0.000000	0.000000	
0.000000	0.000000	0.000000	
0.000000	0.000000	0.000000	
0.000000	0.000000	0.000000	
0.000000	0.000000	0.000000	
0.000000	0.000000	0.000000	
0.000000	0.000000	0.000000	
0.000000	0.000000	0.000000	
0.000000	0.000000	0.000000	
0.000000	0.000000	0.000000	
0.000000	0.000000	0.000000	
0.000000	0.000000	0.000000	
0.000000	0.000000	0.000000	
0.000000	0.000000	0.000000	
0.000000	0.000000	0.000000	
0.000000	0.000000	0.000000	
0.000000	0.000000	0.000000	
0.000000	0.000000	0.000000	
0.000000	0.000000	0.000000	
0.000000	0.000000	0.000000	
0.000000	0.000000	0.000000	
0.000000	0.000000	0.000000	
0.000000	0.000000	0.000000	
0.000000	0.000000	0.000000	
0.000000	0.000000	0.000000	
0.000000	0.000000	0.000000	
0.000000	0.000000	0.000000	
0.000000	0.000000	0.000000	
0.000000	0.000000	0.000000	
0.000000	0.000000	0.000000	
0.000000	0.000000	0.000000	
0.000000	0.000000	0.000000	
0.000000	0.000000	0.000000	
0.000000	0.000000	0.000000	
0.000000	0.000000	0.000000	
0.000000	0.000000	0.000000	
0.000000	0.000000	0.000000	
0.000000	0.000000	0.000000	
0.000000	0.000000	0.000000	
0.000000	0.000000	0.000000	
0.000000	0.000000	0.000000	
0.000000	0.000000	0.000000	
0.000000	0.000000	0.000000	
0.000000	0.000000	0.000000	
0.000000	0.000000	0.000000	
0.000000	0.000000	0.000000	
0.000000	0.000000	0.000000	
0.000000	0.000000	0.000000	
0.000000	0.000000	0.000000	
0.000000	0.000000	0.000000	
0.000000	0.000000	0.000000	
0.000000	0.000000	0.000000	
0.000000	0.000000	0.000000	
0.000000	0.000000	0.000000	
0.000000	0.000000	0.000000	
0.000000	0.000000	0.000000	
0.000000	0.000000	0.000000	
0.000000	0.000000	0.000000	
0.000000	0.000000	0.000000	
0.000000	0.000000	0.000000	
0.000000	0.000000	0.000000	
0.000000	0.000000	0.000000	
0.000000	0.000000	0.000000	
0.000000	0.000000	0.000000	
0.000000	0.000000	0.000000	
0.000000	0.000000	0.000000	
0.000000	0.000000	0.000000	
0.000000	0.000000	0.000000	
0.000000	0.000000	0.000000	
0.000000	0.000000	0.000000	
0.000000	0.000000	0.000000	
0.000000	0.000000	0.000000	
0.000000	0.000000	0.000000	
0.000000	0.000000	0.000000	
0.000000	0.000000	0.000000	
0.000000	0.000000	0.000000	
0.000000	0.000000	0.000000	
0.000000	0.000000	0.000000	
0.000000	0.000000	0.000000	
0.000000	0.000000	0.000000	
0.000000	0.000000	0.000000	
