0.505817	0.000000	0.000000	
0.464248	0.044818	0.000000	
0.412061	0.091642	0.000000	
0.368126	0.138268	0.000000	
0.320227	0.183175	0.000000	
0.277002	0.226866	0.000000	
0.224498	0.277670	0.000000	
0.182130	0.328125	0.000000	
0.138482	0.369656	0.000000	
0.085340	0.423663	0.000000	
0.045543	0.463225	0.000000	
0.000000	0.506104	0.000000	
0.461001	0.000000	0.045576	
0.413443	0.046090	0.045431	
0.366515	0.091969	0.045048	
0.323984	0.134330	0.045031	
0.276697	0.186053	0.043824	
0.231561	0.229540	0.046314	
0.183751	0.282088	0.043322	
0.130856	0.332178	0.043918	
0.089621	0.370677	0.045080	
0.041694	0.424077	0.045615	
0.000000	0.467858	0.046545	
0.414359	0.000000	0.090918	
0.369032	0.043884	0.090601	
0.325941	0.091750	0.091649	
0.276437	0.138259	0.090992	
0.229125	0.182811	0.091431	
0.180552	0.229767	0.091072	
0.136288	0.274052	0.091077	
0.080501	0.332954	0.091979	
0.046185	0.370372	0.092669	
0.000000	0.416206	0.092591	
0.367858	0.000000	0.138027	
0.329296	0.045810	0.130473	
0.281274	0.085071	0.137090	
0.230385	0.135566	0.137559	
0.184626	0.184973	0.135065	
0.137093	0.234016	0.135617	
0.092100	0.279336	0.135134	
0.045530	0.322467	0.137627	
0.000000	0.371427	0.138706	
0.324777	0.000000	0.183387	
0.280738	0.047521	0.185353	
0.233110	0.092615	0.184119	
0.182077	0.136805	0.182685	
0.131202	0.184964	0.187627	
0.086645	0.234514	0.187349	
0.039197	0.277611	0.184180	
0.000000	0.319002	0.186091	
0.279570	0.000000	0.231515	
0.236017	0.040454	0.236431	
0.184647	0.091977	0.229075	
0.139340	0.144271	0.234858	
0.092627	0.192179	0.235935	
0.034244	0.241405	0.234913	
0.000000	0.273726	0.231785	
0.236358	0.000000	0.276335	
0.178913	0.041981	0.283662	
0.142264	0.083278	0.282491	
0.093599	0.133393	0.284307	
0.046796	0.180181	0.279490	
0.000000	0.226604	0.279109	
0.186590	0.000000	0.327181	
0.130554	0.046175	0.332258	
0.093940	0.083979	0.336135	
0.040471	0.140666	0.328768	
0.000000	0.183250	0.323237	
0.127346	0.000000	0.377067	
0.091047	0.032202	0.382705	
0.039707	0.089480	0.383204	
0.000000	0.139912	0.375892	
0.088369	0.000000	0.430631	
0.042435	0.037247	0.427055	
0.000000	0.090952	0.414423	
0.042103	0.000000	0.478801	
0.000000	0.043212	0.469447	
0.000000	0.000000	0.506806	
0.171134	0.172755	0.167979	
0.171690	0.168541	0.172448	
0.171384	0.173007	0.168224	
0.170474	0.172089	0.168480	
0.169801	0.171295	0.172887	
0.170474	0.172089	0.168480	
0.171690	0.168541	0.172448	
0.170218	0.171715	0.173311	
0.171384	0.173007	0.168224	
0.170121	0.169312	0.172044	
0.171134	0.172755	0.167979	
0.170218	0.171715	0.173311	
0.170121	0.169312	0.172044	
0.000000	0.000000	0.000000	
0.000000	0.000000	0.000000	
0.000000	0.000000	0.000000	
0.000000	0.000000	0.000000	
0.000000	0.000000	0.000000	
0.000000	0.000000	0.000000	
0.000000	0.000000	0.000000	
0.000000	0.000000	0.000000	
0.000000	0.000000	0.000000	
0.000000	0.000000	0.000000	
0.000000	0.000000	0.000000	
0.000000	0.000000	0.000000	
0.000000	0.000000	0.000000	
0.000000	0.000000	0.000000	
0.000000	0.000000	0.000000	
0.000000	0.000000	0.000000	
0.000000	0.000000	0.000000	
0.000000	0.000000	0.000000	
0.000000	0.000000	0.000000	
0.000000	0.000000	0.000000	
0.000000	0.000000	0.000000	
0.000000	0.000000	0.000000	
0.000000	0.000000	0.000000	
0.000000	0.000000	0.000000	
0.000000	0.000000	0.000000	
0.000000	0.000000	0.000000	
0.000000	0.000000	0.000000	
0.000000	0.000000	0.000000	
0.000000	0.000000	0.000000	
0.000000	0.000000	0.000000	
0.000000	0.000000	0.000000	
0.000000	0.000000	0.000000	
0.000000	0.000000	0.000000	
0.000000	0.000000	0.000000	
0.000000	0.000000	0.000000	
0.000000	0.000000	0.000000	
0.000000	0.000000	0.000000	
0.000000	0.000000	0.000000	
0.000000	0.000000	0.000000	
0.000000	0.000000	0.000000	
0.000000	0.000000	0.000000	
0.000000	0.000000	0.000000	
0.000000	0.000000	0.000000	
0.000000	0.000000	0.000000	
0.000000	0.000000	0.000000	
0.000000	0.000000	0.000000	
0.000000	0.000000	0.000000	
0.000000	0.000000	0.000000	
0.000000	0.000000	0.000000	
0.000000	0.000000	0.000000	
0.000000	0.000000	0.000000	
0.000000	0.000000	0.000000	
0.000000	0.000000	0.000000	
0.000000	0.000000	0.000000	
0.000000	0.000000	0.000000	
0.000000	0.000000	0.000000	
0.000000	0.000000	0.000000	
0.000000	0.000000	0.000000	
0.000000	0.000000	0.000000	
0.000000	0.000000	0.000000	
0.000000	0.000000	0.000000	
0.000000	0.000000	0.000000	
0.000000	0.000000	0.000000	
0.000000	0.000000	0.000000	
0.000000	0.000000	0.000000	
0.000000	0.000000	0.000000	
0.000000	0.000000	0.000000	
0.000000	0.000000	0.000000	
0.000000	0.000000	0.000000	
0.000000	0.000000	0.000000	
0.000000	0.000000	0.000000	
0.000000	0.000000	0.000000	
0.000000	0.000000	0.000000	
0.000000	0.000000	0.000000	
0.000000	0.000000	0.000000	
0.000000	0.000000	0.000000	
0.000000	0.000000	0.000000	
0.000000	0.000000	0.000000	
0.000000	0.000000	0.000000	
0.000000	0.000000	0.000000	
0.000000	0.000000	0.000000	
0.000000	0.000000	0.000000	
0.000000	0.000000	0.000000	
0.000000	0.000000	0.000000	
0.000000	0.000000	0.000000	
0.000000	0.000000	0.000000	
0.000000	0.000000	0.000000	
0.000000	0.000000	0.000000	
0.000000	0.000000	0.000000	
0.000000	0.000000	0.000000	
0.000000	0.000000	0.000000	
0.000000	0.000000	0.000000	
0.000000	0.000000	0.000000	
0.000000	0.000000	0.000000	
0.000000	0.000000	0.000000	
0.000000	0.000000	0.000000	
0.000000	0.000000	0.000000	
0.000000	0.000000	0.000000	
0.000000	0.000000	0.000000	
0.000000	0.000000	0.000000	
0.000000	0.000000	0.000000	
0.000000	0.000000	0.000000	
0.000000	0.000000	0.000000	
0.000000	0.000000	0.000000	
0.000000	0.000000	0.000000	
0.000000	0.000000	0.000000	
0.000000	0.000000	0.000000	
0.000000	0.000000	0.000000	
0.000000	0.000000	0.000000	
0.000000	0.000000	0.000000	
0.000000	0.000000	0.000000	
0.000000	0.000000	0.000000	
0.000000	0.000000	0.000000	
0.000000	0.000000	0.000000	
0.000000	0.000000	0.000000	
0.000000	0.000000	0.000000	
0.000000	0.000000	0.000000	
0.000000	0.000000	0.000000	
0.000000	0.000000	0.000000	
0.000000	0.000000	0.000000	
0.000000	0.000000	0.000000	
0.000000	0.000000	0.000000	
0.000000	0.000000	0.000000	
0.000000	0.000000	0.000000	
0.000000	0.000000	0.000000	
0.000000	0.000000	0.000000	
0.000000	0.000000	0.000000	
0.000000	0.000000	0.000000	
0.000000	0.000000	0.000000	
0.000000	0.000000	0.000000	
0.000000	0.000000	0.000000	
0.000000	0.000000	0.000000	
0.000000	0.000000	0.000000	
0.000000	0.000000	0.000000	
0.000000	0.000000	0.000000	
0.000000	0.000000	0.000000	
0.000000	0.000000	0.000000	
0.000000	0.000000	0.000000	
0.000000	0.000000	0.000000	
0.000000	0.000000	0.000000	
0.000000	0.000000	0.000000	
0.000000	0.000000	0.000000	
0.000000	0.000000	0.000000	
0.000000	0.000000	0.000000	
0.000000	0.000000	0.000000	
0.000000	0.000000	0.000000	
0.000000	0.000000	0.000000	
0.000000	0.000000	0.000000	
0.000000	0.000000	0.000000	
0.000000	0.000000	0.000000	
0.000000	0.000000	0.000000	
0.000000	0.000000	0.000000	
0.000000	0.000000	0.000000	
0.000000	0.000000	0.000000	
0.000000	0.000000	0.000000	
0.000000	0.000000	0.000000	
0.000000	0.000000	0.000000	
0.000000	0.000000	0.000000	
0.000000	0.000000	0.000000	
0.000000	0.000000	0.000000	
0.000000	0.000000	0.000000	
0.000000	0.000000	0.000000	
0.000000	0.000000	0.000000	
0.000000	0.000000	0.000000	
0.000000	0.000000	0.000000	
0.000000	0.000000	0.000000	
0.000000	0.000000	0.000000	
0.000000	0.000000	0.000000	
0.000000	0.000000	0.000000	
0.000000	0.000000	0.000000	
0.000000	0.000000	0.000000	
0.000000	0.000000	0.000000	
0.000000	0.000000	0.000000	
0.000000	0.000000	0.000000	
0.000000	0.000000	0.000000	
0.000000	0.000000	0.000000	
0.000000	0.000000	0.000000	
0.000000	0.000000	0.000000	
0.000000	0.000000	0.000000	
0.000000	0.000000	0.000000	
0.000000	0.000000	0.000000	
0.000000	0.000000	0.000000	
0.000000	0.000000	0.000000	
0.000000	0.000000	0.000000	
0.000000	0.000000	0.000000	
0.000000	0.000000	0.000000	
0.000000	0.000000	0.000000	
0.000000	0.000000	0.000000	
0.000000	0.000000	0.000000	
0.000000	0.000000	0.000000	
0.000000	0.000000	0.000000	
0.000000	0.000000	0.000000	
0.000000	0.000000	0.000000	
0.000000	0.000000	0.000000	
0.000000	0.000000	0.000000	
0.000000	0.000000	0.000000	
0.000000	0.000000	0.000000	
0.000000	0.000000	0.000000	
0.000000	0.000000	0.000000	
0.000000	0.000000	0.000000	
0.000000	0.000000	0.000000	
0.000000	0.000000	0.000000	
0.000000	0.000000	0.000000	
0.000000	0.000000	0.000000	
0.000000	0.000000	0.000000	
0.000000	0.000000	0.000000	
0.000000	0.000000	0.000000	
0.000000	0.000000	0.000000	
0.000000	0.000000	0.000000	
