50.955482	0.000000	0.000000	
47.316444	4.691419	0.000000	
35.498899	9.374376	0.000000	
35.498899	9.374376	0.000000	
22.369566	18.092251	0.000000	
21.699499	17.550309	0.000000	
18.470241	21.066730	0.000000	
10.101186	24.582324	0.000000	
9.594876	25.088634	0.000000	
4.966799	30.941120	0.000000	
0.000000	36.378620	0.000000	
0.000000	43.855300	0.000000	
48.158203	0.000000	2.055097	
39.768457	4.679807	3.962661	
37.985161	7.606142	4.064566	
33.617750	13.124078	3.673487	
21.699499	17.550309	0.000000	
18.569305	21.179720	0.000000	
16.167892	23.824670	1.699865	
10.101186	24.582324	0.000000	
4.966799	30.941120	0.000000	
0.724687	34.622331	1.177535	
0.000000	35.205789	1.172830	
43.555960	0.000000	10.537547	
24.554748	4.408266	9.371414	
33.375226	6.903092	9.045889	
18.904129	11.380039	5.221601	
11.268837	15.228511	6.983670	
2.089667	20.025681	7.012833	
2.089667	20.025681	7.012833	
4.563957	13.334950	4.542155	
0.812553	19.077126	5.434821	
0.000000	25.616222	6.038445	
38.333201	0.000000	13.210685	
24.554748	4.408266	9.371414	
26.654019	8.259964	10.400202	
15.967824	9.612422	8.701259	
12.589005	11.406316	8.496408	
3.931113	17.791378	8.901257	
4.563957	13.334950	4.542155	
0.812553	19.077126	5.434821	
0.000000	22.912355	7.365150	
34.368305	0.000000	18.808790	
29.282070	4.498758	20.215173	
20.679119	7.164030	15.115497	
13.152225	9.640417	12.421832	
9.413521	12.630369	12.078971	
4.563957	13.334950	4.542155	
2.386192	15.658754	11.928493	
0.000000	22.018279	9.353489	
27.051108	0.000000	24.587273	
23.585682	2.680796	23.362441	
1.571507	7.208226	17.660065	
8.730627	8.507350	15.218682	
1.589042	10.348836	12.867577	
2.025809	13.293841	10.126954	
0.000000	12.269834	14.597778	
23.458562	0.000000	26.289010	
1.085504	4.720303	21.029009	
1.706838	6.111113	18.463722	
1.811547	7.494197	15.680062	
1.151220	10.322901	15.360694	
0.000000	12.269834	14.597778	
23.458562	0.000000	26.289010	
1.085504	4.720303	21.029009	
1.275635	4.951530	16.420842	
1.275635	4.951530	16.420842	
0.000000	7.858006	19.027605	
0.000000	0.000000	52.937319	
2.736245	4.473181	36.526506	
1.085504	4.720303	21.029009	
0.000000	7.858006	19.027605	
0.000000	0.000000	52.937319	
2.742461	3.479946	38.503049	
0.000000	9.357128	42.485916	
0.000000	0.000000	52.937319	
0.000000	0.000000	52.937319	
0.000000	0.000000	52.937319	
11.462941	10.652651	11.781805	
11.032862	11.032849	11.745852	
11.222229	10.935232	11.813535	
10.882798	11.168392	11.719390	
11.222229	10.935232	11.813535	
10.882798	11.168392	11.719390	
11.032862	11.032849	11.745852	
11.985663	10.077111	11.753667	
11.222229	10.935232	11.813535	
10.882798	11.168392	11.719390	
11.462941	10.652651	11.781805	
11.222229	10.935232	11.813535	
10.882798	11.168392	11.719390	
0.000000	0.000000	0.000000	
0.000000	0.000000	0.000000	
0.000000	0.000000	0.000000	
0.000000	0.000000	0.000000	
0.000000	0.000000	0.000000	
0.000000	0.000000	0.000000	
0.000000	0.000000	0.000000	
0.000000	0.000000	0.000000	
0.000000	0.000000	0.000000	
0.000000	0.000000	0.000000	
0.000000	0.000000	0.000000	
0.000000	0.000000	0.000000	
0.000000	0.000000	0.000000	
0.000000	0.000000	0.000000	
0.000000	0.000000	0.000000	
0.000000	0.000000	0.000000	
0.000000	0.000000	0.000000	
0.000000	0.000000	0.000000	
0.000000	0.000000	0.000000	
0.000000	0.000000	0.000000	
0.000000	0.000000	0.000000	
0.000000	0.000000	0.000000	
0.000000	0.000000	0.000000	
0.000000	0.000000	0.000000	
0.000000	0.000000	0.000000	
0.000000	0.000000	0.000000	
0.000000	0.000000	0.000000	
0.000000	0.000000	0.000000	
0.000000	0.000000	0.000000	
0.000000	0.000000	0.000000	
0.000000	0.000000	0.000000	
0.000000	0.000000	0.000000	
0.000000	0.000000	0.000000	
0.000000	0.000000	0.000000	
0.000000	0.000000	0.000000	
0.000000	0.000000	0.000000	
0.000000	0.000000	0.000000	
0.000000	0.000000	0.000000	
0.000000	0.000000	0.000000	
0.000000	0.000000	0.000000	
0.000000	0.000000	0.000000	
0.000000	0.000000	0.000000	
0.000000	0.000000	0.000000	
0.000000	0.000000	0.000000	
0.000000	0.000000	0.000000	
0.000000	0.000000	0.000000	
0.000000	0.000000	0.000000	
0.000000	0.000000	0.000000	
0.000000	0.000000	0.000000	
0.000000	0.000000	0.000000	
0.000000	0.000000	0.000000	
0.000000	0.000000	0.000000	
0.000000	0.000000	0.000000	
0.000000	0.000000	0.000000	
0.000000	0.000000	0.000000	
0.000000	0.000000	0.000000	
0.000000	0.000000	0.000000	
0.000000	0.000000	0.000000	
0.000000	0.000000	0.000000	
0.000000	0.000000	0.000000	
0.000000	0.000000	0.000000	
0.000000	0.000000	0.000000	
0.000000	0.000000	0.000000	
0.000000	0.000000	0.000000	
0.000000	0.000000	0.000000	
0.000000	0.000000	0.000000	
0.000000	0.000000	0.000000	
0.000000	0.000000	0.000000	
0.000000	0.000000	0.000000	
0.000000	0.000000	0.000000	
0.000000	0.000000	0.000000	
0.000000	0.000000	0.000000	
0.000000	0.000000	0.000000	
0.000000	0.000000	0.000000	
0.000000	0.000000	0.000000	
0.000000	0.000000	0.000000	
0.000000	0.000000	0.000000	
0.000000	0.000000	0.000000	
0.000000	0.000000	0.000000	
0.000000	0.000000	0.000000	
0.000000	0.000000	0.000000	
0.000000	0.000000	0.000000	
0.000000	0.000000	0.000000	
0.000000	0.000000	0.000000	
0.000000	0.000000	0.000000	
0.000000	0.000000	0.000000	
0.000000	0.000000	0.000000	
0.000000	0.000000	0.000000	
0.000000	0.000000	0.000000	
0.000000	0.000000	0.000000	
0.000000	0.000000	0.000000	
0.000000	0.000000	0.000000	
0.000000	0.000000	0.000000	
0.000000	0.000000	0.000000	
0.000000	0.000000	0.000000	
0.000000	0.000000	0.000000	
0.000000	0.000000	0.000000	
0.000000	0.000000	0.000000	
0.000000	0.000000	0.000000	
0.000000	0.000000	0.000000	
0.000000	0.000000	0.000000	
0.000000	0.000000	0.000000	
0.000000	0.000000	0.000000	
0.000000	0.000000	0.000000	
0.000000	0.000000	0.000000	
0.000000	0.000000	0.000000	
0.000000	0.000000	0.000000	
0.000000	0.000000	0.000000	
0.000000	0.000000	0.000000	
0.000000	0.000000	0.000000	
0.000000	0.000000	0.000000	
0.000000	0.000000	0.000000	
0.000000	0.000000	0.000000	
0.000000	0.000000	0.000000	
0.000000	0.000000	0.000000	
0.000000	0.000000	0.000000	
0.000000	0.000000	0.000000	
0.000000	0.000000	0.000000	
0.000000	0.000000	0.000000	
0.000000	0.000000	0.000000	
0.000000	0.000000	0.000000	
0.000000	0.000000	0.000000	
0.000000	0.000000	0.000000	
0.000000	0.000000	0.000000	
0.000000	0.000000	0.000000	
0.000000	0.000000	0.000000	
0.000000	0.000000	0.000000	
0.000000	0.000000	0.000000	
0.000000	0.000000	0.000000	
0.000000	0.000000	0.000000	
0.000000	0.000000	0.000000	
0.000000	0.000000	0.000000	
0.000000	0.000000	0.000000	
0.000000	0.000000	0.000000	
0.000000	0.000000	0.000000	
0.000000	0.000000	0.000000	
0.000000	0.000000	0.000000	
0.000000	0.000000	0.000000	
0.000000	0.000000	0.000000	
0.000000	0.000000	0.000000	
0.000000	0.000000	0.000000	
0.000000	0.000000	0.000000	
0.000000	0.000000	0.000000	
0.000000	0.000000	0.000000	
0.000000	0.000000	0.000000	
0.000000	0.000000	0.000000	
0.000000	0.000000	0.000000	
0.000000	0.000000	0.000000	
0.000000	0.000000	0.000000	
0.000000	0.000000	0.000000	
0.000000	0.000000	0.000000	
0.000000	0.000000	0.000000	
0.000000	0.000000	0.000000	
0.000000	0.000000	0.000000	
0.000000	0.000000	0.000000	
0.000000	0.000000	0.000000	
0.000000	0.000000	0.000000	
0.000000	0.000000	0.000000	
0.000000	0.000000	0.000000	
0.000000	0.000000	0.000000	
0.000000	0.000000	0.000000	
0.000000	0.000000	0.000000	
0.000000	0.000000	0.000000	
0.000000	0.000000	0.000000	
0.000000	0.000000	0.000000	
0.000000	0.000000	0.000000	
0.000000	0.000000	0.000000	
0.000000	0.000000	0.000000	
0.000000	0.000000	0.000000	
0.000000	0.000000	0.000000	
0.000000	0.000000	0.000000	
0.000000	0.000000	0.000000	
0.000000	0.000000	0.000000	
0.000000	0.000000	0.000000	
0.000000	0.000000	0.000000	
0.000000	0.000000	0.000000	
0.000000	0.000000	0.000000	
0.000000	0.000000	0.000000	
0.000000	0.000000	0.000000	
0.000000	0.000000	0.000000	
0.000000	0.000000	0.000000	
0.000000	0.000000	0.000000	
0.000000	0.000000	0.000000	
0.000000	0.000000	0.000000	
0.000000	0.000000	0.000000	
0.000000	0.000000	0.000000	
0.000000	0.000000	0.000000	
0.000000	0.000000	0.000000	
0.000000	0.000000	0.000000	
0.000000	0.000000	0.000000	
0.000000	0.000000	0.000000	
0.000000	0.000000	0.000000	
0.000000	0.000000	0.000000	
0.000000	0.000000	0.000000	
0.000000	0.000000	0.000000	
0.000000	0.000000	0.000000	
0.000000	0.000000	0.000000	
0.000000	0.000000	0.000000	
0.000000	0.000000	0.000000	
0.000000	0.000000	0.000000	
0.000000	0.000000	0.000000	
0.000000	0.000000	0.000000	
0.000000	0.000000	0.000000	
0.000000	0.000000	0.000000	
0.000000	0.000000	0.000000	
0.000000	0.000000	0.000000	
0.000000	0.000000	0.000000	
0.000000	0.000000	0.000000	
0.000000	0.000000	0.000000	
