9.942723	0.000000	0.000000	
6.059813	0.000000	0.000000	
6.059813	0.000000	0.000000	
5.014381	1.879115	0.000000	
3.829305	2.219429	0.000000	
3.190214	2.373040	0.000000	
1.646851	3.557073	0.000000	
1.933139	3.364153	0.000000	
1.650424	3.564789	0.000000	
1.110192	4.971867	0.000000	
0.200798	5.717170	0.000000	
0.000000	5.857389	0.000000	
5.955453	0.000000	0.462474	
5.955453	0.000000	0.462474	
3.692780	1.233708	0.675208	
4.086775	1.359389	0.060594	
3.231431	2.198478	0.340263	
2.134106	2.998562	0.089638	
2.058233	3.050982	0.152163	
0.997211	3.827273	0.475276	
0.980633	3.843160	0.475207	
0.192693	5.486386	0.186751	
0.000000	5.632848	0.470955	
5.451733	0.000000	0.749204	
4.122380	0.000000	1.292966	
3.692780	1.233708	0.675208	
3.679945	1.224064	0.686663	
3.231926	2.389046	1.040111	
1.884253	2.647502	1.037130	
1.413467	2.942081	0.996804	
0.781264	3.498802	1.008406	
0.432927	4.033339	0.976135	
0.000000	5.112054	0.932816	
4.326505	0.000000	1.320160	
3.890005	0.445086	1.288994	
3.506276	0.829281	1.289132	
2.954934	1.889595	1.849472	
1.712817	2.178724	1.507192	
1.476722	2.415002	1.507263	
1.025909	3.059986	1.503753	
0.222470	3.671459	1.556693	
0.000000	3.849710	1.539015	
3.619814	0.000000	1.908677	
3.304581	0.000000	2.253630	
3.119066	0.026966	2.684135	
1.220981	1.780407	2.387131	
1.397125	2.037257	1.914223	
0.920317	2.541888	1.911048	
0.287782	3.310959	1.872049	
0.000000	3.527537	1.835009	
3.391062	0.000000	2.312608	
2.874330	0.000000	2.978935	
1.365800	1.101919	3.080558	
1.193249	1.564144	2.517137	
0.923046	1.993709	2.421431	
0.000000	2.976088	2.741154	
0.000000	3.158037	2.366857	
2.874330	0.000000	2.978935	
2.181241	0.360796	3.425558	
1.365800	1.101919	3.080558	
1.066132	1.375470	3.047954	
0.599037	2.351523	2.565053	
0.000000	2.660989	3.121652	
2.008558	0.000000	4.196678	
1.361931	0.225275	4.306184	
0.368847	1.027313	4.124604	
0.464513	1.293760	3.636010	
0.000000	2.215181	3.915150	
1.608554	0.000000	4.567159	
1.085198	0.552865	4.650943	
0.368847	1.027313	4.124604	
0.000000	2.215181	3.915150	
1.356527	0.000000	4.819186	
0.000000	0.741966	6.534398	
0.000000	0.799935	6.472857	
0.704072	0.000000	8.861689	
0.000000	0.741966	6.534398	
0.000000	0.000000	10.046427	
1.366761	2.104478	1.934766	
1.580073	1.961658	2.027438	
1.918178	2.252633	1.197487	
1.895071	2.003939	1.527214	
1.918178	2.252633	1.197487	
1.895071	2.003939	1.527214	
1.580073	1.961658	2.027438	
2.047534	2.404543	1.088471	
1.407765	2.302232	1.612861	
1.892475	2.001194	1.525122	
1.366761	2.104478	1.934766	
1.407765	2.302232	1.612861	
1.892475	2.001194	1.525122	
0.000000	0.000000	0.000000	
0.000000	0.000000	0.000000	
0.000000	0.000000	0.000000	
0.000000	0.000000	0.000000	
0.000000	0.000000	0.000000	
0.000000	0.000000	0.000000	
0.000000	0.000000	0.000000	
0.000000	0.000000	0.000000	
0.000000	0.000000	0.000000	
0.000000	0.000000	0.000000	
0.000000	0.000000	0.000000	
0.000000	0.000000	0.000000	
0.000000	0.000000	0.000000	
0.000000	0.000000	0.000000	
0.000000	0.000000	0.000000	
0.000000	0.000000	0.000000	
0.000000	0.000000	0.000000	
0.000000	0.000000	0.000000	
0.000000	0.000000	0.000000	
0.000000	0.000000	0.000000	
0.000000	0.000000	0.000000	
0.000000	0.000000	0.000000	
0.000000	0.000000	0.000000	
0.000000	0.000000	0.000000	
0.000000	0.000000	0.000000	
0.000000	0.000000	0.000000	
0.000000	0.000000	0.000000	
0.000000	0.000000	0.000000	
0.000000	0.000000	0.000000	
0.000000	0.000000	0.000000	
0.000000	0.000000	0.000000	
0.000000	0.000000	0.000000	
0.000000	0.000000	0.000000	
0.000000	0.000000	0.000000	
0.000000	0.000000	0.000000	
0.000000	0.000000	0.000000	
0.000000	0.000000	0.000000	
0.000000	0.000000	0.000000	
0.000000	0.000000	0.000000	
0.000000	0.000000	0.000000	
0.000000	0.000000	0.000000	
0.000000	0.000000	0.000000	
0.000000	0.000000	0.000000	
0.000000	0.000000	0.000000	
0.000000	0.000000	0.000000	
0.000000	0.000000	0.000000	
0.000000	0.000000	0.000000	
0.000000	0.000000	0.000000	
0.000000	0.000000	0.000000	
0.000000	0.000000	0.000000	
0.000000	0.000000	0.000000	
0.000000	0.000000	0.000000	
0.000000	0.000000	0.000000	
0.000000	0.000000	0.000000	
0.000000	0.000000	0.000000	
0.000000	0.000000	0.000000	
0.000000	0.000000	0.000000	
0.000000	0.000000	0.000000	
0.000000	0.000000	0.000000	
0.000000	0.000000	0.000000	
0.000000	0.000000	0.000000	
0.000000	0.000000	0.000000	
0.000000	0.000000	0.000000	
0.000000	0.000000	0.000000	
0.000000	0.000000	0.000000	
0.000000	0.000000	0.000000	
0.000000	0.000000	0.000000	
0.000000	0.000000	0.000000	
0.000000	0.000000	0.000000	
0.000000	0.000000	0.000000	
0.000000	0.000000	0.000000	
0.000000	0.000000	0.000000	
0.000000	0.000000	0.000000	
0.000000	0.000000	0.000000	
0.000000	0.000000	0.000000	
0.000000	0.000000	0.000000	
0.000000	0.000000	0.000000	
0.000000	0.000000	0.000000	
0.000000	0.000000	0.000000	
0.000000	0.000000	0.000000	
0.000000	0.000000	0.000000	
0.000000	0.000000	0.000000	
0.000000	0.000000	0.000000	
0.000000	0.000000	0.000000	
0.000000	0.000000	0.000000	
0.000000	0.000000	0.000000	
0.000000	0.000000	0.000000	
0.000000	0.000000	0.000000	
0.000000	0.000000	0.000000	
0.000000	0.000000	0.000000	
0.000000	0.000000	0.000000	
0.000000	0.000000	0.000000	
0.000000	0.000000	0.000000	
0.000000	0.000000	0.000000	
0.000000	0.000000	0.000000	
0.000000	0.000000	0.000000	
0.000000	0.000000	0.000000	
0.000000	0.000000	0.000000	
0.000000	0.000000	0.000000	
0.000000	0.000000	0.000000	
0.000000	0.000000	0.000000	
0.000000	0.000000	0.000000	
0.000000	0.000000	0.000000	
0.000000	0.000000	0.000000	
0.000000	0.000000	0.000000	
0.000000	0.000000	0.000000	
0.000000	0.000000	0.000000	
0.000000	0.000000	0.000000	
0.000000	0.000000	0.000000	
0.000000	0.000000	0.000000	
0.000000	0.000000	0.000000	
0.000000	0.000000	0.000000	
0.000000	0.000000	0.000000	
0.000000	0.000000	0.000000	
0.000000	0.000000	0.000000	
0.000000	0.000000	0.000000	
0.000000	0.000000	0.000000	
0.000000	0.000000	0.000000	
0.000000	0.000000	0.000000	
0.000000	0.000000	0.000000	
0.000000	0.000000	0.000000	
0.000000	0.000000	0.000000	
0.000000	0.000000	0.000000	
0.000000	0.000000	0.000000	
0.000000	0.000000	0.000000	
0.000000	0.000000	0.000000	
0.000000	0.000000	0.000000	
0.000000	0.000000	0.000000	
0.000000	0.000000	0.000000	
0.000000	0.000000	0.000000	
0.000000	0.000000	0.000000	
0.000000	0.000000	0.000000	
0.000000	0.000000	0.000000	
0.000000	0.000000	0.000000	
0.000000	0.000000	0.000000	
0.000000	0.000000	0.000000	
0.000000	0.000000	0.000000	
0.000000	0.000000	0.000000	
0.000000	0.000000	0.000000	
0.000000	0.000000	0.000000	
0.000000	0.000000	0.000000	
0.000000	0.000000	0.000000	
0.000000	0.000000	0.000000	
0.000000	0.000000	0.000000	
0.000000	0.000000	0.000000	
0.000000	0.000000	0.000000	
0.000000	0.000000	0.000000	
0.000000	0.000000	0.000000	
0.000000	0.000000	0.000000	
0.000000	0.000000	0.000000	
0.000000	0.000000	0.000000	
0.000000	0.000000	0.000000	
0.000000	0.000000	0.000000	
0.000000	0.000000	0.000000	
0.000000	0.000000	0.000000	
0.000000	0.000000	0.000000	
0.000000	0.000000	0.000000	
0.000000	0.000000	0.000000	
0.000000	0.000000	0.000000	
0.000000	0.000000	0.000000	
0.000000	0.000000	0.000000	
0.000000	0.000000	0.000000	
0.000000	0.000000	0.000000	
0.000000	0.000000	0.000000	
0.000000	0.000000	0.000000	
0.000000	0.000000	0.000000	
0.000000	0.000000	0.000000	
0.000000	0.000000	0.000000	
0.000000	0.000000	0.000000	
0.000000	0.000000	0.000000	
0.000000	0.000000	0.000000	
0.000000	0.000000	0.000000	
0.000000	0.000000	0.000000	
0.000000	0.000000	0.000000	
0.000000	0.000000	0.000000	
0.000000	0.000000	0.000000	
0.000000	0.000000	0.000000	
0.000000	0.000000	0.000000	
0.000000	0.000000	0.000000	
0.000000	0.000000	0.000000	
0.000000	0.000000	0.000000	
0.000000	0.000000	0.000000	
0.000000	0.000000	0.000000	
0.000000	0.000000	0.000000	
0.000000	0.000000	0.000000	
0.000000	0.000000	0.000000	
0.000000	0.000000	0.000000	
0.000000	0.000000	0.000000	
0.000000	0.000000	0.000000	
0.000000	0.000000	0.000000	
0.000000	0.000000	0.000000	
0.000000	0.000000	0.000000	
0.000000	0.000000	0.000000	
0.000000	0.000000	0.000000	
0.000000	0.000000	0.000000	
0.000000	0.000000	0.000000	
0.000000	0.000000	0.000000	
0.000000	0.000000	0.000000	
0.000000	0.000000	0.000000	
0.000000	0.000000	0.000000	
0.000000	0.000000	0.000000	
0.000000	0.000000	0.000000	
0.000000	0.000000	0.000000	
0.000000	0.000000	0.000000	
0.000000	0.000000	0.000000	
0.000000	0.000000	0.000000	
0.000000	0.000000	0.000000	
0.000000	0.000000	0.000000	
0.000000	0.000000	0.000000	
