0.577626	0.577626	0.576798	
0.707107	0.707107	0.000000	
0.707107	0.707107	0.000000	
0.707107	0.707107	0.000000	
0.707107	0.707107	0.000000	
0.707107	0.707107	0.000000	
0.707107	0.707107	0.000000	
0.707107	0.707107	0.000000	
0.707107	0.707107	0.000000	
0.707107	0.707107	0.000000	
0.707107	0.707107	0.000000	
0.707107	0.707107	0.000000	
0.707107	0.707107	0.000000	
0.707107	0.707107	0.000000	
0.707107	0.707107	0.000000	
0.707107	0.707107	0.000000	
0.707107	0.707107	0.000000	
0.707107	0.707107	0.000000	
0.577180	0.577180	0.577691	
0.000000	0.000000	1.000000	
0.577060	0.577060	0.577931	
0.666988	0.666988	0.332047	
0.688887	0.688887	0.225540	
0.696450	0.696450	0.172962	
0.700577	0.700577	0.135591	
0.702273	0.702273	0.116724	
0.703619	0.703619	0.099203	
0.704398	0.704398	0.087446	
0.704398	0.704398	0.087446	
0.703649	0.703649	0.098777	
0.702273	0.702273	0.116724	
0.700583	0.700583	0.135521	
0.696669	0.696669	0.171189	
0.688264	0.688264	0.229314	
0.666818	0.666818	0.332728	
0.577180	0.577180	0.577691	
0.000000	0.000000	1.000000	
0.000000	0.000000	1.000000	
0.408526	0.408526	0.816219	
0.577626	0.577626	0.576798	
0.640235	0.640235	0.424499	
0.666669	0.666669	0.333323	
0.680613	0.680613	0.271169	
0.688695	0.688695	0.226713	
0.693085	0.693085	0.198156	
0.696669	0.696669	0.171189	
0.693450	0.693450	0.195586	
0.688264	0.688264	0.229314	
0.680674	0.680674	0.270860	
0.666818	0.666818	0.332728	
0.639508	0.639508	0.426683	
0.577180	0.577180	0.577691	
0.408526	0.408526	0.816219	
0.000000	0.000000	1.000000	
0.000000	0.000000	1.000000	
0.300560	0.300560	0.905167	
0.484020	0.484020	0.729006	
0.577332	0.577332	0.577388	
0.624849	0.624849	0.468111	
0.650890	0.650890	0.390750	
0.666669	0.666669	0.333323	
0.676880	0.676880	0.289253	
0.676880	0.676880	0.289253	
0.666757	0.666757	0.332973	
0.650807	0.650807	0.391023	
0.624919	0.624919	0.467923	
0.577229	0.577229	0.577593	
0.484218	0.484218	0.728743	
0.299543	0.299543	0.905841	
0.000000	0.000000	1.000000	
0.000000	0.000000	1.000000	
0.235244	0.235244	0.943038	
0.406786	0.406786	0.817955	
0.514665	0.514665	0.685740	
0.577944	0.577944	0.576160	
0.615454	0.615454	0.492376	
0.639641	0.639641	0.426285	
0.655653	0.655653	0.374486	
0.639641	0.639641	0.426285	
0.615561	0.615561	0.492106	
0.576999	0.576999	0.578053	
0.514585	0.514585	0.685861	
0.408375	0.408375	0.816370	
0.235244	0.235244	0.943038	
0.000000	0.000000	1.000000	
0.000000	0.000000	1.000000	
0.190572	0.190572	0.962998	
0.347558	0.347558	0.870866	
0.457536	0.457536	0.762444	
0.529744	0.529744	0.662377	
0.577332	0.577332	0.577388	
0.609488	0.609488	0.506999	
0.609488	0.609488	0.506999	
0.577355	0.577355	0.577341	
0.529557	0.529557	0.662675	
0.457422	0.457422	0.762582	
0.348125	0.348125	0.870412	
0.190564	0.190564	0.963001	
0.000000	0.000000	1.000000	
0.000000	0.000000	1.000000	
0.156523	0.156523	0.975193	
0.294577	0.294577	0.909092	
0.406786	0.406786	0.817955	
0.486082	0.486082	0.726256	
0.539504	0.539504	0.646429	
0.577355	0.577355	0.577341	
0.539504	0.539504	0.646429	
0.485167	0.485167	0.727479	
0.406746	0.406746	0.817994	
0.297933	0.297933	0.906902	
0.160125	0.160125	0.974023	
0.000000	0.000000	1.000000	
0.000000	0.000000	1.000000	
0.139952	0.139952	0.980218	
0.264631	0.264631	0.927330	
0.366532	0.366532	0.855166	
0.443615	0.443615	0.778724	
0.502493	0.502493	0.703563	
0.502493	0.502493	0.703563	
0.444146	0.444146	0.778118	
0.366027	0.366027	0.855599	
0.264631	0.264631	0.927330	
0.139952	0.139952	0.980218	
0.000000	0.000000	1.000000	
0.000000	0.000000	1.000000	
0.121566	0.121566	0.985111	
0.236059	0.236059	0.942631	
0.330986	0.330986	0.883683	
0.408667	0.408667	0.816078	
0.468299	0.468299	0.749261	
0.408667	0.408667	0.816078	
0.329948	0.329948	0.884459	
0.236000	0.236000	0.942660	
0.123154	0.123154	0.984716	
0.000000	0.000000	1.000000	
0.000000	0.000000	1.000000	
0.107562	0.107562	0.988363	
0.211895	0.211895	0.954045	
0.301507	0.301507	0.904537	
0.376086	0.376086	0.846828	
0.376176	0.376176	0.846749	
0.301126	0.301126	0.904790	
0.211898	0.211898	0.954043	
0.109613	0.109613	0.987912	
0.000000	0.000000	1.000000	
0.000000	0.000000	1.000000	
0.097180	0.097180	0.990511	
0.190577	0.190577	0.962996	
0.275935	0.275935	0.920717	
0.348168	0.348168	0.870378	
0.275335	0.275335	0.921076	
0.192057	0.192057	0.962407	
0.098841	0.098841	0.990182	
0.000000	0.000000	1.000000	
0.000000	0.000000	1.000000	
0.088337	0.088337	0.992166	
0.175053	0.175053	0.968872	
0.253675	0.253675	0.933433	
0.253675	0.253675	0.933433	
0.174971	0.174971	0.968902	
0.090073	0.090073	0.991854	
0.000000	0.000000	1.000000	
0.000000	0.000000	1.000000	
0.081506	0.081506	0.993335	
0.160918	0.160918	0.973761	
0.235714	0.235714	0.942803	
0.162337	0.162337	0.973290	
0.081686	0.081686	0.993305	
0.000000	0.000000	1.000000	
0.000000	0.000000	1.000000	
0.076470	0.076470	0.994135	
0.147707	0.147707	0.977939	
0.149445	0.149445	0.977411	
0.075148	0.075148	0.994337	
0.000000	0.000000	1.000000	
0.000000	0.000000	1.000000	
0.071023	0.071023	0.994943	
0.138987	0.138987	0.980492	
0.071023	0.071023	0.994943	
0.000000	0.000000	1.000000	
0.000000	0.000000	1.000000	
0.065420	0.065420	0.995711	
0.062678	0.062678	0.996064	
0.000000	0.000000	1.000000	
0.000000	0.000000	1.000000	
0.060623	0.060623	0.996318	
0.000000	0.000000	1.000000	
0.000000	0.000000	1.000000	
0.000000	0.000000	1.000000	
0.000000	0.000000	1.000000	
0.000000	0.000000	0.000000	
0.000000	0.000000	0.000000	
0.000000	0.000000	0.000000	
0.000000	0.000000	0.000000	
0.000000	0.000000	0.000000	
0.000000	0.000000	0.000000	
0.000000	0.000000	0.000000	
0.000000	0.000000	0.000000	
0.000000	0.000000	0.000000	
0.000000	0.000000	0.000000	
