77.444279	0.000000	0.000000	
16.464144	0.976234	0.000000	
16.464144	0.976234	0.000000	
26.903729	4.730910	0.000000	
5.949165	4.794591	0.000000	
5.949165	4.794591	0.000000	
41.286813	7.260116	0.000000	
10.286764	16.859166	0.000000	
10.286764	16.859166	0.000000	
10.286764	16.859166	0.000000	
10.286764	16.859166	0.000000	
12.557806	21.757131	0.000000	
20.672787	28.896434	0.000000	
20.672787	28.896434	0.000000	
14.071939	19.632550	0.000000	
14.071939	19.632550	0.000000	
13.848436	19.320728	0.000000	
13.848436	19.320728	0.000000	
14.861928	18.291175	0.000000	
3.349323	53.644684	0.000000	
2.686760	51.800456	0.000000	
2.686760	51.800456	0.000000	
2.686760	51.800456	0.000000	
0.000000	88.698645	0.000000	
16.546335	0.000000	0.541656	
16.545415	0.000000	0.541626	
9.570176	1.159953	0.566414	
9.570176	1.159953	0.566414	
4.992771	2.947180	0.450396	
4.959790	3.197864	0.455556	
4.959790	3.197864	0.455556	
3.749700	1.389656	0.634863	
3.749700	1.389656	0.634863	
4.352085	3.373619	0.670678	
4.352085	3.373619	0.670678	
9.160992	4.752925	1.093458	
5.049154	3.718970	1.305238	
10.122085	16.835338	0.846318	
10.122085	16.835338	0.846318	
9.077879	17.810590	0.844153	
6.784284	6.020097	1.319942	
0.591474	0.497436	1.389407	
0.591474	0.497436	1.389407	
1.137263	1.062513	1.525316	
1.137263	1.062513	1.525316	
0.704728	0.639487	2.458719	
0.000000	52.729585	1.288245	
15.943968	0.000000	1.142630	
15.943968	0.000000	1.142630	
13.621784	1.510835	1.439206	
13.626943	1.511407	1.439751	
5.218050	2.369878	0.275659	
13.626943	1.511407	1.439751	
3.631537	2.800580	0.929634	
3.795932	2.957186	0.658365	
3.795932	2.957186	0.658365	
4.265911	3.359464	0.786063	
4.742938	3.493206	0.450789	
5.571278	3.782248	1.143538	
5.049154	3.718970	1.305238	
7.251483	4.838038	2.140149	
6.182901	4.228829	2.211389	
3.935629	1.620508	2.039206	
3.935629	1.620508	2.039206	
0.704728	0.639487	2.458719	
2.567317	0.985520	2.560593	
2.567317	0.985520	2.560593	
0.954298	0.804539	1.447312	
0.000000	52.729585	1.288245	
15.943968	0.000000	1.142630	
15.943968	0.000000	1.142630	
13.621784	1.510835	1.439206	
12.731745	2.098267	1.808931	
5.218050	2.369878	0.275659	
8.063051	0.924761	1.355671	
4.284611	3.242489	1.564126	
3.890687	2.940092	1.145053	
4.104311	3.033709	0.610787	
4.121572	3.403532	0.542847	
4.152188	3.254415	1.365669	
4.742938	3.493206	0.450789	
1.494948	1.731309	2.666016	
1.494948	1.731309	2.666016	
1.786896	2.075368	2.878093	
1.786896	2.075368	2.878093	
0.419114	0.466600	3.026268	
0.419114	0.466600	3.026268	
0.649542	0.572693	2.972231	
0.954298	0.804539	1.447312	
0.000000	0.000000	6.040623	
14.722828	0.000000	3.013759	
14.722828	0.000000	3.013759	
7.970571	0.914155	1.458757	
7.970571	0.914155	1.458757	
8.345753	0.793587	1.834750	
5.819310	2.801568	1.893219	
4.518728	3.133760	1.493822	
4.518728	3.133760	1.493822	
3.993342	3.158391	0.716627	
4.121572	3.403532	0.542847	
4.152188	3.254415	1.365669	
1.553359	1.034853	2.087644	
1.696422	1.141470	2.625237	
0.425336	0.522147	3.170974	
0.486047	0.254850	3.297843	
1.975284	2.163568	2.525268	
0.137057	0.051838	3.739400	
0.137057	0.051838	3.739400	
0.514900	0.588647	4.225098	
0.000000	0.000000	6.040623	
16.646491	0.000000	1.121087	
1.005346	0.592011	3.450375	
1.356824	0.781776	2.302761	
3.361433	1.074651	1.962524	
8.063051	0.924761	1.355671	
8.063051	0.924761	1.355671	
3.572584	3.119637	1.912976	
1.173729	0.845769	1.897634	
1.173729	0.845769	1.897634	
1.437470	0.960319	2.162727	
1.353467	1.342448	1.771169	
1.553359	1.034853	2.087644	
0.425336	0.522147	3.170974	
0.367924	0.415346	3.853367	
1.975284	2.163568	2.525268	
1.473770	2.474344	4.290910	
1.473770	2.474344	4.290910	
0.514900	0.588647	4.225098	
0.000000	0.000000	8.072097	
0.000000	0.000000	4.990065	
0.581079	0.456149	3.016890	
1.356824	0.781776	2.302761	
0.991293	0.830876	2.245827	
1.199296	0.443378	3.002201	
0.994586	0.365067	3.154848	
0.834836	0.587658	2.924053	
0.818298	0.576205	1.455429	
0.818298	0.576205	1.455429	
1.466014	1.023194	1.781404	
1.353467	1.342448	1.771169	
0.378572	0.436815	2.921107	
1.763355	0.601294	1.721310	
1.763355	0.601294	1.721310	
0.653567	0.890757	4.391319	
1.283791	0.614994	4.707286	
0.196324	0.238588	5.825412	
0.000000	0.000000	7.945063	
0.000000	0.000000	4.990065	
0.581079	0.456149	3.016890	
1.356824	0.781776	2.302761	
0.991293	0.830876	2.245827	
2.121530	1.386136	2.612707	
1.618965	1.102335	2.465159	
0.548490	0.512288	2.596299	
1.437470	0.960319	2.162727	
0.425486	0.409788	2.714391	
1.466014	1.023194	1.781404	
1.553359	1.034853	2.087644	
1.462618	1.131143	2.330849	
0.372440	0.411994	2.841399	
0.359629	0.401080	2.832928	
0.327188	0.475056	3.355690	
0.157251	0.302792	4.494047	
0.000000	0.000000	7.945063	
0.000000	0.000000	4.990065	
0.600923	0.391022	3.055950	
0.853405	0.396376	2.839374	
1.356824	0.781776	2.302761	
1.618965	1.102335	2.465159	
2.121530	1.386136	2.612707	
0.548490	0.512288	2.596299	
1.238949	1.401757	1.747674	
1.238949	1.401757	1.747674	
1.327648	0.967053	1.686433	
1.327648	0.967053	1.686433	
0.372440	0.411994	2.841399	
0.359629	0.401080	2.832928	
0.700341	0.335495	2.800166	
0.157251	0.302792	4.494047	
0.000000	0.000000	11.488577	
0.000000	0.000000	4.990065	
0.571971	0.342359	3.177269	
0.853405	0.396376	2.839374	
1.356824	0.781776	2.302761	
2.005445	1.193008	2.306072	
2.005445	1.193008	2.306072	
1.198811	1.407615	1.943169	
1.395622	0.709942	2.604951	
1.327648	0.967053	1.686433	
1.462618	1.131143	2.330849	
1.055756	0.540763	2.612269	
0.448433	0.463130	2.896619	
0.590665	0.379059	2.793500	
0.327188	0.475056	3.355690	
0.000000	0.000000	10.194137	
0.000000	0.000000	4.990065	
0.154399	0.089781	3.123893	
0.853405	0.396376	2.839374	
0.810238	0.444866	2.851468	
1.724009	1.108984	2.580267	
1.724009	1.108984	2.580267	
1.198811	1.407615	1.943169	
1.327648	0.967053	1.686433	
0.576350	0.512023	2.619331	
1.055756	0.540763	2.612269	
0.590665	0.379059	2.793500	
0.590665	0.379059	2.793500	
0.290555	0.378330	3.610417	
0.000000	0.000000	10.194137	
0.000000	0.000000	4.862800	
0.696342	0.247620	2.930703	
0.922164	0.461949	2.559988	
0.883567	0.470253	2.793581	
0.571914	0.502492	2.532607	
0.571914	0.502492	2.532607	
0.587638	0.510624	2.493327	
0.551203	0.523825	2.632676	
0.639787	0.600256	2.388376	
0.673417	0.566626	2.388376	
0.392906	0.335294	3.264066	
0.260795	0.262250	3.486781	
0.000000	0.000000	11.488577	
0.000000	0.000000	4.862800	
0.696342	0.247620	2.930703	
0.922164	0.461949	2.559988	
1.388072	0.626728	2.529820	
1.388072	0.626728	2.529820	
0.587638	0.510624	2.493327	
0.639787	0.600256	2.388376	
0.639787	0.600256	2.388376	
0.673417	0.566626	2.388376	
0.168438	0.137375	3.141620	
0.266035	0.291164	3.308983	
0.000000	15.629392	17.531346	
0.000000	0.000000	3.402440	
0.154399	0.089781	3.123893	
0.630629	0.259408	2.763285	
1.235290	0.426733	2.618718	
1.137286	0.548199	2.509859	
0.862434	0.459655	2.665547	
0.639787	0.600256	2.388376	
0.460362	0.408101	2.770616	
0.432064	0.442896	2.842332	
0.091275	0.073887	3.354473	
0.000000	12.372741	20.756018	
0.000000	0.000000	3.402440	
0.578313	0.216802	2.803107	
0.630629	0.259408	2.763285	
1.137286	0.548199	2.509859	
0.927976	0.450071	2.671772	
0.673859	0.400406	2.613013	
0.460362	0.408101	2.770616	
0.212281	0.205208	3.179435	
0.212281	0.205208	3.179435	
0.000000	12.372741	20.756018	
0.000000	0.000000	3.780957	
0.120154	0.086462	3.213528	
0.578313	0.216802	2.803107	
0.862434	0.459655	2.665547	
0.673859	0.400406	2.613013	
0.460362	0.408101	2.770616	
0.342429	0.326371	3.035196	
0.134305	0.099966	3.874311	
0.000000	12.372741	20.756018	
0.000000	0.000000	3.780957	
0.289400	0.192880	3.163656	
0.878786	0.293675	2.845025	
0.610596	0.505812	2.809042	
0.433482	0.494123	2.840372	
0.342429	0.326371	3.035196	
0.134305	0.099966	3.874311	
0.000000	0.000000	15.909057	
0.000000	0.000000	4.333924	
0.289400	0.192880	3.163656	
0.303841	0.213857	2.949122	
0.433482	0.494123	2.840372	
0.342429	0.326371	3.035196	
0.193951	0.143713	3.368551	
0.000000	0.000000	15.909057	
0.000000	0.000000	6.304323	
0.161097	0.160852	3.142836	
0.280882	0.236816	2.949122	
0.303841	0.213857	2.949122	
0.193951	0.143713	3.368551	
0.000000	0.000000	4.096630	
0.000000	0.000000	4.486339	
0.161097	0.160852	3.142836	
0.280882	0.236816	2.949122	
0.143742	0.091552	3.523537	
0.000000	0.000000	3.746313	
0.000000	0.000000	4.486339	
0.005252	0.005992	3.424012	
0.143742	0.091552	3.523537	
0.000000	0.000000	3.746313	
0.000000	0.000000	5.524811	
0.201255	0.183183	3.408768	
0.000000	0.000000	6.935041	
0.000000	0.000000	5.524811	
0.000000	0.000000	6.935041	
0.000000	0.000000	7.419254	
