4.699301	0.000000	0.000000	
4.003849	0.192205	0.000000	
3.831140	0.000000	0.000000	
3.831140	0.000000	0.000000	
2.590335	0.650971	0.000000	
3.883373	1.025077	0.000000	
3.883373	1.025077	0.000000	
8.982058	3.441206	0.000000	
6.284464	4.015362	0.000000	
5.701445	3.855000	0.000000	
5.309308	4.210375	0.000000	
5.117455	4.389686	0.000000	
5.117455	4.389686	0.000000	
3.150491	6.029446	0.000000	
1.532020	6.387482	0.000000	
0.075726	7.623546	0.000000	
2.086731	5.215745	0.000000	
2.086731	5.215745	0.000000	
0.000000	10.102243	0.000000	
4.064689	2.119019	0.000000	
1.448377	11.832643	0.000000	
0.000000	27.246145	0.000000	
0.863240	12.632916	0.000000	
0.000000	20.626767	0.000000	
2.888095	0.000000	0.115002	
2.888095	0.000000	0.115002	
3.475813	0.000000	0.169244	
3.401209	0.000000	0.022974	
3.401209	0.000000	0.022974	
3.217347	0.945141	0.020661	
2.755382	0.604486	0.091554	
2.318418	0.231369	0.182685	
2.318418	0.231369	0.182685	
1.755068	1.594940	0.172625	
1.755068	1.594940	0.172625	
1.944659	1.764318	0.042443	
0.949866	0.655963	0.201759	
0.949866	0.655963	0.201759	
1.293215	3.588227	0.161956	
1.293215	3.588227	0.161956	
1.241680	0.013628	0.319494	
0.000000	5.253603	0.224425	
1.241680	0.013628	0.319494	
1.090139	1.269525	0.478139	
0.473499	1.120400	0.369347	
0.473499	1.120400	0.369347	
0.000000	1.591225	0.707510	
3.401209	0.000000	0.022974	
2.754419	0.132226	0.267102	
2.665116	0.229841	0.266331	
2.626894	0.182079	0.293397	
1.091872	0.246695	0.319430	
1.293274	0.178052	0.256830	
1.204621	0.127963	0.214864	
1.503226	0.078016	0.181723	
1.503226	0.078016	0.181723	
1.342087	0.027422	0.249162	
1.308065	0.001078	0.267856	
1.308065	0.001078	0.267856	
1.308065	0.001078	0.267856	
1.254803	0.000505	0.319494	
1.151878	1.520509	0.359845	
1.213965	1.367303	0.438604	
1.090139	1.269525	0.478139	
0.535190	0.175993	0.511486	
0.460963	0.277297	0.476081	
0.460963	0.277297	0.476081	
0.303302	0.448050	0.816748	
0.000000	0.732951	1.312871	
3.475813	0.000000	0.169244	
1.483983	0.105490	0.404922	
2.082109	0.224167	0.364248	
1.466936	0.312398	0.294374	
1.466936	0.312398	0.294374	
1.478879	0.204040	0.294018	
1.293274	0.178052	0.256830	
1.283175	0.328774	0.301824	
1.283175	0.328774	0.301824	
1.254803	0.000505	0.319494	
1.216100	0.000000	0.375458	
1.212340	0.179095	0.376400	
0.624661	0.992852	0.376960	
0.731250	1.406625	0.447602	
0.764787	1.839614	0.459105	
0.764787	1.839614	0.459105	
0.652564	1.858740	0.490912	
0.628142	0.149404	0.666524	
0.446338	0.580378	0.592102	
0.223842	0.316333	0.837275	
0.000000	0.732951	1.312871	
1.489167	0.000000	0.474859	
0.985312	0.051401	0.381375	
0.984817	0.139462	0.331241	
1.091872	0.246695	0.319430	
0.496276	0.110431	0.275583	
1.158782	0.236345	0.326306	
1.275310	0.249607	0.320809	
1.144549	0.242014	0.288787	
0.544339	0.375933	0.289657	
1.014316	0.172477	0.415716	
0.645454	1.092627	0.501638	
0.663492	1.276287	0.406127	
0.663492	1.276287	0.406127	
0.408891	1.367947	0.562385	
0.652564	1.858740	0.490912	
0.398257	2.021016	0.585645	
0.590327	1.372350	0.775779	
0.258518	0.716048	0.794752	
0.095715	1.108961	0.982506	
0.000000	4.512429	1.503467	
1.489167	0.000000	0.474859	
1.189032	0.067208	0.336979	
0.754516	0.074783	0.318730	
0.899323	0.042071	0.346022	
0.496276	0.110431	0.275583	
0.924309	0.158048	0.365969	
1.054779	0.000000	0.363656	
0.544339	0.375933	0.289657	
0.239328	0.334002	0.495962	
0.239328	0.334002	0.495962	
0.330725	0.459359	0.510371	
0.560902	0.263048	0.566274	
0.485865	1.330926	0.506424	
0.408891	1.367947	0.562385	
0.395668	2.007876	0.601375	
0.421811	0.425309	0.728952	
0.258518	0.716048	0.794752	
0.095715	1.108961	0.982506	
0.000000	0.759307	1.824550	
1.245861	0.000000	0.417008	
0.985312	0.051401	0.381375	
0.754516	0.074783	0.318730	
0.754199	0.000000	0.385313	
0.605007	0.040113	0.326615	
0.522146	0.088777	0.353905	
0.544339	0.375933	0.289657	
0.213680	0.319605	0.390917	
0.213680	0.319605	0.390917	
0.171317	0.575569	0.337108	
0.548316	0.274155	0.536579	
0.560902	0.263048	0.566274	
0.416799	0.509580	0.642074	
0.416799	0.509580	0.642074	
0.245171	0.768622	0.828932	
0.214592	0.869974	0.912268	
0.043826	1.300768	1.102443	
0.000000	2.345610	1.930262	
1.245861	0.000000	0.417008	
0.906691	0.028624	0.413343	
0.786959	0.044914	0.339266	
0.457462	0.098006	0.309434	
0.586925	0.020364	0.341022	
0.522146	0.088777	0.353905	
0.544339	0.375933	0.289657	
0.293274	0.330814	0.439649	
0.427560	0.232743	0.415371	
0.233517	0.515235	0.423070	
0.443579	0.535573	0.429304	
0.416799	0.509580	0.642074	
0.416799	0.509580	0.642074	
0.245171	0.768622	0.828932	
0.169714	0.844079	0.828932	
0.054272	2.269103	0.656711	
0.000000	2.032679	2.199785	
1.037969	0.000000	0.540258	
0.683145	0.021144	0.443126	
0.448545	0.060671	0.346261	
0.457462	0.098006	0.309434	
0.431812	0.074070	0.360812	
0.480184	0.130739	0.353905	
0.480184	0.130739	0.353905	
0.374608	0.370585	0.252360	
0.454883	0.301713	0.486770	
0.443579	0.535573	0.429304	
0.416373	0.570842	0.616331	
0.363748	0.638027	0.731355	
0.318879	1.078049	0.861494	
0.200481	1.519045	0.858032	
0.054272	2.269103	0.656711	
0.000000	2.032679	2.199785	
0.832613	0.000000	0.561186	
0.605007	0.040113	0.326615	
0.448545	0.060671	0.346261	
0.408654	0.136385	0.391346	
0.417179	0.125437	0.420144	
0.417179	0.125437	0.420144	
0.293274	0.330814	0.439649	
0.374608	0.370585	0.252360	
0.376486	0.457586	0.364424	
0.416373	0.570842	0.616331	
0.360657	0.332140	0.843232	
0.250203	0.887939	0.936309	
0.164026	0.773103	0.871791	
0.120940	1.150477	1.155092	
0.000000	1.284017	1.668788	
0.810470	0.000000	0.704479	
0.397031	0.049319	0.403397	
0.370112	0.071581	0.391171	
0.448829	0.094077	0.399859	
0.379265	0.116284	0.470291	
0.379265	0.116284	0.470291	
0.354777	0.110897	0.541087	
0.376486	0.457586	0.364424	
0.396711	0.322471	0.749656	
0.290874	0.524687	0.858072	
0.289517	0.240191	0.885081	
0.164026	0.773103	0.871791	
0.120940	1.150477	1.155092	
0.000000	1.817697	1.315913	
0.562765	0.000000	0.629293	
0.397031	0.049319	0.403397	
0.370112	0.071581	0.391171	
0.448829	0.094077	0.399859	
0.430390	0.204444	0.617202	
0.430390	0.204444	0.617202	
0.326692	0.166499	0.738995	
0.326692	0.166499	0.738995	
0.290874	0.524687	0.858072	
0.232046	0.694853	1.019890	
0.170101	0.214443	1.124414	
0.091339	1.405423	1.340370	
0.000000	1.779017	1.564313	
0.562765	0.000000	0.629293	
0.407980	0.013693	0.606240	
0.440879	0.050698	0.569811	
0.382145	0.150638	0.420096	
0.405957	0.183940	0.680179	
0.326692	0.166499	0.738995	
0.326692	0.166499	0.738995	
0.290874	0.524687	0.858072	
0.219999	0.526801	1.074175	
0.170101	0.214443	1.124414	
0.050255	0.895224	1.378419	
0.000000	1.284017	1.668788	
0.527597	0.000000	0.722676	
0.440879	0.050698	0.569811	
0.370192	0.077048	0.660416	
0.382145	0.150638	0.420096	
0.326692	0.166499	0.738995	
0.282499	0.248374	0.807743	
0.282499	0.248374	0.807743	
0.219999	0.526801	1.074175	
0.184612	0.488355	1.163373	
0.050255	0.895224	1.378419	
0.000000	0.815761	1.615010	
0.553662	0.000000	0.731131	
0.504924	0.000000	0.869121	
0.392089	0.134066	0.774831	
0.333621	0.173114	0.732016	
0.283478	0.216819	0.866030	
0.253497	0.228234	0.853770	
0.215882	0.298349	1.020116	
0.156761	0.445030	1.305955	
0.000246	0.682338	1.547658	
0.000000	1.007017	1.733232	
0.504924	0.000000	0.869121	
0.620412	0.067670	0.749601	
0.435489	0.135108	0.656155	
0.322240	0.175347	0.960295	
0.253497	0.228234	0.853770	
0.215882	0.298349	1.020116	
0.191425	0.278208	1.006866	
0.000246	0.682338	1.547658	
0.000000	1.007017	1.733232	
0.736733	0.000000	1.587511	
0.584102	0.101324	0.948067	
0.347038	0.153283	0.750629	
0.290261	0.198063	0.998086	
0.203055	0.294656	1.101808	
0.191425	0.278208	1.006866	
0.081765	0.671654	1.729958	
0.000000	0.861538	2.768282	
0.531107	0.000000	1.958198	
0.478802	0.044075	0.760851	
0.322240	0.175347	0.960295	
0.251129	0.221680	1.316368	
0.203055	0.294656	1.101808	
0.121094	0.632324	1.729958	
0.000000	0.937443	2.686793	
0.543845	0.000000	1.959590	
0.347123	0.031657	1.606110	
0.322240	0.175347	0.960295	
0.222630	0.261122	0.936555	
0.075341	0.506444	2.618568	
0.000000	0.760004	2.684801	
0.464073	0.000000	2.121023	
0.264488	0.026196	1.644931	
0.215782	0.000000	1.943383	
0.128563	0.338780	2.648811	
0.000000	0.000000	3.052696	
0.215782	0.000000	1.943383	
0.215782	0.000000	1.943383	
0.118619	0.251890	2.717600	
0.000000	0.000000	3.052696	
0.187957	0.000000	2.036764	
0.124849	0.058068	2.866231	
0.000000	0.000000	3.052696	
0.054055	0.000000	2.988968	
0.000000	0.000000	3.052696	
0.000000	0.000000	3.052696	
