77.444279	0.000000	0.000000	
16.464144	0.976234	0.000000	
16.464144	0.976234	0.000000	
26.903729	4.730910	0.000000	
26.903729	4.730910	0.000000	
27.071652	4.760439	0.000000	
41.286813	7.260116	0.000000	
10.286764	16.859166	0.000000	
10.286764	16.859166	0.000000	
31.050449	19.944926	0.000000	
40.408467	17.717568	0.000000	
35.332668	30.965739	0.000000	
40.408467	17.717568	0.000000	
22.799717	29.521716	0.000000	
22.079101	30.235597	0.000000	
22.079101	30.235597	0.000000	
13.848436	19.320728	0.000000	
13.848436	19.320728	0.000000	
14.879044	54.812137	0.000000	
3.785898	57.039297	0.000000	
2.686760	51.800456	0.000000	
3.785898	57.039297	0.000000	
3.552926	57.564962	0.000000	
0.000000	88.698645	0.000000	
16.546335	0.000000	0.541656	
16.545415	0.000000	0.541626	
14.865822	1.201415	0.258751	
14.865822	1.201415	0.258751	
4.992771	2.947180	0.450396	
4.959790	3.197864	0.455556	
4.959790	3.197864	0.455556	
17.046327	0.000000	1.142933	
17.046327	0.000000	1.142933	
3.890687	2.940092	1.145053	
9.160992	4.752925	1.093458	
9.160992	4.752925	1.093458	
9.077879	17.810590	0.844153	
10.122085	16.835338	0.846318	
10.122085	16.835338	0.846318	
9.077879	17.810590	0.844153	
9.077879	17.810590	0.844153	
8.519791	25.451077	0.000000	
8.519791	25.451077	0.000000	
6.182901	4.228829	2.211389	
4.856065	47.718162	1.066054	
0.000000	52.729585	1.288245	
0.000000	60.545154	0.695566	
15.943968	0.000000	1.142630	
15.943968	0.000000	1.142630	
13.621784	1.510835	1.439206	
13.626943	1.511407	1.439751	
5.218050	2.369878	0.275659	
3.873476	4.264687	1.588630	
3.873476	4.264687	1.588630	
4.458996	2.874973	1.279241	
4.284611	3.242489	1.564126	
4.308731	2.982161	1.296859	
4.308731	2.982161	1.296859	
9.731030	4.420148	0.271100	
9.731030	4.420148	0.271100	
8.425142	14.233849	1.497600	
6.182901	4.228829	2.211389	
4.613169	13.287081	2.465951	
4.613169	13.287081	2.465951	
1.727053	1.031067	2.614915	
0.454800	0.397404	3.125096	
0.454800	0.397404	3.125096	
1.419467	0.888548	4.371307	
0.000000	52.729585	1.288245	
15.943968	0.000000	1.142630	
15.943968	0.000000	1.142630	
13.621784	1.510835	1.439206	
12.731745	2.098267	1.808931	
5.218050	2.369878	0.275659	
4.538146	2.912618	1.695547	
4.284611	3.242489	1.564126	
5.843470	3.153950	0.403138	
2.862594	2.654155	1.414333	
5.678412	4.161680	1.827169	
5.678412	4.161680	1.827169	
4.645986	1.823070	3.064612	
3.351507	1.379994	2.863841	
3.351507	1.379994	2.863841	
6.020369	17.340169	3.218164	
6.020369	17.340169	3.218164	
1.419467	0.888548	4.371307	
0.671027	0.701846	5.307768	
0.705568	0.459277	5.946676	
0.705568	0.459277	5.946676	
0.000000	58.686732	0.000000	
16.545864	0.000000	0.541641	
16.646491	0.000000	1.121087	
13.626943	1.511407	1.439751	
12.586385	2.172135	1.835590	
3.798555	2.975497	1.694960	
4.538146	2.912618	1.695547	
4.518728	3.133760	1.493822	
4.518728	3.133760	1.493822	
4.518728	3.133760	1.493822	
4.713479	3.450749	1.070251	
4.713479	3.450749	1.070251	
1.696422	1.141470	2.625237	
1.696422	1.141470	2.625237	
1.291373	1.266019	3.566032	
2.711942	2.518294	4.585525	
1.752752	2.096134	4.467319	
1.752752	2.096134	4.467319	
0.905052	0.784223	6.333981	
0.761788	0.422404	6.917805	
0.000000	0.000000	10.819382	
16.646491	0.000000	1.121087	
1.005346	0.592011	3.450375	
8.452414	1.515501	0.954405	
8.452414	1.515501	0.954405	
3.798555	2.975497	1.694960	
0.679115	0.589372	3.227932	
3.572584	3.119637	1.912976	
5.843470	3.153950	0.403138	
4.384399	3.209830	1.937642	
4.713479	3.450749	1.070251	
4.473542	3.092419	0.844742	
0.448718	0.491835	3.496996	
1.132906	1.140519	4.006156	
2.711942	2.518294	4.585525	
1.707977	13.237793	7.057300	
1.709933	13.252951	7.065381	
0.692522	0.383997	6.617562	
0.861019	0.726830	6.544691	
0.000000	0.000000	10.819382	
17.336022	0.000000	1.059124	
1.005346	0.592011	3.450375	
7.349005	0.989638	2.290765	
7.349005	0.989638	2.290765	
0.679115	0.589372	3.227932	
0.679115	0.589372	3.227932	
3.572584	3.119637	1.912976	
4.384399	3.209830	1.937642	
4.592685	3.575830	1.089896	
4.473542	3.092419	0.844742	
0.448718	0.491835	3.496996	
1.132906	1.140519	4.006156	
0.606904	0.646976	4.270194	
0.606904	0.646976	4.270194	
0.710182	0.393784	6.837922	
0.710182	0.393784	6.837922	
0.861019	0.726830	6.544691	
0.000000	0.000000	10.819382	
15.731304	0.000000	0.603776	
0.878679	0.517422	3.015653	
1.356824	0.781776	2.302761	
1.473519	0.537453	3.091063	
0.679115	0.589372	3.227932	
0.931393	0.498597	3.190669	
4.025680	2.441392	2.345199	
0.730647	0.691014	2.939402	
0.748711	0.598403	2.748205	
0.448718	0.491835	3.496996	
1.132906	1.140519	4.006156	
0.649238	0.640956	3.633115	
2.712267	1.171059	6.053737	
1.969037	1.006249	4.610927	
1.228028	9.517917	4.934540	
0.790427	0.449405	6.836407	
0.000000	0.000000	10.819382	
15.731304	0.000000	0.603776	
0.878679	0.517422	3.015653	
1.356824	0.781776	2.302761	
1.473519	0.537453	3.091063	
0.931393	0.498597	3.190669	
0.814936	0.509359	3.060954	
0.730647	0.691014	2.939402	
0.569284	0.505745	2.632676	
0.748711	0.598403	2.748205	
0.332691	0.265901	3.283984	
0.259153	0.229487	3.429871	
0.649238	0.640956	3.633115	
1.969037	1.006249	4.610927	
1.379045	1.771711	6.418186	
0.790427	0.449405	6.836407	
0.000000	0.000000	12.273854	
0.000000	0.000000	9.308625	
0.523163	0.341106	3.493769	
0.878679	0.517422	3.015653	
0.937961	0.564278	3.033849	
0.773876	0.493243	2.915253	
0.773876	0.493243	2.915253	
0.510565	0.464439	2.987829	
0.569284	0.505745	2.632676	
0.332691	0.265901	3.283984	
0.284383	0.316960	3.189824	
0.414452	0.423681	2.906019	
1.081254	0.945133	3.560083	
0.312186	0.316262	4.645798	
0.312186	0.316262	4.645798	
0.000000	0.000000	12.273854	
0.000000	0.000000	5.361021	
0.413648	0.301988	3.407577	
0.878679	0.517422	3.015653	
0.937961	0.564278	3.033849	
1.201434	0.543667	2.951449	
0.804639	0.441792	2.831764	
0.804639	0.441792	2.831764	
0.554826	0.461747	2.775268	
0.554826	0.461747	2.775268	
0.414452	0.423681	2.906019	
0.284383	0.316960	3.189824	
0.738034	0.720788	6.264295	
0.312186	0.316262	4.645798	
0.000000	12.567761	19.795454	
0.000000	0.000000	4.862800	
0.413648	0.301988	3.407577	
0.195885	0.148902	3.081650	
1.201434	0.543667	2.951449	
0.864828	0.462171	2.765330	
0.810238	0.444866	2.851468	
0.444300	0.379638	2.959271	
0.368379	0.295338	3.116878	
0.454800	0.397404	3.125096	
0.358321	0.360397	3.257845	
0.266035	0.291164	3.308983	
0.404790	0.392841	4.102668	
0.000000	12.567761	19.795454	
0.000000	0.000000	4.862800	
0.263982	0.175859	3.200525	
0.195885	0.148902	3.081650	
0.810238	0.444866	2.851468	
0.864828	0.462171	2.765330	
0.644218	0.457754	2.893069	
0.444300	0.379638	2.959271	
0.447751	0.347532	2.983515	
0.348568	0.397123	3.278953	
0.358321	0.360397	3.257845	
0.266035	0.291164	3.308983	
0.000000	12.567761	19.795454	
0.000000	0.000000	9.308625	
0.263982	0.175859	3.200525	
0.415381	0.318631	3.081230	
0.571128	0.500056	3.029132	
0.368379	0.295338	3.116878	
0.444300	0.379638	2.959271	
0.444300	0.379638	2.959271	
0.232913	0.180363	3.037882	
0.266035	0.291164	3.308983	
0.258916	0.283501	3.340000	
0.000000	12.372741	20.756018	
0.000000	0.000000	9.327381	
0.325006	0.210186	3.240944	
0.453904	0.397083	2.997104	
0.862434	0.459655	2.665547	
0.783191	0.716787	2.975342	
0.232913	0.180363	3.037882	
0.647426	1.251888	3.052623	
0.406181	0.395175	3.204361	
0.308115	0.353396	3.579143	
0.000000	12.372741	20.756018	
0.000000	0.000000	4.505460	
0.325006	0.210186	3.240944	
0.453904	0.397083	2.997104	
0.862434	0.459655	2.665547	
0.783191	0.716787	2.975342	
0.380995	0.483543	3.372959	
0.369443	0.402094	3.136803	
0.308115	0.353396	3.579143	
0.000000	0.000000	37.452475	
0.000000	0.000000	4.505460	
0.308030	0.207834	3.316705	
0.467365	0.329891	3.060762	
0.586058	0.485484	2.853908	
0.450074	0.290819	3.135323	
0.406181	0.395175	3.204361	
0.268649	0.358021	5.059821	
0.000000	0.000000	30.100682	
0.000000	0.000000	4.333924	
0.213582	0.203030	3.438458	
0.415381	0.318631	3.081230	
0.450074	0.290819	3.135323	
0.358585	0.481824	3.305700	
0.268649	0.358021	5.059821	
0.000000	0.000000	28.304438	
0.000000	0.000000	6.738242	
0.308030	0.207834	3.316705	
0.348405	0.344982	3.111935	
0.358585	0.481824	3.305700	
0.201255	0.183183	3.408768	
0.000000	0.000000	4.096630	
0.000000	0.000000	6.738242	
0.390182	0.217725	4.375714	
0.348405	0.344982	3.111935	
0.201255	0.183183	3.408768	
0.000000	0.000000	4.096630	
0.000000	0.000000	6.749134	
0.390182	0.217725	4.375714	
0.205768	0.108866	4.592720	
0.000000	0.000000	8.111235	
0.000000	0.000000	6.749134	
0.205768	0.108866	4.592720	
0.000000	0.000000	8.111235	
0.000000	0.000000	8.111146	
0.000000	0.000000	8.111235	
0.000000	0.000000	8.111146	
