0.607484	0.000000	0.000000	
0.607484	0.000000	0.000000	
0.599417	0.056134	0.000000	
0.521844	0.085523	0.000000	
0.521844	0.085523	0.000000	
0.593126	0.075950	0.000000	
0.426521	0.132135	0.000000	
0.426521	0.132135	0.000000	
0.396364	0.208452	0.000000	
0.316473	0.223727	0.000000	
0.316473	0.223727	0.000000	
0.275371	0.318559	0.000000	
0.275371	0.318559	0.000000	
0.231458	0.351951	0.000000	
0.199108	0.348436	0.000000	
0.164693	0.371818	0.000000	
0.149599	0.377179	0.000000	
0.141208	0.401789	0.000000	
0.118497	0.427338	0.000000	
0.059171	0.485953	0.000000	
0.059171	0.485953	0.000000	
0.000000	0.560462	0.000000	
0.000000	0.625080	0.000000	
0.000000	0.646265	0.000000	
0.619241	0.000000	0.021802	
0.619241	0.000000	0.021802	
0.486691	0.050823	0.025747	
0.574561	0.058574	0.016178	
0.521083	0.094669	0.000000	
0.429815	0.118464	0.014825	
0.423726	0.135838	0.009715	
0.384103	0.166704	0.017747	
0.350606	0.180276	0.017105	
0.310734	0.209904	0.021302	
0.310734	0.209904	0.021302	
0.298159	0.262537	0.028236	
0.244764	0.281106	0.023354	
0.216161	0.318853	0.015207	
0.190722	0.338588	0.019587	
0.164693	0.371818	0.000000	
0.132742	0.384372	0.015573	
0.091874	0.420660	0.013225	
0.091874	0.420660	0.013225	
0.071488	0.452881	0.021241	
0.026821	0.520013	0.008726	
0.000000	0.530680	0.015497	
0.000000	0.530680	0.015497	
0.531014	0.000000	0.039787	
0.473284	0.011206	0.052809	
0.486691	0.050823	0.025747	
0.462018	0.044129	0.051867	
0.462018	0.044129	0.051867	
0.403165	0.115559	0.048995	
0.384592	0.151481	0.028901	
0.344179	0.165329	0.047627	
0.319054	0.174814	0.041623	
0.302790	0.195384	0.050257	
0.250710	0.245326	0.039329	
0.244764	0.281106	0.023354	
0.212537	0.285292	0.048643	
0.181325	0.313352	0.047341	
0.174876	0.315774	0.049137	
0.146439	0.356409	0.046132	
0.109272	0.395174	0.039255	
0.100054	0.412510	0.028545	
0.069476	0.440133	0.041839	
0.044814	0.472328	0.028800	
0.013943	0.495051	0.040082	
0.000000	0.589611	0.042788	
0.461268	0.000000	0.063581	
0.467075	0.000000	0.061492	
0.454115	0.025188	0.064038	
0.409831	0.056933	0.060704	
0.393838	0.082676	0.061972	
0.382392	0.129739	0.063900	
0.346325	0.142671	0.063596	
0.297966	0.163689	0.071991	
0.266830	0.190884	0.067164	
0.266830	0.190884	0.067164	
0.244360	0.246840	0.062567	
0.206220	0.254996	0.071070	
0.199486	0.291091	0.075664	
0.174876	0.315774	0.049137	
0.146228	0.343207	0.070162	
0.109272	0.395174	0.039255	
0.081500	0.395751	0.077051	
0.069114	0.437842	0.068893	
0.012763	0.453135	0.066171	
0.012763	0.453135	0.066171	
0.000000	0.485809	0.080969	
0.467075	0.000000	0.061492	
0.454115	0.025188	0.064038	
0.434170	0.050991	0.077980	
0.409831	0.056933	0.060704	
0.377663	0.089564	0.089539	
0.352103	0.116273	0.087316	
0.336755	0.154946	0.076677	
0.301976	0.169311	0.058365	
0.255897	0.201387	0.078736	
0.253859	0.227331	0.088883	
0.186468	0.238659	0.097111	
0.185129	0.265210	0.082361	
0.181325	0.313352	0.047341	
0.146228	0.343207	0.070162	
0.124981	0.350064	0.090865	
0.092923	0.373810	0.093825	
0.078398	0.416642	0.058253	
0.021628	0.437425	0.088847	
0.021628	0.437425	0.088847	
0.000000	0.472854	0.088094	
0.470358	0.000000	0.090960	
0.425479	0.016613	0.119344	
0.415814	0.040163	0.129159	
0.356043	0.061382	0.122151	
0.325817	0.097964	0.113442	
0.306577	0.113221	0.111062	
0.295056	0.142736	0.109739	
0.236918	0.152499	0.120401	
0.218940	0.204934	0.125105	
0.186468	0.238659	0.097111	
0.176115	0.250706	0.127102	
0.169664	0.251338	0.117494	
0.154472	0.272416	0.112989	
0.094819	0.311567	0.116819	
0.103491	0.361527	0.098858	
0.078873	0.384002	0.125062	
0.002080	0.407742	0.125430	
0.012986	0.414529	0.106945	
0.000000	0.472854	0.088094	
0.470358	0.000000	0.090960	
0.425479	0.016613	0.119344	
0.351312	0.052727	0.131851	
0.344092	0.067334	0.131244	
0.322226	0.087403	0.114193	
0.306577	0.113221	0.111062	
0.236918	0.152499	0.120401	
0.242519	0.174598	0.127428	
0.218940	0.204934	0.125105	
0.207279	0.223681	0.150592	
0.171405	0.244362	0.134777	
0.107304	0.264781	0.145357	
0.116706	0.270297	0.130026	
0.094819	0.311567	0.116819	
0.041862	0.373840	0.155187	
0.041862	0.373840	0.155187	
0.012527	0.400432	0.148055	
0.000000	0.410012	0.133477	
0.494898	0.000000	0.194839	
0.425479	0.016613	0.119344	
0.346270	0.045382	0.170191	
0.302329	0.050975	0.164039	
0.286697	0.088251	0.159863	
0.286697	0.088251	0.159863	
0.236918	0.152499	0.120401	
0.210969	0.136433	0.181649	
0.193979	0.196507	0.165818	
0.176554	0.222324	0.163600	
0.140997	0.220869	0.179055	
0.107304	0.264781	0.145357	
0.073878	0.288410	0.156542	
0.069834	0.284056	0.163823	
0.043064	0.362861	0.170519	
0.025015	0.386736	0.165600	
0.000000	0.389458	0.160471	
0.494898	0.000000	0.194839	
0.406078	0.018057	0.231782	
0.319199	0.049316	0.185661	
0.299282	0.069189	0.182069	
0.282003	0.058511	0.203460	
0.242936	0.079332	0.209972	
0.225282	0.103372	0.210959	
0.175789	0.179713	0.191896	
0.175789	0.179713	0.191896	
0.140997	0.220869	0.179055	
0.125033	0.272050	0.140120	
0.086879	0.273405	0.183310	
0.073878	0.288410	0.156542	
0.047248	0.341603	0.199752	
0.022206	0.343303	0.203284	
0.000000	0.389458	0.160471	
0.453570	0.000000	0.289566	
0.344814	0.006845	0.241039	
0.302329	0.050975	0.164039	
0.268769	0.075450	0.226307	
0.222526	0.096831	0.201846	
0.222526	0.096831	0.201846	
0.167115	0.156803	0.226468	
0.179631	0.180155	0.226958	
0.147115	0.186525	0.201816	
0.129813	0.174572	0.242346	
0.100695	0.272106	0.214883	
0.085010	0.288319	0.168413	
0.035178	0.319025	0.232516	
0.016671	0.334423	0.227984	
0.000000	0.377969	0.220577	
0.342578	0.000000	0.297232	
0.310776	0.024517	0.253716	
0.235606	0.045973	0.242063	
0.235606	0.045973	0.242063	
0.225282	0.103372	0.210959	
0.178395	0.105910	0.245264	
0.167115	0.156803	0.226468	
0.135951	0.164742	0.262620	
0.106438	0.200520	0.248408	
0.107894	0.186191	0.260255	
0.041006	0.283673	0.263978	
0.041006	0.283673	0.263978	
0.023142	0.313528	0.249148	
0.000000	0.356923	0.267800	
0.342578	0.000000	0.297232	
0.299423	0.020976	0.260774	
0.266842	0.052405	0.248707	
0.221733	0.057930	0.265269	
0.148072	0.095354	0.287966	
0.184896	0.128405	0.283353	
0.155310	0.161152	0.264465	
0.096135	0.185717	0.290673	
0.096135	0.185717	0.290673	
0.069222	0.236992	0.288813	
0.000000	0.250137	0.291364	
0.000000	0.250137	0.291364	
0.000000	0.250137	0.291364	
0.331407	0.000000	0.274073	
0.258124	0.013522	0.325552	
0.219881	0.027823	0.321601	
0.162553	0.055651	0.314400	
0.159036	0.083776	0.301918	
0.130886	0.117328	0.295594	
0.095623	0.149259	0.303804	
0.095623	0.149259	0.303804	
0.080042	0.180874	0.314039	
0.054547	0.242801	0.335461	
0.005113	0.262260	0.295153	
0.000000	0.250137	0.291364	
0.305331	0.000000	0.379910	
0.215833	0.009132	0.350803	
0.208657	0.040802	0.331837	
0.162553	0.055651	0.314400	
0.116092	0.093977	0.314329	
0.094195	0.115874	0.314329	
0.086803	0.143086	0.308245	
0.078419	0.151633	0.331452	
0.012172	0.194443	0.353812	
0.005113	0.262260	0.295153	
0.000000	0.322462	0.378925	
0.270823	0.000000	0.440214	
0.215833	0.009132	0.350803	
0.158887	0.050534	0.341898	
0.134215	0.078830	0.344521	
0.116092	0.093977	0.314329	
0.094195	0.115874	0.314329	
0.075528	0.162351	0.347522	
0.019222	0.172509	0.352040	
0.019222	0.172509	0.352040	
0.000000	0.238203	0.462688	
0.246313	0.000000	0.459350	
0.173475	0.025848	0.401147	
0.145014	0.050781	0.384489	
0.134215	0.078830	0.344521	
0.103149	0.087368	0.329030	
0.075632	0.081226	0.400296	
0.045171	0.159594	0.415130	
0.022176	0.161037	0.367663	
0.000000	0.238203	0.462688	
0.196614	0.000000	0.479783	
0.142611	0.018502	0.445745	
0.142611	0.018502	0.445745	
0.102652	0.068693	0.442801	
0.075632	0.081226	0.400296	
0.013799	0.128935	0.420571	
0.008790	0.153615	0.415141	
0.000000	0.198081	0.393533	
0.169713	0.000000	0.526145	
0.132303	0.010969	0.472791	
0.101371	0.032460	0.483418	
0.027723	0.066086	0.456347	
0.027723	0.066086	0.456347	
0.013799	0.128935	0.420571	
0.000000	0.133158	0.499011	
0.132927	0.000000	0.578143	
0.102407	0.025867	0.498204	
0.078826	0.048360	0.464083	
0.049036	0.039911	0.506301	
0.017633	0.115098	0.530616	
0.000000	0.133158	0.499011	
0.126184	0.000000	0.585946	
0.075989	0.024925	0.484525	
0.049036	0.039911	0.506301	
0.020594	0.017078	0.558011	
0.000000	0.000000	0.630412	
0.000000	0.000000	0.652357	
0.038270	0.013026	0.554739	
0.028248	0.052557	0.558062	
0.000000	0.000000	0.630412	
0.000000	0.000000	0.650694	
0.000000	0.000000	0.649088	
0.000000	0.000000	0.630412	
0.000000	0.000000	0.625912	
0.000000	0.000000	0.649088	
0.000000	0.000000	0.625912	
