15.229009	0.000000	0.000000	
15.229009	0.000000	0.000000	
15.221754	0.000000	0.000000	
15.170889	0.000000	0.000000	
15.170889	0.000000	0.000000	
15.103308	0.000000	0.000000	
15.103308	0.000000	0.000000	
12.012886	0.373580	0.000000	
4.102796	5.920072	0.000000	
8.087938	4.770431	0.000000	
4.102796	5.920072	0.000000	
5.565538	6.378291	0.000000	
5.565538	6.378291	0.000000	
7.312499	9.451664	0.000000	
7.669163	11.439241	0.000000	
3.561941	23.430750	0.000000	
3.561941	23.430750	0.000000	
5.076512	7.114358	0.000000	
5.076512	7.114358	0.000000	
4.064689	2.119019	0.000000	
0.000000	40.892193	0.000000	
0.000000	40.892193	0.000000	
1.748283	54.647199	0.000000	
0.000000	88.698645	0.000000	
15.319939	0.000000	0.000000	
2.218776	0.196615	0.477956	
2.218776	0.196615	0.477956	
4.391428	1.644724	0.379632	
4.379838	1.640383	0.378630	
4.379838	1.640383	0.378630	
4.959790	3.197864	0.455556	
4.247661	1.590879	0.367204	
4.247661	1.590879	0.367204	
4.293567	1.608072	0.304104	
4.095655	4.034559	0.356553	
4.095655	4.034559	0.356553	
4.359044	4.021956	0.205953	
3.350319	5.300303	0.012205	
1.805559	3.173257	0.724895	
1.763491	3.344756	0.743740	
0.577932	2.104312	0.793984	
4.064689	2.119019	0.000000	
0.966933	0.764703	0.665104	
0.966933	0.764703	0.665104	
0.294519	0.913383	0.817762	
0.736538	0.440353	1.078522	
0.000000	2.005082	2.348679	
1.242227	0.000000	0.725192	
2.540490	0.225124	0.547258	
2.540490	0.225124	0.547258	
1.097881	0.000000	0.906434	
1.097881	0.000000	0.906434	
4.116647	2.319545	1.036066	
3.631537	2.800580	0.929634	
4.293567	1.608072	0.304104	
4.293567	1.608072	0.304104	
4.293567	1.608072	0.304104	
3.674884	3.356395	0.472909	
4.095655	4.034559	0.356553	
1.805559	3.173257	0.724895	
0.813421	1.868823	0.793984	
0.577932	2.104312	0.793984	
0.813421	1.868823	0.793984	
0.902835	0.498738	1.178568	
0.902835	0.498738	1.178568	
1.100785	1.004548	0.927070	
1.100785	1.004548	0.927070	
0.154611	1.113590	1.131787	
0.000000	2.005082	2.348679	
1.242227	0.000000	0.725192	
1.233108	0.000000	0.734311	
1.233108	0.000000	0.734311	
1.162969	0.020390	1.071049	
1.524543	0.708313	1.018662	
0.841672	0.301039	0.877756	
2.225627	2.071177	1.167882	
0.841672	0.301039	0.877756	
0.841672	0.301039	0.877756	
3.668357	2.942425	0.960981	
3.668357	2.942425	0.960981	
2.982771	0.853379	1.125195	
2.116639	0.425133	1.160155	
2.143572	0.398200	1.160155	
2.116639	0.425133	1.160155	
0.902835	0.498738	1.178568	
1.106113	0.062970	0.816070	
0.282742	5.639119	0.376708	
0.745239	1.504810	1.204907	
0.154611	1.113590	1.131787	
0.000000	2.005082	2.348679	
1.290101	0.000000	1.765515	
1.162969	0.020390	1.071049	
1.588121	0.375690	1.206651	
1.205717	0.018826	1.125548	
1.205717	0.018826	1.125548	
0.841672	0.301039	0.877756	
1.052255	0.948129	1.155664	
2.932007	1.280558	0.379355	
2.932007	1.280558	0.379355	
2.565192	1.120351	0.331895	
2.565192	1.120351	0.331895	
1.491011	0.196412	1.092078	
1.491011	0.196412	1.092078	
1.362620	0.455880	1.184758	
0.769791	1.544296	1.140869	
0.975183	0.559647	1.061984	
0.738492	3.975303	0.958129	
0.282742	5.639119	0.376708	
0.010473	1.829113	1.349428	
0.000000	2.005082	2.348679	
1.290101	0.000000	1.765515	
1.878060	0.014548	1.281386	
1.205717	0.018826	1.125548	
1.205717	0.018826	1.125548	
1.205717	0.018826	1.125548	
1.036837	0.351687	1.044768	
1.205717	0.018826	1.125548	
1.052255	0.948129	1.155664	
1.273577	0.000000	1.143786	
1.644646	0.157102	1.194451	
1.036977	0.511342	1.044337	
1.341792	0.407144	1.141509	
0.912538	0.619395	1.146059	
1.057277	0.629835	1.307370	
0.782773	0.347763	0.733192	
0.759009	1.844873	0.666252	
0.539244	2.655574	1.449400	
0.010473	1.829113	1.349428	
0.000000	2.078534	2.536021	
4.942787	0.000000	2.943409	
1.878060	0.014548	1.281386	
2.888621	0.000000	0.958710	
0.877155	0.093507	1.125232	
0.858880	0.006653	1.116604	
0.974832	0.042070	0.874911	
0.885886	0.779944	1.074478	
1.273577	0.000000	1.143786	
1.155691	0.347329	1.120311	
1.609885	0.000000	1.224515	
1.036977	0.511342	1.044337	
0.912538	0.619395	1.146059	
0.991052	0.572237	1.050634	
0.769791	1.544296	1.140869	
0.759009	1.844873	0.666252	
0.639646	1.567924	2.069580	
0.367276	0.706938	2.163617	
0.000000	6.528434	2.161091	
0.000000	0.000000	3.404453	
1.031935	0.080191	0.929301	
1.238546	0.119551	0.919713	
0.794321	0.000000	0.756306	
0.974832	0.042070	0.874911	
1.230567	0.000000	0.778804	
1.230567	0.000000	0.778804	
0.885886	0.779944	1.074478	
1.155691	0.347329	1.120311	
0.820631	1.277545	1.213102	
0.788181	0.987447	0.992087	
0.805070	1.485241	1.085332	
0.782773	0.347763	0.733192	
0.452943	3.085371	1.180739	
0.556334	1.116927	2.177397	
0.295688	0.976412	2.325801	
0.000000	4.131229	2.672913	
2.888621	0.000000	0.958710	
1.366915	0.106222	0.885436	
1.366915	0.106222	0.885436	
0.794321	0.000000	0.756306	
1.083537	0.000000	0.730221	
1.052959	0.081825	0.799921	
1.069683	0.000000	0.898803	
0.945877	0.075741	0.992246	
0.945877	0.075741	0.992246	
0.788181	0.987447	0.992087	
0.717648	0.883176	1.262113	
0.827561	0.457403	0.895445	
0.469308	1.294391	2.000186	
0.452943	3.085371	1.180739	
0.275641	2.190652	2.408434	
0.000000	4.131229	2.672913	
2.342007	0.000000	1.265869	
1.359514	0.000000	0.801236	
1.052959	0.081825	0.799921	
1.052959	0.081825	0.799921	
0.987185	0.041413	0.784980	
1.049324	0.000739	1.021425	
0.879808	0.033869	0.988630	
0.644685	0.300877	1.083500	
0.798843	0.951086	1.017785	
0.669602	0.722136	1.304696	
0.554810	0.620109	1.359955	
0.558999	1.852944	1.238850	
0.356457	2.423784	2.033767	
0.233090	0.837353	2.285491	
0.000000	4.021881	2.511212	
1.359514	0.000000	0.801236	
1.106971	0.041402	0.789233	
0.908050	0.016669	0.891338	
0.908050	0.016669	0.891338	
0.964864	0.376276	1.033744	
0.856913	0.066283	1.193733	
0.879808	0.033869	0.988630	
0.669602	0.722136	1.304696	
0.654944	0.779764	1.332382	
0.502686	0.923524	1.509854	
0.460029	1.112242	1.591998	
0.356457	2.423784	2.033767	
0.185546	2.044580	2.080790	
0.000000	4.021881	2.511212	
1.669495	0.000000	1.248592	
1.106971	0.041402	0.789233	
1.041858	0.199668	1.069861	
0.944845	0.180756	1.128734	
0.667973	0.175711	0.913104	
0.856913	0.066283	1.193733	
0.929387	0.725176	1.431558	
0.654944	0.779764	1.332382	
0.654944	0.779764	1.332382	
0.460029	1.112242	1.591998	
0.185546	2.044580	2.080790	
0.185546	2.044580	2.080790	
0.000000	0.000000	3.100571	
1.867621	0.000000	1.266043	
1.232138	0.079631	0.719518	
0.942487	0.226584	1.323730	
0.876445	0.297643	0.992792	
0.667973	0.175711	0.913104	
0.719406	0.142588	0.629627	
0.739742	0.151544	0.640777	
0.654944	0.779764	1.332382	
0.400854	1.284998	2.117251	
0.341980	1.630798	2.096902	
0.185546	2.044580	2.080790	
0.000000	0.000000	3.100571	
1.902290	0.000000	1.171555	
1.258505	0.139432	1.125205	
0.898616	0.239808	1.366280	
0.804629	0.334587	1.327972	
0.719406	0.142588	0.629627	
0.739742	0.151544	0.640777	
0.448440	0.843850	2.118658	
0.387023	0.889680	2.157693	
0.254877	1.107719	2.211188	
0.133339	0.245140	2.759307	
0.000000	0.000000	3.100571	
1.837629	0.000000	2.628996	
1.078459	0.044368	1.388692	
0.815102	0.198872	0.651850	
0.721291	0.220863	1.388609	
0.716382	0.120440	0.671459	
0.367015	0.739590	2.212566	
0.453302	0.675430	2.149014	
0.227390	1.001000	2.374431	
0.147646	1.172521	2.509406	
0.000000	1.561021	2.292976	
0.892902	0.000000	3.009473	
1.127664	0.119684	2.629052	
0.721291	0.220863	1.388609	
0.716382	0.120440	0.671459	
0.582819	0.488671	2.234456	
0.367015	0.739590	2.212566	
0.300017	0.846339	2.408970	
0.147646	1.172521	2.509406	
0.000000	1.561021	2.292976	
1.047578	0.000000	2.738058	
0.779069	0.111104	2.567164	
0.699999	0.236394	2.211165	
0.574591	0.221144	2.308587	
0.302641	0.595886	2.308171	
0.302641	0.595886	2.308171	
0.133339	0.245140	2.759307	
0.000000	0.000000	3.078797	
1.047578	0.000000	2.738058	
0.619116	0.129407	2.398045	
0.574591	0.221144	2.308587	
0.397069	0.435610	2.424950	
0.243686	0.468888	2.426398	
0.149152	0.117023	2.855547	
0.000000	0.000000	3.078797	
0.806575	0.000000	3.082648	
0.445977	0.116281	2.654895	
0.380633	0.183009	2.565305	
0.230410	0.312656	2.623445	
0.154585	0.108414	2.821471	
0.000000	0.000000	3.056798	
0.000000	0.000000	3.098904	
0.315970	0.115277	2.716095	
0.272632	0.135623	2.731751	
0.146056	0.124903	2.906870	
0.000000	0.000000	3.056798	
0.000000	0.000000	3.090965	
0.196880	0.078813	2.785216	
0.143928	0.121423	2.846704	
0.000000	0.000000	3.074585	
0.000000	0.000000	3.074585	
0.055417	0.074763	2.923357	
0.000000	0.000000	3.066232	
0.000000	0.000000	3.052696	
0.000000	0.000000	3.066232	
0.000000	0.000000	3.052696	
