44.118401	0.000000	0.000000	
4.463135	4.797814	4.817685	
44.118401	0.000000	0.000000	
4.946846	4.704083	5.020558	
44.118401	0.000000	0.000000	
4.825580	4.902657	5.060775	
44.118401	0.000000	0.000000	
4.825580	4.902657	5.060775	
51.366025	0.000000	0.000000	
4.834766	4.993639	5.088552	
51.366025	0.000000	0.000000	
4.647830	5.122569	5.060599	
41.193468	0.000000	2.195469	
4.644842	4.719032	5.172440	
41.193468	0.000000	2.195469	
4.644842	4.719032	5.172440	
42.317665	0.000000	0.686619	
4.995343	5.075131	5.280269	
41.653507	0.000000	8.050305	
4.995343	5.075131	5.280269	
18.878767	0.000000	10.782382	
3.328332	5.959839	5.372609	
0.000000	44.049531	4.819821	
3.328332	5.959839	5.372609	
10.309714	2.115669	5.979425	
4.590491	6.123294	5.525056	
11.530436	5.181877	0.000000	
6.055319	6.105206	8.015843	
5.784376	9.809341	2.972152	
9.506266	5.017593	6.894696	
9.506266	5.017593	6.894696	
8.350057	4.658558	9.844641	
0.000000	39.535628	8.924448	
4.691679	6.258269	5.646844	
10.239363	2.101233	6.035952	
4.590491	6.123294	5.525056	
10.239363	2.101233	6.035952	
7.928471	4.184156	6.917982	
9.417957	9.289228	6.161748	
7.739684	3.761837	7.025029	
0.230148	31.412054	13.578005	
7.928471	4.184156	6.917982	
33.562074	0.000000	13.268980	
4.650657	5.125685	5.063677	
10.376618	3.091013	6.487794	
7.238281	8.726080	9.927327	
5.040665	5.519707	5.845201	
5.469625	6.371221	4.856271	
0.000000	26.784194	19.728137	
5.258833	5.607718	5.256447	
25.013134	0.000000	21.504711	
5.647086	7.021231	5.605937	
8.011948	2.674675	10.133146	
4.920871	4.950949	5.135469	
5.027351	9.746118	10.328394	
4.991820	4.892832	5.145635	
0.000000	26.784194	19.728137	
5.478895	5.289742	5.793614	
6.108858	1.922716	13.861981	
4.961667	4.691835	5.067293	
4.414657	6.451466	9.897048	
4.991820	4.892832	5.145635	
0.000000	29.737898	17.267490	
4.861709	4.891426	5.073727	
6.767128	2.348486	17.288206	
4.825580	4.902657	5.060775	
0.374419	13.908187	32.504508	
5.064324	6.755344	5.433740	
14.150623	0.000000	39.123092	
6.051439	4.443028	6.147163	
5.027351	9.746118	10.328394	
4.936339	5.263829	5.222976	
0.000000	0.000000	44.992613	
4.837994	4.915269	5.073794	
0.000000	0.000000	44.992613	
7.126392	3.791861	7.395898	
0.000000	0.000000	44.992613	
7.469623	3.942613	5.417561	
4.650657	5.125685	5.063677	
4.830519	4.907675	5.065955	
4.826355	4.984951	5.110920	
4.961667	4.691835	5.067293	
4.825580	4.902657	5.060775	
5.258833	5.607718	5.256447	
5.040665	5.519707	5.845201	
5.204224	5.549486	5.506416	
5.028412	4.928697	5.179837	
4.780593	5.175044	5.179072	
4.830519	4.907675	5.065955	
4.946846	4.704083	5.020558	
4.463135	4.797814	4.817685	
