0.500007	0.000000	0.000000	
0.166666	0.166623	0.166711	
0.500007	0.000000	0.000000	
0.166666	0.166623	0.166711	
0.500007	0.000000	0.000000	
0.166666	0.166623	0.166711	
0.500007	0.000000	0.000000	
0.166666	0.166623	0.166711	
0.500007	0.000000	0.000000	
0.166666	0.166623	0.166711	
0.500007	0.000000	0.000000	
0.166666	0.166623	0.166711	
0.456178	0.000000	0.044377	
0.166666	0.166623	0.166711	
0.444918	0.000000	0.055344	
0.166666	0.166623	0.166711	
0.429364	0.000000	0.071164	
0.166666	0.166623	0.166711	
0.400086	0.000000	0.100170	
0.166666	0.166623	0.166711	
0.333294	0.000000	0.166713	
0.166666	0.166623	0.166711	
0.000000	0.459906	0.044749	
0.166666	0.166623	0.166711	
0.368426	0.043328	0.089433	
0.166666	0.166623	0.166711	
0.273501	0.136281	0.090320	
0.166666	0.166623	0.166711	
0.180115	0.229695	0.090889	
0.166666	0.166623	0.166711	
0.092568	0.317621	0.090140	
0.166666	0.166623	0.166711	
0.000000	0.409321	0.090781	
0.166666	0.166623	0.166711	
0.317993	0.043521	0.138741	
0.166666	0.166623	0.166711	
0.224259	0.137300	0.138758	
0.166666	0.166623	0.166711	
0.136299	0.224735	0.139029	
0.166666	0.166623	0.166711	
0.036769	0.325025	0.139321	
0.166666	0.166623	0.166711	
0.318247	0.000000	0.181770	
0.166666	0.166623	0.166711	
0.228958	0.091563	0.179816	
0.166666	0.166623	0.166711	
0.136764	0.181549	0.182153	
0.166666	0.166623	0.166711	
0.041555	0.274269	0.184222	
0.166666	0.166623	0.166711	
0.272480	0.000000	0.227683	
0.166666	0.166623	0.166711	
0.181947	0.090691	0.227815	
0.166666	0.166623	0.166711	
0.088975	0.183859	0.227348	
0.166666	0.166623	0.166711	
0.000000	0.272962	0.227455	
0.166666	0.166623	0.166711	
0.181595	0.045565	0.273076	
0.166666	0.166623	0.166711	
0.089265	0.137905	0.273048	
0.166666	0.166623	0.166711	
0.000000	0.227194	0.272991	
0.166666	0.166623	0.166711	
0.134845	0.044972	0.320721	
0.166666	0.166623	0.166711	
0.044910	0.134802	0.320534	
0.166666	0.166623	0.166711	
0.136297	0.000000	0.364094	
0.166666	0.166623	0.166711	
0.043170	0.091041	0.366937	
0.166666	0.166623	0.166711	
0.089932	0.000000	0.410770	
0.166666	0.166623	0.166711	
0.000000	0.090085	0.410380	
0.166666	0.166623	0.166711	
0.000000	0.043882	0.457066	
0.166666	0.166623	0.166711	
0.166666	0.166623	0.166711	
0.166666	0.166623	0.166711	
0.166666	0.166623	0.166711	
0.166666	0.166623	0.166711	
0.166666	0.166623	0.166711	
0.166666	0.166623	0.166711	
0.166666	0.166623	0.166711	
0.166666	0.166623	0.166711	
0.166666	0.166623	0.166711	
0.166666	0.166623	0.166711	
0.166666	0.166623	0.166711	
0.166666	0.166623	0.166711	
0.166666	0.166623	0.166711	
