0.569819	0.000000	0.000000	
0.167396	0.167274	0.167344	
0.569819	0.000000	0.000000	
0.167388	0.167398	0.167411	
0.567294	0.000000	0.000000	
0.167449	0.167328	0.167398	
0.569914	0.000000	0.000000	
0.167455	0.167333	0.167404	
0.632767	0.000000	0.000000	
0.167384	0.167394	0.167455	
0.650139	0.000000	0.000000	
0.167466	0.167410	0.167457	
0.532265	0.000000	0.048575	
0.167466	0.167410	0.167457	
0.453044	0.000000	0.056360	
0.167467	0.167346	0.167214	
0.453044	0.000000	0.056360	
0.167376	0.167434	0.167471	
0.458005	0.000000	0.118247	
0.167502	0.167450	0.167453	
0.325591	0.000000	0.186474	
0.167866	0.167409	0.167639	
0.000000	0.540309	0.000000	
0.167866	0.167409	0.167639	
0.427852	0.046751	0.053500	
0.167871	0.168014	0.167123	
0.307898	0.100642	0.103757	
0.168084	0.166927	0.167627	
0.191447	0.244827	0.088274	
0.168084	0.166927	0.167627	
0.106225	0.316848	0.082276	
0.168236	0.167285	0.167879	
0.000000	0.447006	0.100665	
0.168236	0.167285	0.167879	
0.357949	0.049617	0.142228	
0.167543	0.167826	0.167791	
0.232405	0.138040	0.135589	
0.167543	0.167826	0.167791	
0.140319	0.243650	0.151242	
0.167645	0.167669	0.167128	
0.024319	0.340078	0.141618	
0.168056	0.167106	0.167743	
0.325332	0.000000	0.186326	
0.167580	0.167643	0.167056	
0.243763	0.079679	0.192071	
0.169160	0.168014	0.167768	
0.151208	0.152108	0.199164	
0.168056	0.167106	0.167743	
0.042297	0.295904	0.168225	
0.167745	0.167106	0.167435	
0.286220	0.000000	0.222479	
0.167704	0.167104	0.167464	
0.197527	0.096310	0.228399	
0.167384	0.167394	0.167455	
0.066935	0.198331	0.261685	
0.167467	0.167346	0.167214	
0.000000	0.280081	0.230935	
0.167704	0.167104	0.167464	
0.202885	0.005770	0.307176	
0.167497	0.167242	0.167411	
0.086116	0.120195	0.303437	
0.167450	0.167202	0.167423	
0.000000	0.233642	0.288991	
0.167449	0.167328	0.167398	
0.128626	0.043310	0.348851	
0.167455	0.167333	0.167404	
0.038364	0.131307	0.334379	
0.167744	0.167246	0.167409	
0.134970	0.000000	0.415717	
0.167580	0.167330	0.167503	
0.028500	0.097546	0.385633	
0.167387	0.167386	0.167453	
0.082422	0.000000	0.514238	
0.167556	0.167549	0.167213	
0.000000	0.072894	0.445052	
0.167565	0.167589	0.167238	
0.000000	0.014411	0.508600	
0.167519	0.167450	0.167596	
0.167405	0.167404	0.167471	
0.167387	0.167386	0.167453	
0.167376	0.167434	0.167471	
0.167462	0.167341	0.167353	
0.167422	0.167446	0.167348	
0.167405	0.167404	0.167471	
0.167504	0.167425	0.167426	
0.167525	0.167338	0.167383	
0.167504	0.167425	0.167426	
0.167456	0.167416	0.167349	
0.167434	0.167228	0.167340	
0.167388	0.167398	0.167411	
0.167396	0.167274	0.167344	
