76.090764	0.000000	0.000000	
15.936848	0.310137	0.000000	
15.343465	0.950574	0.000000	
15.343465	0.950574	0.000000	
2.957548	3.053269	0.000000	
2.957548	3.053269	0.000000	
3.046140	3.068214	0.000000	
2.957548	3.053269	0.000000	
2.957548	3.053269	0.000000	
2.957548	3.053269	0.000000	
2.782533	2.561633	0.000000	
3.046140	3.068214	0.000000	
2.745510	2.733719	0.000000	
2.332072	3.090631	0.000000	
2.332072	3.090631	0.000000	
1.786511	4.747614	0.000000	
1.582846	5.073565	0.000000	
1.582846	5.073565	0.000000	
0.888617	6.521131	0.000000	
0.888617	6.521131	0.000000	
0.888617	6.521131	0.000000	
0.000000	9.837451	0.000000	
0.000000	9.784020	0.000000	
0.000000	9.784020	0.000000	
19.300668	0.000000	0.065613	
15.526939	0.734133	0.492949	
14.986438	0.749688	0.733749	
5.779155	1.751002	0.694073	
4.766196	1.756909	0.343148	
3.895970	1.804172	0.288094	
3.895970	1.804172	0.288094	
3.684543	1.977978	0.036600	
3.684543	1.977978	0.036600	
3.345313	2.093159	0.113585	
2.932372	2.321941	0.139125	
2.836343	2.611171	0.000000	
2.311922	3.041611	0.101487	
2.236085	3.132581	0.101774	
2.126109	3.325006	0.075600	
1.591368	3.958354	0.178170	
1.232674	4.576371	0.000000	
1.232674	4.576371	0.000000	
0.388108	4.917930	0.263763	
0.862223	6.327434	0.186618	
0.784758	6.436818	0.185438	
0.201639	6.927468	0.000000	
0.000000	10.083453	0.000000	
19.300668	0.000000	0.065613	
14.489996	0.724853	1.343915	
5.595718	1.427587	1.363600	
5.883209	1.500932	1.026105	
6.276149	1.601180	0.763065	
4.766196	1.756909	0.343148	
3.534925	2.083170	0.550731	
3.534925	2.083170	0.550731	
3.008524	2.016681	0.490483	
2.743785	2.181829	0.372213	
2.603807	2.338724	0.471067	
2.356539	2.597768	0.472190	
2.246491	2.950621	0.421067	
1.950503	3.045204	0.446679	
1.956918	3.313227	0.305053	
1.591368	3.958354	0.178170	
1.526804	4.893929	0.259436	
0.748610	4.644056	0.412673	
0.872127	5.071108	0.440223	
0.400711	5.489810	0.460975	
0.201639	6.927468	0.000000	
0.000000	9.808532	0.278577	
19.300668	0.000000	0.065613	
8.559420	0.000000	1.344585	
8.559420	0.000000	1.344585	
7.270416	1.303688	0.853834	
6.018210	1.535374	0.895028	
4.602628	1.942246	0.344294	
4.476491	1.889018	0.509326	
3.488219	1.953266	0.320279	
3.008524	2.016681	0.490483	
2.634170	2.090777	0.559928	
2.502831	2.421147	0.601057	
2.126563	2.853594	0.514788	
1.835782	2.866097	0.630657	
1.421555	3.327589	0.745891	
1.042239	3.626151	0.779791	
1.042239	3.626151	0.779791	
0.772028	4.489065	0.685353	
0.707545	4.114123	0.628110	
0.537357	5.169960	0.786613	
0.091834	5.493009	0.780356	
0.000000	6.875897	1.000961	
19.300668	0.000000	0.065613	
7.815013	0.345699	1.566152	
7.815013	0.345699	1.566152	
7.253321	1.362921	0.811694	
6.122819	1.597227	1.652255	
5.047298	1.774026	1.444906	
4.476491	1.889018	0.509326	
3.381574	2.014001	0.112689	
2.855393	2.059748	1.011980	
2.529294	2.007535	0.748636	
2.356539	2.597768	0.472190	
1.950685	2.727248	0.975265	
1.809207	2.874655	0.956297	
1.421555	3.327589	0.745891	
1.194608	3.373505	0.851187	
0.933049	3.760897	0.777333	
0.673931	3.987763	0.785947	
0.443865	4.270470	0.884180	
0.147559	4.427751	0.942193	
0.000000	4.951032	1.264730	
17.394974	0.000000	4.642872	
7.815013	0.345699	1.566152	
6.662839	0.584700	2.118661	
6.275725	1.125326	1.985377	
5.714110	1.556288	1.945086	
4.476491	1.889018	0.509326	
2.896464	1.796334	0.652490	
3.204675	1.786797	1.492841	
2.743785	2.181829	0.372213	
2.436004	2.412060	1.261773	
1.775379	2.638940	1.232018	
1.803371	2.765217	1.250509	
1.501161	2.707162	1.288425	
1.194608	3.373505	0.851187	
0.703954	3.579487	1.028831	
0.380838	3.609429	1.161716	
0.380838	3.609429	1.161716	
0.125011	4.355550	1.277934	
0.000000	4.853214	1.347233	
3.153960	0.000000	5.811986	
6.163749	0.396392	2.425214	
6.163749	0.396392	2.425214	
4.908057	1.295148	2.446513	
4.908057	1.295148	2.446513	
2.896464	1.796334	0.652490	
2.975007	1.764859	1.792099	
2.795723	2.016705	1.114693	
2.502831	2.421147	0.601057	
1.946428	2.651077	1.093956	
1.775379	2.638940	1.232018	
1.307292	2.974643	1.143539	
0.385939	3.274619	1.579220	
0.388698	3.298033	1.571081	
0.658129	3.176373	1.494644	
0.323194	3.458977	1.330566	
0.253499	3.618368	1.300741	
0.000000	4.853214	1.347233	
3.153960	0.000000	5.811986	
5.588678	0.359409	3.136589	
5.384368	0.648590	2.893374	
5.106043	0.930049	2.634044	
5.106043	0.930049	2.634044	
4.476491	1.889018	0.509326	
3.010530	1.785933	1.735502	
2.830913	2.251112	0.384033	
2.239792	2.384381	2.225090	
1.946428	2.651077	1.093956	
1.307292	2.974643	1.143539	
0.652818	3.220050	2.016499	
0.279957	3.340542	1.581161	
0.604272	3.134024	1.515678	
0.388698	3.298033	1.571081	
0.082074	3.582363	1.829641	
0.000000	6.120136	1.938467	
1.412066	0.000000	5.855494	
5.588678	0.359409	3.136589	
5.384368	0.648590	2.893374	
4.785597	1.231909	2.625933	
3.099656	1.728243	3.245220	
3.481204	1.861242	1.053523	
2.858710	2.072664	2.633714	
2.477753	2.195973	2.370355	
2.138139	2.435035	2.442409	
1.105842	2.783778	2.066629	
1.105842	2.783778	2.066629	
0.652818	3.220050	2.016499	
0.802104	3.070114	2.016161	
0.256411	3.059575	1.932566	
0.256411	3.059575	1.932566	
0.000000	5.110499	1.335543	
1.412066	0.000000	5.855494	
5.388420	0.346531	3.196560	
3.541237	0.667654	3.508400	
3.541237	0.667654	3.508400	
3.541237	0.667654	3.508400	
3.093642	1.835237	1.685525	
2.417481	2.126382	2.304493	
2.129544	2.301543	2.889923	
1.916200	2.324876	2.781795	
1.103790	2.948140	2.148439	
1.103790	2.948140	2.148439	
0.802104	3.070114	2.016161	
0.493856	2.970551	2.187686	
0.259136	3.092092	1.953105	
0.000000	5.110499	1.335543	
2.762779	0.000000	6.542321	
4.362406	0.401166	4.395141	
3.561499	0.671474	3.528527	
3.561499	0.671474	3.528527	
3.310779	0.620157	3.786739	
3.093642	1.835237	1.685525	
1.866929	2.193684	2.933290	
1.916200	2.324876	2.781795	
0.000000	2.815262	3.543539	
1.212970	2.760020	1.438809	
1.005028	3.268700	1.948173	
0.279957	3.340542	1.581161	
0.259136	3.092092	1.953105	
0.000000	5.811055	3.344333	
2.337312	0.000000	6.591498	
4.362406	0.401166	4.395141	
3.342997	0.624152	3.821624	
2.791556	0.888662	3.867513	
2.699892	0.221165	3.766908	
2.535360	0.207687	4.071887	
2.259636	2.405507	2.244805	
1.384099	0.875269	4.579969	
1.098434	2.960005	2.151890	
1.005028	3.268700	1.948173	
0.488268	3.966634	1.806224	
0.098906	4.314718	3.900510	
0.000000	5.811055	3.344333	
2.337312	0.000000	6.591498	
3.351462	0.274539	4.675984	
3.342736	0.655585	3.890514	
2.916617	0.238918	4.069284	
2.535360	0.207687	4.071887	
0.808215	1.852939	4.565383	
0.910047	1.786775	4.487509	
1.494551	2.575286	4.789237	
0.000000	2.676098	3.368374	
0.563857	3.647981	5.008057	
0.377156	3.658154	2.247344	
0.000000	4.696945	5.911992	
2.337312	0.000000	6.591498	
2.817032	0.230760	3.930342	
2.916617	0.238918	4.069284	
2.429389	0.207425	4.796816	
1.705315	0.778697	4.587537	
1.705315	0.778697	4.587537	
0.910047	1.786775	4.487509	
0.000000	2.676098	3.368374	
0.751300	1.333556	5.494314	
0.377156	3.658154	2.247344	
0.000000	4.696945	5.911992	
1.514444	0.000000	6.321644	
2.384014	0.203551	4.778043	
2.341877	0.463302	4.750839	
1.705315	0.778697	4.587537	
1.705315	0.778697	4.587537	
1.018001	1.616470	4.763200	
0.970395	1.641247	4.594304	
0.351997	2.379400	4.963520	
0.081681	3.563316	5.521663	
0.000000	4.184763	6.459770	
2.399339	0.000000	5.308730	
2.384014	0.203551	4.778043	
1.995407	0.537397	4.979143	
1.408643	0.932638	4.746013	
1.117922	1.232470	4.764483	
0.970395	1.641247	4.594304	
0.751300	1.333556	5.494314	
0.064355	2.807457	6.403840	
0.000000	2.467401	7.220479	
2.399339	0.000000	5.308730	
1.792537	0.062459	5.718113	
1.585713	0.404873	5.549097	
1.408643	0.932638	4.746013	
0.815314	1.447180	4.966787	
0.407047	1.664716	5.562628	
0.351997	2.379400	4.963520	
0.000000	2.467401	7.220479	
1.934226	0.000000	5.762606	
1.649694	0.258278	5.684385	
1.214774	0.310163	5.983134	
0.604041	0.859583	6.032488	
0.604016	0.859547	6.032240	
0.335449	0.863407	6.599519	
0.000000	2.286764	7.316077	
1.455238	0.000000	6.034517	
1.214774	0.310163	5.983134	
0.892840	0.574517	6.047872	
0.604016	0.859547	6.032240	
0.353329	1.033767	6.304821	
0.000000	2.056957	7.706687	
1.263018	0.000000	6.253287	
0.927951	0.067367	6.560886	
0.575469	0.684649	6.557416	
0.335449	0.863407	6.599519	
0.000000	1.530388	7.559319	
0.000000	0.000000	9.093562	
0.811408	0.388326	6.319333	
0.141482	0.440529	7.564145	
0.000000	0.932621	8.163033	
0.000000	0.000000	9.091726	
0.000000	0.287652	8.738715	
0.000000	0.287154	8.723582	
0.000000	0.000000	9.091726	
0.000000	0.287652	8.738715	
0.000000	0.000000	9.099469	
