0.500165	0.000000	0.000000	
0.166655	0.166635	0.166712	
0.500165	0.000000	0.000000	
0.166673	0.166617	0.166712	
0.500165	0.000000	0.000000	
0.166663	0.166628	0.166712	
0.500208	0.000000	0.000000	
0.166677	0.166613	0.166712	
0.500319	0.000000	0.000000	
0.166669	0.166622	0.166712	
0.500326	0.000000	0.000000	
0.166675	0.166616	0.166712	
0.460912	0.000000	0.040316	
0.166656	0.166634	0.166712	
0.446852	0.000000	0.054319	
0.166656	0.166634	0.166712	
0.429749	0.000000	0.071228	
0.166666	0.166624	0.166712	
0.403720	0.000000	0.098380	
0.166674	0.166617	0.166712	
0.336730	0.000000	0.168006	
0.166652	0.166640	0.166712	
0.000000	0.462432	0.046691	
0.166652	0.166640	0.166712	
0.368738	0.043364	0.089509	
0.166652	0.166640	0.166712	
0.280279	0.139659	0.080195	
0.166650	0.166642	0.166712	
0.177611	0.235167	0.088755	
0.166663	0.166628	0.166712	
0.092678	0.317995	0.090418	
0.166663	0.166628	0.166712	
0.000000	0.411280	0.091403	
0.166652	0.166640	0.166712	
0.318688	0.046497	0.138481	
0.166653	0.166638	0.166712	
0.224307	0.137329	0.139261	
0.166656	0.166635	0.166712	
0.135624	0.226323	0.139381	
0.166662	0.166629	0.166712	
0.036386	0.325714	0.139439	
0.166684	0.166607	0.166712	
0.320078	0.000000	0.181016	
0.166671	0.166620	0.166712	
0.229319	0.091707	0.180099	
0.166656	0.166635	0.166712	
0.137173	0.181627	0.182161	
0.166652	0.166640	0.166712	
0.041514	0.274004	0.185019	
0.166652	0.166640	0.166712	
0.275582	0.000000	0.225601	
0.166635	0.166657	0.166712	
0.181695	0.091414	0.227578	
0.166673	0.166618	0.166712	
0.087333	0.184176	0.229123	
0.166669	0.166622	0.166712	
0.000000	0.272302	0.228293	
0.166651	0.166640	0.166712	
0.181794	0.045921	0.273605	
0.166664	0.166626	0.166712	
0.092389	0.139061	0.268637	
0.166673	0.166618	0.166712	
0.000000	0.227194	0.272991	
0.166648	0.166642	0.166712	
0.139350	0.037015	0.324608	
0.166677	0.166613	0.166712	
0.044734	0.134273	0.321419	
0.166658	0.166633	0.166712	
0.137417	0.000000	0.366429	
0.166667	0.166624	0.166712	
0.039089	0.092054	0.375081	
0.166676	0.166615	0.166712	
0.094473	0.000000	0.422730	
0.166663	0.166628	0.166712	
0.000000	0.090270	0.411616	
0.166652	0.166639	0.166712	
0.000000	0.043543	0.458841	
0.166666	0.166624	0.166712	
0.166654	0.166637	0.166712	
0.166654	0.166637	0.166712	
0.166659	0.166632	0.166712	
0.166663	0.166628	0.166712	
0.166656	0.166635	0.166712	
0.166654	0.166637	0.166712	
0.166650	0.166641	0.166712	
0.166649	0.166643	0.166712	
0.166676	0.166615	0.166712	
0.166675	0.166616	0.166712	
0.166654	0.166637	0.166712	
0.166673	0.166617	0.166712	
0.166655	0.166635	0.166712	
