0.508454	0.000000	0.000000	
0.166826	0.166961	0.166976	
0.508454	0.000000	0.000000	
0.166933	0.167067	0.167052	
0.509431	0.000000	0.000000	
0.166948	0.167083	0.167098	
0.509431	0.000000	0.000000	
0.166962	0.167103	0.167094	
0.516269	0.000000	0.000000	
0.167007	0.167134	0.167071	
0.522152	0.000000	0.000000	
0.167022	0.167158	0.167173	
0.478033	0.000000	0.043471	
0.167126	0.167253	0.167190	
0.455123	0.000000	0.047995	
0.167126	0.167253	0.167190	
0.444059	0.000000	0.063293	
0.167294	0.167422	0.167437	
0.415099	0.000000	0.097869	
0.167538	0.167686	0.167712	
0.345205	0.000000	0.172234	
0.167618	0.167810	0.167563	
0.000000	0.555929	0.059211	
0.167319	0.167446	0.167456	
0.374021	0.043501	0.098441	
0.167319	0.167446	0.167456	
0.265450	0.144600	0.096679	
0.167825	0.167969	0.167914	
0.190771	0.244699	0.069392	
0.167825	0.167969	0.167914	
0.110110	0.367835	0.108478	
0.167618	0.167810	0.167563	
0.000000	0.487958	0.100539	
0.167806	0.167978	0.167992	
0.364594	0.037916	0.118210	
0.167696	0.167852	0.167749	
0.255909	0.134448	0.114641	
0.167676	0.167820	0.167765	
0.127693	0.237238	0.141790	
0.167767	0.167979	0.167989	
0.036516	0.328580	0.141854	
0.167676	0.167820	0.167765	
0.345205	0.000000	0.172234	
0.167208	0.167342	0.167289	
0.243530	0.093501	0.168364	
0.168429	0.168609	0.168417	
0.143331	0.185913	0.173538	
0.167432	0.167577	0.167533	
0.049603	0.297892	0.157918	
0.167432	0.167577	0.167533	
0.282079	0.000000	0.238669	
0.167730	0.167883	0.167852	
0.191089	0.083883	0.243363	
0.166962	0.167103	0.167094	
0.080164	0.191838	0.246398	
0.167007	0.167134	0.167071	
0.000000	0.282516	0.226261	
0.167712	0.167838	0.167834	
0.200858	0.000000	0.319879	
0.167252	0.167382	0.167412	
0.094995	0.123218	0.287834	
0.166948	0.167083	0.167098	
0.000000	0.227004	0.279750	
0.166937	0.167067	0.167107	
0.132744	0.045358	0.343693	
0.167092	0.167222	0.167255	
0.050437	0.120700	0.345195	
0.167658	0.167793	0.167830	
0.142142	0.000000	0.379029	
0.167294	0.167422	0.167437	
0.029460	0.084775	0.396781	
0.166989	0.167160	0.167185	
0.096542	0.000000	0.431991	
0.167291	0.167418	0.167425	
0.000000	0.059321	0.447592	
0.167528	0.167676	0.167712	
0.000000	0.031118	0.475166	
0.167538	0.167686	0.167712	
0.166964	0.167103	0.167086	
0.167002	0.167142	0.167133	
0.167017	0.167148	0.167107	
0.167002	0.167142	0.167133	
0.166918	0.167049	0.167097	
0.167002	0.167142	0.167133	
0.167443	0.167572	0.167530	
0.167443	0.167572	0.167530	
0.167002	0.167142	0.167133	
0.166960	0.167094	0.167075	
0.166933	0.167067	0.167052	
0.166918	0.167049	0.167097	
0.166826	0.166961	0.166976	
