14.879042	0.006725	0.036278	
14.809413	0.981835	0.033811	
14.459721	2.078147	0.017272	
15.480534	2.782620	0.200490	
14.386797	3.635380	0.073734	
18.103055	7.189123	0.358621	
15.082209	8.265326	0.041933	
11.735938	8.122802	0.453185	
12.539667	9.925900	0.226232	
10.229402	10.391625	0.039025	
10.830987	12.495937	0.552665	
7.833645	11.446562	0.027720	
9.313504	17.576773	0.052019	
5.359102	14.383934	0.014678	
3.790135	13.099617	0.432995	
3.017956	14.683727	0.020432	
1.496663	11.810219	0.012642	
0.690312	13.613475	0.248192	
0.093445	15.357468	0.014686	
16.477861	0.002692	1.442989	
14.355098	0.946281	1.058607	
14.228339	1.547769	0.829141	
11.573642	2.991274	1.026844	
8.324489	2.448248	0.629486	
17.101041	6.791201	1.101935	
11.877830	6.127858	1.654442	
10.647612	7.507071	1.696435	
13.840794	11.619831	1.131853	
8.579548	8.867904	0.841371	
6.027428	8.437999	0.877443	
6.527573	11.011476	1.523669	
4.657350	12.338246	0.903652	
2.820450	10.118606	0.879857	
2.967746	14.499495	1.039623	
1.742785	15.905757	1.002157	
1.285303	16.297431	1.023895	
0.127903	10.640812	0.696028	
11.490777	0.286753	1.616919	
13.433175	0.894988	1.486485	
12.258454	1.928465	2.129286	
14.168379	3.560045	2.562688	
9.810816	3.143256	1.275245	
10.442275	5.403327	1.724622	
8.850862	5.132807	2.342842	
11.706989	9.732684	2.670658	
9.699950	9.373809	1.889962	
11.597733	13.447385	3.821550	
5.760557	9.822520	1.953901	
5.698223	12.901141	1.963915	
4.340345	11.844361	2.324413	
5.061601	24.216916	3.753708	
1.807216	10.189209	1.533844	
1.197230	11.982541	1.828570	
0.122051	10.153952	1.495344	
15.128052	0.021956	3.446125	
13.786645	1.499721	3.130898	
8.586484	1.385654	2.119536	
10.164192	2.543014	2.365445	
9.695566	3.088457	2.330041	
5.606668	3.102019	1.770979	
14.671768	10.838569	4.618507	
12.731096	11.250253	4.649675	
6.603900	6.771585	2.614250	
9.083760	13.279396	4.844027	
7.547301	14.021130	4.564530	
5.554811	14.766246	3.256290	
2.635276	9.896554	2.495759	
1.639255	9.242235	2.294705	
1.302583	12.428082	2.192088	
0.349291	14.410121	3.085387	
8.056767	0.171663	2.227295	
10.543894	0.919627	3.413302	
12.110976	1.553519	4.047856	
9.121476	2.905585	3.582023	
10.106810	3.739388	4.097327	
9.598444	4.966689	4.033108	
8.500990	6.412993	4.000899	
6.099249	7.002919	3.519833	
7.204604	10.545879	5.018876	
7.043728	12.844786	5.569866	
6.391510	16.536705	7.129151	
2.499544	8.929103	3.323610	
3.615979	23.790038	7.460471	
1.258276	17.630306	6.239560	
0.050984	11.906613	3.932164	
10.949802	0.147125	4.448850	
9.396605	0.394106	3.786941	
9.272487	1.706253	4.484766	
9.141778	2.688614	4.863110	
13.922517	7.102631	7.263119	
8.317793	5.430340	6.102543	
9.734175	7.655544	7.228006	
6.787504	7.021247	5.319498	
5.560003	8.573021	5.954902	
5.208188	11.892319	7.410445	
3.942168	13.493740	6.430041	
2.134451	13.019324	6.733134	
1.035675	15.713846	7.104475	
0.348463	16.786123	6.228293	
15.198265	0.013112	8.346373	
8.172598	0.650445	4.545370	
15.596459	2.852527	10.088146	
13.734524	4.048819	10.076391	
10.898928	5.985171	8.730295	
6.281864	5.250950	6.086174	
5.807569	5.043367	5.522075	
5.464266	7.718106	5.723627	
5.081925	11.604011	7.787164	
2.767462	9.017057	6.301930	
1.450863	6.933273	4.739856	
1.442969	16.149445	8.873272	
0.059532	13.902932	6.272182	
9.719735	0.005532	5.982019	
11.115894	1.332716	8.326522	
11.847341	3.096920	9.757922	
6.643558	2.375250	6.409211	
6.413787	4.203306	6.767567	
6.331944	5.498741	6.834576	
7.508738	8.642635	10.349021	
5.858292	8.531062	9.354684	
4.977634	12.691688	11.645445	
2.164326	12.703745	9.239657	
1.132742	9.382433	6.304097	
0.141126	8.565352	5.340558	
9.652901	0.554769	7.636091	
7.466891	0.845402	7.115128	
6.504705	1.913046	6.159203	
14.288401	7.627269	16.805502	
6.688199	4.969042	10.172477	
6.054352	6.223719	9.831816	
7.340364	10.076669	15.438634	
3.541391	9.721882	11.817025	
1.789461	6.166923	5.927637	
1.095716	8.580578	8.215230	
0.034756	12.801547	9.178570	
8.439116	0.005198	7.790325	
7.852059	0.889010	8.237543	
11.530989	2.913226	15.197848	
6.717650	3.585938	10.946613	
8.698383	5.582345	14.857795	
4.724987	7.033827	12.131412	
5.357947	9.503995	13.182832	
2.699571	10.151619	11.997044	
1.258922	9.715472	11.554817	
0.432467	14.177168	13.463107	
9.020903	0.119791	11.478712	
6.198989	0.686616	9.900108	
6.150806	1.808964	10.813107	
6.132291	3.266303	11.226602	
5.322129	5.406208	13.210898	
3.383975	5.604424	11.320161	
2.160959	7.445556	12.613479	
1.218418	7.996480	12.182149	
0.228061	9.408745	11.497453	
6.641411	0.132677	9.385952	
6.057078	0.458045	10.546054	
5.027293	1.478536	9.695349	
4.767401	3.125746	12.624362	
3.885657	5.241395	14.908218	
3.641696	7.091772	16.520565	
1.741770	6.768501	13.052185	
0.194467	9.367857	14.111561	
5.186833	0.002952	9.699344	
4.049366	0.908450	9.576254	
3.654037	2.218000	12.573547	
3.892563	3.858104	15.421017	
3.427015	5.783029	17.053363	
1.359878	5.931299	13.668314	
0.050343	7.082259	14.739553	
4.960462	0.332073	11.490801	
3.615976	1.192232	12.926430	
2.889871	1.534794	12.988412	
2.459139	4.203597	17.182971	
1.097835	4.122824	13.788064	
0.026555	3.357746	8.378325	
2.866849	0.157041	11.729487	
1.752203	0.585915	9.780937	
1.280746	1.470502	11.400995	
1.191314	3.218083	13.924113	
0.484757	3.805745	14.335162	
2.319068	0.397870	13.756575	
1.533723	0.488557	9.410891	
0.512022	2.074863	13.846017	
0.072916	3.005080	14.933175	
1.027937	0.068729	10.354686	
0.530668	0.800095	13.217611	
0.031690	3.012082	19.515950	
0.779682	0.137267	10.975820	
0.011849	0.642158	13.791867	
0.163943	0.048216	11.267960	
0.000000	0.000000	0.000000	
0.000000	0.000000	0.000000	
0.000000	0.000000	0.000000	
0.000000	0.000000	0.000000	
0.000000	0.000000	0.000000	
0.000000	0.000000	0.000000	
0.000000	0.000000	0.000000	
0.000000	0.000000	0.000000	
0.000000	0.000000	0.000000	
0.000000	0.000000	0.000000	
