2.222762	0.002769	0.000498	
2.505716	0.138820	0.010184	
2.321770	0.278387	0.007789	
2.073066	0.471802	0.035435	
2.181861	0.617219	0.001775	
1.952213	0.774674	0.001747	
1.912112	0.946724	0.003780	
1.797001	1.118735	0.009148	
1.690178	1.345393	0.007718	
1.444116	1.508082	0.007442	
1.306126	1.586461	0.041580	
1.165668	1.828231	0.000846	
0.979725	1.858554	0.049465	
0.763273	2.044451	0.007797	
0.630975	2.107800	0.007861	
0.410971	2.032497	0.007425	
0.288762	2.097952	0.001710	
0.125865	2.174423	0.017467	
0.009908	2.143026	0.022103	
2.252944	0.007379	0.170691	
2.138875	0.138623	0.138010	
1.720177	0.250136	0.111926	
2.209031	0.471139	0.149287	
2.100988	0.644773	0.152984	
2.119445	0.908478	0.165700	
1.788870	1.004594	0.167251	
1.844074	1.290795	0.173360	
1.532790	1.403042	0.140154	
1.456429	1.628756	0.141436	
1.186653	1.694470	0.174294	
0.963575	1.827917	0.241163	
0.803675	1.931425	0.153663	
0.670034	2.057964	0.167386	
0.476368	2.002500	0.181072	
0.265096	2.155995	0.159825	
0.130984	2.080786	0.134959	
0.005550	2.196176	0.134236	
2.070805	0.002580	0.228374	
1.121197	0.089399	0.159593	
2.220816	0.329337	0.341436	
1.955174	0.428492	0.301108	
1.940396	0.638480	0.350279	
1.831293	0.903380	0.368312	
2.021072	1.192816	0.418168	
1.634661	1.242237	0.414381	
1.430517	1.390287	0.372070	
1.293716	1.607705	0.285321	
1.084817	1.774903	0.365375	
0.885628	1.924152	0.337393	
0.642264	1.932132	0.365283	
0.447995	2.019012	0.342336	
0.317858	2.089132	0.295492	
0.140480	2.006862	0.274469	
0.000734	2.039521	0.242762	
2.233047	0.028368	0.450128	
2.021830	0.161211	0.436510	
2.059122	0.308680	0.477332	
1.990930	0.534607	0.461141	
1.955997	0.686711	0.487042	
1.878914	0.932424	0.471009	
1.718487	1.182048	0.588495	
1.592472	1.319889	0.610837	
1.375317	1.547718	0.647444	
1.117404	1.683013	0.618356	
0.991204	1.877896	0.639240	
0.672184	1.968760	0.469372	
0.435403	2.006455	0.414390	
0.320181	2.282357	0.544128	
0.174086	2.051743	0.456768	
0.006538	2.023419	0.405431	
2.125644	0.006801	0.639159	
2.039188	0.130212	0.570529	
2.013760	0.357285	0.683348	
2.355947	0.653628	0.846225	
0.956275	0.384095	0.387411	
1.698732	0.935515	0.767349	
1.548398	1.133764	0.774366	
1.371469	1.364276	0.834765	
1.225877	1.488989	0.739766	
0.882122	1.673400	0.801261	
0.832297	2.104022	0.854119	
0.608893	1.966772	0.758144	
0.385743	2.267038	0.762664	
0.160062	2.089840	0.648836	
0.000081	2.394646	0.681391	
1.935230	0.016802	0.780902	
1.927945	0.133244	0.741243	
1.890581	0.335431	0.865991	
1.957266	0.591067	0.980910	
1.741388	0.789901	0.931507	
1.613214	0.980601	0.985998	
1.365617	1.283065	1.116801	
1.262940	1.513175	1.102161	
1.042705	1.652472	0.950183	
0.734067	1.795175	0.958674	
0.520181	1.850716	0.913149	
0.356558	1.912189	0.840172	
0.174212	1.922655	0.817877	
0.040913	1.951204	0.760234	
1.966190	0.003497	0.988224	
0.970693	0.077398	0.574593	
1.816822	0.355160	1.103332	
0.922948	0.327998	0.577971	
1.645851	0.823561	1.138218	
1.381507	0.982535	1.288125	
1.198952	1.171989	1.238471	
0.946955	1.397029	1.302730	
0.729790	1.675190	1.124977	
0.557171	1.817666	1.185493	
0.359149	1.787275	1.086345	
0.153384	1.823224	1.019230	
0.005469	1.943560	1.007955	
1.781270	0.002219	1.134910	
1.713936	0.195754	1.190462	
1.649041	0.374413	1.239768	
1.527608	0.584675	1.283781	
1.407672	0.794633	1.453261	
1.250048	0.994270	1.460115	
1.021528	1.218792	1.453680	
0.828300	1.365331	1.414963	
0.535535	1.593924	1.376070	
0.304492	1.394832	1.007169	
0.152401	1.720506	1.205864	
0.025729	0.981369	0.579273	
1.648065	0.046886	1.254840	
1.507482	0.183016	1.424943	
1.488217	0.381529	1.485521	
1.318979	0.641680	1.512089	
1.242518	0.834034	1.700128	
0.963948	0.936839	1.597122	
0.837866	1.333034	1.706155	
0.605157	1.449936	1.689197	
0.311595	1.414974	1.522704	
0.215211	1.566029	1.397508	
0.036104	1.686324	1.322072	
1.491085	0.034099	1.460649	
1.523708	0.261339	1.675242	
1.328965	0.341322	1.672793	
1.102116	0.630421	1.619211	
1.027112	0.784813	1.940300	
0.789513	0.994420	1.687790	
0.627529	1.152147	1.713744	
0.426685	1.232862	1.679674	
0.176950	1.408262	1.541735	
0.071429	1.437590	1.450710	
1.318293	0.001390	1.697291	
1.215091	0.211635	1.707354	
1.071095	0.356465	1.908869	
0.929323	0.540303	1.854401	
0.827836	0.756564	1.926438	
0.551316	0.902025	1.787645	
0.382725	1.104267	1.887502	
0.175855	1.264544	1.744750	
0.037161	1.311380	1.699026	
1.061516	0.020906	1.785320	
0.992686	0.174586	1.822277	
0.817492	0.287005	1.907162	
0.757734	0.524921	2.006405	
0.508847	0.704318	1.834627	
0.362657	0.877019	1.961717	
0.151967	1.025361	1.829753	
0.008459	1.137240	1.748694	
0.938127	0.005013	1.874938	
0.773808	0.135293	1.959029	
0.633309	0.353619	1.930573	
0.573569	0.577012	2.309461	
0.325219	0.589169	1.990240	
0.165866	0.801466	1.974728	
0.005938	0.946966	1.909470	
0.730025	0.003723	1.949245	
0.632981	0.143499	2.210899	
0.499332	0.262978	2.082886	
0.294291	0.510297	2.006626	
0.183540	0.545036	1.959054	
0.034426	0.750696	1.955500	
0.539851	0.011124	2.036842	
0.419046	0.152326	2.079995	
0.301999	0.251121	2.045227	
0.145697	0.461480	2.010386	
0.011334	0.516965	1.963032	
0.441150	0.009090	2.074375	
0.275141	0.158529	2.026089	
0.119141	0.258850	2.201073	
0.009303	0.424329	1.994149	
0.272441	0.010237	2.151424	
0.172937	0.144517	2.088802	
0.003715	0.264259	2.192560	
0.213868	0.022532	3.307345	
0.053895	0.099884	2.063057	
0.001010	0.007035	2.071588	
0.000000	0.000000	0.000000	
0.000000	0.000000	0.000000	
0.000000	0.000000	0.000000	
0.000000	0.000000	0.000000	
0.000000	0.000000	0.000000	
0.000000	0.000000	0.000000	
0.000000	0.000000	0.000000	
0.000000	0.000000	0.000000	
0.000000	0.000000	0.000000	
0.000000	0.000000	0.000000	
