290.294585	1.926805	4.012384	
147.209207	9.096604	1.793736	
56.740871	5.941619	1.816575	
52.705144	13.055951	1.451560	
176.304543	49.478279	2.405804	
82.637060	31.359501	4.254634	
171.930902	88.117470	4.212239	
89.957820	57.730897	3.249142	
136.654319	109.781221	2.434310	
104.342618	114.724369	1.762850	
75.564477	88.981176	0.590069	
55.933203	94.888089	2.945377	
49.697828	101.875592	0.581866	
43.743021	104.276037	0.587399	
27.110916	94.873055	4.118379	
28.347984	146.646441	3.958698	
6.716576	67.576093	2.344643	
15.431179	182.071239	5.074785	
3.983658	163.966489	3.643647	
116.329909	3.021652	8.499095	
122.779951	12.856899	7.177105	
93.368038	18.762577	8.597971	
69.699151	22.105713	8.648321	
69.254130	26.280884	6.629401	
141.545257	72.544317	18.811890	
130.752601	89.545428	6.332180	
264.417940	257.314470	27.579020	
72.639411	81.991473	3.490785	
59.376866	81.768756	7.779322	
49.982785	87.243470	6.822641	
71.526693	150.539491	12.172701	
37.600827	120.838386	14.473117	
18.444945	99.659835	7.802354	
20.486032	134.979440	8.012919	
10.576223	212.322635	18.535932	
1.799984	118.004532	9.085337	
94.734857	1.445477	11.206034	
118.316671	5.200040	19.887453	
126.564604	15.885361	15.055653	
93.584230	20.362661	17.717227	
306.443297	97.191248	67.492029	
100.443793	49.909785	15.829744	
93.052191	60.980139	19.304535	
96.396869	68.454888	22.513292	
64.898194	67.906233	14.049087	
86.683064	117.348351	32.243294	
53.496640	94.710862	24.040115	
63.255818	131.866868	31.057862	
81.474633	216.713962	44.231933	
27.304979	103.099451	19.432843	
15.650253	127.912244	14.737618	
9.769621	131.031758	20.994323	
1.414421	92.727550	12.310936	
112.453891	1.439411	21.189593	
100.569245	10.266036	19.753888	
84.975883	11.779274	21.905707	
94.733989	24.712801	21.637572	
101.442932	33.058348	30.954464	
120.586023	65.825342	33.455970	
57.585611	42.697409	21.419171	
83.108289	80.875622	32.943907	
55.837370	59.005959	23.701592	
56.667454	83.479912	27.654281	
66.404183	150.708533	50.566297	
40.547370	104.839791	29.511471	
28.034730	123.487906	27.986210	
17.492346	140.350422	27.289875	
12.143796	159.052887	29.508840	
0.653701	145.631454	28.099608	
115.915652	0.734532	36.834124	
72.167201	9.027293	21.831597	
95.820970	18.539974	32.183489	
213.560049	47.640698	75.084865	
80.272401	30.231702	33.897210	
111.546740	61.730961	46.212720	
55.758792	40.766334	28.330144	
61.909168	67.756554	33.226380	
34.348616	46.095365	25.531571	
61.102616	103.279051	47.605026	
51.611555	117.135720	40.654855	
38.805653	118.211128	44.466322	
25.397618	141.815092	52.588075	
6.887776	109.083087	38.458982	
0.049309	288.105950	95.004461	
85.481780	0.974964	33.782925	
69.164165	9.607005	31.056884	
138.772092	19.275648	62.313031	
121.463468	39.370424	69.340167	
139.683311	51.824629	81.442521	
84.720040	55.344844	60.752069	
67.448433	55.344795	55.185442	
106.990619	115.245504	80.192012	
87.148114	125.615475	77.964870	
26.067868	65.036519	37.868591	
22.501437	76.793256	40.812894	
37.744713	192.359574	99.965365	
6.863021	118.877151	43.922412	
4.189978	117.269749	41.928054	
83.118598	1.281743	42.918519	
93.048538	10.425120	56.653165	
89.301550	24.193081	53.033153	
129.138945	47.912509	83.546027	
74.184905	41.065032	53.321612	
178.648395	182.750866	188.156749	
36.500127	48.267223	38.076086	
67.861462	120.712161	83.432796	
35.269634	108.388682	73.994087	
20.925764	116.845173	71.518263	
7.435596	118.361645	62.702320	
2.031809	133.202644	71.718834	
90.479237	0.752433	55.991283	
56.261195	5.957045	40.843401	
81.045039	32.606696	77.833303	
75.313119	37.393608	78.897541	
69.762449	55.431709	90.703242	
38.610860	52.433374	63.613350	
39.658711	69.223105	74.741526	
23.458883	72.468293	65.596792	
20.608446	122.069387	99.225920	
15.225574	146.121468	98.599656	
2.772888	70.875272	42.584838	
133.911734	5.450198	105.108001	
120.181501	10.722743	112.721560	
107.059754	23.263412	110.449306	
89.703221	31.643833	98.046006	
64.479005	44.154757	90.018499	
50.219171	53.068945	84.079753	
40.421377	54.892049	68.559492	
37.469738	86.847543	97.155649	
17.650709	88.015560	91.668959	
5.576402	88.314589	77.309049	
2.099786	53.670722	42.123776	
87.727388	1.631602	90.126463	
82.582192	8.647592	99.347492	
110.546042	25.828798	144.557624	
66.243941	29.385545	107.054238	
54.172969	39.009729	86.750260	
37.530483	51.715447	83.425794	
41.921758	76.673855	110.748960	
24.435709	87.223420	111.271862	
10.600127	72.653439	74.938255	
2.349522	109.428464	111.055926	
96.199955	6.016125	127.744078	
45.883442	5.091271	68.823776	
66.624174	17.015819	104.160856	
33.176135	20.867342	59.112995	
237.191482	238.777375	647.826181	
29.294200	51.132157	89.265067	
28.199913	90.152251	140.143865	
10.508366	85.899607	113.413944	
3.350229	74.891396	89.147199	
58.943175	3.225213	90.985615	
43.136264	5.044811	71.552702	
38.476832	17.068168	90.824586	
21.382763	12.889857	57.013006	
38.985267	51.759908	138.055202	
8.519528	31.643403	65.555933	
11.114991	83.844991	166.303838	
0.829733	66.828484	101.238629	
51.921500	5.817263	110.882072	
34.282921	3.841044	78.293258	
29.899830	15.324164	91.145873	
18.273404	24.815201	84.801982	
17.035509	27.116903	82.633006	
6.150310	23.607554	55.570511	
6.461113	86.328754	169.741428	
19.154238	2.005735	57.345804	
40.661362	11.015751	125.765269	
38.673090	33.391064	175.622313	
12.663148	21.047342	85.504026	
16.531890	52.850770	151.334786	
1.758858	31.444264	75.786609	
34.725395	1.830943	110.265950	
67.734273	16.496174	328.392848	
17.283994	14.939653	94.057352	
17.440438	38.156560	192.876415	
6.166429	55.330999	218.090607	
20.777236	4.048947	102.009374	
24.146409	12.003622	141.685679	
8.107832	21.435781	142.935163	
4.201796	34.347171	159.083799	
19.243283	3.025741	122.682876	
19.724805	17.317556	239.077249	
3.047960	17.809584	132.793821	
2.720216	0.709610	65.008348	
3.708584	9.588962	269.783932	
1.312849	3.394519	99.776107	
3.207827	0.246087	108.391574	
3.207827	0.246087	108.391574	
7.214653	6.124018	318.826872	
0.000000	0.000000	0.000000	
0.000000	0.000000	0.000000	
0.000000	0.000000	0.000000	
0.000000	0.000000	0.000000	
0.000000	0.000000	0.000000	
0.000000	0.000000	0.000000	
0.000000	0.000000	0.000000	
0.000000	0.000000	0.000000	
0.000000	0.000000	0.000000	
0.000000	0.000000	0.000000	
