478.005018	3.172716	7.337232	
317.508416	26.672364	2.185569	
115.221168	12.709401	3.503391	
144.823779	27.917233	1.793736	
267.354671	79.348019	10.464362	
133.487324	47.972134	5.883353	
354.742721	196.274129	6.716641	
189.051295	127.938345	9.527810	
251.788180	202.273987	11.588273	
223.399718	242.340795	6.228425	
135.845709	160.339242	5.993783	
159.110678	231.413230	5.627479	
110.450410	234.800746	7.509868	
240.210953	583.002847	1.922477	
142.814356	507.681339	18.188041	
50.931067	298.821919	5.176382	
42.546806	276.383156	1.877222	
13.208865	187.113179	3.301280	
5.946516	289.591655	6.915861	
322.546356	5.721448	13.588532	
278.665183	24.104215	10.875960	
376.581954	47.101847	32.724023	
244.636910	43.776351	21.669369	
359.915817	110.538606	22.216654	
333.726965	129.255731	31.986257	
249.085358	148.831160	17.415798	
221.007264	149.564189	11.138327	
169.704555	144.841569	29.592772	
132.475081	149.530769	6.366270	
155.025974	241.417299	17.672273	
81.761917	165.781738	13.366752	
71.526693	150.539491	12.172701	
62.903517	193.104036	14.400222	
56.683853	257.372073	20.166567	
31.043554	204.541396	9.595589	
11.138623	223.613081	19.521597	
2.403103	157.544173	12.129551	
542.896485	9.095323	55.372451	
477.247119	27.339040	48.749538	
266.167884	29.167052	35.597174	
167.336368	34.619109	33.336440	
238.291846	93.550102	45.073324	
160.267597	66.405041	30.696404	
253.245617	158.777720	57.248031	
155.457058	137.292274	36.517372	
204.291088	182.610358	48.244780	
154.829307	220.257697	51.947718	
94.558337	164.459441	28.614430	
73.627796	154.961602	25.769842	
82.143090	218.491988	45.038519	
42.366253	187.213616	37.446450	
42.418906	248.879510	42.560177	
14.252201	250.054766	41.756121	
8.775520	300.730450	40.073582	
313.043824	5.983722	60.286534	
275.365189	25.255270	53.945622	
251.329460	39.295462	48.257702	
478.936443	126.566445	144.765365	
244.759375	81.288241	75.368120	
209.502072	107.934723	49.464465	
192.673343	116.489966	69.867915	
147.775744	116.134244	46.620695	
210.379959	227.819254	71.911194	
114.102252	193.569188	67.670214	
84.553125	172.130264	57.755899	
75.119502	206.062699	55.871767	
80.947872	285.981107	64.336798	
55.650718	295.383437	60.198620	
16.691858	311.243770	60.806854	
6.170470	206.183849	38.159042	
188.026786	1.191484	57.312856	
179.345748	23.088432	54.562533	
332.883550	63.498101	95.493207	
247.121413	73.796592	75.368120	
148.839408	60.819264	59.966844	
342.773568	198.797510	173.336442	
238.832356	169.648834	120.155955	
108.834155	116.371219	62.910658	
107.580084	148.532544	88.910882	
130.216596	265.711067	112.943332	
119.790766	257.309917	108.334254	
41.983017	127.890124	48.107175	
32.170171	219.151810	68.919945	
17.888480	259.364299	92.227279	
8.213803	287.988844	95.004461	
309.301405	10.053126	116.624063	
254.878548	28.124591	111.886817	
240.557142	49.207397	123.676002	
153.708577	54.852783	71.115240	
256.505304	97.623634	139.959577	
165.171170	107.483668	101.045030	
126.042571	99.054542	80.795748	
120.741336	125.832922	106.408173	
94.308001	135.935751	84.370283	
105.047057	225.640508	125.626358	
69.000719	193.016526	108.773381	
37.744713	192.359574	99.965365	
22.158864	212.660990	81.093632	
7.916308	220.300542	81.825210	
158.099666	2.140219	75.171763	
203.368931	12.732584	102.636098	
192.743058	39.596468	129.999168	
290.374005	109.935869	184.034182	
137.551822	75.017867	105.786384	
143.818282	118.433090	138.518705	
178.648395	182.750866	188.156749	
133.323788	190.912733	189.750438	
120.680139	288.868619	205.005183	
39.635596	122.188850	83.390102	
64.767633	319.060667	197.719740	
39.011882	262.721023	136.187837	
2.142853	140.482544	75.935177	
187.273335	10.724024	120.166032	
89.973725	9.924497	63.189377	
138.297158	28.411290	95.741106	
111.110152	46.975329	107.535796	
324.514164	203.937113	323.069485	
117.969309	98.385192	134.316063	
102.336529	145.091828	149.232276	
76.739673	113.561939	115.262998	
50.603670	141.462770	132.386463	
95.780091	340.482329	261.853580	
34.632534	235.926081	176.885435	
6.083755	153.285551	92.102441	
188.102802	10.775526	150.027202	
242.621986	27.110600	228.856600	
146.384327	31.808395	151.018910	
185.808066	71.225577	200.218254	
117.379003	65.851629	141.586050	
54.447009	57.536699	89.337519	
67.364951	91.481301	114.298758	
97.936311	206.476605	232.084466	
27.279386	144.793797	150.382583	
6.890370	109.124176	102.761744	
7.578880	291.960442	245.612932	
136.844396	5.794649	128.724876	
207.526419	42.349235	232.245964	
139.750804	48.738733	188.438479	
133.986279	72.778331	194.993696	
153.922230	130.626781	299.698538	
69.032560	95.124001	150.161914	
62.882454	100.185027	154.571644	
27.367523	97.688548	120.933700	
16.464025	91.611057	95.000085	
1.770129	117.561442	119.295890	
183.961540	3.205410	210.464581	
190.640373	35.934669	298.396798	
118.898556	47.556830	221.547656	
49.228046	38.310929	107.679806	
58.134040	50.257183	125.658688	
81.272568	106.108962	231.047459	
29.380986	93.928021	146.013392	
22.121075	145.522982	203.240489	
4.708028	168.554800	200.165248	
131.397844	7.524369	195.509017	
83.917075	17.663897	148.033821	
130.786298	43.496258	278.763137	
128.118718	74.922429	296.538150	
67.033545	89.607450	227.296642	
16.567779	50.088996	111.988724	
13.487405	99.581249	200.238887	
3.087965	110.554003	170.588548	
88.327730	6.834787	165.162177	
94.411156	19.448551	246.847188	
113.664668	48.983523	297.301778	
73.442743	70.358314	275.611445	
50.083117	80.612361	248.220964	
16.461342	59.714544	148.971064	
6.618005	92.776771	181.407553	
68.558883	3.021819	185.385935	
112.342730	21.200461	311.162738	
58.988270	50.931568	301.128461	
33.894551	52.448091	242.120567	
23.020676	77.852321	217.331798	
0.881599	57.796422	165.644822	
114.337688	4.087214	351.228461	
76.701190	14.706661	329.797315	
40.861717	43.172152	232.870752	
28.630119	78.016960	325.545500	
4.992856	81.081023	318.221201	
38.816399	3.189095	191.463101	
44.129404	14.569069	288.593027	
21.428082	44.699353	286.217990	
2.370473	86.293199	368.364167	
53.756983	10.425787	340.052288	
24.846233	26.251108	287.884683	
5.703254	33.669253	209.830760	
28.863227	0.938132	335.833105	
3.100343	29.754328	353.437425	
7.214653	6.124018	318.826872	
0.000000	0.000000	0.000000	
0.000000	0.000000	0.000000	
0.000000	0.000000	0.000000	
0.000000	0.000000	0.000000	
0.000000	0.000000	0.000000	
0.000000	0.000000	0.000000	
0.000000	0.000000	0.000000	
0.000000	0.000000	0.000000	
0.000000	0.000000	0.000000	
0.000000	0.000000	0.000000	
