1.004551	0.000569	0.000361	
1.003894	0.059499	0.000064	
1.034909	0.130578	0.000417	
0.985663	0.200359	0.000064	
0.971959	0.276667	0.001288	
0.940347	0.361466	0.000079	
0.923194	0.463150	0.001326	
0.859539	0.545836	0.002539	
0.780645	0.631037	0.000052	
0.718143	0.716616	0.000569	
0.638179	0.800787	0.000302	
0.565038	0.871848	0.004925	
0.450008	0.897852	0.000133	
0.378562	0.982320	0.001352	
0.279129	0.973088	0.001355	
0.196402	0.988476	0.000057	
0.123383	1.012936	0.000138	
0.059518	1.011480	0.000134	
0.000090	1.005760	0.000078	
1.001981	0.000002	0.057884	
1.021214	0.062348	0.070877	
0.994933	0.132011	0.064366	
0.979329	0.208257	0.067304	
0.964034	0.295401	0.069376	
0.926118	0.378451	0.071538	
0.886010	0.484754	0.080618	
0.821316	0.572090	0.086079	
0.755439	0.674445	0.087068	
0.669905	0.753445	0.086699	
0.581011	0.833477	0.083544	
0.493769	0.895847	0.071750	
0.389072	0.931932	0.075347	
0.292151	0.969620	0.073216	
0.214935	1.023241	0.070793	
0.133546	0.998511	0.068626	
0.062914	1.014936	0.064788	
0.002463	1.010400	0.059275	
1.008471	0.000849	0.119017	
0.999296	0.068927	0.133547	
0.996992	0.143347	0.141164	
0.975476	0.224384	0.144131	
0.946933	0.310839	0.156113	
0.904674	0.412465	0.164533	
0.849692	0.510325	0.170296	
0.788422	0.606364	0.173700	
0.694218	0.706288	0.170155	
0.612823	0.779302	0.164166	
0.513436	0.850497	0.173147	
0.412666	0.899892	0.171190	
0.313036	0.940920	0.158515	
0.221639	0.968994	0.149648	
0.140813	0.986804	0.140209	
0.067932	1.004588	0.136060	
0.002504	1.004081	0.132432	
0.989804	0.000842	0.197498	
0.990508	0.070105	0.209341	
0.993998	0.154901	0.229792	
0.952853	0.236112	0.243594	
0.923724	0.339911	0.250064	
0.873794	0.440274	0.260906	
0.805609	0.539401	0.276475	
0.732263	0.641942	0.279220	
0.636386	0.728113	0.272138	
0.538235	0.813219	0.274185	
0.436454	0.880601	0.261156	
0.334690	0.926557	0.238776	
0.234960	0.948779	0.245014	
0.152812	0.986673	0.229045	
0.072140	0.981143	0.209654	
0.000044	0.989232	0.196208	
0.980112	0.002310	0.276061	
0.962524	0.075087	0.297043	
0.942331	0.147682	0.313359	
0.911831	0.251259	0.331970	
0.878734	0.352950	0.352639	
0.827414	0.458929	0.365015	
0.750957	0.579517	0.371389	
0.665031	0.668406	0.365979	
0.567076	0.755959	0.368751	
0.461654	0.837599	0.366435	
0.357934	0.892233	0.357865	
0.251567	0.925050	0.336474	
0.153373	0.949823	0.310714	
0.082798	0.964075	0.297065	
0.000778	0.966789	0.272573	
0.939396	0.000965	0.359586	
0.923044	0.079973	0.396469	
0.916738	0.158351	0.418487	
0.874056	0.262179	0.430923	
0.827362	0.363918	0.469322	
0.755919	0.472940	0.473579	
0.676552	0.567012	0.493171	
0.579715	0.664990	0.479233	
0.464695	0.763843	0.475696	
0.357204	0.815859	0.460945	
0.261586	0.870532	0.438277	
0.169492	0.899224	0.411624	
0.080087	0.935865	0.393334	
0.001020	0.943937	0.363807	
0.903161	0.000766	0.450496	
0.883808	0.080555	0.480118	
0.852856	0.170058	0.511019	
0.824489	0.275957	0.549381	
0.749345	0.373262	0.566101	
0.688043	0.473160	0.583767	
0.591462	0.590204	0.587671	
0.496358	0.671865	0.586066	
0.376048	0.748664	0.575148	
0.265910	0.806423	0.537267	
0.159356	0.847235	0.537088	
0.060833	0.876136	0.486210	
0.002191	0.909328	0.450489	
0.855168	0.000736	0.542352	
0.821549	0.084174	0.576804	
0.789186	0.180804	0.616227	
0.742978	0.278794	0.618929	
0.655076	0.378630	0.668290	
0.589470	0.499392	0.687160	
0.483698	0.574966	0.671609	
0.385110	0.650392	0.666453	
0.272869	0.728718	0.638958	
0.179159	0.794772	0.620713	
0.092237	0.824086	0.577146	
0.002061	0.846873	0.537246	
0.848941	0.000754	0.680866	
0.762007	0.064972	0.670331	
0.701992	0.180118	0.696668	
0.651083	0.268705	0.716506	
0.561819	0.374550	0.752032	
0.476716	0.475702	0.766750	
0.374383	0.565656	0.750742	
0.274162	0.644860	0.732222	
0.172349	0.706618	0.708040	
0.082454	0.754055	0.674226	
0.002883	0.794530	0.636419	
0.715005	0.001371	0.719721	
0.667879	0.081423	0.749714	
0.609002	0.181874	0.781844	
0.536927	0.269061	0.805863	
0.462189	0.366036	0.824710	
0.357856	0.463168	0.820620	
0.271841	0.541053	0.806878	
0.180228	0.602011	0.790155	
0.092323	0.676361	0.759402	
0.000044	0.715927	0.709637	
0.628269	0.000607	0.786656	
0.569848	0.095440	0.819243	
0.511477	0.170783	0.853998	
0.439675	0.258789	0.869846	
0.357184	0.349743	0.875187	
0.260894	0.435635	0.870057	
0.163534	0.514720	0.854397	
0.083552	0.571410	0.818819	
0.000546	0.630261	0.788540	
0.541021	0.000458	0.850764	
0.479426	0.078792	0.881237	
0.415415	0.166651	0.909970	
0.338942	0.251780	0.930409	
0.258481	0.333304	0.929443	
0.170037	0.414838	0.923970	
0.079181	0.479714	0.880802	
0.003499	0.542502	0.852473	
0.455378	0.001067	0.917314	
0.385197	0.075388	0.930939	
0.317451	0.155853	0.943153	
0.239618	0.240652	0.952473	
0.157953	0.314664	0.946775	
0.079897	0.376350	0.937157	
0.001160	0.454321	0.903356	
0.357705	0.000203	0.935822	
0.293656	0.068758	0.960409	
0.227128	0.146391	0.977423	
0.153680	0.229255	0.974902	
0.075884	0.296666	0.960987	
0.000989	0.354366	0.942764	
0.274988	0.000065	0.973508	
0.222046	0.069091	0.984681	
0.140640	0.141333	0.982748	
0.071039	0.215849	1.006373	
0.001781	0.276114	0.972646	
0.198261	0.000151	0.984182	
0.131593	0.068617	0.999544	
0.068695	0.133826	1.009125	
0.000030	0.202133	0.984976	
0.123824	0.000290	1.005540	
0.063065	0.060715	1.015746	
0.000065	0.125113	1.004941	
0.062695	0.000042	1.002739	
0.000079	0.059358	1.008014	
0.001898	0.000379	1.008182	
0.000000	0.000000	0.000000	
0.000000	0.000000	0.000000	
0.000000	0.000000	0.000000	
0.000000	0.000000	0.000000	
0.000000	0.000000	0.000000	
0.000000	0.000000	0.000000	
0.000000	0.000000	0.000000	
0.000000	0.000000	0.000000	
0.000000	0.000000	0.000000	
0.000000	0.000000	0.000000	
