2.190104	0.047861	0.002577	
2.127885	0.075612	0.002504	
2.545457	0.272706	0.024276	
2.810639	0.599450	0.014585	
2.317528	0.717363	0.012374	
1.995502	0.791014	0.024160	
2.150772	1.109418	0.018412	
2.124852	1.423120	0.019457	
2.400640	1.910792	0.011377	
1.854883	1.695189	0.029038	
1.320617	1.745772	0.002575	
1.190975	1.777062	0.002328	
1.105862	2.012072	0.007789	
0.812304	2.190589	0.001621	
1.002795	3.693977	0.007851	
0.393044	2.307001	0.008842	
0.373238	2.388375	0.016136	
0.132371	2.286824	0.018370	
0.052838	2.178837	0.030070	
2.279959	0.046826	0.178904	
2.567015	0.242804	0.237264	
2.508692	0.372282	0.111232	
2.096479	0.399716	0.200190	
2.250836	0.734373	0.219226	
2.846210	1.219998	0.338395	
2.056425	1.105949	0.190346	
2.501970	1.778471	0.283990	
2.183350	1.953497	0.207859	
1.456429	1.628756	0.141436	
1.247330	1.724958	0.195037	
1.269252	2.174819	0.175086	
0.815126	2.046805	0.187129	
0.816196	2.292680	0.190609	
0.421971	2.254013	0.179903	
0.265096	2.155995	0.159825	
0.170278	2.941695	0.193978	
0.002242	2.382163	0.175271	
2.267424	0.016911	0.322592	
2.108962	0.174225	0.284820	
3.054607	0.460823	0.458909	
2.309969	0.506248	0.347148	
2.018798	0.708759	0.287976	
1.831428	0.932597	0.370695	
1.849293	1.079164	0.288183	
1.666078	1.266112	0.422345	
2.034197	1.999144	0.522121	
1.463973	1.802635	0.316824	
1.133564	1.890436	0.313595	
0.877575	1.906656	0.298452	
1.107347	3.129615	0.499755	
0.534619	2.660486	0.381005	
0.302727	2.285342	0.322225	
0.124818	2.097322	0.232146	
0.006571	2.033678	0.236262	
2.103510	0.034550	0.452769	
2.253738	0.179702	0.486578	
2.253047	0.392419	0.492190	
2.354386	0.537644	0.535163	
3.411452	1.239444	0.842971	
1.996045	1.031718	0.483571	
1.978235	1.324923	0.514508	
2.553878	2.232418	0.928048	
1.745610	2.015548	0.868263	
1.943728	2.890584	0.745674	
1.159193	2.249101	0.743313	
0.732828	2.220516	0.719719	
0.853122	3.035261	0.873947	
0.395451	2.818901	0.669167	
0.125752	2.512062	0.543187	
0.040491	2.604088	0.487121	
2.168505	0.019859	0.652071	
2.396191	0.199964	0.659912	
2.164491	0.384028	0.734497	
2.448895	0.679415	0.879611	
2.327499	0.934857	0.937870	
1.642127	0.899926	0.846877	
1.557292	1.220537	0.842764	
1.640111	1.616231	0.980786	
1.481077	2.009648	0.862012	
0.957144	1.773874	0.858602	
0.713028	1.964687	0.863712	
0.690040	2.231073	0.759280	
0.274628	2.046709	0.691162	
0.178308	2.189140	0.679925	
0.005391	2.133424	0.636479	
2.580293	0.002919	0.880481	
2.019245	0.228411	0.860619	
1.848965	0.361444	0.903650	
3.101604	0.868152	1.464475	
2.099038	0.952132	1.141057	
1.875604	1.008704	1.105663	
2.180748	1.943749	1.423174	
1.215757	1.497000	0.972451	
1.516340	2.201438	1.472108	
1.002764	2.517969	1.329539	
0.600744	2.137345	1.084904	
0.356558	1.912189	0.840172	
0.122971	1.994317	0.846559	
0.060751	2.056755	0.771829	
2.631990	0.025103	1.291185	
2.105013	0.142289	1.082822	
1.816822	0.355160	1.103332	
1.732869	0.608375	1.130707	
1.693866	0.755750	1.391292	
1.457794	0.954608	1.345041	
1.264725	1.324703	1.292042	
0.963327	1.421183	1.325255	
0.729894	1.675428	1.125137	
0.648764	1.726821	1.150277	
0.367412	1.828397	1.110737	
0.159299	1.955759	1.027173	
0.040394	2.153469	1.117008	
2.160471	0.003581	1.403687	
1.723179	0.209135	1.197877	
1.730406	0.301389	1.297853	
1.617351	0.567819	1.323113	
2.272702	1.361529	2.379971	
1.167287	0.981756	1.555666	
1.004981	1.343898	1.482011	
0.828385	1.365470	1.436434	
0.897957	2.531498	2.165708	
0.381442	1.898215	1.498466	
0.156800	1.801031	1.282943	
0.038020	2.245252	1.443258	
1.888913	0.048083	1.481042	
2.742692	0.334894	2.383542	
1.551344	0.320540	1.489607	
1.729171	0.640845	1.942211	
1.298720	0.837161	1.665903	
1.073050	1.203902	1.810469	
0.807656	1.328343	1.676091	
0.743129	1.645872	1.820704	
0.337143	1.614772	1.726317	
0.178640	1.452856	1.435781	
0.083717	2.085810	1.657389	
1.517035	0.061784	1.534027	
1.450844	0.252697	1.530239	
1.598822	0.592536	2.119838	
1.276454	0.756127	2.144692	
1.172704	1.071741	2.384668	
0.832252	1.024777	1.709709	
0.659076	1.182499	1.678721	
0.280544	1.294841	1.742312	
0.191865	1.534944	1.652203	
0.079664	1.854571	1.868213	
1.323082	0.033138	1.703991	
1.247911	0.211502	1.904503	
1.158951	0.297363	1.802147	
1.050088	0.703296	2.214941	
1.064144	0.972528	2.476346	
0.637435	1.076547	2.192618	
0.358144	1.414845	2.127884	
0.232596	1.366982	2.018737	
0.037161	1.311380	1.699026	
1.233910	0.018780	2.161062	
1.123794	0.237924	2.013148	
1.061040	0.292644	2.234538	
1.241270	0.961641	3.379016	
0.595478	0.796295	1.878611	
0.467082	1.320079	2.940666	
0.347146	1.883456	3.450955	
0.069032	1.192590	1.954740	
1.076983	0.027807	2.026950	
0.927247	0.114582	2.202165	
0.941871	0.485781	3.229415	
0.573569	0.577012	2.309461	
0.405893	0.669054	2.002288	
0.106288	0.864430	1.986829	
0.005938	0.946966	1.909470	
1.195184	0.043857	3.060146	
0.943158	0.256578	3.114399	
0.609165	0.374708	2.421285	
0.407350	0.738069	2.868226	
0.076788	0.624508	2.004345	
0.038022	0.829090	2.159710	
0.698598	0.025648	2.372944	
0.535998	0.188178	2.096623	
0.381311	0.447506	2.732367	
0.199118	0.559319	2.391497	
0.009052	0.546578	2.075266	
0.421124	0.031154	2.251872	
0.231105	0.081136	2.105798	
0.239815	0.370783	2.513187	
0.025401	0.469528	2.254058	
0.488628	0.017671	3.875160	
0.187945	0.150081	2.067810	
0.006179	0.373114	2.511897	
0.112110	0.011793	3.285740	
0.001681	0.119576	2.610127	
0.007840	0.000224	3.366092	
0.000000	0.000000	0.000000	
0.000000	0.000000	0.000000	
0.000000	0.000000	0.000000	
0.000000	0.000000	0.000000	
0.000000	0.000000	0.000000	
0.000000	0.000000	0.000000	
0.000000	0.000000	0.000000	
0.000000	0.000000	0.000000	
0.000000	0.000000	0.000000	
0.000000	0.000000	0.000000	
