5.627022	0.000000	0.000000	
5.627022	0.000000	0.000000	
9.383555	0.731436	0.000000	
11.910943	2.219654	0.000000	
10.777311	1.269629	0.000000	
9.200935	3.475814	0.000000	
9.200935	3.475814	0.000000	
12.648573	1.969672	0.000000	
5.480423	8.251944	0.000000	
0.000000	8.424627	0.000000	
0.169322	10.512668	0.000000	
0.470502	13.554055	0.000000	
0.114948	14.489005	0.000000	
0.000000	19.407996	0.000000	
0.000000	19.407996	0.000000	
0.000000	41.986719	0.000000	
0.000000	41.986719	0.000000	
0.473262	69.628588	0.000000	
0.000000	77.883337	0.000000	
8.706062	0.000000	0.000000	
9.383555	0.731436	0.000000	
12.199556	1.683898	0.000000	
4.110988	0.418728	0.000000	
9.849962	2.521250	0.513918	
5.487616	1.673236	0.435432	
12.017671	4.792602	0.394924	
0.000000	8.424627	0.000000	
6.903538	7.148381	0.020643	
6.034082	8.710471	0.556485	
4.417205	10.444965	0.114288	
4.417205	10.444965	0.114288	
5.145398	12.653249	1.192963	
5.145398	12.653249	1.192963	
0.442789	14.621487	1.485536	
0.208523	10.882925	2.113160	
0.679467	9.480550	2.592993	
0.000000	70.624284	0.672995	
14.577938	0.000000	2.004574	
7.475909	0.813145	0.000000	
3.655248	0.381463	0.185758	
4.335712	0.081008	0.439497	
5.487616	1.673236	0.435432	
9.932582	0.000000	1.850276	
10.756885	0.564312	1.459706	
6.903538	7.148381	0.020643	
4.896651	7.992682	0.018725	
6.034082	8.710471	0.556485	
4.630415	11.314300	2.025015	
4.047249	9.360912	0.506476	
4.047249	9.360912	0.506476	
3.707505	15.255972	0.000000	
0.000000	12.963491	0.000000	
0.000000	18.375190	1.634736	
0.000000	18.375190	1.634736	
8.180001	0.000000	2.556911	
4.335712	0.081008	0.439497	
3.655248	0.381463	0.185758	
8.363002	0.503981	2.189870	
8.363002	0.503981	2.189870	
7.872535	1.218506	2.253004	
5.193582	5.934085	1.675137	
7.872535	1.218506	2.253004	
4.201048	6.615865	2.043691	
4.201048	6.615865	2.043691	
3.461472	7.949615	0.000000	
3.461472	7.949615	0.000000	
0.473315	8.975749	2.734168	
0.876840	8.337905	2.503937	
0.000000	11.750133	0.517981	
0.000000	12.963491	0.000000	
14.745027	0.000000	4.136183	
7.475909	0.813145	0.000000	
6.771624	1.027668	0.338699	
6.903876	2.315739	3.441373	
6.903876	2.315739	3.441373	
7.367577	1.928419	3.476646	
7.115211	4.772630	1.514972	
5.193582	5.934085	1.675137	
4.201048	6.615865	2.043691	
3.586566	7.144433	2.405517	
3.423035	6.907468	3.448312	
0.455613	8.615907	3.004775	
0.455613	8.615907	3.004775	
0.679467	9.480550	2.592993	
0.000000	10.240037	1.454304	
14.745027	0.000000	4.136183	
6.771624	1.027668	0.338699	
7.341627	1.467720	2.710721	
7.367577	1.928419	3.476646	
6.806468	3.251146	3.800930	
6.781327	4.163474	0.961131	
3.896900	4.644146	4.078252	
3.896900	4.644146	4.078252	
3.793956	5.844357	3.679860	
3.424965	7.429178	0.659710	
1.013333	2.408722	1.230363	
1.013333	2.408722	1.230363	
0.005858	9.934065	3.077035	
0.000000	10.275352	1.459319	
11.476542	0.000000	5.887012	
8.938436	0.073740	4.766333	
7.341627	1.467720	2.710721	
7.425009	2.630999	4.584564	
6.806468	3.251146	3.800930	
3.824256	4.078763	5.080100	
3.859491	4.636448	4.848097	
3.793956	5.844357	3.679860	
3.064487	7.032330	1.796762	
1.694091	6.823007	2.894479	
1.694091	6.823007	2.894479	
0.005858	9.934065	3.077035	
0.000000	10.240037	1.454304	
11.476542	0.000000	5.887012	
6.924720	0.183946	6.071113	
6.924720	0.183946	6.071113	
5.778054	2.188728	4.147466	
5.778054	2.188728	4.147466	
3.824256	4.078763	5.080100	
3.859491	4.636448	4.848097	
3.005029	6.241456	4.290361	
1.995991	7.202688	4.829863	
1.363548	7.420015	2.126573	
0.000000	8.941395	2.549313	
0.000000	8.941395	2.549313	
10.097053	0.000000	8.606591	
6.924720	0.183946	6.071113	
7.040502	1.419746	2.366474	
3.497986	1.460355	7.060214	
3.497986	1.460355	7.060214	
1.478274	1.841100	6.668949	
1.702986	5.608218	7.373105	
1.601304	6.394527	4.859254	
1.702986	5.608218	7.373105	
0.000000	8.941395	2.549313	
0.000000	8.941395	2.549313	
9.145484	0.000000	8.629288	
2.936424	0.721668	8.016442	
4.054242	1.447609	7.463224	
4.054242	1.447609	7.463224	
3.535330	1.736497	7.141758	
2.466189	4.271280	7.667836	
2.336444	2.369443	8.189057	
1.995991	7.202688	4.829863	
0.400118	7.223787	7.988985	
0.000000	8.881209	8.783268	
6.839173	0.000000	10.078466	
5.614551	0.302717	9.787294	
2.936424	0.721668	8.016442	
3.535330	1.736497	7.141758	
2.698288	3.593435	8.572974	
2.336444	2.369443	8.189057	
1.693710	2.897532	9.319972	
0.000000	6.716256	9.408069	
0.000000	5.584206	9.801779	
6.839173	0.000000	10.078466	
5.614551	0.302717	9.787294	
4.447627	0.263129	7.685471	
2.490854	2.820596	10.475140	
2.704053	2.665305	9.642233	
1.788329	4.770885	10.470820	
0.000000	5.417459	9.892126	
0.000000	5.584206	9.801779	
5.532404	0.000000	11.005687	
0.811466	0.763021	10.980668	
3.226288	1.422528	10.510827	
2.601384	0.738201	10.895508	
1.325206	2.889209	10.821842	
0.000000	3.830657	10.890197	
0.000000	5.293543	10.705280	
3.283356	0.000000	10.572476	
3.283356	0.000000	10.572476	
1.031679	0.941698	10.953475	
0.855110	2.443749	10.951070	
0.769807	2.007658	10.961134	
0.000000	3.830657	10.890197	
0.000000	0.000000	11.197837	
1.486065	0.307068	11.017264	
1.031679	0.941698	10.953475	
0.769807	2.007658	10.961134	
0.000000	1.510900	11.027062	
0.000000	0.000000	11.240052	
0.885684	0.166059	11.091382	
0.181426	1.059573	11.064564	
0.000000	1.506800	10.997133	
0.000000	0.000000	11.200944	
0.541503	0.371116	11.152993	
0.000000	0.918263	11.133447	
0.000000	0.000000	11.175879	
0.000000	0.000000	11.175879	
0.000000	0.000000	11.346117	
0.000000	0.000000	0.000000	
0.000000	0.000000	0.000000	
0.000000	0.000000	0.000000	
0.000000	0.000000	0.000000	
0.000000	0.000000	0.000000	
0.000000	0.000000	0.000000	
0.000000	0.000000	0.000000	
0.000000	0.000000	0.000000	
0.000000	0.000000	0.000000	
0.000000	0.000000	0.000000	
