2.023672	0.000000	0.000000	
2.017230	0.117686	0.000000	
1.071255	0.136924	0.000000	
1.997299	0.336685	0.000000	
2.000552	0.574482	0.000000	
1.968309	0.609452	0.000000	
1.948402	0.879277	0.000000	
1.795237	1.105626	0.000000	
1.709337	1.213100	0.000000	
1.464157	1.439052	0.000000	
1.234084	1.712139	0.000000	
1.223288	1.764750	0.000000	
0.866294	1.999050	0.000000	
0.417624	2.049433	0.000000	
0.068376	2.039432	0.000000	
0.035341	2.055723	0.000000	
0.035341	2.055723	0.000000	
0.040324	2.058718	0.000000	
0.000000	2.071317	0.000000	
2.027615	0.000000	0.034261	
2.013452	0.117465	0.040594	
1.071255	0.136924	0.000000	
1.977088	0.319865	0.090106	
1.936869	0.571299	0.000000	
1.868868	0.780729	0.141593	
1.771500	0.941376	0.121961	
1.722773	1.178601	0.000000	
1.571976	1.407174	0.000000	
1.388148	1.488319	0.172493	
1.194764	1.688195	0.172737	
0.956336	1.826466	0.107693	
0.687082	1.922543	0.140246	
0.478107	2.017532	0.145136	
0.288205	2.010923	0.000000	
0.047886	2.015914	0.000000	
0.039632	2.023387	0.000000	
0.000000	2.071317	0.000000	
2.004391	0.000000	0.152968	
1.997234	0.007937	0.138534	
1.990954	0.166632	0.225529	
1.974071	0.434750	0.137851	
1.901205	0.589626	0.245342	
1.868868	0.780729	0.141593	
1.771500	0.941376	0.121961	
1.604764	1.219505	0.345405	
1.464157	1.439052	0.000000	
1.264323	1.568502	0.307897	
1.017220	1.793179	0.148972	
0.813084	1.841427	0.253537	
0.472336	1.962951	0.026354	
0.435689	1.987736	0.000000	
0.198758	2.004399	0.000000	
0.047886	2.015914	0.000000	
0.000000	2.055673	0.131309	
1.991244	0.000000	0.344308	
1.991244	0.000000	0.344308	
1.985199	0.000000	0.450637	
1.927940	0.481369	0.463544	
1.901205	0.589626	0.245342	
1.810521	0.918419	0.061153	
1.666602	1.101068	0.444472	
1.533535	1.366374	0.431664	
1.330042	1.445932	0.576690	
1.115649	1.706202	0.357270	
0.906400	1.770947	0.493909	
0.626705	1.929029	0.387188	
0.491621	1.974710	0.000000	
0.198572	1.982579	0.265586	
0.056531	2.024609	0.000000	
0.000000	2.043589	0.261975	
1.985199	0.000000	0.450637	
1.991358	0.000000	0.522985	
1.957063	0.163899	0.647093	
1.923782	0.419778	0.532492	
1.764204	0.711862	0.711421	
1.728122	0.820183	0.726786	
1.604764	1.219505	0.345405	
1.448164	1.436280	0.762546	
1.118191	1.664584	0.751352	
0.836697	1.708820	0.721091	
0.723351	1.888575	0.489623	
0.000000	1.917878	0.641598	
0.000000	1.917878	0.641598	
0.033518	2.011580	0.000000	
0.000000	2.037320	0.000000	
1.976900	0.000000	0.665766	
1.965942	0.148883	0.696746	
1.886132	0.193867	0.745296	
1.878646	0.492358	0.593944	
1.764204	0.711862	0.711421	
1.672591	0.830979	0.841369	
1.407386	1.159808	1.018432	
1.119403	1.477569	1.040109	
0.762216	1.687578	0.834302	
0.762216	1.687578	0.834302	
0.305848	1.842977	0.765935	
0.305848	1.842977	0.765935	
0.098489	1.954531	0.774296	
0.000000	2.004241	0.675997	
1.933651	0.000000	0.950296	
1.926424	0.000000	0.908085	
1.882211	0.308240	0.907562	
1.711601	0.409425	1.070626	
1.606289	0.796847	1.119843	
1.267131	0.969079	1.313487	
1.225048	1.161657	1.277112	
0.771079	1.452815	1.163154	
0.771079	1.452815	1.163154	
0.552531	1.867393	1.210408	
0.001776	1.894832	1.072585	
0.000000	1.895057	0.983890	
0.000000	2.004241	0.675997	
1.905777	0.000000	1.091612	
1.824335	0.149286	1.253362	
1.693587	0.006474	1.299926	
1.517365	0.433215	1.324446	
1.436045	0.526567	1.398192	
1.207996	0.937831	1.380892	
1.101178	0.987676	1.540757	
0.776047	1.489833	1.520808	
0.000000	1.657220	1.248525	
0.000000	1.657220	1.248525	
0.000000	1.887722	1.281797	
0.000000	1.895057	0.983890	
1.824417	0.000000	1.270679	
1.490031	0.092574	1.457473	
1.371364	0.326131	1.462415	
1.228311	0.368233	1.575001	
1.208060	0.339047	1.593238	
0.969008	0.722532	1.759164	
0.758626	1.296951	1.750786	
0.000000	1.454261	1.491567	
0.000000	1.454261	1.491567	
0.000000	1.783627	1.547502	
0.000000	1.667026	1.454253	
1.678113	0.000000	1.638964	
1.437878	0.004637	1.568544	
1.267404	0.225573	1.622224	
1.189841	0.095933	1.664981	
0.969008	0.722532	1.759164	
0.000000	1.004532	1.866354	
0.382972	1.100083	1.690143	
0.000000	1.319792	1.802813	
0.000000	1.477696	1.737964	
0.000000	1.667026	1.454253	
1.322081	0.000000	1.670600	
1.257682	0.178416	1.711428	
1.090726	0.209741	1.789814	
0.866716	0.435571	1.872271	
0.798296	0.647641	1.872613	
0.236004	0.953293	1.903579	
0.000000	1.040044	1.865916	
0.000000	1.293188	1.810532	
0.000000	1.419125	1.880265	
1.064318	0.000000	2.003337	
0.724585	0.000000	1.998850	
0.842354	0.022636	1.939090	
0.688049	0.365530	1.951947	
0.000000	0.000000	2.128769	
0.015905	0.594778	2.048414	
0.000000	1.004532	1.866354	
0.000000	1.146394	2.004906	
0.724585	0.000000	1.998850	
0.842354	0.022636	1.939090	
0.153482	0.094608	2.085314	
0.502269	0.476250	2.107103	
0.202438	0.453186	2.039073	
0.015905	0.594778	2.048414	
0.000000	1.008555	2.015815	
0.000000	0.000000	2.339658	
0.343950	0.082023	2.206141	
0.000000	0.000000	2.128769	
0.202438	0.453186	2.039073	
0.101496	0.543149	2.093438	
0.000000	0.843499	2.169682	
0.000000	0.000000	2.339658	
0.000000	0.000000	2.155801	
0.074404	0.166868	2.249009	
0.000000	0.000000	2.155801	
0.000000	0.559480	2.350138	
0.000000	0.000000	2.528506	
0.049003	0.131829	2.253846	
0.000000	0.000000	2.260441	
0.000000	0.000000	2.260441	
0.000000	0.000000	2.532039	
0.041526	0.056764	2.430043	
0.000000	0.000000	2.340907	
0.000000	0.000000	2.528506	
0.000000	0.106029	2.695028	
0.000000	0.000000	2.696014	
0.000000	0.000000	0.000000	
0.000000	0.000000	0.000000	
0.000000	0.000000	0.000000	
0.000000	0.000000	0.000000	
0.000000	0.000000	0.000000	
0.000000	0.000000	0.000000	
0.000000	0.000000	0.000000	
0.000000	0.000000	0.000000	
0.000000	0.000000	0.000000	
0.000000	0.000000	0.000000	
