101.175953	0.000000	0.000000	
51.504318	3.262938	0.000000	
51.504318	3.262938	0.000000	
101.175953	0.000000	0.000000	
80.923943	28.002931	0.000000	
80.923943	28.002931	0.000000	
87.268800	0.000000	0.000000	
87.268800	0.000000	0.000000	
64.498095	56.155346	0.000000	
58.207775	66.608825	0.000000	
0.000000	81.233134	0.000000	
47.950405	71.843086	0.000000	
26.445075	97.476448	0.000000	
28.666209	71.542383	0.000000	
12.259087	84.118508	0.000000	
0.000000	101.000000	0.000000	
11.131658	78.798621	0.000000	
0.000000	101.000000	0.000000	
0.000000	101.000000	0.000000	
104.379056	0.000000	1.627335	
70.272074	0.000000	5.671538	
74.311595	11.144288	5.749880	
60.013419	0.872674	0.000000	
60.013419	0.872674	0.000000	
48.565750	0.887641	3.862228	
50.281022	1.746275	2.688229	
94.993333	0.000000	8.985867	
58.207775	66.608825	0.000000	
38.975284	52.327344	1.427407	
1.677185	54.904917	1.726461	
1.677185	54.904917	1.726461	
0.000000	66.328330	0.901863	
24.918741	83.396231	2.367381	
0.000000	88.266166	5.070596	
11.131658	78.798621	0.000000	
0.000000	88.266166	5.070596	
0.000000	92.029946	2.291092	
53.665965	0.000000	4.347757	
53.665965	0.000000	4.347757	
68.931220	1.002351	1.074795	
68.822342	4.142255	0.000000	
58.185921	4.551270	11.791003	
48.565750	0.887641	3.862228	
58.185921	4.551270	11.791003	
71.795532	6.789778	14.129275	
73.663499	17.491614	17.508691	
1.677185	54.904917	1.726461	
1.677185	54.904917	1.726461	
0.000000	66.328330	0.901863	
20.703998	20.677552	4.082466	
12.259087	84.118508	0.000000	
0.000000	90.589871	4.513279	
0.000000	84.946817	7.210226	
0.000000	84.946817	7.210226	
70.272074	0.000000	5.671538	
84.211883	0.000000	10.235645	
68.931220	1.002351	1.074795	
59.031785	5.906990	16.567677	
59.031785	5.906990	16.567677	
44.710619	0.000000	15.457384	
71.795532	6.789778	14.129275	
0.000000	55.085525	16.739971	
0.000000	55.085525	16.739971	
49.505362	64.845589	24.354087	
33.728766	56.335880	12.600654	
12.959267	21.500111	2.244096	
12.959267	21.500111	2.244096	
0.000000	69.417365	13.907819	
0.000000	60.147304	13.836696	
0.000000	69.417365	13.907819	
84.211883	0.000000	10.235645	
68.822342	4.142255	0.000000	
63.531307	10.992173	9.578048	
64.759458	9.922012	23.034174	
64.759458	9.922012	23.034174	
44.710619	0.000000	15.457384	
76.833354	14.698222	28.258417	
49.505362	64.845589	24.354087	
16.004326	51.811988	40.468753	
33.728766	56.335880	12.600654	
20.703998	20.677552	4.082466	
3.285506	69.643588	25.897941	
5.851952	75.502663	18.415325	
5.851952	75.502663	18.415325	
0.000000	60.147304	13.836696	
96.697436	0.000000	1.507574	
77.791923	0.000000	19.998045	
63.829877	11.043831	7.250826	
69.159769	0.000000	23.370084	
63.800397	0.000000	34.754639	
14.924833	0.063778	22.991501	
58.657898	35.470624	47.105335	
0.000000	62.732929	44.108467	
16.004326	51.811988	40.468753	
22.453839	42.382885	4.760785	
4.036429	65.139528	32.308018	
8.121719	66.304352	15.926785	
4.828271	75.565173	15.419038	
0.000000	89.019372	23.516409	
82.807278	0.000000	6.887712	
75.981201	1.690297	0.000000	
63.531307	10.992173	9.578048	
76.833354	14.698222	28.258417	
73.674169	0.000000	28.850196	
58.657898	35.470624	47.105335	
38.036610	50.044344	50.217536	
38.036610	50.044344	50.217536	
21.795044	46.488960	19.275308	
1.694091	6.823007	2.894479	
1.694091	6.823007	2.894479	
0.000000	55.895377	6.775959	
0.000000	54.683620	6.629063	
86.866288	0.000000	59.618062	
79.862823	6.441664	0.000000	
74.960054	0.000000	31.433508	
74.960054	0.000000	31.433508	
14.924833	0.063778	22.991501	
42.309737	0.000000	37.718339	
42.309737	0.000000	37.718339	
29.493888	54.956398	0.000000	
21.735575	62.681791	45.234195	
13.515872	75.346193	0.000000	
4.036429	65.139528	32.308018	
0.000000	55.895377	6.775959	
77.003714	0.000000	28.713996	
47.364290	0.490424	29.391420	
30.453003	0.000000	69.198005	
35.211673	21.902718	33.612701	
0.000000	0.000000	67.302226	
11.718976	14.044668	65.062104	
8.543420	46.578424	62.224499	
22.255868	47.044925	65.374184	
11.194468	66.724713	67.775754	
2.390132	77.885193	68.308789	
0.000000	54.683620	6.629063	
30.453003	0.000000	69.198005	
47.364290	0.490424	29.391420	
22.599678	11.900324	74.749086	
35.211673	21.902718	33.612701	
13.035285	1.138412	78.868258	
11.718976	14.044668	65.062104	
8.543420	46.578424	62.224499	
0.000000	0.000000	67.064319	
0.000000	66.928263	69.460343	
0.000000	66.925360	69.457330	
25.625172	0.000000	74.994250	
45.909292	0.000000	74.115187	
22.599678	11.900324	74.749086	
13.035285	1.138412	78.868258	
0.000000	24.862236	81.457933	
0.000000	0.000000	77.024016	
14.124771	5.340102	38.647193	
2.837687	12.394569	66.990724	
0.000000	4.436798	74.451329	
45.909292	0.000000	74.115187	
0.000000	0.000000	74.248306	
0.000000	0.000000	74.248306	
26.209544	18.219936	76.440910	
14.124771	5.340102	38.647193	
0.000000	13.302347	64.807523	
0.888521	12.381021	62.578738	
0.000000	34.896851	74.289736	
0.000000	0.000000	78.185520	
0.000000	0.000000	78.185520	
0.000000	0.000000	81.159741	
0.108663	1.741867	76.894605	
3.342709	7.406699	42.579969	
3.342709	7.406699	42.579969	
0.000000	34.896851	74.289736	
0.000000	0.000000	81.159741	
0.730778	1.982332	73.530740	
0.730778	1.982332	73.530740	
0.472677	0.567270	50.994654	
0.888521	12.381021	62.578738	
0.000000	24.862236	81.457933	
0.000000	0.000000	81.050114	
0.135243	3.116901	62.083054	
0.135243	3.116901	62.083054	
0.472677	0.567270	50.994654	
0.000000	0.000000	81.050114	
0.000000	0.000000	58.458298	
0.139487	0.361575	53.532366	
0.139487	0.361575	53.532366	
0.000000	0.000000	58.458298	
0.000000	0.000000	45.809776	
0.000000	0.000000	45.809776	
0.000000	0.000000	58.458298	
0.000000	0.000000	55.892284	
0.000000	0.000000	55.892284	
0.000000	0.000000	58.458298	
0.000000	0.000000	0.000000	
0.000000	0.000000	0.000000	
0.000000	0.000000	0.000000	
0.000000	0.000000	0.000000	
0.000000	0.000000	0.000000	
0.000000	0.000000	0.000000	
0.000000	0.000000	0.000000	
0.000000	0.000000	0.000000	
0.000000	0.000000	0.000000	
0.000000	0.000000	0.000000	
