0.579490	0.579459	0.576928	
0.712944	0.707804	0.000000	
0.712944	0.707804	0.000000	
0.713930	0.707921	0.000000	
0.711540	0.707637	0.000000	
0.712013	0.707694	0.000000	
0.711540	0.707637	0.000000	
0.712013	0.707694	0.000000	
0.716608	0.708238	0.000000	
0.716240	0.708195	0.000000	
0.716240	0.708195	0.000000	
0.711186	0.708004	0.000000	
0.716759	0.708256	0.000000	
0.711186	0.708004	0.000000	
0.711478	0.708102	0.000000	
0.709630	0.707914	0.000000	
0.713374	0.708101	0.000000	
0.710047	0.707868	0.000000	
0.710047	0.707868	0.000000	
0.712516	0.707754	0.000000	
0.712516	0.707754	0.000000	
0.710286	0.708179	0.000000	
0.707670	0.711816	0.000000	
0.707670	0.711816	0.000000	
0.707560	0.710888	0.000000	
0.707683	0.711922	0.000000	
0.707556	0.710859	0.000000	
0.707693	0.712004	0.000000	
0.707449	0.709965	0.000000	
0.707691	0.711991	0.000000	
0.707449	0.709965	0.000000	
0.707570	0.710978	0.000000	
0.707691	0.711991	0.000000	
0.707570	0.710978	0.000000	
0.707683	0.711925	0.000000	
0.707683	0.711925	0.000000	
0.707755	0.712531	0.000000	
0.707983	0.713888	0.000000	
0.707850	0.712974	0.000000	
0.707921	0.713926	0.000000	
0.707850	0.712974	0.000000	
0.707981	0.714434	0.000000	
0.707921	0.713926	0.000000	
0.578680	0.581879	0.577583	
0.000000	0.000000	1.000456	
0.585668	0.580853	0.574628	
0.667910	0.667963	0.331920	
0.691408	0.689237	0.226303	
0.707333	0.698038	0.172359	
0.703361	0.702725	0.140249	
0.708714	0.703073	0.116905	
0.711596	0.705061	0.091489	
0.714062	0.705838	0.082598	
0.710864	0.706307	0.063569	
0.710864	0.706307	0.063569	
0.710523	0.706565	0.056223	
0.710523	0.706565	0.056223	
0.709416	0.706905	0.045497	
0.709416	0.706905	0.045497	
0.708749	0.707225	0.032968	
0.709147	0.707612	0.015603	
0.708749	0.707225	0.032968	
0.711547	0.707595	0.011825	
0.711212	0.707587	0.005911	
0.711212	0.707587	0.005911	
0.708016	0.708023	0.021151	
0.707384	0.710399	0.022642	
0.707345	0.709158	0.005100	
0.707345	0.709158	0.005100	
0.707174	0.712035	0.041121	
0.706728	0.708718	0.044142	
0.706704	0.709247	0.046113	
0.706704	0.709247	0.046113	
0.707134	0.713684	0.049606	
0.706467	0.710450	0.057990	
0.706467	0.710450	0.057990	
0.706093	0.708057	0.070021	
0.706093	0.708057	0.070021	
0.705579	0.713602	0.086513	
0.705274	0.715215	0.099157	
0.703991	0.712893	0.112701	
0.701937	0.710785	0.134949	
0.699387	0.715809	0.169383	
0.691253	0.704788	0.224939	
0.667910	0.667963	0.331920	
0.578680	0.581879	0.577583	
0.000000	0.000000	1.000456	
0.000000	0.000000	1.000981	
0.420768	0.412293	0.824248	
0.578313	0.581285	0.579415	
0.665277	0.645920	0.422933	
0.679687	0.671048	0.325952	
0.687238	0.681502	0.272062	
0.691408	0.689237	0.226303	
0.698676	0.693991	0.197102	
0.699520	0.698685	0.162568	
0.705549	0.699780	0.151808	
0.709897	0.701590	0.137747	
0.708992	0.702897	0.119796	
0.711250	0.703462	0.115893	
0.711948	0.704337	0.104237	
0.706884	0.704532	0.092005	
0.706634	0.705373	0.075310	
0.706466	0.705001	0.081549	
0.706466	0.705001	0.081549	
0.707686	0.705663	0.075329	
0.713265	0.706399	0.068441	
0.713265	0.706399	0.068441	
0.706552	0.709266	0.051238	
0.706552	0.709266	0.051238	
0.706024	0.713729	0.078004	
0.705298	0.709154	0.082694	
0.704994	0.707786	0.085441	
0.704994	0.707786	0.085441	
0.704182	0.707285	0.100214	
0.704126	0.710555	0.105136	
0.703215	0.707831	0.113344	
0.702247	0.706392	0.124475	
0.701246	0.702837	0.131170	
0.700157	0.706042	0.149208	
0.698893	0.715077	0.173690	
0.695758	0.709795	0.195031	
0.690933	0.699041	0.223585	
0.683411	0.689376	0.262427	
0.668776	0.673239	0.328648	
0.643058	0.654778	0.427595	
0.580050	0.583223	0.575553	
0.409998	0.409904	0.825608	
0.000000	0.000000	1.000981	
0.000000	0.000000	1.001205	
0.303055	0.302672	0.908745	
0.488286	0.488538	0.732678	
0.582573	0.583040	0.569842	
0.632320	0.627993	0.469842	
0.665398	0.653398	0.392296	
0.679687	0.671048	0.325952	
0.682201	0.678007	0.288328	
0.689652	0.684940	0.255403	
0.698225	0.690348	0.224734	
0.696492	0.692668	0.205323	
0.706564	0.696196	0.190079	
0.706117	0.698294	0.167694	
0.705321	0.699718	0.153863	
0.704014	0.699944	0.149626	
0.713282	0.702215	0.135402	
0.706389	0.702718	0.117913	
0.706389	0.702718	0.117913	
0.714144	0.704388	0.111387	
0.713195	0.704529	0.103637	
0.708016	0.708023	0.021151	
0.703923	0.709492	0.106289	
0.703103	0.708787	0.117037	
0.702410	0.707418	0.123638	
0.701798	0.705768	0.129006	
0.701207	0.703216	0.133403	
0.700311	0.704793	0.144929	
0.699685	0.701061	0.146742	
0.698453	0.704467	0.164004	
0.696669	0.708896	0.186124	
0.694110	0.702644	0.200610	
0.689095	0.693640	0.229271	
0.687391	0.700833	0.250895	
0.679261	0.688052	0.285942	
0.668776	0.673239	0.328648	
0.651718	0.658946	0.394013	
0.627171	0.634682	0.468151	
0.582573	0.583040	0.569842	
0.488286	0.488538	0.732678	
0.303055	0.302672	0.908745	
0.000000	0.000000	1.001646	
0.000000	0.000000	1.001439	
0.233073	0.232380	0.946297	
0.420768	0.412293	0.824248	
0.522094	0.517236	0.686946	
0.587757	0.584872	0.572878	
0.627394	0.618260	0.493021	
0.653106	0.643547	0.425479	
0.665719	0.659859	0.364360	
0.679474	0.671826	0.321852	
0.683081	0.676881	0.302608	
0.687238	0.681502	0.272062	
0.699160	0.687881	0.248503	
0.704613	0.691145	0.226171	
0.700213	0.693768	0.200878	
0.700022	0.694819	0.194880	
0.703281	0.696048	0.184947	
0.707695	0.698505	0.167658	
0.699520	0.698685	0.162568	
0.705549	0.699780	0.151808	
0.717852	0.702777	0.141577	
0.701068	0.707996	0.141126	
0.699555	0.703521	0.152760	
0.699040	0.707999	0.162773	
0.697544	0.701395	0.169553	
0.696360	0.698818	0.178417	
0.694296	0.696385	0.192136	
0.691866	0.693604	0.209566	
0.690393	0.699443	0.227900	
0.686525	0.695187	0.248154	
0.682482	0.692233	0.271888	
0.676489	0.679184	0.293906	
0.669969	0.679601	0.329024	
0.658522	0.667080	0.374858	
0.643058	0.654778	0.427595	
0.618539	0.618401	0.493556	
0.583909	0.593882	0.572949	
0.518697	0.519129	0.682221	
0.409878	0.405435	0.826040	
0.233073	0.232380	0.946297	
0.000000	0.000000	1.001646	
0.000000	0.000000	1.001205	
0.189696	0.189897	0.965503	
0.350533	0.348739	0.873799	
0.469416	0.462046	0.765909	
0.533051	0.532112	0.659535	
0.587757	0.584872	0.572878	
0.633864	0.614185	0.512236	
0.635029	0.633311	0.452154	
0.655123	0.649847	0.403195	
0.665719	0.659859	0.364360	
0.679379	0.670900	0.327723	
0.687372	0.675389	0.306825	
0.687620	0.680065	0.280903	
0.688291	0.683231	0.262510	
0.692381	0.688036	0.235118	
0.694647	0.689879	0.224412	
0.699633	0.692497	0.210104	
0.706770	0.694330	0.203419	
0.704736	0.695624	0.190934	
0.700955	0.700567	0.178078	
0.696589	0.711925	0.190368	
0.695200	0.704637	0.193843	
0.691866	0.693604	0.209566	
0.690213	0.695276	0.223944	
0.686630	0.689463	0.242063	
0.683684	0.690261	0.262723	
0.678880	0.681013	0.281809	
0.676496	0.684654	0.302052	
0.669915	0.683103	0.333703	
0.662129	0.675705	0.366719	
0.651316	0.658309	0.395161	
0.634480	0.646430	0.451388	
0.613553	0.617199	0.500206	
0.584877	0.593658	0.569857	
0.533051	0.532112	0.659535	
0.462478	0.465021	0.761375	
0.350162	0.353912	0.875121	
0.189696	0.189897	0.965503	
0.000000	0.000000	1.001895	
0.000000	0.000000	1.001439	
0.154137	0.154103	0.977131	
0.300802	0.300722	0.905969	
0.409412	0.409419	0.817875	
0.492486	0.490002	0.730360	
0.539618	0.538446	0.652372	
0.584420	0.580451	0.578477	
0.610277	0.606917	0.520960	
0.632320	0.627993	0.469842	
0.653106	0.643547	0.425479	
0.658374	0.654382	0.385240	
0.667214	0.662696	0.360299	
0.679379	0.670900	0.327723	
0.687372	0.675389	0.306825	
0.682853	0.678511	0.286884	
0.697080	0.683168	0.271163	
0.689769	0.685225	0.252587	
0.692381	0.688036	0.235118	
0.701895	0.690317	0.229450	
0.690213	0.695276	0.223944	
0.687612	0.694092	0.241299	
0.686483	0.691834	0.246955	
0.682354	0.686908	0.267897	
0.678064	0.683445	0.290013	
0.673507	0.679316	0.309749	
0.668599	0.676333	0.332195	
0.661810	0.671445	0.361423	
0.656161	0.668591	0.383103	
0.643999	0.649781	0.424035	
0.627167	0.639127	0.471878	
0.606813	0.610515	0.519904	
0.584877	0.593658	0.569857	
0.542224	0.549135	0.649308	
0.487430	0.494466	0.732405	
0.409051	0.406601	0.825196	
0.293988	0.294123	0.912422	
0.162070	0.163141	0.977527	
0.000000	0.000000	1.001895	
0.000000	0.000000	1.001738	
0.137706	0.137521	0.982551	
0.264833	0.266084	0.930101	
0.369132	0.368575	0.860775	
0.449830	0.446451	0.779745	
0.504153	0.505118	0.707358	
0.551235	0.549578	0.640597	
0.580855	0.580274	0.575955	
0.602750	0.602682	0.526339	
0.623637	0.622571	0.477628	
0.639340	0.636281	0.444893	
0.653251	0.647602	0.408579	
0.661303	0.655420	0.380236	
0.671247	0.662443	0.357240	
0.677075	0.670310	0.328573	
0.678051	0.672948	0.314178	
0.700045	0.679372	0.296095	
0.692344	0.682180	0.276139	
0.686182	0.687139	0.264105	
0.682135	0.693296	0.276290	
0.677976	0.682454	0.295803	
0.675042	0.684175	0.306698	
0.668599	0.676333	0.332195	
0.662993	0.670938	0.354886	
0.656758	0.667176	0.380593	
0.649529	0.655415	0.403132	
0.636326	0.647444	0.445342	
0.623637	0.622571	0.477628	
0.606813	0.610515	0.519904	
0.580402	0.583708	0.582019	
0.545740	0.549309	0.640643	
0.504153	0.505118	0.707358	
0.443512	0.448772	0.785546	
0.368858	0.373611	0.860734	
0.264833	0.266084	0.930101	
0.130698	0.130686	0.983106	
0.000000	0.000000	1.001416	
0.000000	0.000000	1.001869	
0.115249	0.115039	0.987832	
0.227700	0.227046	0.948827	
0.333210	0.332369	0.885740	
0.413632	0.410326	0.821698	
0.474707	0.471334	0.751325	
0.522094	0.517236	0.686946	
0.554664	0.552039	0.629651	
0.580855	0.580274	0.575955	
0.599661	0.600961	0.532802	
0.627394	0.618260	0.493021	
0.636361	0.632490	0.453335	
0.650296	0.643180	0.425738	
0.655117	0.650590	0.396101	
0.657827	0.656814	0.372527	
0.671215	0.666614	0.345260	
0.678105	0.669843	0.332902	
0.678051	0.672948	0.314178	
0.675189	0.678675	0.304791	
0.668332	0.674892	0.333446	
0.665796	0.669786	0.354322	
0.657415	0.662635	0.372646	
0.651316	0.658309	0.395161	
0.644943	0.655242	0.418554	
0.631349	0.634865	0.453666	
0.618377	0.623715	0.490265	
0.599103	0.603019	0.534592	
0.581864	0.592881	0.579718	
0.551647	0.556785	0.630544	
0.513535	0.517025	0.691119	
0.472708	0.475341	0.752429	
0.408663	0.409340	0.824397	
0.327277	0.326764	0.887793	
0.233909	0.234446	0.946730	
0.115589	0.115487	0.988788	
0.000000	0.000000	1.001485	
0.000000	0.000000	1.002183	
0.107229	0.107282	0.991106	
0.206401	0.205784	0.958581	
0.303376	0.301938	0.909662	
0.375574	0.374462	0.850005	
0.438335	0.437346	0.787067	
0.489105	0.486569	0.730667	
0.525124	0.525689	0.673953	
0.555680	0.556411	0.623537	
0.587879	0.582327	0.580016	
0.601705	0.599220	0.538850	
0.613553	0.617199	0.500206	
0.634527	0.628415	0.468168	
0.642895	0.637939	0.436997	
0.646110	0.645281	0.409889	
0.659420	0.654034	0.386430	
0.662004	0.659151	0.364407	
0.664375	0.665761	0.348946	
0.660118	0.672508	0.368888	
0.652473	0.656316	0.388647	
0.646543	0.654303	0.411381	
0.637839	0.647037	0.439519	
0.627297	0.636052	0.468850	
0.612294	0.615839	0.503218	
0.599103	0.603019	0.534592	
0.581864	0.592881	0.579718	
0.557759	0.557942	0.628757	
0.525912	0.526610	0.675990	
0.487430	0.494466	0.732405	
0.438068	0.438030	0.788193	
0.375574	0.374462	0.850005	
0.293988	0.294123	0.912422	
0.206401	0.205784	0.958581	
0.102082	0.102009	0.990425	
0.000000	0.000000	1.001416	
0.000000	0.000000	1.002134	
0.099600	0.099054	0.993633	
0.190715	0.190833	0.965768	
0.274568	0.275152	0.923308	
0.350533	0.348739	0.873799	
0.413632	0.410326	0.821698	
0.464800	0.459421	0.766733	
0.500767	0.499968	0.711955	
0.530962	0.530398	0.662555	
0.569890	0.561384	0.616034	
0.587879	0.582327	0.580016	
0.605865	0.597167	0.543129	
0.619516	0.610466	0.512381	
0.629976	0.623589	0.478825	
0.636361	0.632490	0.453335	
0.642956	0.642544	0.424835	
0.652629	0.649492	0.400717	
0.651754	0.666430	0.401168	
0.641025	0.647480	0.427478	
0.634480	0.646430	0.451388	
0.623979	0.635993	0.480512	
0.611933	0.618730	0.507457	
0.594490	0.595952	0.542733	
0.582643	0.589413	0.572706	
0.559996	0.569301	0.619368	
0.533060	0.533322	0.657560	
0.500767	0.499968	0.711955	
0.457117	0.460731	0.767381	
0.408663	0.409340	0.824397	
0.349861	0.350006	0.871880	
0.274568	0.275152	0.923308	
0.191846	0.192501	0.964698	
0.088771	0.088635	0.993395	
0.000000	0.000000	1.000933	
0.000000	0.000000	1.001697	
0.084227	0.084335	0.994140	
0.176246	0.176468	0.970302	
0.250207	0.251090	0.939738	
0.329351	0.325639	0.894469	
0.382383	0.381968	0.843275	
0.437778	0.434513	0.793191	
0.482313	0.475622	0.747785	
0.513176	0.509700	0.698456	
0.535792	0.535092	0.657538	
0.569890	0.561384	0.616034	
0.601404	0.585799	0.574004	
0.601110	0.595590	0.543865	
0.619516	0.610466	0.512381	
0.620975	0.619609	0.485273	
0.635582	0.631131	0.454661	
0.642956	0.642544	0.424835	
0.630768	0.641235	0.460901	
0.621049	0.622996	0.480741	
0.608338	0.613803	0.514448	
0.594490	0.595952	0.542733	
0.577668	0.581095	0.579831	
0.560158	0.568122	0.618427	
0.533060	0.533322	0.657560	
0.509302	0.514504	0.700220	
0.476005	0.481044	0.747347	
0.433976	0.435956	0.798947	
0.382383	0.381968	0.843275	
0.318662	0.319172	0.896312	
0.255426	0.255431	0.934134	
0.172367	0.172492	0.970979	
0.088785	0.088638	0.993491	
0.000000	0.000000	1.000933	
0.000000	0.000000	1.001697	
0.076205	0.076382	0.995645	
0.158948	0.159135	0.976635	
0.232167	0.232850	0.947987	
0.303376	0.301938	0.909662	
0.361323	0.358942	0.865492	
0.412384	0.411539	0.814808	
0.454154	0.451316	0.773725	
0.493841	0.487335	0.734229	
0.514117	0.513147	0.691644	
0.540556	0.540050	0.649517	
0.569700	0.563295	0.613568	
0.587031	0.579594	0.579568	
0.601032	0.594859	0.546056	
0.607332	0.609074	0.519393	
0.627600	0.619583	0.488678	
0.620975	0.619609	0.485273	
0.607173	0.615122	0.519358	
0.596767	0.603445	0.548021	
0.577668	0.581095	0.579831	
0.564880	0.573541	0.609606	
0.542451	0.549048	0.647967	
0.514526	0.517025	0.688581	
0.487847	0.490721	0.729241	
0.451871	0.454289	0.772182	
0.409878	0.405435	0.826040	
0.357913	0.359331	0.864772	
0.298496	0.298892	0.912680	
0.236684	0.238807	0.947851	
0.161596	0.162951	0.978799	
0.075117	0.075006	0.995301	
0.000000	0.000000	1.000499	
0.000000	0.000000	1.001631	
0.076205	0.076382	0.995645	
0.151392	0.150672	0.980038	
0.215823	0.215769	0.955282	
0.281359	0.281992	0.918795	
0.343204	0.339671	0.883255	
0.385573	0.384193	0.842456	
0.431096	0.429203	0.797225	
0.470355	0.467267	0.756599	
0.494410	0.496195	0.720483	
0.520271	0.519289	0.682295	
0.549818	0.546153	0.640396	
0.563047	0.562251	0.609925	
0.587031	0.579594	0.579568	
0.601032	0.594859	0.546056	
0.609105	0.607889	0.528836	
0.595218	0.608841	0.551791	
0.580393	0.584279	0.575265	
0.564880	0.573541	0.609606	
0.542451	0.549048	0.647967	
0.523364	0.525070	0.675305	
0.494410	0.496195	0.720483	
0.462934	0.463896	0.760052	
0.423400	0.423270	0.804747	
0.385573	0.384193	0.842456	
0.335536	0.335383	0.883437	
0.281359	0.281992	0.918795	
0.216367	0.217396	0.954982	
0.150338	0.149279	0.981921	
0.075117	0.075006	0.995301	
0.000000	0.000000	1.000499	
0.000000	0.000000	1.001631	
0.070796	0.070874	0.996404	
0.140096	0.140351	0.982828	
0.203893	0.204427	0.960181	
0.258476	0.259034	0.932968	
0.315661	0.316847	0.897107	
0.364762	0.363535	0.859705	
0.407074	0.404638	0.823558	
0.449830	0.446451	0.779745	
0.480284	0.478485	0.745118	
0.507217	0.505023	0.703914	
0.529943	0.526156	0.671947	
0.553613	0.548339	0.640104	
0.565950	0.564077	0.609230	
0.593867	0.581620	0.579747	
0.582533	0.585949	0.580184	
0.565120	0.567590	0.609465	
0.544796	0.547111	0.640596	
0.530869	0.526094	0.673059	
0.503443	0.509167	0.708410	
0.477238	0.482453	0.743991	
0.447562	0.454428	0.782849	
0.411791	0.409739	0.819811	
0.368614	0.367733	0.855899	
0.311802	0.312023	0.899865	
0.265220	0.265774	0.929540	
0.203893	0.204427	0.960181	
0.137107	0.137195	0.982681	
0.068857	0.068826	0.996010	
0.000000	0.000000	1.000499	
0.000000	0.000000	1.001794	
0.065126	0.065216	0.996627	
0.130775	0.130822	0.983155	
0.192547	0.192985	0.965132	
0.246057	0.246113	0.939171	
0.298965	0.298783	0.907298	
0.349420	0.346447	0.876840	
0.388527	0.387636	0.839415	
0.426800	0.427535	0.801879	
0.459908	0.458495	0.763432	
0.482752	0.483094	0.733068	
0.511426	0.511407	0.697425	
0.534752	0.529497	0.668824	
0.558118	0.551989	0.630890	
0.565120	0.567590	0.609465	
0.552287	0.552504	0.633333	
0.533945	0.541158	0.666647	
0.510843	0.514233	0.696136	
0.487230	0.489572	0.728122	
0.458837	0.464993	0.769747	
0.428109	0.427815	0.805662	
0.392550	0.399008	0.841309	
0.349462	0.348493	0.871766	
0.299752	0.299920	0.908354	
0.251453	0.252548	0.941491	
0.188504	0.189050	0.965619	
0.130466	0.130991	0.986101	
0.065502	0.065491	0.996702	
0.000000	0.000000	1.000499	
0.000000	0.000000	1.001107	
0.052515	0.052560	0.997881	
0.123120	0.123240	0.985559	
0.178323	0.178630	0.969170	
0.230848	0.231143	0.946423	
0.286959	0.286338	0.916445	
0.334344	0.332925	0.884768	
0.374664	0.372763	0.853683	
0.410396	0.410423	0.820610	
0.438580	0.439171	0.785562	
0.467930	0.467897	0.751916	
0.498817	0.495650	0.718021	
0.521418	0.517027	0.690378	
0.546554	0.536418	0.662292	
0.536751	0.542591	0.656823	
0.515992	0.515231	0.688823	
0.492478	0.492841	0.721496	
0.470893	0.476673	0.753744	
0.442017	0.442678	0.786777	
0.410656	0.413525	0.818519	
0.372366	0.370532	0.854654	
0.328123	0.328687	0.890689	
0.285882	0.285913	0.916372	
0.232936	0.233008	0.945864	
0.177924	0.177773	0.969515	
0.112597	0.112670	0.988118	
0.062113	0.061958	0.997744	
0.000000	0.000000	1.000499	
0.000000	0.000000	1.001107	
0.052515	0.052560	0.997881	
0.109645	0.109726	0.988558	
0.168155	0.168680	0.974038	
0.220353	0.221238	0.952689	
0.271529	0.271609	0.924379	
0.315533	0.315304	0.897859	
0.349407	0.348971	0.870473	
0.392562	0.390677	0.837535	
0.423325	0.423655	0.804680	
0.456107	0.455362	0.770924	
0.479417	0.479537	0.738947	
0.501674	0.502475	0.707756	
0.520541	0.520095	0.684693	
0.501002	0.502906	0.709872	
0.479694	0.479461	0.737977	
0.454703	0.453468	0.771415	
0.424231	0.422957	0.806485	
0.394368	0.393343	0.835615	
0.356244	0.359975	0.870004	
0.311802	0.312023	0.899865	
0.271720	0.271175	0.926969	
0.223797	0.224306	0.950432	
0.168155	0.168680	0.974038	
0.112597	0.112670	0.988118	
0.051852	0.051850	0.997524	
0.000000	0.000000	1.000499	
0.000000	0.000000	1.001665	
0.052518	0.052574	0.998046	
0.109645	0.109726	0.988558	
0.160473	0.160657	0.974627	
0.209776	0.209866	0.955577	
0.257728	0.257604	0.932585	
0.298965	0.298783	0.907298	
0.342434	0.341350	0.879047	
0.376950	0.377787	0.851288	
0.410396	0.410423	0.820610	
0.435518	0.436610	0.791123	
0.462679	0.463163	0.759610	
0.485422	0.485302	0.730704	
0.485422	0.485302	0.730704	
0.462679	0.463163	0.759610	
0.436902	0.439661	0.791870	
0.410656	0.413525	0.818519	
0.376277	0.377422	0.850978	
0.341791	0.343699	0.879520	
0.302386	0.302833	0.909181	
0.258419	0.258698	0.934431	
0.207200	0.206933	0.958616	
0.157832	0.157829	0.975715	
0.106510	0.106515	0.990620	
0.051852	0.051850	0.997524	
0.000000	0.000000	1.001061	
0.000000	0.000000	1.001252	
0.047246	0.047278	0.998301	
0.099341	0.099409	0.990647	
0.151768	0.151900	0.979299	
0.202398	0.202308	0.959659	
0.247280	0.247100	0.937901	
0.286742	0.286201	0.916483	
0.331152	0.328609	0.890249	
0.366869	0.363228	0.863882	
0.394163	0.393391	0.834333	
0.423325	0.423655	0.804680	
0.448709	0.447771	0.778616	
0.470810	0.470815	0.750387	
0.448709	0.447771	0.778616	
0.424231	0.422957	0.806485	
0.394368	0.393343	0.835615	
0.360878	0.363649	0.864487	
0.325362	0.325995	0.891878	
0.287823	0.289125	0.916153	
0.243109	0.243076	0.943043	
0.202391	0.202316	0.960468	
0.148740	0.148708	0.979860	
0.099600	0.099054	0.993633	
0.048034	0.048010	0.998694	
0.000000	0.000000	1.000985	
0.000000	0.000000	1.001252	
0.047246	0.047278	0.998301	
0.093925	0.093968	0.991480	
0.146375	0.146700	0.979936	
0.190550	0.190619	0.963666	
0.230196	0.230226	0.946815	
0.275245	0.274698	0.923919	
0.314017	0.313529	0.897633	
0.347860	0.347454	0.873080	
0.384397	0.382473	0.848735	
0.407161	0.407580	0.823927	
0.435518	0.436610	0.791123	
0.436902	0.439661	0.791870	
0.410393	0.408874	0.821762	
0.382143	0.384511	0.847812	
0.346972	0.349689	0.875978	
0.311297	0.311828	0.901968	
0.276863	0.278270	0.925835	
0.235230	0.235023	0.945687	
0.191733	0.191831	0.964895	
0.146632	0.146347	0.980015	
0.098491	0.098462	0.991789	
0.046011	0.046034	0.998288	
0.000000	0.000000	1.000557	
0.000000	0.000000	1.001472	
0.043415	0.043467	0.998868	
0.093925	0.093968	0.991480	
0.139071	0.139201	0.981743	
0.183988	0.184087	0.966543	
0.220156	0.219886	0.951808	
0.267216	0.265918	0.930594	
0.303822	0.301965	0.909096	
0.335536	0.335383	0.883437	
0.373074	0.368858	0.861485	
0.394163	0.393391	0.834333	
0.420840	0.419945	0.807395	
0.398419	0.402113	0.831519	
0.364660	0.368318	0.862668	
0.336988	0.334540	0.885364	
0.300115	0.299712	0.907837	
0.266127	0.266866	0.929202	
0.224352	0.223992	0.953292	
0.180699	0.181550	0.969740	
0.132105	0.132190	0.983363	
0.089766	0.089538	0.994059	
0.046011	0.046034	0.998288	
0.000000	0.000000	1.000557	
0.000000	0.000000	1.001316	
0.041001	0.041018	0.998654	
0.084662	0.084721	0.993387	
0.133432	0.133503	0.982905	
0.174485	0.174524	0.969611	
0.212170	0.211801	0.957032	
0.254916	0.254648	0.933851	
0.292104	0.290064	0.916255	
0.322291	0.322093	0.892370	
0.355465	0.356121	0.871360	
0.382677	0.382642	0.844488	
0.384352	0.380772	0.848586	
0.356244	0.359975	0.870004	
0.322185	0.321821	0.891884	
0.287823	0.289125	0.916153	
0.255754	0.257575	0.936665	
0.216906	0.215033	0.958041	
0.176673	0.176450	0.971050	
0.133324	0.133160	0.983793	
0.089766	0.089538	0.994059	
0.042253	0.042260	0.998619	
0.000000	0.000000	1.000676	
0.000000	0.000000	1.000796	
0.041001	0.041018	0.998654	
0.084660	0.084702	0.993259	
0.126525	0.126596	0.984466	
0.167257	0.167294	0.973234	
0.207820	0.207595	0.958192	
0.245576	0.245147	0.940630	
0.279493	0.277554	0.923998	
0.315657	0.313568	0.900302	
0.341845	0.342089	0.881098	
0.373008	0.371641	0.857988	
0.343042	0.345651	0.879733	
0.313147	0.311316	0.901404	
0.280657	0.281914	0.923664	
0.239867	0.239878	0.942166	
0.207581	0.207496	0.959078	
0.169441	0.169471	0.974825	
0.124560	0.124398	0.986457	
0.084479	0.084396	0.994150	
0.042249	0.042260	0.998569	
0.000000	0.000000	1.000292	
0.000000	0.000000	1.000796	
0.041255	0.041293	0.999053	
0.075185	0.075345	0.995680	
0.122767	0.123004	0.986864	
0.160931	0.161002	0.974863	
0.200000	0.200061	0.960961	
0.233105	0.232921	0.947757	
0.270562	0.270222	0.927669	
0.303173	0.303734	0.907270	
0.335529	0.332917	0.886910	
0.327930	0.327109	0.888374	
0.300115	0.299712	0.907837	
0.269407	0.269712	0.928420	
0.236684	0.238807	0.947851	
0.194269	0.194823	0.963874	
0.162027	0.161962	0.975313	
0.120671	0.121043	0.988121	
0.082220	0.082109	0.994746	
0.020188	0.020188	0.999712	
0.000000	0.000000	1.000339	
0.000000	0.000000	1.001108	
0.034640	0.034687	0.999809	
0.075185	0.075345	0.995680	
0.116138	0.116330	0.988408	
0.156162	0.156310	0.977136	
0.192690	0.192565	0.963669	
0.226536	0.226159	0.950059	
0.249667	0.249429	0.937095	
0.292450	0.292427	0.914999	
0.320581	0.318028	0.897965	
0.292165	0.291684	0.914747	
0.260658	0.260401	0.932099	
0.225494	0.225584	0.950131	
0.185931	0.185727	0.967046	
0.150572	0.150647	0.978391	
0.111699	0.111704	0.988140	
0.075249	0.075281	0.995195	
0.020188	0.020188	0.999712	
0.000000	0.000000	1.000292	
0.000000	0.000000	1.001108	
0.035442	0.035517	1.000095	
0.070136	0.070257	0.997655	
0.103084	0.103244	0.990301	
0.150469	0.150548	0.978341	
0.184711	0.184677	0.968181	
0.216339	0.216239	0.953300	
0.251521	0.250953	0.938065	
0.283639	0.282680	0.919394	
0.282906	0.283845	0.920010	
0.249955	0.249969	0.938868	
0.220364	0.219784	0.953780	
0.185931	0.185727	0.967046	
0.147618	0.147619	0.979334	
0.113018	0.113013	0.987472	
0.075249	0.075281	0.995195	
0.032597	0.032623	0.999552	
0.000000	0.000000	1.000339	
0.000000	0.000000	1.001237	
0.035442	0.035517	1.000095	
0.068419	0.068479	0.996038	
0.105212	0.105443	0.990255	
0.145073	0.145295	0.980838	
0.179148	0.179182	0.968269	
0.212335	0.212162	0.955900	
0.245137	0.243552	0.942815	
0.273308	0.272182	0.925609	
0.240083	0.239941	0.942918	
0.212181	0.212075	0.955601	
0.177451	0.177376	0.969705	
0.139464	0.139369	0.982176	
0.107647	0.107612	0.989452	
0.063765	0.063778	0.996332	
0.031910	0.031919	0.999272	
0.000000	0.000000	1.000716	
0.000000	0.000000	1.001237	
0.027962	0.027994	0.999954	
0.068419	0.068479	0.996038	
0.104200	0.104253	0.989904	
0.137364	0.137436	0.981553	
0.171656	0.171683	0.971869	
0.204149	0.203963	0.959764	
0.234189	0.233542	0.946434	
0.234189	0.233542	0.946434	
0.204149	0.203963	0.959764	
0.169742	0.169615	0.972578	
0.139464	0.139369	0.982176	
0.103511	0.103473	0.990569	
0.069049	0.069063	0.995686	
0.031910	0.031919	0.999272	
0.000000	0.000000	1.001422	
0.000000	0.000000	1.001237	
0.025800	0.025823	0.999935	
0.067952	0.068013	0.996234	
0.099185	0.099256	0.991027	
0.135296	0.135328	0.982368	
0.162678	0.162700	0.973585	
0.197234	0.197186	0.961417	
0.228596	0.228128	0.949424	
0.198339	0.198023	0.962044	
0.164767	0.164484	0.974489	
0.135656	0.135436	0.983297	
0.102235	0.102218	0.990946	
0.065721	0.065726	0.995987	
0.032893	0.032907	0.999317	
0.000000	0.000000	1.001433	
0.000000	0.000000	1.000454	
0.029381	0.029410	0.999932	
0.065591	0.065646	0.996521	
0.095833	0.095886	0.991467	
0.128130	0.128196	0.984897	
0.162423	0.162489	0.975200	
0.191306	0.191196	0.965138	
0.191674	0.191697	0.964301	
0.159876	0.159480	0.976677	
0.129745	0.129704	0.984610	
0.098984	0.098989	0.990741	
0.065721	0.065726	0.995987	
0.032893	0.032907	0.999317	
0.000000	0.000000	1.001422	
0.000000	0.000000	1.000454	
0.024732	0.024744	0.999726	
0.058948	0.058999	0.997214	
0.095833	0.095886	0.991467	
0.125514	0.125576	0.985122	
0.156524	0.156580	0.975936	
0.186122	0.186108	0.965797	
0.156524	0.156580	0.975936	
0.126816	0.126807	0.984890	
0.094431	0.094414	0.993353	
0.063765	0.063778	0.996332	
0.025864	0.025897	1.000123	
0.000000	0.000000	1.001433	
0.000000	0.000000	1.000383	
0.024732	0.024744	0.999726	
0.058948	0.058999	0.997214	
0.090777	0.090831	0.992333	
0.123053	0.123267	0.986805	
0.150998	0.151085	0.977836	
0.152835	0.153092	0.978200	
0.121054	0.121044	0.986234	
0.092560	0.092582	0.993501	
0.060310	0.060382	0.997532	
0.027800	0.027813	0.999892	
0.000000	0.000000	1.001275	
0.000000	0.000000	1.000383	
0.028421	0.028441	0.999725	
0.056801	0.056844	0.997415	
0.084777	0.084819	0.993222	
0.119381	0.119537	0.987099	
0.147992	0.148138	0.980041	
0.117826	0.118024	0.987884	
0.090128	0.090360	0.993883	
0.058166	0.058163	0.997333	
0.027800	0.027813	0.999892	
0.000000	0.000000	1.001466	
0.000000	0.000000	1.000464	
0.028421	0.028441	0.999725	
0.056801	0.056844	0.997415	
0.086895	0.086948	0.992985	
0.114349	0.114479	0.988250	
0.114349	0.114479	0.988250	
0.081088	0.081211	0.994956	
0.058166	0.058163	0.997333	
0.026808	0.026823	1.000097	
0.000000	0.000000	1.000765	
0.000000	0.000000	1.000464	
0.023283	0.023288	0.999770	
0.055734	0.055770	0.997725	
0.084777	0.084819	0.993222	
0.109376	0.109402	0.988853	
0.081070	0.081148	0.995287	
0.056291	0.056295	0.997367	
0.027172	0.027174	0.999721	
0.000000	0.000000	1.000560	
0.000000	0.000000	1.000469	
0.026585	0.026604	1.000034	
0.050511	0.050540	0.998047	
0.078657	0.078731	0.995648	
0.081070	0.081148	0.995287	
0.050681	0.050701	0.998192	
0.027172	0.027174	0.999721	
0.000000	0.000000	1.000626	
0.000000	0.000000	1.000469	
0.023283	0.023288	0.999770	
0.050511	0.050540	0.998047	
0.078657	0.078731	0.995648	
0.050681	0.050701	0.998192	
0.020260	0.020264	0.999994	
0.000000	0.000000	1.000560	
0.000000	0.000000	1.000592	
0.023462	0.023473	1.000191	
0.049166	0.049175	0.998492	
0.049763	0.049809	0.998279	
0.024018	0.024029	0.999877	
0.000000	0.000000	1.000805	
0.000000	0.000000	1.000592	
0.011730	0.011731	1.000206	
0.049763	0.049809	0.998279	
0.024018	0.024029	0.999877	
0.000000	0.000000	1.000805	
0.000000	0.000000	1.000613	
0.011730	0.011731	1.000206	
0.021153	0.021167	1.000147	
0.000000	0.000000	1.000493	
0.000000	0.000000	1.000353	
0.021153	0.021167	1.000147	
0.000000	0.000000	1.000553	
0.000000	0.000000	1.000457	
0.000000	0.000000	1.000353	
0.000000	0.000000	1.000553	
0.000000	0.000000	0.000000	
0.000000	0.000000	0.000000	
0.000000	0.000000	0.000000	
0.000000	0.000000	0.000000	
0.000000	0.000000	0.000000	
0.000000	0.000000	0.000000	
0.000000	0.000000	0.000000	
0.000000	0.000000	0.000000	
0.000000	0.000000	0.000000	
0.000000	0.000000	0.000000	
