0.691693	0.853877	1.072406	
0.624915	0.987894	0.777150	
0.626227	0.815553	1.243211	
0.263868	0.262192	2.053123	
1.152021	0.918219	0.196355	
0.795165	0.593787	1.675868	
0.833842	0.977632	0.998903	
0.739078	1.064836	0.695037	
0.818071	0.957447	0.322188	
0.947646	1.345830	0.479541	
0.434627	0.637406	1.201560	
0.620494	0.765304	0.963713	
0.373551	0.628447	1.599388	
0.045424	0.036839	1.425351	
0.454402	0.553865	1.737715	
0.830110	0.628397	0.928499	
0.337778	0.500684	1.230917	
0.551895	0.488628	1.414580	
1.078702	0.601090	1.589241	
0.090534	0.197755	2.012357	
0.940418	1.271322	0.082400	
1.556175	0.927929	0.465787	
0.304758	0.367182	1.510314	
0.933866	0.991804	0.987439	
1.347270	0.743226	0.287683	
0.717011	0.817600	0.951531	
0.397789	0.732167	1.385721	
0.580054	0.626236	1.645666	
0.752349	0.909200	0.561432	
0.137203	0.196437	1.751581	
0.654543	0.466788	1.583156	
0.984039	1.102646	0.366084	
0.194838	0.218458	1.523574	
0.921046	1.205719	0.298622	
0.563447	0.918023	1.100788	
0.204029	0.127369	1.451973	
0.181802	0.127653	1.513752	
0.730347	0.629458	1.737111	
0.009308	0.011741	1.943540	
0.741855	0.511708	1.812583	
0.859353	0.449538	1.508345	
0.983651	1.144700	0.425684	
0.656199	1.006239	1.239245	
0.838508	1.351957	0.882143	
0.845891	1.385064	0.072978	
0.417311	0.336630	1.619695	
0.849281	1.540768	0.494490	
0.860569	1.299038	0.178132	
0.842103	0.632956	1.573737	
0.551512	0.976234	1.105323	
0.767182	0.945507	1.190812	
0.335518	0.183044	1.976650	
0.109737	0.093079	1.577284	
0.760323	1.264418	1.005391	
0.449135	1.071843	2.093713	
0.840121	0.803817	0.788046	
0.521834	0.306695	1.548529	
0.125214	0.092582	1.893855	
0.685791	0.513835	1.189080	
0.675420	0.480701	1.646956	
1.232081	0.790681	0.732789	
0.837537	1.104846	0.161924	
0.487420	0.789329	1.282064	
0.077480	0.044781	1.748014	
0.481610	0.337646	1.505817	
1.732682	1.360169	0.096912	
1.264195	1.114423	0.355909	
0.784619	0.788027	1.057444	
0.305318	0.291759	1.484816	
0.194212	0.262112	1.767797	
1.085164	0.846557	0.362038	
1.372581	0.903778	0.219626	
0.896825	1.427966	0.554189	
0.034212	0.054185	1.583675	
0.823463	0.590790	1.077263	
0.473275	0.468785	1.252689	
0.960931	1.216099	0.480078	
0.564535	0.783704	1.330639	
1.198819	1.174678	0.033430	
0.896944	1.557982	0.377856	
0.989123	0.929859	0.953819	
0.684175	0.800935	0.990024	
0.019458	0.018364	1.558260	
0.522547	0.732505	1.277888	
1.341974	0.763258	0.536593	
0.581203	0.572375	1.547387	
0.396162	0.584716	1.726881	
1.048773	0.698680	0.776632	
1.256645	1.181520	0.164662	
0.902505	1.096587	0.359983	
1.013197	1.303734	0.133729	
0.624851	0.941215	1.022324	
0.881994	0.965088	0.588340	
0.669953	0.759839	1.130638	
0.537996	0.852260	1.551202	
0.829812	0.542978	1.120802	
0.256607	0.161466	1.805960	
0.683595	0.819658	1.101444	
1.346318	0.756415	0.733170	
1.251172	1.164424	0.033114	
0.005804	0.004604	1.671273	
0.717812	1.072012	0.593717	
1.472637	0.859468	0.300125	
0.770065	0.478130	1.485374	
0.198869	0.115023	1.558031	
0.272185	0.413253	1.495203	
1.011601	1.080062	0.127356	
0.229370	0.370062	1.366349	
0.486864	0.919552	1.311441	
0.572241	0.711792	1.284620	
0.284296	0.228612	1.362674	
1.248301	0.983441	0.566234	
1.406360	0.734715	0.805694	
0.530773	0.376802	1.278145	
1.218346	0.778461	0.797741	
1.005486	1.020191	0.392874	
0.114436	0.257720	2.017735	
0.954488	1.419889	0.306437	
0.011931	0.013226	1.825281	
0.677159	0.857349	1.223307	
1.124072	0.725196	0.609548	
0.711332	1.053954	0.919722	
0.561687	0.580555	1.462127	
0.254783	0.195127	1.534427	
0.865982	0.831956	1.202739	
1.517057	0.942690	0.663959	
0.229494	0.141065	1.780567	
0.114607	0.119505	1.544362	
0.879822	1.189663	1.262373	
1.175511	1.078897	0.545659	
0.689364	0.757164	1.308674	
1.016005	1.396286	0.221356	
0.046689	0.042820	1.764837	
1.443628	1.256795	0.670925	
1.256732	1.185072	0.179300	
0.901326	0.913454	0.763107	
0.328396	0.675595	1.751492	
1.310473	0.827469	1.191699	
1.295260	0.778408	0.196063	
1.203752	1.057345	0.351203	
0.765465	0.792744	1.226358	
0.279633	0.399569	1.255338	
1.114868	0.741557	0.578347	
1.165982	0.747848	0.773582	
0.720885	1.313287	0.861615	
1.051472	0.875678	0.579044	
0.625726	1.076988	1.016065	
0.563126	0.668696	1.657405	
0.923298	0.610683	0.932173	
0.840186	1.012435	1.169934	
0.526676	1.040887	1.265972	
1.114481	1.136757	0.497922	
0.135952	0.134027	1.444824	
0.963345	1.197682	0.111547	
0.853482	1.332535	1.171534	
0.840229	1.689054	0.363408	
0.539228	0.709465	1.078007	
0.683337	0.862779	1.066974	
0.021798	0.021512	1.362845	
0.124682	0.178189	1.740254	
0.643753	0.485657	1.043946	
0.850785	0.618826	1.333661	
0.005820	0.009728	1.590924	
0.969865	0.646287	0.800031	
0.719419	1.131261	1.255485	
1.168372	0.923404	1.223193	
0.751559	1.462277	0.605168	
0.849866	1.116077	0.197168	
0.816350	1.195473	0.338340	
0.309838	0.507202	1.709281	
1.061571	1.100986	0.268508	
1.306226	0.705415	1.264784	
1.003985	0.953323	1.158475	
0.045368	0.079300	2.046004	
0.152573	0.133967	1.220077	
1.082089	0.810529	1.263652	
1.114107	1.150471	0.648105	
0.715810	1.456685	0.901206	
0.993612	1.016405	0.087752	
0.775191	1.542846	0.166910	
0.544699	0.749877	1.298133	
0.389408	0.355203	1.494667	
1.287671	1.486569	0.010077	
0.628022	0.620832	1.360022	
0.276864	0.367587	1.898728	
0.559037	0.402619	1.407453	
1.355786	1.006609	0.310239	
0.027709	0.025619	1.476287	
0.594605	0.896785	0.897208	
0.508158	0.588309	1.319182	
0.719564	0.563381	1.804597	
0.656649	0.788948	0.640245	
0.986672	0.846585	0.190656	
1.329835	1.026374	0.099936	
0.051967	0.086109	1.691404	
0.475115	0.309431	1.372993	
0.301041	0.492302	1.634724	
0.787021	0.583996	1.255736	
0.299946	0.557237	1.727742	
0.622354	0.691568	1.470027	
1.378558	1.049137	0.420576	
0.254546	0.145979	1.593873	
1.239192	0.802322	0.849219	
1.737585	0.786096	0.047343	
0.032351	0.019448	1.608404	
1.173906	0.918955	1.128601	
0.547146	0.610454	1.283470	
0.105390	0.212562	1.811068	
0.615833	0.931893	1.031315	
0.730062	1.002656	1.019913	
1.335891	0.813267	0.791022	
0.164617	0.151178	1.326980	
1.310473	0.836190	0.280916	
0.561788	0.593946	1.199314	
0.235637	0.273822	1.418066	
0.617408	0.793744	1.175243	
0.913765	0.661222	1.345241	
0.597872	1.110944	1.263227	
0.569737	0.690643	1.294252	
0.812166	0.747317	0.889682	
0.542676	0.427496	1.548402	
0.961362	1.351298	0.456046	
0.147945	0.097075	1.901138	
1.121384	0.741591	1.509558	
0.384984	0.732610	1.415549	
0.962784	0.903490	1.044005	
1.375185	1.016471	0.302108	
0.342243	0.351204	1.417411	
0.929928	0.566051	1.398443	
0.333459	0.382295	1.679171	
0.696649	0.961398	1.296586	
1.208562	0.707372	0.856454	
0.085732	0.041073	1.872482	
0.441942	0.622839	1.359146	
0.607067	1.033468	1.214766	
0.035657	0.022807	1.730289	
0.453325	0.410716	1.265221	
0.867194	1.697554	0.583895	
1.017180	1.380852	0.332024	
0.956517	0.667828	1.123141	
0.431252	0.315027	1.358072	
0.675043	0.982239	1.503203	
0.370460	0.590983	1.248550	
0.868068	1.201838	1.127166	
0.467874	0.296668	1.537672	
0.946374	0.863930	0.290482	
0.334063	0.298984	1.292549	
0.374471	0.674871	1.592294	
0.869028	1.337783	0.098777	
1.312348	1.000601	0.432627	
0.656352	0.386872	1.520444	
0.220879	0.396021	2.070203	
0.228986	0.511386	1.804391	
0.925451	1.708065	0.841177	
1.074441	1.569032	0.404487	
0.289397	0.307321	1.612720	
1.137980	1.191007	0.446266	
0.650688	0.889855	1.336135	
1.457345	1.362497	0.249485	
0.933140	1.257810	0.428841	
1.047080	0.670627	1.291207	
0.760786	0.625781	1.091445	
0.571818	0.957983	1.201783	
0.357192	0.447320	1.248281	
0.593012	0.903680	1.071134	
0.959781	0.888833	1.357937	
0.659274	0.627740	1.390979	
0.978274	1.024258	1.025736	
1.685903	1.108428	0.709271	
1.262016	1.092511	0.143434	
0.541740	0.460676	1.570617	
0.238671	0.253606	1.351590	
0.889607	0.777182	0.886734	
0.879210	1.574700	0.032173	
0.761802	1.180808	0.579838	
1.711506	0.859938	0.231701	
0.557190	0.307280	1.602687	
0.772477	1.223355	0.760840	
1.381649	0.793827	0.101428	
0.782012	1.342103	0.665630	
0.613010	0.562274	1.625454	
0.727830	0.854113	1.211826	
0.160042	0.238768	1.421137	
0.514711	0.578499	0.911233	
1.117614	1.281204	0.611674	
0.152144	0.160536	1.663172	
0.657982	1.341892	0.950574	
0.958031	0.782202	1.118467	
0.626900	0.866647	0.798715	
0.641003	0.504903	1.411780	
0.038858	0.063663	1.452606	
0.566945	0.722925	1.232190	
1.107612	0.906347	0.135810	
0.728054	0.408633	1.463522	
1.167814	0.767207	0.996578	
0.719020	0.728839	0.942703	
0.179679	0.190978	1.630983	
0.566340	1.014377	1.094519	
1.111876	0.763112	1.510340	
0.626250	0.815022	1.871767	
0.989024	0.512990	1.379049	
0.564063	0.649148	1.149970	
0.115073	0.107475	1.458919	
1.241604	0.682558	1.008218	
0.548380	0.492039	1.679458	
0.733247	1.409018	0.681884	
1.406693	1.153647	0.046251	
0.334459	0.260736	1.313729	
1.190308	0.942492	0.090000	
0.560678	0.561424	1.252966	
1.005016	0.709135	1.501295	
1.096399	0.993399	0.469208	
1.280828	0.986984	0.954013	
1.299942	0.873710	0.404772	
0.013091	0.006808	1.735867	
0.656653	1.068638	0.979855	
0.889616	1.144589	0.701313	
0.133146	0.143633	1.574942	
1.313177	0.808919	0.929505	
0.961066	0.659832	0.923578	
1.473795	0.686579	1.066247	
0.669736	0.796542	1.125683	
0.012299	0.015128	1.228122	
1.305076	1.076229	0.677574	
1.008795	0.953081	1.055362	
0.889548	1.544347	0.249980	
1.274799	1.011052	0.333003	
0.875079	1.289468	0.416542	
0.845878	0.908821	1.518177	
0.888505	0.725091	0.707176	
0.855005	0.520623	1.337401	
0.719485	1.042913	0.361434	
0.780660	1.274268	0.659625	
0.005903	0.007093	1.206264	
1.522244	1.088739	0.647403	
0.220643	0.185791	1.483631	
0.045464	0.046061	1.691161	
0.443850	0.688273	1.385832	
1.293875	0.868914	0.269500	
0.389747	0.425809	1.287564	
0.133283	0.078470	1.689670	
1.017570	0.906285	0.040129	
0.841222	0.752376	0.907985	
0.988315	1.132725	0.076883	
0.679488	1.107862	1.355520	
0.891536	0.360222	1.956177	
0.916113	1.127756	0.757883	
0.962485	0.897099	0.602421	
0.286514	0.210469	1.651436	
0.869343	0.658205	1.416706	
0.667093	0.756959	1.177147	
1.421857	0.844185	0.544369	
0.636323	0.669290	0.981212	
1.028425	1.041760	0.190542	
1.287505	0.721701	1.149953	
0.840046	0.792607	0.923821	
0.112030	0.161954	1.882986	
1.049522	0.581398	1.354835	
0.498049	0.474232	1.713103	
0.028448	0.029867	1.921825	
0.596074	0.989545	1.594263	
1.089014	0.752772	1.626005	
1.507655	0.860387	0.643593	
0.069994	0.080376	1.564419	
0.280291	0.448766	1.429869	
0.902577	1.351962	0.021273	
0.549251	0.458757	1.888858	
0.744091	0.943744	0.810827	
0.048222	0.029097	1.622083	
1.181786	0.734682	0.385258	
1.242396	1.229637	0.492995	
0.003502	0.003179	1.472668	
0.408222	0.663431	1.289955	
0.899881	1.230207	0.966332	
1.264962	0.736661	0.422081	
0.513678	0.530495	1.262996	
1.124858	1.003110	0.516827	
0.945832	1.707680	0.036125	
0.090988	0.075111	1.936814	
1.143815	0.848645	1.546898	
0.373571	0.219843	1.562932	
1.046477	0.659030	0.730594	
0.897619	0.518458	1.089099	
1.137551	0.727890	1.041223	
0.660757	0.504633	1.270804	
0.076928	0.120917	1.604455	
1.334826	0.912693	0.612594	
0.148272	0.303756	1.843302	
0.162093	0.137488	1.564727	
0.498701	0.390049	1.466606	
0.808520	0.631926	0.936883	
0.789972	1.270018	0.202843	
0.698886	0.777153	1.057900	
0.933182	0.439016	1.513111	
0.815360	1.457413	0.361748	
0.942261	0.669181	0.894505	
0.735747	1.071095	1.318137	
1.465555	0.656368	1.021190	
0.474220	0.697958	1.279234	
0.130153	0.164338	1.529402	
0.421257	0.594658	1.473181	
0.372539	0.753269	1.566926	
1.368062	0.729704	0.650692	
0.271609	0.193835	1.950513	
0.965091	0.830642	0.081370	
0.384336	0.436287	1.543008	
0.670507	0.876618	1.083223	
0.520559	0.772875	0.984128	
0.198002	0.300074	1.369368	
0.003424	0.006067	1.766485	
0.443422	0.850044	1.420051	
0.260881	0.256274	1.436570	
1.032868	1.388695	0.564113	
0.932873	0.973410	1.032643	
1.460795	0.756111	0.562608	
0.428385	0.332956	1.108195	
0.238436	0.176540	1.615889	
1.044034	1.572267	0.535016	
0.908352	0.742758	0.615880	
0.709235	0.621773	1.330276	
1.255969	0.848145	0.067996	
1.089466	1.181844	0.091233	
1.024443	1.361848	0.668383	
0.112722	0.080122	1.601577	
0.701870	1.270229	1.065008	
0.665369	1.479663	1.201993	
0.076195	0.115582	1.578421	
1.076445	0.846819	1.439981	
0.850563	1.949484	0.004850	
1.184303	0.729306	0.712029	
0.619490	0.579793	1.749686	
0.622523	0.483873	1.423134	
1.260913	1.001650	0.283049	
1.107203	0.781938	0.407570	
1.585435	0.915290	0.099904	
0.526334	0.388055	1.472748	
0.009573	0.013220	1.577012	
0.659435	0.938226	1.352573	
0.274475	0.371323	1.176993	
0.161404	0.247992	1.500651	
0.448126	0.753674	1.791398	
1.017961	0.798391	1.326308	
0.707196	0.402040	1.494988	
0.014153	0.014030	1.736360	
1.141044	0.953896	0.241090	
0.477183	0.584293	1.469285	
0.976047	0.614590	1.115982	
0.501156	0.668328	1.489117	
0.789356	0.608852	1.419382	
0.245087	0.297716	1.434263	
0.144393	0.170449	1.426279	
1.170410	1.204904	0.042352	
0.674964	1.038568	1.246296	
0.494422	0.532924	1.323112	
1.281587	1.121206	0.009207	
0.825842	0.808715	0.533746	
0.314824	0.179724	1.482070	
0.630307	0.616093	1.116548	
0.506191	0.567628	1.584321	
0.874172	0.894652	0.767202	
0.575094	0.483495	1.089082	
0.883101	0.959941	0.278407	
0.742724	1.604820	0.802408	
0.543074	0.312197	1.795286	
0.846799	1.114021	0.416319	
0.234019	0.315359	1.172377	
0.354699	0.375615	1.600326	
1.010786	1.020822	0.714295	
0.912832	0.991465	1.120438	
0.797489	1.125177	0.803204	
0.528924	0.614940	1.202756	
0.393569	0.407208	1.561548	
1.037354	0.818298	0.334200	
0.674267	0.418581	1.628901	
0.879969	0.726097	1.034396	
0.841028	0.570620	1.041768	
0.944647	1.060524	0.237280	
0.460073	0.308932	1.790011	
0.431509	0.672716	1.543292	
1.117244	0.967517	0.573875	
0.589815	1.353967	1.265645	
0.216180	0.190206	1.620876	
0.637578	0.900138	1.125210	
0.473768	0.519174	1.341986	
0.108358	0.089967	1.769863	
0.913615	1.012811	0.828362	
0.898532	0.664267	1.197100	
0.116015	0.130884	1.363424	
1.277019	0.890284	0.885920	
0.878294	0.616419	1.412720	
1.002475	1.104686	0.136521	
0.265654	0.592623	1.783584	
0.254642	0.395383	1.712758	
0.590582	1.106206	1.037742	
0.275359	0.327664	1.197097	
1.022259	0.992246	0.267205	
0.619268	0.775359	1.383592	
0.249018	0.205305	1.448780	
0.340552	0.597335	1.549398	
0.959919	0.549596	1.464656	
0.930386	1.336569	0.109533	
0.987081	1.240614	0.075743	
1.127427	1.578076	0.094267	
0.406749	0.464059	1.508010	
0.307048	0.424253	1.772473	
0.702269	0.985892	0.643901	
0.954199	1.173338	0.590678	
0.510448	0.859599	1.190269	
1.007843	0.792474	1.678961	
0.049818	0.032068	1.618373	
0.205430	0.356179	1.819344	
0.309786	0.289144	1.398415	
0.619674	0.835783	1.415296	
1.218910	0.853814	0.838889	
1.054906	1.098447	0.548065	
0.686207	0.699840	0.592151	
0.827897	0.656538	1.107734	
1.346386	0.861138	0.032356	
0.028233	0.041251	1.441680	
0.273332	0.322242	1.982426	
1.304931	0.950808	0.256485	
0.217054	0.140456	1.436974	
1.448377	1.152981	1.112525	
0.927048	1.072173	1.077687	
0.010239	0.016197	1.697409	
1.080571	1.022641	0.984780	
1.035387	2.042856	0.643210	
1.162127	1.046030	0.689611	
0.806599	1.171757	0.756317	
0.917274	1.149994	0.306653	
0.338026	0.370817	1.803270	
0.511650	0.879615	1.147880	
0.227613	0.329431	1.258897	
0.338482	0.307217	1.664371	
0.578235	0.330544	1.566349	
0.860631	1.077184	1.157936	
0.161898	0.132392	1.376604	
0.463512	0.856654	1.300334	
0.476243	0.253659	1.662628	
0.213332	0.232976	1.757865	
1.312029	0.987697	0.082804	
0.714164	0.577030	1.496156	
0.221709	0.246651	1.506060	
0.326346	0.182786	1.690699	
0.874879	1.495919	1.067232	
1.253854	0.665377	1.081385	
0.428419	0.424924	1.282684	
0.572479	0.613697	1.501877	
1.165096	0.657724	1.046150	
0.570937	0.642463	1.182068	
1.274393	0.706858	1.777354	
0.642383	0.911060	0.935889	
0.936186	0.543663	1.358180	
1.086832	1.588024	0.382144	
0.706388	0.580953	1.465692	
1.207002	0.739857	0.704065	
0.481850	0.705301	1.638545	
1.173746	1.102787	0.647752	
0.430493	0.375770	1.686105	
0.451098	0.541468	1.572933	
0.790972	0.474982	1.475619	
1.262836	0.655346	1.406277	
1.285290	0.809699	0.570302	
0.931524	0.832666	0.711829	
0.629600	0.915074	0.884745	
0.195491	0.199704	1.474600	
0.057646	0.097496	1.510711	
0.015215	0.017642	1.384704	
0.618366	0.738946	1.029710	
0.316191	0.439118	1.423094	
0.836438	1.088325	1.120315	
1.284033	0.909041	0.238943	
1.340373	0.670491	0.890964	
1.311198	0.876317	0.157110	
0.875475	1.066635	0.939045	
0.348245	0.450672	1.639949	
0.954222	0.466023	1.417127	
0.969634	1.035553	0.070846	
0.745688	1.027991	0.404788	
0.446841	0.617576	1.627174	
0.216381	0.251383	1.300807	
0.832027	0.978251	1.024945	
0.268337	0.140325	2.073121	
0.778130	0.800360	0.430214	
0.255565	0.277467	1.541668	
0.013193	0.030275	1.978265	
1.122516	0.867861	0.328812	
1.515987	1.195818	0.367179	
0.623732	1.261852	0.973116	
0.165695	0.132427	1.364838	
0.011386	0.007490	1.991985	
1.004328	0.577001	1.025241	
0.171742	0.307214	2.074568	
0.844989	0.771014	1.651207	
0.540511	0.864397	1.264419	
0.905522	1.205078	0.919743	
0.632662	0.468380	1.268858	
1.322203	0.871824	0.479729	
0.740738	1.468180	0.837031	
0.163298	0.102935	1.792863	
0.787566	1.670357	0.484128	
0.797781	1.004835	0.856309	
0.939992	0.856197	1.486256	
0.723370	0.417953	1.305935	
1.264640	0.716949	0.859133	
0.216869	0.124580	1.756209	
1.036491	1.031277	0.177807	
0.159871	0.184029	1.383072	
0.794468	1.315983	0.689790	
0.857642	0.832661	0.863279	
0.331958	0.396244	1.627238	
0.468848	0.480785	1.713833	
0.888033	0.957456	0.782496	
0.854989	1.058831	0.675239	
0.635463	1.001528	1.314202	
0.497344	0.807225	1.209980	
0.394276	0.553065	1.557948	
0.423170	0.244592	1.504975	
0.842457	1.145617	0.818223	
0.187803	0.260253	1.225340	
1.086916	1.046717	1.134340	
0.693462	0.953145	1.194995	
0.682484	1.232288	0.742112	
0.431189	0.721932	1.669005	
0.694502	1.197335	0.772133	
0.053342	0.055722	1.265810	
0.684215	1.038529	0.682190	
0.870731	0.816482	1.013269	
1.004646	1.346845	0.136705	
1.219248	1.207947	0.627457	
0.019090	0.023356	2.046880	
0.389508	0.312317	1.594203	
0.888201	0.624210	0.958152	
0.456502	0.351155	1.220506	
1.240697	1.009594	0.319751	
0.809904	1.394246	0.769063	
0.389304	0.375385	1.607348	
0.974223	0.725340	0.801267	
0.909118	0.678118	0.699976	
1.369943	1.356263	0.497875	
1.048907	0.633419	1.555992	
0.691566	0.456395	1.194981	
0.057283	0.053101	2.133869	
1.082013	0.739292	1.088557	
1.053213	0.911555	0.474957	
0.571939	0.708182	1.853965	
0.812962	1.320203	0.482532	
1.043268	1.511026	0.529379	
0.770561	0.848508	0.665076	
0.829502	1.388335	0.318200	
0.837121	1.102735	0.621252	
1.421386	0.829353	1.193176	
1.587573	1.609920	0.839655	
0.857522	1.089661	0.610125	
0.865859	1.145847	0.096779	
0.986690	1.005932	0.231036	
0.949013	0.904768	0.961188	
0.641754	0.808229	1.531616	
0.676099	0.480373	1.327663	
0.419256	0.351835	1.313972	
0.555649	0.727285	1.394539	
1.236567	1.167874	0.006775	
1.472418	1.097756	0.709589	
1.089624	1.066848	0.539190	
0.586348	0.831541	0.993871	
0.302815	0.419071	1.279046	
1.217148	0.810302	0.790563	
0.713768	0.906844	0.829137	
0.250047	0.283100	1.519863	
1.447972	0.579834	1.481809	
0.560106	1.010834	1.518187	
0.253347	0.346740	1.733370	
1.055834	1.035769	0.129405	
0.796545	1.310764	1.003886	
0.987778	1.092251	0.469844	
0.227390	0.256432	1.462295	
0.628383	0.486511	1.035262	
0.435169	0.637997	1.935384	
0.191218	0.227975	1.626773	
1.044482	1.304805	0.063554	
0.291391	0.193499	1.897226	
0.889368	0.833556	1.084419	
0.783867	0.770342	0.990963	
0.199656	0.266530	1.678984	
0.746524	1.429870	0.470232	
1.515451	1.137952	0.388527	
0.087172	0.065655	1.303915	
0.134930	0.084775	1.761013	
0.550153	0.723692	1.851443	
0.120732	0.097930	1.643485	
1.270623	1.456939	0.039287	
0.071625	0.139508	1.864468	
0.363603	0.281039	1.777467	
0.670355	0.634288	1.444119	
0.823631	1.098906	1.007100	
0.972048	1.275385	1.056038	
1.156596	0.710719	0.474122	
0.690444	0.565361	1.276692	
0.981483	0.875201	0.378798	
1.245675	0.623718	1.198165	
0.736779	0.496021	1.153400	
0.777986	1.784398	0.127180	
0.924630	0.445585	1.916708	
0.695825	0.630639	1.335051	
1.046747	0.500487	1.424191	
1.216321	1.699221	0.438314	
1.632213	0.959333	0.918830	
1.526662	0.843474	1.130483	
1.450633	0.938953	0.742706	
0.080668	0.051308	1.392875	
1.273657	0.724544	0.688824	
0.125298	0.192420	1.631420	
0.734131	0.974373	1.649807	
0.793323	0.761941	1.072237	
0.638771	0.864724	0.881655	
0.570740	0.972042	1.481951	
0.940940	1.018772	1.001970	
0.387554	0.310354	1.864380	
0.022584	0.012554	1.560481	
1.443137	1.066061	0.874637	
0.380907	0.555212	1.272069	
0.063227	0.082661	1.652385	
0.073107	0.050013	1.506164	
1.481726	0.815423	0.400323	
0.335517	0.621241	1.424693	
0.300786	0.396004	1.110813	
0.173140	0.189301	1.710829	
1.257840	1.087980	0.554278	
0.856562	1.053271	0.526448	
0.260028	0.202759	1.518764	
1.064757	0.946154	1.026733	
0.771130	1.140372	1.171931	
0.291501	0.440753	2.029880	
0.301016	0.275391	1.748106	
0.772627	1.691477	0.727587	
0.616253	0.321840	1.742336	
1.371594	0.875526	1.395808	
1.014284	1.251690	0.049068	
0.718548	1.221385	1.249716	
0.360264	0.231216	1.468493	
0.755834	1.124125	0.988395	
0.252345	0.362772	1.552324	
1.436578	0.921291	0.019539	
0.758076	0.729670	1.594172	
0.267733	0.173981	1.716442	
0.054846	0.075662	1.924782	
0.925257	0.647742	0.748928	
0.836961	0.568993	1.058873	
0.571447	1.111089	1.167916	
0.918461	0.996384	0.574884	
1.374692	1.163257	0.345757	
0.245513	0.316416	1.163049	
1.357640	0.964744	0.569952	
0.534113	0.757004	1.796295	
0.951582	1.473524	0.291905	
0.514130	0.416302	1.511453	
0.155056	0.171070	1.557831	
0.652545	1.083673	0.849257	
1.117309	1.037733	0.600960	
1.475969	1.397012	0.305807	
0.624795	0.603871	1.196334	
1.133253	1.018136	0.345414	
0.937482	0.888871	1.207496	
0.380379	0.618630	1.277949	
1.077750	1.144251	0.436701	
0.646882	1.256976	0.978847	
1.503297	0.685967	0.914606	
0.536199	0.542164	0.872554	
1.111281	1.178108	0.737860	
1.030393	0.993729	1.018812	
0.143504	0.156166	1.518764	
0.111287	0.134240	1.403852	
0.679391	1.509066	1.052159	
0.508337	0.280754	1.520532	
0.969020	0.576088	0.971757	
1.531196	0.868326	0.169333	
0.014725	0.019923	1.313105	
1.386486	0.794362	0.430330	
1.034230	1.452126	0.369680	
0.759480	0.740796	1.151873	
0.509526	0.481030	1.182116	
0.499277	0.314217	1.292138	
0.949071	0.659590	0.644673	
0.117930	0.157367	1.840786	
0.345670	0.498551	1.362968	
0.152388	0.242080	1.807245	
1.288516	1.307567	0.896469	
0.907536	1.174584	0.589383	
0.105861	0.078178	1.782899	
0.068570	0.044508	1.558671	
0.303833	0.530063	1.790346	
1.011707	0.957775	0.890885	
0.957467	1.209702	0.045283	
0.980005	1.395902	0.068138	
1.027947	1.173967	0.720260	
0.514045	0.671054	1.222271	
0.004730	0.004723	1.838940	
0.089121	0.089458	1.384052	
0.700448	0.385442	1.745052	
1.166166	1.113208	0.119653	
0.376946	0.604792	1.362414	
0.009376	0.014875	1.658549	
0.881353	1.448062	0.154547	
0.915493	0.586126	0.909995	
1.438148	0.981966	0.109627	
0.900097	0.995159	0.248986	
1.388419	0.826099	0.361762	
1.219377	0.846082	0.035360	
0.284837	0.519187	1.629989	
1.527578	1.010535	0.899324	
0.262074	0.426000	1.732494	
0.962231	1.017966	0.399324	
0.710062	0.717243	0.879938	
1.088491	0.706059	0.602788	
0.975019	0.513091	1.507925	
0.334458	0.598824	1.729830	
0.066161	0.092534	1.389370	
0.223129	0.178078	1.418933	
0.531425	0.433443	1.411273	
1.023499	0.615724	0.938350	
0.809010	0.665186	0.693436	
0.275726	0.369117	1.527733	
0.999433	0.621218	1.233230	
1.579734	0.820122	0.030532	
0.150410	0.063730	1.976009	
0.426779	0.344196	1.506715	
1.209547	1.290508	0.528709	
1.051100	1.415696	0.067819	
1.189804	1.515996	0.059201	
0.886300	0.874663	1.370312	
0.547135	0.694421	1.519854	
0.589381	0.377450	1.443891	
0.316781	0.435368	1.357768	
0.062543	0.109858	1.554889	
0.662193	0.847482	0.819941	
1.351068	1.248902	0.704960	
1.011670	0.731947	0.135698	
1.037250	0.717971	0.339691	
0.527427	0.566899	1.278047	
0.726575	0.404227	1.696029	
0.538287	0.660540	1.537593	
0.884736	1.167848	0.682074	
0.981629	0.791565	0.748847	
0.937344	1.540861	0.258337	
0.978621	0.734755	0.991096	
0.639989	0.536212	1.460013	
1.259640	1.050018	0.460914	
0.375839	0.410957	1.395620	
1.311254	0.746249	0.990456	
1.203609	0.964012	0.982115	
0.676611	1.132396	1.156583	
1.661425	0.850790	0.616616	
1.104027	0.745099	0.402098	
0.884775	1.637695	0.468654	
1.543880	0.642337	1.179581	
0.893777	1.257365	1.036694	
1.356243	1.179589	0.488039	
0.264981	0.458322	1.620099	
1.060496	0.712767	0.635493	
1.340684	1.207355	0.193648	
1.145387	0.854731	0.720416	
1.443919	0.745320	0.971732	
0.985708	0.695298	0.616968	
1.231277	1.340962	0.423208	
0.456073	0.322668	1.818728	
1.004675	0.873719	1.089938	
0.258372	0.209421	1.377601	
0.340232	0.485105	1.374513	
1.051247	0.694575	1.046566	
0.128937	0.091646	1.570155	
1.424499	1.006686	0.340757	
0.349419	0.733905	1.654511	
0.276226	0.378251	1.175622	
0.488756	0.699849	1.276596	
0.270273	0.318197	1.722198	
0.720120	1.200274	1.159378	
0.467557	0.316791	1.551041	
0.545495	0.936318	1.499789	
1.035149	0.683882	0.653322	
1.149183	1.006947	0.581988	
0.186736	0.185409	1.442049	
0.540177	0.665983	1.301327	
0.470564	0.849101	1.529030	
0.242271	0.213366	1.156622	
1.087961	0.855385	0.405184	
1.460955	0.902002	0.880246	
1.051555	0.882259	1.323344	
0.245986	0.191486	1.941479	
0.045089	0.095801	1.959769	
0.908330	0.961676	0.495023	
0.789771	1.269152	0.004790	
0.870889	1.390946	0.652221	
0.731100	0.318306	1.920197	
0.399731	0.638841	1.387950	
0.926141	0.788508	0.870098	
0.798487	1.199923	1.018684	
0.942807	1.461017	0.364415	
0.836488	0.862878	1.206047	
1.280048	0.787513	0.965707	
1.261580	1.118112	0.207877	
0.951491	0.646303	0.888815	
1.141350	0.668426	1.431270	
0.035669	0.038194	1.759188	
1.213912	0.881632	0.071337	
0.954126	1.023076	0.964799	
1.287829	1.229945	0.267608	
0.242815	0.554715	1.833869	
0.854913	0.904427	0.567262	
0.869676	0.900087	0.956203	
0.762522	1.175252	1.068280	
1.149139	1.108034	0.639426	
0.704125	0.371373	1.512642	
0.427584	1.023727	1.677218	
1.219597	1.141854	0.059332	
1.283658	1.046703	0.280729	
0.693340	0.879439	1.521831	
0.112025	0.138697	1.454399	
1.358656	0.894083	0.445882	
0.519247	0.699902	1.668575	
1.834185	0.898836	0.085556	
2.013463	1.086165	0.281697	
0.047681	0.036347	1.471270	
0.654352	0.619149	1.782264	
0.792292	1.317046	0.742282	
0.451272	0.315700	1.535336	
0.837350	0.897858	0.831993	
0.271477	0.269682	1.560802	
0.076282	0.085523	1.836998	
0.754603	0.770805	0.528836	
0.411523	0.255178	1.493132	
0.922687	0.521416	1.167504	
1.384656	1.505555	0.547667	
0.794599	0.793647	0.696494	
0.135320	0.147790	2.036209	
0.478741	0.537028	1.606824	
0.241501	0.223199	2.019637	
0.617968	1.253747	1.234085	
0.951363	1.239313	0.054265	
0.654701	0.564704	0.925392	
0.555886	0.846093	1.225244	
0.450771	0.573413	1.339653	
0.299099	0.412297	1.325589	
0.192954	0.206359	1.531910	
1.052266	1.195420	0.467795	
1.140181	0.701099	0.958826	
0.050125	0.051305	1.702985	
0.532138	0.808763	1.651054	
0.838159	1.278018	1.041459	
1.041982	1.226170	0.187248	
1.585538	1.003026	0.515193	
0.589153	0.386896	1.335015	
0.516382	0.528542	1.423127	
1.043467	0.796053	0.465223	
1.076664	1.288181	0.687735	
1.399801	0.922346	0.292786	
0.921657	0.838722	1.292573	
0.392141	0.418580	1.023265	
1.219655	1.370001	0.589332	
0.518936	0.508025	1.415720	
1.205846	0.821868	1.138326	
0.888022	1.236784	1.425992	
0.461281	0.448685	1.469561	
0.449034	0.326738	1.257851	
1.385543	0.866675	0.313246	
0.718416	0.886364	1.490550	
0.443308	0.622796	1.061853	
1.297929	0.900120	0.880910	
1.714630	1.003622	0.601416	
1.293186	0.841823	0.752454	
0.684042	0.972072	1.270034	
0.612804	0.786644	1.414560	
0.078737	0.085688	1.472812	
0.767663	1.492155	0.359328	
0.827865	0.745772	1.407382	
0.729025	1.471412	1.070759	
1.290726	0.878979	0.730923	
0.350739	0.571524	1.291559	
1.392945	1.263488	0.396749	
0.768367	0.400089	1.503419	
0.521836	0.608788	1.515275	
0.673170	0.887196	0.976127	
0.590509	0.796175	1.236863	
0.268051	0.432701	1.751586	
0.645989	0.881982	1.314116	
0.294827	0.390663	1.551931	
0.750585	0.962191	1.092233	
0.769798	1.458747	1.368472	
0.396022	0.452222	1.330309	
0.248739	0.300400	1.686011	
0.810104	1.012479	0.358003	
0.000000	0.000000	0.000000	
0.000000	0.000000	0.000000	
0.000000	0.000000	0.000000	
0.000000	0.000000	0.000000	
0.000000	0.000000	0.000000	
0.000000	0.000000	0.000000	
0.000000	0.000000	0.000000	
0.000000	0.000000	0.000000	
0.000000	0.000000	0.000000	
0.000000	0.000000	0.000000	
