0.638699	0.583997	0.620227	
0.766508	0.713841	0.000000	
0.766508	0.713841	0.000000	
0.814494	0.718735	0.000000	
0.735480	0.710422	0.000000	
0.813855	0.718673	0.000000	
0.730611	0.709867	0.000000	
0.787980	0.716087	0.000000	
0.794305	0.721937	0.000000	
0.759382	0.737911	0.000000	
0.725491	0.888975	0.000000	
0.725491	0.888975	0.000000	
0.735539	1.023382	0.000000	
0.734676	1.010444	0.000000	
0.720563	0.833620	0.000000	
0.720563	0.833620	0.000000	
0.726639	0.902755	0.000000	
0.726639	0.902755	0.000000	
0.633687	0.721312	0.617628	
0.000000	0.000000	1.003773	
0.657489	0.613730	0.551667	
0.732016	0.685588	0.295566	
0.707471	0.698517	0.184413	
0.756256	0.706681	0.144427	
0.755777	0.710854	0.079184	
0.730611	0.709867	0.000000	
0.754931	0.713522	0.000000	
0.754931	0.713522	0.000000	
0.729839	0.805425	0.000000	
0.720047	0.708709	0.048581	
0.720896	0.845029	0.067104	
0.723594	0.881041	0.070016	
0.702969	0.740972	0.165301	
0.702969	0.740972	0.165301	
0.692847	0.814471	0.313204	
0.607142	0.607981	0.580857	
0.000000	0.000000	1.003773	
0.000000	0.000000	1.019636	
0.401470	0.394533	0.858608	
0.657489	0.613730	0.551667	
0.685255	0.665125	0.432048	
0.732016	0.685588	0.295566	
0.698093	0.683905	0.278344	
0.740196	0.706708	0.144888	
0.740196	0.706708	0.144888	
0.720047	0.708709	0.048581	
0.710114	0.788978	0.147774	
0.697821	0.759319	0.230662	
0.690971	0.738185	0.259529	
0.692847	0.814471	0.313204	
0.656428	0.693054	0.417332	
0.610045	0.625395	0.570372	
0.453167	0.505906	0.904468	
0.000000	0.000000	1.084114	
0.000000	0.000000	1.027376	
0.287436	0.289739	0.938432	
0.511077	0.507964	0.730145	
0.638699	0.583997	0.620227	
0.699230	0.667905	0.490837	
0.732251	0.678018	0.364420	
0.723621	0.689678	0.320193	
0.753698	0.711376	0.246150	
0.690971	0.738185	0.259529	
0.674746	0.721891	0.339694	
0.674746	0.721891	0.339694	
0.641330	0.693890	0.464183	
0.607142	0.607981	0.580857	
0.495494	0.504430	0.735632	
0.324928	0.343329	0.973606	
0.000000	0.000000	1.064317	
0.000000	0.000000	1.019636	
0.165426	0.166694	0.979953	
0.401470	0.394533	0.858608	
0.508931	0.526898	0.713470	
0.696154	0.623916	0.530398	
0.699230	0.667905	0.490837	
0.723621	0.689678	0.320193	
0.683364	0.701817	0.349591	
0.668330	0.804066	0.436182	
0.641330	0.693890	0.464183	
0.606465	0.657924	0.566298	
0.510650	0.513314	0.708628	
0.426446	0.459310	0.849891	
0.217466	0.217887	0.975375	
0.000000	0.000000	1.061638	
0.000000	0.000000	1.023120	
0.182505	0.183429	0.996299	
0.361398	0.343660	0.934127	
0.525787	0.487264	0.843635	
0.555778	0.566774	0.656848	
0.589665	0.608384	0.589806	
0.663517	0.664657	0.482456	
0.641743	0.748431	0.505782	
0.589665	0.608384	0.589806	
0.535181	0.543392	0.683534	
0.442623	0.453392	0.797324	
0.353988	0.353943	0.930171	
0.020253	0.020768	1.023001	
0.000000	0.000000	1.036891	
0.000000	0.000000	1.002365	
0.097121	0.097875	1.015918	
0.287436	0.289739	0.938432	
0.410882	0.432928	0.849179	
0.491455	0.489342	0.729779	
0.554029	0.562695	0.651726	
0.580379	0.600248	0.592856	
0.554029	0.562695	0.651726	
0.485010	0.496855	0.741175	
0.426446	0.459310	0.849891	
0.318583	0.350647	0.955238	
0.157751	0.156114	1.014944	
0.000000	0.000000	1.036891	
0.000000	0.000000	1.002365	
0.000000	0.000000	1.015263	
0.182505	0.183429	0.996299	
0.334620	0.373392	0.950764	
0.441590	0.431927	0.824737	
0.491455	0.489342	0.729779	
0.522104	0.557475	0.726261	
0.476458	0.477066	0.741835	
0.372315	0.400143	0.894249	
0.253489	0.256827	0.956351	
0.003556	0.003687	1.024856	
0.000000	0.000000	1.048831	
0.000000	0.000000	1.025282	
0.000000	0.000000	1.015263	
0.187373	0.197625	1.007279	
0.182421	0.174223	1.015179	
0.481181	0.446805	0.855334	
0.476458	0.477066	0.741835	
0.432067	0.437218	0.831209	
0.299381	0.304958	0.923212	
0.220956	0.229153	0.973142	
0.034764	0.034709	1.007104	
0.000000	0.000000	1.048831	
0.000000	0.000000	1.058443	
0.062731	0.061593	1.017252	
0.187373	0.197625	1.007279	
0.285115	0.318191	1.009730	
0.318722	0.341885	0.936554	
0.409338	0.447001	0.869206	
0.299381	0.304958	0.923212	
0.211652	0.220055	0.978901	
0.003556	0.003687	1.024856	
0.000000	0.000000	1.061659	
0.000000	0.000000	1.070902	
0.062731	0.061593	1.017252	
0.187911	0.191360	0.979429	
0.187911	0.191360	0.979429	
0.318722	0.341885	0.936554	
0.268887	0.274971	0.938720	
0.186098	0.183631	0.987016	
0.097366	0.092820	1.022574	
0.000000	0.000000	1.068544	
0.000000	0.000000	1.058722	
0.079512	0.077835	1.013126	
0.036135	0.036202	1.016261	
0.230789	0.231548	0.956666	
0.258469	0.258225	0.950408	
0.116629	0.116554	0.989103	
0.041184	0.042139	1.028990	
0.000000	0.000000	1.068544	
0.000000	0.000000	1.043861	
0.079512	0.077835	1.013126	
0.162470	0.166935	0.990542	
0.230789	0.231548	0.956666	
0.162470	0.166935	0.990542	
0.017940	0.018888	1.033537	
0.000000	0.000000	1.102052	
0.000000	0.000000	1.035201	
0.025117	0.025176	1.015336	
0.051059	0.051660	1.011981	
0.041042	0.041878	1.015629	
0.000000	0.000000	1.018526	
0.000000	0.000000	1.038822	
0.000000	0.000000	1.032133	
0.000000	0.000000	1.018136	
0.025117	0.025176	1.015336	
0.041042	0.041878	1.015629	
0.000000	0.000000	1.037142	
0.000000	0.000000	1.032133	
0.043355	0.044038	1.011400	
0.000000	0.000000	1.018136	
0.000000	0.000000	1.038822	
0.000000	0.000000	1.043861	
0.043355	0.044038	1.011400	
0.000000	0.000000	1.037142	
0.000000	0.000000	1.093936	
0.000000	0.000000	1.093936	
0.000000	0.000000	1.103425	
0.000000	0.000000	0.000000	
0.000000	0.000000	0.000000	
0.000000	0.000000	0.000000	
0.000000	0.000000	0.000000	
0.000000	0.000000	0.000000	
0.000000	0.000000	0.000000	
0.000000	0.000000	0.000000	
0.000000	0.000000	0.000000	
0.000000	0.000000	0.000000	
0.000000	0.000000	0.000000	
