0.583522	0.578898	0.578434	
0.709113	0.707369	0.000000	
0.709113	0.707369	0.000000	
0.709399	0.707382	0.000000	
0.709368	0.707378	0.000000	
0.709368	0.707378	0.000000	
0.709024	0.707361	0.000000	
0.709427	0.707450	0.000000	
0.709024	0.707361	0.000000	
0.707231	0.708140	0.000000	
0.707231	0.708140	0.000000	
0.707245	0.708259	0.000000	
0.707259	0.708379	0.000000	
0.707245	0.708259	0.000000	
0.707457	0.710028	0.000000	
0.707434	0.709840	0.000000	
0.707434	0.709840	0.000000	
0.707457	0.710028	0.000000	
0.579082	0.581083	0.577934	
0.000000	0.000000	1.000313	
0.581566	0.578391	0.578145	
0.675507	0.668741	0.330782	
0.700381	0.690031	0.229697	
0.708471	0.698539	0.170740	
0.709552	0.701758	0.135223	
0.711672	0.703870	0.113417	
0.707642	0.704503	0.092746	
0.707419	0.705476	0.073293	
0.705437	0.710545	0.085450	
0.704224	0.708943	0.100136	
0.702788	0.705244	0.114894	
0.700746	0.703636	0.138243	
0.697270	0.701800	0.172013	
0.688908	0.690054	0.226607	
0.668508	0.675484	0.331917	
0.578770	0.580157	0.577316	
0.000000	0.000000	1.000313	
0.000000	0.000000	1.000775	
0.409396	0.408907	0.821347	
0.583050	0.578842	0.578170	
0.643774	0.640589	0.426080	
0.671074	0.668373	0.328773	
0.691759	0.683012	0.267145	
0.690746	0.689059	0.229932	
0.695261	0.693823	0.198109	
0.699010	0.699091	0.162997	
0.693717	0.695026	0.195992	
0.689165	0.691632	0.226412	
0.682770	0.690006	0.267078	
0.669508	0.679587	0.330484	
0.642689	0.645821	0.419625	
0.578770	0.580157	0.577316	
0.409022	0.410997	0.820166	
0.000000	0.000000	1.000362	
0.000000	0.000000	1.000775	
0.298082	0.299114	0.908897	
0.482920	0.482377	0.731801	
0.581566	0.578391	0.578145	
0.632105	0.626250	0.469265	
0.654811	0.651461	0.391644	
0.676213	0.668604	0.332066	
0.679985	0.677287	0.289801	
0.676965	0.677698	0.289533	
0.669508	0.679587	0.330484	
0.652694	0.660846	0.391494	
0.626609	0.626483	0.468012	
0.578487	0.579505	0.576983	
0.482920	0.482377	0.731801	
0.302403	0.303853	0.907560	
0.000000	0.000000	1.000362	
0.000000	0.000000	1.001281	
0.235220	0.235525	0.943849	
0.407364	0.407455	0.820337	
0.519764	0.517390	0.684111	
0.579989	0.579966	0.573616	
0.615625	0.616201	0.493357	
0.641147	0.641643	0.426940	
0.657397	0.657294	0.370913	
0.640556	0.642973	0.426092	
0.616884	0.617315	0.491687	
0.578487	0.579505	0.576983	
0.515943	0.518681	0.688128	
0.409022	0.410997	0.820166	
0.235220	0.235525	0.943849	
0.000000	0.000000	1.000549	
0.000000	0.000000	1.000846	
0.190431	0.190257	0.964391	
0.348467	0.348165	0.870894	
0.461397	0.459346	0.762764	
0.533046	0.531723	0.660885	
0.578108	0.577666	0.579608	
0.609744	0.609887	0.508389	
0.609744	0.609887	0.508389	
0.578298	0.580601	0.577540	
0.531565	0.536452	0.664388	
0.459779	0.462455	0.764548	
0.348186	0.349371	0.872378	
0.188754	0.188960	0.964868	
0.000000	0.000000	1.000549	
0.000000	0.000000	1.000846	
0.160660	0.160283	0.975530	
0.299816	0.300346	0.908234	
0.410207	0.410122	0.819501	
0.486249	0.484878	0.730438	
0.539240	0.538948	0.648236	
0.578108	0.577666	0.579608	
0.539731	0.541086	0.647392	
0.486721	0.490548	0.730005	
0.407165	0.408535	0.820375	
0.302403	0.303853	0.907560	
0.160660	0.160283	0.975530	
0.000000	0.000000	1.000924	
0.000000	0.000000	1.000408	
0.139492	0.139377	0.981546	
0.261598	0.261595	0.929993	
0.368485	0.367682	0.857321	
0.446733	0.444896	0.779592	
0.504709	0.504877	0.703766	
0.504335	0.507332	0.704163	
0.445352	0.447308	0.779218	
0.367406	0.368386	0.855981	
0.264464	0.265089	0.928931	
0.139147	0.138878	0.981916	
0.000000	0.000000	1.000924	
0.000000	0.000000	1.000408	
0.121150	0.121107	0.986793	
0.234726	0.234723	0.943975	
0.331058	0.331539	0.884496	
0.410001	0.409578	0.817503	
0.466800	0.468228	0.752834	
0.408573	0.410537	0.819201	
0.331606	0.331978	0.885216	
0.233706	0.233946	0.945344	
0.119723	0.119846	0.987091	
0.000000	0.000000	1.000532	
0.000000	0.000000	1.001370	
0.109540	0.109403	0.989140	
0.211469	0.211919	0.955553	
0.301584	0.301476	0.905636	
0.378059	0.376659	0.848759	
0.374212	0.374417	0.848899	
0.301172	0.302378	0.907178	
0.211549	0.211736	0.955320	
0.104111	0.104077	0.989921	
0.000000	0.000000	1.000104	
0.000000	0.000000	1.000987	
0.094790	0.094695	0.992386	
0.190160	0.190184	0.963277	
0.275152	0.274651	0.922596	
0.348286	0.348592	0.870804	
0.277326	0.276234	0.922945	
0.189245	0.189238	0.964112	
0.093455	0.093532	0.991908	
0.000000	0.000000	1.000602	
0.000000	0.000000	1.000799	
0.088269	0.088196	0.992733	
0.174767	0.175017	0.970030	
0.254799	0.254473	0.934630	
0.254799	0.254473	0.934630	
0.174830	0.174686	0.970284	
0.085537	0.085515	0.992999	
0.000000	0.000000	1.000104	
0.000000	0.000000	1.000799	
0.078941	0.078907	0.994572	
0.161923	0.161720	0.974310	
0.232841	0.232400	0.945998	
0.154626	0.154500	0.976348	
0.079120	0.079109	0.993811	
0.000000	0.000000	1.000383	
0.000000	0.000000	1.000822	
0.074313	0.074255	0.994982	
0.147837	0.147695	0.978571	
0.147837	0.147695	0.978571	
0.074313	0.074255	0.994982	
0.000000	0.000000	1.000383	
0.000000	0.000000	1.000284	
0.067888	0.067860	0.995718	
0.140027	0.139831	0.981134	
0.067888	0.067860	0.995718	
0.000000	0.000000	1.000839	
0.000000	0.000000	1.000710	
0.062633	0.062597	0.996581	
0.062633	0.062597	0.996581	
0.000000	0.000000	1.000472	
0.000000	0.000000	1.000284	
0.061586	0.061524	0.997196	
0.000000	0.000000	1.000710	
0.000000	0.000000	1.000399	
0.000000	0.000000	1.000399	
0.000000	0.000000	1.001115	
0.000000	0.000000	0.000000	
0.000000	0.000000	0.000000	
0.000000	0.000000	0.000000	
0.000000	0.000000	0.000000	
0.000000	0.000000	0.000000	
0.000000	0.000000	0.000000	
0.000000	0.000000	0.000000	
0.000000	0.000000	0.000000	
0.000000	0.000000	0.000000	
0.000000	0.000000	0.000000	
